"../../../../../../DOCUMENTS/GitHub/BetaArcade/MasterBuild/Content/Other/Geometry/Meshes/CubeMaterial.uasset" 0
"../../../../../../DOCUMENTS/GitHub/BetaArcade/MasterBuild/Content/Other/Geometry/Meshes/1M_Cube.uasset" 1
"../../../../../../DOCUMENTS/GitHub/BetaArcade/MasterBuild/Content/Other/Geometry/Meshes/1M_Cube_Chamfer.uasset" 2
"../../../../../../DOCUMENTS/GitHub/BetaArcade/MasterBuild/Content/Other/Geometry/Meshes/TemplateFloor.uasset" 3
"../../../../../../DOCUMENTS/GitHub/BetaArcade/MasterBuild/Content/Other/Mannequin/Character/Mesh/UE4_Mannequin_Skeleton.uasset" 4
"../../../../../../DOCUMENTS/GitHub/BetaArcade/MasterBuild/Content/Other/Mannequin/Animations/ThirdPersonJump_End.uasset" 5
"../../../../../../DOCUMENTS/GitHub/BetaArcade/MasterBuild/Content/Other/StarterContent/Materials/M_Basic_Floor.uasset" 6
"../../../../../../DOCUMENTS/GitHub/BetaArcade/MasterBuild/Content/Other/StarterContent/Architecture/Floor_400x400.uasset" 7
"../../../../../../DOCUMENTS/GitHub/BetaArcade/MasterBuild/Content/Other/StarterContent/Materials/M_Basic_Wall.uasset" 8
"../../../../../../DOCUMENTS/GitHub/BetaArcade/MasterBuild/Content/Other/StarterContent/Architecture/Pillar_50x500.uasset" 9
"../../../../../../DOCUMENTS/GitHub/BetaArcade/MasterBuild/Content/Other/StarterContent/Materials/M_AssetPlatform.uasset" 10
"../../../../../../DOCUMENTS/GitHub/BetaArcade/MasterBuild/Content/Other/StarterContent/Architecture/SM_AssetPlatform.uasset" 11
"../../../../../../DOCUMENTS/GitHub/BetaArcade/MasterBuild/Content/Other/StarterContent/Architecture/Wall_400x200.uasset" 12
"../../../../../../DOCUMENTS/GitHub/BetaArcade/MasterBuild/Content/Other/StarterContent/Architecture/Wall_400x300.uasset" 13
"../../../../../../DOCUMENTS/GitHub/BetaArcade/MasterBuild/Content/Other/StarterContent/Architecture/Wall_400x400.uasset" 14
"../../../../../../DOCUMENTS/GitHub/BetaArcade/MasterBuild/Content/Other/StarterContent/Architecture/Wall_500x500.uasset" 15
"../../../../../../DOCUMENTS/GitHub/BetaArcade/MasterBuild/Content/Other/StarterContent/Architecture/Wall_Door_400x300.uasset" 16
"../../../../../../DOCUMENTS/GitHub/BetaArcade/MasterBuild/Content/Other/StarterContent/Architecture/Wall_Door_400x400.uasset" 17
"../../../../../../DOCUMENTS/GitHub/BetaArcade/MasterBuild/Content/Other/StarterContent/Architecture/Wall_Window_400x300.uasset" 18
"../../../../../../DOCUMENTS/GitHub/BetaArcade/MasterBuild/Content/Other/StarterContent/Architecture/Wall_Window_400x400.uasset" 19
"../../../../../../DOCUMENTS/GitHub/BetaArcade/MasterBuild/Content/Other/StarterContent/Audio/Collapse01.uasset" 20
"../../../../../../DOCUMENTS/GitHub/BetaArcade/MasterBuild/Content/Other/StarterContent/Audio/Collapse02.uasset" 21
"../../../../../../DOCUMENTS/GitHub/BetaArcade/MasterBuild/Content/Other/StarterContent/Audio/Collapse_Cue.uasset" 22
"../../../../../../DOCUMENTS/GitHub/BetaArcade/MasterBuild/Content/Other/StarterContent/Audio/Light01.uasset" 23
"../../../../../../DOCUMENTS/GitHub/BetaArcade/MasterBuild/Content/Other/StarterContent/Audio/Light01_Cue.uasset" 24
"../../../../../../DOCUMENTS/GitHub/BetaArcade/MasterBuild/Content/Other/StarterContent/Audio/Light02.uasset" 25
"../../../../../../DOCUMENTS/GitHub/BetaArcade/MasterBuild/Content/Other/StarterContent/Audio/Light02_Cue.uasset" 26
"../../../../../../DOCUMENTS/GitHub/BetaArcade/MasterBuild/Content/Other/StarterContent/Audio/Starter_Birds01.uasset" 27
"../../../../../../DOCUMENTS/GitHub/BetaArcade/MasterBuild/Content/Other/StarterContent/Audio/Starter_Wind05.uasset" 28
"../../../../../../DOCUMENTS/GitHub/BetaArcade/MasterBuild/Content/Other/StarterContent/Audio/Starter_Wind06.uasset" 29
"../../../../../../DOCUMENTS/GitHub/BetaArcade/MasterBuild/Content/Other/StarterContent/Audio/Starter_Background_Cue.uasset" 30
"../../../../../../DOCUMENTS/GitHub/BetaArcade/MasterBuild/Content/Other/StarterContent/Audio/Starter_Music01.uasset" 31
"../../../../../../DOCUMENTS/GitHub/BetaArcade/MasterBuild/Content/Other/StarterContent/Audio/Starter_Music_Cue.uasset" 32
"../../../../../../DOCUMENTS/GitHub/BetaArcade/MasterBuild/Content/Other/StarterContent/Textures/T_Lamp_M.uasset" 33
"../../../../../../DOCUMENTS/GitHub/BetaArcade/MasterBuild/Content/Other/StarterContent/Textures/T_Lamp_N.uasset" 34
"../../../../../../DOCUMENTS/GitHub/BetaArcade/MasterBuild/Content/Other/StarterContent/Props/Materials/M_Lamp.uasset" 35
"../../../../../../DOCUMENTS/GitHub/BetaArcade/MasterBuild/Content/Other/StarterContent/Props/SM_Lamp_Ceiling.uasset" 36
"../../../../../../DOCUMENTS/GitHub/BetaArcade/MasterBuild/Content/Other/StarterContent/Blueprints/Blueprint_CeilingLight.uasset" 37
"../../../../../../DOCUMENTS/GitHub/BetaArcade/MasterBuild/Content/Other/StarterContent/Audio/Explosion01.uasset" 38
"../../../../../../DOCUMENTS/GitHub/BetaArcade/MasterBuild/Content/Other/StarterContent/Audio/Explosion02.uasset" 39
"../../../../../../DOCUMENTS/GitHub/BetaArcade/MasterBuild/Content/Other/StarterContent/Audio/Explosion_Cue.uasset" 40
"../../../../../../DOCUMENTS/GitHub/BetaArcade/MasterBuild/Content/Other/StarterContent/Textures/T_Burst_M.uasset" 41
"../../../../../../DOCUMENTS/GitHub/BetaArcade/MasterBuild/Content/Other/StarterContent/Particles/Materials/M_Burst.uasset" 42
"../../../../../../DOCUMENTS/GitHub/BetaArcade/MasterBuild/Content/Other/StarterContent/Textures/T_Explosion_SubUV.uasset" 43
"../../../../../../DOCUMENTS/GitHub/BetaArcade/MasterBuild/Content/Other/StarterContent/Particles/Materials/M_explosion_subUV.uasset" 44
"../../../../../../DOCUMENTS/GitHub/BetaArcade/MasterBuild/Content/Other/StarterContent/Particles/Materials/m_flare_01.uasset" 45
"../../../Engine/Content/Functions/Engine_MaterialFunctions01/Gradient/RadialGradient.uasset" 46
"../../../../../../DOCUMENTS/GitHub/BetaArcade/MasterBuild/Content/Other/StarterContent/Particles/Materials/M_radial_ramp.uasset" 47
"../../../../../../DOCUMENTS/GitHub/BetaArcade/MasterBuild/Content/Other/StarterContent/Textures/T_Smoke_SubUV.uasset" 48
"../../../../../../DOCUMENTS/GitHub/BetaArcade/MasterBuild/Content/Other/StarterContent/Textures/T_Smoke_Tiled_D.uasset" 49
"../../../../../../DOCUMENTS/GitHub/BetaArcade/MasterBuild/Content/Other/StarterContent/Particles/Materials/M_smoke_subUV.uasset" 50
"../../../../../../DOCUMENTS/GitHub/BetaArcade/MasterBuild/Content/Other/StarterContent/Particles/P_Explosion.uasset" 51
"../../../../../../DOCUMENTS/GitHub/BetaArcade/MasterBuild/Content/Other/StarterContent/Blueprints/Blueprint_Effect_Explosion.uasset" 52
"../../../../../../DOCUMENTS/GitHub/BetaArcade/MasterBuild/Content/Other/StarterContent/Audio/Fire01.uasset" 53
"../../../../../../DOCUMENTS/GitHub/BetaArcade/MasterBuild/Content/Other/StarterContent/Audio/Fire01_Cue.uasset" 54
"../../../../../../DOCUMENTS/GitHub/BetaArcade/MasterBuild/Content/Other/StarterContent/Textures/T_Fire_SubUV.uasset" 55
"../../../../../../DOCUMENTS/GitHub/BetaArcade/MasterBuild/Content/Other/StarterContent/Textures/T_Fire_Tiled_D.uasset" 56
"../../../../../../DOCUMENTS/GitHub/BetaArcade/MasterBuild/Content/Other/StarterContent/Particles/Materials/M_Fire_SubUV.uasset" 57
"../../../../../../DOCUMENTS/GitHub/BetaArcade/MasterBuild/Content/Other/StarterContent/Textures/T_Water_N.uasset" 58
"../../../../../../DOCUMENTS/GitHub/BetaArcade/MasterBuild/Content/Other/StarterContent/Particles/Materials/M_Heat_Distortion.uasset" 59
"../../../../../../DOCUMENTS/GitHub/BetaArcade/MasterBuild/Content/Other/StarterContent/Particles/Materials/M_Radial_Gradient.uasset" 60
"../../../../../../DOCUMENTS/GitHub/BetaArcade/MasterBuild/Content/Other/StarterContent/Particles/P_Fire.uasset" 61
"../../../../../../DOCUMENTS/GitHub/BetaArcade/MasterBuild/Content/Other/StarterContent/Blueprints/Blueprint_Effect_Fire.uasset" 62
"../../../../../../DOCUMENTS/GitHub/BetaArcade/MasterBuild/Content/Other/StarterContent/Audio/Smoke01.uasset" 63
"../../../../../../DOCUMENTS/GitHub/BetaArcade/MasterBuild/Content/Other/StarterContent/Audio/Smoke01_Cue.uasset" 64
"../../../../../../DOCUMENTS/GitHub/BetaArcade/MasterBuild/Content/Other/StarterContent/Particles/P_Smoke.uasset" 65
"../../../../../../DOCUMENTS/GitHub/BetaArcade/MasterBuild/Content/Other/StarterContent/Blueprints/Blueprint_Effect_Smoke.uasset" 66
"../../../../../../DOCUMENTS/GitHub/BetaArcade/MasterBuild/Content/Other/StarterContent/Audio/Fire_Sparks01.uasset" 67
"../../../../../../DOCUMENTS/GitHub/BetaArcade/MasterBuild/Content/Other/StarterContent/Audio/Fire_Sparks01_Cue.uasset" 68
"../../../../../../DOCUMENTS/GitHub/BetaArcade/MasterBuild/Content/Other/StarterContent/Textures/T_Spark_Core.uasset" 69
"../../../../../../DOCUMENTS/GitHub/BetaArcade/MasterBuild/Content/Other/StarterContent/Particles/Materials/M_Spark.uasset" 70
"../../../../../../DOCUMENTS/GitHub/BetaArcade/MasterBuild/Content/Other/StarterContent/Particles/P_Sparks.uasset" 71
"../../../../../../DOCUMENTS/GitHub/BetaArcade/MasterBuild/Content/Other/StarterContent/Blueprints/Blueprint_Effect_Sparks.uasset" 72
"../../../../../../DOCUMENTS/GitHub/BetaArcade/MasterBuild/Content/Other/StarterContent/Audio/Steam01.uasset" 73
"../../../../../../DOCUMENTS/GitHub/BetaArcade/MasterBuild/Content/Other/StarterContent/Audio/Steam01_Cue.uasset" 74
"../../../../../../DOCUMENTS/GitHub/BetaArcade/MasterBuild/Content/Other/StarterContent/Particles/P_Steam_Lit.uasset" 75
"../../../../../../DOCUMENTS/GitHub/BetaArcade/MasterBuild/Content/Other/StarterContent/Blueprints/Blueprint_Effect_Steam.uasset" 76
"../../../../../../DOCUMENTS/GitHub/BetaArcade/MasterBuild/Content/Other/StarterContent/Props/SM_Lamp_Wall.uasset" 77
"../../../../../../DOCUMENTS/GitHub/BetaArcade/MasterBuild/Content/Other/StarterContent/Blueprints/Blueprint_WallSconce.uasset" 78
"../../../../../../DOCUMENTS/GitHub/BetaArcade/MasterBuild/Content/Other/StarterContent/Blueprints/Assets/FogBrightnessLUT.uasset" 79
"../../../../../../DOCUMENTS/GitHub/BetaArcade/MasterBuild/Content/Other/StarterContent/Blueprints/Assets/SunlightColorLUT.uasset" 80
"../../../../../../DOCUMENTS/GitHub/BetaArcade/MasterBuild/Content/Other/StarterContent/Blueprints/Assets/M_LightStage_Arrows.uasset" 81
"../../../Engine/Content/MapTemplates/Sky/DaylightAmbientCubemap.uasset" 82
"../../../../../../DOCUMENTS/GitHub/BetaArcade/MasterBuild/Content/Other/StarterContent/Blueprints/Assets/M_LightStage_Skybox_Master.uasset" 83
"../../../../../../DOCUMENTS/GitHub/BetaArcade/MasterBuild/Content/Other/StarterContent/Blueprints/Assets/M_LightStage_Skybox_Black.uasset" 84
"../../../../../../DOCUMENTS/GitHub/BetaArcade/MasterBuild/Content/Other/StarterContent/Blueprints/Assets/M_LightStage_Skybox_HDRI.uasset" 85
"../../../Engine/Content/EditorMaterials/Thumbnails/SkySphereMaterial.uasset" 86
"../../../../../../DOCUMENTS/GitHub/BetaArcade/MasterBuild/Content/Other/StarterContent/Blueprints/Assets/Skybox.uasset" 87
"../../../Engine/Content/Functions/Engine_MaterialFunctions01/Opacity/CameraDepthFade.uasset" 88
"../../../Engine/Content/EngineMaterials/T_Default_Material_Grid_M.uasset" 89
"../../../Engine/Content/EngineMaterials/T_Default_Material_Grid_N.uasset" 90
"../../../Engine/Content/EngineMaterials/WorldGridMaterial.uasset" 91
"../../../../../../DOCUMENTS/GitHub/BetaArcade/MasterBuild/Content/Other/StarterContent/Blueprints/Assets/SM_Arrows.uasset" 92
"../../../../../../DOCUMENTS/GitHub/BetaArcade/MasterBuild/Content/Other/StarterContent/HDRI/HDRI_Epic_Courtyard_Daylight.uasset" 93
"../../../../../../DOCUMENTS/GitHub/BetaArcade/MasterBuild/Content/Other/StarterContent/Blueprints/BP_LightStudio.uasset" 94
"../../../../../../DOCUMENTS/GitHub/BetaArcade/MasterBuild/Content/Other/StarterContent/Textures/T_Brick_Clay_Beveled_D.uasset" 95
"../../../../../../DOCUMENTS/GitHub/BetaArcade/MasterBuild/Content/Other/StarterContent/Textures/T_Brick_Clay_Beveled_M.uasset" 96
"../../../../../../DOCUMENTS/GitHub/BetaArcade/MasterBuild/Content/Other/StarterContent/Textures/T_Brick_Clay_Beveled_N.uasset" 97
"../../../../../../DOCUMENTS/GitHub/BetaArcade/MasterBuild/Content/Other/StarterContent/Textures/T_MacroVariation.uasset" 98
"../../../../../../DOCUMENTS/GitHub/BetaArcade/MasterBuild/Content/Other/StarterContent/Materials/M_Brick_Clay_Beveled.uasset" 99
"../../../../../../DOCUMENTS/GitHub/BetaArcade/MasterBuild/Content/Other/StarterContent/Textures/T_Brick_Clay_New_D.uasset" 100
"../../../../../../DOCUMENTS/GitHub/BetaArcade/MasterBuild/Content/Other/StarterContent/Textures/T_Brick_Clay_New_M.uasset" 101
"../../../../../../DOCUMENTS/GitHub/BetaArcade/MasterBuild/Content/Other/StarterContent/Textures/T_Brick_Clay_New_N.uasset" 102
"../../../../../../DOCUMENTS/GitHub/BetaArcade/MasterBuild/Content/Other/StarterContent/Textures/T_Detail_Rocky_N.uasset" 103
"../../../../../../DOCUMENTS/GitHub/BetaArcade/MasterBuild/Content/Other/StarterContent/Materials/M_Brick_Clay_New.uasset" 104
"../../../../../../DOCUMENTS/GitHub/BetaArcade/MasterBuild/Content/Other/StarterContent/Textures/T_Brick_Clay_Old_D.uasset" 105
"../../../../../../DOCUMENTS/GitHub/BetaArcade/MasterBuild/Content/Other/StarterContent/Textures/T_Brick_Clay_Old_N.uasset" 106
"../../../../../../DOCUMENTS/GitHub/BetaArcade/MasterBuild/Content/Other/StarterContent/Textures/T_Perlin_Noise_M.uasset" 107
"../../../../../../DOCUMENTS/GitHub/BetaArcade/MasterBuild/Content/Other/StarterContent/Materials/M_Brick_Clay_Old.uasset" 108
"../../../../../../DOCUMENTS/GitHub/BetaArcade/MasterBuild/Content/Other/StarterContent/Textures/T_Brick_Cut_Stone_D.uasset" 109
"../../../../../../DOCUMENTS/GitHub/BetaArcade/MasterBuild/Content/Other/StarterContent/Textures/T_Brick_Cut_Stone_N.uasset" 110
"../../../../../../DOCUMENTS/GitHub/BetaArcade/MasterBuild/Content/Other/StarterContent/Materials/M_Brick_Cut_Stone.uasset" 111
"../../../../../../DOCUMENTS/GitHub/BetaArcade/MasterBuild/Content/Other/StarterContent/Textures/T_Brick_Hewn_Stone_D.uasset" 112
"../../../../../../DOCUMENTS/GitHub/BetaArcade/MasterBuild/Content/Other/StarterContent/Textures/T_Brick_Hewn_Stone_M.uasset" 113
"../../../../../../DOCUMENTS/GitHub/BetaArcade/MasterBuild/Content/Other/StarterContent/Textures/T_Brick_Hewn_Stone_N.uasset" 114
"../../../../../../DOCUMENTS/GitHub/BetaArcade/MasterBuild/Content/Other/StarterContent/Materials/M_Brick_Hewn_Stone.uasset" 115
"../../../../../../DOCUMENTS/GitHub/BetaArcade/MasterBuild/Content/Other/StarterContent/Textures/T_Ceramic_Tile_M.uasset" 116
"../../../../../../DOCUMENTS/GitHub/BetaArcade/MasterBuild/Content/Other/StarterContent/Textures/T_Ceramic_Tile_N.uasset" 117
"../../../../../../DOCUMENTS/GitHub/BetaArcade/MasterBuild/Content/Other/StarterContent/Textures/T_Rock_Marble_Polished_D.uasset" 118
"../../../../../../DOCUMENTS/GitHub/BetaArcade/MasterBuild/Content/Other/StarterContent/Materials/M_Ceramic_Tile_Checker.uasset" 119
"../../../../../../DOCUMENTS/GitHub/BetaArcade/MasterBuild/Content/Other/StarterContent/Textures/T_CobbleStone_Pebble_D.uasset" 120
"../../../../../../DOCUMENTS/GitHub/BetaArcade/MasterBuild/Content/Other/StarterContent/Textures/T_CobbleStone_Pebble_M.uasset" 121
"../../../../../../DOCUMENTS/GitHub/BetaArcade/MasterBuild/Content/Other/StarterContent/Textures/T_CobbleStone_Pebble_N.uasset" 122
"../../../../../../DOCUMENTS/GitHub/BetaArcade/MasterBuild/Content/Other/StarterContent/Materials/M_CobbleStone_Pebble.uasset" 123
"../../../../../../DOCUMENTS/GitHub/BetaArcade/MasterBuild/Content/Other/StarterContent/Textures/T_CobbleStone_Rough_D.uasset" 124
"../../../../../../DOCUMENTS/GitHub/BetaArcade/MasterBuild/Content/Other/StarterContent/Textures/T_CobbleStone_Rough_N.uasset" 125
"../../../../../../DOCUMENTS/GitHub/BetaArcade/MasterBuild/Content/Other/StarterContent/Textures/T_Gradinet_01.uasset" 126
"../../../../../../DOCUMENTS/GitHub/BetaArcade/MasterBuild/Content/Other/StarterContent/Textures/T_Rock_Smooth_Granite_D.uasset" 127
"../../../../../../DOCUMENTS/GitHub/BetaArcade/MasterBuild/Content/Other/StarterContent/Materials/M_CobbleStone_Rough.uasset" 128
"../../../../../../DOCUMENTS/GitHub/BetaArcade/MasterBuild/Content/Other/StarterContent/Textures/T_CobbleStone_Smooth_D.uasset" 129
"../../../../../../DOCUMENTS/GitHub/BetaArcade/MasterBuild/Content/Other/StarterContent/Textures/T_CobbleStone_Smooth_M.uasset" 130
"../../../../../../DOCUMENTS/GitHub/BetaArcade/MasterBuild/Content/Other/StarterContent/Textures/T_CobbleStone_Smooth_N.uasset" 131
"../../../../../../DOCUMENTS/GitHub/BetaArcade/MasterBuild/Content/Other/StarterContent/Materials/M_CobbleStone_Smooth.uasset" 132
"../../../Engine/Content/EditorMeshes/ColorCalibrator/T_ColorGrid.uasset" 133
"../../../../../../DOCUMENTS/GitHub/BetaArcade/MasterBuild/Content/Other/StarterContent/Materials/M_ColorGrid_LowSpec.uasset" 134
"../../../../../../DOCUMENTS/GitHub/BetaArcade/MasterBuild/Content/Other/StarterContent/Textures/T_Concrete_Grime_D.uasset" 135
"../../../../../../DOCUMENTS/GitHub/BetaArcade/MasterBuild/Content/Other/StarterContent/Textures/T_Metal_Rust_N.uasset" 136
"../../../../../../DOCUMENTS/GitHub/BetaArcade/MasterBuild/Content/Other/StarterContent/Materials/M_Concrete_Grime.uasset" 137
"../../../../../../DOCUMENTS/GitHub/BetaArcade/MasterBuild/Content/Other/StarterContent/Textures/T_Concrete_Panels_D.uasset" 138
"../../../../../../DOCUMENTS/GitHub/BetaArcade/MasterBuild/Content/Other/StarterContent/Textures/T_Concrete_Panels_N.uasset" 139
"../../../../../../DOCUMENTS/GitHub/BetaArcade/MasterBuild/Content/Other/StarterContent/Materials/M_Concrete_Panels.uasset" 140
"../../../../../../DOCUMENTS/GitHub/BetaArcade/MasterBuild/Content/Other/StarterContent/Textures/T_Concrete_Poured_D.uasset" 141
"../../../../../../DOCUMENTS/GitHub/BetaArcade/MasterBuild/Content/Other/StarterContent/Textures/T_Concrete_Poured_N.uasset" 142
"../../../../../../DOCUMENTS/GitHub/BetaArcade/MasterBuild/Content/Other/StarterContent/Materials/M_Concrete_Poured.uasset" 143
"../../../../../../DOCUMENTS/GitHub/BetaArcade/MasterBuild/Content/Other/StarterContent/Textures/T_Concrete_Tiles_D.uasset" 144
"../../../../../../DOCUMENTS/GitHub/BetaArcade/MasterBuild/Content/Other/StarterContent/Textures/T_Concrete_Tiles_M.uasset" 145
"../../../../../../DOCUMENTS/GitHub/BetaArcade/MasterBuild/Content/Other/StarterContent/Textures/T_Concrete_Tiles_N.uasset" 146
"../../../../../../DOCUMENTS/GitHub/BetaArcade/MasterBuild/Content/Other/StarterContent/Textures/T_Concrete_Tiles_Variation_M.uasset" 147
"../../../../../../DOCUMENTS/GitHub/BetaArcade/MasterBuild/Content/Other/StarterContent/Materials/M_Concrete_Tiles.uasset" 148
"../../../../../../DOCUMENTS/GitHub/BetaArcade/MasterBuild/Content/Other/StarterContent/Textures/T_Ground_Gravel_D.uasset" 149
"../../../../../../DOCUMENTS/GitHub/BetaArcade/MasterBuild/Content/Other/StarterContent/Textures/T_Ground_Gravel_N.uasset" 150
"../../../../../../DOCUMENTS/GitHub/BetaArcade/MasterBuild/Content/Other/StarterContent/Materials/M_Ground_Gravel.uasset" 151
"../../../../../../DOCUMENTS/GitHub/BetaArcade/MasterBuild/Content/Other/StarterContent/Textures/T_ground_Moss_D.uasset" 152
"../../../../../../DOCUMENTS/GitHub/BetaArcade/MasterBuild/Content/Other/StarterContent/Textures/T_Ground_Moss_N.uasset" 153
"../../../../../../DOCUMENTS/GitHub/BetaArcade/MasterBuild/Content/Other/StarterContent/Materials/M_Ground_Moss.uasset" 154
"../../../../../../DOCUMENTS/GitHub/BetaArcade/MasterBuild/Content/Other/StarterContent/Materials/M_Metal_Brushed_Nickel.uasset" 155
"../../../../../../DOCUMENTS/GitHub/BetaArcade/MasterBuild/Content/Other/StarterContent/Textures/T_Metal_Aluminum_D.uasset" 156
"../../../../../../DOCUMENTS/GitHub/BetaArcade/MasterBuild/Content/Other/StarterContent/Textures/T_Metal_Gold_N.uasset" 157
"../../../../../../DOCUMENTS/GitHub/BetaArcade/MasterBuild/Content/Other/StarterContent/Materials/M_Metal_Burnished_Steel.uasset" 158
"../../../../../../DOCUMENTS/GitHub/BetaArcade/MasterBuild/Content/Other/StarterContent/Materials/M_Metal_Chrome.uasset" 159
"../../../../../../DOCUMENTS/GitHub/BetaArcade/MasterBuild/Content/Other/StarterContent/Textures/T_Metal_Copper_D.uasset" 160
"../../../../../../DOCUMENTS/GitHub/BetaArcade/MasterBuild/Content/Other/StarterContent/Materials/M_Metal_Copper.uasset" 161
"../../../../../../DOCUMENTS/GitHub/BetaArcade/MasterBuild/Content/Other/StarterContent/Textures/T_Metal_Gold_D.uasset" 162
"../../../../../../DOCUMENTS/GitHub/BetaArcade/MasterBuild/Content/Other/StarterContent/Materials/M_Metal_Gold.uasset" 163
"../../../Engine/Content/Functions/Engine_MaterialFunctions02/Utility/BlendAngleCorrectedNormals.uasset" 164
"../../../../../../DOCUMENTS/GitHub/BetaArcade/MasterBuild/Content/Other/StarterContent/Textures/T_Metal_Rust_D.uasset" 165
"../../../../../../DOCUMENTS/GitHub/BetaArcade/MasterBuild/Content/Other/StarterContent/Materials/M_Metal_Rust.uasset" 166
"../../../../../../DOCUMENTS/GitHub/BetaArcade/MasterBuild/Content/Other/StarterContent/Textures/T_Metal_Steel_D.uasset" 167
"../../../../../../DOCUMENTS/GitHub/BetaArcade/MasterBuild/Content/Other/StarterContent/Textures/T_Metal_Steel_N.uasset" 168
"../../../../../../DOCUMENTS/GitHub/BetaArcade/MasterBuild/Content/Other/StarterContent/Materials/M_Metal_Steel.uasset" 169
"../../../../../../DOCUMENTS/GitHub/BetaArcade/MasterBuild/Content/Other/StarterContent/Textures/T_Rock_Basalt_D.uasset" 170
"../../../../../../DOCUMENTS/GitHub/BetaArcade/MasterBuild/Content/Other/StarterContent/Textures/T_Rock_Basalt_N.uasset" 171
"../../../../../../DOCUMENTS/GitHub/BetaArcade/MasterBuild/Content/Other/StarterContent/Materials/M_Rock_Basalt.uasset" 172
"../../../../../../DOCUMENTS/GitHub/BetaArcade/MasterBuild/Content/Other/StarterContent/Materials/M_Rock_Marble_Polished.uasset" 173
"../../../../../../DOCUMENTS/GitHub/BetaArcade/MasterBuild/Content/Other/StarterContent/Textures/T_Rock_Sandstone_D.uasset" 174
"../../../../../../DOCUMENTS/GitHub/BetaArcade/MasterBuild/Content/Other/StarterContent/Textures/T_Rock_Sandstone_N.uasset" 175
"../../../../../../DOCUMENTS/GitHub/BetaArcade/MasterBuild/Content/Other/StarterContent/Materials/M_Rock_Sandstone.uasset" 176
"../../../../../../DOCUMENTS/GitHub/BetaArcade/MasterBuild/Content/Other/StarterContent/Textures/T_Rock_Slate_D.uasset" 177
"../../../../../../DOCUMENTS/GitHub/BetaArcade/MasterBuild/Content/Other/StarterContent/Textures/T_Rock_Slate_N.uasset" 178
"../../../../../../DOCUMENTS/GitHub/BetaArcade/MasterBuild/Content/Other/StarterContent/Materials/M_Rock_Slate.uasset" 179
"../../../../../../DOCUMENTS/GitHub/BetaArcade/MasterBuild/Content/Other/StarterContent/Textures/T_Checker_Noise_M.uasset" 180
"../../../../../../DOCUMENTS/GitHub/BetaArcade/MasterBuild/Content/Other/StarterContent/Textures/T_Single_Tile_N.uasset" 181
"../../../../../../DOCUMENTS/GitHub/BetaArcade/MasterBuild/Content/Other/StarterContent/Textures/T_Tech_Dot_M.uasset" 182
"../../../../../../DOCUMENTS/GitHub/BetaArcade/MasterBuild/Content/Other/StarterContent/Textures/T_Tech_Dot_N.uasset" 183
"../../../../../../DOCUMENTS/GitHub/BetaArcade/MasterBuild/Content/Other/StarterContent/Materials/M_Tech_Checker_Dot.uasset" 184
"../../../../../../DOCUMENTS/GitHub/BetaArcade/MasterBuild/Content/Other/StarterContent/Textures/T_Tech_Hex_Tile_M.uasset" 185
"../../../../../../DOCUMENTS/GitHub/BetaArcade/MasterBuild/Content/Other/StarterContent/Textures/T_Tech_Hex_Tile_N.uasset" 186
"../../../../../../DOCUMENTS/GitHub/BetaArcade/MasterBuild/Content/Other/StarterContent/Materials/M_Tech_Hex_Tile.uasset" 187
"../../../../../../DOCUMENTS/GitHub/BetaArcade/MasterBuild/Content/Other/StarterContent/Materials/M_Tech_Hex_Tile_Pulse.uasset" 188
"../../../../../../DOCUMENTS/GitHub/BetaArcade/MasterBuild/Content/Other/StarterContent/Textures/T_Tech_Panel_M.uasset" 189
"../../../../../../DOCUMENTS/GitHub/BetaArcade/MasterBuild/Content/Other/StarterContent/Textures/T_Tech_Panel_N.uasset" 190
"../../../../../../DOCUMENTS/GitHub/BetaArcade/MasterBuild/Content/Other/StarterContent/Materials/M_Tech_Panel.uasset" 191
"../../../../../../DOCUMENTS/GitHub/BetaArcade/MasterBuild/Content/Other/StarterContent/Materials/M_Water_Lake.uasset" 192
"../../../../../../DOCUMENTS/GitHub/BetaArcade/MasterBuild/Content/Other/StarterContent/Textures/T_Water_M.uasset" 193
"../../../../../../DOCUMENTS/GitHub/BetaArcade/MasterBuild/Content/Other/StarterContent/Materials/M_Water_Ocean.uasset" 194
"../../../../../../DOCUMENTS/GitHub/BetaArcade/MasterBuild/Content/Other/StarterContent/Textures/T_Wood_Floor_Walnut_D.uasset" 195
"../../../../../../DOCUMENTS/GitHub/BetaArcade/MasterBuild/Content/Other/StarterContent/Textures/T_Wood_Floor_Walnut_M.uasset" 196
"../../../../../../DOCUMENTS/GitHub/BetaArcade/MasterBuild/Content/Other/StarterContent/Textures/T_Wood_Floor_Walnut_N.uasset" 197
"../../../../../../DOCUMENTS/GitHub/BetaArcade/MasterBuild/Content/Other/StarterContent/Materials/M_Wood_Floor_Walnut_Polished.uasset" 198
"../../../Engine/Content/Functions/Engine_MaterialFunctions01/Opacity/AlphaOffset.uasset" 199
"../../../../../../DOCUMENTS/GitHub/BetaArcade/MasterBuild/Content/Other/StarterContent/Materials/M_Wood_Floor_Walnut_Worn.uasset" 200
"../../../../../../DOCUMENTS/GitHub/BetaArcade/MasterBuild/Content/Other/StarterContent/Textures/T_Wood_Oak_D.uasset" 201
"../../../../../../DOCUMENTS/GitHub/BetaArcade/MasterBuild/Content/Other/StarterContent/Textures/T_Wood_Oak_N.uasset" 202
"../../../../../../DOCUMENTS/GitHub/BetaArcade/MasterBuild/Content/Other/StarterContent/Materials/M_Wood_Oak.uasset" 203
"../../../../../../DOCUMENTS/GitHub/BetaArcade/MasterBuild/Content/Other/StarterContent/Textures/T_Wood_Pine_D.uasset" 204
"../../../../../../DOCUMENTS/GitHub/BetaArcade/MasterBuild/Content/Other/StarterContent/Textures/T_Wood_Pine_N.uasset" 205
"../../../../../../DOCUMENTS/GitHub/BetaArcade/MasterBuild/Content/Other/StarterContent/Materials/M_Wood_Pine.uasset" 206
"../../../../../../DOCUMENTS/GitHub/BetaArcade/MasterBuild/Content/Other/StarterContent/Textures/T_Wood_Walnut_D.uasset" 207
"../../../../../../DOCUMENTS/GitHub/BetaArcade/MasterBuild/Content/Other/StarterContent/Textures/T_Wood_Walnut_N.uasset" 208
"../../../../../../DOCUMENTS/GitHub/BetaArcade/MasterBuild/Content/Other/StarterContent/Materials/M_Wood_Walnut.uasset" 209
"../../../../../../DOCUMENTS/GitHub/BetaArcade/MasterBuild/Content/Other/StarterContent/Textures/T_Dust_Particle_D.uasset" 210
"../../../../../../DOCUMENTS/GitHub/BetaArcade/MasterBuild/Content/Other/StarterContent/Particles/Materials/M_Dust_Particle.uasset" 211
"../../../../../../DOCUMENTS/GitHub/BetaArcade/MasterBuild/Content/Other/StarterContent/Particles/P_Ambient_Dust.uasset" 212
"../../../../../../DOCUMENTS/GitHub/BetaArcade/MasterBuild/Content/Other/StarterContent/Props/MaterialSphere.uasset" 213
"../../../../../../DOCUMENTS/GitHub/BetaArcade/MasterBuild/Content/Other/StarterContent/Textures/T_Bush_D.uasset" 214
"../../../../../../DOCUMENTS/GitHub/BetaArcade/MasterBuild/Content/Other/StarterContent/Textures/T_Bush_N.uasset" 215
"../../../../../../DOCUMENTS/GitHub/BetaArcade/MasterBuild/Content/Other/StarterContent/Props/Materials/M_Bush.uasset" 216
"../../../../../../DOCUMENTS/GitHub/BetaArcade/MasterBuild/Content/Other/StarterContent/Props/SM_Bush.uasset" 217
"../../../../../../DOCUMENTS/GitHub/BetaArcade/MasterBuild/Content/Other/StarterContent/Textures/T_Chair_M.uasset" 218
"../../../../../../DOCUMENTS/GitHub/BetaArcade/MasterBuild/Content/Other/StarterContent/Textures/T_Chair_N.uasset" 219
"../../../../../../DOCUMENTS/GitHub/BetaArcade/MasterBuild/Content/Other/StarterContent/Props/Materials/M_Chair.uasset" 220
"../../../../../../DOCUMENTS/GitHub/BetaArcade/MasterBuild/Content/Other/StarterContent/Props/SM_Chair.uasset" 221
"../../../../../../DOCUMENTS/GitHub/BetaArcade/MasterBuild/Content/Other/StarterContent/Textures/T_Frame_M.uasset" 222
"../../../../../../DOCUMENTS/GitHub/BetaArcade/MasterBuild/Content/Other/StarterContent/Textures/T_Frame_N.uasset" 223
"../../../../../../DOCUMENTS/GitHub/BetaArcade/MasterBuild/Content/Other/StarterContent/Props/Materials/M_Frame.uasset" 224
"../../../../../../DOCUMENTS/GitHub/BetaArcade/MasterBuild/Content/Other/StarterContent/Props/SM_CornerFrame.uasset" 225
"../../../../../../DOCUMENTS/GitHub/BetaArcade/MasterBuild/Content/Other/StarterContent/Props/SM_Couch.uasset" 226
"../../../../../../DOCUMENTS/GitHub/BetaArcade/MasterBuild/Content/Other/StarterContent/Materials/M_Glass.uasset" 227
"../../../../../../DOCUMENTS/GitHub/BetaArcade/MasterBuild/Content/Other/StarterContent/Textures/T_Door_M.uasset" 228
"../../../../../../DOCUMENTS/GitHub/BetaArcade/MasterBuild/Content/Other/StarterContent/Textures/T_Door_N.uasset" 229
"../../../../../../DOCUMENTS/GitHub/BetaArcade/MasterBuild/Content/Other/StarterContent/Props/Materials/M_Door.uasset" 230
"../../../../../../DOCUMENTS/GitHub/BetaArcade/MasterBuild/Content/Other/StarterContent/Props/SM_Door.uasset" 231
"../../../../../../DOCUMENTS/GitHub/BetaArcade/MasterBuild/Content/Other/StarterContent/Props/SM_DoorFrame.uasset" 232
"../../../../../../DOCUMENTS/GitHub/BetaArcade/MasterBuild/Content/Other/StarterContent/Props/SM_GlassWindow.uasset" 233
"../../../../../../DOCUMENTS/GitHub/BetaArcade/MasterBuild/Content/Other/StarterContent/Props/Materials/M_MaterialSphere.uasset" 234
"../../../../../../DOCUMENTS/GitHub/BetaArcade/MasterBuild/Content/Other/StarterContent/Props/Materials/M_MaterialSphere_Plain.uasset" 235
"../../../../../../DOCUMENTS/GitHub/BetaArcade/MasterBuild/Content/Other/StarterContent/Props/SM_MatPreviewMesh_02.uasset" 236
"../../../../../../DOCUMENTS/GitHub/BetaArcade/MasterBuild/Content/Other/StarterContent/Props/SM_PillarFrame.uasset" 237
"../../../../../../DOCUMENTS/GitHub/BetaArcade/MasterBuild/Content/Other/StarterContent/Props/SM_PillarFrame300.uasset" 238
"../../../../../../DOCUMENTS/GitHub/BetaArcade/MasterBuild/Content/Other/StarterContent/Textures/T_RockMesh_M.uasset" 239
"../../../../../../DOCUMENTS/GitHub/BetaArcade/MasterBuild/Content/Other/StarterContent/Textures/T_RockMesh_N.uasset" 240
"../../../../../../DOCUMENTS/GitHub/BetaArcade/MasterBuild/Content/Other/StarterContent/Props/Materials/M_Rock.uasset" 241
"../../../../../../DOCUMENTS/GitHub/BetaArcade/MasterBuild/Content/Other/StarterContent/Props/SM_Rock.uasset" 242
"../../../../../../DOCUMENTS/GitHub/BetaArcade/MasterBuild/Content/Other/StarterContent/Textures/T_Shelf_M.uasset" 243
"../../../../../../DOCUMENTS/GitHub/BetaArcade/MasterBuild/Content/Other/StarterContent/Textures/T_Shelf_N.uasset" 244
"../../../../../../DOCUMENTS/GitHub/BetaArcade/MasterBuild/Content/Other/StarterContent/Props/Materials/M_Shelf.uasset" 245
"../../../../../../DOCUMENTS/GitHub/BetaArcade/MasterBuild/Content/Other/StarterContent/Props/SM_Shelf.uasset" 246
"../../../../../../DOCUMENTS/GitHub/BetaArcade/MasterBuild/Content/Other/StarterContent/Props/SM_Stairs.uasset" 247
"../../../../../../DOCUMENTS/GitHub/BetaArcade/MasterBuild/Content/Other/StarterContent/Textures/T_Statue_M.uasset" 248
"../../../../../../DOCUMENTS/GitHub/BetaArcade/MasterBuild/Content/Other/StarterContent/Textures/T_Statue_N.uasset" 249
"../../../../../../DOCUMENTS/GitHub/BetaArcade/MasterBuild/Content/Other/StarterContent/Props/Materials/M_Statue.uasset" 250
"../../../../../../DOCUMENTS/GitHub/BetaArcade/MasterBuild/Content/Other/StarterContent/Props/Materials/M_StatueGlass.uasset" 251
"../../../../../../DOCUMENTS/GitHub/BetaArcade/MasterBuild/Content/Other/StarterContent/Props/SM_Statue.uasset" 252
"../../../../../../DOCUMENTS/GitHub/BetaArcade/MasterBuild/Content/Other/StarterContent/Textures/T_TableRound_M.uasset" 253
"../../../../../../DOCUMENTS/GitHub/BetaArcade/MasterBuild/Content/Other/StarterContent/Textures/T_TableRound_N.uasset" 254
"../../../../../../DOCUMENTS/GitHub/BetaArcade/MasterBuild/Content/Other/StarterContent/Props/Materials/M_TableRound.uasset" 255
"../../../../../../DOCUMENTS/GitHub/BetaArcade/MasterBuild/Content/Other/StarterContent/Props/SM_TableRound.uasset" 256
"../../../../../../DOCUMENTS/GitHub/BetaArcade/MasterBuild/Content/Other/StarterContent/Props/SM_WindowFrame.uasset" 257
"../../../../../../DOCUMENTS/GitHub/BetaArcade/MasterBuild/Content/Other/StarterContent/Shapes/Shape_Cube.uasset" 258
"../../../../../../DOCUMENTS/GitHub/BetaArcade/MasterBuild/Content/Other/StarterContent/Shapes/Shape_Cylinder.uasset" 259
"../../../../../../DOCUMENTS/GitHub/BetaArcade/MasterBuild/Content/Other/StarterContent/Shapes/Shape_NarrowCapsule.uasset" 260
"../../../../../../DOCUMENTS/GitHub/BetaArcade/MasterBuild/Content/Other/StarterContent/Shapes/Shape_Pipe.uasset" 261
"../../../../../../DOCUMENTS/GitHub/BetaArcade/MasterBuild/Content/Other/StarterContent/Shapes/Shape_Pipe_180.uasset" 262
"../../../../../../DOCUMENTS/GitHub/BetaArcade/MasterBuild/Content/Other/StarterContent/Shapes/Shape_Pipe_90.uasset" 263
"../../../../../../DOCUMENTS/GitHub/BetaArcade/MasterBuild/Content/Other/StarterContent/Shapes/Shape_Plane.uasset" 264
"../../../../../../DOCUMENTS/GitHub/BetaArcade/MasterBuild/Content/Other/StarterContent/Shapes/Shape_Torus.uasset" 265
"../../../../../../DOCUMENTS/GitHub/BetaArcade/MasterBuild/Content/Other/StarterContent/Shapes/Shape_Trim.uasset" 266
"../../../../../../DOCUMENTS/GitHub/BetaArcade/MasterBuild/Content/Other/StarterContent/Shapes/Shape_Trim_90_In.uasset" 267
"../../../../../../DOCUMENTS/GitHub/BetaArcade/MasterBuild/Content/Other/StarterContent/Shapes/Shape_Trim_90_Out.uasset" 268
"../../../../../../DOCUMENTS/GitHub/BetaArcade/MasterBuild/Content/Other/StarterContent/Shapes/Shape_TriPyramid.uasset" 269
"../../../../../../DOCUMENTS/GitHub/BetaArcade/MasterBuild/Content/Other/StarterContent/Shapes/Shape_Tube.uasset" 270
"../../../../../../DOCUMENTS/GitHub/BetaArcade/MasterBuild/Content/Other/StarterContent/Shapes/Shape_Wedge_A.uasset" 271
"../../../../../../DOCUMENTS/GitHub/BetaArcade/MasterBuild/Content/Other/StarterContent/Shapes/Shape_Wedge_B.uasset" 272
"../../../../../../DOCUMENTS/GitHub/BetaArcade/MasterBuild/Content/Other/StarterContent/Shapes/Shape_WideCapsule.uasset" 273
"../../../../../../DOCUMENTS/GitHub/BetaArcade/MasterBuild/Content/Other/ThirdPerson/Meshes/RampMaterial.uasset" 274
"../../../../../../DOCUMENTS/GitHub/BetaArcade/MasterBuild/Content/Other/ThirdPerson/Meshes/Bump_StaticMesh.uasset" 275
"../../../../../../DOCUMENTS/GitHub/BetaArcade/MasterBuild/Content/Other/ThirdPerson/Meshes/LeftArm_StaticMesh.uasset" 276
"../../../../../../DOCUMENTS/GitHub/BetaArcade/MasterBuild/Content/Other/ThirdPerson/Meshes/Linear_Stair_StaticMesh.uasset" 277
"../../../../../../DOCUMENTS/GitHub/BetaArcade/MasterBuild/Content/Other/ThirdPerson/Meshes/Ramp_StaticMesh.uasset" 278
"../../../../../../DOCUMENTS/GitHub/BetaArcade/MasterBuild/Content/Other/ThirdPerson/Meshes/RightArm_StaticMesh.uasset" 279
"../../../../../../DOCUMENTS/GitHub/BetaArcade/MasterBuild/Content/Woolf/Audio/MusicTracks/RawSound/Hidden_Agenda.uasset" 280
"../../../../../../DOCUMENTS/GitHub/BetaArcade/MasterBuild/Content/Woolf/Audio/MusicTracks/SoundCue/LobbyCue.uasset" 281
"../../../../../../DOCUMENTS/GitHub/BetaArcade/MasterBuild/Content/Woolf/Audio/SFX/testCue.uasset" 282
"../../../../../../DOCUMENTS/GitHub/BetaArcade/MasterBuild/Content/Woolf/Blueprints/Lobby/Lobby_GM.uasset" 283
"../../../../../../DOCUMENTS/GitHub/BetaArcade/MasterBuild/Content/Woolf/Blueprints/Other/PlayerInfo_STRUCT.uasset" 284
"../../../../../../DOCUMENTS/GitHub/BetaArcade/MasterBuild/Content/Woolf/Blueprints/Other/PlayerSaveInfo_BP.uasset" 285
"../../../Engine/Content/EditorBlueprintResources/StandardMacros.uasset" 286
"../../../Engine/Content/BasicShapes/BasicShapeMaterial.uasset" 287
"../../../Engine/Content/EngineMaterials/DefaultMaterial.uasset" 288
"../../../Engine/Content/BasicShapes/Cylinder.uasset" 289
"../../../Engine/Content/BasicShapes/Sphere.uasset" 290
"../../../../../../DOCUMENTS/GitHub/BetaArcade/MasterBuild/Content/Woolf/UI/W_InGame.uasset" 291
"../../../../../../DOCUMENTS/GitHub/BetaArcade/MasterBuild/Content/Woolf/Blueprints/Player/Wolfy_BP.uasset" 292
"../../../../../../DOCUMENTS/GitHub/BetaArcade/MasterBuild/Content/Woolf/Blueprints/Other/WolfGameMode_BP.uasset" 293
"../../../../../../DOCUMENTS/GitHub/BetaArcade/MasterBuild/Content/Woolf/Maps/2/NewSheepHeaven_BuiltData.uasset" 294
"../../../../../../DOCUMENTS/GitHub/BetaArcade/MasterBuild/Content/Other/StarterContent/Textures/T_Ground_Grass_D.uasset" 295
"../../../../../../DOCUMENTS/GitHub/BetaArcade/MasterBuild/Content/Other/StarterContent/Textures/T_Ground_Grass_N.uasset" 296
"../../../../../../DOCUMENTS/GitHub/BetaArcade/MasterBuild/Content/Woolf/Maps/Level1/StarterContent/Materials/M_Ground_Grass.uasset" 297
"../../../../../../DOCUMENTS/GitHub/BetaArcade/MasterBuild/Content/Woolf/Maps/Level1/StarterContent/Textures/T_Ground_Grass_D.uasset" 298
"../../../../../../DOCUMENTS/GitHub/BetaArcade/MasterBuild/Content/Woolf/Maps/Level1/StarterContent/Textures/T_Ground_Grass_N.uasset" 299
"../../../../../../DOCUMENTS/GitHub/BetaArcade/MasterBuild/Content/Woolf/Maps/Level1/StarterContent/Textures/T_MacroVariation.uasset" 300
"../../../../../../DOCUMENTS/GitHub/BetaArcade/MasterBuild/Content/Woolf/Maps/Level1/StarterContent/Textures/T_Perlin_Noise_M.uasset" 301
"../../../../../../DOCUMENTS/GitHub/BetaArcade/MasterBuild/Content/Woolf/Textures/Other/Textures/15139-colorgrade.uasset" 302
"../../../../../../DOCUMENTS/GitHub/BetaArcade/MasterBuild/Content/Woolf/Textures/Other/Materials/Mat_Pickup.uasset" 303
"../../../../../../DOCUMENTS/GitHub/BetaArcade/MasterBuild/Content/Woolf/Models/Other/M_Pickup.uasset" 304
"../../../../../../DOCUMENTS/GitHub/BetaArcade/MasterBuild/Content/Woolf/Models/Sam/FBX_SAM/Combine_Harvester_pCube68.uasset" 305
"../../../../../../DOCUMENTS/GitHub/BetaArcade/MasterBuild/Content/Woolf/Models/Sam/FBX_SAM/Combine_Harvester_pCube70.uasset" 306
"../../../../../../DOCUMENTS/GitHub/BetaArcade/MasterBuild/Content/Woolf/Models/Sam/FBX_SAM/Combine_Harvester_pCube74.uasset" 307
"../../../../../../DOCUMENTS/GitHub/BetaArcade/MasterBuild/Content/Woolf/Models/Sam/FBX_SAM/Combine_Harvester_pCylinder47.uasset" 308
"../../../../../../DOCUMENTS/GitHub/BetaArcade/MasterBuild/Content/Woolf/Models/Sam/FBX_SAM/Combine_Harvester_pCylinder48.uasset" 309
"../../../../../../DOCUMENTS/GitHub/BetaArcade/MasterBuild/Content/Woolf/Models/Sam/FBX_SAM/CombineH.uasset" 310
"../../../../../../DOCUMENTS/GitHub/BetaArcade/MasterBuild/Content/Woolf/Models/Sam/FBX_SAM/lambert10.uasset" 311
"../../../../../../DOCUMENTS/GitHub/BetaArcade/MasterBuild/Content/Woolf/Models/Sam/FBX_SAM/lambert11.uasset" 312
"../../../../../../DOCUMENTS/GitHub/BetaArcade/MasterBuild/Content/Woolf/Models/Sam/FBX_SAM/lambert4.uasset" 313
"../../../../../../DOCUMENTS/GitHub/BetaArcade/MasterBuild/Content/Woolf/Models/Sam/FBX_SAM/lambert6.uasset" 314
"../../../../../../DOCUMENTS/GitHub/BetaArcade/MasterBuild/Content/Woolf/Models/Sam/FBX_SAM/lambert7.uasset" 315
"../../../../../../DOCUMENTS/GitHub/BetaArcade/MasterBuild/Content/Woolf/Models/Sam/FBX_SAM/lambert8.uasset" 316
"../../../../../../DOCUMENTS/GitHub/BetaArcade/MasterBuild/Content/Woolf/Models/Sam/FBX_SAM/lambert9.uasset" 317
"../../../../../../DOCUMENTS/GitHub/BetaArcade/MasterBuild/Content/Woolf/Textures/Angus/Cart/Cart/T_Cart_01_AORM.uasset" 318
"../../../../../../DOCUMENTS/GitHub/BetaArcade/MasterBuild/Content/Woolf/Textures/Angus/Cart/Cart/T_Cart_01_Base.uasset" 319
"../../../../../../DOCUMENTS/GitHub/BetaArcade/MasterBuild/Content/Woolf/Textures/Angus/Cart/Cart/T_Cart_01_Normal.uasset" 320
"../../../../../../DOCUMENTS/GitHub/BetaArcade/MasterBuild/Content/Woolf/Textures/Angus/Cart/Cart/M_Cart_01.uasset" 321
"../../../../../../DOCUMENTS/GitHub/BetaArcade/MasterBuild/Content/Woolf/Textures/Angus/Fence/T_Fence_Nornmal.uasset" 322
"../../../../../../DOCUMENTS/GitHub/BetaArcade/MasterBuild/Content/Woolf/Textures/Angus/OutHouse/T_OutHouse_01_AORM.uasset" 323
"../../../../../../DOCUMENTS/GitHub/BetaArcade/MasterBuild/Content/Woolf/Textures/Angus/OutHouse/T_OutHouse_01_Base.uasset" 324
"../../../../../../DOCUMENTS/GitHub/BetaArcade/MasterBuild/Content/Woolf/Textures/Angus/OutHouse/T_OutHouse_01_Normal.uasset" 325
"../../../../../../DOCUMENTS/GitHub/BetaArcade/MasterBuild/Content/Woolf/Textures/Angus/OutHouse/M_OutHouse_01.uasset" 326
"../../../../../../DOCUMENTS/GitHub/BetaArcade/MasterBuild/Content/Woolf/Textures/Angus/Straw/T_Styilised_Straw_AO.uasset" 327
"../../../../../../DOCUMENTS/GitHub/BetaArcade/MasterBuild/Content/Woolf/Textures/Angus/Straw/T_Styilised_Straw_Base.uasset" 328
"../../../../../../DOCUMENTS/GitHub/BetaArcade/MasterBuild/Content/Woolf/Textures/Angus/Straw/T_Styilised_Straw_Metalness.uasset" 329
"../../../../../../DOCUMENTS/GitHub/BetaArcade/MasterBuild/Content/Woolf/Textures/Angus/Straw/T_Styilised_Straw_Normal.uasset" 330
"../../../../../../DOCUMENTS/GitHub/BetaArcade/MasterBuild/Content/Woolf/Textures/Angus/Straw/T_Styilised_Straw_Roughness.uasset" 331
"../../../../../../DOCUMENTS/GitHub/BetaArcade/MasterBuild/Content/Woolf/Textures/Angus/Straw/TStyilised_Straw_Height.uasset" 332
"../../../../../../DOCUMENTS/GitHub/BetaArcade/MasterBuild/Content/Woolf/Textures/Angus/Straw/M_Straw.uasset" 333
"../../../../../../DOCUMENTS/GitHub/BetaArcade/MasterBuild/Content/Woolf/Textures/Angus/Tree_02/T_Tree_02_AORM.uasset" 334
"../../../../../../DOCUMENTS/GitHub/BetaArcade/MasterBuild/Content/Woolf/Textures/Angus/Tree_02/T_Tree_02_Base.uasset" 335
"../../../../../../DOCUMENTS/GitHub/BetaArcade/MasterBuild/Content/Woolf/Textures/Angus/Tree_02/T_Tree_02_Normal.uasset" 336
"../../../../../../DOCUMENTS/GitHub/BetaArcade/MasterBuild/Content/Woolf/Textures/Angus/Tree_02/M_Tree_02.uasset" 337
"../../../../../../DOCUMENTS/GitHub/BetaArcade/MasterBuild/Content/Woolf/Textures/Other/Materials/TreeLeaves.uasset" 338
"../../../../../../DOCUMENTS/GitHub/BetaArcade/MasterBuild/Content/Woolf/Textures/Other/Materials/TreeTrunk.uasset" 339
"../../../../../../DOCUMENTS/GitHub/BetaArcade/MasterBuild/Content/Woolf/UI/W_LobbyMenu.uasset" 340
"../../../Engine/Content/BasicShapes/Cone.uasset" 341
"../../../Engine/Content/BasicShapes/Plane.uasset" 342
"../../../Engine/Content/EditorLandscapeResources/DataLayer.uasset" 343
"../../../Engine/Content/EditorMaterials/GizmoMaterial.uasset" 344
"../../../Engine/Content/EditorMaterials/MAT_Groups_Toggle.uasset" 345
"../../../Engine/Content/EditorMaterials/MAT_Groups_Visibility.uasset" 346
"../../../Engine/Content/EditorMaterials/PreviewShadowIndicator.uasset" 347
"../../../Engine/Content/EditorMaterials/PreviewShadowIndicatorMaterial.uasset" 348
"../../../Engine/Content/EditorMaterials/MatineeGroups/MAT_ColorTrack.uasset" 349
"../../../Engine/Content/EditorMaterials/MatineeGroups/MAT_Groups_Anim.uasset" 350
"../../../Engine/Content/EditorMaterials/MatineeGroups/MAT_Groups_AudioMaster.uasset" 351
"../../../Engine/Content/EditorMaterials/MatineeGroups/MAT_Groups_Director.uasset" 352
"../../../Engine/Content/EditorMaterials/MatineeGroups/MAT_Groups_Event.uasset" 353
"../../../Engine/Content/EditorMaterials/MatineeGroups/MAT_Groups_Fade.uasset" 354
"../../../Engine/Content/EditorMaterials/MatineeGroups/MAT_Groups_Float.uasset" 355
"../../../Engine/Content/EditorMaterials/MatineeGroups/MAT_Groups_Move.uasset" 356
"../../../Engine/Content/EditorMaterials/MatineeGroups/MAT_Groups_Slomo.uasset" 357
"../../../Engine/Content/EditorMaterials/MatineeGroups/MAT_Groups_Sound.uasset" 358
"../../../Engine/Content/EditorMaterials/MatineeGroups/MAT_Groups_Vector.uasset" 359
"../../../Engine/Content/EditorMaterials/ParticleSystems/PSysThumbnail_NoImage.uasset" 360
"../../../Engine/Content/EditorMaterials/ParticleSystems/PSysThumbnail_OOD.uasset" 361
"../../../Engine/Content/EditorMaterials/Camera/CineMat.uasset" 362
"../../../Engine/Content/EditorMaterials/Camera/MI_CineMat_Rig.uasset" 363
"../../../Engine/Content/EditorMeshes/Camera/SM_CraneRig_Arm.uasset" 364
"../../../Engine/Content/EditorMeshes/Camera/SM_CraneRig_Base.uasset" 365
"../../../Engine/Content/EditorMeshes/Camera/SM_CraneRig_Body.uasset" 366
"../../../Engine/Content/EditorMeshes/Camera/SM_CraneRig_Mount.uasset" 367
"../../../Engine/Content/EditorMeshes/Camera/SM_RailRig_Mount.uasset" 368
"../../../Engine/Content/EditorMeshes/Camera/SM_RailRig_Track.uasset" 369
"../../../Engine/Content/EditorMeshes/ColorCalibrator/M_ChromeBall.uasset" 370
"../../../Engine/Content/EditorMeshes/ColorCalibrator/M_ClearCoat.uasset" 371
"../../../Engine/Content/EditorMeshes/ColorCalibrator/M_ClearCoatBlack.uasset" 372
"../../../Engine/Content/EditorMeshes/ColorCalibrator/Color_checker.uasset" 373
"../../../Engine/Content/EditorMeshes/ColorCalibrator/M_ColorGrid.uasset" 374
"../../../Engine/Content/EditorMeshes/ColorCalibrator/M_GreyBall.uasset" 375
"../../../Engine/Content/EditorMeshes/ColorCalibrator/SM_ColorCalibrator.uasset" 376
"../../../Engine/Content/EditorResources/BSPVertex.uasset" 377
"../../../Engine/Content/EditorResources/EmptyActor.uasset" 378
"../../../Engine/Content/EditorResources/S_Actor.uasset" 379
"../../../Engine/Content/EditorResources/S_Trigger.uasset" 380
"../../../Engine/Content/EditorResources/LightIcons/S_LightError.uasset" 381
"../../../Engine/Content/EditorResources/SequenceRecorder/Countdown.uasset" 382
"../../../Engine/Content/EditorResources/SequenceRecorder/RecordingIndicator.uasset" 383
"../../../Engine/Content/EditorSounds/Notifications/CompileFailed.uasset" 384
"../../../Engine/Content/EditorSounds/Notifications/CompileFailed_Cue.uasset" 385
"../../../Engine/Content/EditorSounds/Notifications/CompileSuccess.uasset" 386
"../../../Engine/Content/EditorSounds/Notifications/CompileStart_Cue.uasset" 387
"../../../Engine/Content/EditorSounds/Notifications/CompileSuccess_Cue.uasset" 388
"../../../Engine/Content/EngineDamageTypes/DmgTypeBP_Environmental.uasset" 389
"../../../Engine/Content/EngineDebugMaterials/HeatmapGradient.uasset" 390
"../../../Engine/Content/EngineDebugMaterials/BoneWeightMaterial.uasset" 391
"../../../Engine/Content/EngineDebugMaterials/ClothMaterial.uasset" 392
"../../../Engine/Content/EngineDebugMaterials/ClothMaterial_WF.uasset" 393
"../../../Engine/Content/EngineDebugMaterials/DebugEditorMaterial.uasset" 394
"../../../Engine/Content/EngineDebugMaterials/DebugMeshMaterial.uasset" 395
"../../../Engine/Content/EngineDebugMaterials/GeomMaterial.uasset" 396
"../../../Engine/Content/EngineFonts/Faces/RobotoBold.uasset" 397
"../../../Engine/Content/EngineFonts/Faces/RobotoBoldItalic.uasset" 398
"../../../Engine/Content/EngineFonts/Faces/RobotoItalic.uasset" 399
"../../../Engine/Content/EngineFonts/Faces/RobotoLight.uasset" 400
"../../../Engine/Content/EngineFonts/Faces/RobotoRegular.uasset" 401
"../../../Engine/Content/EngineFonts/Roboto.uasset" 402
"../../../Engine/Content/EngineFonts/Faces/RobotoTiny.uasset" 403
"../../../Engine/Content/EngineFonts/RobotoTiny.uasset" 404
"../../../Engine/Content/EngineMaterials/DefaultBloomKernel.uasset" 405
"../../../Engine/Content/EngineMaterials/DefaultBokeh.uasset" 406
"../../../Engine/Content/EngineMaterials/DefaultDiffuse.uasset" 407
"../../../Engine/Content/EngineMaterials/DefaultDeferredDecalMaterial.uasset" 408
"../../../Engine/Content/EngineMaterials/DefaultLightFunctionMaterial.uasset" 409
"../../../Engine/Content/Functions/Engine_MaterialFunctions02/Utility/BreakOutFloat2Components.uasset" 410
"../../../Engine/Content/EngineMaterials/DefaultPostProcessMaterial.uasset" 411
"../../../Engine/Content/EngineFonts/RobotoDistanceField.uasset" 412
"../../../Engine/Content/EngineMaterials/DefaultTextMaterialOpaque.uasset" 413
"../../../Engine/Content/EngineMaterials/DefaultWhiteGrid.uasset" 414
"../../../Engine/Content/EngineMaterials/EditorBrushMaterial.uasset" 415
"../../../Engine/Content/EngineMaterials/Good64x64TilingNoiseHighFreq.uasset" 416
"../../../Engine/Content/EngineMaterials/MiniFont.uasset" 417
"../../../Engine/Content/EngineMaterials/InvalidLightmapSettings.uasset" 418
"../../../Engine/Content/EngineMaterials/M_InvalidLightmapSettings.uasset" 419
"../../../Engine/Content/Functions/Engine_MaterialFunctions02/WorldPositionOffset/CameraOffset.uasset" 420
"../../../Engine/Content/EngineMaterials/PhAT_JointLimitMaterial.uasset" 421
"../../../Engine/Content/EngineMaterials/PreintegratedSkinBRDF.uasset" 422
"../../../Engine/Content/EngineMaterials/RemoveSurfaceMaterial.uasset" 423
"../../../Engine/Content/EngineMaterials/WeightMapPlaceholderTexture.uasset" 424
"../../../Engine/Content/EngineResources/WhiteSquareTexture.uasset" 425
"../../../Engine/Content/EngineMaterials/Widget3DPassThrough.uasset" 426
"../../../Engine/Content/EngineMaterials/Widget3DPassThrough_Masked.uasset" 427
"../../../Engine/Content/EngineMaterials/Widget3DPassThrough_Opaque.uasset" 428
"../../../Engine/Content/EngineMaterials/Widget3DPassThrough_Masked_OneSided.uasset" 429
"../../../Engine/Content/EngineMaterials/Widget3DPassThrough_Opaque_OneSided.uasset" 430
"../../../Engine/Content/EngineMaterials/Widget3DPassThrough_Translucent.uasset" 431
"../../../Engine/Content/EngineMaterials/Widget3DPassThrough_Translucent_OneSided.uasset" 432
"../../../Engine/Content/EngineMeshes/Cube.uasset" 433
"../../../Engine/Content/EngineMeshes/Cylinder.uasset" 434
"../../../Engine/Content/EngineMeshes/Sphere.uasset" 435
"../../../Engine/Content/EngineResources/Black.uasset" 436
"../../../Engine/Content/EngineResources/DefaultTexture.uasset" 437
"../../../Engine/Content/EngineResources/DefaultTextureCube.uasset" 438
"../../../Engine/Content/EngineResources/GradientTexture0.uasset" 439
"../../../Engine/Content/EngineSounds/Master.uasset" 440
"../../../Engine/Content/Functions/Engine_MaterialFunctions01/Shading/ConvertFromDiffSpec.uasset" 441
"../../../Engine/Content/Functions/Engine_MaterialFunctions01/Shading/PowerToRoughness.uasset" 442
"../../../Engine/Content/Maps/Templates/Thumbnails/Default.uasset" 443
"../../../Engine/Content/Maps/Templates/Thumbnails/VR-Basic.uasset" 444
"../../../Engine/Content/MobileResources/T_MobileControls_texture.uasset" 445
"../../../Engine/Content/MobileResources/T_MobileMenu2.uasset" 446
"../../../Engine/Content/MobileResources/HUD/AnalogHat.uasset" 447
"../../../Engine/Content/MobileResources/HUD/VirtualJoystick_Background.uasset" 448
"../../../Engine/Content/MobileResources/HUD/VirtualJoystick_Thumb.uasset" 449
"../../../Engine/Content/MobileResources/HUD/DefaultVirtualJoysticks.uasset" 450
"../../../Engine/Content/MobileResources/HUD/LeftVirtualJoystickOnly.uasset" 451
"../../../Engine/Content/MobileResources/HUD/MobileHUDButton1_off.uasset" 452
"../../../Engine/Content/MobileResources/HUD/MobileHUDButton1_on.uasset" 453
"../../../Engine/Content/MobileResources/HUD/MobileHUDButton2_off.uasset" 454
"../../../Engine/Content/MobileResources/HUD/MobileHUDButton2_on.uasset" 455
"../../../Engine/Content/MobileResources/HUD/MobileHUDButton3.uasset" 456
"../../../Engine/Content/MobileResources/HUD/MobileHUDButtonFire.uasset" 457
"../../../Engine/Content/MobileResources/HUD/MobileHUDDirectionPad.uasset" 458
"../../../Engine/Content/MobileResources/HUD/MobileHUDDirectionPad2.uasset" 459
"../../../Engine/Content/MobileResources/HUD/MobileHUDDirectionPad3.uasset" 460
"../../../Engine/Content/MobileResources/HUD/MobileHUDDirectionStick.uasset" 461
"../../../Engine/Content/MobileResources/HUD/T_Castle_ThumbstickInner.uasset" 462
"../../../Engine/Content/MobileResources/HUD/T_Castle_ThumbstickOutter.uasset" 463
"../../../Engine/Content/Tutorial/ContentIntroCurve.uasset" 464
"../../../Engine/Content/Tutorial/Basics/TutorialAssets/icon_tab_Levels_40x.uasset" 465
"../../../Engine/Content/Tutorial/BlueprintTutorials/TutorialAssets/BlueprintInterface_64x.uasset" 466
"../../../Engine/Content/Tutorial/BlueprintTutorials/TutorialAssets/BlueprintMacroLibrary_64x.uasset" 467
"../../../Engine/Content/Tutorial/BlueprintTutorials/TutorialAssets/Blueprint_64x.uasset" 468
"../../../Engine/Content/Tutorial/BlueprintTutorials/TutorialAssets/Tutorial_BP_Interface.uasset" 469
"../../../Engine/Content/Tutorial/Foliage/TutorialAssets/Foliage.uasset" 470
"../../../Engine/Content/Tutorial/Landscape/TutorialAssets/Landscape.uasset" 471
"../../../Engine/Content/Tutorial/Paper2D/TutorialAssets/Paper2DFlipbook_TutorialIcon.uasset" 472
"../../../Engine/Content/Tutorial/Paper2D/TutorialAssets/Paper2DSprite_TutorialIcon.uasset" 473
"../../../Engine/Content/Tutorial/SubEditors/TutorialAssets/icon_Editor_Preferences_General_40x.uasset" 474
"../../../Engine/Content/Tutorial/SubEditors/TutorialAssets/icon_ShowSkeletalMeshes_40x.uasset" 475
"../../../Engine/Content/Tutorial/SubEditors/TutorialAssets/TutorialMaterial.uasset" 476
"../../../Engine/Content/Tutorial/SubEditors/TutorialAssets/T_SmokeSubUV_8X8.uasset" 477
"../../../Engine/Content/Tutorial/SubEditors/TutorialAssets/T_soft_smoke.uasset" 478
"../../../Engine/Content/Tutorial/SubEditors/TutorialAssets/M_smoke_subUV_blackbody.uasset" 479
"../../../Engine/Content/Tutorial/SubEditors/TutorialAssets/TutorialParticleSystem.uasset" 480
"../../../Engine/Content/VREditor/Devices/Generic/GenericHMDMaterial.uasset" 481
"../../../Engine/Content/VREditor/Devices/Generic/GenericHMD.uasset" 482
"../../../Engine/Content/Functions/Engine_MaterialFunctions02/Utility/BreakOutFloat3Components.uasset" 483
"../../../Engine/Content/VREditor/Devices/Vive/VivePreController_MasksB.uasset" 484
"../../../Engine/Content/VREditor/Devices/Oculus/OculusControllerMaterial.uasset" 485
"../../../Engine/Content/VREditor/Devices/Oculus/OculusControllerMaterial_Inst.uasset" 486
"../../../Engine/Content/VREditor/Devices/Oculus/OculusControllerMesh.uasset" 487
"../../../Engine/Content/VREditor/Devices/Vive/T_VivePreController_EM.uasset" 488
"../../../Engine/Content/VREditor/Devices/Vive/VivePreController_MasksA.uasset" 489
"../../../Engine/Content/VREditor/Devices/Vive/VivePreControllerDiffuse.uasset" 490
"../../../Engine/Content/VREditor/Devices/Vive/VivePreControllerSpec.uasset" 491
"../../../Engine/Content/VREditor/LaserPointer/VR_LaserPower_01.uasset" 492
"../../../Engine/Content/VREditor/Devices/Vive/VivePreControllerMaterial.uasset" 493
"../../../Engine/Content/VREditor/Devices/Vive/VivePreControllerMaterial_Inst.uasset" 494
"../../../Engine/Content/VREditor/Devices/Vive/VivePreControllerMesh.uasset" 495
"../../../Engine/Content/VREditor/FloatingText/LineMaterial.uasset" 496
"../../../Engine/Content/VREditor/FloatingText/JointSphere.uasset" 497
"../../../Engine/Content/VREditor/FloatingText/LineSegmentCylinder.uasset" 498
"../../../Engine/Content/VREditor/Fonts/VRText_RobotoLarge.uasset" 499
"../../../Engine/Content/VREditor/Fonts/VRTextMaterial.uasset" 500
"../../../Engine/Content/VREditor/Fonts/TranslucentVRTextMaterial.uasset" 501
"../../../Engine/Content/VREditor/LaserPointer/CursorPointer.uasset" 502
"../../../Engine/Content/VREditor/TransformGizmo/TransformGizmoMaterial.uasset" 503
"../../../Engine/Content/VREditor/LaserPointer/HoverMaterial.uasset" 504
"../../../Engine/Content/VREditor/TransformGizmo/TranslucentTransformGizmoMaterial.uasset" 505
"../../../Engine/Content/VREditor/LaserPointer/TranslucentHoverMaterial.uasset" 506
"../../../Engine/Content/VREditor/LaserPointer/HoverMesh.uasset" 507
"../../../Engine/Content/VREditor/LaserPointer/LaserPointerMaterial.uasset" 508
"../../../Engine/Content/VREditor/LaserPointer/LaserPointerMaterialInst.uasset" 509
"../../../Engine/Content/VREditor/LaserPointer/TranslucentLaserPointerMaterialInst.uasset" 510
"../../../Engine/Content/VREditor/LaserPointer/LaserPointerMesh.uasset" 511
"../../../Engine/Content/VREditor/LaserPointer/LaserPointerMesh_End.uasset" 512
"../../../Engine/Content/VREditor/LaserPointer/LaserPointerMesh_Start.uasset" 513
"../../../Engine/Content/VREditor/Sounds/VR_teleport.uasset" 514
"../../../Engine/Content/VREditor/Sounds/UI/Click_on_Button.uasset" 515
"../../../Engine/Content/VREditor/Sounds/UI/Click_on_Button_Cue.uasset" 516
"../../../Engine/Content/VREditor/Sounds/UI/Dockable_Window_Close.uasset" 517
"../../../Engine/Content/VREditor/Sounds/UI/Dockable_Window_Drop.uasset" 518
"../../../Engine/Content/VREditor/Sounds/UI/Dockable_Window_Open.uasset" 519
"../../../Engine/Content/VREditor/Sounds/UI/Dockable_Window_Pick_Up.uasset" 520
"../../../Engine/Content/VREditor/Sounds/UI/Drop_Item_From_ContentBrowser.uasset" 521
"../../../Engine/Content/VREditor/Sounds/UI/Floating_UI_Open-001.uasset" 522
"../../../Engine/Content/VREditor/Sounds/UI/Radial_Menu_FadeOut.uasset" 523
"../../../Engine/Content/VREditor/Sounds/UI/Teleport_Mode_Entered.uasset" 524
"../../../Engine/Content/VREditor/Teleport/TeleportDirectionMaterial.uasset" 525
"../../../Engine/Content/VREditor/Teleport/TeleportDirectionMaterial_Inst.uasset" 526
"../../../Engine/Content/VREditor/Teleport/TeleportDirectionMesh.uasset" 527
"../../../Engine/Content/VREditor/TransformGizmo/BoundingBoxCorner.uasset" 528
"../../../Engine/Content/VREditor/TransformGizmo/BoundingBoxEdge.uasset" 529
"../../../Engine/Content/VREditor/TransformGizmo/PlaneTranslationHandle.uasset" 530
"../../../Engine/Content/VREditor/TransformGizmo/Main.uasset" 531
"../../../Engine/Content/VREditor/TransformGizmo/Xray.uasset" 532
"../../../Engine/Content/VREditor/TransformGizmo/SM_Dialog_Close.uasset" 533
"../../../Engine/Content/VREditor/TransformGizmo/SM_Dialog_Move.uasset" 534
"../../../Engine/Content/VREditor/TransformGizmo/SM_Sequencer_Key.uasset" 535
"../../../Engine/Content/VREditor/TransformGizmo/SM_Sequencer_Node.uasset" 536
"../../../Engine/Content/VREditor/TransformGizmo/TransformGizmoMaterial_Inst.uasset" 537
"../../../Engine/Content/VREditor/TransformGizmo/TranslucentTransformGizmoMaterial_Inst.uasset" 538
"../../../Engine/Content/VREditor/Devices/Vive/UE4_Logo.uasset" 539
"../../../Engine/Content/VREditor/UI/M_ContentWindow.uasset" 540
"../../../Engine/Content/VREditor/UI/SM_ContentWindow_01.uasset" 541
"../../../Engine/Content/VREditor/UI/KeyDiskMaterial.uasset" 542
"../../../Engine/Content/VREditor/UI/DiscMaterial.uasset" 543
"../../../Engine/Content/VREditor/UI/SM_Radial_Disk.uasset" 544
"../../../Engine/Content/VREditor/UI/ArrowMaterial.uasset" 545
"../../../Engine/Content/VREditor/UI/SM_Radial_Pointer.uasset" 546
"../../../Engine/Content/VREditor/WorldMovementGrid/SimpleGrid.uasset" 547
"../../../Engine/Content/VREditor/WorldMovementGrid/GridMaterial.uasset" 548
"../../../Engine/Content/Functions/Engine_MaterialFunctions01/Density/ExponentialDensity.uasset" 549
"../../../Engine/Content/VREditor/WorldMovementGrid/GridPostProcess.uasset" 550
"../../../Engine/Content/EditorLandscapeResources/FlattenHeightMat.uasset" 551
"../../../Engine/Content/VREditor/WorldMovementGrid/PlaneMesh.uasset" 552
"../../Plugins/2D/Paper2D/Content/PlaceholderTextures/DummySpriteTexture.uasset" 553
"../../Plugins/2D/Paper2D/Content/DummySprite.uasset" 554
"../../Plugins/2D/Paper2D/Content/DefaultPaperTerrainMaterial.uasset" 555
"../../Plugins/2D/Paper2D/Content/DefaultSpriteMaterial.uasset" 556
"../../Plugins/2D/Paper2D/Content/MaskedUnlitSpriteMaterial.uasset" 557
"../../Plugins/2D/Paper2D/Content/OpaqueUnlitSpriteMaterial.uasset" 558
"../../Plugins/Media/MediaCompositing/Content/DefaultMediaPlaneTexture.uasset" 559
"../../Plugins/Media/MediaCompositing/Content/DefaultMediaPlaneMaterial.uasset" 560
"../../../Engine/Content/Functions/Engine_MaterialFunctions02/Utility/MakeFloat4.uasset" 561
"../../Plugins/Runtime/AppleARKit/Content/ARKitCameraMaterial.uasset" 562
"../../Plugins/Runtime/Oculus/OculusVR/Content/Textures/GearVRController_AO.uasset" 563
"../../Plugins/Runtime/Oculus/OculusVR/Content/Textures/GearVRController_Color.uasset" 564
"../../Plugins/Runtime/Oculus/OculusVR/Content/Textures/GearVRController_Normal.uasset" 565
"../../Plugins/Runtime/Oculus/OculusVR/Content/Materials/GearVRControllerMaterial.uasset" 566
"../../Plugins/Runtime/Oculus/OculusVR/Content/Meshes/GearVrController.uasset" 567
"../../../../../../DOCUMENTS/GitHub/BetaArcade/MasterBuild/Content/Other/StarterContent/Shapes/Shape_Sphere.uasset" 568
"../../../../../../DOCUMENTS/GitHub/BetaArcade/MasterBuild/Content/Woolf/Blueprints/Pickups/ABigModePickUp.uasset" 569
"../../../../../../DOCUMENTS/GitHub/BetaArcade/MasterBuild/Content/Woolf/Blueprints/Sheep/SheepBB.uasset" 570
"../../../../../../DOCUMENTS/GitHub/BetaArcade/MasterBuild/Content/Woolf/Blueprints/Sheep/SheepBT.uasset" 571
"../../../Engine/Content/Functions/MaterialLayerFunctions/MatLayerBlend_NormalBlend.uasset" 572
"../../../Engine/Content/Functions/MaterialLayerFunctions/MatLayerBlend_Simple.uasset" 573
"../../../../../../DOCUMENTS/GitHub/BetaArcade/MasterBuild/Content/Other/Mannequin/Character/Materials/MaterialLayers/T_ML_Rubber_Blue_01_D.uasset" 574
"../../../../../../DOCUMENTS/GitHub/BetaArcade/MasterBuild/Content/Other/Mannequin/Character/Materials/MaterialLayers/T_ML_Rubber_Blue_01_N.uasset" 575
"../../../../../../DOCUMENTS/GitHub/BetaArcade/MasterBuild/Content/Other/Mannequin/Character/Materials/MaterialLayers/ML_GlossyBlack_Latex_UE4.uasset" 576
"../../../../../../DOCUMENTS/GitHub/BetaArcade/MasterBuild/Content/Other/Mannequin/Character/Materials/MaterialLayers/ML_Plastic_Shiny_Beige.uasset" 577
"../../../../../../DOCUMENTS/GitHub/BetaArcade/MasterBuild/Content/Other/Mannequin/Character/Textures/UE4_LOGO_CARD.uasset" 578
"../../../../../../DOCUMENTS/GitHub/BetaArcade/MasterBuild/Content/Other/Mannequin/Character/Materials/MaterialLayers/ML_Plastic_Shiny_Beige_LOGO.uasset" 579
"../../../../../../DOCUMENTS/GitHub/BetaArcade/MasterBuild/Content/Other/Mannequin/Character/Materials/MaterialLayers/T_ML_Aluminum01.uasset" 580
"../../../../../../DOCUMENTS/GitHub/BetaArcade/MasterBuild/Content/Other/Mannequin/Character/Materials/MaterialLayers/T_ML_Aluminum01_N.uasset" 581
"../../../../../../DOCUMENTS/GitHub/BetaArcade/MasterBuild/Content/Other/Mannequin/Character/Materials/MaterialLayers/ML_SoftMetal_UE4.uasset" 582
"../../../../../../DOCUMENTS/GitHub/BetaArcade/MasterBuild/Content/Other/Mannequin/Character/Textures/UE4_Mannequin__normals.uasset" 583
"../../../../../../DOCUMENTS/GitHub/BetaArcade/MasterBuild/Content/Other/Mannequin/Character/Textures/UE4_Mannequin_MAT_MASKA.uasset" 584
"../../../../../../DOCUMENTS/GitHub/BetaArcade/MasterBuild/Content/Other/Mannequin/Character/Materials/M_UE4Man_Body.uasset" 585
"../../../../../../DOCUMENTS/GitHub/BetaArcade/MasterBuild/Content/Other/Mannequin/Character/Textures/UE4Man_Logo_N.uasset" 586
"../../../../../../DOCUMENTS/GitHub/BetaArcade/MasterBuild/Content/Other/Mannequin/Character/Materials/M_UE4Man_ChestLogo.uasset" 587
"../../../../../../DOCUMENTS/GitHub/BetaArcade/MasterBuild/Content/Other/Mannequin/Character/Mesh/SK_Mannequin_PhysicsAsset.uasset" 588
"../../../../../../DOCUMENTS/GitHub/BetaArcade/MasterBuild/Content/Other/Mannequin/Character/Mesh/SK_Mannequin.uasset" 589
"../../../../../../DOCUMENTS/GitHub/BetaArcade/MasterBuild/Content/Woolf/Blueprints/Sheep/Sheep_BP.uasset" 590
"../../../../../../DOCUMENTS/GitHub/BetaArcade/MasterBuild/Content/Other/StarterContent/Shapes/Shape_Cone.uasset" 591
"../../../../../../DOCUMENTS/GitHub/BetaArcade/MasterBuild/Content/Woolf/Blueprints/Pickups/ASlowDownPickUp.uasset" 592
"../../../../../../DOCUMENTS/GitHub/BetaArcade/MasterBuild/Content/Other/StarterContent/Shapes/Shape_QuadPyramid.uasset" 593
"../../../../../../DOCUMENTS/GitHub/BetaArcade/MasterBuild/Content/Woolf/Blueprints/Pickups/ASpeedUpPickUp.uasset" 594
"../../../Engine/Content/EngineSky/C_Sky_Cloud_Color.uasset" 595
"../../../Engine/Content/EngineSky/C_Sky_Horizon_Color.uasset" 596
"../../../Engine/Content/EngineSky/C_Sky_Zenith_Color.uasset" 597
"../../../Engine/Content/EngineSky/T_Sky_Blue.uasset" 598
"../../../Engine/Content/EngineSky/T_Sky_Clouds_M.uasset" 599
"../../../Engine/Content/EngineSky/T_Sky_Stars.uasset" 600
"../../../Engine/Content/EngineSky/M_Sky_Panning_Clouds2.uasset" 601
"../../../Engine/Content/EngineSky/SM_SkySphere.uasset" 602
"../../../Engine/Content/EngineSky/BP_Sky_Sphere.uasset" 603
"../../../../../../DOCUMENTS/GitHub/BetaArcade/MasterBuild/Content/Woolf/Models/Sam/FBX_SAM/lambert1.uasset" 604
"../../../../../../DOCUMENTS/GitHub/BetaArcade/MasterBuild/Content/Woolf/Models/Sam/FBX_SAM/lambert5.uasset" 605
"../../../../../../DOCUMENTS/GitHub/BetaArcade/MasterBuild/Content/Woolf/Textures/Angus/Fence/T_Fence_AORM.uasset" 606
"../../../../../../DOCUMENTS/GitHub/BetaArcade/MasterBuild/Content/Woolf/Textures/Angus/Fence/T_Fence_Base.uasset" 607
"../../../../../../DOCUMENTS/GitHub/BetaArcade/MasterBuild/Content/Woolf/Textures/Angus/Fence/M_Fence.uasset" 608
"../../../../../../DOCUMENTS/GitHub/BetaArcade/MasterBuild/Content/Woolf/Textures/Angus/Grass/Styilised_Grass_AO.uasset" 609
"../../../../../../DOCUMENTS/GitHub/BetaArcade/MasterBuild/Content/Woolf/Textures/Angus/Grass/Styilised_Grass_basecolor.uasset" 610
"../../../../../../DOCUMENTS/GitHub/BetaArcade/MasterBuild/Content/Woolf/Textures/Angus/Grass/Styilised_Grass_height.uasset" 611
"../../../../../../DOCUMENTS/GitHub/BetaArcade/MasterBuild/Content/Woolf/Textures/Angus/Grass/Styilised_Grass_metallic.uasset" 612
"../../../../../../DOCUMENTS/GitHub/BetaArcade/MasterBuild/Content/Woolf/Textures/Angus/Grass/Styilised_Grass_normal.uasset" 613
"../../../../../../DOCUMENTS/GitHub/BetaArcade/MasterBuild/Content/Woolf/Textures/Angus/Grass/Styilised_Grass_roughness.uasset" 614
"../../../../../../DOCUMENTS/GitHub/BetaArcade/MasterBuild/Content/Woolf/Textures/Angus/Grass/M_Grass.uasset" 615
"../../../../../../DOCUMENTS/GitHub/BetaArcade/MasterBuild/Content/Woolf/Textures/Angus/Mud/Styilised_Mud_AO.uasset" 616
"../../../../../../DOCUMENTS/GitHub/BetaArcade/MasterBuild/Content/Woolf/Textures/Angus/Mud/Styilised_Mud_basecolor.uasset" 617
"../../../../../../DOCUMENTS/GitHub/BetaArcade/MasterBuild/Content/Woolf/Textures/Angus/Mud/Styilised_Mud_height.uasset" 618
"../../../../../../DOCUMENTS/GitHub/BetaArcade/MasterBuild/Content/Woolf/Textures/Angus/Mud/Styilised_Mud_metallic.uasset" 619
"../../../../../../DOCUMENTS/GitHub/BetaArcade/MasterBuild/Content/Woolf/Textures/Angus/Mud/Styilised_Mud_normal.uasset" 620
"../../../../../../DOCUMENTS/GitHub/BetaArcade/MasterBuild/Content/Woolf/Textures/Angus/Mud/Styilised_Mud_roughness.uasset" 621
"../../../../../../DOCUMENTS/GitHub/BetaArcade/MasterBuild/Content/Woolf/Textures/Angus/Mud/M_Mud.uasset" 622
"../../../../../../DOCUMENTS/GitHub/BetaArcade/MasterBuild/Content/Woolf/Textures/Angus/Silo/T_Silo_01_Base.uasset" 623
"../../../../../../DOCUMENTS/GitHub/BetaArcade/MasterBuild/Content/Woolf/Textures/Angus/Silo/T_Silo_01_Normal.uasset" 624
"../../../../../../DOCUMENTS/GitHub/BetaArcade/MasterBuild/Content/Woolf/Textures/Angus/Silo/T_Silo_01AORM.uasset" 625
"../../../../../../DOCUMENTS/GitHub/BetaArcade/MasterBuild/Content/Woolf/Textures/Angus/Silo/M_Silo.uasset" 626
"../../../../../../DOCUMENTS/GitHub/BetaArcade/MasterBuild/Content/Woolf/Textures/Angus/Stable/T_Stable_AORM.uasset" 627
"../../../../../../DOCUMENTS/GitHub/BetaArcade/MasterBuild/Content/Woolf/Textures/Angus/Stable/T_Stable_Base.uasset" 628
"../../../../../../DOCUMENTS/GitHub/BetaArcade/MasterBuild/Content/Woolf/Textures/Angus/Stable/T_Stable_Normal.uasset" 629
"../../../../../../DOCUMENTS/GitHub/BetaArcade/MasterBuild/Content/Woolf/Textures/Angus/Stable/T_Stable.uasset" 630
"../../../../../../DOCUMENTS/GitHub/BetaArcade/MasterBuild/Content/Woolf/Textures/Angus/Tree_01/T_Tree_01_AORM.uasset" 631
"../../../../../../DOCUMENTS/GitHub/BetaArcade/MasterBuild/Content/Woolf/Textures/Angus/Tree_01/T_Tree_01_Base.uasset" 632
"../../../../../../DOCUMENTS/GitHub/BetaArcade/MasterBuild/Content/Woolf/Textures/Angus/Tree_01/T_Tree_01_Normal.uasset" 633
"../../../../../../DOCUMENTS/GitHub/BetaArcade/MasterBuild/Content/Woolf/Textures/Angus/Tree_01/NewMaterial.uasset" 634
"../../../../../../DOCUMENTS/GitHub/BetaArcade/MasterBuild/Content/Woolf/Textures/Angus/WaterTower/T_WaterTower_01_AORM.uasset" 635
"../../../../../../DOCUMENTS/GitHub/BetaArcade/MasterBuild/Content/Woolf/Textures/Angus/WaterTower/T_WaterTower_01_Normal.uasset" 636
"../../../../../../DOCUMENTS/GitHub/BetaArcade/MasterBuild/Content/Woolf/Textures/Angus/WaterTower/T_WaterTower_Base.uasset" 637
"../../../../../../DOCUMENTS/GitHub/BetaArcade/MasterBuild/Content/Woolf/Textures/Angus/WaterTower/M_Water_Tower_01.uasset" 638
"../../../Engine/Content/BasicShapes/Cube.uasset" 639
"../../../Engine/Content/EngineMaterials/DefaultPhysicalMaterial.uasset" 640
"../../../../../../DOCUMENTS/GitHub/BetaArcade/MasterBuild/Content/Woolf/Audio/MusicTracks/RawSound/SheepHeavenSTB.uasset" 641
"../../../../../../DOCUMENTS/GitHub/BetaArcade/MasterBuild/Content/Woolf/Audio/MusicTracks/SoundCue/SheepHeavenSTB_Cue.uasset" 642
"../../../../../../DOCUMENTS/GitHub/BetaArcade/MasterBuild/Content/Woolf/Textures/Angus/Barn/T_Barn_01_AORM.uasset" 643
"../../../../../../DOCUMENTS/GitHub/BetaArcade/MasterBuild/Content/Woolf/Textures/Angus/Barn/T_Barn_01_Base.uasset" 644
"../../../../../../DOCUMENTS/GitHub/BetaArcade/MasterBuild/Content/Woolf/Textures/Angus/Barn/T_Barn_01_Normal.uasset" 645
"../../../../../../DOCUMENTS/GitHub/BetaArcade/MasterBuild/Content/Woolf/Textures/Angus/Barn/M_Barn_01.uasset" 646
"../../../../../../DOCUMENTS/GitHub/BetaArcade/MasterBuild/Content/Woolf/Models/Angus/FBX/SM_Barn_01.uasset" 647
"../../../../../../DOCUMENTS/GitHub/BetaArcade/MasterBuild/Content/Woolf/Models/Angus/FBX/SM_Fence_01.uasset" 648
"../../../../../../DOCUMENTS/GitHub/BetaArcade/MasterBuild/Content/Woolf/Models/Angus/FBX/SM_OutHouse_01.uasset" 649
"../../../../../../DOCUMENTS/GitHub/BetaArcade/MasterBuild/Content/Woolf/Models/Angus/FBX/SM_Silo_01.uasset" 650
"../../../../../../DOCUMENTS/GitHub/BetaArcade/MasterBuild/Content/Woolf/Models/Angus/FBX/SM_Stable_01.uasset" 651
"../../../../../../DOCUMENTS/GitHub/BetaArcade/MasterBuild/Content/Woolf/Models/Angus/FBX/SM_Tree_01.uasset" 652
"../../../../../../DOCUMENTS/GitHub/BetaArcade/MasterBuild/Content/Woolf/Models/Angus/FBX/SM_WaterTower_01.uasset" 653
"../../../../../../DOCUMENTS/GitHub/BetaArcade/MasterBuild/Content/Woolf/Models/Sam/FBX_SAM/Grass.uasset" 654
"../../../../../../DOCUMENTS/GitHub/BetaArcade/MasterBuild/Content/Woolf/Models/Sam/FBX_SAM/Hay_Bale.uasset" 655
"../../../../../../DOCUMENTS/GitHub/BetaArcade/MasterBuild/Content/Woolf/Models/Sam/FBX_SAM/Hay_Bale_Round.uasset" 656
"../../../../../../DOCUMENTS/GitHub/BetaArcade/MasterBuild/Content/Woolf/Maps/Level1/NewSheepHeaven.umap" 657
"../../../Engine/Content/MapTemplates/SM_Template_Map_Floor.uasset" 658
"../../../../../../DOCUMENTS/GitHub/BetaArcade/MasterBuild/Content/Woolf/Maps/Level2/Assets/barn.uasset" 659
"../../../../../../DOCUMENTS/GitHub/BetaArcade/MasterBuild/Content/Woolf/Maps/Level2/Assets/barn_door.uasset" 660
"../../../../../../DOCUMENTS/GitHub/BetaArcade/MasterBuild/Content/Woolf/Maps/Level2/Assets/fence_1.uasset" 661
"../../../../../../DOCUMENTS/GitHub/BetaArcade/MasterBuild/Content/Woolf/Maps/Level2/Assets/floor.uasset" 662
"../../../../../../DOCUMENTS/GitHub/BetaArcade/MasterBuild/Content/Woolf/Maps/Level2/Assets/gate_fence_L.uasset" 663
"../../../../../../DOCUMENTS/GitHub/BetaArcade/MasterBuild/Content/Woolf/Maps/Level2/Assets/house.uasset" 664
"../../../../../../DOCUMENTS/GitHub/BetaArcade/MasterBuild/Content/Woolf/Maps/Level2/Farm.umap" 665
"../../../../../../DOCUMENTS/GitHub/BetaArcade/MasterBuild/Content/Other/Mannequin/Animations/ThirdPerson_Jump.uasset" 666
"../../../../../../DOCUMENTS/GitHub/BetaArcade/MasterBuild/Content/Other/Mannequin/Animations/ThirdPersonJump_Loop.uasset" 667
"../../../../../../DOCUMENTS/GitHub/BetaArcade/MasterBuild/Content/Other/Mannequin/Animations/ThirdPersonJump_Start.uasset" 668
"../../../../../../DOCUMENTS/GitHub/BetaArcade/MasterBuild/Content/Other/Mannequin/Animations/ThirdPersonIdle.uasset" 669
"../../../../../../DOCUMENTS/GitHub/BetaArcade/MasterBuild/Content/Other/Mannequin/Animations/ThirdPersonRun.uasset" 670
"../../../../../../DOCUMENTS/GitHub/BetaArcade/MasterBuild/Content/Other/Mannequin/Animations/ThirdPersonWalk.uasset" 671
"../../../../../../DOCUMENTS/GitHub/BetaArcade/MasterBuild/Content/Other/Mannequin/Animations/ThirdPerson_IdleRun_2D.uasset" 672
"../../../../../../DOCUMENTS/GitHub/BetaArcade/MasterBuild/Content/Other/Mannequin/Animations/ThirdPerson_AnimBP.uasset" 673
"../../../../../../DOCUMENTS/GitHub/BetaArcade/MasterBuild/Content/Other/ThirdPersonCPP/Blueprints/ThirdPersonCharacter.uasset" 674
"../../../../../../DOCUMENTS/GitHub/BetaArcade/MasterBuild/Content/Woolf/Maps/MainMenu/Assets/signpost.uasset" 675
"../../../../../../DOCUMENTS/GitHub/BetaArcade/MasterBuild/Content/Woolf/UI/W_MainMenu.uasset" 676
"../../../../../../DOCUMENTS/GitHub/BetaArcade/MasterBuild/Content/Woolf/Blueprints/Other/SignPost_BP.uasset" 677
"../../../../../../DOCUMENTS/GitHub/BetaArcade/MasterBuild/Content/Woolf/UI/W_HostMenu.uasset" 678
"../../../../../../DOCUMENTS/GitHub/BetaArcade/MasterBuild/Content/Woolf/UI/W_JoinMenu.uasset" 679
"../../../../../../DOCUMENTS/GitHub/BetaArcade/MasterBuild/Content/Woolf/Blueprints/Other/GameInfoInstance_BP.uasset" 680
"../../../../../../DOCUMENTS/GitHub/BetaArcade/MasterBuild/Content/Other/StarterContent/Materials/M_Ground_Grass.uasset" 681
"../../../../../../DOCUMENTS/GitHub/BetaArcade/MasterBuild/Content/Woolf/Audio/MusicTracks/RawSound/MainMenuSTB.uasset" 682
"../../../../../../DOCUMENTS/GitHub/BetaArcade/MasterBuild/Content/Woolf/Audio/MusicTracks/SoundCue/MainMenuST.uasset" 683
"../../../../../../DOCUMENTS/GitHub/BetaArcade/MasterBuild/Content/Woolf/Maps/MainMenu/Assets/hay.uasset" 684
"../../../../../../DOCUMENTS/GitHub/BetaArcade/MasterBuild/Content/Woolf/Maps/MainMenu/Assets/tractor.uasset" 685
"../../../../../../DOCUMENTS/GitHub/BetaArcade/MasterBuild/Content/Woolf/Maps/MainMenu/MainMenuLevel.umap" 686
"../../../../../../DOCUMENTS/GitHub/BetaArcade/MasterBuild/Content/Woolf/Textures/Other/Materials/Bush.uasset" 687
"../../../../../../DOCUMENTS/GitHub/BetaArcade/MasterBuild/Content/Woolf/Textures/Other/Materials/Fence.uasset" 688
"../../../../../../DOCUMENTS/GitHub/BetaArcade/MasterBuild/Content/Woolf/Models/Other/Tree.uasset" 689
"../../../../../../DOCUMENTS/GitHub/BetaArcade/MasterBuild/Content/Woolf/Textures/Other/Materials/Background.uasset" 690
"../../../../../../DOCUMENTS/GitHub/BetaArcade/MasterBuild/Content/Woolf/Textures/Other/Materials/Ground.uasset" 691
"../../../../../../DOCUMENTS/GitHub/BetaArcade/MasterBuild/Content/Woolf/Maps/UnUsed/Heaven.umap" 692
"../../../../../../DOCUMENTS/GitHub/BetaArcade/MasterBuild/Content/Woolf/Maps/UnUsed/InterationofSheepHeaven.umap" 693
"../../../../../../DOCUMENTS/GitHub/BetaArcade/MasterBuild/Content/Woolf/Maps/UnUsed/Lobby.umap" 694
"../../../../../../DOCUMENTS/GitHub/BetaArcade/MasterBuild/Content/Woolf/Maps/UnUsed/MainMenu.umap" 695
