Log file open, 12/29/19 22:37:15
LogWindows: Failed to load 'aqProf.dll' (GetLastError=126)
LogWindows: File 'aqProf.dll' does not exist
LogWindows: Failed to load 'VtuneApi.dll' (GetLastError=126)
LogWindows: File 'VtuneApi.dll' does not exist
LogWindows: Failed to load 'VtuneApi32e.dll' (GetLastError=126)
LogWindows: File 'VtuneApi32e.dll' does not exist
LogInit: Display: Running engine for game: MasterBuild
LogPlatformFile: Not using cached read wrapper
LogInit: Display: RandInit(-652364088) SRandInit(-652364088).
LogInit: Read version file with build ID '3944462'
LogInit: Overriding engine version to CL 4033788, compatible CL 3944462
LogInit: Registered custom module enumerator with build ID '3944462'
LogTaskGraph: Started task graph with 5 named threads and 35 total threads with 3 sets of task threads.
LogStats: Stats thread started at 0.515631
LogD3D11RHI: Aftermath initialized
LogICUInternationalization: Display: ICU TimeZone Detection - Raw Offset: +0:00, Platform Override: ''
LogPluginManager: Mounting plugin Paper2D
LogPluginManager: Mounting plugin LiveLink
LogPluginManager: Mounting plugin LightPropagationVolume
LogPluginManager: Mounting plugin CLionSourceCodeAccess
LogPluginManager: Mounting plugin CodeLiteSourceCodeAccess
LogPluginManager: Mounting plugin GitSourceControl
LogPluginManager: Mounting plugin KDevelopSourceCodeAccess
LogPluginManager: Mounting plugin NullSourceCodeAccess
LogPluginManager: Mounting plugin PerforceSourceControl
LogPluginManager: Mounting plugin SubversionSourceControl
LogPluginManager: Mounting plugin UObjectPlugin
LogPluginManager: Mounting plugin VisualStudioCodeSourceCodeAccess
LogPluginManager: Mounting plugin VisualStudioSourceCodeAccess
LogPluginManager: Mounting plugin XCodeSourceCodeAccess
LogPluginManager: Mounting plugin AssetManagerEditor
LogPluginManager: Mounting plugin CryptoKeys
LogPluginManager: Mounting plugin DataValidation
LogPluginManager: Mounting plugin FacialAnimation
LogPluginManager: Mounting plugin GameplayTagsEditor
LogPluginManager: Mounting plugin MobileLauncherProfileWizard
LogPluginManager: Mounting plugin PluginBrowser
LogPluginManager: Mounting plugin SpeedTreeImporter
LogPluginManager: Mounting plugin DatasmithContent
LogPluginManager: Mounting plugin AlembicImporter
LogPluginManager: Mounting plugin CharacterAI
LogPluginManager: Mounting plugin HTML5Networking
LogPluginManager: Mounting plugin AndroidMedia
LogPluginManager: Mounting plugin AvfMedia
LogPluginManager: Mounting plugin ImgMedia
LogPluginManager: Mounting plugin LinearTimecode
LogPluginManager: Mounting plugin MediaCompositing
LogPluginManager: Mounting plugin MediaPlayerEditor
LogPluginManager: Mounting plugin WmfMedia
LogPluginManager: Mounting plugin TcpMessaging
LogPluginManager: Mounting plugin UdpMessaging
LogPluginManager: Mounting plugin ActorSequence
LogPluginManager: Mounting plugin LevelSequenceEditor
LogPluginManager: Mounting plugin MatineeToLevelSequence
LogPluginManager: Mounting plugin NetcodeUnitTest
LogPluginManager: Mounting plugin NUTUnrealEngine4
LogPluginManager: Mounting plugin OnlineSubsystemGooglePlay
LogPluginManager: Mounting plugin OnlineSubsystemIOS
LogPluginManager: Mounting plugin OnlineSubsystem
LogPluginManager: Mounting plugin OnlineSubsystemNull
LogPluginManager: Mounting plugin OnlineSubsystemUtils
LogPluginManager: Mounting plugin AndroidDeviceProfileSelector
LogPluginManager: Mounting plugin AndroidMoviePlayer
LogPluginManager: Mounting plugin AndroidPermission
LogPluginManager: Mounting plugin AppleARKit
LogPluginManager: Mounting plugin AppleMoviePlayer
LogPluginManager: Mounting plugin ArchVisCharacter
LogPluginManager: Mounting plugin AudioCapture
LogPluginManager: Mounting plugin CableComponent
LogPluginManager: Mounting plugin CustomMeshComponent
LogPluginManager: Mounting plugin ExampleDeviceProfileSelector
LogPluginManager: Mounting plugin GoogleCloudMessaging
LogPluginManager: Mounting plugin ImmediatePhysics
LogPluginManager: Mounting plugin IOSDeviceProfileSelector
LogPluginManager: Mounting plugin LinuxDeviceProfileSelector
LogPluginManager: Mounting plugin LocationServicesBPLibrary
LogPluginManager: Mounting plugin MobilePatchingUtils
LogPluginManager: Mounting plugin OculusVR
LogPluginManager: Plugin shader directory ../../../Engine/Plugins/Runtime/Oculus/OculusVR/Shaders found
LogPluginManager: Mapping shader source directory ../../../Engine/Plugins/Runtime/Oculus/OculusVR/Shaders to virtual directory /Plugin/OculusVR
LogPluginManager: Mounting plugin PhysXVehicles
LogPluginManager: Mounting plugin ProceduralMeshComponent
LogPluginManager: Mounting plugin RuntimePhysXCooking
LogPluginManager: Mounting plugin SteamVR
LogPluginManager: Mounting plugin WindowsMoviePlayer
LogStreaming: Display: Took  0.156s to configure plugins.
LogModuleManager: Display: Found up-to-date module file ../../../../Documents/Beta Arcade/MasterBuild/Binaries/Win64/UE4Editor-MasterBuild.dll (API version 3944462).
LogModuleManager: Display: Found up-to-date module file ../../../Engine/Plugins/2D/Paper2D/Binaries/Win64/UE4Editor-Paper2D.dll (API version 3944462).
LogModuleManager: Display: Found up-to-date module file ../../../Engine/Plugins/2D/Paper2D/Binaries/Win64/UE4Editor-Paper2DEditor.dll (API version 3944462).
LogModuleManager: Display: Found up-to-date module file ../../../Engine/Plugins/2D/Paper2D/Binaries/Win64/UE4Editor-PaperSpriteSheetImporter.dll (API version 3944462).
LogModuleManager: Display: Found up-to-date module file ../../../Engine/Plugins/2D/Paper2D/Binaries/Win64/UE4Editor-PaperTiledImporter.dll (API version 3944462).
LogModuleManager: Display: Found up-to-date module file ../../../Engine/Plugins/2D/Paper2D/Binaries/Win64/UE4Editor-SmartSnapping.dll (API version 3944462).
LogModuleManager: Display: Found up-to-date module file ../../../Engine/Plugins/Animation/LiveLink/Binaries/Win64/UE4Editor-LiveLink.dll (API version 3944462).
LogModuleManager: Display: Found up-to-date module file ../../../Engine/Plugins/Animation/LiveLink/Binaries/Win64/UE4Editor-LiveLinkEditor.dll (API version 3944462).
LogModuleManager: Display: Found up-to-date module file ../../../Engine/Plugins/Blendables/LightPropagationVolume/Binaries/Win64/UE4Editor-LightPropagationVolumeRuntime.dll (API version 3944462).
LogModuleManager: Display: Found up-to-date module file ../../../Engine/Plugins/Blendables/LightPropagationVolume/Binaries/Win64/UE4Editor-LightPropagationVolumeEditor.dll (API version 3944462).
LogModuleManager: Display: Found up-to-date module file ../../../Engine/Plugins/Developer/CLionSourceCodeAccess/Binaries/Win64/UE4Editor-CLionSourceCodeAccess.dll (API version 3944462).
LogModuleManager: Display: Found up-to-date module file ../../../Engine/Plugins/Developer/GitSourceControl/Binaries/Win64/UE4Editor-GitSourceControl.dll (API version 3944462).
LogModuleManager: Display: Found up-to-date module file ../../../Engine/Plugins/Developer/PerforceSourceControl/Binaries/Win64/UE4Editor-PerforceSourceControl.dll (API version 3944462).
LogModuleManager: Display: Found up-to-date module file ../../../Engine/Plugins/Developer/SubversionSourceControl/Binaries/Win64/UE4Editor-SubversionSourceControl.dll (API version 3944462).
LogModuleManager: Display: Found up-to-date module file ../../../Engine/Plugins/Developer/UObjectPlugin/Binaries/Win64/UE4Editor-UObjectPlugin.dll (API version 3944462).
LogModuleManager: Display: Found up-to-date module file ../../../Engine/Plugins/Developer/VisualStudioCodeSourceCodeAccess/Binaries/Win64/UE4Editor-VisualStudioCodeSourceCodeAccess.dll (API version 3944462).
LogModuleManager: Display: Found up-to-date module file ../../../Engine/Plugins/Developer/VisualStudioSourceCodeAccess/Binaries/Win64/UE4Editor-VisualStudioSourceCodeAccess.dll (API version 3944462).
LogModuleManager: Display: Found up-to-date module file ../../../Engine/Plugins/Editor/AssetManagerEditor/Binaries/Win64/UE4Editor-AssetManagerEditor.dll (API version 3944462).
LogModuleManager: Display: Found up-to-date module file ../../../Engine/Plugins/Editor/CryptoKeys/Binaries/Win64/UE4Editor-CryptoKeys.dll (API version 3944462).
LogModuleManager: Display: Found up-to-date module file ../../../Engine/Plugins/Editor/CryptoKeys/Binaries/Win64/UE4Editor-CryptoKeysOpenSSL.dll (API version 3944462).
LogModuleManager: Display: Found up-to-date module file ../../../Engine/Plugins/Editor/DataValidation/Binaries/Win64/UE4Editor-DataValidation.dll (API version 3944462).
LogModuleManager: Display: Found up-to-date module file ../../../Engine/Plugins/Editor/FacialAnimation/Binaries/Win64/UE4Editor-FacialAnimation.dll (API version 3944462).
LogModuleManager: Display: Found up-to-date module file ../../../Engine/Plugins/Editor/FacialAnimation/Binaries/Win64/UE4Editor-FacialAnimationEditor.dll (API version 3944462).
LogModuleManager: Display: Found up-to-date module file ../../../Engine/Plugins/Editor/GameplayTagsEditor/Binaries/Win64/UE4Editor-GameplayTagsEditor.dll (API version 3944462).
LogModuleManager: Display: Found up-to-date module file ../../../Engine/Plugins/Editor/MobileLauncherProfileWizard/Binaries/Win64/UE4Editor-MobileLauncherProfileWizard.dll (API version 3944462).
LogModuleManager: Display: Found up-to-date module file ../../../Engine/Plugins/Editor/PluginBrowser/Binaries/Win64/UE4Editor-PluginBrowser.dll (API version 3944462).
LogModuleManager: Display: Found up-to-date module file ../../../Engine/Plugins/Editor/SpeedTreeImporter/Binaries/Win64/UE4Editor-SpeedTreeImporter.dll (API version 3944462).
LogModuleManager: Display: Found up-to-date module file ../../../Engine/Plugins/Enterprise/DatasmithContent/Binaries/Win64/UE4Editor-DatasmithContent.dll (API version 3944462).
LogModuleManager: Display: Found up-to-date module file ../../../Engine/Plugins/Experimental/AlembicImporter/Binaries/Win64/UE4Editor-AlembicImporter.dll (API version 3944462).
LogModuleManager: Display: Found up-to-date module file ../../../Engine/Plugins/Experimental/AlembicImporter/Binaries/Win64/UE4Editor-AlembicLibrary.dll (API version 3944462).
LogModuleManager: Display: Found up-to-date module file ../../../Engine/Plugins/Experimental/CharacterAI/Binaries/Win64/UE4Editor-CharacterAI.dll (API version 3944462).
LogModuleManager: Display: Found up-to-date module file ../../../Engine/Plugins/Experimental/HTML5Networking/Binaries/Win64/UE4Editor-HTML5Networking.dll (API version 3944462).
LogModuleManager: Display: Found up-to-date module file ../../../Engine/Plugins/Media/AndroidMedia/Binaries/Win64/UE4Editor-AndroidMediaEditor.dll (API version 3944462).
LogModuleManager: Display: Found up-to-date module file ../../../Engine/Plugins/Media/AndroidMedia/Binaries/Win64/UE4Editor-AndroidMediaFactory.dll (API version 3944462).
LogModuleManager: Display: Found up-to-date module file ../../../Engine/Plugins/Media/AvfMedia/Binaries/Win64/UE4Editor-AvfMediaEditor.dll (API version 3944462).
LogModuleManager: Display: Found up-to-date module file ../../../Engine/Plugins/Media/AvfMedia/Binaries/Win64/UE4Editor-AvfMediaFactory.dll (API version 3944462).
LogModuleManager: Display: Found up-to-date module file ../../../Engine/Plugins/Media/AvfMedia/Binaries/Win64/UE4Editor-AvfMediaFactory.dll (API version 3944462).
LogModuleManager: Display: Found up-to-date module file ../../../Engine/Plugins/Media/ImgMedia/Binaries/Win64/UE4Editor-ImgMedia.dll (API version 3944462).
LogModuleManager: Display: Found up-to-date module file ../../../Engine/Plugins/Media/ImgMedia/Binaries/Win64/UE4Editor-ImgMediaEditor.dll (API version 3944462).
LogModuleManager: Display: Found up-to-date module file ../../../Engine/Plugins/Media/ImgMedia/Binaries/Win64/UE4Editor-ImgMediaFactory.dll (API version 3944462).
LogModuleManager: Display: Found up-to-date module file ../../../Engine/Plugins/Media/ImgMedia/Binaries/Win64/UE4Editor-ImgMediaFactory.dll (API version 3944462).
LogModuleManager: Display: Found up-to-date module file ../../../Engine/Plugins/Media/ImgMedia/Binaries/Win64/UE4Editor-OpenExrWrapper.dll (API version 3944462).
LogModuleManager: Display: Found up-to-date module file ../../../Engine/Plugins/Media/LinearTimecode/Binaries/Win64/UE4Editor-LinearTimecode.dll (API version 3944462).
LogModuleManager: Display: Found up-to-date module file ../../../Engine/Plugins/Media/MediaCompositing/Binaries/Win64/UE4Editor-MediaCompositing.dll (API version 3944462).
LogModuleManager: Display: Found up-to-date module file ../../../Engine/Plugins/Media/MediaCompositing/Binaries/Win64/UE4Editor-MediaCompositingEditor.dll (API version 3944462).
LogModuleManager: Display: Found up-to-date module file ../../../Engine/Plugins/Media/MediaPlayerEditor/Binaries/Win64/UE4Editor-MediaPlayerEditor.dll (API version 3944462).
LogModuleManager: Display: Found up-to-date module file ../../../Engine/Plugins/Media/WmfMedia/Binaries/Win64/UE4Editor-WmfMedia.dll (API version 3944462).
LogModuleManager: Display: Found up-to-date module file ../../../Engine/Plugins/Media/WmfMedia/Binaries/Win64/UE4Editor-WmfMediaEditor.dll (API version 3944462).
LogModuleManager: Display: Found up-to-date module file ../../../Engine/Plugins/Media/WmfMedia/Binaries/Win64/UE4Editor-WmfMediaFactory.dll (API version 3944462).
LogModuleManager: Display: Found up-to-date module file ../../../Engine/Plugins/Media/WmfMedia/Binaries/Win64/UE4Editor-WmfMediaFactory.dll (API version 3944462).
LogModuleManager: Display: Found up-to-date module file ../../../Engine/Plugins/Messaging/TcpMessaging/Binaries/Win64/UE4Editor-TcpMessaging.dll (API version 3944462).
LogModuleManager: Display: Found up-to-date module file ../../../Engine/Plugins/Messaging/UdpMessaging/Binaries/Win64/UE4Editor-UdpMessaging.dll (API version 3944462).
LogModuleManager: Display: Found up-to-date module file ../../../Engine/Plugins/MovieScene/ActorSequence/Binaries/Win64/UE4Editor-ActorSequence.dll (API version 3944462).
LogModuleManager: Display: Found up-to-date module file ../../../Engine/Plugins/MovieScene/LevelSequenceEditor/Binaries/Win64/UE4Editor-LevelSequenceEditor.dll (API version 3944462).
LogModuleManager: Display: Found up-to-date module file ../../../Engine/Plugins/MovieScene/MatineeToLevelSequence/Binaries/Win64/UE4Editor-MatineeToLevelSequence.dll (API version 3944462).
LogModuleManager: Display: Found up-to-date module file ../../../Engine/Plugins/NetcodeUnitTest/NetcodeUnitTest/Binaries/Win64/UE4Editor-NetcodeUnitTest.dll (API version 3944462).
LogModuleManager: Display: Found up-to-date module file ../../../Engine/Plugins/NetcodeUnitTest/NUTUnrealEngine4/Binaries/Win64/UE4Editor-NUTUnrealEngine4.dll (API version 3944462).
LogModuleManager: Display: Found up-to-date module file ../../../Engine/Plugins/Online/OnlineSubsystem/Binaries/Win64/UE4Editor-OnlineSubsystem.dll (API version 3944462).
LogModuleManager: Display: Found up-to-date module file ../../../Engine/Plugins/Online/OnlineSubsystemNull/Binaries/Win64/UE4Editor-OnlineSubsystemNull.dll (API version 3944462).
LogModuleManager: Display: Found up-to-date module file ../../../Engine/Plugins/Online/OnlineSubsystemUtils/Binaries/Win64/UE4Editor-OnlineSubsystemUtils.dll (API version 3944462).
LogModuleManager: Display: Found up-to-date module file ../../../Engine/Plugins/Online/OnlineSubsystemUtils/Binaries/Win64/UE4Editor-OnlineBlueprintSupport.dll (API version 3944462).
LogModuleManager: Display: Found up-to-date module file ../../../Engine/Plugins/Runtime/AndroidDeviceProfileSelector/Binaries/Win64/UE4Editor-AndroidDeviceProfileSelector.dll (API version 3944462).
LogModuleManager: Display: Found up-to-date module file ../../../Engine/Plugins/Runtime/AndroidPermission/Binaries/Win64/UE4Editor-AndroidPermission.dll (API version 3944462).
LogModuleManager: Display: Found up-to-date module file ../../../Engine/Plugins/Runtime/AppleARKit/Binaries/Win64/UE4Editor-AppleARKit.dll (API version 3944462).
LogModuleManager: Display: Found up-to-date module file ../../../Engine/Plugins/Runtime/ArchVisCharacter/Binaries/Win64/UE4Editor-ArchVisCharacter.dll (API version 3944462).
LogModuleManager: Display: Found up-to-date module file ../../../Engine/Plugins/Runtime/AudioCapture/Binaries/Win64/UE4Editor-AudioCapture.dll (API version 3944462).
LogModuleManager: Display: Found up-to-date module file ../../../Engine/Plugins/Runtime/AudioCapture/Binaries/Win64/UE4Editor-AudioCaptureEditor.dll (API version 3944462).
LogModuleManager: Display: Found up-to-date module file ../../../Engine/Plugins/Runtime/CableComponent/Binaries/Win64/UE4Editor-CableComponent.dll (API version 3944462).
LogModuleManager: Display: Found up-to-date module file ../../../Engine/Plugins/Runtime/CustomMeshComponent/Binaries/Win64/UE4Editor-CustomMeshComponent.dll (API version 3944462).
LogModuleManager: Display: Found up-to-date module file ../../../Engine/Plugins/Runtime/ExampleDeviceProfileSelector/Binaries/Win64/UE4Editor-ExampleDeviceProfileSelector.dll (API version 3944462).
LogModuleManager: Display: Found up-to-date module file ../../../Engine/Plugins/Runtime/ImmediatePhysics/Binaries/Win64/UE4Editor-ImmediatePhysics.dll (API version 3944462).
LogModuleManager: Display: Found up-to-date module file ../../../Engine/Plugins/Runtime/ImmediatePhysics/Binaries/Win64/UE4Editor-ImmediatePhysicsEditor.dll (API version 3944462).
LogModuleManager: Display: Found up-to-date module file ../../../Engine/Plugins/Runtime/LocationServicesBPLibrary/Binaries/Win64/UE4Editor-LocationServicesBPLibrary.dll (API version 3944462).
LogModuleManager: Display: Found up-to-date module file ../../../Engine/Plugins/Runtime/MobilePatchingUtils/Binaries/Win64/UE4Editor-MobilePatchingUtils.dll (API version 3944462).
LogModuleManager: Display: Found up-to-date module file ../../../Engine/Plugins/Runtime/Oculus/OculusVR/Binaries/Win64/UE4Editor-OculusHMD.dll (API version 3944462).
LogModuleManager: Display: Found up-to-date module file ../../../Engine/Plugins/Runtime/Oculus/OculusVR/Binaries/Win64/UE4Editor-OculusInput.dll (API version 3944462).
LogModuleManager: Display: Found up-to-date module file ../../../Engine/Plugins/Runtime/Oculus/OculusVR/Binaries/Win64/UE4Editor-OculusEditor.dll (API version 3944462).
LogModuleManager: Display: Found up-to-date module file ../../../Engine/Plugins/Runtime/PhysXVehicles/Binaries/Win64/UE4Editor-PhysXVehicles.dll (API version 3944462).
LogModuleManager: Display: Found up-to-date module file ../../../Engine/Plugins/Runtime/PhysXVehicles/Binaries/Win64/UE4Editor-PhysXVehiclesEditor.dll (API version 3944462).
LogModuleManager: Display: Found up-to-date module file ../../../Engine/Plugins/Runtime/ProceduralMeshComponent/Binaries/Win64/UE4Editor-ProceduralMeshComponent.dll (API version 3944462).
LogModuleManager: Display: Found up-to-date module file ../../../Engine/Plugins/Runtime/ProceduralMeshComponent/Binaries/Win64/UE4Editor-ProceduralMeshComponentEditor.dll (API version 3944462).
LogModuleManager: Display: Found up-to-date module file ../../../Engine/Plugins/Runtime/RuntimePhysXCooking/Binaries/Win64/UE4Editor-RuntimePhysXCooking.dll (API version 3944462).
LogModuleManager: Display: Found up-to-date module file ../../../Engine/Plugins/Runtime/Steam/SteamVR/Binaries/Win64/UE4Editor-SteamVR.dll (API version 3944462).
LogModuleManager: Display: Found up-to-date module file ../../../Engine/Plugins/Runtime/Steam/SteamVR/Binaries/Win64/UE4Editor-SteamVRController.dll (API version 3944462).
LogModuleManager: Display: Found up-to-date module file ../../../Engine/Plugins/Runtime/WindowsMoviePlayer/Binaries/Win64/UE4Editor-WindowsMoviePlayer.dll (API version 3944462).
LogInit: Using libcurl 7.47.1
LogInit:  - built for x86_64-pc-win32
LogInit:  - supports SSL with OpenSSL/1.0.2g
LogInit:  - supports HTTP deflate (compression) using libz 1.2.8
LogInit:  - other features:
LogInit:      CURL_VERSION_SSL
LogInit:      CURL_VERSION_LIBZ
LogInit:      CURL_VERSION_IPV6
LogInit:      CURL_VERSION_ASYNCHDNS
LogInit:      CURL_VERSION_LARGEFILE
LogInit:      CURL_VERSION_IDN
LogInit:  CurlRequestOptions (configurable via config and command line):
LogInit:  - bVerifyPeer = false  - Libcurl will NOT verify peer certificate
LogInit:  - bUseHttpProxy = false  - Libcurl will NOT use HTTP proxy
LogInit:  - bDontReuseConnections = false  - Libcurl will reuse connections
LogInit:  - CertBundlePath = nullptr  - Libcurl will use whatever was configured at build time.
LogInit:  - MaxHostConnections = 16  - Libcurl will limit the number of connections to a host
LogInit:  - LocalHostAddr = Default
LogInit: WinSock: version 1.1 (2.2), MaxSocks=32767, MaxUdp=65467
LogInit: WinSock: I am DESKTOP-94TRTB7 (192.168.0.23:0)
LogInit: Build: ++UE4+Release-4.19-CL-4033788
LogInit: Engine Version: 4.19.2-4033788+++UE4+Release-4.19
LogInit: Compatible Engine Version: 4.19.0-3944462+++UE4+Release-4.19
LogInit: Net CL: 3944462
LogDevObjectVersion: Number of dev versions registered: 18
LogDevObjectVersion:   Dev-Blueprints (B0D832E4-1F89-4F0D-ACCF-7EB736FD4AA2): 10
LogDevObjectVersion:   Dev-Build (E1C64328-A22C-4D53-A36C-8E866417BD8C): 0
LogDevObjectVersion:   Dev-Core (375EC13C-06E4-48FB-B500-84F0262A717E): 2
LogDevObjectVersion:   Dev-Editor (E4B068ED-F494-42E9-A231-DA0B2E46BB41): 23
LogDevObjectVersion:   Dev-Framework (CFFC743F-43B0-4480-9391-14DF171D2073): 33
LogDevObjectVersion:   Dev-Mobile (B02B49B5-BB20-44E9-A304-32B752E40360): 2
LogDevObjectVersion:   Dev-Networking (A4E4105C-59A1-49B5-A7C5-40C4547EDFEE): 0
LogDevObjectVersion:   Dev-Online (39C831C9-5AE6-47DC-9A44-9C173E1C8E7C): 0
LogDevObjectVersion:   Dev-Physics (78F01B33-EBEA-4F98-B9B4-84EACCB95AA2): 0
LogDevObjectVersion:   Dev-Platform (6631380F-2D4D-43E0-8009-CF276956A95A): 0
LogDevObjectVersion:   Dev-Rendering (12F88B9F-8875-4AFC-A67C-D90C383ABD29): 25
LogDevObjectVersion:   Dev-Sequencer (7B5AE74C-D270-4C10-A958-57980B212A5A): 6
LogDevObjectVersion:   Dev-VR (D7296918-1DD6-4BDD-9DE2-64A83CC13884): 1
LogDevObjectVersion:   Dev-LoadTimes (C2A15278-BFE7-4AFE-6C17-90FF531DF755): 1
LogDevObjectVersion:   Private-Geometry (6EACA3D4-40EC-4CC1-B786-8BED09428FC5): 2
LogDevObjectVersion:   Dev-AnimPhys (29E575DD-E0A3-4627-9D10-D276232CDCEA): 16
LogDevObjectVersion:   Dev-ReflectionCapture (6B266CEC-1EC7-4B8F-A30B-E4D90942FC07): 1
LogDevObjectVersion:   Dev-Automation (0DF73D61-A23F-47EA-B727-89E90C41499A): 1
LogInit: Compiled (64-bit): Apr 27 2018 02:06:57
LogInit: Compiled with Visual C++: 19.00.24215.01
LogInit: Build Configuration: Development
LogInit: Branch Name: ++UE4+Release-4.19
LogInit: Command Line:  -skipcompile
LogInit: Base Directory: D:/UE_4.19/Engine/Binaries/Win64/
LogInit: Installed Engine Build: 1
LogStreaming: Display: Took  0.001s to delete old logs.
LogInit: Presizing for max 8388607 objects, including 0 objects not considered by GC, pre-allocating 0 bytes for permanent pool.
LogInit: Object subsystem initialized
[2019.12.29-22.37.19:122][  0]LogInit: Selected Device Profile: [Windows]
[2019.12.29-22.37.19:122][  0]LogInit: Applying CVar settings loaded from the selected device profile: [Windows]
[2019.12.29-22.37.19:141][  0]LogInit: Computer: DESKTOP-94TRTB7
[2019.12.29-22.37.19:141][  0]LogInit: User: User
[2019.12.29-22.37.19:141][  0]LogInit: CPU Page size=4096, Cores=6
[2019.12.29-22.37.19:141][  0]LogInit: High frequency timer resolution =10.000000 MHz
[2019.12.29-22.37.19:142][  0]LogMemory: Memory total: Physical=16.0GB (16GB approx)
[2019.12.29-22.37.19:142][  0]LogMemory: Platform Memory Stats for Windows
[2019.12.29-22.37.19:142][  0]LogMemory: Process Physical Memory: 285.04 MB used, 285.04 MB peak
[2019.12.29-22.37.19:142][  0]LogMemory: Process Virtual Memory: 282.75 MB used, 282.75 MB peak
[2019.12.29-22.37.19:142][  0]LogMemory: Physical Memory: 7268.25 MB used,  9067.11 MB free, 16335.36 MB total
[2019.12.29-22.37.19:142][  0]LogMemory: Virtual Memory: 4863.85 MB used,  9067.11 MB free, 134217728.00 MB total
[2019.12.29-22.37.19:188][  0]LogInit: Using OS detected language (en-GB).
[2019.12.29-22.37.19:188][  0]LogInit: Using OS detected locale (en-GB).
[2019.12.29-22.37.19:195][  0]LogTextLocalizationManager: No specific localization for 'en-GB' exists, so the 'en' localization will be used.
[2019.12.29-22.37.19:686][  0]LogStreaming: Display: Took  0.497s to EndInitTextLocalization.
[2019.12.29-22.37.19:686][  0]LogInit: Setting process to per monitor DPI aware
[2019.12.29-22.37.19:746][  0]LogSlate: New Slate User Created.  User Index 0, Is Virtual User: 0
[2019.12.29-22.37.19:746][  0]LogSlate: Slate User Registered.  User Index 0, Is Virtual User: 0
[2019.12.29-22.37.20:126][  0]LogD3D11RHI: D3D11 adapters:
[2019.12.29-22.37.20:209][  0]LogD3D11RHI:    0. 'NVIDIA GeForce GTX 1060 6GB' (Feature Level 11_0)
[2019.12.29-22.37.20:209][  0]LogD3D11RHI:       6052/0/8167 MB DedicatedVideo/DedicatedSystem/SharedSystem, Outputs:2, VendorId:0x10de
[2019.12.29-22.37.20:216][  0]LogD3D11RHI:    1. 'Microsoft Basic Render Driver' (Feature Level 11_0)
[2019.12.29-22.37.20:216][  0]LogD3D11RHI:       0/0/8167 MB DedicatedVideo/DedicatedSystem/SharedSystem, Outputs:0, VendorId:0x1414
[2019.12.29-22.37.20:216][  0]LogD3D11RHI: Chosen D3D11 Adapter: 0
[2019.12.29-22.37.20:228][  0]LogD3D11RHI: Creating new Direct3DDevice
[2019.12.29-22.37.20:228][  0]LogD3D11RHI:     GPU DeviceId: 0x1c03 (for the marketing name, search the web for "GPU Device Id")
[2019.12.29-22.37.20:228][  0]LogWindows: EnumDisplayDevices:
[2019.12.29-22.37.20:228][  0]LogWindows:    0. 'NVIDIA GeForce GTX 1060 6GB' (P:1 D:1)
[2019.12.29-22.37.20:228][  0]LogWindows:    1. 'NVIDIA GeForce GTX 1060 6GB' (P:0 D:1)
[2019.12.29-22.37.20:229][  0]LogWindows:    2. 'NVIDIA GeForce GTX 1060 6GB' (P:0 D:0)
[2019.12.29-22.37.20:229][  0]LogWindows:    3. 'NVIDIA GeForce GTX 1060 6GB' (P:0 D:0)
[2019.12.29-22.37.20:229][  0]LogWindows: DebugString: GetVideoDriverDetailsInvalid PrimaryIsNotTheChoosenAdapter GetVideoDriverDetailsInvalid PrimaryIsNotTheChoosenAdapter GetVideoDriverDetailsInvalid PrimaryIsNotTheChoosenAdapter GetVideoDriverDetailsInvalid PrimaryIsNotTheChoosenAdapter FoundDriverCount:0 
[2019.12.29-22.37.20:229][  0]LogD3D11RHI:     Adapter Name: NVIDIA GeForce GTX 1060 6GB
[2019.12.29-22.37.20:229][  0]LogD3D11RHI:   Driver Version: Unknown (internal:Unknown, unified:Unknown)
[2019.12.29-22.37.20:230][  0]LogD3D11RHI:      Driver Date: Unknown
[2019.12.29-22.37.20:230][  0]LogRHI: Texture pool is 4236 MB (70% of 6052 MB)
[2019.12.29-22.37.20:297][  0]LogD3D11RHI: [Aftermath] Aftermath enabled and primed
[2019.12.29-22.37.20:297][  0]LogD3D11RHI: [Aftermath] Aftermath enabled and primed
[2019.12.29-22.37.20:297][  0]LogD3D11RHI: Async texture creation enabled
[2019.12.29-22.37.20:321][  0]LogD3D11RHI: GPU Timing Frequency: 1000.000000 (Debug: 2 1)
[2019.12.29-22.37.20:372][  0]LogShaderCompilers: Guid format shader working directory is 0 characters bigger than the processId version (../../../../Documents/Beta Arcade/MasterBuild/Intermediate/Shaders/WorkingDirectory/8712/).
[2019.12.29-22.37.20:372][  0]LogShaderCompilers: Cleaned the shader compiler working directory 'C:/Users/User/AppData/Local/Temp/UnrealShaderWorkingDir/79FDE2FD41F7C3B3CA1176B61F29CC25/'.
[2019.12.29-22.37.20:651][  0]LogTemp: Display: Loaded TP AllDesktopTargetPlatform
[2019.12.29-22.37.20:671][  0]LogTemp: Display: Loaded TP MacClientTargetPlatform
[2019.12.29-22.37.20:691][  0]LogTemp: Display: Loaded TP MacNoEditorTargetPlatform
[2019.12.29-22.37.20:711][  0]LogTemp: Display: Loaded TP MacServerTargetPlatform
[2019.12.29-22.37.20:732][  0]LogTemp: Display: Loaded TP MacTargetPlatform
[2019.12.29-22.37.20:756][  0]LogTemp: Display: Loaded TP WindowsClientTargetPlatform
[2019.12.29-22.37.20:776][  0]LogTemp: Display: Loaded TP WindowsNoEditorTargetPlatform
[2019.12.29-22.37.20:796][  0]LogTemp: Display: Loaded TP WindowsServerTargetPlatform
[2019.12.29-22.37.20:806][  0]LogTemp: Display: Loaded TP WindowsTargetPlatform
[2019.12.29-22.37.20:825][  0]LogTemp: Display: Loaded TP Android_ASTCTargetPlatform
[2019.12.29-22.37.20:844][  0]LogTemp: Display: Loaded TP Android_ATCTargetPlatform
[2019.12.29-22.37.20:863][  0]LogTemp: Display: Loaded TP Android_DXTTargetPlatform
[2019.12.29-22.37.20:881][  0]LogTemp: Display: Loaded TP Android_ETC1aTargetPlatform
[2019.12.29-22.37.20:900][  0]LogTemp: Display: Loaded TP Android_ETC1TargetPlatform
[2019.12.29-22.37.20:919][  0]LogTemp: Display: Loaded TP Android_ETC2TargetPlatform
[2019.12.29-22.37.20:957][  0]LogTemp: Display: Loaded TP Android_MultiTargetPlatform
[2019.12.29-22.37.20:957][  0]LogTemp: Display: Loaded TP Android_PVRTCTargetPlatform
[2019.12.29-22.37.20:976][  0]LogTemp: Display: Loaded TP AndroidTargetPlatform
[2019.12.29-22.37.20:980][  0]LogTemp: Display: Loaded TP HTML5TargetPlatform
[2019.12.29-22.37.21:030][  0]LogTemp: Display: Loaded TP IOSTargetPlatform
[2019.12.29-22.37.21:048][  0]LogTemp: Display: Loaded TP TVOSTargetPlatform
[2019.12.29-22.37.21:068][  0]LogTemp: Display: Loaded TP LinuxClientTargetPlatform
[2019.12.29-22.37.21:086][  0]LogTemp: Display: Loaded TP LinuxNoEditorTargetPlatform
[2019.12.29-22.37.21:105][  0]LogTemp: Display: Loaded TP LinuxServerTargetPlatform
[2019.12.29-22.37.21:123][  0]LogTemp: Display: Loaded TP LinuxTargetPlatform
[2019.12.29-22.37.21:124][  0]LogTargetPlatformManager: Display: Building Assets For Windows
[2019.12.29-22.37.21:334][  0]LogXGEController: Cleaning working directory: C:/Users/User/AppData/Local/Temp/UnrealXGEWorkingDir/
[2019.12.29-22.37.21:334][  0]LogXGEController: Cannot use XGE Controller as Incredibuild is not installed on this machine.
[2019.12.29-22.37.21:334][  0]LogShaderCompilers: Cannot use XGE Shader Compiler as Incredibuild is not installed on this machine.
[2019.12.29-22.37.21:334][  0]LogShaderCompilers: Display: Using Local Shader Compiler.
[2019.12.29-22.37.22:099][  0]LogDerivedDataCache: Display: Max Cache Size: 512 MB
[2019.12.29-22.37.22:180][  0]LogDerivedDataCache: Loaded boot cache 0.08s 77MB C:/Users/User/AppData/Local/UnrealEngine/4.19/DerivedDataCache/Boot.ddc.
[2019.12.29-22.37.22:181][  0]LogDerivedDataCache: Display: Loaded Boot cache: C:/Users/User/AppData/Local/UnrealEngine/4.19/DerivedDataCache/Boot.ddc
[2019.12.29-22.37.22:181][  0]LogDerivedDataCache: FDerivedDataBackendGraph:  Pak pak cache file ../../../../Documents/Beta Arcade/MasterBuild/DerivedDataCache/DDC.ddp not found, will not use a pak cache.
[2019.12.29-22.37.22:181][  0]LogDerivedDataCache: Unable to find inner node Pak for hierarchical cache Hierarchy.
[2019.12.29-22.37.22:181][  0]LogDerivedDataCache: FDerivedDataBackendGraph:  CompressedPak pak cache file ../../../../Documents/Beta Arcade/MasterBuild/DerivedDataCache/Compressed.ddp not found, will not use a pak cache.
[2019.12.29-22.37.22:181][  0]LogDerivedDataCache: Unable to find inner node CompressedPak for hierarchical cache Hierarchy.
[2019.12.29-22.37.22:202][  0]LogDerivedDataCache: Display: Pak cache opened for reading ../../../Engine/DerivedDataCache/Compressed.ddp.
[2019.12.29-22.37.22:216][  0]LogDerivedDataCache: Using Local data cache path C:/Users/User/AppData/Local/UnrealEngine/Common/DerivedDataCache: Writable
[2019.12.29-22.37.22:216][  0]LogDerivedDataCache: Shared data cache path not found in *engine.ini, will not use an Shared cache.
[2019.12.29-22.37.22:216][  0]LogDerivedDataCache: Unable to find inner node Shared for hierarchical cache Hierarchy.
[2019.12.29-22.37.22:230][  0]LogMaterial: Verifying Global Shaders for PCD3D_SM5
[2019.12.29-22.37.22:230][  0]LogSlate: Using Freetype 2.6.0
[2019.12.29-22.37.22:232][  0]LogSlate: SlateFontCache - WITH_FREETYPE: 1, WITH_HARFBUZZ: 1
[2019.12.29-22.37.22:232][  0]LogSlate: SlateFontCache - WITH_FREETYPE: 1, WITH_HARFBUZZ: 1
[2019.12.29-22.37.22:413][  0]LogAssetRegistry: FAssetRegistry took 0.0304 seconds to start up
[2019.12.29-22.37.22:811][  0]LogInit: Selected Device Profile: [Windows]
[2019.12.29-22.37.23:003][  0]LogSimplygon: Simplygon DLL not present - disabling.
[2019.12.29-22.37.23:008][  0]LogMeshReduction: Using SimplygonSwarm for distributed automatic mesh merging
[2019.12.29-22.37.23:008][  0]LogMeshReduction: Using QuadricMeshReduction for automatic static mesh reduction
[2019.12.29-22.37.23:008][  0]LogMeshReduction: No automatic skeletal mesh reduction module available
[2019.12.29-22.37.23:008][  0]LogMeshReduction: No automatic mesh merging module available
[2019.12.29-22.37.23:009][  0]LogMeshMerging: No automatic mesh merging module available
[2019.12.29-22.37.23:058][  0]LogNetVersion: MasterBuild , NetCL: 3944462, EngineNetVer: 2, GameNetVer: 0 (Checksum: 2426174287)
[2019.12.29-22.37.23:618][  0]LogPackageLocalizationCache: Processed 9 localized package path(s) for 2 prioritized culture(s) in 0.127819 seconds
[2019.12.29-22.37.23:627][  0]LogUObjectArray: 36728 objects as part of root set at end of initial load.
[2019.12.29-22.37.23:628][  0]LogUObjectAllocator: 7314304 out of 0 bytes used by permanent object pool.
[2019.12.29-22.37.23:628][  0]LogUObjectArray: CloseDisregardForGC: 0/0 objects in disregard for GC pool
[2019.12.29-22.37.25:830][  0]LogTcpMessaging: Initializing TcpMessaging bridge
[2019.12.29-22.37.25:878][  0]LogUdpMessaging: Initializing bridge on interface 0.0.0.0:0 to multicast group 230.0.0.1:6666.
[2019.12.29-22.37.26:319][  0]LogUObjectGlobals: Created PersistentFrame Addr=0x00000195f5b66c00, Size=72, Default__ThirdPerson_AnimBP_C Function /Game/Mannequin/Animations/ThirdPerson_AnimBP.ThirdPerson_AnimBP_C:ExecuteUbergraph_ThirdPerson_AnimBP
[2019.12.29-22.37.26:327][  0]LogUObjectGlobals: Destroyed PersistentFrame Addr=0x00000195f5b66c00, Size=72
[2019.12.29-22.37.26:327][  0]LogUObjectGlobals: Created PersistentFrame Addr=0x00000195f5882ac0, Size=72, Default__ThirdPerson_AnimBP_C Function /Engine/Transient.REINST_ThirdPerson_AnimBP_C_0:ExecuteUbergraph_ThirdPerson_AnimBP
[2019.12.29-22.37.26:336][  0]LogUObjectGlobals: Created PersistentFrame Addr=0x00000195f5849530, Size=72, Default__ThirdPerson_AnimBP_C Function /Game/Mannequin/Animations/ThirdPerson_AnimBP.ThirdPerson_AnimBP_C:ExecuteUbergraph_ThirdPerson_AnimBP
[2019.12.29-22.37.26:428][  0]LogSkeletalMesh: Skeletal Mesh found in DDC [2.831400ms] /Game/Mannequin/Character/Mesh/SK_Mannequin.SK_Mannequin
[2019.12.29-22.37.26:682][  0]SourceControl: Source control is disabled
[2019.12.29-22.37.26:682][  0]SourceControl: Source control is disabled
[2019.12.29-22.37.26:717][  0]SourceControl: Source control is disabled
[2019.12.29-22.37.26:753][  0]SourceControl: Source control is disabled
[2019.12.29-22.37.27:588][  0]LogAndroidPermission: UAndroidPermissionCallbackProxy::GetInstance
[2019.12.29-22.37.27:991][  0]LogOcInput: OculusInput pre-init called
[2019.12.29-22.37.28:162][  0]LogEngine: Initializing Engine...
[2019.12.29-22.37.28:163][  0]LogHMD: Oculus plugin initialized. Version: 4.19.2-4033788+++UE4+Release-4.19, OVRPlugin: 1.21.0
[2019.12.29-22.37.28:164][  0]LogStats: UGameplayTagsManager::ConstructGameplayTagTree: Construct from data asset -  0.000 s
[2019.12.29-22.37.28:165][  0]LogStats: UGameplayTagsManager::ConstructGameplayTagTree: GameplayTagTreeChangedEvent.Broadcast -  0.000 s
[2019.12.29-22.37.28:430][  0]LogAIModule: Creating AISystem for world Untitled
[2019.12.29-22.37.28:485][  0]LogInit: XAudio2 using 'Speakers (Logitech G633 Gaming Headset)' : 6 channels at 48 kHz using 16 bits per sample (channel mask 0x3f)
[2019.12.29-22.37.28:523][  0]LogInit: FAudioDevice initialized.
[2019.12.29-22.37.28:686][  0]LogDerivedDataCache: Saved boot cache 0.16s 77MB C:/Users/User/AppData/Local/UnrealEngine/4.19/DerivedDataCache/Boot.ddc.
[2019.12.29-22.37.28:709][  0]LogInit: Texture streaming: Enabled
[2019.12.29-22.37.28:738][  0]LogEngineSessionManager: EngineSessionManager initialized
[2019.12.29-22.37.28:750][  0]LogInit: Transaction tracking system initialized
[2019.12.29-22.37.28:787][  0]BlueprintLog: New page: Editor Load
[2019.12.29-22.37.28:964][  0]LocalizationService: Localization service is disabled
[2019.12.29-22.37.29:131][  0]LogConsoleResponse: Display: 
[2019.12.29-22.37.29:302][  0]LogCook: Display: Max memory allowance for cook 16384mb min free memory 0mb
[2019.12.29-22.37.29:303][  0]LogCook: Display: Mobile HDR setting 1
[2019.12.29-22.37.29:303][  0]LogGameplayTags: Display: UGameplayTagsManager::DoneAddingNativeTags. DelegateIsBound: 0
[2019.12.29-22.37.29:303][  0]LogStats: UGameplayTagsManager::ConstructGameplayTagTree: Construct from data asset -  0.000 s
[2019.12.29-22.37.29:303][  0]LogStats: UGameplayTagsManager::ConstructGameplayTagTree: GameplayTagTreeChangedEvent.Broadcast -  0.000 s
[2019.12.29-22.37.29:823][  0]LogFileCache: Scanning file cache for directory 'D:/Documents/Beta Arcade/MasterBuild/Content/' took 0.03s
[2019.12.29-22.37.29:982][  0]SourceControl: Source control is disabled
[2019.12.29-22.37.29:982][  0]Cmd: MAP LOAD FILE="../../../../Documents/Beta Arcade/MasterBuild/Content/Woolf/Maps/2/NewSheepHeaven.umap" TEMPLATE=0 SHOWPROGRESS=1 FEATURELEVEL=3
[2019.12.29-22.37.29:983][  0]LightingResults: New page: Lighting Build
[2019.12.29-22.37.29:985][  0]MapCheck: New page: Map Check
[2019.12.29-22.37.29:985][  0]LightingResults: New page: Lighting Build
[2019.12.29-22.37.29:995][  0]LogUObjectGlobals: Destroyed PersistentFrame Addr=0x00000195f5882ac0, Size=72
[2019.12.29-22.37.30:140][  0]LogUObjectGlobals: Created PersistentFrame Addr=0x00000195df606200, Size=704, Default__GameInfoInstance_BP_C Function /Game/Woolf/Blueprints/GameInfoInstance_BP.GameInfoInstance_BP_C:ExecuteUbergraph_GameInfoInstance_BP
[2019.12.29-22.37.30:142][  0]LogUObjectGlobals: Created PersistentFrame Addr=0x00000195df591200, Size=32, Default__W_MainMenu_C Function /Game/Woolf/UI/W_MainMenu.W_MainMenu_C:ExecuteUbergraph_W_MainMenu
[2019.12.29-22.37.30:152][  0]LogUObjectGlobals: Created PersistentFrame Addr=0x00000195df548580, Size=64, Default__W_HostMenu_C Function /Game/Woolf/UI/W_HostMenu.W_HostMenu_C:ExecuteUbergraph_W_HostMenu
[2019.12.29-22.37.30:162][  0]LogUObjectGlobals: Created PersistentFrame Addr=0x00000195df4d37e0, Size=160, Default__W_JoinMenu_C Function /Game/Woolf/UI/W_JoinMenu.W_JoinMenu_C:ExecuteUbergraph_W_JoinMenu
[2019.12.29-22.37.30:185][  0]LogUObjectGlobals: Destroyed PersistentFrame Addr=0x00000195df606200, Size=704
[2019.12.29-22.37.30:185][  0]LogUObjectGlobals: Created PersistentFrame Addr=0x00000195dc062b00, Size=704, Default__GameInfoInstance_BP_C Function /Engine/Transient.REINST_GameInfoInstance_BP_C_8:ExecuteUbergraph_GameInfoInstance_BP
[2019.12.29-22.37.30:186][  0]LogUObjectGlobals: Destroyed PersistentFrame Addr=0x00000195df548580, Size=64
[2019.12.29-22.37.30:186][  0]LogUObjectGlobals: Created PersistentFrame Addr=0x00000195dc05ed80, Size=64, Default__W_HostMenu_C Function /Engine/Transient.REINST_W_HostMenu_C_0:ExecuteUbergraph_W_HostMenu
[2019.12.29-22.37.30:187][  0]LogUObjectGlobals: Destroyed PersistentFrame Addr=0x00000195df4d37e0, Size=160
[2019.12.29-22.37.30:187][  0]LogUObjectGlobals: Created PersistentFrame Addr=0x00000195dc00c680, Size=160, Default__W_JoinMenu_C Function /Engine/Transient.REINST_W_JoinMenu_C_1:ExecuteUbergraph_W_JoinMenu
[2019.12.29-22.37.30:187][  0]LogUObjectGlobals: Destroyed PersistentFrame Addr=0x00000195df591200, Size=32
[2019.12.29-22.37.30:188][  0]LogUObjectGlobals: Created PersistentFrame Addr=0x00000195dc042b60, Size=32, Default__W_MainMenu_C Function /Engine/Transient.REINST_W_MainMenu_C_2:ExecuteUbergraph_W_MainMenu
[2019.12.29-22.37.30:206][  0]LogUObjectGlobals: Created PersistentFrame Addr=0x00000195dbf72e00, Size=704, Default__GameInfoInstance_BP_C Function /Game/Woolf/Blueprints/GameInfoInstance_BP.GameInfoInstance_BP_C:ExecuteUbergraph_GameInfoInstance_BP
[2019.12.29-22.37.30:210][  0]LogUObjectGlobals: Created PersistentFrame Addr=0x00000195dbeeeb00, Size=64, Default__W_HostMenu_C Function /Game/Woolf/UI/W_HostMenu.W_HostMenu_C:ExecuteUbergraph_W_HostMenu
[2019.12.29-22.37.30:212][  0]LogUObjectGlobals: Created PersistentFrame Addr=0x00000195dbd8ad40, Size=160, Default__W_JoinMenu_C Function /Game/Woolf/UI/W_JoinMenu.W_JoinMenu_C:ExecuteUbergraph_W_JoinMenu
[2019.12.29-22.37.30:214][  0]LogUObjectGlobals: Created PersistentFrame Addr=0x00000195dbf4c820, Size=32, Default__W_MainMenu_C Function /Game/Woolf/UI/W_MainMenu.W_MainMenu_C:ExecuteUbergraph_W_MainMenu
[2019.12.29-22.37.30:240][  0]LogUObjectGlobals: Created PersistentFrame Addr=0x00000195df50b100, Size=336, Default__Wolfy_BP_C Function /Game/Woolf/Blueprints/Player/Wolfy_BP.Wolfy_BP_C:ExecuteUbergraph_Wolfy_BP
[2019.12.29-22.37.30:249][  0]LogUObjectGlobals: Created PersistentFrame Addr=0x00000195dbd9f910, Size=48, Default__Wolf_AnimBP_C Function /Game/Woolf/Models/Assets/Alex/Wolf_AnimBP.Wolf_AnimBP_C:ExecuteUbergraph_Wolf_AnimBP
[2019.12.29-22.37.30:294][  0]LogUObjectGlobals: Destroyed PersistentFrame Addr=0x00000195dbd9f910, Size=48
[2019.12.29-22.37.30:294][  0]LogUObjectGlobals: Created PersistentFrame Addr=0x00000195dbd9f910, Size=48, Default__Wolf_AnimBP_C Function /Engine/Transient.REINST_Wolf_AnimBP_C_1:ExecuteUbergraph_Wolf_AnimBP
[2019.12.29-22.37.30:296][  0]LogUObjectGlobals: Destroyed PersistentFrame Addr=0x00000195df50b100, Size=336
[2019.12.29-22.37.30:296][  0]LogUObjectGlobals: Created PersistentFrame Addr=0x00000195dfb21300, Size=336, Default__Wolfy_BP_C Function /Engine/Transient.REINST_Wolfy_BP_C_15:ExecuteUbergraph_Wolfy_BP
[2019.12.29-22.37.30:317][  0]LogUObjectGlobals: Created PersistentFrame Addr=0x00000195db56db10, Size=48, Default__Wolf_AnimBP_C Function /Game/Woolf/Models/Assets/Alex/Wolf_AnimBP.Wolf_AnimBP_C:ExecuteUbergraph_Wolf_AnimBP
[2019.12.29-22.37.30:321][  0]LogUObjectGlobals: Created PersistentFrame Addr=0x00000195e074fb80, Size=336, Default__Wolfy_BP_C Function /Game/Woolf/Blueprints/Player/Wolfy_BP.Wolfy_BP_C:ExecuteUbergraph_Wolfy_BP
[2019.12.29-22.37.30:341][  0]LogUObjectGlobals: Created PersistentFrame Addr=0x00000195dfaba660, Size=12, Default__Sheep_BP_C Function /Game/Woolf/Blueprints/Sheep/Sheep_BP.Sheep_BP_C:ExecuteUbergraph_Sheep_BP
[2019.12.29-22.37.30:344][  0]LogUObjectGlobals: Destroyed PersistentFrame Addr=0x00000195dfaba660, Size=12
[2019.12.29-22.37.30:344][  0]LogUObjectGlobals: Created PersistentFrame Addr=0x00000195dfaba660, Size=12, Default__Sheep_BP_C Function /Engine/Transient.REINST_Sheep_BP_C_19:ExecuteUbergraph_Sheep_BP
[2019.12.29-22.37.30:345][  0]LogUObjectGlobals: Created PersistentFrame Addr=0x00000195dfaba570, Size=12, Default__Sheep_BP_C Function /Game/Woolf/Blueprints/Sheep/Sheep_BP.Sheep_BP_C:ExecuteUbergraph_Sheep_BP
[2019.12.29-22.37.30:488][  0]LogUObjectGlobals: Created PersistentFrame Addr=0x00000195df59ce80, Size=4, Default__W_Lose_C Function /Game/Woolf/UI/W_Lose.W_Lose_C:ExecuteUbergraph_W_Lose
[2019.12.29-22.37.30:491][  0]LogUObjectGlobals: Destroyed PersistentFrame Addr=0x00000195df59ce80, Size=4
[2019.12.29-22.37.30:491][  0]LogUObjectGlobals: Created PersistentFrame Addr=0x00000195df59ce80, Size=4, Default__W_Lose_C Function /Engine/Transient.REINST_W_Lose_C_4:ExecuteUbergraph_W_Lose
[2019.12.29-22.37.30:492][  0]LogUObjectGlobals: Created PersistentFrame Addr=0x00000195df59cda8, Size=4, Default__W_Lose_C Function /Game/Woolf/UI/W_Lose.W_Lose_C:ExecuteUbergraph_W_Lose
[2019.12.29-22.37.30:498][  0]LogUObjectGlobals: Created PersistentFrame Addr=0x00000195e079f280, Size=32, Default__W_ReadyUP_C Function /Game/Woolf/UI/W_ReadyUP.W_ReadyUP_C:ExecuteUbergraph_W_ReadyUP
[2019.12.29-22.37.30:501][  0]LogUObjectGlobals: Destroyed PersistentFrame Addr=0x00000195e079f280, Size=32
[2019.12.29-22.37.30:501][  0]LogUObjectGlobals: Created PersistentFrame Addr=0x00000195e079f280, Size=32, Default__W_ReadyUP_C Function /Engine/Transient.REINST_W_ReadyUP_C_5:ExecuteUbergraph_W_ReadyUP
[2019.12.29-22.37.30:503][  0]LogUObjectGlobals: Created PersistentFrame Addr=0x00000195e079e360, Size=32, Default__W_ReadyUP_C Function /Game/Woolf/UI/W_ReadyUP.W_ReadyUP_C:ExecuteUbergraph_W_ReadyUP
[2019.12.29-22.37.30:507][  0]LogUObjectGlobals: Created PersistentFrame Addr=0x00000195df59cc10, Size=4, Default__W_Win_C Function /Game/Woolf/UI/W_Win.W_Win_C:ExecuteUbergraph_W_Win
[2019.12.29-22.37.30:510][  0]LogUObjectGlobals: Destroyed PersistentFrame Addr=0x00000195df59cc10, Size=4
[2019.12.29-22.37.30:510][  0]LogUObjectGlobals: Created PersistentFrame Addr=0x00000195df59cc10, Size=4, Default__W_Win_C Function /Engine/Transient.REINST_W_Win_C_6:ExecuteUbergraph_W_Win
[2019.12.29-22.37.30:511][  0]LogUObjectGlobals: Created PersistentFrame Addr=0x00000195df59cb30, Size=4, Default__W_Win_C Function /Game/Woolf/UI/W_Win.W_Win_C:ExecuteUbergraph_W_Win
[2019.12.29-22.37.30:518][  0]LogUObjectGlobals: Created PersistentFrame Addr=0x00000195deb5f580, Size=400, Default__NewSheepHeaven_C Function /Game/Woolf/Maps/2/NewSheepHeaven.NewSheepHeaven_C:ExecuteUbergraph_NewSheepHeaven
[2019.12.29-22.37.30:528][  0]LogUObjectGlobals: Destroyed PersistentFrame Addr=0x00000195deb5f580, Size=400
[2019.12.29-22.37.30:529][  0]LogUObjectGlobals: Created PersistentFrame Addr=0x00000195deb5f580, Size=400, Default__NewSheepHeaven_C Function /Engine/Transient.REINST_NewSheepHeaven_C_24:ExecuteUbergraph_NewSheepHeaven
[2019.12.29-22.37.30:541][  0]LogUObjectGlobals: Created PersistentFrame Addr=0x00000195deb5cb80, Size=400, Default__NewSheepHeaven_C Function /Game/Woolf/Maps/2/NewSheepHeaven.NewSheepHeaven_C:ExecuteUbergraph_NewSheepHeaven
[2019.12.29-22.37.31:077][  0]LogSkeletalMesh: Skeletal Mesh found in DDC [1.866900ms] /Game/Woolf/Models/Assets/Alex/WolfMesh.WolfMesh
[2019.12.29-22.37.31:155][  0]LogAIModule: Creating AISystem for world NewSheepHeaven
[2019.12.29-22.37.31:202][  0]LogEditorServer: Finished looking for orphan Actors (0.000 secs)
[2019.12.29-22.37.31:219][  0]LogUObjectGlobals: Destroyed PersistentFrame Addr=0x00000195dc062b00, Size=704
[2019.12.29-22.37.31:219][  0]LogUObjectGlobals: Destroyed PersistentFrame Addr=0x00000195dc042b60, Size=32
[2019.12.29-22.37.31:219][  0]LogUObjectGlobals: Destroyed PersistentFrame Addr=0x00000195dc05ed80, Size=64
[2019.12.29-22.37.31:219][  0]LogUObjectGlobals: Destroyed PersistentFrame Addr=0x00000195dc00c680, Size=160
[2019.12.29-22.37.31:219][  0]LogUObjectGlobals: Destroyed PersistentFrame Addr=0x00000195dfb21300, Size=336
[2019.12.29-22.37.31:220][  0]LogUObjectGlobals: Destroyed PersistentFrame Addr=0x00000195dbd9f910, Size=48
[2019.12.29-22.37.31:220][  0]LogUObjectGlobals: Destroyed PersistentFrame Addr=0x00000195dfaba660, Size=12
[2019.12.29-22.37.31:220][  0]LogUObjectGlobals: Destroyed PersistentFrame Addr=0x00000195df59ce80, Size=4
[2019.12.29-22.37.31:220][  0]LogUObjectGlobals: Destroyed PersistentFrame Addr=0x00000195e079f280, Size=32
[2019.12.29-22.37.31:220][  0]LogUObjectGlobals: Destroyed PersistentFrame Addr=0x00000195df59cc10, Size=4
[2019.12.29-22.37.31:220][  0]LogUObjectGlobals: Destroyed PersistentFrame Addr=0x00000195deb5f580, Size=400
[2019.12.29-22.37.31:223][  0]Cmd: MAP CHECKDEP NOCLEARLOG
[2019.12.29-22.37.31:351][  0]MapCheck: Map check complete: 0 Error(s), 0 Warning(s), took 127.484ms to complete.
[2019.12.29-22.37.31:351][  0]LogFileHelpers: Loading map 'NewSheepHeaven' took 1.369
[2019.12.29-22.37.31:541][  0]LogCollectionManager: Loaded 0 collections in 0.001707 seconds
[2019.12.29-22.37.31:596][  0]LogFileCache: Scanning file cache for directory 'D:/Documents/Beta Arcade/MasterBuild/Saved/Collections/' took 0.01s
[2019.12.29-22.37.31:597][  0]LogFileCache: Scanning file cache for directory 'D:/Documents/Beta Arcade/MasterBuild/Content/Developers/User/Collections/' took 0.01s
[2019.12.29-22.37.31:597][  0]LogFileCache: Scanning file cache for directory 'D:/Documents/Beta Arcade/MasterBuild/Content/Collections/' took 0.01s
[2019.12.29-22.37.31:597][  0]LogCollectionManager: Rebuilt the GUID cache for 0 collections in 0.000001 seconds
[2019.12.29-22.37.31:611][  0]LogContentBrowser: Native class hierarchy populated in 0.0139 seconds. Added 2464 classes and 563 folders.
[2019.12.29-22.37.31:620][  0]LogContentBrowser: Native class hierarchy updated for 'WidgetCarousel' in 0.0018 seconds. Added 0 classes and 0 folders.
[2019.12.29-22.37.31:702][  0]LogContentBrowser: Native class hierarchy updated for 'AddContentDialog' in 0.0019 seconds. Added 0 classes and 0 folders.
[2019.12.29-22.37.31:713][  0]LogContentBrowser: Native class hierarchy updated for 'SceneOutliner' in 0.0020 seconds. Added 1 classes and 2 folders.
[2019.12.29-22.37.31:739][  0]LogSlate: Took 0.000390 seconds to synchronously load lazily loaded font '../../../Engine/Content/Slate/Fonts/Roboto-Regular.ttf' (155K)
[2019.12.29-22.37.31:743][  0]LogSlate: Took 0.000441 seconds to synchronously load lazily loaded font '../../../Engine/Content/Slate/Fonts/Roboto-Bold.ttf' (160K)
[2019.12.29-22.37.31:751][  0]LogSlate: Took 0.000388 seconds to synchronously load lazily loaded font '../../../Engine/Content/Editor/Slate/Fonts/FontAwesome.ttf' (139K)
[2019.12.29-22.37.31:859][  0]LogRenderer: Reallocating scene render targets to support 1208x576 Format 10 NumSamples 1 (Frame:1).
[2019.12.29-22.37.32:019][  0]LogContentBrowser: Native class hierarchy updated for 'HierarchicalLODOutliner' in 0.0021 seconds. Added 0 classes and 0 folders.
[2019.12.29-22.37.32:019][  0]LogLoad: (Engine Initialization) Total time: 18.06 seconds
[2019.12.29-22.37.32:019][  0]LogLoad: (Engine Initialization) Total Blueprint compile time: 0.00 seconds
[2019.12.29-22.37.32:046][  0]LogOcInput: OculusInput is initialized
[2019.12.29-22.37.32:064][  0]LogContentStreaming: Texture pool size now 1000 MB
[2019.12.29-22.37.32:110][  0]LogSlate: Took 0.000381 seconds to synchronously load lazily loaded font '../../../Engine/Content/Slate/Fonts/Roboto-Light.ttf' (167K)
[2019.12.29-22.37.32:181][  1]LogAssetRegistry: Asset discovery search completed in 9.7934 seconds
[2019.12.29-22.37.32:184][  1]LogCollectionManager: Rebuilt the object cache for 0 collections in 0.000000 seconds (found 0 objects)
[2019.12.29-22.37.32:184][  1]LogCollectionManager: Fixed up redirectors for 0 collections in 0.000172 seconds (updated 0 objects)
[2019.12.29-22.37.34:378][220]LogSlate: FSceneViewport::OnFocusLost() reason 0
[2019.12.29-22.37.34:478][232]LogTemp: Repeating last play command: Selected Viewport
[2019.12.29-22.37.34:517][232]LogBlueprintUserMessages: Early PlayInEditor Detection: Level '/Game/Woolf/Maps/2/NewSheepHeaven.NewSheepHeaven:PersistentLevel' has LevelScriptBlueprint '/Game/Woolf/Maps/2/NewSheepHeaven.NewSheepHeaven:PersistentLevel.NewSheepHeaven' with GeneratedClass '/Game/Woolf/Maps/2/NewSheepHeaven.NewSheepHeaven_C' with ClassGeneratedBy '/Game/Woolf/Maps/2/NewSheepHeaven.NewSheepHeaven:PersistentLevel.NewSheepHeaven'
[2019.12.29-22.37.34:517][232]LogPlayLevel: PlayLevel: No blueprints needed recompiling
[2019.12.29-22.37.34:517][232]LogHMD: Initializing OVRPlugin session
[2019.12.29-22.37.34:601][232]LogOnline: Display: OSS: FOnlineSubsystemNull::Shutdown()
[2019.12.29-22.37.34:601][232]LogOnline: Display: OSS: FOnlineAsyncTaskManager::Stop() ActiveTask:0000000000000000 Tasks[0/0]
[2019.12.29-22.37.34:617][232]LogOnline: Display: OSS: FOnlineAsyncTaskManager::Exit() started
[2019.12.29-22.37.34:618][232]LogOnline: Display: OSS: FOnlineAsyncTaskManager::Exit() finished
[2019.12.29-22.37.34:618][232]PIE: New page: PIE session: NewSheepHeaven (29 Dec 2019 22:37:34)
[2019.12.29-22.37.34:619][232]LogPlayLevel: Creating play world package: /Game/Woolf/Maps/2/UEDPIE_0_NewSheepHeaven
[2019.12.29-22.37.34:653][232]LogPlayLevel: PIE: StaticDuplicateObject took: (0.033751s)
[2019.12.29-22.37.34:654][232]LogAIModule: Creating AISystem for world NewSheepHeaven
[2019.12.29-22.37.34:654][232]LogPlayLevel: PIE: World Init took: (0.001339s)
[2019.12.29-22.37.34:655][232]LogPlayLevel: PIE: Created PIE world by copying editor world from /Game/Woolf/Maps/2/NewSheepHeaven.NewSheepHeaven to /Game/Woolf/Maps/2/UEDPIE_0_NewSheepHeaven.NewSheepHeaven (0.035947s)
[2019.12.29-22.37.34:704][232]LogInit: XAudio2 using 'Speakers (Logitech G633 Gaming Headset)' : 6 channels at 48 kHz using 16 bits per sample (channel mask 0x3f)
[2019.12.29-22.37.34:733][232]LogInit: FAudioDevice initialized.
[2019.12.29-22.37.34:792][232]LogLoad: Game class is 'WolfGameMode_BP_C'
[2019.12.29-22.37.34:800][232]LogWorld: Bringing World /Game/Woolf/Maps/2/UEDPIE_0_NewSheepHeaven.NewSheepHeaven up for play (max tick rate 0) at 2019.12.29-22.37.34
[2019.12.29-22.37.34:801][232]LogWorld: Bringing up level for play took: 0.007594
