Log file open, 10/28/19 13:58:11
LogWindows: Failed to load 'aqProf.dll' (GetLastError=126)
LogWindows: File 'aqProf.dll' does not exist
LogWindows: Failed to load 'VtuneApi.dll' (GetLastError=126)
LogWindows: File 'VtuneApi.dll' does not exist
LogWindows: Failed to load 'VtuneApi32e.dll' (GetLastError=126)
LogWindows: File 'VtuneApi32e.dll' does not exist
LogInit: Display: Running engine for game: MasterBuild
LogPlatformFile: Not using cached read wrapper
LogInit: Display: RandInit(1178101362) SRandInit(1178101363).
LogInit: Read version file with build ID '3944462'
LogInit: Overriding engine version to CL 4033788, compatible CL 3944462
LogInit: Registered custom module enumerator with build ID '3944462'
LogTaskGraph: Started task graph with 5 named threads and 14 total threads with 3 sets of task threads.
LogStats: Stats thread started at 0.215038
LogD3D11RHI: Aftermath initialized
LogICUInternationalization: Display: ICU TimeZone Detection - Raw Offset: +0:00, Platform Override: ''
LogPluginManager: Mounting plugin Paper2D
LogPluginManager: Mounting plugin LiveLink
LogPluginManager: Mounting plugin LightPropagationVolume
LogPluginManager: Mounting plugin CLionSourceCodeAccess
LogPluginManager: Mounting plugin CodeLiteSourceCodeAccess
LogPluginManager: Mounting plugin GitSourceControl
LogPluginManager: Mounting plugin KDevelopSourceCodeAccess
LogPluginManager: Mounting plugin NullSourceCodeAccess
LogPluginManager: Mounting plugin PerforceSourceControl
LogPluginManager: Mounting plugin SubversionSourceControl
LogPluginManager: Mounting plugin UObjectPlugin
LogPluginManager: Mounting plugin VisualStudioCodeSourceCodeAccess
LogPluginManager: Mounting plugin VisualStudioSourceCodeAccess
LogPluginManager: Mounting plugin XCodeSourceCodeAccess
LogPluginManager: Mounting plugin AssetManagerEditor
LogPluginManager: Mounting plugin CryptoKeys
LogPluginManager: Mounting plugin DataValidation
LogPluginManager: Mounting plugin FacialAnimation
LogPluginManager: Mounting plugin GameplayTagsEditor
LogPluginManager: Mounting plugin MobileLauncherProfileWizard
LogPluginManager: Mounting plugin PluginBrowser
LogPluginManager: Mounting plugin SpeedTreeImporter
LogPluginManager: Mounting plugin DatasmithContent
LogPluginManager: Mounting plugin AlembicImporter
LogPluginManager: Mounting plugin CharacterAI
LogPluginManager: Mounting plugin HTML5Networking
LogPluginManager: Mounting plugin AndroidMedia
LogPluginManager: Mounting plugin AvfMedia
LogPluginManager: Mounting plugin ImgMedia
LogPluginManager: Mounting plugin LinearTimecode
LogPluginManager: Mounting plugin MediaCompositing
LogPluginManager: Mounting plugin MediaPlayerEditor
LogPluginManager: Mounting plugin WmfMedia
LogPluginManager: Mounting plugin TcpMessaging
LogPluginManager: Mounting plugin UdpMessaging
LogPluginManager: Mounting plugin ActorSequence
LogPluginManager: Mounting plugin LevelSequenceEditor
LogPluginManager: Mounting plugin MatineeToLevelSequence
LogPluginManager: Mounting plugin NetcodeUnitTest
LogPluginManager: Mounting plugin NUTUnrealEngine4
LogPluginManager: Mounting plugin OnlineSubsystemGooglePlay
LogPluginManager: Mounting plugin OnlineSubsystemIOS
LogPluginManager: Mounting plugin OnlineSubsystem
LogPluginManager: Mounting plugin OnlineSubsystemNull
LogPluginManager: Mounting plugin OnlineSubsystemUtils
LogPluginManager: Mounting plugin AndroidDeviceProfileSelector
LogPluginManager: Mounting plugin AndroidMoviePlayer
LogPluginManager: Mounting plugin AndroidPermission
LogPluginManager: Mounting plugin AppleARKit
LogPluginManager: Mounting plugin AppleMoviePlayer
LogPluginManager: Mounting plugin ArchVisCharacter
LogPluginManager: Mounting plugin AudioCapture
LogPluginManager: Mounting plugin CableComponent
LogPluginManager: Mounting plugin CustomMeshComponent
LogPluginManager: Mounting plugin ExampleDeviceProfileSelector
LogPluginManager: Mounting plugin GoogleCloudMessaging
LogPluginManager: Mounting plugin ImmediatePhysics
LogPluginManager: Mounting plugin IOSDeviceProfileSelector
LogPluginManager: Mounting plugin LinuxDeviceProfileSelector
LogPluginManager: Mounting plugin LocationServicesBPLibrary
LogPluginManager: Mounting plugin MobilePatchingUtils
LogPluginManager: Mounting plugin OculusVR
LogPluginManager: Plugin shader directory ../../../Engine/Plugins/Runtime/Oculus/OculusVR/Shaders found
LogPluginManager: Mapping shader source directory ../../../Engine/Plugins/Runtime/Oculus/OculusVR/Shaders to virtual directory /Plugin/OculusVR
LogPluginManager: Mounting plugin PhysXVehicles
LogPluginManager: Mounting plugin ProceduralMeshComponent
LogPluginManager: Mounting plugin RuntimePhysXCooking
LogPluginManager: Mounting plugin SteamVR
LogPluginManager: Mounting plugin WindowsMoviePlayer
LogStreaming: Display: Took  0.160s to configure plugins.
LogModuleManager: Display: Found up-to-date module file ../../../../../../Users/t7038904/Source/BetaArcade/MasterBuild/Binaries/Win64/UE4Editor-MasterBuild.dll (API version 3944462).
LogModuleManager: Display: Found up-to-date module file ../../../Engine/Plugins/2D/Paper2D/Binaries/Win64/UE4Editor-Paper2D.dll (API version 3944462).
LogModuleManager: Display: Found up-to-date module file ../../../Engine/Plugins/2D/Paper2D/Binaries/Win64/UE4Editor-Paper2DEditor.dll (API version 3944462).
LogModuleManager: Display: Found up-to-date module file ../../../Engine/Plugins/2D/Paper2D/Binaries/Win64/UE4Editor-PaperSpriteSheetImporter.dll (API version 3944462).
LogModuleManager: Display: Found up-to-date module file ../../../Engine/Plugins/2D/Paper2D/Binaries/Win64/UE4Editor-PaperTiledImporter.dll (API version 3944462).
LogModuleManager: Display: Found up-to-date module file ../../../Engine/Plugins/2D/Paper2D/Binaries/Win64/UE4Editor-SmartSnapping.dll (API version 3944462).
LogModuleManager: Display: Found up-to-date module file ../../../Engine/Plugins/Animation/LiveLink/Binaries/Win64/UE4Editor-LiveLink.dll (API version 3944462).
LogModuleManager: Display: Found up-to-date module file ../../../Engine/Plugins/Animation/LiveLink/Binaries/Win64/UE4Editor-LiveLinkEditor.dll (API version 3944462).
LogModuleManager: Display: Found up-to-date module file ../../../Engine/Plugins/Blendables/LightPropagationVolume/Binaries/Win64/UE4Editor-LightPropagationVolumeRuntime.dll (API version 3944462).
LogModuleManager: Display: Found up-to-date module file ../../../Engine/Plugins/Blendables/LightPropagationVolume/Binaries/Win64/UE4Editor-LightPropagationVolumeEditor.dll (API version 3944462).
LogModuleManager: Display: Found up-to-date module file ../../../Engine/Plugins/Developer/CLionSourceCodeAccess/Binaries/Win64/UE4Editor-CLionSourceCodeAccess.dll (API version 3944462).
LogModuleManager: Display: Found up-to-date module file ../../../Engine/Plugins/Developer/GitSourceControl/Binaries/Win64/UE4Editor-GitSourceControl.dll (API version 3944462).
LogModuleManager: Display: Found up-to-date module file ../../../Engine/Plugins/Developer/PerforceSourceControl/Binaries/Win64/UE4Editor-PerforceSourceControl.dll (API version 3944462).
LogModuleManager: Display: Found up-to-date module file ../../../Engine/Plugins/Developer/SubversionSourceControl/Binaries/Win64/UE4Editor-SubversionSourceControl.dll (API version 3944462).
LogModuleManager: Display: Found up-to-date module file ../../../Engine/Plugins/Developer/UObjectPlugin/Binaries/Win64/UE4Editor-UObjectPlugin.dll (API version 3944462).
LogModuleManager: Display: Found up-to-date module file ../../../Engine/Plugins/Developer/VisualStudioCodeSourceCodeAccess/Binaries/Win64/UE4Editor-VisualStudioCodeSourceCodeAccess.dll (API version 3944462).
LogModuleManager: Display: Found up-to-date module file ../../../Engine/Plugins/Developer/VisualStudioSourceCodeAccess/Binaries/Win64/UE4Editor-VisualStudioSourceCodeAccess.dll (API version 3944462).
LogModuleManager: Display: Found up-to-date module file ../../../Engine/Plugins/Editor/AssetManagerEditor/Binaries/Win64/UE4Editor-AssetManagerEditor.dll (API version 3944462).
LogModuleManager: Display: Found up-to-date module file ../../../Engine/Plugins/Editor/CryptoKeys/Binaries/Win64/UE4Editor-CryptoKeys.dll (API version 3944462).
LogModuleManager: Display: Found up-to-date module file ../../../Engine/Plugins/Editor/CryptoKeys/Binaries/Win64/UE4Editor-CryptoKeysOpenSSL.dll (API version 3944462).
LogModuleManager: Display: Found up-to-date module file ../../../Engine/Plugins/Editor/DataValidation/Binaries/Win64/UE4Editor-DataValidation.dll (API version 3944462).
LogModuleManager: Display: Found up-to-date module file ../../../Engine/Plugins/Editor/FacialAnimation/Binaries/Win64/UE4Editor-FacialAnimation.dll (API version 3944462).
LogModuleManager: Display: Found up-to-date module file ../../../Engine/Plugins/Editor/FacialAnimation/Binaries/Win64/UE4Editor-FacialAnimationEditor.dll (API version 3944462).
LogModuleManager: Display: Found up-to-date module file ../../../Engine/Plugins/Editor/GameplayTagsEditor/Binaries/Win64/UE4Editor-GameplayTagsEditor.dll (API version 3944462).
LogModuleManager: Display: Found up-to-date module file ../../../Engine/Plugins/Editor/MobileLauncherProfileWizard/Binaries/Win64/UE4Editor-MobileLauncherProfileWizard.dll (API version 3944462).
LogModuleManager: Display: Found up-to-date module file ../../../Engine/Plugins/Editor/PluginBrowser/Binaries/Win64/UE4Editor-PluginBrowser.dll (API version 3944462).
LogModuleManager: Display: Found up-to-date module file ../../../Engine/Plugins/Editor/SpeedTreeImporter/Binaries/Win64/UE4Editor-SpeedTreeImporter.dll (API version 3944462).
LogModuleManager: Display: Found up-to-date module file ../../../Engine/Plugins/Enterprise/DatasmithContent/Binaries/Win64/UE4Editor-DatasmithContent.dll (API version 3944462).
LogModuleManager: Display: Found up-to-date module file ../../../Engine/Plugins/Experimental/AlembicImporter/Binaries/Win64/UE4Editor-AlembicImporter.dll (API version 3944462).
LogModuleManager: Display: Found up-to-date module file ../../../Engine/Plugins/Experimental/AlembicImporter/Binaries/Win64/UE4Editor-AlembicLibrary.dll (API version 3944462).
LogModuleManager: Display: Found up-to-date module file ../../../Engine/Plugins/Experimental/CharacterAI/Binaries/Win64/UE4Editor-CharacterAI.dll (API version 3944462).
LogModuleManager: Display: Found up-to-date module file ../../../Engine/Plugins/Experimental/HTML5Networking/Binaries/Win64/UE4Editor-HTML5Networking.dll (API version 3944462).
LogModuleManager: Display: Found up-to-date module file ../../../Engine/Plugins/Media/AndroidMedia/Binaries/Win64/UE4Editor-AndroidMediaEditor.dll (API version 3944462).
LogModuleManager: Display: Found up-to-date module file ../../../Engine/Plugins/Media/AndroidMedia/Binaries/Win64/UE4Editor-AndroidMediaFactory.dll (API version 3944462).
LogModuleManager: Display: Found up-to-date module file ../../../Engine/Plugins/Media/AvfMedia/Binaries/Win64/UE4Editor-AvfMediaEditor.dll (API version 3944462).
LogModuleManager: Display: Found up-to-date module file ../../../Engine/Plugins/Media/AvfMedia/Binaries/Win64/UE4Editor-AvfMediaFactory.dll (API version 3944462).
LogModuleManager: Display: Found up-to-date module file ../../../Engine/Plugins/Media/AvfMedia/Binaries/Win64/UE4Editor-AvfMediaFactory.dll (API version 3944462).
LogModuleManager: Display: Found up-to-date module file ../../../Engine/Plugins/Media/ImgMedia/Binaries/Win64/UE4Editor-ImgMedia.dll (API version 3944462).
LogModuleManager: Display: Found up-to-date module file ../../../Engine/Plugins/Media/ImgMedia/Binaries/Win64/UE4Editor-ImgMediaEditor.dll (API version 3944462).
LogModuleManager: Display: Found up-to-date module file ../../../Engine/Plugins/Media/ImgMedia/Binaries/Win64/UE4Editor-ImgMediaFactory.dll (API version 3944462).
LogModuleManager: Display: Found up-to-date module file ../../../Engine/Plugins/Media/ImgMedia/Binaries/Win64/UE4Editor-ImgMediaFactory.dll (API version 3944462).
LogModuleManager: Display: Found up-to-date module file ../../../Engine/Plugins/Media/ImgMedia/Binaries/Win64/UE4Editor-OpenExrWrapper.dll (API version 3944462).
LogModuleManager: Display: Found up-to-date module file ../../../Engine/Plugins/Media/LinearTimecode/Binaries/Win64/UE4Editor-LinearTimecode.dll (API version 3944462).
LogModuleManager: Display: Found up-to-date module file ../../../Engine/Plugins/Media/MediaCompositing/Binaries/Win64/UE4Editor-MediaCompositing.dll (API version 3944462).
LogModuleManager: Display: Found up-to-date module file ../../../Engine/Plugins/Media/MediaCompositing/Binaries/Win64/UE4Editor-MediaCompositingEditor.dll (API version 3944462).
LogModuleManager: Display: Found up-to-date module file ../../../Engine/Plugins/Media/MediaPlayerEditor/Binaries/Win64/UE4Editor-MediaPlayerEditor.dll (API version 3944462).
LogModuleManager: Display: Found up-to-date module file ../../../Engine/Plugins/Media/WmfMedia/Binaries/Win64/UE4Editor-WmfMedia.dll (API version 3944462).
LogModuleManager: Display: Found up-to-date module file ../../../Engine/Plugins/Media/WmfMedia/Binaries/Win64/UE4Editor-WmfMediaEditor.dll (API version 3944462).
LogModuleManager: Display: Found up-to-date module file ../../../Engine/Plugins/Media/WmfMedia/Binaries/Win64/UE4Editor-WmfMediaFactory.dll (API version 3944462).
LogModuleManager: Display: Found up-to-date module file ../../../Engine/Plugins/Media/WmfMedia/Binaries/Win64/UE4Editor-WmfMediaFactory.dll (API version 3944462).
LogModuleManager: Display: Found up-to-date module file ../../../Engine/Plugins/Messaging/TcpMessaging/Binaries/Win64/UE4Editor-TcpMessaging.dll (API version 3944462).
LogModuleManager: Display: Found up-to-date module file ../../../Engine/Plugins/Messaging/UdpMessaging/Binaries/Win64/UE4Editor-UdpMessaging.dll (API version 3944462).
LogModuleManager: Display: Found up-to-date module file ../../../Engine/Plugins/MovieScene/ActorSequence/Binaries/Win64/UE4Editor-ActorSequence.dll (API version 3944462).
LogModuleManager: Display: Found up-to-date module file ../../../Engine/Plugins/MovieScene/LevelSequenceEditor/Binaries/Win64/UE4Editor-LevelSequenceEditor.dll (API version 3944462).
LogModuleManager: Display: Found up-to-date module file ../../../Engine/Plugins/MovieScene/MatineeToLevelSequence/Binaries/Win64/UE4Editor-MatineeToLevelSequence.dll (API version 3944462).
LogModuleManager: Display: Found up-to-date module file ../../../Engine/Plugins/NetcodeUnitTest/NetcodeUnitTest/Binaries/Win64/UE4Editor-NetcodeUnitTest.dll (API version 3944462).
LogModuleManager: Display: Found up-to-date module file ../../../Engine/Plugins/NetcodeUnitTest/NUTUnrealEngine4/Binaries/Win64/UE4Editor-NUTUnrealEngine4.dll (API version 3944462).
LogModuleManager: Display: Found up-to-date module file ../../../Engine/Plugins/Online/OnlineSubsystem/Binaries/Win64/UE4Editor-OnlineSubsystem.dll (API version 3944462).
LogModuleManager: Display: Found up-to-date module file ../../../Engine/Plugins/Online/OnlineSubsystemNull/Binaries/Win64/UE4Editor-OnlineSubsystemNull.dll (API version 3944462).
LogModuleManager: Display: Found up-to-date module file ../../../Engine/Plugins/Online/OnlineSubsystemUtils/Binaries/Win64/UE4Editor-OnlineSubsystemUtils.dll (API version 3944462).
LogModuleManager: Display: Found up-to-date module file ../../../Engine/Plugins/Online/OnlineSubsystemUtils/Binaries/Win64/UE4Editor-OnlineBlueprintSupport.dll (API version 3944462).
LogModuleManager: Display: Found up-to-date module file ../../../Engine/Plugins/Runtime/AndroidDeviceProfileSelector/Binaries/Win64/UE4Editor-AndroidDeviceProfileSelector.dll (API version 3944462).
LogModuleManager: Display: Found up-to-date module file ../../../Engine/Plugins/Runtime/AndroidPermission/Binaries/Win64/UE4Editor-AndroidPermission.dll (API version 3944462).
LogModuleManager: Display: Found up-to-date module file ../../../Engine/Plugins/Runtime/AppleARKit/Binaries/Win64/UE4Editor-AppleARKit.dll (API version 3944462).
LogModuleManager: Display: Found up-to-date module file ../../../Engine/Plugins/Runtime/ArchVisCharacter/Binaries/Win64/UE4Editor-ArchVisCharacter.dll (API version 3944462).
LogModuleManager: Display: Found up-to-date module file ../../../Engine/Plugins/Runtime/AudioCapture/Binaries/Win64/UE4Editor-AudioCapture.dll (API version 3944462).
LogModuleManager: Display: Found up-to-date module file ../../../Engine/Plugins/Runtime/AudioCapture/Binaries/Win64/UE4Editor-AudioCaptureEditor.dll (API version 3944462).
LogModuleManager: Display: Found up-to-date module file ../../../Engine/Plugins/Runtime/CableComponent/Binaries/Win64/UE4Editor-CableComponent.dll (API version 3944462).
LogModuleManager: Display: Found up-to-date module file ../../../Engine/Plugins/Runtime/CustomMeshComponent/Binaries/Win64/UE4Editor-CustomMeshComponent.dll (API version 3944462).
LogModuleManager: Display: Found up-to-date module file ../../../Engine/Plugins/Runtime/ExampleDeviceProfileSelector/Binaries/Win64/UE4Editor-ExampleDeviceProfileSelector.dll (API version 3944462).
LogModuleManager: Display: Found up-to-date module file ../../../Engine/Plugins/Runtime/ImmediatePhysics/Binaries/Win64/UE4Editor-ImmediatePhysics.dll (API version 3944462).
LogModuleManager: Display: Found up-to-date module file ../../../Engine/Plugins/Runtime/ImmediatePhysics/Binaries/Win64/UE4Editor-ImmediatePhysicsEditor.dll (API version 3944462).
LogModuleManager: Display: Found up-to-date module file ../../../Engine/Plugins/Runtime/LocationServicesBPLibrary/Binaries/Win64/UE4Editor-LocationServicesBPLibrary.dll (API version 3944462).
LogModuleManager: Display: Found up-to-date module file ../../../Engine/Plugins/Runtime/MobilePatchingUtils/Binaries/Win64/UE4Editor-MobilePatchingUtils.dll (API version 3944462).
LogModuleManager: Display: Found up-to-date module file ../../../Engine/Plugins/Runtime/Oculus/OculusVR/Binaries/Win64/UE4Editor-OculusHMD.dll (API version 3944462).
LogModuleManager: Display: Found up-to-date module file ../../../Engine/Plugins/Runtime/Oculus/OculusVR/Binaries/Win64/UE4Editor-OculusInput.dll (API version 3944462).
LogModuleManager: Display: Found up-to-date module file ../../../Engine/Plugins/Runtime/Oculus/OculusVR/Binaries/Win64/UE4Editor-OculusEditor.dll (API version 3944462).
LogModuleManager: Display: Found up-to-date module file ../../../Engine/Plugins/Runtime/PhysXVehicles/Binaries/Win64/UE4Editor-PhysXVehicles.dll (API version 3944462).
LogModuleManager: Display: Found up-to-date module file ../../../Engine/Plugins/Runtime/PhysXVehicles/Binaries/Win64/UE4Editor-PhysXVehiclesEditor.dll (API version 3944462).
LogModuleManager: Display: Found up-to-date module file ../../../Engine/Plugins/Runtime/ProceduralMeshComponent/Binaries/Win64/UE4Editor-ProceduralMeshComponent.dll (API version 3944462).
LogModuleManager: Display: Found up-to-date module file ../../../Engine/Plugins/Runtime/ProceduralMeshComponent/Binaries/Win64/UE4Editor-ProceduralMeshComponentEditor.dll (API version 3944462).
LogModuleManager: Display: Found up-to-date module file ../../../Engine/Plugins/Runtime/RuntimePhysXCooking/Binaries/Win64/UE4Editor-RuntimePhysXCooking.dll (API version 3944462).
LogModuleManager: Display: Found up-to-date module file ../../../Engine/Plugins/Runtime/Steam/SteamVR/Binaries/Win64/UE4Editor-SteamVR.dll (API version 3944462).
LogModuleManager: Display: Found up-to-date module file ../../../Engine/Plugins/Runtime/Steam/SteamVR/Binaries/Win64/UE4Editor-SteamVRController.dll (API version 3944462).
LogModuleManager: Display: Found up-to-date module file ../../../Engine/Plugins/Runtime/WindowsMoviePlayer/Binaries/Win64/UE4Editor-WindowsMoviePlayer.dll (API version 3944462).
LogInit: Using libcurl 7.47.1
LogInit:  - built for x86_64-pc-win32
LogInit:  - supports SSL with OpenSSL/1.0.2g
LogInit:  - supports HTTP deflate (compression) using libz 1.2.8
LogInit:  - other features:
LogInit:      CURL_VERSION_SSL
LogInit:      CURL_VERSION_LIBZ
LogInit:      CURL_VERSION_IPV6
LogInit:      CURL_VERSION_ASYNCHDNS
LogInit:      CURL_VERSION_LARGEFILE
LogInit:      CURL_VERSION_IDN
LogInit:  CurlRequestOptions (configurable via config and command line):
LogInit:  - bVerifyPeer = false  - Libcurl will NOT verify peer certificate
LogInit:  - bUseHttpProxy = false  - Libcurl will NOT use HTTP proxy
LogInit:  - bDontReuseConnections = false  - Libcurl will reuse connections
LogInit:  - CertBundlePath = nullptr  - Libcurl will use whatever was configured at build time.
LogInit:  - MaxHostConnections = 16  - Libcurl will limit the number of connections to a host
LogInit:  - LocalHostAddr = Default
LogInit: WinSock: version 1.1 (2.2), MaxSocks=32767, MaxUdp=65467
LogInit: WinSock: I am TU46955 (152.105.21.76:0)
LogInit: Build: ++UE4+Release-4.19-CL-4033788
LogInit: Engine Version: 4.19.2-4033788+++UE4+Release-4.19
LogInit: Compatible Engine Version: 4.19.0-3944462+++UE4+Release-4.19
LogInit: Net CL: 3944462
LogDevObjectVersion: Number of dev versions registered: 18
LogDevObjectVersion:   Dev-Blueprints (B0D832E4-1F89-4F0D-ACCF-7EB736FD4AA2): 10
LogDevObjectVersion:   Dev-Build (E1C64328-A22C-4D53-A36C-8E866417BD8C): 0
LogDevObjectVersion:   Dev-Core (375EC13C-06E4-48FB-B500-84F0262A717E): 2
LogDevObjectVersion:   Dev-Editor (E4B068ED-F494-42E9-A231-DA0B2E46BB41): 23
LogDevObjectVersion:   Dev-Framework (CFFC743F-43B0-4480-9391-14DF171D2073): 33
LogDevObjectVersion:   Dev-Mobile (B02B49B5-BB20-44E9-A304-32B752E40360): 2
LogDevObjectVersion:   Dev-Networking (A4E4105C-59A1-49B5-A7C5-40C4547EDFEE): 0
LogDevObjectVersion:   Dev-Online (39C831C9-5AE6-47DC-9A44-9C173E1C8E7C): 0
LogDevObjectVersion:   Dev-Physics (78F01B33-EBEA-4F98-B9B4-84EACCB95AA2): 0
LogDevObjectVersion:   Dev-Platform (6631380F-2D4D-43E0-8009-CF276956A95A): 0
LogDevObjectVersion:   Dev-Rendering (12F88B9F-8875-4AFC-A67C-D90C383ABD29): 25
LogDevObjectVersion:   Dev-Sequencer (7B5AE74C-D270-4C10-A958-57980B212A5A): 6
LogDevObjectVersion:   Dev-VR (D7296918-1DD6-4BDD-9DE2-64A83CC13884): 1
LogDevObjectVersion:   Dev-LoadTimes (C2A15278-BFE7-4AFE-6C17-90FF531DF755): 1
LogDevObjectVersion:   Private-Geometry (6EACA3D4-40EC-4CC1-B786-8BED09428FC5): 2
LogDevObjectVersion:   Dev-AnimPhys (29E575DD-E0A3-4627-9D10-D276232CDCEA): 16
LogDevObjectVersion:   Dev-ReflectionCapture (6B266CEC-1EC7-4B8F-A30B-E4D90942FC07): 1
LogDevObjectVersion:   Dev-Automation (0DF73D61-A23F-47EA-B727-89E90C41499A): 1
LogInit: Compiled (64-bit): Apr 27 2018 02:06:57
LogInit: Compiled with Visual C++: 19.00.24215.01
LogInit: Build Configuration: Development
LogInit: Branch Name: ++UE4+Release-4.19
LogInit: Command Line: 
LogInit: Base Directory: C:/Program Files/Epic Games/UE_4.19/Engine/Binaries/Win64/
LogInit: Installed Engine Build: 1
LogStreaming: Display: Took  0.010s to delete old logs.
LogInit: Presizing for max 8388607 objects, including 0 objects not considered by GC, pre-allocating 0 bytes for permanent pool.
LogInit: Object subsystem initialized
[2019.10.28-13.58.14:643][  0]LogInit: Selected Device Profile: [Windows]
[2019.10.28-13.58.14:643][  0]LogInit: Applying CVar settings loaded from the selected device profile: [Windows]
[2019.10.28-13.58.14:660][  0]LogInit: Computer: TU46955
[2019.10.28-13.58.14:660][  0]LogInit: User: t7038904
[2019.10.28-13.58.14:660][  0]LogInit: CPU Page size=4096, Cores=4
[2019.10.28-13.58.14:660][  0]LogInit: High frequency timer resolution =10.000000 MHz
[2019.10.28-13.58.14:661][  0]LogMemory: Memory total: Physical=31.9GB (32GB approx)
[2019.10.28-13.58.14:661][  0]LogMemory: Platform Memory Stats for Windows
[2019.10.28-13.58.14:661][  0]LogMemory: Process Physical Memory: 275.02 MB used, 275.02 MB peak
[2019.10.28-13.58.14:661][  0]LogMemory: Process Virtual Memory: 270.21 MB used, 270.21 MB peak
[2019.10.28-13.58.14:661][  0]LogMemory: Physical Memory: 9288.85 MB used,  23395.50 MB free, 32684.35 MB total
[2019.10.28-13.58.14:661][  0]LogMemory: Virtual Memory: 4789.93 MB used,  23395.50 MB free, 134217728.00 MB total
[2019.10.28-13.58.14:681][  0]LogInit: Using OS detected language (en-GB).
[2019.10.28-13.58.14:682][  0]LogInit: Using OS detected locale (en-GB).
[2019.10.28-13.58.14:686][  0]LogTextLocalizationManager: No specific localization for 'en-GB' exists, so the 'en' localization will be used.
[2019.10.28-13.58.15:198][  0]LogStreaming: Display: Took  0.516s to EndInitTextLocalization.
[2019.10.28-13.58.15:198][  0]LogInit: Setting process to per monitor DPI aware
[2019.10.28-13.58.15:236][  0]LogSlate: New Slate User Created.  User Index 0, Is Virtual User: 0
[2019.10.28-13.58.15:236][  0]LogSlate: Slate User Registered.  User Index 0, Is Virtual User: 0
[2019.10.28-13.58.15:535][  0]LogD3D11RHI: D3D11 adapters:
[2019.10.28-13.58.15:614][  0]LogD3D11RHI:    0. 'NVIDIA GeForce GTX 1070' (Feature Level 11_0)
[2019.10.28-13.58.15:614][  0]LogD3D11RHI:       8088/0/16342 MB DedicatedVideo/DedicatedSystem/SharedSystem, Outputs:2, VendorId:0x10de
[2019.10.28-13.58.15:617][  0]LogD3D11RHI:    1. 'Microsoft Basic Render Driver' (Feature Level 11_0)
[2019.10.28-13.58.15:617][  0]LogD3D11RHI:       0/0/16342 MB DedicatedVideo/DedicatedSystem/SharedSystem, Outputs:0, VendorId:0x1414
[2019.10.28-13.58.15:617][  0]LogD3D11RHI: Chosen D3D11 Adapter: 0
[2019.10.28-13.58.15:624][  0]LogD3D11RHI: Creating new Direct3DDevice
[2019.10.28-13.58.15:624][  0]LogD3D11RHI:     GPU DeviceId: 0x1b81 (for the marketing name, search the web for "GPU Device Id")
[2019.10.28-13.58.15:624][  0]LogWindows: EnumDisplayDevices:
[2019.10.28-13.58.15:624][  0]LogWindows:    0. 'NVIDIA GeForce GTX 1070' (P:1 D:1)
[2019.10.28-13.58.15:625][  0]LogWindows:    1. 'NVIDIA GeForce GTX 1070' (P:0 D:1)
[2019.10.28-13.58.15:626][  0]LogWindows:    2. 'NVIDIA GeForce GTX 1070' (P:0 D:0)
[2019.10.28-13.58.15:626][  0]LogWindows:    3. 'NVIDIA GeForce GTX 1070' (P:0 D:0)
[2019.10.28-13.58.15:626][  0]LogWindows: DebugString: GetVideoDriverDetailsInvalid PrimaryIsNotTheChoosenAdapter GetVideoDriverDetailsInvalid PrimaryIsNotTheChoosenAdapter GetVideoDriverDetailsInvalid PrimaryIsNotTheChoosenAdapter GetVideoDriverDetailsInvalid PrimaryIsNotTheChoosenAdapter FoundDriverCount:0 
[2019.10.28-13.58.15:626][  0]LogD3D11RHI:     Adapter Name: NVIDIA GeForce GTX 1070
[2019.10.28-13.58.15:626][  0]LogD3D11RHI:   Driver Version: Unknown (internal:Unknown, unified:Unknown)
[2019.10.28-13.58.15:626][  0]LogD3D11RHI:      Driver Date: Unknown
[2019.10.28-13.58.15:626][  0]LogRHI: Texture pool is 5661 MB (70% of 8088 MB)
[2019.10.28-13.58.15:683][  0]LogD3D11RHI: [Aftermath] Aftermath enabled and primed
[2019.10.28-13.58.15:684][  0]LogD3D11RHI: [Aftermath] Aftermath enabled and primed
[2019.10.28-13.58.15:684][  0]LogD3D11RHI: Async texture creation enabled
[2019.10.28-13.58.15:696][  0]LogD3D11RHI: GPU Timing Frequency: 1000.000000 (Debug: 2 1)
[2019.10.28-13.58.15:786][  0]LogShaderCompilers: Guid format shader working directory is -13 characters bigger than the processId version (../../../../../../Users/t7038904/Source/BetaArcade/MasterBuild/Intermediate/Shaders/WorkingDirectory/3652/).
[2019.10.28-13.58.15:787][  0]LogShaderCompilers: Cleaned the shader compiler working directory 'C:/Users/t7038904/AppData/Local/Temp/UnrealShaderWorkingDir/D4A31EFA49909F76E68025A93C0084DF/'.
[2019.10.28-13.58.16:125][  0]LogTemp: Display: Loaded TP AllDesktopTargetPlatform
[2019.10.28-13.58.16:143][  0]LogTemp: Display: Loaded TP MacClientTargetPlatform
[2019.10.28-13.58.16:160][  0]LogTemp: Display: Loaded TP MacNoEditorTargetPlatform
[2019.10.28-13.58.16:178][  0]LogTemp: Display: Loaded TP MacServerTargetPlatform
[2019.10.28-13.58.16:197][  0]LogTemp: Display: Loaded TP MacTargetPlatform
[2019.10.28-13.58.16:214][  0]LogTemp: Display: Loaded TP WindowsClientTargetPlatform
[2019.10.28-13.58.16:232][  0]LogTemp: Display: Loaded TP WindowsNoEditorTargetPlatform
[2019.10.28-13.58.16:250][  0]LogTemp: Display: Loaded TP WindowsServerTargetPlatform
[2019.10.28-13.58.16:259][  0]LogTemp: Display: Loaded TP WindowsTargetPlatform
[2019.10.28-13.58.16:276][  0]LogTemp: Display: Loaded TP Android_ASTCTargetPlatform
[2019.10.28-13.58.16:291][  0]LogTemp: Display: Loaded TP Android_ATCTargetPlatform
[2019.10.28-13.58.16:307][  0]LogTemp: Display: Loaded TP Android_DXTTargetPlatform
[2019.10.28-13.58.16:323][  0]LogTemp: Display: Loaded TP Android_ETC1aTargetPlatform
[2019.10.28-13.58.16:339][  0]LogTemp: Display: Loaded TP Android_ETC1TargetPlatform
[2019.10.28-13.58.16:355][  0]LogTemp: Display: Loaded TP Android_ETC2TargetPlatform
[2019.10.28-13.58.16:387][  0]LogTemp: Display: Loaded TP Android_MultiTargetPlatform
[2019.10.28-13.58.16:387][  0]LogTemp: Display: Loaded TP Android_PVRTCTargetPlatform
[2019.10.28-13.58.16:403][  0]LogTemp: Display: Loaded TP AndroidTargetPlatform
[2019.10.28-13.58.16:406][  0]LogTemp: Display: Loaded TP HTML5TargetPlatform
[2019.10.28-13.58.16:448][  0]LogTemp: Display: Loaded TP IOSTargetPlatform
[2019.10.28-13.58.16:463][  0]LogTemp: Display: Loaded TP TVOSTargetPlatform
[2019.10.28-13.58.16:479][  0]LogTemp: Display: Loaded TP LinuxClientTargetPlatform
[2019.10.28-13.58.16:494][  0]LogTemp: Display: Loaded TP LinuxNoEditorTargetPlatform
[2019.10.28-13.58.16:510][  0]LogTemp: Display: Loaded TP LinuxServerTargetPlatform
[2019.10.28-13.58.16:526][  0]LogTemp: Display: Loaded TP LinuxTargetPlatform
[2019.10.28-13.58.16:526][  0]LogTargetPlatformManager: Display: Building Assets For Windows
[2019.10.28-13.58.16:691][  0]LogXGEController: Cannot use XGE Controller as Incredibuild is not installed on this machine.
[2019.10.28-13.58.16:691][  0]LogShaderCompilers: Cannot use XGE Shader Compiler as Incredibuild is not installed on this machine.
[2019.10.28-13.58.16:691][  0]LogShaderCompilers: Display: Using Local Shader Compiler.
[2019.10.28-13.58.17:898][  0]LogDerivedDataCache: Display: Max Cache Size: 512 MB
[2019.10.28-13.58.17:994][  0]LogDerivedDataCache: Loaded boot cache 0.10s 77MB C:/Users/t7038904/AppData/Local/UnrealEngine/4.19/DerivedDataCache/Boot.ddc.
[2019.10.28-13.58.17:994][  0]LogDerivedDataCache: Display: Loaded Boot cache: C:/Users/t7038904/AppData/Local/UnrealEngine/4.19/DerivedDataCache/Boot.ddc
[2019.10.28-13.58.17:994][  0]LogDerivedDataCache: FDerivedDataBackendGraph:  Pak pak cache file ../../../../../../Users/t7038904/Source/BetaArcade/MasterBuild/DerivedDataCache/DDC.ddp not found, will not use a pak cache.
[2019.10.28-13.58.17:994][  0]LogDerivedDataCache: Unable to find inner node Pak for hierarchical cache Hierarchy.
[2019.10.28-13.58.17:995][  0]LogDerivedDataCache: FDerivedDataBackendGraph:  CompressedPak pak cache file ../../../../../../Users/t7038904/Source/BetaArcade/MasterBuild/DerivedDataCache/Compressed.ddp not found, will not use a pak cache.
[2019.10.28-13.58.17:995][  0]LogDerivedDataCache: Unable to find inner node CompressedPak for hierarchical cache Hierarchy.
[2019.10.28-13.58.18:018][  0]LogDerivedDataCache: Display: Pak cache opened for reading ../../../Engine/DerivedDataCache/Compressed.ddp.
[2019.10.28-13.58.18:032][  0]LogDerivedDataCache: Using Local data cache path C:/Users/t7038904/AppData/Local/UnrealEngine/Common/DerivedDataCache: Writable
[2019.10.28-13.58.18:032][  0]LogDerivedDataCache: Shared data cache path not found in *engine.ini, will not use an Shared cache.
[2019.10.28-13.58.18:032][  0]LogDerivedDataCache: Unable to find inner node Shared for hierarchical cache Hierarchy.
[2019.10.28-13.58.18:047][  0]LogMaterial: Verifying Global Shaders for PCD3D_SM5
[2019.10.28-13.58.18:047][  0]LogSlate: Using Freetype 2.6.0
[2019.10.28-13.58.18:048][  0]LogSlate: SlateFontCache - WITH_FREETYPE: 1, WITH_HARFBUZZ: 1
[2019.10.28-13.58.18:048][  0]LogSlate: SlateFontCache - WITH_FREETYPE: 1, WITH_HARFBUZZ: 1
[2019.10.28-13.58.18:250][  0]LogAssetRegistry: FAssetRegistry took 0.0281 seconds to start up
[2019.10.28-13.58.18:679][  0]LogInit: Selected Device Profile: [Windows]
[2019.10.28-13.58.18:881][  0]LogSimplygon: Simplygon DLL not present - disabling.
[2019.10.28-13.58.18:885][  0]LogMeshReduction: Using SimplygonSwarm for distributed automatic mesh merging
[2019.10.28-13.58.18:885][  0]LogMeshReduction: Using QuadricMeshReduction for automatic static mesh reduction
[2019.10.28-13.58.18:885][  0]LogMeshReduction: No automatic skeletal mesh reduction module available
[2019.10.28-13.58.18:885][  0]LogMeshReduction: No automatic mesh merging module available
[2019.10.28-13.58.18:885][  0]LogMeshMerging: No automatic mesh merging module available
[2019.10.28-13.58.18:930][  0]LogNetVersion: MasterBuild , NetCL: 3944462, EngineNetVer: 2, GameNetVer: 0 (Checksum: 2426174287)
[2019.10.28-13.58.19:530][  0]LogPackageLocalizationCache: Processed 9 localized package path(s) for 2 prioritized culture(s) in 0.132549 seconds
[2019.10.28-13.58.19:537][  0]LogUObjectArray: 36728 objects as part of root set at end of initial load.
[2019.10.28-13.58.19:537][  0]LogUObjectAllocator: 7314312 out of 0 bytes used by permanent object pool.
[2019.10.28-13.58.19:537][  0]LogUObjectArray: CloseDisregardForGC: 0/0 objects in disregard for GC pool
[2019.10.28-13.58.21:629][  0]LogTcpMessaging: Initializing TcpMessaging bridge
[2019.10.28-13.58.21:668][  0]LogUdpMessaging: Initializing bridge on interface 0.0.0.0:0 to multicast group 230.0.0.1:6666.
[2019.10.28-13.58.22:039][  0]LogUObjectGlobals: Created PersistentFrame Addr=0x000002415ec29500, Size=64, Default__ThirdPerson_AnimBP_C Function /Game/Mannequin/Animations/ThirdPerson_AnimBP.ThirdPerson_AnimBP_C:ExecuteUbergraph_ThirdPerson_AnimBP
[2019.10.28-13.58.22:049][  0]LogUObjectGlobals: Destroyed PersistentFrame Addr=0x000002415ec29500, Size=64
[2019.10.28-13.58.22:049][  0]LogUObjectGlobals: Created PersistentFrame Addr=0x000002415eeceb00, Size=64, Default__ThirdPerson_AnimBP_C Function /Engine/Transient.REINST_ThirdPerson_AnimBP_C_0:ExecuteUbergraph_ThirdPerson_AnimBP
[2019.10.28-13.58.22:058][  0]LogUObjectGlobals: Created PersistentFrame Addr=0x000002415f7da980, Size=72, Default__ThirdPerson_AnimBP_C Function /Game/Mannequin/Animations/ThirdPerson_AnimBP.ThirdPerson_AnimBP_C:ExecuteUbergraph_ThirdPerson_AnimBP
[2019.10.28-13.58.22:154][  0]LogSkeletalMesh: Skeletal Mesh found in DDC [2.251200ms] /Game/Mannequin/Character/Mesh/SK_Mannequin.SK_Mannequin
[2019.10.28-13.58.22:377][  0]SourceControl: Source control is disabled
[2019.10.28-13.58.22:377][  0]SourceControl: Source control is disabled
[2019.10.28-13.58.22:406][  0]SourceControl: Source control is disabled
[2019.10.28-13.58.22:434][  0]SourceControl: Source control is disabled
[2019.10.28-13.58.23:109][  0]LogAndroidPermission: UAndroidPermissionCallbackProxy::GetInstance
[2019.10.28-13.58.23:400][  0]LogOcInput: OculusInput pre-init called
[2019.10.28-13.58.23:543][  0]LogEngine: Initializing Engine...
[2019.10.28-13.58.23:546][  0]LogHMD: Failed to initialize OpenVR with code 110
[2019.10.28-13.58.23:547][  0]LogStats: UGameplayTagsManager::ConstructGameplayTagTree: Construct from data asset -  0.000 s
[2019.10.28-13.58.23:547][  0]LogStats: UGameplayTagsManager::ConstructGameplayTagTree: GameplayTagTreeChangedEvent.Broadcast -  0.000 s
[2019.10.28-13.58.23:802][  0]LogAIModule: Creating AISystem for world Untitled
[2019.10.28-13.58.23:838][  0]LogInit: XAudio2 using 'Speakers (Realtek High Definition Audio)' : 2 channels at 48 kHz using 32 bits per sample (channel mask 0x3)
[2019.10.28-13.58.23:909][  0]LogInit: FAudioDevice initialized.
[2019.10.28-13.58.23:990][  0]LogDerivedDataCache: Saved boot cache 0.08s 77MB C:/Users/t7038904/AppData/Local/UnrealEngine/4.19/DerivedDataCache/Boot.ddc.
[2019.10.28-13.58.24:011][  0]LogInit: Texture streaming: Enabled
[2019.10.28-13.58.24:036][  0]LogEngineSessionManager: EngineSessionManager initialized
[2019.10.28-13.58.24:051][  0]LogInit: Transaction tracking system initialized
[2019.10.28-13.58.24:085][  0]BlueprintLog: New page: Editor Load
[2019.10.28-13.58.24:226][  0]LocalizationService: Localization service is disabled
[2019.10.28-13.58.24:350][  0]LogConsoleResponse: Display: 
[2019.10.28-13.58.24:528][  0]LogCook: Display: Max memory allowance for cook 16384mb min free memory 0mb
[2019.10.28-13.58.24:528][  0]LogCook: Display: Mobile HDR setting 1
[2019.10.28-13.58.24:529][  0]LogGameplayTags: Display: UGameplayTagsManager::DoneAddingNativeTags. DelegateIsBound: 0
[2019.10.28-13.58.24:529][  0]LogStats: UGameplayTagsManager::ConstructGameplayTagTree: Construct from data asset -  0.000 s
[2019.10.28-13.58.24:529][  0]LogStats: UGameplayTagsManager::ConstructGameplayTagTree: GameplayTagTreeChangedEvent.Broadcast -  0.000 s
[2019.10.28-13.58.24:536][  0]LogFileCache: Scanning file cache for directory 'C:/Users/t7038904/Source/BetaArcade/MasterBuild/Content/' took 0.02s
[2019.10.28-13.58.25:084][  0]SourceControl: Source control is disabled
[2019.10.28-13.58.25:084][  0]Cmd: MAP LOAD FILE="../../../../../../Users/t7038904/Source/BetaArcade/MasterBuild/Content/Woolf/Maps/Heaven.umap" TEMPLATE=0 SHOWPROGRESS=1 FEATURELEVEL=3
[2019.10.28-13.58.25:084][  0]LightingResults: New page: Lighting Build
[2019.10.28-13.58.25:088][  0]MapCheck: New page: Map Check
[2019.10.28-13.58.25:088][  0]LightingResults: New page: Lighting Build
[2019.10.28-13.58.25:100][  0]LogUObjectGlobals: Destroyed PersistentFrame Addr=0x000002415eeceb00, Size=64
[2019.10.28-13.58.25:198][  0]LogUObjectGlobals: Created PersistentFrame Addr=0x000002416230d8c0, Size=32, Default__Heaven_C Function /Game/Woolf/Maps/Heaven.Heaven_C:ExecuteUbergraph_Heaven
[2019.10.28-13.58.25:199][  0]LogUObjectGlobals: Destroyed PersistentFrame Addr=0x000002416230d8c0, Size=32
[2019.10.28-13.58.25:199][  0]LogUObjectGlobals: Created PersistentFrame Addr=0x000002416230d8c0, Size=32, Default__Heaven_C Function /Engine/Transient.REINST_Heaven_C_8:ExecuteUbergraph_Heaven
[2019.10.28-13.58.25:201][  0]LogUObjectGlobals: Created PersistentFrame Addr=0x000002416230d700, Size=32, Default__Heaven_C Function /Game/Woolf/Maps/Heaven.Heaven_C:ExecuteUbergraph_Heaven
[2019.10.28-13.58.25:306][  0]LogAIModule: Creating AISystem for world Heaven
[2019.10.28-13.58.25:339][  0]LogEditorServer: Finished looking for orphan Actors (0.000 secs)
[2019.10.28-13.58.25:354][  0]LogUObjectGlobals: Destroyed PersistentFrame Addr=0x000002416230d8c0, Size=32
[2019.10.28-13.58.25:355][  0]Cmd: MAP CHECKDEP NOCLEARLOG
[2019.10.28-13.58.25:450][  0]MapCheck: Map check complete: 0 Error(s), 0 Warning(s), took 95.245ms to complete.
[2019.10.28-13.58.25:450][  0]LogFileHelpers: Loading map 'Heaven' took 0.367
[2019.10.28-13.58.25:595][  0]LogCollectionManager: Loaded 0 collections in 0.002246 seconds
[2019.10.28-13.58.25:641][  0]LogFileCache: Scanning file cache for directory 'C:/Users/t7038904/Source/BetaArcade/MasterBuild/Saved/Collections/' took 0.01s
[2019.10.28-13.58.25:641][  0]LogFileCache: Scanning file cache for directory 'C:/Users/t7038904/Source/BetaArcade/MasterBuild/Content/Developers/t7038904/Collections/' took 0.01s
[2019.10.28-13.58.25:641][  0]LogFileCache: Scanning file cache for directory 'C:/Users/t7038904/Source/BetaArcade/MasterBuild/Content/Collections/' took 0.01s
[2019.10.28-13.58.25:641][  0]LogCollectionManager: Rebuilt the GUID cache for 0 collections in 0.000001 seconds
[2019.10.28-13.58.25:652][  0]LogContentBrowser: Native class hierarchy populated in 0.0117 seconds. Added 2460 classes and 563 folders.
[2019.10.28-13.58.25:662][  0]LogContentBrowser: Native class hierarchy updated for 'WidgetCarousel' in 0.0014 seconds. Added 0 classes and 0 folders.
[2019.10.28-13.58.25:732][  0]LogContentBrowser: Native class hierarchy updated for 'AddContentDialog' in 0.0015 seconds. Added 0 classes and 0 folders.
[2019.10.28-13.58.25:739][  0]LogContentBrowser: Native class hierarchy updated for 'SceneOutliner' in 0.0015 seconds. Added 1 classes and 2 folders.
[2019.10.28-13.58.25:763][  0]LogSlate: Took 0.000376 seconds to synchronously load lazily loaded font '../../../Engine/Content/Slate/Fonts/Roboto-Regular.ttf' (155K)
[2019.10.28-13.58.25:768][  0]LogSlate: Took 0.000269 seconds to synchronously load lazily loaded font '../../../Engine/Content/Slate/Fonts/Roboto-Bold.ttf' (160K)
[2019.10.28-13.58.25:776][  0]LogSlate: Took 0.000284 seconds to synchronously load lazily loaded font '../../../Engine/Content/Editor/Slate/Fonts/FontAwesome.ttf' (139K)
[2019.10.28-13.58.25:894][  0]LogRenderer: Reallocating scene render targets to support 1208x652 Format 10 NumSamples 1 (Frame:1).
[2019.10.28-13.58.26:014][  0]LogSlate: FSceneViewport::OnFocusLost() reason 2
[2019.10.28-13.58.26:032][  0]LogSlate: Window 'Tutorials' being destroyed
[2019.10.28-13.58.26:063][  0]LogContentBrowser: Native class hierarchy updated for 'HierarchicalLODOutliner' in 0.0015 seconds. Added 0 classes and 0 folders.
[2019.10.28-13.58.26:063][  0]LogLoad: (Engine Initialization) Total time: 15.75 seconds
[2019.10.28-13.58.26:063][  0]LogLoad: (Engine Initialization) Total Blueprint compile time: 0.00 seconds
[2019.10.28-13.58.26:421][  0]LogContentStreaming: Texture pool size now 1000 MB
[2019.10.28-13.58.26:748][  1]LogAssetRegistry: Asset discovery search completed in 8.5205 seconds
[2019.10.28-13.58.26:750][  1]LogCollectionManager: Rebuilt the object cache for 0 collections in 0.000001 seconds (found 0 objects)
[2019.10.28-13.58.26:751][  1]LogCollectionManager: Fixed up redirectors for 0 collections in 0.000056 seconds (updated 0 objects)
[2019.10.28-13.58.27:407][  3]LogSlate: Took 0.000288 seconds to synchronously load lazily loaded font '../../../Engine/Content/Slate/Fonts/Roboto-Light.ttf' (167K)
[2019.10.28-13.58.30:442][224]LogSlate: Took 0.000213 seconds to synchronously load lazily loaded font '../../../Engine/Content/Slate/Fonts/Roboto-Light.ttf' (167K)
[2019.10.28-13.58.30:912][280]LogSlate: FSceneViewport::OnFocusLost() reason 0
[2019.10.28-13.58.33:334][561]LogUObjectGlobals: Created PersistentFrame Addr=0x000002410543dc00, Size=480, Default__GameInfoInstance_BP_C Function /Game/Woolf/Blueprints/GameInfoInstance_BP.GameInfoInstance_BP_C:ExecuteUbergraph_GameInfoInstance_BP
[2019.10.28-13.58.33:335][561]LogUObjectGlobals: Created PersistentFrame Addr=0x00000241020f1e00, Size=64, Default__W_HostMenu_C Function /Game/Woolf/UI/W_HostMenu.W_HostMenu_C:ExecuteUbergraph_W_HostMenu
[2019.10.28-13.58.33:346][561]LogUObjectGlobals: Created PersistentFrame Addr=0x000002410537d180, Size=360, Default__W_JoinMenu_C Function /Game/Woolf/UI/W_JoinMenu.W_JoinMenu_C:ExecuteUbergraph_W_JoinMenu
[2019.10.28-13.58.33:352][561]LogUObjectGlobals: Created PersistentFrame Addr=0x000002417fa52b80, Size=32, Default__W_MainMenu_C Function /Game/Woolf/UI/W_MainMenu.W_MainMenu_C:ExecuteUbergraph_W_MainMenu
[2019.10.28-13.58.33:369][561]LogUObjectGlobals: Destroyed PersistentFrame Addr=0x000002410543dc00, Size=480
[2019.10.28-13.58.33:369][561]LogUObjectGlobals: Created PersistentFrame Addr=0x0000024105366200, Size=480, Default__GameInfoInstance_BP_C Function /Engine/Transient.REINST_GameInfoInstance_BP_C_10:ExecuteUbergraph_GameInfoInstance_BP
[2019.10.28-13.58.33:370][561]LogUObjectGlobals: Destroyed PersistentFrame Addr=0x00000241020f1e00, Size=64
[2019.10.28-13.58.33:370][561]LogUObjectGlobals: Created PersistentFrame Addr=0x00000241053d3140, Size=64, Default__W_HostMenu_C Function /Engine/Transient.REINST_W_HostMenu_C_0:ExecuteUbergraph_W_HostMenu
[2019.10.28-13.58.33:370][561]LogUObjectGlobals: Destroyed PersistentFrame Addr=0x000002410537d180, Size=360
[2019.10.28-13.58.33:370][561]LogUObjectGlobals: Created PersistentFrame Addr=0x000002414cf7ba00, Size=360, Default__W_JoinMenu_C Function /Engine/Transient.REINST_W_JoinMenu_C_1:ExecuteUbergraph_W_JoinMenu
[2019.10.28-13.58.33:371][561]LogUObjectGlobals: Destroyed PersistentFrame Addr=0x000002417fa52b80, Size=32
[2019.10.28-13.58.33:371][561]LogUObjectGlobals: Created PersistentFrame Addr=0x0000024105329880, Size=32, Default__W_MainMenu_C Function /Engine/Transient.REINST_W_MainMenu_C_2:ExecuteUbergraph_W_MainMenu
[2019.10.28-13.58.33:385][561]LogUObjectGlobals: Created PersistentFrame Addr=0x0000024153473000, Size=480, Default__GameInfoInstance_BP_C Function /Game/Woolf/Blueprints/GameInfoInstance_BP.GameInfoInstance_BP_C:ExecuteUbergraph_GameInfoInstance_BP
[2019.10.28-13.58.33:388][561]LogUObjectGlobals: Created PersistentFrame Addr=0x000002415342fac0, Size=64, Default__W_HostMenu_C Function /Game/Woolf/UI/W_HostMenu.W_HostMenu_C:ExecuteUbergraph_W_HostMenu
[2019.10.28-13.58.33:390][561]LogUObjectGlobals: Created PersistentFrame Addr=0x000002415346d480, Size=360, Default__W_JoinMenu_C Function /Game/Woolf/UI/W_JoinMenu.W_JoinMenu_C:ExecuteUbergraph_W_JoinMenu
[2019.10.28-13.58.33:392][561]LogUObjectGlobals: Created PersistentFrame Addr=0x00000241533e7f40, Size=32, Default__W_MainMenu_C Function /Game/Woolf/UI/W_MainMenu.W_MainMenu_C:ExecuteUbergraph_W_MainMenu
[2019.10.28-13.58.33:400][561]LogUObjectGlobals: Created PersistentFrame Addr=0x00000241533e7f80, Size=32, Default__MainMenu_C Function /Game/Woolf/Maps/MainMenu.MainMenu_C:ExecuteUbergraph_MainMenu
[2019.10.28-13.58.33:401][561]LogUObjectGlobals: Destroyed PersistentFrame Addr=0x00000241533e7f80, Size=32
[2019.10.28-13.58.33:401][561]LogUObjectGlobals: Created PersistentFrame Addr=0x00000241533e7f80, Size=32, Default__MainMenu_C Function /Engine/Transient.REINST_MainMenu_C_15:ExecuteUbergraph_MainMenu
[2019.10.28-13.58.33:402][561]LogUObjectGlobals: Created PersistentFrame Addr=0x00000241533e7580, Size=32, Default__MainMenu_C Function /Game/Woolf/Maps/MainMenu.MainMenu_C:ExecuteUbergraph_MainMenu
[2019.10.28-13.58.33:444][561]LogAIModule: Creating AISystem for world MainMenu
[2019.10.28-13.58.33:461][561]LogUObjectGlobals: Destroyed PersistentFrame Addr=0x0000024105329880, Size=32
[2019.10.28-13.58.33:461][561]LogUObjectGlobals: Destroyed PersistentFrame Addr=0x000002414cf7ba00, Size=360
[2019.10.28-13.58.33:461][561]LogUObjectGlobals: Destroyed PersistentFrame Addr=0x00000241053d3140, Size=64
[2019.10.28-13.58.33:461][561]LogUObjectGlobals: Destroyed PersistentFrame Addr=0x0000024105366200, Size=480
[2019.10.28-13.58.33:461][561]LogUObjectGlobals: Destroyed PersistentFrame Addr=0x00000241533e7f80, Size=32
[2019.10.28-13.58.33:463][561]Cmd: MAP LOAD FILE="../../../../../../Users/t7038904/Source/BetaArcade/MasterBuild/Content/Woolf/Maps/MainMenu.umap" TEMPLATE=0 SHOWPROGRESS=1 FEATURELEVEL=3
[2019.10.28-13.58.33:463][561]LightingResults: New page: Lighting Build
[2019.10.28-13.58.33:464][561]LoadErrors: New page: Loading map: MainMenu.umap
[2019.10.28-13.58.33:465][561]MapCheck: New page: Map Check
[2019.10.28-13.58.33:465][561]LightingResults: New page: Lighting Build
[2019.10.28-13.58.33:478][561]LogUObjectGlobals: Destroyed PersistentFrame Addr=0x000002416230d700, Size=32
[2019.10.28-13.58.33:480][561]LogEditorServer: Finished looking for orphan Actors (0.000 secs)
[2019.10.28-13.58.33:536][561]Cmd: MAP CHECKDEP NOCLEARLOG
[2019.10.28-13.58.33:637][561]MapCheck: Map check complete: 0 Error(s), 0 Warning(s), took 101.213ms to complete.
[2019.10.28-13.58.33:637][561]LogFileHelpers: Loading map 'MainMenu' took 0.175
[2019.10.28-13.58.35:711][686]LogTemp: Repeating last play command: Standalone Game
[2019.10.28-13.59.48:292][459]LogSlate: Window 'MasterBuild - Unreal Editor' being destroyed
[2019.10.28-13.59.48:293][459]LogWindowsTextInputMethodSystem: Display: IME system now deactivated.
[2019.10.28-13.59.48:474][460]Cmd: QUIT_EDITOR
[2019.10.28-13.59.48:515][460]LogSlate: Slate User Destroyed.  User Index 0, Is Virtual User: 0
[2019.10.28-13.59.48:516][460]LogExit: Preparing to exit.
[2019.10.28-13.59.48:731][460]LogDirectoryWatcher: A directory notification for 'C:/Users/t7038904/Source/BetaArcade/MasterBuild/Content/' was aborted.
[2019.10.28-13.59.48:745][460]LogUObjectGlobals: Destroyed PersistentFrame Addr=0x000002415f7da980, Size=72
[2019.10.28-13.59.48:748][460]LogExit: Editor shut down
[2019.10.28-13.59.48:752][460]LogExit: Transaction tracking system shut down
[2019.10.28-13.59.48:752][460]LogUObjectGlobals: Destroyed PersistentFrame Addr=0x0000024153473000, Size=480
[2019.10.28-13.59.48:752][460]LogUObjectGlobals: Destroyed PersistentFrame Addr=0x000002415342fac0, Size=64
[2019.10.28-13.59.48:752][460]LogUObjectGlobals: Destroyed PersistentFrame Addr=0x000002415346d480, Size=360
[2019.10.28-13.59.48:752][460]LogUObjectGlobals: Destroyed PersistentFrame Addr=0x00000241533e7f40, Size=32
[2019.10.28-13.59.48:753][460]LogUObjectGlobals: Destroyed PersistentFrame Addr=0x00000241533e7580, Size=32
[2019.10.28-13.59.48:907][460]LogDirectoryWatcher: A directory notification for '../../../Engine/Content/' was aborted.
[2019.10.28-13.59.48:907][460]LogDirectoryWatcher: A directory notification for '../../../../../../Users/t7038904/Source/BetaArcade/MasterBuild/Content/' was aborted.
[2019.10.28-13.59.48:907][460]LogDirectoryWatcher: A directory notification for '../../Plugins/2D/Paper2D/Content/' was aborted.
[2019.10.28-13.59.48:907][460]LogDirectoryWatcher: A directory notification for '../../Plugins/Enterprise/DatasmithContent/Content/' was aborted.
[2019.10.28-13.59.48:907][460]LogDirectoryWatcher: A directory notification for '../../Plugins/Media/MediaCompositing/Content/' was aborted.
[2019.10.28-13.59.48:907][460]LogDirectoryWatcher: A directory notification for '../../Plugins/Runtime/AppleARKit/Content/' was aborted.
[2019.10.28-13.59.48:907][460]LogDirectoryWatcher: A directory notification for '../../Plugins/Runtime/Oculus/OculusVR/Content/' was aborted.
[2019.10.28-13.59.48:907][460]LogDirectoryWatcher: A directory notification for '../../Plugins/Runtime/Steam/SteamVR/Content/' was aborted.
[2019.10.28-13.59.48:973][460]LogExit: Object subsystem successfully closed.
[2019.10.28-13.59.48:984][460]LogShaderCompilers: Display: Shaders left to compile 0
[2019.10.28-13.59.48:987][460]LogD3D11RHI: Shutdown
[2019.10.28-13.59.48:987][460]LogD3D11RHI: CleanupD3DDevice
[2019.10.28-13.59.48:989][460]LogD3D11RHI: ~FD3D11DynamicRHI
[2019.10.28-13.59.49:023][460]LogModuleManager: Shutting down and abandoning module HierarchicalLODOutliner (576)
[2019.10.28-13.59.49:023][460]LogModuleManager: Shutting down and abandoning module DesktopPlatform (574)
[2019.10.28-13.59.49:023][460]LogModuleManager: Shutting down and abandoning module SceneOutliner (572)
[2019.10.28-13.59.49:023][460]LogModuleManager: Shutting down and abandoning module AddContentDialog (570)
[2019.10.28-13.59.49:023][460]LogDirectoryWatcher: A directory notification for 'C:/Program Files/Epic Games/UE_4.19/FeaturePacks/' was aborted.
[2019.10.28-13.59.49:026][460]LogModuleManager: Shutting down and abandoning module WidgetCarousel (569)
[2019.10.28-13.59.49:026][460]LogModuleManager: Shutting down and abandoning module EditorWidgets (566)
[2019.10.28-13.59.49:026][460]LogModuleManager: Shutting down and abandoning module CollectionManager (564)
[2019.10.28-13.59.49:026][460]LogDirectoryWatcher: A directory notification for 'C:/Users/t7038904/Source/BetaArcade/MasterBuild/Content/Collections/' was aborted.
[2019.10.28-13.59.49:026][460]LogDirectoryWatcher: A directory notification for 'C:/Users/t7038904/Source/BetaArcade/MasterBuild/Content/Developers/t7038904/Collections/' was aborted.
[2019.10.28-13.59.49:026][460]LogDirectoryWatcher: A directory notification for 'C:/Users/t7038904/Source/BetaArcade/MasterBuild/Saved/Collections/' was aborted.
[2019.10.28-13.59.49:026][460]LogModuleManager: Shutting down and abandoning module StatsViewer (562)
[2019.10.28-13.59.49:026][460]LogModuleManager: Shutting down and abandoning module FoliageEdit (560)
[2019.10.28-13.59.49:026][460]LogModuleManager: Shutting down and abandoning module LandscapeEditor (558)
[2019.10.28-13.59.49:027][460]LogModuleManager: Shutting down and abandoning module MeshPaintMode (556)
[2019.10.28-13.59.49:027][460]LogModuleManager: Shutting down and abandoning module SceneDepthPickerMode (554)
[2019.10.28-13.59.49:027][460]LogModuleManager: Shutting down and abandoning module ActorPickerMode (552)
[2019.10.28-13.59.49:027][460]LogModuleManager: Shutting down and abandoning module GeometryMode (550)
[2019.10.28-13.59.49:027][460]LogModuleManager: Shutting down and abandoning module TextureAlignMode (548)
[2019.10.28-13.59.49:027][460]LogModuleManager: Shutting down and abandoning module BspMode (546)
[2019.10.28-13.59.49:027][460]LogModuleManager: Shutting down and abandoning module PIEPreviewDeviceProfileSelector (544)
[2019.10.28-13.59.49:027][460]LogModuleManager: Shutting down and abandoning module HardwareSurvey (542)
[2019.10.28-13.59.49:027][460]LogModuleManager: Shutting down and abandoning module SequenceRecorderSections (540)
[2019.10.28-13.59.49:027][460]LogModuleManager: Shutting down and abandoning module AutomationWorker (538)
[2019.10.28-13.59.49:027][460]LogModuleManager: Shutting down and abandoning module AudioCaptureEditor (536)
[2019.10.28-13.59.49:027][460]LogModuleManager: Shutting down and abandoning module SequenceRecorder (535)
[2019.10.28-13.59.49:027][460]LogModuleManager: Shutting down and abandoning module MatineeToLevelSequence (532)
[2019.10.28-13.59.49:027][460]LogModuleManager: Shutting down and abandoning module LevelSequenceEditor (530)
[2019.10.28-13.59.49:027][460]LogModuleManager: Shutting down and abandoning module PlacementMode (529)
[2019.10.28-13.59.49:027][460]LogModuleManager: Shutting down and abandoning module MaterialEditor (528)
[2019.10.28-13.59.49:027][460]LogModuleManager: Shutting down and abandoning module WmfMediaFactory (524)
[2019.10.28-13.59.49:027][460]LogModuleManager: Shutting down and abandoning module WmfMediaEditor (522)
[2019.10.28-13.59.49:027][460]LogModuleManager: Shutting down and abandoning module MediaPlayerEditor (520)
[2019.10.28-13.59.49:027][460]LogModuleManager: Shutting down and abandoning module OpenExrWrapper (518)
[2019.10.28-13.59.49:027][460]LogModuleManager: Shutting down and abandoning module ImgMediaFactory (516)
[2019.10.28-13.59.49:027][460]LogModuleManager: Shutting down and abandoning module ImgMediaEditor (514)
[2019.10.28-13.59.49:027][460]LogModuleManager: Shutting down and abandoning module AvfMediaFactory (512)
[2019.10.28-13.59.49:027][460]LogModuleManager: Shutting down and abandoning module AvfMediaEditor (510)
[2019.10.28-13.59.49:027][460]LogModuleManager: Shutting down and abandoning module AndroidMediaFactory (508)
[2019.10.28-13.59.49:027][460]LogModuleManager: Shutting down and abandoning module AndroidMediaEditor (506)
[2019.10.28-13.59.49:027][460]LogModuleManager: Shutting down and abandoning module CharacterAI (504)
[2019.10.28-13.59.49:027][460]LogModuleManager: Shutting down and abandoning module SmartSnapping (502)
[2019.10.28-13.59.49:027][460]LogModuleManager: Shutting down and abandoning module SessionServices (500)
[2019.10.28-13.59.49:027][460]LogModuleManager: Shutting down and abandoning module ViewportSnapping (498)
[2019.10.28-13.59.49:027][460]LogModuleManager: Shutting down and abandoning module ViewportInteraction (496)
[2019.10.28-13.59.49:027][460]LogModuleManager: Shutting down and abandoning module ClothPainter (494)
[2019.10.28-13.59.49:027][460]LogModuleManager: Shutting down and abandoning module SkeletalMeshEditor (493)
[2019.10.28-13.59.49:027][460]LogModuleManager: Shutting down and abandoning module LogVisualizer (490)
[2019.10.28-13.59.49:028][460]LogModuleManager: Shutting down and abandoning module IntroTutorials (488)
[2019.10.28-13.59.49:028][460]LogModuleManager: Shutting down and abandoning module GameProjectGeneration (487)
[2019.10.28-13.59.49:028][460]LogModuleManager: Shutting down and abandoning module IOSPlatformEditor (484)
[2019.10.28-13.59.49:028][460]LogModuleManager: Shutting down and abandoning module HTML5PlatformEditor (482)
[2019.10.28-13.59.49:028][460]LogModuleManager: Shutting down and abandoning module AndroidPlatformEditor (480)
[2019.10.28-13.59.49:028][460]LogModuleManager: Shutting down and abandoning module AndroidDeviceDetection (479)
[2019.10.28-13.59.49:347][460]LogModuleManager: Shutting down and abandoning module WindowsPlatformEditor (476)
[2019.10.28-13.59.49:347][460]LogModuleManager: Shutting down and abandoning module IOSRuntimeSettings (474)
[2019.10.28-13.59.49:347][460]LogModuleManager: Shutting down and abandoning module AndroidRuntimeSettings (472)
[2019.10.28-13.59.49:347][460]LogModuleManager: Shutting down and abandoning module InputBindingEditor (470)
[2019.10.28-13.59.49:347][460]LogModuleManager: Shutting down and abandoning module MergeActors (468)
[2019.10.28-13.59.49:347][460]LogModuleManager: Shutting down and abandoning module LocalizationDashboard (466)
[2019.10.28-13.59.49:347][460]LogModuleManager: Shutting down and abandoning module LocalizationService (465)
[2019.10.28-13.59.49:347][460]LogModuleManager: Shutting down and abandoning module HardwareTargeting (462)
[2019.10.28-13.59.49:347][460]LogModuleManager: Shutting down and abandoning module DeviceProfileEditor (460)
[2019.10.28-13.59.49:347][460]LogModuleManager: Shutting down and abandoning module UndoHistory (458)
[2019.10.28-13.59.49:347][460]LogModuleManager: Shutting down and abandoning module XmlParser (456)
[2019.10.28-13.59.49:347][460]LogModuleManager: Shutting down and abandoning module Blutility (454)
[2019.10.28-13.59.49:347][460]LogModuleManager: Shutting down and abandoning module ProjectSettingsViewer (452)
[2019.10.28-13.59.49:347][460]LogModuleManager: Shutting down and abandoning module ProjectTargetPlatformEditor (451)
[2019.10.28-13.59.49:347][460]LogModuleManager: Shutting down and abandoning module EditorSettingsViewer (448)
[2019.10.28-13.59.49:348][460]LogModuleManager: Shutting down and abandoning module SettingsEditor (446)
[2019.10.28-13.59.49:348][460]LogModuleManager: Shutting down and abandoning module ProjectLauncher (444)
[2019.10.28-13.59.49:348][460]LogModuleManager: Shutting down and abandoning module SessionFrontend (442)
[2019.10.28-13.59.49:348][460]LogModuleManager: Shutting down and abandoning module ProfilerClient (440)
[2019.10.28-13.59.49:348][460]LogModuleManager: Shutting down and abandoning module DeviceManager (438)
[2019.10.28-13.59.49:348][460]LogModuleManager: Shutting down and abandoning module TargetDeviceServices (437)
[2019.10.28-13.59.49:411][460]LogModuleManager: Shutting down and abandoning module AutomationController (434)
[2019.10.28-13.59.49:411][460]LogModuleManager: Shutting down and abandoning module AutomationWindow (432)
[2019.10.28-13.59.49:411][460]LogModuleManager: Shutting down and abandoning module Layers (430)
[2019.10.28-13.59.49:411][460]LogModuleManager: Shutting down and abandoning module ComponentVisualizers (428)
[2019.10.28-13.59.49:411][460]LogModuleManager: Shutting down and abandoning module DetailCustomizations (426)
[2019.10.28-13.59.49:411][460]LogModuleManager: Shutting down and abandoning module PackagesDialog (424)
[2019.10.28-13.59.49:411][460]LogModuleManager: Shutting down and abandoning module Persona (422)
[2019.10.28-13.59.49:411][460]LogModuleManager: Shutting down and abandoning module AdvancedPreviewScene (421)
[2019.10.28-13.59.49:411][460]LogModuleManager: Shutting down and abandoning module AnimGraph (419)
[2019.10.28-13.59.49:411][460]LogModuleManager: Shutting down and abandoning module Kismet (416)
[2019.10.28-13.59.49:412][460]LogModuleManager: Shutting down and abandoning module GraphEditor (414)
[2019.10.28-13.59.49:412][460]LogModuleManager: Shutting down and abandoning module ClassViewer (412)
[2019.10.28-13.59.49:412][460]LogModuleManager: Shutting down and abandoning module Toolbox (410)
[2019.10.28-13.59.49:412][460]LogModuleManager: Shutting down and abandoning module ModuleUI (408)
[2019.10.28-13.59.49:412][460]LogModuleManager: Shutting down and abandoning module MovieSceneTools (406)
[2019.10.28-13.59.49:412][460]LogModuleManager: Shutting down and abandoning module OutputLog (404)
[2019.10.28-13.59.49:412][460]LogModuleManager: Shutting down and abandoning module GammaUI (402)
[2019.10.28-13.59.49:412][460]LogModuleManager: Shutting down and abandoning module Documentation (400)
[2019.10.28-13.59.49:412][460]LogModuleManager: Shutting down and abandoning module MovieSceneTracks (398)
[2019.10.28-13.59.49:412][460]LogModuleManager: Shutting down and abandoning module MovieScene (396)
[2019.10.28-13.59.49:412][460]LogModuleManager: Shutting down and abandoning module StreamingPauseRendering (394)
[2019.10.28-13.59.49:412][460]LogModuleManager: Shutting down and abandoning module LauncherPlatform (392)
[2019.10.28-13.59.49:412][460]LogModuleManager: Shutting down and abandoning module AnalyticsET (390)
[2019.10.28-13.59.49:412][460]LogModuleManager: Shutting down and abandoning module PortalServices (388)
[2019.10.28-13.59.49:412][460]LogModuleManager: Shutting down and abandoning module PortalRpc (386)
[2019.10.28-13.59.49:412][460]LogModuleManager: Shutting down and abandoning module MessagingRpc (384)
[2019.10.28-13.59.49:412][460]LogModuleManager: Shutting down and abandoning module AIModule (382)
[2019.10.28-13.59.49:412][460]LogModuleManager: Shutting down and abandoning module GameplayDebugger (381)
[2019.10.28-13.59.49:413][460]LogModuleManager: Shutting down and abandoning module AITestSuite (379)
[2019.10.28-13.59.49:413][460]LogModuleManager: Shutting down and abandoning module ProfilerService (376)
[2019.10.28-13.59.49:608][460]LogModuleManager: Shutting down and abandoning module TaskGraph (374)
[2019.10.28-13.59.49:608][460]LogModuleManager: Shutting down and abandoning module SteamVRController (372)
[2019.10.28-13.59.49:608][460]LogModuleManager: Shutting down and abandoning module ProceduralMeshComponentEditor (370)
[2019.10.28-13.59.49:608][460]LogModuleManager: Shutting down and abandoning module ProceduralMeshComponent (368)
[2019.10.28-13.59.49:608][460]LogModuleManager: Shutting down and abandoning module OculusInput (366)
[2019.10.28-13.59.49:608][460]LogModuleManager: Shutting down and abandoning module MobilePatchingUtils (364)
[2019.10.28-13.59.49:608][460]LogModuleManager: Shutting down and abandoning module CustomMeshComponent (362)
[2019.10.28-13.59.49:608][460]LogModuleManager: Shutting down and abandoning module CableComponent (360)
[2019.10.28-13.59.49:608][460]LogModuleManager: Shutting down and abandoning module AudioCapture (358)
[2019.10.28-13.59.49:608][460]LogModuleManager: Shutting down and abandoning module ArchVisCharacter (356)
[2019.10.28-13.59.49:608][460]LogModuleManager: Shutting down and abandoning module AndroidPermission (354)
[2019.10.28-13.59.49:608][460]LogModuleManager: Shutting down and abandoning module NUTUnrealEngine4 (352)
[2019.10.28-13.59.49:608][460]LogModuleManager: Shutting down and abandoning module NetcodeUnitTest (350)
[2019.10.28-13.59.49:608][460]LogModuleManager: Shutting down and abandoning module MediaCompositingEditor (348)
[2019.10.28-13.59.49:608][460]LogModuleManager: Shutting down and abandoning module MediaCompositing (346)
[2019.10.28-13.59.49:608][460]LogModuleManager: Shutting down and abandoning module LinearTimecode (344)
[2019.10.28-13.59.49:608][460]LogModuleManager: Shutting down and abandoning module ImgMedia (342)
[2019.10.28-13.59.49:611][460]LogModuleManager: Shutting down and abandoning module HTML5Networking (340)
[2019.10.28-13.59.49:611][460]LogModuleManager: Shutting down and abandoning module AlembicImporter (338)
[2019.10.28-13.59.49:611][460]LogModuleManager: Shutting down and abandoning module AlembicLibrary (337)
[2019.10.28-13.59.49:612][460]LogModuleManager: Shutting down and abandoning module GeometryCache (336)
[2019.10.28-13.59.49:612][460]LogModuleManager: Shutting down and abandoning module GeometryCacheEd (335)
[2019.10.28-13.59.49:612][460]LogModuleManager: Shutting down and abandoning module DatasmithContent (330)
[2019.10.28-13.59.49:612][460]LogModuleManager: Shutting down and abandoning module SpeedTreeImporter (328)
[2019.10.28-13.59.49:612][460]LogModuleManager: Shutting down and abandoning module PluginBrowser (326)
[2019.10.28-13.59.49:612][460]LogModuleManager: Shutting down and abandoning module MobileLauncherProfileWizard (324)
[2019.10.28-13.59.49:612][460]LogModuleManager: Shutting down and abandoning module CryptoKeysOpenSSL (322)
[2019.10.28-13.59.49:612][460]LogModuleManager: Shutting down and abandoning module CryptoKeys (320)
[2019.10.28-13.59.49:612][460]LogModuleManager: Shutting down and abandoning module VisualStudioSourceCodeAccess (318)
[2019.10.28-13.59.49:612][460]LogModuleManager: Shutting down and abandoning module VisualStudioCodeSourceCodeAccess (316)
[2019.10.28-13.59.49:612][460]LogModuleManager: Shutting down and abandoning module UObjectPlugin (314)
[2019.10.28-13.59.49:612][460]LogModuleManager: Shutting down and abandoning module SubversionSourceControl (312)
[2019.10.28-13.59.49:612][460]LogModuleManager: Shutting down and abandoning module PerforceSourceControl (310)
[2019.10.28-13.59.49:612][460]LogModuleManager: Shutting down and abandoning module GitSourceControl (308)
[2019.10.28-13.59.49:613][460]LogModuleManager: Shutting down and abandoning module SourceControl (307)
[2019.10.28-13.59.49:613][460]LogModuleManager: Shutting down and abandoning module CLionSourceCodeAccess (304)
[2019.10.28-13.59.49:613][460]LogModuleManager: Shutting down and abandoning module LightPropagationVolumeEditor (302)
[2019.10.28-13.59.49:613][460]LogModuleManager: Shutting down and abandoning module PaperTiledImporter (300)
[2019.10.28-13.59.49:613][460]LogModuleManager: Shutting down and abandoning module PaperSpriteSheetImporter (298)
[2019.10.28-13.59.49:613][460]LogModuleManager: Shutting down and abandoning module Paper2DEditor (296)
[2019.10.28-13.59.49:616][460]LogModuleManager: Shutting down and abandoning module MeshPaint (295)
[2019.10.28-13.59.49:636][460]LogModuleManager: Shutting down and abandoning module MasterBuild (292)
[2019.10.28-13.59.49:643][460]LogModuleManager: Shutting down and abandoning module RuntimePhysXCooking (290)
[2019.10.28-13.59.49:643][460]LogModuleManager: Shutting down and abandoning module PhysXVehiclesEditor (288)
[2019.10.28-13.59.49:643][460]LogModuleManager: Shutting down and abandoning module PhysXVehicles (286)
[2019.10.28-13.59.49:643][460]LogModuleManager: Shutting down and abandoning module OculusEditor (284)
[2019.10.28-13.59.49:643][460]LogModuleManager: Shutting down and abandoning module LocationServicesBPLibrary (282)
[2019.10.28-13.59.49:643][460]LogModuleManager: Shutting down and abandoning module ImmediatePhysicsEditor (280)
[2019.10.28-13.59.49:643][460]LogModuleManager: Shutting down and abandoning module ImmediatePhysics (278)
[2019.10.28-13.59.49:643][460]LogModuleManager: Shutting down and abandoning module ActorSequence (276)
[2019.10.28-13.59.49:643][460]LogModuleManager: Shutting down and abandoning module UdpMessaging (274)
[2019.10.28-13.59.49:746][460]LogModuleManager: Shutting down and abandoning module TcpMessaging (272)
[2019.10.28-13.59.49:865][460]LogModuleManager: Shutting down and abandoning module GameplayTagsEditor (270)
[2019.10.28-13.59.49:865][460]LogModuleManager: Shutting down and abandoning module FacialAnimationEditor (268)
[2019.10.28-13.59.49:865][460]LogModuleManager: Shutting down and abandoning module FacialAnimation (266)
[2019.10.28-13.59.49:865][460]LogModuleManager: Shutting down and abandoning module DataValidation (264)
[2019.10.28-13.59.49:865][460]LogModuleManager: Shutting down and abandoning module AssetManagerEditor (262)
[2019.10.28-13.59.49:866][460]LogModuleManager: Shutting down and abandoning module LevelEditor (261)
[2019.10.28-13.59.49:867][460]LogModuleManager: Shutting down and abandoning module PixelInspectorModule (260)
[2019.10.28-13.59.49:867][460]LogModuleManager: Shutting down and abandoning module CommonMenuExtensions (258)
[2019.10.28-13.59.49:867][460]LogModuleManager: Shutting down and abandoning module MainFrame (256)
[2019.10.28-13.59.49:867][460]LogModuleManager: Shutting down and abandoning module HotReload (255)
[2019.10.28-13.59.49:867][460]LogDirectoryWatcher: A directory notification for 'C:/Users/t7038904/Source/BetaArcade/MasterBuild/Binaries/Win64' was aborted.
[2019.10.28-13.59.49:868][460]LogModuleManager: Shutting down and abandoning module ContentBrowser (251)
[2019.10.28-13.59.49:878][460]LogModuleManager: Shutting down and abandoning module TreeMap (249)
[2019.10.28-13.59.49:878][460]LogModuleManager: Shutting down and abandoning module LightPropagationVolumeRuntime (246)
[2019.10.28-13.59.49:878][460]LogModuleManager: Shutting down and abandoning module LiveLinkEditor (244)
[2019.10.28-13.59.49:878][460]LogModuleManager: Shutting down and abandoning module LiveLink (242)
[2019.10.28-13.59.50:247][460]LogModuleManager: Shutting down and abandoning module Paper2D (240)
[2019.10.28-13.59.50:247][460]LogModuleManager: Shutting down and abandoning module WindowsMoviePlayer (238)
[2019.10.28-13.59.50:247][460]LogModuleManager: Shutting down and abandoning module WmfMedia (236)
[2019.10.28-13.59.50:248][460]LogModuleManager: Shutting down and abandoning module Media (235)
[2019.10.28-13.59.50:254][460]LogModuleManager: Shutting down and abandoning module PacketHandler (232)
[2019.10.28-13.59.50:254][460]LogModuleManager: Shutting down and abandoning module ClothingSystemEditor (230)
[2019.10.28-13.59.50:254][460]LogModuleManager: Shutting down and abandoning module ClothingSystemRuntime (228)
[2019.10.28-13.59.50:254][460]LogModuleManager: Shutting down and abandoning module MediaAssets (226)
[2019.10.28-13.59.50:254][460]LogModuleManager: Shutting down and abandoning module Overlay (224)
[2019.10.28-13.59.50:254][460]LogModuleManager: Shutting down and abandoning module OverlayEditor (223)
[2019.10.28-13.59.50:254][460]LogModuleManager: Shutting down and abandoning module VREditor (220)
[2019.10.28-13.59.50:254][460]LogModuleManager: Shutting down and abandoning module StringTableEditor (218)
[2019.10.28-13.59.50:254][460]LogModuleManager: Shutting down and abandoning module GameplayTasksEditor (216)
[2019.10.28-13.59.50:254][460]LogModuleManager: Shutting down and abandoning module BehaviorTreeEditor (214)
[2019.10.28-13.59.50:254][460]LogModuleManager: Shutting down and abandoning module FunctionalTesting (212)
[2019.10.28-13.59.50:255][460]LogModuleManager: Shutting down and abandoning module CollisionAnalyzer (210)
[2019.10.28-13.59.50:255][460]LogModuleManager: Shutting down and abandoning module WorkspaceMenuStructure (209)
[2019.10.28-13.59.50:255][460]LogModuleManager: Shutting down and abandoning module UMG (206)
[2019.10.28-13.59.50:255][460]LogModuleManager: Shutting down and abandoning module UMGEditor (205)
[2019.10.28-13.59.50:255][460]LogModuleManager: Shutting down and abandoning module Sequencer (204)
[2019.10.28-13.59.50:255][460]LogModuleManager: Shutting down and abandoning module MessageLog (201)
[2019.10.28-13.59.50:255][460]LogModuleManager: Shutting down and abandoning module SlateReflector (196)
[2019.10.28-13.59.50:255][460]LogModuleManager: Shutting down and abandoning module Slate (194)
[2019.10.28-13.59.50:255][460]LogModuleManager: Shutting down and abandoning module EditorStyle (192)
[2019.10.28-13.59.50:257][460]LogModuleManager: Shutting down and abandoning module MRMesh (190)
[2019.10.28-13.59.50:257][460]LogModuleManager: Shutting down and abandoning module SourceCodeAccess (188)
[2019.10.28-13.59.50:257][460]LogModuleManager: Shutting down and abandoning module HeadMountedDisplay (186)
[2019.10.28-13.59.50:257][460]LogModuleManager: Shutting down and abandoning module XAudio2 (184)
[2019.10.28-13.59.50:257][460]LogModuleManager: Shutting down and abandoning module Networking (182)
[2019.10.28-13.59.50:257][460]LogModuleManager: Shutting down and abandoning module Core (180)
[2019.10.28-13.59.50:257][460]LogModuleManager: Shutting down and abandoning module LevelSequence (178)
[2019.10.28-13.59.50:257][460]LogModuleManager: Shutting down and abandoning module KismetCompiler (176)
[2019.10.28-13.59.50:257][460]LogModuleManager: Shutting down and abandoning module MeshUtilities (174)
[2019.10.28-13.59.50:257][460]LogModuleManager: Shutting down and abandoning module MeshMergeUtilities (173)
[2019.10.28-13.59.50:257][460]LogModuleManager: Shutting down and abandoning module MeshReductionInterface (172)
[2019.10.28-13.59.50:257][460]LogModuleManager: Shutting down and abandoning module SimplygonSwarm (171)
[2019.10.28-13.59.50:257][460]LogModuleManager: Shutting down and abandoning module SimplygonMeshReduction (169)
[2019.10.28-13.59.50:257][460]LogModuleManager: Shutting down and abandoning module QuadricMeshReduction (167)
[2019.10.28-13.59.50:257][460]LogModuleManager: Shutting down and abandoning module MaterialBaking (163)
[2019.10.28-13.59.50:257][460]LogModuleManager: Shutting down and abandoning module DirectoryWatcher (159)
[2019.10.28-13.59.50:258][460]LogModuleManager: Shutting down and abandoning module DerivedDataCache (156)
[2019.10.28-13.59.50:499][460]LogDerivedDataCache: Shutdown
[2019.10.28-13.59.50:499][460]LogModuleManager: Shutting down and abandoning module XGEController (154)
[2019.10.28-13.59.50:499][460]LogModuleManager: Shutting down and abandoning module TargetPlatform (152)
[2019.10.28-13.59.50:499][460]LogModuleManager: Shutting down and abandoning module VulkanShaderFormat (151)
[2019.10.28-13.59.50:499][460]LogModuleManager: Shutting down and abandoning module ShaderFormatVectorVM (149)
[2019.10.28-13.59.50:499][460]LogModuleManager: Shutting down and abandoning module ShaderFormatOpenGL (147)
[2019.10.28-13.59.50:499][460]LogModuleManager: Shutting down and abandoning module ShaderFormatD3D (145)
[2019.10.28-13.59.50:499][460]LogModuleManager: Shutting down and abandoning module MetalShaderFormat (143)
[2019.10.28-13.59.50:499][460]LogModuleManager: Shutting down and abandoning module TextureFormatUncompressed (141)
[2019.10.28-13.59.50:499][460]LogModuleManager: Shutting down and abandoning module TextureFormatPVR (139)
[2019.10.28-13.59.50:499][460]LogModuleManager: Shutting down and abandoning module TextureFormatDXT (137)
[2019.10.28-13.59.50:499][460]LogModuleManager: Shutting down and abandoning module TextureFormatIntelISPCTexComp (135)
[2019.10.28-13.59.50:499][460]LogModuleManager: Shutting down and abandoning module TextureFormatASTC (133)
[2019.10.28-13.59.50:499][460]LogModuleManager: Shutting down and abandoning module ImageWrapper (132)
[2019.10.28-13.59.50:499][460]LogModuleManager: Shutting down and abandoning module TextureFormatAndroid (129)
[2019.10.28-13.59.50:499][460]LogModuleManager: Shutting down and abandoning module AudioFormatOpus (127)
[2019.10.28-13.59.50:500][460]LogModuleManager: Shutting down and abandoning module AudioFormatOgg (125)
[2019.10.28-13.59.50:500][460]LogModuleManager: Shutting down and abandoning module AudioFormatADPCM (123)
[2019.10.28-13.59.50:500][460]LogModuleManager: Shutting down and abandoning module LinuxTargetPlatform (121)
[2019.10.28-13.59.50:500][460]LogModuleManager: Shutting down and abandoning module LinuxServerTargetPlatform (119)
[2019.10.28-13.59.50:500][460]LogModuleManager: Shutting down and abandoning module LinuxNoEditorTargetPlatform (117)
[2019.10.28-13.59.50:500][460]LogModuleManager: Shutting down and abandoning module LinuxClientTargetPlatform (115)
[2019.10.28-13.59.50:500][460]LogModuleManager: Shutting down and abandoning module TVOSTargetPlatform (113)
[2019.10.28-13.59.50:500][460]LogModuleManager: Shutting down and abandoning module Messaging (111)
[2019.10.28-13.59.50:500][460]LogModuleManager: Shutting down and abandoning module IOSTargetPlatform (109)
[2019.10.28-13.59.50:500][460]LogModuleManager: Shutting down and abandoning module HTML5TargetPlatform (107)
[2019.10.28-13.59.50:500][460]LogModuleManager: Shutting down and abandoning module AndroidTargetPlatform (105)
[2019.10.28-13.59.50:500][460]LogModuleManager: Shutting down and abandoning module Android_PVRTCTargetPlatform (103)
[2019.10.28-13.59.50:500][460]LogModuleManager: Shutting down and abandoning module Android_MultiTargetPlatform (101)
[2019.10.28-13.59.50:500][460]LogModuleManager: Shutting down and abandoning module Android_ETC2TargetPlatform (99)
[2019.10.28-13.59.50:500][460]LogModuleManager: Shutting down and abandoning module Android_ETC1TargetPlatform (97)
[2019.10.28-13.59.50:500][460]LogModuleManager: Shutting down and abandoning module Android_ETC1aTargetPlatform (95)
[2019.10.28-13.59.50:500][460]LogModuleManager: Shutting down and abandoning module Android_DXTTargetPlatform (93)
[2019.10.28-13.59.50:500][460]LogModuleManager: Shutting down and abandoning module Android_ATCTargetPlatform (91)
[2019.10.28-13.59.50:500][460]LogModuleManager: Shutting down and abandoning module Android_ASTCTargetPlatform (89)
[2019.10.28-13.59.50:500][460]LogModuleManager: Shutting down and abandoning module WindowsTargetPlatform (87)
[2019.10.28-13.59.50:500][460]LogModuleManager: Shutting down and abandoning module WindowsServerTargetPlatform (85)
[2019.10.28-13.59.50:500][460]LogModuleManager: Shutting down and abandoning module WindowsNoEditorTargetPlatform (83)
[2019.10.28-13.59.50:500][460]LogModuleManager: Shutting down and abandoning module WindowsClientTargetPlatform (81)
[2019.10.28-13.59.50:500][460]LogModuleManager: Shutting down and abandoning module MacTargetPlatform (79)
[2019.10.28-13.59.50:500][460]LogModuleManager: Shutting down and abandoning module MacServerTargetPlatform (77)
[2019.10.28-13.59.50:500][460]LogModuleManager: Shutting down and abandoning module MacNoEditorTargetPlatform (75)
[2019.10.28-13.59.50:500][460]LogModuleManager: Shutting down and abandoning module MacClientTargetPlatform (73)
[2019.10.28-13.59.50:500][460]LogModuleManager: Shutting down and abandoning module AllDesktopTargetPlatform (71)
[2019.10.28-13.59.50:500][460]LogModuleManager: Shutting down and abandoning module InputCore (68)
[2019.10.28-13.59.50:500][460]LogModuleManager: Shutting down and abandoning module Settings (66)
[2019.10.28-13.59.50:500][460]LogModuleManager: Shutting down and abandoning module PhysXCooking (64)
[2019.10.28-13.59.50:500][460]LogModuleManager: Shutting down and abandoning module SteamVR (62)
[2019.10.28-13.59.50:500][460]LogModuleManager: Shutting down and abandoning module OculusHMD (60)
[2019.10.28-13.59.50:500][460]LogModuleManager: Shutting down and abandoning module ExampleDeviceProfileSelector (58)
[2019.10.28-13.59.50:500][460]LogModuleManager: Shutting down and abandoning module AppleARKit (56)
[2019.10.28-13.59.50:500][460]LogModuleManager: Shutting down and abandoning module AugmentedReality (55)
[2019.10.28-13.59.50:500][460]LogModuleManager: Shutting down and abandoning module OnlineBlueprintSupport (52)
[2019.10.28-13.59.50:500][460]LogModuleManager: Shutting down and abandoning module OnlineSubsystem (48)
[2019.10.28-13.59.50:500][460]LogOnline: Display: OSS: FOnlineSubsystemNull::Shutdown()
[2019.10.28-13.59.50:500][460]LogOnline: Display: OSS: FOnlineAsyncTaskManager::Stop() ActiveTask:0000000000000000 Tasks[0/0]
[2019.10.28-13.59.50:501][460]LogOnline: Display: OSS: FOnlineAsyncTaskManager::Exit() started
[2019.10.28-13.59.50:501][460]LogOnline: Display: OSS: FOnlineAsyncTaskManager::Exit() finished
[2019.10.28-13.59.50:501][460]LogModuleManager: Shutting down and abandoning module XMPP (43)
[2019.10.28-13.59.50:501][460]LogModuleManager: Shutting down and abandoning module HTTP (41)
[2019.10.28-13.59.50:501][460]LogHttp: Display: Http module shutting down, but needs to wait on 1 outstanding Http requests:
[2019.10.28-13.59.50:501][460]LogHttp: Display: 	verb=[POST] url=[https://datarouter.ol.epicgames.com/datarouter/api/v1/public/data?SessionID=%7B71C2C440-4592-55C9-266F-B8AD6E828087%7D&AppID=UEEditor.Rocket.Release&AppVersion=4.19.2-4033788%2B%2B%2BUE4%2BRelease-4.19&UserID=acea21e74379fb5aa2644d950cc7489d%7C%7C0d9fec4b-15ac-4b6d-8f03-f02928793437&AppEnvironment=datacollector-binary&UploadType=eteventstream] status=Processing
[2019.10.28-13.59.50:518][460]LogModuleManager: Shutting down and abandoning module SSL (40)
[2019.10.28-13.59.50:519][460]LogModuleManager: Shutting down and abandoning module AnimationModifiers (36)
[2019.10.28-13.59.50:519][460]LogModuleManager: Shutting down and abandoning module PropertyEditor (35)
[2019.10.28-13.59.50:519][460]LogModuleManager: Shutting down and abandoning module AudioEditor (32)
[2019.10.28-13.59.50:520][460]LogModuleManager: Shutting down and abandoning module TextureCompressor (30)
[2019.10.28-13.59.50:520][460]LogModuleManager: Shutting down and abandoning module ShaderCore (28)
[2019.10.28-13.59.50:520][460]LogModuleManager: Shutting down and abandoning module Landscape (26)
[2019.10.28-13.59.50:520][460]LogModuleManager: Shutting down and abandoning module SlateRHIRenderer (24)
[2019.10.28-13.59.50:520][460]LogModuleManager: Shutting down and abandoning module OpenGLDrv (22)
[2019.10.28-13.59.50:520][460]LogModuleManager: Shutting down and abandoning module D3D11RHI (20)
[2019.10.28-13.59.50:520][460]LogModuleManager: Shutting down and abandoning module AnimGraphRuntime (18)
[2019.10.28-13.59.50:520][460]LogModuleManager: Shutting down and abandoning module Renderer (16)
[2019.10.28-13.59.50:521][460]LogModuleManager: Shutting down and abandoning module Engine (14)
[2019.10.28-13.59.50:521][460]LogModuleManager: Shutting down and abandoning module CoreUObject (12)
[2019.10.28-13.59.50:521][460]LogModuleManager: Shutting down and abandoning module NetworkFile (10)
[2019.10.28-13.59.50:521][460]LogModuleManager: Shutting down and abandoning module CookedIterativeFile (8)
[2019.10.28-13.59.50:521][460]LogModuleManager: Shutting down and abandoning module StreamingFile (6)
[2019.10.28-13.59.50:521][460]LogModuleManager: Shutting down and abandoning module SandboxFile (4)
[2019.10.28-13.59.50:521][460]LogModuleManager: Shutting down and abandoning module PakFile (2)
[2019.10.28-13.59.50:526][460]LogExit: Exiting.
[2019.10.28-13.59.50:552][460]Log file closed, 10/28/19 13:59:50
