Log file open, 11/12/19 10:38:06
LogWindows: Failed to load 'aqProf.dll' (GetLastError=126)
LogWindows: File 'aqProf.dll' does not exist
LogWindows: Failed to load 'VtuneApi.dll' (GetLastError=126)
LogWindows: File 'VtuneApi.dll' does not exist
LogWindows: Failed to load 'VtuneApi32e.dll' (GetLastError=126)
LogWindows: File 'VtuneApi32e.dll' does not exist
LogInit: Display: Running engine for game: MasterBuild
LogPlatformFile: Not using cached read wrapper
LogInit: Display: RandInit(-336072444) SRandInit(-336072444).
LogInit: Read version file with build ID '3944462'
LogInit: Overriding engine version to CL 4033788, compatible CL 3944462
LogInit: Registered custom module enumerator with build ID '3944462'
LogTaskGraph: Started task graph with 5 named threads and 35 total threads with 3 sets of task threads.
LogStats: Stats thread started at 0.420632
LogD3D11RHI: Aftermath initialized
LogICUInternationalization: Display: ICU TimeZone Detection - Raw Offset: +0:00, Platform Override: ''
LogPluginManager: Mounting plugin Paper2D
LogPluginManager: Mounting plugin LiveLink
LogPluginManager: Mounting plugin LightPropagationVolume
LogPluginManager: Mounting plugin CLionSourceCodeAccess
LogPluginManager: Mounting plugin CodeLiteSourceCodeAccess
LogPluginManager: Mounting plugin GitSourceControl
LogPluginManager: Mounting plugin KDevelopSourceCodeAccess
LogPluginManager: Mounting plugin NullSourceCodeAccess
LogPluginManager: Mounting plugin PerforceSourceControl
LogPluginManager: Mounting plugin SubversionSourceControl
LogPluginManager: Mounting plugin UObjectPlugin
LogPluginManager: Mounting plugin VisualStudioCodeSourceCodeAccess
LogPluginManager: Mounting plugin VisualStudioSourceCodeAccess
LogPluginManager: Mounting plugin XCodeSourceCodeAccess
LogPluginManager: Mounting plugin AssetManagerEditor
LogPluginManager: Mounting plugin CryptoKeys
LogPluginManager: Mounting plugin DataValidation
LogPluginManager: Mounting plugin FacialAnimation
LogPluginManager: Mounting plugin GameplayTagsEditor
LogPluginManager: Mounting plugin MobileLauncherProfileWizard
LogPluginManager: Mounting plugin PluginBrowser
LogPluginManager: Mounting plugin SpeedTreeImporter
LogPluginManager: Mounting plugin DatasmithContent
LogPluginManager: Mounting plugin AlembicImporter
LogPluginManager: Mounting plugin CharacterAI
LogPluginManager: Mounting plugin HTML5Networking
LogPluginManager: Mounting plugin AndroidMedia
LogPluginManager: Mounting plugin AvfMedia
LogPluginManager: Mounting plugin ImgMedia
LogPluginManager: Mounting plugin LinearTimecode
LogPluginManager: Mounting plugin MediaCompositing
LogPluginManager: Mounting plugin MediaPlayerEditor
LogPluginManager: Mounting plugin WmfMedia
LogPluginManager: Mounting plugin TcpMessaging
LogPluginManager: Mounting plugin UdpMessaging
LogPluginManager: Mounting plugin ActorSequence
LogPluginManager: Mounting plugin LevelSequenceEditor
LogPluginManager: Mounting plugin MatineeToLevelSequence
LogPluginManager: Mounting plugin NetcodeUnitTest
LogPluginManager: Mounting plugin NUTUnrealEngine4
LogPluginManager: Mounting plugin OnlineSubsystemGooglePlay
LogPluginManager: Mounting plugin OnlineSubsystemIOS
LogPluginManager: Mounting plugin OnlineSubsystem
LogPluginManager: Mounting plugin OnlineSubsystemNull
LogPluginManager: Mounting plugin OnlineSubsystemUtils
LogPluginManager: Mounting plugin AndroidDeviceProfileSelector
LogPluginManager: Mounting plugin AndroidMoviePlayer
LogPluginManager: Mounting plugin AndroidPermission
LogPluginManager: Mounting plugin AppleARKit
LogPluginManager: Mounting plugin AppleMoviePlayer
LogPluginManager: Mounting plugin ArchVisCharacter
LogPluginManager: Mounting plugin AudioCapture
LogPluginManager: Mounting plugin CableComponent
LogPluginManager: Mounting plugin CustomMeshComponent
LogPluginManager: Mounting plugin ExampleDeviceProfileSelector
LogPluginManager: Mounting plugin GoogleCloudMessaging
LogPluginManager: Mounting plugin ImmediatePhysics
LogPluginManager: Mounting plugin IOSDeviceProfileSelector
LogPluginManager: Mounting plugin LinuxDeviceProfileSelector
LogPluginManager: Mounting plugin LocationServicesBPLibrary
LogPluginManager: Mounting plugin MobilePatchingUtils
LogPluginManager: Mounting plugin OculusVR
LogPluginManager: Plugin shader directory ../../../Engine/Plugins/Runtime/Oculus/OculusVR/Shaders found
LogPluginManager: Mapping shader source directory ../../../Engine/Plugins/Runtime/Oculus/OculusVR/Shaders to virtual directory /Plugin/OculusVR
LogPluginManager: Mounting plugin PhysXVehicles
LogPluginManager: Mounting plugin ProceduralMeshComponent
LogPluginManager: Mounting plugin RuntimePhysXCooking
LogPluginManager: Mounting plugin SteamVR
LogPluginManager: Mounting plugin WindowsMoviePlayer
LogStreaming: Display: Took  0.105s to configure plugins.
LogModuleManager: Display: Found up-to-date module file ../../../../../../Users/t7038904/Source/BetaArcade/MasterBuild/Binaries/Win64/UE4Editor-MasterBuild-6891.dll (API version 3944462).
LogModuleManager: Display: Found up-to-date module file ../../../Engine/Plugins/2D/Paper2D/Binaries/Win64/UE4Editor-Paper2D.dll (API version 3944462).
LogModuleManager: Display: Found up-to-date module file ../../../Engine/Plugins/2D/Paper2D/Binaries/Win64/UE4Editor-Paper2DEditor.dll (API version 3944462).
LogModuleManager: Display: Found up-to-date module file ../../../Engine/Plugins/2D/Paper2D/Binaries/Win64/UE4Editor-PaperSpriteSheetImporter.dll (API version 3944462).
LogModuleManager: Display: Found up-to-date module file ../../../Engine/Plugins/2D/Paper2D/Binaries/Win64/UE4Editor-PaperTiledImporter.dll (API version 3944462).
LogModuleManager: Display: Found up-to-date module file ../../../Engine/Plugins/2D/Paper2D/Binaries/Win64/UE4Editor-SmartSnapping.dll (API version 3944462).
LogModuleManager: Display: Found up-to-date module file ../../../Engine/Plugins/Animation/LiveLink/Binaries/Win64/UE4Editor-LiveLink.dll (API version 3944462).
LogModuleManager: Display: Found up-to-date module file ../../../Engine/Plugins/Animation/LiveLink/Binaries/Win64/UE4Editor-LiveLinkEditor.dll (API version 3944462).
LogModuleManager: Display: Found up-to-date module file ../../../Engine/Plugins/Blendables/LightPropagationVolume/Binaries/Win64/UE4Editor-LightPropagationVolumeRuntime.dll (API version 3944462).
LogModuleManager: Display: Found up-to-date module file ../../../Engine/Plugins/Blendables/LightPropagationVolume/Binaries/Win64/UE4Editor-LightPropagationVolumeEditor.dll (API version 3944462).
LogModuleManager: Display: Found up-to-date module file ../../../Engine/Plugins/Developer/CLionSourceCodeAccess/Binaries/Win64/UE4Editor-CLionSourceCodeAccess.dll (API version 3944462).
LogModuleManager: Display: Found up-to-date module file ../../../Engine/Plugins/Developer/GitSourceControl/Binaries/Win64/UE4Editor-GitSourceControl.dll (API version 3944462).
LogModuleManager: Display: Found up-to-date module file ../../../Engine/Plugins/Developer/PerforceSourceControl/Binaries/Win64/UE4Editor-PerforceSourceControl.dll (API version 3944462).
LogModuleManager: Display: Found up-to-date module file ../../../Engine/Plugins/Developer/SubversionSourceControl/Binaries/Win64/UE4Editor-SubversionSourceControl.dll (API version 3944462).
LogModuleManager: Display: Found up-to-date module file ../../../Engine/Plugins/Developer/UObjectPlugin/Binaries/Win64/UE4Editor-UObjectPlugin.dll (API version 3944462).
LogModuleManager: Display: Found up-to-date module file ../../../Engine/Plugins/Developer/VisualStudioCodeSourceCodeAccess/Binaries/Win64/UE4Editor-VisualStudioCodeSourceCodeAccess.dll (API version 3944462).
LogModuleManager: Display: Found up-to-date module file ../../../Engine/Plugins/Developer/VisualStudioSourceCodeAccess/Binaries/Win64/UE4Editor-VisualStudioSourceCodeAccess.dll (API version 3944462).
LogModuleManager: Display: Found up-to-date module file ../../../Engine/Plugins/Editor/AssetManagerEditor/Binaries/Win64/UE4Editor-AssetManagerEditor.dll (API version 3944462).
LogModuleManager: Display: Found up-to-date module file ../../../Engine/Plugins/Editor/CryptoKeys/Binaries/Win64/UE4Editor-CryptoKeys.dll (API version 3944462).
LogModuleManager: Display: Found up-to-date module file ../../../Engine/Plugins/Editor/CryptoKeys/Binaries/Win64/UE4Editor-CryptoKeysOpenSSL.dll (API version 3944462).
LogModuleManager: Display: Found up-to-date module file ../../../Engine/Plugins/Editor/DataValidation/Binaries/Win64/UE4Editor-DataValidation.dll (API version 3944462).
LogModuleManager: Display: Found up-to-date module file ../../../Engine/Plugins/Editor/FacialAnimation/Binaries/Win64/UE4Editor-FacialAnimation.dll (API version 3944462).
LogModuleManager: Display: Found up-to-date module file ../../../Engine/Plugins/Editor/FacialAnimation/Binaries/Win64/UE4Editor-FacialAnimationEditor.dll (API version 3944462).
LogModuleManager: Display: Found up-to-date module file ../../../Engine/Plugins/Editor/GameplayTagsEditor/Binaries/Win64/UE4Editor-GameplayTagsEditor.dll (API version 3944462).
LogModuleManager: Display: Found up-to-date module file ../../../Engine/Plugins/Editor/MobileLauncherProfileWizard/Binaries/Win64/UE4Editor-MobileLauncherProfileWizard.dll (API version 3944462).
LogModuleManager: Display: Found up-to-date module file ../../../Engine/Plugins/Editor/PluginBrowser/Binaries/Win64/UE4Editor-PluginBrowser.dll (API version 3944462).
LogModuleManager: Display: Found up-to-date module file ../../../Engine/Plugins/Editor/SpeedTreeImporter/Binaries/Win64/UE4Editor-SpeedTreeImporter.dll (API version 3944462).
LogModuleManager: Display: Found up-to-date module file ../../../Engine/Plugins/Enterprise/DatasmithContent/Binaries/Win64/UE4Editor-DatasmithContent.dll (API version 3944462).
LogModuleManager: Display: Found up-to-date module file ../../../Engine/Plugins/Experimental/AlembicImporter/Binaries/Win64/UE4Editor-AlembicImporter.dll (API version 3944462).
LogModuleManager: Display: Found up-to-date module file ../../../Engine/Plugins/Experimental/AlembicImporter/Binaries/Win64/UE4Editor-AlembicLibrary.dll (API version 3944462).
LogModuleManager: Display: Found up-to-date module file ../../../Engine/Plugins/Experimental/CharacterAI/Binaries/Win64/UE4Editor-CharacterAI.dll (API version 3944462).
LogModuleManager: Display: Found up-to-date module file ../../../Engine/Plugins/Experimental/HTML5Networking/Binaries/Win64/UE4Editor-HTML5Networking.dll (API version 3944462).
LogModuleManager: Display: Found up-to-date module file ../../../Engine/Plugins/Media/AndroidMedia/Binaries/Win64/UE4Editor-AndroidMediaEditor.dll (API version 3944462).
LogModuleManager: Display: Found up-to-date module file ../../../Engine/Plugins/Media/AndroidMedia/Binaries/Win64/UE4Editor-AndroidMediaFactory.dll (API version 3944462).
LogModuleManager: Display: Found up-to-date module file ../../../Engine/Plugins/Media/AvfMedia/Binaries/Win64/UE4Editor-AvfMediaEditor.dll (API version 3944462).
LogModuleManager: Display: Found up-to-date module file ../../../Engine/Plugins/Media/AvfMedia/Binaries/Win64/UE4Editor-AvfMediaFactory.dll (API version 3944462).
LogModuleManager: Display: Found up-to-date module file ../../../Engine/Plugins/Media/AvfMedia/Binaries/Win64/UE4Editor-AvfMediaFactory.dll (API version 3944462).
LogModuleManager: Display: Found up-to-date module file ../../../Engine/Plugins/Media/ImgMedia/Binaries/Win64/UE4Editor-ImgMedia.dll (API version 3944462).
LogModuleManager: Display: Found up-to-date module file ../../../Engine/Plugins/Media/ImgMedia/Binaries/Win64/UE4Editor-ImgMediaEditor.dll (API version 3944462).
LogModuleManager: Display: Found up-to-date module file ../../../Engine/Plugins/Media/ImgMedia/Binaries/Win64/UE4Editor-ImgMediaFactory.dll (API version 3944462).
LogModuleManager: Display: Found up-to-date module file ../../../Engine/Plugins/Media/ImgMedia/Binaries/Win64/UE4Editor-ImgMediaFactory.dll (API version 3944462).
LogModuleManager: Display: Found up-to-date module file ../../../Engine/Plugins/Media/ImgMedia/Binaries/Win64/UE4Editor-OpenExrWrapper.dll (API version 3944462).
LogModuleManager: Display: Found up-to-date module file ../../../Engine/Plugins/Media/LinearTimecode/Binaries/Win64/UE4Editor-LinearTimecode.dll (API version 3944462).
LogModuleManager: Display: Found up-to-date module file ../../../Engine/Plugins/Media/MediaCompositing/Binaries/Win64/UE4Editor-MediaCompositing.dll (API version 3944462).
LogModuleManager: Display: Found up-to-date module file ../../../Engine/Plugins/Media/MediaCompositing/Binaries/Win64/UE4Editor-MediaCompositingEditor.dll (API version 3944462).
LogModuleManager: Display: Found up-to-date module file ../../../Engine/Plugins/Media/MediaPlayerEditor/Binaries/Win64/UE4Editor-MediaPlayerEditor.dll (API version 3944462).
LogModuleManager: Display: Found up-to-date module file ../../../Engine/Plugins/Media/WmfMedia/Binaries/Win64/UE4Editor-WmfMedia.dll (API version 3944462).
LogModuleManager: Display: Found up-to-date module file ../../../Engine/Plugins/Media/WmfMedia/Binaries/Win64/UE4Editor-WmfMediaEditor.dll (API version 3944462).
LogModuleManager: Display: Found up-to-date module file ../../../Engine/Plugins/Media/WmfMedia/Binaries/Win64/UE4Editor-WmfMediaFactory.dll (API version 3944462).
LogModuleManager: Display: Found up-to-date module file ../../../Engine/Plugins/Media/WmfMedia/Binaries/Win64/UE4Editor-WmfMediaFactory.dll (API version 3944462).
LogModuleManager: Display: Found up-to-date module file ../../../Engine/Plugins/Messaging/TcpMessaging/Binaries/Win64/UE4Editor-TcpMessaging.dll (API version 3944462).
LogModuleManager: Display: Found up-to-date module file ../../../Engine/Plugins/Messaging/UdpMessaging/Binaries/Win64/UE4Editor-UdpMessaging.dll (API version 3944462).
LogModuleManager: Display: Found up-to-date module file ../../../Engine/Plugins/MovieScene/ActorSequence/Binaries/Win64/UE4Editor-ActorSequence.dll (API version 3944462).
LogModuleManager: Display: Found up-to-date module file ../../../Engine/Plugins/MovieScene/LevelSequenceEditor/Binaries/Win64/UE4Editor-LevelSequenceEditor.dll (API version 3944462).
LogModuleManager: Display: Found up-to-date module file ../../../Engine/Plugins/MovieScene/MatineeToLevelSequence/Binaries/Win64/UE4Editor-MatineeToLevelSequence.dll (API version 3944462).
LogModuleManager: Display: Found up-to-date module file ../../../Engine/Plugins/NetcodeUnitTest/NetcodeUnitTest/Binaries/Win64/UE4Editor-NetcodeUnitTest.dll (API version 3944462).
LogModuleManager: Display: Found up-to-date module file ../../../Engine/Plugins/NetcodeUnitTest/NUTUnrealEngine4/Binaries/Win64/UE4Editor-NUTUnrealEngine4.dll (API version 3944462).
LogModuleManager: Display: Found up-to-date module file ../../../Engine/Plugins/Online/OnlineSubsystem/Binaries/Win64/UE4Editor-OnlineSubsystem.dll (API version 3944462).
LogModuleManager: Display: Found up-to-date module file ../../../Engine/Plugins/Online/OnlineSubsystemNull/Binaries/Win64/UE4Editor-OnlineSubsystemNull.dll (API version 3944462).
LogModuleManager: Display: Found up-to-date module file ../../../Engine/Plugins/Online/OnlineSubsystemUtils/Binaries/Win64/UE4Editor-OnlineSubsystemUtils.dll (API version 3944462).
LogModuleManager: Display: Found up-to-date module file ../../../Engine/Plugins/Online/OnlineSubsystemUtils/Binaries/Win64/UE4Editor-OnlineBlueprintSupport.dll (API version 3944462).
LogModuleManager: Display: Found up-to-date module file ../../../Engine/Plugins/Runtime/AndroidDeviceProfileSelector/Binaries/Win64/UE4Editor-AndroidDeviceProfileSelector.dll (API version 3944462).
LogModuleManager: Display: Found up-to-date module file ../../../Engine/Plugins/Runtime/AndroidPermission/Binaries/Win64/UE4Editor-AndroidPermission.dll (API version 3944462).
LogModuleManager: Display: Found up-to-date module file ../../../Engine/Plugins/Runtime/AppleARKit/Binaries/Win64/UE4Editor-AppleARKit.dll (API version 3944462).
LogModuleManager: Display: Found up-to-date module file ../../../Engine/Plugins/Runtime/ArchVisCharacter/Binaries/Win64/UE4Editor-ArchVisCharacter.dll (API version 3944462).
LogModuleManager: Display: Found up-to-date module file ../../../Engine/Plugins/Runtime/AudioCapture/Binaries/Win64/UE4Editor-AudioCapture.dll (API version 3944462).
LogModuleManager: Display: Found up-to-date module file ../../../Engine/Plugins/Runtime/AudioCapture/Binaries/Win64/UE4Editor-AudioCaptureEditor.dll (API version 3944462).
LogModuleManager: Display: Found up-to-date module file ../../../Engine/Plugins/Runtime/CableComponent/Binaries/Win64/UE4Editor-CableComponent.dll (API version 3944462).
LogModuleManager: Display: Found up-to-date module file ../../../Engine/Plugins/Runtime/CustomMeshComponent/Binaries/Win64/UE4Editor-CustomMeshComponent.dll (API version 3944462).
LogModuleManager: Display: Found up-to-date module file ../../../Engine/Plugins/Runtime/ExampleDeviceProfileSelector/Binaries/Win64/UE4Editor-ExampleDeviceProfileSelector.dll (API version 3944462).
LogModuleManager: Display: Found up-to-date module file ../../../Engine/Plugins/Runtime/ImmediatePhysics/Binaries/Win64/UE4Editor-ImmediatePhysics.dll (API version 3944462).
LogModuleManager: Display: Found up-to-date module file ../../../Engine/Plugins/Runtime/ImmediatePhysics/Binaries/Win64/UE4Editor-ImmediatePhysicsEditor.dll (API version 3944462).
LogModuleManager: Display: Found up-to-date module file ../../../Engine/Plugins/Runtime/LocationServicesBPLibrary/Binaries/Win64/UE4Editor-LocationServicesBPLibrary.dll (API version 3944462).
LogModuleManager: Display: Found up-to-date module file ../../../Engine/Plugins/Runtime/MobilePatchingUtils/Binaries/Win64/UE4Editor-MobilePatchingUtils.dll (API version 3944462).
LogModuleManager: Display: Found up-to-date module file ../../../Engine/Plugins/Runtime/Oculus/OculusVR/Binaries/Win64/UE4Editor-OculusHMD.dll (API version 3944462).
LogModuleManager: Display: Found up-to-date module file ../../../Engine/Plugins/Runtime/Oculus/OculusVR/Binaries/Win64/UE4Editor-OculusInput.dll (API version 3944462).
LogModuleManager: Display: Found up-to-date module file ../../../Engine/Plugins/Runtime/Oculus/OculusVR/Binaries/Win64/UE4Editor-OculusEditor.dll (API version 3944462).
LogModuleManager: Display: Found up-to-date module file ../../../Engine/Plugins/Runtime/PhysXVehicles/Binaries/Win64/UE4Editor-PhysXVehicles.dll (API version 3944462).
LogModuleManager: Display: Found up-to-date module file ../../../Engine/Plugins/Runtime/PhysXVehicles/Binaries/Win64/UE4Editor-PhysXVehiclesEditor.dll (API version 3944462).
LogModuleManager: Display: Found up-to-date module file ../../../Engine/Plugins/Runtime/ProceduralMeshComponent/Binaries/Win64/UE4Editor-ProceduralMeshComponent.dll (API version 3944462).
LogModuleManager: Display: Found up-to-date module file ../../../Engine/Plugins/Runtime/ProceduralMeshComponent/Binaries/Win64/UE4Editor-ProceduralMeshComponentEditor.dll (API version 3944462).
LogModuleManager: Display: Found up-to-date module file ../../../Engine/Plugins/Runtime/RuntimePhysXCooking/Binaries/Win64/UE4Editor-RuntimePhysXCooking.dll (API version 3944462).
LogModuleManager: Display: Found up-to-date module file ../../../Engine/Plugins/Runtime/Steam/SteamVR/Binaries/Win64/UE4Editor-SteamVR.dll (API version 3944462).
LogModuleManager: Display: Found up-to-date module file ../../../Engine/Plugins/Runtime/Steam/SteamVR/Binaries/Win64/UE4Editor-SteamVRController.dll (API version 3944462).
LogModuleManager: Display: Found up-to-date module file ../../../Engine/Plugins/Runtime/WindowsMoviePlayer/Binaries/Win64/UE4Editor-WindowsMoviePlayer.dll (API version 3944462).
LogInit: Using libcurl 7.47.1
LogInit:  - built for x86_64-pc-win32
LogInit:  - supports SSL with OpenSSL/1.0.2g
LogInit:  - supports HTTP deflate (compression) using libz 1.2.8
LogInit:  - other features:
LogInit:      CURL_VERSION_SSL
LogInit:      CURL_VERSION_LIBZ
LogInit:      CURL_VERSION_IPV6
LogInit:      CURL_VERSION_ASYNCHDNS
LogInit:      CURL_VERSION_LARGEFILE
LogInit:      CURL_VERSION_IDN
LogInit:  CurlRequestOptions (configurable via config and command line):
LogInit:  - bVerifyPeer = false  - Libcurl will NOT verify peer certificate
LogInit:  - bUseHttpProxy = false  - Libcurl will NOT use HTTP proxy
LogInit:  - bDontReuseConnections = false  - Libcurl will reuse connections
LogInit:  - CertBundlePath = nullptr  - Libcurl will use whatever was configured at build time.
LogInit:  - MaxHostConnections = 16  - Libcurl will limit the number of connections to a host
LogInit:  - LocalHostAddr = Default
LogInit: WinSock: version 1.1 (2.2), MaxSocks=32767, MaxUdp=65467
LogInit: WinSock: I am TU45377 (152.105.219.80:0)
LogInit: Build: ++UE4+Release-4.19-CL-4033788
LogInit: Engine Version: 4.19.2-4033788+++UE4+Release-4.19
LogInit: Compatible Engine Version: 4.19.0-3944462+++UE4+Release-4.19
LogInit: Net CL: 3944462
LogDevObjectVersion: Number of dev versions registered: 18
LogDevObjectVersion:   Dev-Blueprints (B0D832E4-1F89-4F0D-ACCF-7EB736FD4AA2): 10
LogDevObjectVersion:   Dev-Build (E1C64328-A22C-4D53-A36C-8E866417BD8C): 0
LogDevObjectVersion:   Dev-Core (375EC13C-06E4-48FB-B500-84F0262A717E): 2
LogDevObjectVersion:   Dev-Editor (E4B068ED-F494-42E9-A231-DA0B2E46BB41): 23
LogDevObjectVersion:   Dev-Framework (CFFC743F-43B0-4480-9391-14DF171D2073): 33
LogDevObjectVersion:   Dev-Mobile (B02B49B5-BB20-44E9-A304-32B752E40360): 2
LogDevObjectVersion:   Dev-Networking (A4E4105C-59A1-49B5-A7C5-40C4547EDFEE): 0
LogDevObjectVersion:   Dev-Online (39C831C9-5AE6-47DC-9A44-9C173E1C8E7C): 0
LogDevObjectVersion:   Dev-Physics (78F01B33-EBEA-4F98-B9B4-84EACCB95AA2): 0
LogDevObjectVersion:   Dev-Platform (6631380F-2D4D-43E0-8009-CF276956A95A): 0
LogDevObjectVersion:   Dev-Rendering (12F88B9F-8875-4AFC-A67C-D90C383ABD29): 25
LogDevObjectVersion:   Dev-Sequencer (7B5AE74C-D270-4C10-A958-57980B212A5A): 6
LogDevObjectVersion:   Dev-VR (D7296918-1DD6-4BDD-9DE2-64A83CC13884): 1
LogDevObjectVersion:   Dev-LoadTimes (C2A15278-BFE7-4AFE-6C17-90FF531DF755): 1
LogDevObjectVersion:   Private-Geometry (6EACA3D4-40EC-4CC1-B786-8BED09428FC5): 2
LogDevObjectVersion:   Dev-AnimPhys (29E575DD-E0A3-4627-9D10-D276232CDCEA): 16
LogDevObjectVersion:   Dev-ReflectionCapture (6B266CEC-1EC7-4B8F-A30B-E4D90942FC07): 1
LogDevObjectVersion:   Dev-Automation (0DF73D61-A23F-47EA-B727-89E90C41499A): 1
LogInit: Compiled (64-bit): Apr 27 2018 02:06:57
LogInit: Compiled with Visual C++: 19.00.24215.01
LogInit: Build Configuration: Development
LogInit: Branch Name: ++UE4+Release-4.19
LogInit: Command Line:  /Game/Woolf/Maps/InterationofSheepHeaven -game -PIEVIACONSOLE -ResX=1280 -ResY=720  -Multiprocess -messaging -SessionName="Play in Standalone Game" -windowed 
LogInit: Base Directory: C:/Program Files/Epic Games/UE_4.19/Engine/Binaries/Win64/
LogInit: Installed Engine Build: 1
LogStreaming: Display: Took  0.011s to delete old logs.
LogInit: Presizing for max 8388607 objects, including 0 objects not considered by GC, pre-allocating 0 bytes for permanent pool.
LogInit: Object subsystem initialized
[2019.11.12-10.38.10:240][  0]LogInit: Selected Device Profile: [Windows]
[2019.11.12-10.38.10:240][  0]LogInit: Applying CVar settings loaded from the selected device profile: [Windows]
[2019.11.12-10.38.10:245][  0]LogInit: Computer: TU45377
[2019.11.12-10.38.10:245][  0]LogInit: User: t7038904
[2019.11.12-10.38.10:245][  0]LogInit: CPU Page size=4096, Cores=6
[2019.11.12-10.38.10:245][  0]LogInit: High frequency timer resolution =10.000000 MHz
[2019.11.12-10.38.10:246][  0]LogMemory: Memory total: Physical=31.9GB (32GB approx)
[2019.11.12-10.38.10:246][  0]LogMemory: Platform Memory Stats for Windows
[2019.11.12-10.38.10:246][  0]LogMemory: Process Physical Memory: 277.84 MB used, 277.85 MB peak
[2019.11.12-10.38.10:246][  0]LogMemory: Process Virtual Memory: 276.02 MB used, 276.02 MB peak
[2019.11.12-10.38.10:246][  0]LogMemory: Physical Memory: 11136.74 MB used,  21547.43 MB free, 32684.17 MB total
[2019.11.12-10.38.10:246][  0]LogMemory: Virtual Memory: 4819.93 MB used,  21547.43 MB free, 134217728.00 MB total
[2019.11.12-10.38.10:266][  0]LogInit: Using OS detected language (en-GB).
[2019.11.12-10.38.10:266][  0]LogInit: Using OS detected locale (en-GB).
[2019.11.12-10.38.10:266][  0]LogTextLocalizationManager: No localization for 'en-GB' exists, so 'en' will be used for the language.
[2019.11.12-10.38.10:266][  0]LogTextLocalizationManager: No localization for 'en-GB' exists, so 'en' will be used for the locale.
[2019.11.12-10.38.10:678][  0]LogStreaming: Display: Took  0.412s to EndInitTextLocalization.
[2019.11.12-10.38.10:704][  0]LogSlate: New Slate User Created.  User Index 0, Is Virtual User: 0
[2019.11.12-10.38.10:704][  0]LogSlate: Slate User Registered.  User Index 0, Is Virtual User: 0
[2019.11.12-10.38.10:712][  0]LogD3D11RHI: D3D11 adapters:
[2019.11.12-10.38.10:769][  0]LogD3D11RHI:    0. 'NVIDIA GeForce GTX 980 Ti' (Feature Level 11_0)
[2019.11.12-10.38.10:769][  0]LogD3D11RHI:       6097/0/16342 MB DedicatedVideo/DedicatedSystem/SharedSystem, Outputs:2, VendorId:0x10de
[2019.11.12-10.38.10:771][  0]LogD3D11RHI:    1. 'Microsoft Basic Render Driver' (Feature Level 11_0)
[2019.11.12-10.38.10:771][  0]LogD3D11RHI:       0/0/16342 MB DedicatedVideo/DedicatedSystem/SharedSystem, Outputs:0, VendorId:0x1414
[2019.11.12-10.38.10:771][  0]LogD3D11RHI: Chosen D3D11 Adapter: 0
[2019.11.12-10.38.10:778][  0]LogD3D11RHI: Creating new Direct3DDevice
[2019.11.12-10.38.10:778][  0]LogD3D11RHI:     GPU DeviceId: 0x17c8 (for the marketing name, search the web for "GPU Device Id")
[2019.11.12-10.38.10:778][  0]LogWindows: EnumDisplayDevices:
[2019.11.12-10.38.10:778][  0]LogWindows:    0. 'NVIDIA GeForce GTX 980 Ti' (P:1 D:1)
[2019.11.12-10.38.10:779][  0]LogWindows:    1. 'NVIDIA GeForce GTX 980 Ti' (P:0 D:1)
[2019.11.12-10.38.10:780][  0]LogWindows:    2. 'NVIDIA GeForce GTX 980 Ti' (P:0 D:0)
[2019.11.12-10.38.10:780][  0]LogWindows:    3. 'NVIDIA GeForce GTX 980 Ti' (P:0 D:0)
[2019.11.12-10.38.10:780][  0]LogWindows: DebugString: GetVideoDriverDetailsInvalid PrimaryIsNotTheChoosenAdapter GetVideoDriverDetailsInvalid PrimaryIsNotTheChoosenAdapter GetVideoDriverDetailsInvalid PrimaryIsNotTheChoosenAdapter GetVideoDriverDetailsInvalid PrimaryIsNotTheChoosenAdapter FoundDriverCount:0 
[2019.11.12-10.38.10:780][  0]LogD3D11RHI:     Adapter Name: NVIDIA GeForce GTX 980 Ti
[2019.11.12-10.38.10:781][  0]LogD3D11RHI:   Driver Version: Unknown (internal:Unknown, unified:Unknown)
[2019.11.12-10.38.10:781][  0]LogD3D11RHI:      Driver Date: Unknown
[2019.11.12-10.38.10:781][  0]LogRHI: Texture pool is 4268 MB (70% of 6097 MB)
[2019.11.12-10.38.10:814][  0]LogD3D11RHI: [Aftermath] Aftermath enabled and primed
[2019.11.12-10.38.10:814][  0]LogD3D11RHI: [Aftermath] Aftermath enabled and primed
[2019.11.12-10.38.10:814][  0]LogD3D11RHI: Async texture creation enabled
[2019.11.12-10.38.10:831][  0]LogD3D11RHI: GPU Timing Frequency: 1000.000000 (Debug: 2 2)
[2019.11.12-10.38.10:920][  0]LogShaderCompilers: Guid format shader working directory is -13 characters bigger than the processId version (../../../../../../Users/t7038904/Source/BetaArcade/MasterBuild/Intermediate/Shaders/WorkingDirectory/7640/).
[2019.11.12-10.38.10:920][  0]LogShaderCompilers: Cleaned the shader compiler working directory 'C:/Users/t7038904/AppData/Local/Temp/UnrealShaderWorkingDir/74BA6902400768D4D40DD79B6E8F5E6F/'.
[2019.11.12-10.38.11:242][  0]LogTemp: Display: Loaded TP WindowsClientTargetPlatform
[2019.11.12-10.38.11:258][  0]LogTemp: Display: Loaded TP WindowsNoEditorTargetPlatform
[2019.11.12-10.38.11:273][  0]LogTemp: Display: Loaded TP WindowsServerTargetPlatform
[2019.11.12-10.38.11:288][  0]LogTemp: Display: Loaded TP WindowsTargetPlatform
[2019.11.12-10.38.11:288][  0]LogTargetPlatformManager: Display: Building Assets For Windows
[2019.11.12-10.38.11:466][  0]LogXGEController: Cannot use XGE Controller as Incredibuild is not installed on this machine.
[2019.11.12-10.38.11:466][  0]LogShaderCompilers: Cannot use XGE Shader Compiler as Incredibuild is not installed on this machine.
[2019.11.12-10.38.11:466][  0]LogShaderCompilers: Display: Using Local Shader Compiler.
[2019.11.12-10.38.12:456][  0]LogDerivedDataCache: Display: Max Cache Size: 512 MB
[2019.11.12-10.38.12:527][  0]LogDerivedDataCache: Loaded boot cache 0.07s 77MB C:/Users/t7038904/AppData/Local/UnrealEngine/4.19/DerivedDataCache/Boot.ddc.
[2019.11.12-10.38.12:527][  0]LogDerivedDataCache: Display: Loaded Boot cache: C:/Users/t7038904/AppData/Local/UnrealEngine/4.19/DerivedDataCache/Boot.ddc
[2019.11.12-10.38.12:527][  0]LogDerivedDataCache: FDerivedDataBackendGraph:  Pak pak cache file ../../../../../../Users/t7038904/Source/BetaArcade/MasterBuild/DerivedDataCache/DDC.ddp not found, will not use a pak cache.
[2019.11.12-10.38.12:527][  0]LogDerivedDataCache: Unable to find inner node Pak for hierarchical cache Hierarchy.
[2019.11.12-10.38.12:527][  0]LogDerivedDataCache: FDerivedDataBackendGraph:  CompressedPak pak cache file ../../../../../../Users/t7038904/Source/BetaArcade/MasterBuild/DerivedDataCache/Compressed.ddp not found, will not use a pak cache.
[2019.11.12-10.38.12:528][  0]LogDerivedDataCache: Unable to find inner node CompressedPak for hierarchical cache Hierarchy.
[2019.11.12-10.38.12:543][  0]LogDerivedDataCache: Display: Pak cache opened for reading ../../../Engine/DerivedDataCache/Compressed.ddp.
[2019.11.12-10.38.12:556][  0]LogDerivedDataCache: Using Local data cache path C:/Users/t7038904/AppData/Local/UnrealEngine/Common/DerivedDataCache: Writable
[2019.11.12-10.38.12:556][  0]LogDerivedDataCache: Shared data cache path not found in *engine.ini, will not use an Shared cache.
[2019.11.12-10.38.12:556][  0]LogDerivedDataCache: Unable to find inner node Shared for hierarchical cache Hierarchy.
[2019.11.12-10.38.12:568][  0]LogMaterial: Verifying Global Shaders for PCD3D_SM5
[2019.11.12-10.38.12:568][  0]LogSlate: Using Freetype 2.6.0
[2019.11.12-10.38.12:569][  0]LogSlate: SlateFontCache - WITH_FREETYPE: 1, WITH_HARFBUZZ: 1
[2019.11.12-10.38.12:569][  0]LogSlate: SlateFontCache - WITH_FREETYPE: 1, WITH_HARFBUZZ: 1
[2019.11.12-10.38.12:712][  0]LogAssetRegistry: FAssetRegistry took 0.0047 seconds to start up
[2019.11.12-10.38.12:905][  0]LogPackageLocalizationCache: Processed 9 localized package path(s) for 1 prioritized culture(s) in 0.010772 seconds
[2019.11.12-10.38.13:045][  0]LogInit: Selected Device Profile: [Windows]
[2019.11.12-10.38.13:208][  0]LogSimplygon: Simplygon DLL not present - disabling.
[2019.11.12-10.38.13:211][  0]LogMeshReduction: Using SimplygonSwarm for distributed automatic mesh merging
[2019.11.12-10.38.13:211][  0]LogMeshReduction: Using QuadricMeshReduction for automatic static mesh reduction
[2019.11.12-10.38.13:211][  0]LogMeshReduction: No automatic skeletal mesh reduction module available
[2019.11.12-10.38.13:211][  0]LogMeshReduction: No automatic mesh merging module available
[2019.11.12-10.38.13:211][  0]LogMeshMerging: No automatic mesh merging module available
[2019.11.12-10.38.13:256][  0]LogNetVersion: MasterBuild , NetCL: 3944462, EngineNetVer: 2, GameNetVer: 0 (Checksum: 2426174287)
[2019.11.12-10.38.13:936][  0]LogMoviePlayer: Initializing movie player
[2019.11.12-10.38.14:373][  0]LogTcpMessaging: Initializing TcpMessaging bridge
[2019.11.12-10.38.14:418][  0]LogUdpMessaging: Initializing bridge on interface 0.0.0.0:0 to multicast group 230.0.0.1:6666.
[2019.11.12-10.38.15:254][  0]LogStats: FPlatformStackWalk::StackWalkAndDump -  0.482 s
[2019.11.12-10.38.15:254][  0]LogOutputDevice: Error: === Handled ensure: ===
[2019.11.12-10.38.15:254][  0]LogOutputDevice: Error: 
[2019.11.12-10.38.15:254][  0]LogOutputDevice: Error: Ensure condition failed: AttachmentRules.LocationRule == EAttachmentRule::KeepRelative && AttachmentRules.RotationRule == EAttachmentRule::KeepRelative && AttachmentRules.ScaleRule == EAttachmentRule::KeepRelative [File:D:\Build\++UE4+Release-4.19+Compile\Sync\Engine\Source\Runtime\Engine\Private\Components\SceneComponent.cpp] [Line: 1678]
[2019.11.12-10.38.15:254][  0]LogOutputDevice: Error: AttachToComponent when called from a constructor is only setting up attachment and will always be treated as KeepRelative. Consider calling SetupAttachment directly instead.
[2019.11.12-10.38.15:254][  0]LogOutputDevice: Error: Stack: 
[2019.11.12-10.38.15:254][  0]LogOutputDevice: Error: [Callstack] 0x0000000002ADB706 UE4Editor-Core.dll!UnknownFunction []
[2019.11.12-10.38.15:254][  0]LogOutputDevice: Error: [Callstack] 0x000000000283AE3A UE4Editor-Core.dll!UnknownFunction []
[2019.11.12-10.38.15:254][  0]LogOutputDevice: Error: [Callstack] 0x000000000284ECD6 UE4Editor-Core.dll!UnknownFunction []
[2019.11.12-10.38.15:254][  0]LogOutputDevice: Error: [Callstack] 0x00000000FDAFE0F8 UE4Editor-Engine.dll!UnknownFunction []
[2019.11.12-10.38.15:254][  0]LogOutputDevice: Error: [Callstack] 0x000000003D55B1A3 UE4Editor-MasterBuild-6891.dll!AChar_Wolf::AChar_Wolf() [c:\users\t7038904\source\betaarcade\masterbuild\source\masterbuild\player\char_wolf.cpp:13]
[2019.11.12-10.38.15:254][  0]LogOutputDevice: Error: [Callstack] 0x00000000030F54F8 UE4Editor-CoreUObject.dll!UnknownFunction []
[2019.11.12-10.38.15:254][  0]LogOutputDevice: Error: [Callstack] 0x0000000003387D30 UE4Editor-CoreUObject.dll!UnknownFunction []
[2019.11.12-10.38.15:254][  0]LogOutputDevice: Error: [Callstack] 0x00000000033694A2 UE4Editor-CoreUObject.dll!UnknownFunction []
[2019.11.12-10.38.15:254][  0]LogOutputDevice: Error: [Callstack] 0x00000000030FA7F7 UE4Editor-CoreUObject.dll!UnknownFunction []
[2019.11.12-10.38.15:254][  0]LogOutputDevice: Error: [Callstack] 0x00000000026E4190 UE4Editor-Core.dll!UnknownFunction []
[2019.11.12-10.38.15:254][  0]LogOutputDevice: Error: [Callstack] 0x00000000028F5E91 UE4Editor-Core.dll!UnknownFunction []
[2019.11.12-10.38.15:254][  0]LogOutputDevice: Error: [Callstack] 0x000000003CBAFC7A UE4Editor-Projects.dll!UnknownFunction []
[2019.11.12-10.38.15:254][  0]LogOutputDevice: Error: [Callstack] 0x000000003CBAFFC2 UE4Editor-Projects.dll!UnknownFunction []
[2019.11.12-10.38.15:254][  0]LogOutputDevice: Error: [Callstack] 0x00000000D3C39731 UE4Editor.exe!UnknownFunction []
[2019.11.12-10.38.15:254][  0]LogOutputDevice: Error: [Callstack] 0x00000000D3C3DD83 UE4Editor.exe!UnknownFunction []
[2019.11.12-10.38.15:254][  0]LogOutputDevice: Error: [Callstack] 0x00000000D3C369FA UE4Editor.exe!UnknownFunction []
[2019.11.12-10.38.15:254][  0]LogOutputDevice: Error: [Callstack] 0x00000000D3C36C4A UE4Editor.exe!UnknownFunction []
[2019.11.12-10.38.15:254][  0]LogOutputDevice: Error: [Callstack] 0x00000000D3C44177 UE4Editor.exe!UnknownFunction []
[2019.11.12-10.38.15:254][  0]LogOutputDevice: Error: [Callstack] 0x00000000D3C45B87 UE4Editor.exe!UnknownFunction []
[2019.11.12-10.38.15:254][  0]LogOutputDevice: Error: [Callstack] 0x000000005B197974 KERNEL32.DLL!UnknownFunction []
[2019.11.12-10.38.15:254][  0]LogOutputDevice: Error: [Callstack] 0x000000005B2DA271 ntdll.dll!UnknownFunction []
[2019.11.12-10.38.15:254][  0]LogOutputDevice: Error: 
[2019.11.12-10.38.15:260][  0]LogStats:                SubmitErrorReport -  0.000 s
[2019.11.12-10.38.15:979][  0]LogStats:                    SendNewReport -  0.719 s
[2019.11.12-10.38.15:979][  0]LogStats:             FDebug::EnsureFailed -  1.207 s
[2019.11.12-10.38.15:987][  0]LogUObjectGlobals: Created PersistentFrame Addr=0x00000163e436ac40, Size=64, Default__ThirdPerson_AnimBP_C Function /Game/Mannequin/Animations/ThirdPerson_AnimBP.ThirdPerson_AnimBP_C:ExecuteUbergraph_ThirdPerson_AnimBP
[2019.11.12-10.38.16:021][  0]LogUObjectGlobals: Destroyed PersistentFrame Addr=0x00000163e436ac40, Size=64
[2019.11.12-10.38.16:021][  0]LogUObjectGlobals: Created PersistentFrame Addr=0x00000163e3676600, Size=64, Default__ThirdPerson_AnimBP_C Function /Engine/Transient.REINST_ThirdPerson_AnimBP_C_0:ExecuteUbergraph_ThirdPerson_AnimBP
[2019.11.12-10.38.16:028][  0]LogUObjectGlobals: Created PersistentFrame Addr=0x00000163e3e3a340, Size=72, Default__ThirdPerson_AnimBP_C Function /Game/Mannequin/Animations/ThirdPerson_AnimBP.ThirdPerson_AnimBP_C:ExecuteUbergraph_ThirdPerson_AnimBP
[2019.11.12-10.38.16:098][  0]LogSkeletalMesh: Skeletal Mesh found in DDC [2.000600ms] /Game/Mannequin/Character/Mesh/SK_Mannequin.SK_Mannequin
[2019.11.12-10.38.16:180][  0]SourceControl: Source control is disabled
[2019.11.12-10.38.16:180][  0]SourceControl: Source control is disabled
[2019.11.12-10.38.16:213][  0]SourceControl: Source control is disabled
[2019.11.12-10.38.16:755][  0]LogAndroidPermission: UAndroidPermissionCallbackProxy::GetInstance
[2019.11.12-10.38.17:070][  0]LogOcInput: OculusInput pre-init called
[2019.11.12-10.38.17:139][  0]LogUObjectArray: 41209 objects as part of root set at end of initial load.
[2019.11.12-10.38.17:139][  0]LogUObjectAllocator: 8844080 out of 0 bytes used by permanent object pool.
[2019.11.12-10.38.17:139][  0]LogUObjectArray: CloseDisregardForGC: 0/0 objects in disregard for GC pool
[2019.11.12-10.38.17:193][  0]LogEngine: Initializing Engine...
[2019.11.12-10.38.17:195][  0]LogHMD: Failed to initialize OpenVR with code 110
[2019.11.12-10.38.17:207][  0]LogStats: UGameplayTagsManager::ConstructGameplayTagTree: Construct from data asset -  0.000 s
[2019.11.12-10.38.17:207][  0]LogStats: UGameplayTagsManager::ConstructGameplayTagTree: GameplayTagTreeChangedEvent.Broadcast -  0.000 s
[2019.11.12-10.38.17:413][  0]LogInit: XAudio2 using 'Speakers (Realtek High Definition Audio)' : 2 channels at 48 kHz using 32 bits per sample (channel mask 0x3)
[2019.11.12-10.38.17:476][  0]LogInit: FAudioDevice initialized.
[2019.11.12-10.38.17:500][  0]LogInit: Texture streaming: Enabled
[2019.11.12-10.38.17:628][  0]LogUObjectGlobals: Created PersistentFrame Addr=0x00000163d3663a00, Size=688, Default__GameInfoInstance_BP_C Function /Game/Woolf/Blueprints/GameInfoInstance_BP.GameInfoInstance_BP_C:ExecuteUbergraph_GameInfoInstance_BP
[2019.11.12-10.38.17:631][  0]LogUObjectGlobals: Created PersistentFrame Addr=0x00000163e69aa900, Size=32, Default__W_MainMenu_C Function /Game/Woolf/UI/W_MainMenu.W_MainMenu_C:ExecuteUbergraph_W_MainMenu
[2019.11.12-10.38.17:636][  0]LogUObjectGlobals: Created PersistentFrame Addr=0x00000163d32c8bc0, Size=64, Default__W_HostMenu_C Function /Game/Woolf/UI/W_HostMenu.W_HostMenu_C:ExecuteUbergraph_W_HostMenu
[2019.11.12-10.38.17:640][  0]LogUObjectGlobals: Created PersistentFrame Addr=0x00000163d3632340, Size=160, Default__W_JoinMenu_C Function /Game/Woolf/UI/W_JoinMenu.W_JoinMenu_C:ExecuteUbergraph_W_JoinMenu
[2019.11.12-10.38.17:656][  0]LogUObjectGlobals: Destroyed PersistentFrame Addr=0x00000163d3663a00, Size=688
[2019.11.12-10.38.17:656][  0]LogUObjectGlobals: Created PersistentFrame Addr=0x00000163d35b4700, Size=688, Default__GameInfoInstance_BP_C Function /Engine/Transient.REINST_GameInfoInstance_BP_C_4:ExecuteUbergraph_GameInfoInstance_BP
[2019.11.12-10.38.17:657][  0]LogUObjectGlobals: Destroyed PersistentFrame Addr=0x00000163d32c8bc0, Size=64
[2019.11.12-10.38.17:657][  0]LogUObjectGlobals: Created PersistentFrame Addr=0x00000163d3553600, Size=64, Default__W_HostMenu_C Function /Engine/Transient.REINST_W_HostMenu_C_0:ExecuteUbergraph_W_HostMenu
[2019.11.12-10.38.17:657][  0]LogUObjectGlobals: Destroyed PersistentFrame Addr=0x00000163d3632340, Size=160
[2019.11.12-10.38.17:657][  0]LogUObjectGlobals: Created PersistentFrame Addr=0x00000163d354d300, Size=160, Default__W_JoinMenu_C Function /Engine/Transient.REINST_W_JoinMenu_C_1:ExecuteUbergraph_W_JoinMenu
[2019.11.12-10.38.17:657][  0]LogUObjectGlobals: Destroyed PersistentFrame Addr=0x00000163e69aa900, Size=32
[2019.11.12-10.38.17:658][  0]LogUObjectGlobals: Created PersistentFrame Addr=0x00000163d35dc2c0, Size=32, Default__W_MainMenu_C Function /Engine/Transient.REINST_W_MainMenu_C_2:ExecuteUbergraph_W_MainMenu
[2019.11.12-10.38.17:670][  0]LogUObjectGlobals: Created PersistentFrame Addr=0x00000163d3662e00, Size=672, Default__GameInfoInstance_BP_C Function /Game/Woolf/Blueprints/GameInfoInstance_BP.GameInfoInstance_BP_C:ExecuteUbergraph_GameInfoInstance_BP
[2019.11.12-10.38.17:672][  0]LogUObjectGlobals: Created PersistentFrame Addr=0x00000163d34d82c0, Size=64, Default__W_HostMenu_C Function /Game/Woolf/UI/W_HostMenu.W_HostMenu_C:ExecuteUbergraph_W_HostMenu
[2019.11.12-10.38.17:674][  0]LogUObjectGlobals: Created PersistentFrame Addr=0x00000163d3470cc0, Size=160, Default__W_JoinMenu_C Function /Game/Woolf/UI/W_JoinMenu.W_JoinMenu_C:ExecuteUbergraph_W_JoinMenu
[2019.11.12-10.38.17:674][  0]LogUObjectGlobals: Created PersistentFrame Addr=0x00000163d3469fc0, Size=32, Default__W_MainMenu_C Function /Game/Woolf/UI/W_MainMenu.W_MainMenu_C:ExecuteUbergraph_W_MainMenu
[2019.11.12-10.38.17:686][  0]LogInit: Display: Game Engine Initialized.
[2019.11.12-10.38.17:686][  0]LogGameplayTags: Display: UGameplayTagsManager::DoneAddingNativeTags. DelegateIsBound: 0
[2019.11.12-10.38.17:686][  0]LogStats: UGameplayTagsManager::ConstructGameplayTagTree: Construct from data asset -  0.000 s
[2019.11.12-10.38.17:686][  0]LogStats: UGameplayTagsManager::ConstructGameplayTagTree: GameplayTagTreeChangedEvent.Broadcast -  0.000 s
[2019.11.12-10.38.17:860][  0]LogInit: Display: Starting Game.
[2019.11.12-10.38.17:860][  0]LogNet: Browse: /Game/Woolf/Maps/InterationofSheepHeaven?Name=Player
[2019.11.12-10.38.17:861][  0]LogLoad: LoadMap: /Game/Woolf/Maps/InterationofSheepHeaven?Name=Player
[2019.11.12-10.38.17:870][  0]LogUObjectGlobals: Destroyed PersistentFrame Addr=0x00000163e3676600, Size=64
[2019.11.12-10.38.17:870][  0]LogUObjectGlobals: Destroyed PersistentFrame Addr=0x00000163d35b4700, Size=688
[2019.11.12-10.38.17:870][  0]LogUObjectGlobals: Destroyed PersistentFrame Addr=0x00000163d35dc2c0, Size=32
[2019.11.12-10.38.17:870][  0]LogUObjectGlobals: Destroyed PersistentFrame Addr=0x00000163d3553600, Size=64
[2019.11.12-10.38.17:870][  0]LogUObjectGlobals: Destroyed PersistentFrame Addr=0x00000163d354d300, Size=160
[2019.11.12-10.38.17:874][  0]LogUObjectGlobals: Created PersistentFrame Addr=0x00000163d33cd300, Size=144, Default__InterationofSheepHeaven_C Function /Game/Woolf/Maps/InterationofSheepHeaven.InterationofSheepHeaven_C:ExecuteUbergraph_InterationofSheepHeaven
[2019.11.12-10.38.17:938][  0]LogUObjectGlobals: Destroyed PersistentFrame Addr=0x00000163d33cd300, Size=144
[2019.11.12-10.38.17:938][  0]LogUObjectGlobals: Created PersistentFrame Addr=0x00000163d3630220, Size=144, Default__InterationofSheepHeaven_C Function /Engine/Transient.REINST_InterationofSheepHeaven_C_13:ExecuteUbergraph_InterationofSheepHeaven
[2019.11.12-10.38.17:940][  0]LogUObjectGlobals: Created PersistentFrame Addr=0x00000163d353f600, Size=144, Default__InterationofSheepHeaven_C Function /Game/Woolf/Maps/InterationofSheepHeaven.InterationofSheepHeaven_C:ExecuteUbergraph_InterationofSheepHeaven
[2019.11.12-10.38.18:002][  0]LogAIModule: Creating AISystem for world InterationofSheepHeaven
[2019.11.12-10.38.18:005][  0]LogUObjectGlobals: Created PersistentFrame Addr=0x00000163d97c5600, Size=192, Default__Wolfy_BP_C Function /Game/Woolf/Blueprints/Player/Wolfy_BP.Wolfy_BP_C:ExecuteUbergraph_Wolfy_BP
[2019.11.12-10.38.18:012][  0]LogUObjectGlobals: Destroyed PersistentFrame Addr=0x00000163d97c5600, Size=192
[2019.11.12-10.38.18:012][  0]LogUObjectGlobals: Created PersistentFrame Addr=0x00000163d97c5600, Size=192, Default__Wolfy_BP_C Function /Engine/Transient.REINST_Wolfy_BP_C_16:ExecuteUbergraph_Wolfy_BP
[2019.11.12-10.38.18:014][  0]LogUObjectGlobals: Created PersistentFrame Addr=0x00000163d97c7040, Size=192, Default__Wolfy_BP_C Function /Game/Woolf/Blueprints/Player/Wolfy_BP.Wolfy_BP_C:ExecuteUbergraph_Wolfy_BP
[2019.11.12-10.38.18:026][  0]LogLoad: Game class is 'WolfGameMode_BP_C'
[2019.11.12-10.38.18:029][  0]LogWorld: Bringing World /Game/Woolf/Maps/InterationofSheepHeaven.InterationofSheepHeaven up for play (max tick rate 0) at 2019.11.12-10.38.18
[2019.11.12-10.38.18:029][  0]LogWorld: Bringing up level for play took: 0.002864
[2019.11.12-10.38.18:108][  0]LogStats: FPlatformStackWalk::StackWalkAndDump -  0.073 s
[2019.11.12-10.38.18:109][  0]LogOutputDevice: Error: === Handled ensure: ===
[2019.11.12-10.38.18:109][  0]LogOutputDevice: Error: 
[2019.11.12-10.38.18:109][  0]LogOutputDevice: Error: Ensure condition failed: InvocationList[ CurFunctionIndex ] != InDelegate [File:C:\Program Files\Epic Games\UE_4.19\Engine\Source\Runtime\Core\Public\UObject/ScriptDelegates.h] [Line: 509]
[2019.11.12-10.38.18:109][  0]LogOutputDevice: Error: 
[2019.11.12-10.38.18:109][  0]LogOutputDevice: Error: Stack: 
[2019.11.12-10.38.18:109][  0]LogOutputDevice: Error: [Callstack] 0x0000000002ADB706 UE4Editor-Core.dll!UnknownFunction []
[2019.11.12-10.38.18:109][  0]LogOutputDevice: Error: [Callstack] 0x000000000283AE3A UE4Editor-Core.dll!UnknownFunction []
[2019.11.12-10.38.18:109][  0]LogOutputDevice: Error: [Callstack] 0x000000000284ECD6 UE4Editor-Core.dll!UnknownFunction []
[2019.11.12-10.38.18:109][  0]LogOutputDevice: Error: [Callstack] 0x000000003D559B21 UE4Editor-MasterBuild-6891.dll!TMulticastScriptDelegate<FWeakObjectPtr>::AddInternal() [c:\program files\epic games\ue_4.19\engine\source\runtime\core\public\uobject\scriptdelegates.h:509]
[2019.11.12-10.38.18:109][  0]LogOutputDevice: Error: [Callstack] 0x000000003D55ACEF UE4Editor-MasterBuild-6891.dll!TBaseDynamicMulticastDelegate<FWeakObjectPtr,void,UPrimitiveComponent * __ptr64,AActor * __ptr64,UPrimitiveComponent * __ptr64,int,bool,FHitResult const & __ptr64>::__Internal_AddDynamic<AChar_Wolf>() [c:\program files\epic games\ue_4.19\engine\source\runtime\core\public\delegates\delegatesignatureimpl.inl:1141]
[2019.11.12-10.38.18:109][  0]LogOutputDevice: Error: [Callstack] 0x000000003D55BC08 UE4Editor-MasterBuild-6891.dll!AChar_Wolf::SetupOverlapEvents() [c:\users\t7038904\source\betaarcade\masterbuild\source\masterbuild\player\char_wolf.cpp:116]
[2019.11.12-10.38.18:109][  0]LogOutputDevice: Error: [Callstack] 0x00000000FD5C72FB UE4Editor-Engine.dll!UnknownFunction []
[2019.11.12-10.38.18:109][  0]LogOutputDevice: Error: [Callstack] 0x00000000FE87AE33 UE4Editor-Engine.dll!UnknownFunction []
[2019.11.12-10.38.18:109][  0]LogOutputDevice: Error: [Callstack] 0x00000000FDD3F731 UE4Editor-Engine.dll!UnknownFunction []
[2019.11.12-10.38.18:109][  0]LogOutputDevice: Error: [Callstack] 0x00000000FE86414E UE4Editor-Engine.dll!UnknownFunction []
[2019.11.12-10.38.18:109][  0]LogOutputDevice: Error: [Callstack] 0x00000000FE78A5BF UE4Editor-Engine.dll!UnknownFunction []
[2019.11.12-10.38.18:109][  0]LogOutputDevice: Error: [Callstack] 0x00000000FE73C788 UE4Editor-Engine.dll!UnknownFunction []
[2019.11.12-10.38.18:109][  0]LogOutputDevice: Error: [Callstack] 0x00000000FDD63593 UE4Editor-Engine.dll!UnknownFunction []
[2019.11.12-10.38.18:109][  0]LogOutputDevice: Error: [Callstack] 0x00000000D3C22A7E UE4Editor.exe!UnknownFunction []
[2019.11.12-10.38.18:109][  0]LogOutputDevice: Error: [Callstack] 0x00000000D3C36ACD UE4Editor.exe!UnknownFunction []
[2019.11.12-10.38.18:109][  0]LogOutputDevice: Error: [Callstack] 0x00000000D3C36C4A UE4Editor.exe!UnknownFunction []
[2019.11.12-10.38.18:109][  0]LogOutputDevice: Error: [Callstack] 0x00000000D3C44177 UE4Editor.exe!UnknownFunction []
[2019.11.12-10.38.18:109][  0]LogOutputDevice: Error: [Callstack] 0x00000000D3C45B87 UE4Editor.exe!UnknownFunction []
[2019.11.12-10.38.18:109][  0]LogOutputDevice: Error: [Callstack] 0x000000005B197974 KERNEL32.DLL!UnknownFunction []
[2019.11.12-10.38.18:109][  0]LogOutputDevice: Error: [Callstack] 0x000000005B2DA271 ntdll.dll!UnknownFunction []
[2019.11.12-10.38.18:109][  0]LogOutputDevice: Error: 
[2019.11.12-10.38.18:116][  0]LogStats:                SubmitErrorReport -  0.000 s
[2019.11.12-10.38.18:934][  0]LogStats:                    SendNewReport -  0.819 s
[2019.11.12-10.38.18:934][  0]LogStats:             FDebug::EnsureFailed -  0.900 s
[2019.11.12-10.38.18:934][  0]LogLoad: Took 1.074064 seconds to LoadMap(/Game/Woolf/Maps/InterationofSheepHeaven)
[2019.11.12-10.38.19:001][  0]LogLoad: (Engine Initialization) Total time: 13.73 seconds
[2019.11.12-10.38.19:001][  0]LogLoad: (Engine Initialization) Total Blueprint compile time: 0.00 seconds
[2019.11.12-10.38.19:038][  0]LogRenderer: Reallocating scene render targets to support 1280x720 Format 10 NumSamples 1 (Frame:1).
[2019.11.12-10.38.19:080][  0]LogContentStreaming: Texture pool size now 1000 MB
[2019.11.12-10.38.21:672][159]LogTemp: Warning: Attack
[2019.11.12-10.38.23:817][292]LogTemp: Warning: Attack
[2019.11.12-10.38.24:913][360]LogTemp: Warning: Attack
[2019.11.12-10.38.25:784][414]LogTemp: Warning: Attack
[2019.11.12-10.38.27:656][530]LogTemp: Warning: Attack
[2019.11.12-10.38.28:447][579]LogTemp: Warning: Attack
[2019.11.12-10.38.28:704][595]LogTemp: Warning: Attack
[2019.11.12-10.38.28:898][607]LogTemp: Warning: Attack
[2019.11.12-10.38.29:075][618]LogTemp: Warning: Attack
[2019.11.12-10.38.29:269][630]LogTemp: Warning: Attack
[2019.11.12-10.38.29:462][642]LogTemp: Warning: Attack
[2019.11.12-10.38.29:624][652]LogTemp: Warning: Attack
[2019.11.12-10.38.29:785][662]LogTemp: Warning: Attack
[2019.11.12-10.38.29:946][672]LogTemp: Warning: Attack
[2019.11.12-10.38.30:123][683]LogTemp: Warning: Attack
[2019.11.12-10.38.30:316][695]LogTemp: Warning: Attack
[2019.11.12-10.38.30:494][706]LogTemp: Warning: Attack
[2019.11.12-10.38.30:655][716]LogTemp: Warning: Attack
[2019.11.12-10.38.30:849][728]LogTemp: Warning: Attack
[2019.11.12-10.38.31:849][790]LogTemp: Warning: Attack
[2019.11.12-10.38.32:108][806]LogTemp: Warning: Attack
[2019.11.12-10.38.32:365][822]LogTemp: Warning: Attack
[2019.11.12-10.38.32:914][856]LogTemp: Warning: Attack
[2019.11.12-10.38.33:978][922]LogTemp: Warning: Attack
[2019.11.12-10.38.34:221][937]LogTemp: Warning: Attack
[2019.11.12-10.38.34:752][970]LogTemp: Warning: Attack
[2019.11.12-10.38.35:204][998]LogTemp: Warning: Attack
[2019.11.12-10.38.35:397][ 10]LogTemp: Warning: Attack
[2019.11.12-10.38.35:656][ 26]LogTemp: Warning: Attack
[2019.11.12-10.38.41:576][393]LogTemp: Warning: Attack
[2019.11.12-10.38.41:898][413]LogTemp: Warning: Attack
[2019.11.12-10.38.42:382][443]LogTemp: Warning: Attack
[2019.11.12-10.38.43:447][509]LogTemp: Warning: Attack
[2019.11.12-10.38.44:575][579]LogTemp: Warning: Attack
[2019.11.12-10.38.45:414][631]LogTemp: Warning: Attack
[2019.11.12-10.38.45:801][655]LogTemp: Warning: Attack
[2019.11.12-10.38.47:092][735]LogTemp: Warning: Attack
[2019.11.12-10.38.48:705][835]LogTemp: Warning: Attack
[2019.11.12-10.38.48:995][853]LogTemp: Warning: Attack
[2019.11.12-10.39.20:190][787]LogUObjectGlobals: Destroyed PersistentFrame Addr=0x00000163d3630220, Size=144
[2019.11.12-10.39.20:190][787]LogUObjectGlobals: Destroyed PersistentFrame Addr=0x00000163d97c5600, Size=192
