Log file open, 10/28/19 15:32:49
LogWindows: Failed to load 'aqProf.dll' (GetLastError=126)
LogWindows: File 'aqProf.dll' does not exist
LogWindows: Failed to load 'VtuneApi.dll' (GetLastError=126)
LogWindows: File 'VtuneApi.dll' does not exist
LogWindows: Failed to load 'VtuneApi32e.dll' (GetLastError=126)
LogWindows: File 'VtuneApi32e.dll' does not exist
LogInit: Display: Running engine for game: MasterBuild
LogPlatformFile: Not using cached read wrapper
LogInit: Display: RandInit(2008479718) SRandInit(2008479719).
LogInit: Read version file with build ID '3944462'
LogInit: Overriding engine version to CL 4033788, compatible CL 3944462
LogInit: Registered custom module enumerator with build ID '3944462'
LogTaskGraph: Started task graph with 5 named threads and 14 total threads with 3 sets of task threads.
LogStats: Stats thread started at 0.208400
LogD3D11RHI: Aftermath initialized
LogICUInternationalization: Display: ICU TimeZone Detection - Raw Offset: +0:00, Platform Override: ''
LogPluginManager: Mounting plugin Paper2D
LogPluginManager: Mounting plugin LiveLink
LogPluginManager: Mounting plugin LightPropagationVolume
LogPluginManager: Mounting plugin CLionSourceCodeAccess
LogPluginManager: Mounting plugin CodeLiteSourceCodeAccess
LogPluginManager: Mounting plugin GitSourceControl
LogPluginManager: Mounting plugin KDevelopSourceCodeAccess
LogPluginManager: Mounting plugin NullSourceCodeAccess
LogPluginManager: Mounting plugin PerforceSourceControl
LogPluginManager: Mounting plugin SubversionSourceControl
LogPluginManager: Mounting plugin UObjectPlugin
LogPluginManager: Mounting plugin VisualStudioCodeSourceCodeAccess
LogPluginManager: Mounting plugin VisualStudioSourceCodeAccess
LogPluginManager: Mounting plugin XCodeSourceCodeAccess
LogPluginManager: Mounting plugin AssetManagerEditor
LogPluginManager: Mounting plugin CryptoKeys
LogPluginManager: Mounting plugin DataValidation
LogPluginManager: Mounting plugin FacialAnimation
LogPluginManager: Mounting plugin GameplayTagsEditor
LogPluginManager: Mounting plugin MobileLauncherProfileWizard
LogPluginManager: Mounting plugin PluginBrowser
LogPluginManager: Mounting plugin SpeedTreeImporter
LogPluginManager: Mounting plugin DatasmithContent
LogPluginManager: Mounting plugin AlembicImporter
LogPluginManager: Mounting plugin CharacterAI
LogPluginManager: Mounting plugin HTML5Networking
LogPluginManager: Mounting plugin AndroidMedia
LogPluginManager: Mounting plugin AvfMedia
LogPluginManager: Mounting plugin ImgMedia
LogPluginManager: Mounting plugin LinearTimecode
LogPluginManager: Mounting plugin MediaCompositing
LogPluginManager: Mounting plugin MediaPlayerEditor
LogPluginManager: Mounting plugin WmfMedia
LogPluginManager: Mounting plugin TcpMessaging
LogPluginManager: Mounting plugin UdpMessaging
LogPluginManager: Mounting plugin ActorSequence
LogPluginManager: Mounting plugin LevelSequenceEditor
LogPluginManager: Mounting plugin MatineeToLevelSequence
LogPluginManager: Mounting plugin NetcodeUnitTest
LogPluginManager: Mounting plugin NUTUnrealEngine4
LogPluginManager: Mounting plugin OnlineSubsystemGooglePlay
LogPluginManager: Mounting plugin OnlineSubsystemIOS
LogPluginManager: Mounting plugin OnlineSubsystem
LogPluginManager: Mounting plugin OnlineSubsystemNull
LogPluginManager: Mounting plugin OnlineSubsystemUtils
LogPluginManager: Mounting plugin AndroidDeviceProfileSelector
LogPluginManager: Mounting plugin AndroidMoviePlayer
LogPluginManager: Mounting plugin AndroidPermission
LogPluginManager: Mounting plugin AppleARKit
LogPluginManager: Mounting plugin AppleMoviePlayer
LogPluginManager: Mounting plugin ArchVisCharacter
LogPluginManager: Mounting plugin AudioCapture
LogPluginManager: Mounting plugin CableComponent
LogPluginManager: Mounting plugin CustomMeshComponent
LogPluginManager: Mounting plugin ExampleDeviceProfileSelector
LogPluginManager: Mounting plugin GoogleCloudMessaging
LogPluginManager: Mounting plugin ImmediatePhysics
LogPluginManager: Mounting plugin IOSDeviceProfileSelector
LogPluginManager: Mounting plugin LinuxDeviceProfileSelector
LogPluginManager: Mounting plugin LocationServicesBPLibrary
LogPluginManager: Mounting plugin MobilePatchingUtils
LogPluginManager: Mounting plugin OculusVR
LogPluginManager: Plugin shader directory ../../../Engine/Plugins/Runtime/Oculus/OculusVR/Shaders found
LogPluginManager: Mapping shader source directory ../../../Engine/Plugins/Runtime/Oculus/OculusVR/Shaders to virtual directory /Plugin/OculusVR
LogPluginManager: Mounting plugin PhysXVehicles
LogPluginManager: Mounting plugin ProceduralMeshComponent
LogPluginManager: Mounting plugin RuntimePhysXCooking
LogPluginManager: Mounting plugin SteamVR
LogPluginManager: Mounting plugin WindowsMoviePlayer
LogStreaming: Display: Took  0.113s to configure plugins.
LogModuleManager: Display: Found up-to-date module file ../../../../../../Users/t7038904/source/BetaArcade/MasterBuild/Binaries/Win64/UE4Editor-MasterBuild-7890.dll (API version 3944462).
LogModuleManager: Display: Found up-to-date module file ../../../Engine/Plugins/2D/Paper2D/Binaries/Win64/UE4Editor-Paper2D.dll (API version 3944462).
LogModuleManager: Display: Found up-to-date module file ../../../Engine/Plugins/2D/Paper2D/Binaries/Win64/UE4Editor-Paper2DEditor.dll (API version 3944462).
LogModuleManager: Display: Found up-to-date module file ../../../Engine/Plugins/2D/Paper2D/Binaries/Win64/UE4Editor-PaperSpriteSheetImporter.dll (API version 3944462).
LogModuleManager: Display: Found up-to-date module file ../../../Engine/Plugins/2D/Paper2D/Binaries/Win64/UE4Editor-PaperTiledImporter.dll (API version 3944462).
LogModuleManager: Display: Found up-to-date module file ../../../Engine/Plugins/2D/Paper2D/Binaries/Win64/UE4Editor-SmartSnapping.dll (API version 3944462).
LogModuleManager: Display: Found up-to-date module file ../../../Engine/Plugins/Animation/LiveLink/Binaries/Win64/UE4Editor-LiveLink.dll (API version 3944462).
LogModuleManager: Display: Found up-to-date module file ../../../Engine/Plugins/Animation/LiveLink/Binaries/Win64/UE4Editor-LiveLinkEditor.dll (API version 3944462).
LogModuleManager: Display: Found up-to-date module file ../../../Engine/Plugins/Blendables/LightPropagationVolume/Binaries/Win64/UE4Editor-LightPropagationVolumeRuntime.dll (API version 3944462).
LogModuleManager: Display: Found up-to-date module file ../../../Engine/Plugins/Blendables/LightPropagationVolume/Binaries/Win64/UE4Editor-LightPropagationVolumeEditor.dll (API version 3944462).
LogModuleManager: Display: Found up-to-date module file ../../../Engine/Plugins/Developer/CLionSourceCodeAccess/Binaries/Win64/UE4Editor-CLionSourceCodeAccess.dll (API version 3944462).
LogModuleManager: Display: Found up-to-date module file ../../../Engine/Plugins/Developer/GitSourceControl/Binaries/Win64/UE4Editor-GitSourceControl.dll (API version 3944462).
LogModuleManager: Display: Found up-to-date module file ../../../Engine/Plugins/Developer/PerforceSourceControl/Binaries/Win64/UE4Editor-PerforceSourceControl.dll (API version 3944462).
LogModuleManager: Display: Found up-to-date module file ../../../Engine/Plugins/Developer/SubversionSourceControl/Binaries/Win64/UE4Editor-SubversionSourceControl.dll (API version 3944462).
LogModuleManager: Display: Found up-to-date module file ../../../Engine/Plugins/Developer/UObjectPlugin/Binaries/Win64/UE4Editor-UObjectPlugin.dll (API version 3944462).
LogModuleManager: Display: Found up-to-date module file ../../../Engine/Plugins/Developer/VisualStudioCodeSourceCodeAccess/Binaries/Win64/UE4Editor-VisualStudioCodeSourceCodeAccess.dll (API version 3944462).
LogModuleManager: Display: Found up-to-date module file ../../../Engine/Plugins/Developer/VisualStudioSourceCodeAccess/Binaries/Win64/UE4Editor-VisualStudioSourceCodeAccess.dll (API version 3944462).
LogModuleManager: Display: Found up-to-date module file ../../../Engine/Plugins/Editor/AssetManagerEditor/Binaries/Win64/UE4Editor-AssetManagerEditor.dll (API version 3944462).
LogModuleManager: Display: Found up-to-date module file ../../../Engine/Plugins/Editor/CryptoKeys/Binaries/Win64/UE4Editor-CryptoKeys.dll (API version 3944462).
LogModuleManager: Display: Found up-to-date module file ../../../Engine/Plugins/Editor/CryptoKeys/Binaries/Win64/UE4Editor-CryptoKeysOpenSSL.dll (API version 3944462).
LogModuleManager: Display: Found up-to-date module file ../../../Engine/Plugins/Editor/DataValidation/Binaries/Win64/UE4Editor-DataValidation.dll (API version 3944462).
LogModuleManager: Display: Found up-to-date module file ../../../Engine/Plugins/Editor/FacialAnimation/Binaries/Win64/UE4Editor-FacialAnimation.dll (API version 3944462).
LogModuleManager: Display: Found up-to-date module file ../../../Engine/Plugins/Editor/FacialAnimation/Binaries/Win64/UE4Editor-FacialAnimationEditor.dll (API version 3944462).
LogModuleManager: Display: Found up-to-date module file ../../../Engine/Plugins/Editor/GameplayTagsEditor/Binaries/Win64/UE4Editor-GameplayTagsEditor.dll (API version 3944462).
LogModuleManager: Display: Found up-to-date module file ../../../Engine/Plugins/Editor/MobileLauncherProfileWizard/Binaries/Win64/UE4Editor-MobileLauncherProfileWizard.dll (API version 3944462).
LogModuleManager: Display: Found up-to-date module file ../../../Engine/Plugins/Editor/PluginBrowser/Binaries/Win64/UE4Editor-PluginBrowser.dll (API version 3944462).
LogModuleManager: Display: Found up-to-date module file ../../../Engine/Plugins/Editor/SpeedTreeImporter/Binaries/Win64/UE4Editor-SpeedTreeImporter.dll (API version 3944462).
LogModuleManager: Display: Found up-to-date module file ../../../Engine/Plugins/Enterprise/DatasmithContent/Binaries/Win64/UE4Editor-DatasmithContent.dll (API version 3944462).
LogModuleManager: Display: Found up-to-date module file ../../../Engine/Plugins/Experimental/AlembicImporter/Binaries/Win64/UE4Editor-AlembicImporter.dll (API version 3944462).
LogModuleManager: Display: Found up-to-date module file ../../../Engine/Plugins/Experimental/AlembicImporter/Binaries/Win64/UE4Editor-AlembicLibrary.dll (API version 3944462).
LogModuleManager: Display: Found up-to-date module file ../../../Engine/Plugins/Experimental/CharacterAI/Binaries/Win64/UE4Editor-CharacterAI.dll (API version 3944462).
LogModuleManager: Display: Found up-to-date module file ../../../Engine/Plugins/Experimental/HTML5Networking/Binaries/Win64/UE4Editor-HTML5Networking.dll (API version 3944462).
LogModuleManager: Display: Found up-to-date module file ../../../Engine/Plugins/Media/AndroidMedia/Binaries/Win64/UE4Editor-AndroidMediaEditor.dll (API version 3944462).
LogModuleManager: Display: Found up-to-date module file ../../../Engine/Plugins/Media/AndroidMedia/Binaries/Win64/UE4Editor-AndroidMediaFactory.dll (API version 3944462).
LogModuleManager: Display: Found up-to-date module file ../../../Engine/Plugins/Media/AvfMedia/Binaries/Win64/UE4Editor-AvfMediaEditor.dll (API version 3944462).
LogModuleManager: Display: Found up-to-date module file ../../../Engine/Plugins/Media/AvfMedia/Binaries/Win64/UE4Editor-AvfMediaFactory.dll (API version 3944462).
LogModuleManager: Display: Found up-to-date module file ../../../Engine/Plugins/Media/AvfMedia/Binaries/Win64/UE4Editor-AvfMediaFactory.dll (API version 3944462).
LogModuleManager: Display: Found up-to-date module file ../../../Engine/Plugins/Media/ImgMedia/Binaries/Win64/UE4Editor-ImgMedia.dll (API version 3944462).
LogModuleManager: Display: Found up-to-date module file ../../../Engine/Plugins/Media/ImgMedia/Binaries/Win64/UE4Editor-ImgMediaEditor.dll (API version 3944462).
LogModuleManager: Display: Found up-to-date module file ../../../Engine/Plugins/Media/ImgMedia/Binaries/Win64/UE4Editor-ImgMediaFactory.dll (API version 3944462).
LogModuleManager: Display: Found up-to-date module file ../../../Engine/Plugins/Media/ImgMedia/Binaries/Win64/UE4Editor-ImgMediaFactory.dll (API version 3944462).
LogModuleManager: Display: Found up-to-date module file ../../../Engine/Plugins/Media/ImgMedia/Binaries/Win64/UE4Editor-OpenExrWrapper.dll (API version 3944462).
LogModuleManager: Display: Found up-to-date module file ../../../Engine/Plugins/Media/LinearTimecode/Binaries/Win64/UE4Editor-LinearTimecode.dll (API version 3944462).
LogModuleManager: Display: Found up-to-date module file ../../../Engine/Plugins/Media/MediaCompositing/Binaries/Win64/UE4Editor-MediaCompositing.dll (API version 3944462).
LogModuleManager: Display: Found up-to-date module file ../../../Engine/Plugins/Media/MediaCompositing/Binaries/Win64/UE4Editor-MediaCompositingEditor.dll (API version 3944462).
LogModuleManager: Display: Found up-to-date module file ../../../Engine/Plugins/Media/MediaPlayerEditor/Binaries/Win64/UE4Editor-MediaPlayerEditor.dll (API version 3944462).
LogModuleManager: Display: Found up-to-date module file ../../../Engine/Plugins/Media/WmfMedia/Binaries/Win64/UE4Editor-WmfMedia.dll (API version 3944462).
LogModuleManager: Display: Found up-to-date module file ../../../Engine/Plugins/Media/WmfMedia/Binaries/Win64/UE4Editor-WmfMediaEditor.dll (API version 3944462).
LogModuleManager: Display: Found up-to-date module file ../../../Engine/Plugins/Media/WmfMedia/Binaries/Win64/UE4Editor-WmfMediaFactory.dll (API version 3944462).
LogModuleManager: Display: Found up-to-date module file ../../../Engine/Plugins/Media/WmfMedia/Binaries/Win64/UE4Editor-WmfMediaFactory.dll (API version 3944462).
LogModuleManager: Display: Found up-to-date module file ../../../Engine/Plugins/Messaging/TcpMessaging/Binaries/Win64/UE4Editor-TcpMessaging.dll (API version 3944462).
LogModuleManager: Display: Found up-to-date module file ../../../Engine/Plugins/Messaging/UdpMessaging/Binaries/Win64/UE4Editor-UdpMessaging.dll (API version 3944462).
LogModuleManager: Display: Found up-to-date module file ../../../Engine/Plugins/MovieScene/ActorSequence/Binaries/Win64/UE4Editor-ActorSequence.dll (API version 3944462).
LogModuleManager: Display: Found up-to-date module file ../../../Engine/Plugins/MovieScene/LevelSequenceEditor/Binaries/Win64/UE4Editor-LevelSequenceEditor.dll (API version 3944462).
LogModuleManager: Display: Found up-to-date module file ../../../Engine/Plugins/MovieScene/MatineeToLevelSequence/Binaries/Win64/UE4Editor-MatineeToLevelSequence.dll (API version 3944462).
LogModuleManager: Display: Found up-to-date module file ../../../Engine/Plugins/NetcodeUnitTest/NetcodeUnitTest/Binaries/Win64/UE4Editor-NetcodeUnitTest.dll (API version 3944462).
LogModuleManager: Display: Found up-to-date module file ../../../Engine/Plugins/NetcodeUnitTest/NUTUnrealEngine4/Binaries/Win64/UE4Editor-NUTUnrealEngine4.dll (API version 3944462).
LogModuleManager: Display: Found up-to-date module file ../../../Engine/Plugins/Online/OnlineSubsystem/Binaries/Win64/UE4Editor-OnlineSubsystem.dll (API version 3944462).
LogModuleManager: Display: Found up-to-date module file ../../../Engine/Plugins/Online/OnlineSubsystemNull/Binaries/Win64/UE4Editor-OnlineSubsystemNull.dll (API version 3944462).
LogModuleManager: Display: Found up-to-date module file ../../../Engine/Plugins/Online/OnlineSubsystemUtils/Binaries/Win64/UE4Editor-OnlineSubsystemUtils.dll (API version 3944462).
LogModuleManager: Display: Found up-to-date module file ../../../Engine/Plugins/Online/OnlineSubsystemUtils/Binaries/Win64/UE4Editor-OnlineBlueprintSupport.dll (API version 3944462).
LogModuleManager: Display: Found up-to-date module file ../../../Engine/Plugins/Runtime/AndroidDeviceProfileSelector/Binaries/Win64/UE4Editor-AndroidDeviceProfileSelector.dll (API version 3944462).
LogModuleManager: Display: Found up-to-date module file ../../../Engine/Plugins/Runtime/AndroidPermission/Binaries/Win64/UE4Editor-AndroidPermission.dll (API version 3944462).
LogModuleManager: Display: Found up-to-date module file ../../../Engine/Plugins/Runtime/AppleARKit/Binaries/Win64/UE4Editor-AppleARKit.dll (API version 3944462).
LogModuleManager: Display: Found up-to-date module file ../../../Engine/Plugins/Runtime/ArchVisCharacter/Binaries/Win64/UE4Editor-ArchVisCharacter.dll (API version 3944462).
LogModuleManager: Display: Found up-to-date module file ../../../Engine/Plugins/Runtime/AudioCapture/Binaries/Win64/UE4Editor-AudioCapture.dll (API version 3944462).
LogModuleManager: Display: Found up-to-date module file ../../../Engine/Plugins/Runtime/AudioCapture/Binaries/Win64/UE4Editor-AudioCaptureEditor.dll (API version 3944462).
LogModuleManager: Display: Found up-to-date module file ../../../Engine/Plugins/Runtime/CableComponent/Binaries/Win64/UE4Editor-CableComponent.dll (API version 3944462).
LogModuleManager: Display: Found up-to-date module file ../../../Engine/Plugins/Runtime/CustomMeshComponent/Binaries/Win64/UE4Editor-CustomMeshComponent.dll (API version 3944462).
LogModuleManager: Display: Found up-to-date module file ../../../Engine/Plugins/Runtime/ExampleDeviceProfileSelector/Binaries/Win64/UE4Editor-ExampleDeviceProfileSelector.dll (API version 3944462).
LogModuleManager: Display: Found up-to-date module file ../../../Engine/Plugins/Runtime/ImmediatePhysics/Binaries/Win64/UE4Editor-ImmediatePhysics.dll (API version 3944462).
LogModuleManager: Display: Found up-to-date module file ../../../Engine/Plugins/Runtime/ImmediatePhysics/Binaries/Win64/UE4Editor-ImmediatePhysicsEditor.dll (API version 3944462).
LogModuleManager: Display: Found up-to-date module file ../../../Engine/Plugins/Runtime/LocationServicesBPLibrary/Binaries/Win64/UE4Editor-LocationServicesBPLibrary.dll (API version 3944462).
LogModuleManager: Display: Found up-to-date module file ../../../Engine/Plugins/Runtime/MobilePatchingUtils/Binaries/Win64/UE4Editor-MobilePatchingUtils.dll (API version 3944462).
LogModuleManager: Display: Found up-to-date module file ../../../Engine/Plugins/Runtime/Oculus/OculusVR/Binaries/Win64/UE4Editor-OculusHMD.dll (API version 3944462).
LogModuleManager: Display: Found up-to-date module file ../../../Engine/Plugins/Runtime/Oculus/OculusVR/Binaries/Win64/UE4Editor-OculusInput.dll (API version 3944462).
LogModuleManager: Display: Found up-to-date module file ../../../Engine/Plugins/Runtime/Oculus/OculusVR/Binaries/Win64/UE4Editor-OculusEditor.dll (API version 3944462).
LogModuleManager: Display: Found up-to-date module file ../../../Engine/Plugins/Runtime/PhysXVehicles/Binaries/Win64/UE4Editor-PhysXVehicles.dll (API version 3944462).
LogModuleManager: Display: Found up-to-date module file ../../../Engine/Plugins/Runtime/PhysXVehicles/Binaries/Win64/UE4Editor-PhysXVehiclesEditor.dll (API version 3944462).
LogModuleManager: Display: Found up-to-date module file ../../../Engine/Plugins/Runtime/ProceduralMeshComponent/Binaries/Win64/UE4Editor-ProceduralMeshComponent.dll (API version 3944462).
LogModuleManager: Display: Found up-to-date module file ../../../Engine/Plugins/Runtime/ProceduralMeshComponent/Binaries/Win64/UE4Editor-ProceduralMeshComponentEditor.dll (API version 3944462).
LogModuleManager: Display: Found up-to-date module file ../../../Engine/Plugins/Runtime/RuntimePhysXCooking/Binaries/Win64/UE4Editor-RuntimePhysXCooking.dll (API version 3944462).
LogModuleManager: Display: Found up-to-date module file ../../../Engine/Plugins/Runtime/Steam/SteamVR/Binaries/Win64/UE4Editor-SteamVR.dll (API version 3944462).
LogModuleManager: Display: Found up-to-date module file ../../../Engine/Plugins/Runtime/Steam/SteamVR/Binaries/Win64/UE4Editor-SteamVRController.dll (API version 3944462).
LogModuleManager: Display: Found up-to-date module file ../../../Engine/Plugins/Runtime/WindowsMoviePlayer/Binaries/Win64/UE4Editor-WindowsMoviePlayer.dll (API version 3944462).
LogInit: Using libcurl 7.47.1
LogInit:  - built for x86_64-pc-win32
LogInit:  - supports SSL with OpenSSL/1.0.2g
LogInit:  - supports HTTP deflate (compression) using libz 1.2.8
LogInit:  - other features:
LogInit:      CURL_VERSION_SSL
LogInit:      CURL_VERSION_LIBZ
LogInit:      CURL_VERSION_IPV6
LogInit:      CURL_VERSION_ASYNCHDNS
LogInit:      CURL_VERSION_LARGEFILE
LogInit:      CURL_VERSION_IDN
LogInit:  CurlRequestOptions (configurable via config and command line):
LogInit:  - bVerifyPeer = false  - Libcurl will NOT verify peer certificate
LogInit:  - bUseHttpProxy = false  - Libcurl will NOT use HTTP proxy
LogInit:  - bDontReuseConnections = false  - Libcurl will reuse connections
LogInit:  - CertBundlePath = nullptr  - Libcurl will use whatever was configured at build time.
LogInit:  - MaxHostConnections = 16  - Libcurl will limit the number of connections to a host
LogInit:  - LocalHostAddr = Default
LogInit: WinSock: version 1.1 (2.2), MaxSocks=32767, MaxUdp=65467
LogInit: WinSock: I am TU46961 (152.105.20.254:0)
LogInit: Build: ++UE4+Release-4.19-CL-4033788
LogInit: Engine Version: 4.19.2-4033788+++UE4+Release-4.19
LogInit: Compatible Engine Version: 4.19.0-3944462+++UE4+Release-4.19
LogInit: Net CL: 3944462
LogDevObjectVersion: Number of dev versions registered: 18
LogDevObjectVersion:   Dev-Blueprints (B0D832E4-1F89-4F0D-ACCF-7EB736FD4AA2): 10
LogDevObjectVersion:   Dev-Build (E1C64328-A22C-4D53-A36C-8E866417BD8C): 0
LogDevObjectVersion:   Dev-Core (375EC13C-06E4-48FB-B500-84F0262A717E): 2
LogDevObjectVersion:   Dev-Editor (E4B068ED-F494-42E9-A231-DA0B2E46BB41): 23
LogDevObjectVersion:   Dev-Framework (CFFC743F-43B0-4480-9391-14DF171D2073): 33
LogDevObjectVersion:   Dev-Mobile (B02B49B5-BB20-44E9-A304-32B752E40360): 2
LogDevObjectVersion:   Dev-Networking (A4E4105C-59A1-49B5-A7C5-40C4547EDFEE): 0
LogDevObjectVersion:   Dev-Online (39C831C9-5AE6-47DC-9A44-9C173E1C8E7C): 0
LogDevObjectVersion:   Dev-Physics (78F01B33-EBEA-4F98-B9B4-84EACCB95AA2): 0
LogDevObjectVersion:   Dev-Platform (6631380F-2D4D-43E0-8009-CF276956A95A): 0
LogDevObjectVersion:   Dev-Rendering (12F88B9F-8875-4AFC-A67C-D90C383ABD29): 25
LogDevObjectVersion:   Dev-Sequencer (7B5AE74C-D270-4C10-A958-57980B212A5A): 6
LogDevObjectVersion:   Dev-VR (D7296918-1DD6-4BDD-9DE2-64A83CC13884): 1
LogDevObjectVersion:   Dev-LoadTimes (C2A15278-BFE7-4AFE-6C17-90FF531DF755): 1
LogDevObjectVersion:   Private-Geometry (6EACA3D4-40EC-4CC1-B786-8BED09428FC5): 2
LogDevObjectVersion:   Dev-AnimPhys (29E575DD-E0A3-4627-9D10-D276232CDCEA): 16
LogDevObjectVersion:   Dev-ReflectionCapture (6B266CEC-1EC7-4B8F-A30B-E4D90942FC07): 1
LogDevObjectVersion:   Dev-Automation (0DF73D61-A23F-47EA-B727-89E90C41499A): 1
LogInit: Compiled (64-bit): Apr 27 2018 02:06:57
LogInit: Compiled with Visual C++: 19.00.24215.01
LogInit: Build Configuration: Development
LogInit: Branch Name: ++UE4+Release-4.19
LogInit: Command Line:  /Game/Woolf/Maps/MainMenu -game -PIEVIACONSOLE -ResX=1280 -ResY=720  -Multiprocess -messaging -SessionName="Play in Standalone Game" -windowed 
LogInit: Base Directory: C:/Program Files/Epic Games/UE_4.19/Engine/Binaries/Win64/
LogInit: Installed Engine Build: 1
LogStreaming: Display: Took  0.022s to delete old logs.
LogInit: Presizing for max 8388607 objects, including 0 objects not considered by GC, pre-allocating 0 bytes for permanent pool.
LogInit: Object subsystem initialized
[2019.10.28-15.32.52:882][  0]LogInit: Selected Device Profile: [Windows]
[2019.10.28-15.32.52:882][  0]LogInit: Applying CVar settings loaded from the selected device profile: [Windows]
[2019.10.28-15.32.52:888][  0]LogInit: Computer: TU46961
[2019.10.28-15.32.52:888][  0]LogInit: User: t7038904
[2019.10.28-15.32.52:888][  0]LogInit: CPU Page size=4096, Cores=4
[2019.10.28-15.32.52:888][  0]LogInit: High frequency timer resolution =10.000000 MHz
[2019.10.28-15.32.52:889][  0]LogMemory: Memory total: Physical=31.9GB (32GB approx)
[2019.10.28-15.32.52:889][  0]LogMemory: Platform Memory Stats for Windows
[2019.10.28-15.32.52:889][  0]LogMemory: Process Physical Memory: 275.80 MB used, 275.81 MB peak
[2019.10.28-15.32.52:889][  0]LogMemory: Process Virtual Memory: 270.46 MB used, 270.46 MB peak
[2019.10.28-15.32.52:889][  0]LogMemory: Physical Memory: 10111.76 MB used,  22572.59 MB free, 32684.35 MB total
[2019.10.28-15.32.52:889][  0]LogMemory: Virtual Memory: 4789.93 MB used,  22572.59 MB free, 134217728.00 MB total
[2019.10.28-15.32.52:910][  0]LogInit: Using OS detected language (en-GB).
[2019.10.28-15.32.52:910][  0]LogInit: Using OS detected locale (en-GB).
[2019.10.28-15.32.52:911][  0]LogTextLocalizationManager: No localization for 'en-GB' exists, so 'en' will be used for the language.
[2019.10.28-15.32.52:911][  0]LogTextLocalizationManager: No localization for 'en-GB' exists, so 'en' will be used for the locale.
[2019.10.28-15.32.53:420][  0]LogStreaming: Display: Took  0.510s to EndInitTextLocalization.
[2019.10.28-15.32.53:450][  0]LogSlate: New Slate User Created.  User Index 0, Is Virtual User: 0
[2019.10.28-15.32.53:450][  0]LogSlate: Slate User Registered.  User Index 0, Is Virtual User: 0
[2019.10.28-15.32.53:459][  0]LogD3D11RHI: D3D11 adapters:
[2019.10.28-15.32.53:544][  0]LogD3D11RHI:    0. 'NVIDIA GeForce GTX 1070' (Feature Level 11_0)
[2019.10.28-15.32.53:544][  0]LogD3D11RHI:       8088/0/16342 MB DedicatedVideo/DedicatedSystem/SharedSystem, Outputs:2, VendorId:0x10de
[2019.10.28-15.32.53:547][  0]LogD3D11RHI:    1. 'Microsoft Basic Render Driver' (Feature Level 11_0)
[2019.10.28-15.32.53:547][  0]LogD3D11RHI:       0/0/16342 MB DedicatedVideo/DedicatedSystem/SharedSystem, Outputs:0, VendorId:0x1414
[2019.10.28-15.32.53:547][  0]LogD3D11RHI: Chosen D3D11 Adapter: 0
[2019.10.28-15.32.53:554][  0]LogD3D11RHI: Creating new Direct3DDevice
[2019.10.28-15.32.53:554][  0]LogD3D11RHI:     GPU DeviceId: 0x1b81 (for the marketing name, search the web for "GPU Device Id")
[2019.10.28-15.32.53:554][  0]LogWindows: EnumDisplayDevices:
[2019.10.28-15.32.53:555][  0]LogWindows:    0. 'NVIDIA GeForce GTX 1070' (P:1 D:1)
[2019.10.28-15.32.53:555][  0]LogWindows:    1. 'NVIDIA GeForce GTX 1070' (P:0 D:1)
[2019.10.28-15.32.53:556][  0]LogWindows:    2. 'NVIDIA GeForce GTX 1070' (P:0 D:0)
[2019.10.28-15.32.53:557][  0]LogWindows:    3. 'NVIDIA GeForce GTX 1070' (P:0 D:0)
[2019.10.28-15.32.53:557][  0]LogWindows: DebugString: GetVideoDriverDetailsInvalid PrimaryIsNotTheChoosenAdapter GetVideoDriverDetailsInvalid PrimaryIsNotTheChoosenAdapter GetVideoDriverDetailsInvalid PrimaryIsNotTheChoosenAdapter GetVideoDriverDetailsInvalid PrimaryIsNotTheChoosenAdapter FoundDriverCount:0 
[2019.10.28-15.32.53:557][  0]LogD3D11RHI:     Adapter Name: NVIDIA GeForce GTX 1070
[2019.10.28-15.32.53:557][  0]LogD3D11RHI:   Driver Version: Unknown (internal:Unknown, unified:Unknown)
[2019.10.28-15.32.53:557][  0]LogD3D11RHI:      Driver Date: Unknown
[2019.10.28-15.32.53:557][  0]LogRHI: Texture pool is 5661 MB (70% of 8088 MB)
[2019.10.28-15.32.53:610][  0]LogD3D11RHI: [Aftermath] Aftermath enabled and primed
[2019.10.28-15.32.53:610][  0]LogD3D11RHI: [Aftermath] Aftermath enabled and primed
[2019.10.28-15.32.53:610][  0]LogD3D11RHI: Async texture creation enabled
[2019.10.28-15.32.53:624][  0]LogD3D11RHI: GPU Timing Frequency: 1000.000000 (Debug: 2 1)
[2019.10.28-15.32.53:716][  0]LogShaderCompilers: Guid format shader working directory is -13 characters bigger than the processId version (../../../../../../Users/t7038904/source/BetaArcade/MasterBuild/Intermediate/Shaders/WorkingDirectory/9088/).
[2019.10.28-15.32.53:717][  0]LogShaderCompilers: Cleaned the shader compiler working directory 'C:/Users/t7038904/AppData/Local/Temp/UnrealShaderWorkingDir/904594C54505DAD27FB77C9687E9D924/'.
[2019.10.28-15.32.54:131][  0]LogTemp: Display: Loaded TP WindowsClientTargetPlatform
[2019.10.28-15.32.54:149][  0]LogTemp: Display: Loaded TP WindowsNoEditorTargetPlatform
[2019.10.28-15.32.54:168][  0]LogTemp: Display: Loaded TP WindowsServerTargetPlatform
[2019.10.28-15.32.54:187][  0]LogTemp: Display: Loaded TP WindowsTargetPlatform
[2019.10.28-15.32.54:187][  0]LogTargetPlatformManager: Display: Building Assets For Windows
[2019.10.28-15.32.54:376][  0]LogXGEController: Cannot use XGE Controller as Incredibuild is not installed on this machine.
[2019.10.28-15.32.54:376][  0]LogShaderCompilers: Cannot use XGE Shader Compiler as Incredibuild is not installed on this machine.
[2019.10.28-15.32.54:376][  0]LogShaderCompilers: Display: Using Local Shader Compiler.
[2019.10.28-15.32.55:586][  0]LogDerivedDataCache: Display: Max Cache Size: 512 MB
[2019.10.28-15.32.55:677][  0]LogDerivedDataCache: Loaded boot cache 0.09s 77MB C:/Users/t7038904/AppData/Local/UnrealEngine/4.19/DerivedDataCache/Boot.ddc.
[2019.10.28-15.32.55:677][  0]LogDerivedDataCache: Display: Loaded Boot cache: C:/Users/t7038904/AppData/Local/UnrealEngine/4.19/DerivedDataCache/Boot.ddc
[2019.10.28-15.32.55:677][  0]LogDerivedDataCache: FDerivedDataBackendGraph:  Pak pak cache file ../../../../../../Users/t7038904/source/BetaArcade/MasterBuild/DerivedDataCache/DDC.ddp not found, will not use a pak cache.
[2019.10.28-15.32.55:677][  0]LogDerivedDataCache: Unable to find inner node Pak for hierarchical cache Hierarchy.
[2019.10.28-15.32.55:677][  0]LogDerivedDataCache: FDerivedDataBackendGraph:  CompressedPak pak cache file ../../../../../../Users/t7038904/source/BetaArcade/MasterBuild/DerivedDataCache/Compressed.ddp not found, will not use a pak cache.
[2019.10.28-15.32.55:677][  0]LogDerivedDataCache: Unable to find inner node CompressedPak for hierarchical cache Hierarchy.
[2019.10.28-15.32.55:698][  0]LogDerivedDataCache: Display: Pak cache opened for reading ../../../Engine/DerivedDataCache/Compressed.ddp.
[2019.10.28-15.32.55:712][  0]LogDerivedDataCache: Using Local data cache path C:/Users/t7038904/AppData/Local/UnrealEngine/Common/DerivedDataCache: Writable
[2019.10.28-15.32.55:712][  0]LogDerivedDataCache: Shared data cache path not found in *engine.ini, will not use an Shared cache.
[2019.10.28-15.32.55:712][  0]LogDerivedDataCache: Unable to find inner node Shared for hierarchical cache Hierarchy.
[2019.10.28-15.32.55:727][  0]LogMaterial: Verifying Global Shaders for PCD3D_SM5
[2019.10.28-15.32.55:727][  0]LogSlate: Using Freetype 2.6.0
[2019.10.28-15.32.55:728][  0]LogSlate: SlateFontCache - WITH_FREETYPE: 1, WITH_HARFBUZZ: 1
[2019.10.28-15.32.55:728][  0]LogSlate: SlateFontCache - WITH_FREETYPE: 1, WITH_HARFBUZZ: 1
[2019.10.28-15.32.55:902][  0]LogAssetRegistry: FAssetRegistry took 0.0058 seconds to start up
[2019.10.28-15.32.56:151][  0]LogPackageLocalizationCache: Processed 9 localized package path(s) for 1 prioritized culture(s) in 0.013533 seconds
[2019.10.28-15.32.56:321][  0]LogInit: Selected Device Profile: [Windows]
[2019.10.28-15.32.56:514][  0]LogSimplygon: Simplygon DLL not present - disabling.
[2019.10.28-15.32.56:518][  0]LogMeshReduction: Using SimplygonSwarm for distributed automatic mesh merging
[2019.10.28-15.32.56:518][  0]LogMeshReduction: Using QuadricMeshReduction for automatic static mesh reduction
[2019.10.28-15.32.56:518][  0]LogMeshReduction: No automatic skeletal mesh reduction module available
[2019.10.28-15.32.56:518][  0]LogMeshReduction: No automatic mesh merging module available
[2019.10.28-15.32.56:518][  0]LogMeshMerging: No automatic mesh merging module available
[2019.10.28-15.32.56:566][  0]LogNetVersion: MasterBuild , NetCL: 3944462, EngineNetVer: 2, GameNetVer: 0 (Checksum: 2426174287)
[2019.10.28-15.32.57:328][  0]LogMoviePlayer: Initializing movie player
[2019.10.28-15.32.57:743][  0]LogTcpMessaging: Initializing TcpMessaging bridge
[2019.10.28-15.32.57:788][  0]LogUdpMessaging: Initializing bridge on interface 0.0.0.0:0 to multicast group 230.0.0.1:6666.
[2019.10.28-15.32.58:131][  0]LogUObjectGlobals: Created PersistentFrame Addr=0x000001e7eb907200, Size=64, Default__ThirdPerson_AnimBP_C Function /Game/Mannequin/Animations/ThirdPerson_AnimBP.ThirdPerson_AnimBP_C:ExecuteUbergraph_ThirdPerson_AnimBP
[2019.10.28-15.32.58:172][  0]LogUObjectGlobals: Destroyed PersistentFrame Addr=0x000001e7eb907200, Size=64
[2019.10.28-15.32.58:172][  0]LogUObjectGlobals: Created PersistentFrame Addr=0x000001e7e8f72240, Size=64, Default__ThirdPerson_AnimBP_C Function /Engine/Transient.REINST_ThirdPerson_AnimBP_C_0:ExecuteUbergraph_ThirdPerson_AnimBP
[2019.10.28-15.32.58:181][  0]LogUObjectGlobals: Created PersistentFrame Addr=0x000001e7ec3b3bf0, Size=72, Default__ThirdPerson_AnimBP_C Function /Game/Mannequin/Animations/ThirdPerson_AnimBP.ThirdPerson_AnimBP_C:ExecuteUbergraph_ThirdPerson_AnimBP
[2019.10.28-15.32.58:251][  0]LogSkeletalMesh: Skeletal Mesh found in DDC [2.677700ms] /Game/Mannequin/Character/Mesh/SK_Mannequin.SK_Mannequin
[2019.10.28-15.32.58:354][  0]SourceControl: Source control is disabled
[2019.10.28-15.32.58:354][  0]SourceControl: Source control is disabled
[2019.10.28-15.32.58:389][  0]SourceControl: Source control is disabled
[2019.10.28-15.32.58:940][  0]LogAndroidPermission: UAndroidPermissionCallbackProxy::GetInstance
[2019.10.28-15.32.59:265][  0]LogOcInput: OculusInput pre-init called
[2019.10.28-15.32.59:338][  0]LogUObjectArray: 41174 objects as part of root set at end of initial load.
[2019.10.28-15.32.59:338][  0]LogUObjectAllocator: 8826664 out of 0 bytes used by permanent object pool.
[2019.10.28-15.32.59:338][  0]LogUObjectArray: CloseDisregardForGC: 0/0 objects in disregard for GC pool
[2019.10.28-15.32.59:399][  0]LogEngine: Initializing Engine...
[2019.10.28-15.32.59:402][  0]LogHMD: Failed to initialize OpenVR with code 110
[2019.10.28-15.32.59:414][  0]LogStats: UGameplayTagsManager::ConstructGameplayTagTree: Construct from data asset -  0.000 s
[2019.10.28-15.32.59:414][  0]LogStats: UGameplayTagsManager::ConstructGameplayTagTree: GameplayTagTreeChangedEvent.Broadcast -  0.000 s
[2019.10.28-15.32.59:654][  0]LogInit: XAudio2 using 'Speakers (Realtek High Definition Audio)' : 2 channels at 48 kHz using 32 bits per sample (channel mask 0x3)
[2019.10.28-15.32.59:725][  0]LogInit: FAudioDevice initialized.
[2019.10.28-15.32.59:755][  0]LogInit: Texture streaming: Enabled
[2019.10.28-15.32.59:897][  0]LogUObjectGlobals: Created PersistentFrame Addr=0x000001e7e9753200, Size=480, Default__GameInfoInstance_BP_C Function /Game/Woolf/Blueprints/GameInfoInstance_BP.GameInfoInstance_BP_C:ExecuteUbergraph_GameInfoInstance_BP
[2019.10.28-15.32.59:899][  0]LogUObjectGlobals: Created PersistentFrame Addr=0x000001e7df4f8d40, Size=64, Default__W_HostMenu_C Function /Game/Woolf/UI/W_HostMenu.W_HostMenu_C:ExecuteUbergraph_W_HostMenu
[2019.10.28-15.32.59:905][  0]LogUObjectGlobals: Created PersistentFrame Addr=0x000001e7ed96e7a0, Size=160, Default__W_JoinMenu_C Function /Game/Woolf/UI/W_JoinMenu.W_JoinMenu_C:ExecuteUbergraph_W_JoinMenu
[2019.10.28-15.32.59:910][  0]LogUObjectGlobals: Created PersistentFrame Addr=0x000001e7ed9bf760, Size=32, Default__W_MainMenu_C Function /Game/Woolf/UI/W_MainMenu.W_MainMenu_C:ExecuteUbergraph_W_MainMenu
[2019.10.28-15.32.59:925][  0]LogUObjectGlobals: Destroyed PersistentFrame Addr=0x000001e7e9753200, Size=480
[2019.10.28-15.32.59:925][  0]LogUObjectGlobals: Created PersistentFrame Addr=0x000001e7e9753200, Size=480, Default__GameInfoInstance_BP_C Function /Engine/Transient.REINST_GameInfoInstance_BP_C_4:ExecuteUbergraph_GameInfoInstance_BP
[2019.10.28-15.32.59:926][  0]LogUObjectGlobals: Destroyed PersistentFrame Addr=0x000001e7df4f8d40, Size=64
[2019.10.28-15.32.59:926][  0]LogUObjectGlobals: Created PersistentFrame Addr=0x000001e7ed8bbd40, Size=64, Default__W_HostMenu_C Function /Engine/Transient.REINST_W_HostMenu_C_0:ExecuteUbergraph_W_HostMenu
[2019.10.28-15.32.59:926][  0]LogUObjectGlobals: Destroyed PersistentFrame Addr=0x000001e7ed96e7a0, Size=160
[2019.10.28-15.32.59:926][  0]LogUObjectGlobals: Created PersistentFrame Addr=0x000001e7ed8afc40, Size=160, Default__W_JoinMenu_C Function /Engine/Transient.REINST_W_JoinMenu_C_1:ExecuteUbergraph_W_JoinMenu
[2019.10.28-15.32.59:927][  0]LogUObjectGlobals: Destroyed PersistentFrame Addr=0x000001e7ed9bf760, Size=32
[2019.10.28-15.32.59:927][  0]LogUObjectGlobals: Created PersistentFrame Addr=0x000001e7ed8e65e0, Size=32, Default__W_MainMenu_C Function /Engine/Transient.REINST_W_MainMenu_C_2:ExecuteUbergraph_W_MainMenu
[2019.10.28-15.32.59:940][  0]LogUObjectGlobals: Created PersistentFrame Addr=0x000001e7db9ece00, Size=488, Default__GameInfoInstance_BP_C Function /Game/Woolf/Blueprints/GameInfoInstance_BP.GameInfoInstance_BP_C:ExecuteUbergraph_GameInfoInstance_BP
[2019.10.28-15.32.59:942][  0]LogUObjectGlobals: Created PersistentFrame Addr=0x000001e7dee3a340, Size=64, Default__W_HostMenu_C Function /Game/Woolf/UI/W_HostMenu.W_HostMenu_C:ExecuteUbergraph_W_HostMenu
[2019.10.28-15.32.59:944][  0]LogUObjectGlobals: Created PersistentFrame Addr=0x000001e7dee4e3e0, Size=160, Default__W_JoinMenu_C Function /Game/Woolf/UI/W_JoinMenu.W_JoinMenu_C:ExecuteUbergraph_W_JoinMenu
[2019.10.28-15.32.59:945][  0]LogUObjectGlobals: Created PersistentFrame Addr=0x000001e7dee45a80, Size=32, Default__W_MainMenu_C Function /Game/Woolf/UI/W_MainMenu.W_MainMenu_C:ExecuteUbergraph_W_MainMenu
[2019.10.28-15.32.59:957][  0]LogInit: Display: Game Engine Initialized.
[2019.10.28-15.32.59:957][  0]LogGameplayTags: Display: UGameplayTagsManager::DoneAddingNativeTags. DelegateIsBound: 0
[2019.10.28-15.32.59:957][  0]LogStats: UGameplayTagsManager::ConstructGameplayTagTree: Construct from data asset -  0.000 s
[2019.10.28-15.32.59:957][  0]LogStats: UGameplayTagsManager::ConstructGameplayTagTree: GameplayTagTreeChangedEvent.Broadcast -  0.000 s
[2019.10.28-15.33.00:132][  0]LogInit: Display: Starting Game.
[2019.10.28-15.33.00:132][  0]LogNet: Browse: /Game/Woolf/Maps/MainMenu?Name=Player
[2019.10.28-15.33.00:132][  0]LogLoad: LoadMap: /Game/Woolf/Maps/MainMenu?Name=Player
[2019.10.28-15.33.00:144][  0]LogUObjectGlobals: Destroyed PersistentFrame Addr=0x000001e7e8f72240, Size=64
[2019.10.28-15.33.00:144][  0]LogUObjectGlobals: Destroyed PersistentFrame Addr=0x000001e7e9753200, Size=480
[2019.10.28-15.33.00:144][  0]LogUObjectGlobals: Destroyed PersistentFrame Addr=0x000001e7ed8bbd40, Size=64
[2019.10.28-15.33.00:145][  0]LogUObjectGlobals: Destroyed PersistentFrame Addr=0x000001e7ed8afc40, Size=160
[2019.10.28-15.33.00:145][  0]LogUObjectGlobals: Destroyed PersistentFrame Addr=0x000001e7ed8e65e0, Size=32
[2019.10.28-15.33.00:147][  0]LogUObjectGlobals: Created PersistentFrame Addr=0x000001e7ed9bf0c0, Size=32, Default__MainMenu_C Function /Game/Woolf/Maps/MainMenu.MainMenu_C:ExecuteUbergraph_MainMenu
[2019.10.28-15.33.00:148][  0]LogUObjectGlobals: Destroyed PersistentFrame Addr=0x000001e7ed9bf0c0, Size=32
[2019.10.28-15.33.00:148][  0]LogUObjectGlobals: Created PersistentFrame Addr=0x000001e7ed9bf0c0, Size=32, Default__MainMenu_C Function /Engine/Transient.REINST_MainMenu_C_9:ExecuteUbergraph_MainMenu
[2019.10.28-15.33.00:149][  0]LogUObjectGlobals: Created PersistentFrame Addr=0x000001e7ed9bd180, Size=32, Default__MainMenu_C Function /Game/Woolf/Maps/MainMenu.MainMenu_C:ExecuteUbergraph_MainMenu
[2019.10.28-15.33.00:163][  0]LogAIModule: Creating AISystem for world MainMenu
[2019.10.28-15.33.00:166][  0]LogUObjectGlobals: Created PersistentFrame Addr=0x000001e7c96b62d0, Size=4, Default__Wolfy_BP_C Function /Game/Woolf/Blueprints/Player/Wolfy_BP.Wolfy_BP_C:ExecuteUbergraph_Wolfy_BP
[2019.10.28-15.33.00:172][  0]LogUObjectGlobals: Destroyed PersistentFrame Addr=0x000001e7c96b62d0, Size=4
[2019.10.28-15.33.00:172][  0]LogUObjectGlobals: Created PersistentFrame Addr=0x000001e7c96b62d0, Size=4, Default__Wolfy_BP_C Function /Engine/Transient.REINST_Wolfy_BP_C_12:ExecuteUbergraph_Wolfy_BP
[2019.10.28-15.33.00:174][  0]LogUObjectGlobals: Created PersistentFrame Addr=0x000001e7c96b63a0, Size=4, Default__Wolfy_BP_C Function /Game/Woolf/Blueprints/Player/Wolfy_BP.Wolfy_BP_C:ExecuteUbergraph_Wolfy_BP
[2019.10.28-15.33.00:176][  0]LogBlueprint: Warning: USimpleConstructionScript::FixupRootNodeParentReferences() - Couldn't find native parent component 'Arrow' for 'Cylinder' in BlueprintGeneratedClass 'Wolfy_BP_C' (it may have been removed)
[2019.10.28-15.33.00:184][  0]LogLoad: Game class is 'WolfGameMode_BP_C'
[2019.10.28-15.33.00:185][  0]LogWorld: Bringing World /Game/Woolf/Maps/MainMenu.MainMenu up for play (max tick rate 0) at 2019.10.28-15.33.00
[2019.10.28-15.33.00:185][  0]LogWorld: Bringing up level for play took: 0.000510
[2019.10.28-15.33.00:185][  0]LogGameMode: FindPlayerStart: PATHS NOT DEFINED or NO PLAYERSTART with positive rating
[2019.10.28-15.33.00:833][  0]LogStats: FPlatformStackWalk::StackWalkAndDump -  0.640 s
[2019.10.28-15.33.00:833][  0]LogOutputDevice: Error: === Handled ensure: ===
[2019.10.28-15.33.00:833][  0]LogOutputDevice: Error: 
[2019.10.28-15.33.00:833][  0]LogOutputDevice: Error: Ensure condition failed: InvocationList[ CurFunctionIndex ] != InDelegate [File:C:\Program Files\Epic Games\UE_4.19\Engine\Source\Runtime\Core\Public\UObject/ScriptDelegates.h] [Line: 509]
[2019.10.28-15.33.00:833][  0]LogOutputDevice: Error: 
[2019.10.28-15.33.00:833][  0]LogOutputDevice: Error: Stack: 
[2019.10.28-15.33.00:833][  0]LogOutputDevice: Error: [Callstack] 0x00000000A6A3B706 UE4Editor-Core.dll!UnknownFunction []
[2019.10.28-15.33.00:833][  0]LogOutputDevice: Error: [Callstack] 0x00000000A679AE3A UE4Editor-Core.dll!UnknownFunction []
[2019.10.28-15.33.00:833][  0]LogOutputDevice: Error: [Callstack] 0x00000000A67AECD6 UE4Editor-Core.dll!UnknownFunction []
[2019.10.28-15.33.00:833][  0]LogOutputDevice: Error: [Callstack] 0x000000008B2B84B1 UE4Editor-MasterBuild-7890.dll!TMulticastScriptDelegate<FWeakObjectPtr>::AddInternal() [c:\program files\epic games\ue_4.19\engine\source\runtime\core\public\uobject\scriptdelegates.h:509]
[2019.10.28-15.33.00:833][  0]LogOutputDevice: Error: [Callstack] 0x000000008B2B933F UE4Editor-MasterBuild-7890.dll!TBaseDynamicMulticastDelegate<FWeakObjectPtr,void,UPrimitiveComponent * __ptr64,AActor * __ptr64,UPrimitiveComponent * __ptr64,int,bool,FHitResult const & __ptr64>::__Internal_AddDynamic<AChar_Wolf>() [c:\program files\epic games\ue_4.19\engine\source\runtime\core\public\delegates\delegatesignatureimpl.inl:1141]
[2019.10.28-15.33.00:833][  0]LogOutputDevice: Error: [Callstack] 0x000000008B2B9E28 UE4Editor-MasterBuild-7890.dll!AChar_Wolf::SetupOverlapEvents() [c:\users\t7038904\source\betaarcade\masterbuild\source\masterbuild\player\char_wolf.cpp:74]
[2019.10.28-15.33.00:833][  0]LogOutputDevice: Error: [Callstack] 0x00000000A60AE094 UE4Editor-CoreUObject.dll!UnknownFunction []
[2019.10.28-15.33.00:833][  0]LogOutputDevice: Error: [Callstack] 0x00000000A6280781 UE4Editor-CoreUObject.dll!UnknownFunction []
[2019.10.28-15.33.00:833][  0]LogOutputDevice: Error: [Callstack] 0x00000000A629AA82 UE4Editor-CoreUObject.dll!UnknownFunction []
[2019.10.28-15.33.00:833][  0]LogOutputDevice: Error: [Callstack] 0x00000000A62811EE UE4Editor-CoreUObject.dll!UnknownFunction []
[2019.10.28-15.33.00:833][  0]LogOutputDevice: Error: [Callstack] 0x00000000A629AA82 UE4Editor-CoreUObject.dll!UnknownFunction []
[2019.10.28-15.33.00:833][  0]LogOutputDevice: Error: [Callstack] 0x00000000A60AE094 UE4Editor-CoreUObject.dll!UnknownFunction []
[2019.10.28-15.33.00:834][  0]LogOutputDevice: Error: [Callstack] 0x00000000A6299D73 UE4Editor-CoreUObject.dll!UnknownFunction []
[2019.10.28-15.33.00:834][  0]LogOutputDevice: Error: [Callstack] 0x000000009816CCFB UE4Editor-Engine.dll!UnknownFunction []
[2019.10.28-15.33.00:834][  0]LogOutputDevice: Error: [Callstack] 0x000000009812A332 UE4Editor-Engine.dll!UnknownFunction []
[2019.10.28-15.33.00:834][  0]LogOutputDevice: Error: [Callstack] 0x000000008B2B971F UE4Editor-MasterBuild-7890.dll!AChar_Wolf::BeginPlay() [c:\users\t7038904\source\betaarcade\masterbuild\source\masterbuild\player\char_wolf.cpp:18]
[2019.10.28-15.33.00:834][  0]LogOutputDevice: Error: [Callstack] 0x00000000981372FB UE4Editor-Engine.dll!UnknownFunction []
[2019.10.28-15.33.00:834][  0]LogOutputDevice: Error: [Callstack] 0x00000000993EAE33 UE4Editor-Engine.dll!UnknownFunction []
[2019.10.28-15.33.00:834][  0]LogOutputDevice: Error: [Callstack] 0x00000000988AF731 UE4Editor-Engine.dll!UnknownFunction []
[2019.10.28-15.33.00:834][  0]LogOutputDevice: Error: [Callstack] 0x00000000993D414E UE4Editor-Engine.dll!UnknownFunction []
[2019.10.28-15.33.00:834][  0]LogOutputDevice: Error: [Callstack] 0x00000000992FA5BF UE4Editor-Engine.dll!UnknownFunction []
[2019.10.28-15.33.00:834][  0]LogOutputDevice: Error: [Callstack] 0x00000000992AC788 UE4Editor-Engine.dll!UnknownFunction []
[2019.10.28-15.33.00:834][  0]LogOutputDevice: Error: [Callstack] 0x00000000988D3593 UE4Editor-Engine.dll!UnknownFunction []
[2019.10.28-15.33.00:834][  0]LogOutputDevice: Error: [Callstack] 0x00000000B0412A7E UE4Editor.exe!UnknownFunction []
[2019.10.28-15.33.00:834][  0]LogOutputDevice: Error: [Callstack] 0x00000000B0426ACD UE4Editor.exe!UnknownFunction []
[2019.10.28-15.33.00:834][  0]LogOutputDevice: Error: [Callstack] 0x00000000B0426C4A UE4Editor.exe!UnknownFunction []
[2019.10.28-15.33.00:834][  0]LogOutputDevice: Error: [Callstack] 0x00000000B0434177 UE4Editor.exe!UnknownFunction []
[2019.10.28-15.33.00:834][  0]LogOutputDevice: Error: [Callstack] 0x00000000B0435B87 UE4Editor.exe!UnknownFunction []
[2019.10.28-15.33.00:834][  0]LogOutputDevice: Error: [Callstack] 0x00000000FCE37974 KERNEL32.DLL!UnknownFunction []
[2019.10.28-15.33.00:834][  0]LogOutputDevice: Error: [Callstack] 0x00000000FF44A271 ntdll.dll!UnknownFunction []
[2019.10.28-15.33.00:834][  0]LogOutputDevice: Error: 
[2019.10.28-15.33.00:842][  0]LogStats:                SubmitErrorReport -  0.000 s
[2019.10.28-15.33.01:765][  0]LogStats:                    SendNewReport -  0.924 s
[2019.10.28-15.33.01:765][  0]LogStats:             FDebug::EnsureFailed -  1.573 s
[2019.10.28-15.33.01:765][  0]LogLoad: Took 1.633636 seconds to LoadMap(/Game/Woolf/Maps/MainMenu)
[2019.10.28-15.33.01:839][  0]LogLoad: (Engine Initialization) Total time: 13.71 seconds
[2019.10.28-15.33.01:839][  0]LogLoad: (Engine Initialization) Total Blueprint compile time: 0.00 seconds
[2019.10.28-15.33.01:874][  0]LogRenderer: Reallocating scene render targets to support 1280x720 Format 10 NumSamples 1 (Frame:1).
[2019.10.28-15.33.01:918][  0]LogContentStreaming: Texture pool size now 1000 MB
[2019.10.28-15.33.08:273][394]LogSlate: FSceneViewport::OnFocusLost() reason 0
[2019.10.28-15.33.09:853][492]LogOnline: Warning: OSS: Ignoring game search request while one is pending
[2019.10.28-15.33.10:014][502]LogOnline: Warning: OSS: Ignoring game search request while one is pending
[2019.10.28-15.33.10:192][513]LogOnline: Warning: OSS: Ignoring game search request while one is pending
[2019.10.28-15.33.10:998][563]LogOnline: Warning: OSS: Ignoring game search request while one is pending
[2019.10.28-15.33.13:984][749]LogBlueprintUserMessages: [W_JoinMenu_C_0] Found Server
[2019.10.28-15.33.13:984][749]LogScript: Warning: Attempted to access index 0 from array Temp_struct_Variable of length 0!
	W_JoinMenu_C /Engine/Transient.GameEngine_0:GameInfoInstance_BP_C_0.W_JoinMenu_C_0
	Function /Game/Woolf/UI/W_JoinMenu.W_JoinMenu_C:ExecuteUbergraph_W_JoinMenu:012B
[2019.10.28-15.33.13:984][749]LogScript: Warning: Script call stack:
	Function /Game/Woolf/UI/W_JoinMenu.W_JoinMenu_C:OnSuccess_9DEE68154F83FF6E811DD4949F30492F
	Function /Game/Woolf/UI/W_JoinMenu.W_JoinMenu_C:ExecuteUbergraph_W_JoinMenu

[2019.10.28-15.33.13:984][749]LogBlueprintUserMessages: [GameInfoInstance_BP_C_0] Failed To Join
[2019.10.28-15.33.13:984][749]LogBlueprintUserMessages: [W_JoinMenu_C_0] Found Server
[2019.10.28-15.33.13:984][749]LogScript: Warning: Attempted to access index 0 from array Temp_struct_Variable of length 0!
	W_JoinMenu_C /Engine/Transient.GameEngine_0:GameInfoInstance_BP_C_0.W_JoinMenu_C_0
	Function /Game/Woolf/UI/W_JoinMenu.W_JoinMenu_C:ExecuteUbergraph_W_JoinMenu:012B
[2019.10.28-15.33.13:984][749]LogScript: Warning: Script call stack:
	Function /Game/Woolf/UI/W_JoinMenu.W_JoinMenu_C:OnSuccess_9DEE68154F83FF6E811DD4949F30492F
	Function /Game/Woolf/UI/W_JoinMenu.W_JoinMenu_C:ExecuteUbergraph_W_JoinMenu

[2019.10.28-15.33.13:984][749]LogBlueprintUserMessages: [GameInfoInstance_BP_C_0] Failed To Join
[2019.10.28-15.33.13:984][749]LogBlueprintUserMessages: [W_JoinMenu_C_0] Found Server
[2019.10.28-15.33.13:984][749]LogScript: Warning: Attempted to access index 0 from array Temp_struct_Variable of length 0!
	W_JoinMenu_C /Engine/Transient.GameEngine_0:GameInfoInstance_BP_C_0.W_JoinMenu_C_0
	Function /Game/Woolf/UI/W_JoinMenu.W_JoinMenu_C:ExecuteUbergraph_W_JoinMenu:012B
[2019.10.28-15.33.13:984][749]LogScript: Warning: Script call stack:
	Function /Game/Woolf/UI/W_JoinMenu.W_JoinMenu_C:OnSuccess_9DEE68154F83FF6E811DD4949F30492F
	Function /Game/Woolf/UI/W_JoinMenu.W_JoinMenu_C:ExecuteUbergraph_W_JoinMenu

[2019.10.28-15.33.13:984][749]LogBlueprintUserMessages: [GameInfoInstance_BP_C_0] Failed To Join
[2019.10.28-15.33.13:984][749]LogBlueprintUserMessages: [W_JoinMenu_C_0] Found Server
[2019.10.28-15.33.13:984][749]LogScript: Warning: Attempted to access index 0 from array Temp_struct_Variable of length 0!
	W_JoinMenu_C /Engine/Transient.GameEngine_0:GameInfoInstance_BP_C_0.W_JoinMenu_C_0
	Function /Game/Woolf/UI/W_JoinMenu.W_JoinMenu_C:ExecuteUbergraph_W_JoinMenu:012B
[2019.10.28-15.33.13:984][749]LogScript: Warning: Script call stack:
	Function /Game/Woolf/UI/W_JoinMenu.W_JoinMenu_C:OnSuccess_9DEE68154F83FF6E811DD4949F30492F
	Function /Game/Woolf/UI/W_JoinMenu.W_JoinMenu_C:ExecuteUbergraph_W_JoinMenu

[2019.10.28-15.33.13:984][749]LogBlueprintUserMessages: [GameInfoInstance_BP_C_0] Failed To Join
[2019.10.28-15.33.13:984][749]LogBlueprintUserMessages: [W_JoinMenu_C_0] Found Server
[2019.10.28-15.33.13:998][749]LogNet: Browse: 152.105.20.254//Game/Woolf/Maps/MainMenu
[2019.10.28-15.33.13:999][749]LogTemp: Display: ParseSettings for GameNetDriver
[2019.10.28-15.33.13:999][749]LogTemp: Display: ParseSettings for IpNetDriver_0
[2019.10.28-15.33.13:999][749]LogTemp: Display: ParseSettings for PendingNetDriver
[2019.10.28-15.33.13:999][749]LogInit: WinSock: Socket queue 32768 / 32768
[2019.10.28-15.33.14:000][749]PacketHandlerLog: Loaded PacketHandler component: Engine.EngineHandlerComponentFactory (StatelessConnectHandlerComponent)
[2019.10.28-15.33.14:000][749]LogNet: Game client on port 7777, rate 10000
[2019.10.28-15.33.14:015][750]LogHandshake: SendChallengeResponse. Timestamp: 8.223411, Cookie: 029158003030218050208130058076089219206085103037165241029059
[2019.10.28-15.33.14:031][751]LogNetVersion: MasterBuild 1.0.0.0, NetCL: 3944462, EngineNetVer: 2, GameNetVer: 0 (Checksum: 2949019126)
[2019.10.28-15.33.14:031][751]LogNet: UPendingNetGame::SendInitialJoin: Sending hello. [UNetConnection] RemoteAddr: 152.105.20.254:7777, Name: IpConnection_0, Driver: PendingNetDriver IpNetDriver_0, IsServer: NO, PC: NULL, Owner: NULL, UniqueId: INVALID
[2019.10.28-15.33.14:063][753]LogNet: Welcomed by server (Level: /Game/Woolf/Maps/Heaven, Game: /Game/Woolf/Blueprints/WolfGameMode_BP.WolfGameMode_BP_C)
[2019.10.28-15.33.14:063][753]LogLoad: LoadMap: 152.105.20.254//Game/Woolf/Maps/Heaven?game=/Game/Woolf/Blueprints/WolfGameMode_BP.WolfGameMode_BP_C
[2019.10.28-15.33.14:074][753]LogUObjectGlobals: Destroyed PersistentFrame Addr=0x000001e7c96b63a0, Size=4
[2019.10.28-15.33.14:074][753]LogUObjectGlobals: Destroyed PersistentFrame Addr=0x000001e7c96b62d0, Size=4
[2019.10.28-15.33.14:075][753]LogUObjectGlobals: Destroyed PersistentFrame Addr=0x000001e7ed9bd180, Size=32
[2019.10.28-15.33.14:075][753]LogUObjectGlobals: Destroyed PersistentFrame Addr=0x000001e7ed9bf0c0, Size=32
[2019.10.28-15.33.14:079][753]LogUObjectGlobals: Created PersistentFrame Addr=0x000001e7ed8e44c0, Size=32, Default__Heaven_C Function /Game/Woolf/Maps/Heaven.Heaven_C:ExecuteUbergraph_Heaven
[2019.10.28-15.33.14:153][753]LogUObjectGlobals: Destroyed PersistentFrame Addr=0x000001e7ed8e44c0, Size=32
[2019.10.28-15.33.14:153][753]LogUObjectGlobals: Created PersistentFrame Addr=0x000001e7c8fba560, Size=32, Default__Heaven_C Function /Engine/Transient.REINST_Heaven_C_19:ExecuteUbergraph_Heaven
[2019.10.28-15.33.14:154][753]LogUObjectGlobals: Created PersistentFrame Addr=0x000001e7c8fbb100, Size=32, Default__Heaven_C Function /Game/Woolf/Maps/Heaven.Heaven_C:ExecuteUbergraph_Heaven
[2019.10.28-15.33.14:218][753]LogAIModule: Creating AISystem for world Heaven
[2019.10.28-15.33.14:218][753]LogTemp: Display: ParseSettings for GameNetDriver
[2019.10.28-15.33.14:239][753]LogWorld: Bringing World /Game/Woolf/Maps/Heaven.Heaven up for play (max tick rate 0) at 2019.10.28-15.33.14
[2019.10.28-15.33.14:240][753]LogWorld: Bringing up level for play took: 0.020917
[2019.10.28-15.33.14:242][753]LogLoad: Took 0.178397 seconds to LoadMap(/Game/Woolf/Maps/Heaven)
[2019.10.28-15.33.14:301][756]LogUObjectGlobals: Created PersistentFrame Addr=0x000001e7de9845d8, Size=4, Default__Wolfy_BP_C Function /Game/Woolf/Blueprints/Player/Wolfy_BP.Wolfy_BP_C:ExecuteUbergraph_Wolfy_BP
[2019.10.28-15.33.14:304][756]LogUObjectGlobals: Destroyed PersistentFrame Addr=0x000001e7de9845d8, Size=4
[2019.10.28-15.33.14:304][756]LogUObjectGlobals: Created PersistentFrame Addr=0x000001e7de9845d8, Size=4, Default__Wolfy_BP_C Function /Engine/Transient.REINST_Wolfy_BP_C_21:ExecuteUbergraph_Wolfy_BP
[2019.10.28-15.33.14:305][756]LogUObjectGlobals: Created PersistentFrame Addr=0x000001e7de984510, Size=4, Default__Wolfy_BP_C Function /Game/Woolf/Blueprints/Player/Wolfy_BP.Wolfy_BP_C:ExecuteUbergraph_Wolfy_BP
[2019.10.28-15.33.14:314][756]LogBlueprint: Warning: USimpleConstructionScript::FixupRootNodeParentReferences() - Couldn't find native parent component 'Arrow' for 'Cylinder' in BlueprintGeneratedClass 'Wolfy_BP_C' (it may have been removed)
[2019.10.28-15.34.03:306][787]LogUObjectGlobals: Destroyed PersistentFrame Addr=0x000001e7c8fba560, Size=32
[2019.10.28-15.34.03:306][787]LogUObjectGlobals: Destroyed PersistentFrame Addr=0x000001e7de9845d8, Size=4
[2019.10.28-15.34.39:765][ 41]LogSlate: Window 'MasterBuild (64-bit, PCD3D_SM5) ' being destroyed
[2019.10.28-15.34.39:766][ 41]LogWindowsTextInputMethodSystem: Display: IME system now deactivated.
[2019.10.28-15.34.39:768][ 41]LogEngine: All Windows Closed
[2019.10.28-15.34.39:768][ 41]LogWindows: FPlatformMisc::RequestExit(0)
[2019.10.28-15.34.39:790][ 42]LogNet: World NetDriver shutdown IpNetDriver_0 [GameNetDriver]
[2019.10.28-15.34.39:790][ 42]LogNet: DestroyNamedNetDriver IpNetDriver_0 [GameNetDriver]
[2019.10.28-15.34.39:791][ 42]LogNet: UNetConnection::Close: [UNetConnection] RemoteAddr: 152.105.20.254:7777, Name: IpConnection_0, Driver: GameNetDriver IpNetDriver_0, IsServer: NO, PC: PlayerController_1, Owner: PlayerController_1, UniqueId: TU46961-3FD7D24C4AEE06BA9B366382F7529BCD, Channels: 11, Time: 2019.10.28-15.34.39
[2019.10.28-15.34.39:791][ 42]LogNet: UChannel::Close: Sending CloseBunch. ChIndex == 0. Name: [UChannel] ChIndex: 0, Closing: 0 [UNetConnection] RemoteAddr: 152.105.20.254:7777, Name: IpConnection_0, Driver: GameNetDriver IpNetDriver_0, IsServer: NO, PC: PlayerController_1, Owner: PlayerController_1, UniqueId: TU46961-3FD7D24C4AEE06BA9B366382F7529BCD
[2019.10.28-15.34.39:791][ 42]LogExit: GameNetDriver IpNetDriver_0 shut down
[2019.10.28-15.34.40:517][ 42]LogSlate: Slate User Destroyed.  User Index 0, Is Virtual User: 0
[2019.10.28-15.34.40:517][ 42]LogExit: Preparing to exit.
[2019.10.28-15.34.40:517][ 42]LogMoviePlayer: Shutting down movie player
[2019.10.28-15.34.40:870][ 42]LogUObjectGlobals: Destroyed PersistentFrame Addr=0x000001e7ec3b3bf0, Size=72
[2019.10.28-15.34.40:871][ 42]LogExit: Game engine shut down
[2019.10.28-15.34.40:874][ 42]LogUObjectGlobals: Destroyed PersistentFrame Addr=0x000001e7db9ece00, Size=488
[2019.10.28-15.34.40:874][ 42]LogUObjectGlobals: Destroyed PersistentFrame Addr=0x000001e7dee3a340, Size=64
[2019.10.28-15.34.40:874][ 42]LogUObjectGlobals: Destroyed PersistentFrame Addr=0x000001e7dee4e3e0, Size=160
[2019.10.28-15.34.40:874][ 42]LogUObjectGlobals: Destroyed PersistentFrame Addr=0x000001e7dee45a80, Size=32
[2019.10.28-15.34.40:874][ 42]LogUObjectGlobals: Destroyed PersistentFrame Addr=0x000001e7c8fbb100, Size=32
[2019.10.28-15.34.40:874][ 42]LogUObjectGlobals: Destroyed PersistentFrame Addr=0x000001e7de984510, Size=4
[2019.10.28-15.34.40:931][ 42]LogExit: Object subsystem successfully closed.
[2019.10.28-15.34.40:946][ 42]LogShaderCompilers: Display: Shaders left to compile 0
[2019.10.28-15.34.40:949][ 42]LogD3D11RHI: Shutdown
[2019.10.28-15.34.40:949][ 42]LogD3D11RHI: CleanupD3DDevice
[2019.10.28-15.34.40:951][ 42]LogD3D11RHI: ~FD3D11DynamicRHI
[2019.10.28-15.34.40:973][ 42]LogModuleManager: Shutting down and abandoning module SequenceRecorderSections (336)
[2019.10.28-15.34.40:973][ 42]LogModuleManager: Shutting down and abandoning module SequenceRecorder (334)
[2019.10.28-15.34.40:973][ 42]LogModuleManager: Shutting down and abandoning module AutomationController (332)
[2019.10.28-15.34.40:973][ 42]LogModuleManager: Shutting down and abandoning module AutomationWorker (330)
[2019.10.28-15.34.40:973][ 42]LogModuleManager: Shutting down and abandoning module Voice (328)
[2019.10.28-15.34.40:973][ 42]LogModuleManager: Shutting down and abandoning module AIModule (326)
[2019.10.28-15.34.40:973][ 42]LogModuleManager: Shutting down and abandoning module GameplayDebugger (325)
[2019.10.28-15.34.40:973][ 42]LogModuleManager: Shutting down and abandoning module AITestSuite (323)
[2019.10.28-15.34.40:973][ 42]LogModuleManager: Shutting down and abandoning module WmfMediaFactory (320)
[2019.10.28-15.34.40:973][ 42]LogModuleManager: Shutting down and abandoning module OpenExrWrapper (318)
[2019.10.28-15.34.40:973][ 42]LogModuleManager: Shutting down and abandoning module ImgMediaFactory (316)
[2019.10.28-15.34.40:973][ 42]LogModuleManager: Shutting down and abandoning module AvfMediaFactory (314)
[2019.10.28-15.34.40:973][ 42]LogModuleManager: Shutting down and abandoning module CharacterAI (312)
[2019.10.28-15.34.40:973][ 42]LogModuleManager: Shutting down and abandoning module SessionServices (310)
[2019.10.28-15.34.40:973][ 42]LogModuleManager: Shutting down and abandoning module MovieSceneCapture (308)
[2019.10.28-15.34.40:973][ 42]LogModuleManager: Shutting down and abandoning module MovieSceneTracks (306)
[2019.10.28-15.34.40:973][ 42]LogModuleManager: Shutting down and abandoning module MovieScene (304)
[2019.10.28-15.34.40:973][ 42]LogModuleManager: Shutting down and abandoning module GeometryCache (302)
[2019.10.28-15.34.40:973][ 42]LogModuleManager: Shutting down and abandoning module GeometryCacheEd (301)
[2019.10.28-15.34.40:973][ 42]LogModuleManager: Shutting down and abandoning module StreamingPauseRendering (298)
[2019.10.28-15.34.40:974][ 42]LogModuleManager: Shutting down and abandoning module PortalServices (296)
[2019.10.28-15.34.40:974][ 42]LogModuleManager: Shutting down and abandoning module PortalRpc (294)
[2019.10.28-15.34.40:974][ 42]LogModuleManager: Shutting down and abandoning module MessagingRpc (292)
[2019.10.28-15.34.40:974][ 42]LogModuleManager: Shutting down and abandoning module ProfilerService (290)
[2019.10.28-15.34.40:978][ 42]LogModuleManager: Shutting down and abandoning module TaskGraph (288)
[2019.10.28-15.34.40:978][ 42]LogModuleManager: Shutting down and abandoning module SteamVRController (286)
[2019.10.28-15.34.40:978][ 42]LogModuleManager: Shutting down and abandoning module ProceduralMeshComponent (284)
[2019.10.28-15.34.40:978][ 42]LogModuleManager: Shutting down and abandoning module OculusInput (282)
[2019.10.28-15.34.40:978][ 42]LogModuleManager: Shutting down and abandoning module MobilePatchingUtils (280)
[2019.10.28-15.34.40:978][ 42]LogModuleManager: Shutting down and abandoning module CustomMeshComponent (278)
[2019.10.28-15.34.40:978][ 42]LogModuleManager: Shutting down and abandoning module CableComponent (276)
[2019.10.28-15.34.40:978][ 42]LogModuleManager: Shutting down and abandoning module AudioCapture (274)
[2019.10.28-15.34.40:978][ 42]LogModuleManager: Shutting down and abandoning module ArchVisCharacter (272)
[2019.10.28-15.34.40:978][ 42]LogModuleManager: Shutting down and abandoning module AndroidPermission (270)
[2019.10.28-15.34.40:978][ 42]LogModuleManager: Shutting down and abandoning module NUTUnrealEngine4 (268)
[2019.10.28-15.34.40:978][ 42]LogModuleManager: Shutting down and abandoning module NetcodeUnitTest (266)
[2019.10.28-15.34.40:978][ 42]LogModuleManager: Shutting down and abandoning module MediaCompositing (264)
[2019.10.28-15.34.40:978][ 42]LogModuleManager: Shutting down and abandoning module LinearTimecode (262)
[2019.10.28-15.34.40:978][ 42]LogModuleManager: Shutting down and abandoning module ImgMedia (260)
[2019.10.28-15.34.40:980][ 42]LogModuleManager: Shutting down and abandoning module HTML5Networking (258)
[2019.10.28-15.34.40:980][ 42]LogModuleManager: Shutting down and abandoning module DatasmithContent (256)
[2019.10.28-15.34.40:980][ 42]LogModuleManager: Shutting down and abandoning module CryptoKeysOpenSSL (254)
[2019.10.28-15.34.40:980][ 42]LogModuleManager: Shutting down and abandoning module CryptoKeys (252)
[2019.10.28-15.34.40:980][ 42]LogModuleManager: Shutting down and abandoning module VisualStudioSourceCodeAccess (250)
[2019.10.28-15.34.40:980][ 42]LogModuleManager: Shutting down and abandoning module HotReload (249)
[2019.10.28-15.34.40:980][ 42]LogDirectoryWatcher: A directory notification for 'C:/Users/t7038904/source/BetaArcade/MasterBuild/Binaries/Win64' was aborted.
[2019.10.28-15.34.40:980][ 42]LogModuleManager: Shutting down and abandoning module DirectoryWatcher (248)
[2019.10.28-15.34.40:980][ 42]LogModuleManager: Shutting down and abandoning module VisualStudioCodeSourceCodeAccess (244)
[2019.10.28-15.34.40:981][ 42]LogModuleManager: Shutting down and abandoning module UObjectPlugin (242)
[2019.10.28-15.34.40:981][ 42]LogModuleManager: Shutting down and abandoning module SubversionSourceControl (240)
[2019.10.28-15.34.40:981][ 42]LogModuleManager: Shutting down and abandoning module PerforceSourceControl (238)
[2019.10.28-15.34.40:981][ 42]LogModuleManager: Shutting down and abandoning module SourceControl (237)
[2019.10.28-15.34.40:981][ 42]LogModuleManager: Shutting down and abandoning module CLionSourceCodeAccess (234)
[2019.10.28-15.34.40:981][ 42]LogModuleManager: Shutting down and abandoning module MasterBuild (232)
[2019.10.28-15.34.40:981][ 42]LogModuleManager: Shutting down and abandoning module RuntimePhysXCooking (230)
[2019.10.28-15.34.40:981][ 42]LogModuleManager: Shutting down and abandoning module PhysXVehiclesEditor (228)
[2019.10.28-15.34.40:981][ 42]LogModuleManager: Shutting down and abandoning module PhysXVehicles (226)
[2019.10.28-15.34.40:981][ 42]LogModuleManager: Shutting down and abandoning module LocationServicesBPLibrary (224)
[2019.10.28-15.34.40:981][ 42]LogModuleManager: Shutting down and abandoning module ImmediatePhysicsEditor (222)
[2019.10.28-15.34.40:981][ 42]LogModuleManager: Shutting down and abandoning module ImmediatePhysics (220)
[2019.10.28-15.34.40:981][ 42]LogModuleManager: Shutting down and abandoning module ActorSequence (218)
[2019.10.28-15.34.40:981][ 42]LogModuleManager: Shutting down and abandoning module UdpMessaging (216)
[2019.10.28-15.34.41:082][ 42]LogModuleManager: Shutting down and abandoning module TcpMessaging (214)
[2019.10.28-15.34.41:800][ 42]LogModuleManager: Shutting down and abandoning module GameplayTagsEditor (212)
[2019.10.28-15.34.41:800][ 42]LogModuleManager: Shutting down and abandoning module FacialAnimation (210)
[2019.10.28-15.34.41:800][ 42]LogModuleManager: Shutting down and abandoning module DataValidation (208)
[2019.10.28-15.34.41:800][ 42]LogModuleManager: Shutting down and abandoning module AssetManagerEditor (206)
[2019.10.28-15.34.41:800][ 42]LogModuleManager: Shutting down and abandoning module TreeMap (205)
[2019.10.28-15.34.41:800][ 42]LogModuleManager: Shutting down and abandoning module LightPropagationVolumeRuntime (202)
[2019.10.28-15.34.41:800][ 42]LogModuleManager: Shutting down and abandoning module LiveLink (200)
[2019.10.28-15.34.42:577][ 42]LogModuleManager: Shutting down and abandoning module Paper2D (198)
[2019.10.28-15.34.42:577][ 42]LogModuleManager: Shutting down and abandoning module PIEPreviewDeviceProfileSelector (196)
[2019.10.28-15.34.42:577][ 42]LogModuleManager: Shutting down and abandoning module WindowsMoviePlayer (194)
[2019.10.28-15.34.42:577][ 42]LogModuleManager: Shutting down and abandoning module WmfMedia (192)
[2019.10.28-15.34.42:578][ 42]LogModuleManager: Shutting down and abandoning module Media (191)
[2019.10.28-15.34.42:584][ 42]LogModuleManager: Shutting down and abandoning module PacketHandler (188)
[2019.10.28-15.34.42:584][ 42]LogModuleManager: Shutting down and abandoning module ClothingSystemEditor (186)
[2019.10.28-15.34.42:584][ 42]LogModuleManager: Shutting down and abandoning module ClothingSystemRuntime (184)
[2019.10.28-15.34.42:584][ 42]LogModuleManager: Shutting down and abandoning module MediaAssets (182)
[2019.10.28-15.34.42:584][ 42]LogModuleManager: Shutting down and abandoning module Overlay (180)
[2019.10.28-15.34.42:584][ 42]LogModuleManager: Shutting down and abandoning module OverlayEditor (179)
[2019.10.28-15.34.42:584][ 42]LogModuleManager: Shutting down and abandoning module VREditor (176)
[2019.10.28-15.34.42:584][ 42]LogModuleManager: Shutting down and abandoning module StringTableEditor (174)
[2019.10.28-15.34.42:584][ 42]LogModuleManager: Shutting down and abandoning module GameplayTasksEditor (172)
[2019.10.28-15.34.42:584][ 42]LogModuleManager: Shutting down and abandoning module BehaviorTreeEditor (170)
[2019.10.28-15.34.42:584][ 42]LogModuleManager: Shutting down and abandoning module FunctionalTesting (168)
[2019.10.28-15.34.42:584][ 42]LogModuleManager: Shutting down and abandoning module CollisionAnalyzer (166)
[2019.10.28-15.34.42:584][ 42]LogModuleManager: Shutting down and abandoning module WorkspaceMenuStructure (165)
[2019.10.28-15.34.42:584][ 42]LogModuleManager: Shutting down and abandoning module UMG (162)
[2019.10.28-15.34.42:584][ 42]LogModuleManager: Shutting down and abandoning module UMGEditor (161)
[2019.10.28-15.34.42:584][ 42]LogModuleManager: Shutting down and abandoning module Sequencer (160)
[2019.10.28-15.34.42:584][ 42]LogModuleManager: Shutting down and abandoning module MessageLog (157)
[2019.10.28-15.34.42:584][ 42]LogModuleManager: Shutting down and abandoning module SlateReflector (152)
[2019.10.28-15.34.42:585][ 42]LogModuleManager: Shutting down and abandoning module Slate (150)
[2019.10.28-15.34.42:585][ 42]LogModuleManager: Shutting down and abandoning module EditorStyle (148)
[2019.10.28-15.34.42:586][ 42]LogModuleManager: Shutting down and abandoning module MRMesh (146)
[2019.10.28-15.34.42:586][ 42]LogModuleManager: Shutting down and abandoning module Messaging (144)
[2019.10.28-15.34.42:586][ 42]LogModuleManager: Shutting down and abandoning module SourceCodeAccess (142)
[2019.10.28-15.34.42:586][ 42]LogModuleManager: Shutting down and abandoning module HeadMountedDisplay (140)
[2019.10.28-15.34.42:586][ 42]LogModuleManager: Shutting down and abandoning module XAudio2 (138)
[2019.10.28-15.34.42:586][ 42]LogModuleManager: Shutting down and abandoning module Networking (136)
[2019.10.28-15.34.42:586][ 42]LogModuleManager: Shutting down and abandoning module Core (134)
[2019.10.28-15.34.42:586][ 42]LogModuleManager: Shutting down and abandoning module LevelSequence (132)
[2019.10.28-15.34.42:586][ 42]LogModuleManager: Shutting down and abandoning module KismetCompiler (130)
[2019.10.28-15.34.42:586][ 42]LogModuleManager: Shutting down and abandoning module MeshUtilities (128)
[2019.10.28-15.34.42:586][ 42]LogModuleManager: Shutting down and abandoning module MeshMergeUtilities (127)
[2019.10.28-15.34.42:586][ 42]LogModuleManager: Shutting down and abandoning module MeshReductionInterface (126)
[2019.10.28-15.34.42:586][ 42]LogModuleManager: Shutting down and abandoning module SimplygonSwarm (125)
[2019.10.28-15.34.42:586][ 42]LogModuleManager: Shutting down and abandoning module SimplygonMeshReduction (123)
[2019.10.28-15.34.42:586][ 42]LogModuleManager: Shutting down and abandoning module QuadricMeshReduction (121)
[2019.10.28-15.34.42:586][ 42]LogModuleManager: Shutting down and abandoning module MaterialBaking (117)
[2019.10.28-15.34.42:586][ 42]LogModuleManager: Shutting down and abandoning module DerivedDataCache (112)
[2019.10.28-15.34.42:588][ 42]LogDerivedDataCache: Shutdown
[2019.10.28-15.34.42:588][ 42]LogModuleManager: Shutting down and abandoning module XGEController (110)
[2019.10.28-15.34.42:588][ 42]LogModuleManager: Shutting down and abandoning module TargetPlatform (108)
[2019.10.28-15.34.42:588][ 42]LogModuleManager: Shutting down and abandoning module VulkanShaderFormat (107)
[2019.10.28-15.34.42:588][ 42]LogModuleManager: Shutting down and abandoning module ShaderFormatVectorVM (105)
[2019.10.28-15.34.42:588][ 42]LogModuleManager: Shutting down and abandoning module ShaderFormatOpenGL (103)
[2019.10.28-15.34.42:588][ 42]LogModuleManager: Shutting down and abandoning module ShaderFormatD3D (101)
[2019.10.28-15.34.42:588][ 42]LogModuleManager: Shutting down and abandoning module MetalShaderFormat (99)
[2019.10.28-15.34.42:588][ 42]LogModuleManager: Shutting down and abandoning module TextureFormatUncompressed (97)
[2019.10.28-15.34.42:588][ 42]LogModuleManager: Shutting down and abandoning module TextureFormatPVR (95)
[2019.10.28-15.34.42:589][ 42]LogModuleManager: Shutting down and abandoning module TextureFormatDXT (93)
[2019.10.28-15.34.42:589][ 42]LogModuleManager: Shutting down and abandoning module TextureFormatIntelISPCTexComp (91)
[2019.10.28-15.34.42:589][ 42]LogModuleManager: Shutting down and abandoning module TextureFormatASTC (89)
[2019.10.28-15.34.42:589][ 42]LogModuleManager: Shutting down and abandoning module ImageWrapper (88)
[2019.10.28-15.34.42:589][ 42]LogModuleManager: Shutting down and abandoning module TextureFormatAndroid (85)
[2019.10.28-15.34.42:589][ 42]LogModuleManager: Shutting down and abandoning module AudioFormatOpus (83)
[2019.10.28-15.34.42:589][ 42]LogModuleManager: Shutting down and abandoning module AudioFormatOgg (81)
[2019.10.28-15.34.42:589][ 42]LogModuleManager: Shutting down and abandoning module AudioFormatADPCM (79)
[2019.10.28-15.34.42:589][ 42]LogModuleManager: Shutting down and abandoning module WindowsTargetPlatform (77)
[2019.10.28-15.34.42:589][ 42]LogModuleManager: Shutting down and abandoning module WindowsServerTargetPlatform (75)
[2019.10.28-15.34.42:589][ 42]LogModuleManager: Shutting down and abandoning module WindowsNoEditorTargetPlatform (73)
[2019.10.28-15.34.42:589][ 42]LogModuleManager: Shutting down and abandoning module WindowsClientTargetPlatform (71)
[2019.10.28-15.34.42:589][ 42]LogModuleManager: Shutting down and abandoning module InputCore (68)
[2019.10.28-15.34.42:589][ 42]LogModuleManager: Shutting down and abandoning module Settings (66)
[2019.10.28-15.34.42:589][ 42]LogModuleManager: Shutting down and abandoning module PhysXCooking (64)
[2019.10.28-15.34.42:589][ 42]LogModuleManager: Shutting down and abandoning module SteamVR (62)
[2019.10.28-15.34.42:589][ 42]LogModuleManager: Shutting down and abandoning module OculusHMD (60)
[2019.10.28-15.34.42:589][ 42]LogModuleManager: Shutting down and abandoning module ExampleDeviceProfileSelector (58)
[2019.10.28-15.34.42:589][ 42]LogModuleManager: Shutting down and abandoning module AppleARKit (56)
[2019.10.28-15.34.42:589][ 42]LogModuleManager: Shutting down and abandoning module AugmentedReality (55)
[2019.10.28-15.34.42:589][ 42]LogModuleManager: Shutting down and abandoning module OnlineBlueprintSupport (52)
[2019.10.28-15.34.42:589][ 42]LogModuleManager: Shutting down and abandoning module OnlineSubsystem (48)
[2019.10.28-15.34.42:589][ 42]LogOnline: Display: OSS: FOnlineSubsystemNull::Shutdown()
[2019.10.28-15.34.42:589][ 42]LogOnline: Display: OSS: FOnlineAsyncTaskManager::Stop() ActiveTask:0000000000000000 Tasks[0/0]
[2019.10.28-15.34.42:589][ 42]LogOnline: Display: OSS: FOnlineAsyncTaskManager::Exit() started
[2019.10.28-15.34.42:589][ 42]LogOnline: Display: OSS: FOnlineAsyncTaskManager::Exit() finished
[2019.10.28-15.34.42:589][ 42]LogModuleManager: Shutting down and abandoning module XMPP (43)
[2019.10.28-15.34.42:589][ 42]LogModuleManager: Shutting down and abandoning module HTTP (41)
[2019.10.28-15.34.42:595][ 42]LogModuleManager: Shutting down and abandoning module SSL (40)
[2019.10.28-15.34.42:596][ 42]LogModuleManager: Shutting down and abandoning module AnimationModifiers (36)
[2019.10.28-15.34.42:596][ 42]LogModuleManager: Shutting down and abandoning module PropertyEditor (35)
[2019.10.28-15.34.42:596][ 42]LogModuleManager: Shutting down and abandoning module AudioEditor (32)
[2019.10.28-15.34.42:596][ 42]LogModuleManager: Shutting down and abandoning module TextureCompressor (30)
[2019.10.28-15.34.42:597][ 42]LogModuleManager: Shutting down and abandoning module ShaderCore (28)
[2019.10.28-15.34.42:597][ 42]LogModuleManager: Shutting down and abandoning module Landscape (26)
[2019.10.28-15.34.42:597][ 42]LogModuleManager: Shutting down and abandoning module SlateRHIRenderer (24)
[2019.10.28-15.34.42:597][ 42]LogModuleManager: Shutting down and abandoning module OpenGLDrv (22)
[2019.10.28-15.34.42:597][ 42]LogModuleManager: Shutting down and abandoning module D3D11RHI (20)
[2019.10.28-15.34.42:597][ 42]LogModuleManager: Shutting down and abandoning module AnimGraphRuntime (18)
[2019.10.28-15.34.42:597][ 42]LogModuleManager: Shutting down and abandoning module Renderer (16)
[2019.10.28-15.34.42:597][ 42]LogModuleManager: Shutting down and abandoning module Engine (14)
[2019.10.28-15.34.42:597][ 42]LogModuleManager: Shutting down and abandoning module CoreUObject (12)
[2019.10.28-15.34.42:597][ 42]LogModuleManager: Shutting down and abandoning module NetworkFile (10)
[2019.10.28-15.34.42:597][ 42]LogModuleManager: Shutting down and abandoning module CookedIterativeFile (8)
[2019.10.28-15.34.42:597][ 42]LogModuleManager: Shutting down and abandoning module StreamingFile (6)
[2019.10.28-15.34.42:597][ 42]LogModuleManager: Shutting down and abandoning module SandboxFile (4)
[2019.10.28-15.34.42:597][ 42]LogModuleManager: Shutting down and abandoning module PakFile (2)
[2019.10.28-15.34.42:600][ 42]LogExit: Exiting.
[2019.10.28-15.34.42:602][ 42]Log file closed, 10/28/19 15:34:42
