Log file open, 11/30/19 13:16:23
LogWindows: Failed to load 'aqProf.dll' (GetLastError=126)
LogWindows: File 'aqProf.dll' does not exist
LogWindows: Failed to load 'VtuneApi.dll' (GetLastError=126)
LogWindows: File 'VtuneApi.dll' does not exist
LogWindows: Failed to load 'VtuneApi32e.dll' (GetLastError=126)
LogWindows: File 'VtuneApi32e.dll' does not exist
LogInit: Display: Running engine for game: MasterBuild
LogPlatformFile: Not using cached read wrapper
LogInit: Display: RandInit(1359216566) SRandInit(1359216567).
LogInit: Read version file with build ID '3944462'
LogInit: Overriding engine version to CL 4033788, compatible CL 3944462
LogInit: Registered custom module enumerator with build ID '3944462'
LogTaskGraph: Started task graph with 5 named threads and 23 total threads with 3 sets of task threads.
LogStats: Stats thread started at 0.305030
LogD3D11RHI: Aftermath initialized
LogICUInternationalization: Display: ICU TimeZone Detection - Raw Offset: +0:00, Platform Override: ''
LogPluginManager: Mounting plugin Paper2D
LogPluginManager: Mounting plugin LiveLink
LogPluginManager: Mounting plugin LightPropagationVolume
LogPluginManager: Mounting plugin CLionSourceCodeAccess
LogPluginManager: Mounting plugin CodeLiteSourceCodeAccess
LogPluginManager: Mounting plugin GitSourceControl
LogPluginManager: Mounting plugin KDevelopSourceCodeAccess
LogPluginManager: Mounting plugin NullSourceCodeAccess
LogPluginManager: Mounting plugin PerforceSourceControl
LogPluginManager: Mounting plugin SubversionSourceControl
LogPluginManager: Mounting plugin UObjectPlugin
LogPluginManager: Mounting plugin VisualStudioCodeSourceCodeAccess
LogPluginManager: Mounting plugin VisualStudioSourceCodeAccess
LogPluginManager: Mounting plugin XCodeSourceCodeAccess
LogPluginManager: Mounting plugin AssetManagerEditor
LogPluginManager: Mounting plugin CryptoKeys
LogPluginManager: Mounting plugin DataValidation
LogPluginManager: Mounting plugin FacialAnimation
LogPluginManager: Mounting plugin GameplayTagsEditor
LogPluginManager: Mounting plugin MobileLauncherProfileWizard
LogPluginManager: Mounting plugin PluginBrowser
LogPluginManager: Mounting plugin SpeedTreeImporter
LogPluginManager: Mounting plugin DatasmithContent
LogPluginManager: Mounting plugin AlembicImporter
LogPluginManager: Mounting plugin CharacterAI
LogPluginManager: Mounting plugin HTML5Networking
LogPluginManager: Mounting plugin AndroidMedia
LogPluginManager: Mounting plugin AvfMedia
LogPluginManager: Mounting plugin ImgMedia
LogPluginManager: Mounting plugin LinearTimecode
LogPluginManager: Mounting plugin MediaCompositing
LogPluginManager: Mounting plugin MediaPlayerEditor
LogPluginManager: Mounting plugin WmfMedia
LogPluginManager: Mounting plugin TcpMessaging
LogPluginManager: Mounting plugin UdpMessaging
LogPluginManager: Mounting plugin ActorSequence
LogPluginManager: Mounting plugin LevelSequenceEditor
LogPluginManager: Mounting plugin MatineeToLevelSequence
LogPluginManager: Mounting plugin NetcodeUnitTest
LogPluginManager: Mounting plugin NUTUnrealEngine4
LogPluginManager: Mounting plugin OnlineSubsystemGooglePlay
LogPluginManager: Mounting plugin OnlineSubsystemIOS
LogPluginManager: Mounting plugin OnlineSubsystem
LogPluginManager: Mounting plugin OnlineSubsystemNull
LogPluginManager: Mounting plugin OnlineSubsystemUtils
LogPluginManager: Mounting plugin AndroidDeviceProfileSelector
LogPluginManager: Mounting plugin AndroidMoviePlayer
LogPluginManager: Mounting plugin AndroidPermission
LogPluginManager: Mounting plugin AppleARKit
LogPluginManager: Mounting plugin AppleMoviePlayer
LogPluginManager: Mounting plugin ArchVisCharacter
LogPluginManager: Mounting plugin AudioCapture
LogPluginManager: Mounting plugin CableComponent
LogPluginManager: Mounting plugin CustomMeshComponent
LogPluginManager: Mounting plugin ExampleDeviceProfileSelector
LogPluginManager: Mounting plugin GoogleCloudMessaging
LogPluginManager: Mounting plugin ImmediatePhysics
LogPluginManager: Mounting plugin IOSDeviceProfileSelector
LogPluginManager: Mounting plugin LinuxDeviceProfileSelector
LogPluginManager: Mounting plugin LocationServicesBPLibrary
LogPluginManager: Mounting plugin MobilePatchingUtils
LogPluginManager: Mounting plugin OculusVR
LogPluginManager: Plugin shader directory ../../../Engine/Plugins/Runtime/Oculus/OculusVR/Shaders found
LogPluginManager: Mapping shader source directory ../../../Engine/Plugins/Runtime/Oculus/OculusVR/Shaders to virtual directory /Plugin/OculusVR
LogPluginManager: Mounting plugin PhysXVehicles
LogPluginManager: Mounting plugin ProceduralMeshComponent
LogPluginManager: Mounting plugin RuntimePhysXCooking
LogPluginManager: Mounting plugin SteamVR
LogPluginManager: Mounting plugin WindowsMoviePlayer
LogStreaming: Display: Took  0.146s to configure plugins.
LogModuleManager: Display: Found up-to-date module file ../../../../../../DOCUMENTS/GitHub/BetaArcade/MasterBuild/Binaries/Win64/UE4Editor-MasterBuild-7289.dll (API version 3944462).
LogModuleManager: Display: Found up-to-date module file ../../../Engine/Plugins/2D/Paper2D/Binaries/Win64/UE4Editor-Paper2D.dll (API version 3944462).
LogModuleManager: Display: Found up-to-date module file ../../../Engine/Plugins/2D/Paper2D/Binaries/Win64/UE4Editor-Paper2DEditor.dll (API version 3944462).
LogModuleManager: Display: Found up-to-date module file ../../../Engine/Plugins/2D/Paper2D/Binaries/Win64/UE4Editor-PaperSpriteSheetImporter.dll (API version 3944462).
LogModuleManager: Display: Found up-to-date module file ../../../Engine/Plugins/2D/Paper2D/Binaries/Win64/UE4Editor-PaperTiledImporter.dll (API version 3944462).
LogModuleManager: Display: Found up-to-date module file ../../../Engine/Plugins/2D/Paper2D/Binaries/Win64/UE4Editor-SmartSnapping.dll (API version 3944462).
LogModuleManager: Display: Found up-to-date module file ../../../Engine/Plugins/Animation/LiveLink/Binaries/Win64/UE4Editor-LiveLink.dll (API version 3944462).
LogModuleManager: Display: Found up-to-date module file ../../../Engine/Plugins/Animation/LiveLink/Binaries/Win64/UE4Editor-LiveLinkEditor.dll (API version 3944462).
LogModuleManager: Display: Found up-to-date module file ../../../Engine/Plugins/Blendables/LightPropagationVolume/Binaries/Win64/UE4Editor-LightPropagationVolumeRuntime.dll (API version 3944462).
LogModuleManager: Display: Found up-to-date module file ../../../Engine/Plugins/Blendables/LightPropagationVolume/Binaries/Win64/UE4Editor-LightPropagationVolumeEditor.dll (API version 3944462).
LogModuleManager: Display: Found up-to-date module file ../../../Engine/Plugins/Developer/CLionSourceCodeAccess/Binaries/Win64/UE4Editor-CLionSourceCodeAccess.dll (API version 3944462).
LogModuleManager: Display: Found up-to-date module file ../../../Engine/Plugins/Developer/GitSourceControl/Binaries/Win64/UE4Editor-GitSourceControl.dll (API version 3944462).
LogModuleManager: Display: Found up-to-date module file ../../../Engine/Plugins/Developer/PerforceSourceControl/Binaries/Win64/UE4Editor-PerforceSourceControl.dll (API version 3944462).
LogModuleManager: Display: Found up-to-date module file ../../../Engine/Plugins/Developer/SubversionSourceControl/Binaries/Win64/UE4Editor-SubversionSourceControl.dll (API version 3944462).
LogModuleManager: Display: Found up-to-date module file ../../../Engine/Plugins/Developer/UObjectPlugin/Binaries/Win64/UE4Editor-UObjectPlugin.dll (API version 3944462).
LogModuleManager: Display: Found up-to-date module file ../../../Engine/Plugins/Developer/VisualStudioCodeSourceCodeAccess/Binaries/Win64/UE4Editor-VisualStudioCodeSourceCodeAccess.dll (API version 3944462).
LogModuleManager: Display: Found up-to-date module file ../../../Engine/Plugins/Developer/VisualStudioSourceCodeAccess/Binaries/Win64/UE4Editor-VisualStudioSourceCodeAccess.dll (API version 3944462).
LogModuleManager: Display: Found up-to-date module file ../../../Engine/Plugins/Editor/AssetManagerEditor/Binaries/Win64/UE4Editor-AssetManagerEditor.dll (API version 3944462).
LogModuleManager: Display: Found up-to-date module file ../../../Engine/Plugins/Editor/CryptoKeys/Binaries/Win64/UE4Editor-CryptoKeys.dll (API version 3944462).
LogModuleManager: Display: Found up-to-date module file ../../../Engine/Plugins/Editor/CryptoKeys/Binaries/Win64/UE4Editor-CryptoKeysOpenSSL.dll (API version 3944462).
LogModuleManager: Display: Found up-to-date module file ../../../Engine/Plugins/Editor/DataValidation/Binaries/Win64/UE4Editor-DataValidation.dll (API version 3944462).
LogModuleManager: Display: Found up-to-date module file ../../../Engine/Plugins/Editor/FacialAnimation/Binaries/Win64/UE4Editor-FacialAnimation.dll (API version 3944462).
LogModuleManager: Display: Found up-to-date module file ../../../Engine/Plugins/Editor/FacialAnimation/Binaries/Win64/UE4Editor-FacialAnimationEditor.dll (API version 3944462).
LogModuleManager: Display: Found up-to-date module file ../../../Engine/Plugins/Editor/GameplayTagsEditor/Binaries/Win64/UE4Editor-GameplayTagsEditor.dll (API version 3944462).
LogModuleManager: Display: Found up-to-date module file ../../../Engine/Plugins/Editor/MobileLauncherProfileWizard/Binaries/Win64/UE4Editor-MobileLauncherProfileWizard.dll (API version 3944462).
LogModuleManager: Display: Found up-to-date module file ../../../Engine/Plugins/Editor/PluginBrowser/Binaries/Win64/UE4Editor-PluginBrowser.dll (API version 3944462).
LogModuleManager: Display: Found up-to-date module file ../../../Engine/Plugins/Editor/SpeedTreeImporter/Binaries/Win64/UE4Editor-SpeedTreeImporter.dll (API version 3944462).
LogModuleManager: Display: Found up-to-date module file ../../../Engine/Plugins/Enterprise/DatasmithContent/Binaries/Win64/UE4Editor-DatasmithContent.dll (API version 3944462).
LogModuleManager: Display: Found up-to-date module file ../../../Engine/Plugins/Experimental/AlembicImporter/Binaries/Win64/UE4Editor-AlembicImporter.dll (API version 3944462).
LogModuleManager: Display: Found up-to-date module file ../../../Engine/Plugins/Experimental/AlembicImporter/Binaries/Win64/UE4Editor-AlembicLibrary.dll (API version 3944462).
LogModuleManager: Display: Found up-to-date module file ../../../Engine/Plugins/Experimental/CharacterAI/Binaries/Win64/UE4Editor-CharacterAI.dll (API version 3944462).
LogModuleManager: Display: Found up-to-date module file ../../../Engine/Plugins/Experimental/HTML5Networking/Binaries/Win64/UE4Editor-HTML5Networking.dll (API version 3944462).
LogModuleManager: Display: Found up-to-date module file ../../../Engine/Plugins/Media/AndroidMedia/Binaries/Win64/UE4Editor-AndroidMediaEditor.dll (API version 3944462).
LogModuleManager: Display: Found up-to-date module file ../../../Engine/Plugins/Media/AndroidMedia/Binaries/Win64/UE4Editor-AndroidMediaFactory.dll (API version 3944462).
LogModuleManager: Display: Found up-to-date module file ../../../Engine/Plugins/Media/AvfMedia/Binaries/Win64/UE4Editor-AvfMediaEditor.dll (API version 3944462).
LogModuleManager: Display: Found up-to-date module file ../../../Engine/Plugins/Media/AvfMedia/Binaries/Win64/UE4Editor-AvfMediaFactory.dll (API version 3944462).
LogModuleManager: Display: Found up-to-date module file ../../../Engine/Plugins/Media/AvfMedia/Binaries/Win64/UE4Editor-AvfMediaFactory.dll (API version 3944462).
LogModuleManager: Display: Found up-to-date module file ../../../Engine/Plugins/Media/ImgMedia/Binaries/Win64/UE4Editor-ImgMedia.dll (API version 3944462).
LogModuleManager: Display: Found up-to-date module file ../../../Engine/Plugins/Media/ImgMedia/Binaries/Win64/UE4Editor-ImgMediaEditor.dll (API version 3944462).
LogModuleManager: Display: Found up-to-date module file ../../../Engine/Plugins/Media/ImgMedia/Binaries/Win64/UE4Editor-ImgMediaFactory.dll (API version 3944462).
LogModuleManager: Display: Found up-to-date module file ../../../Engine/Plugins/Media/ImgMedia/Binaries/Win64/UE4Editor-ImgMediaFactory.dll (API version 3944462).
LogModuleManager: Display: Found up-to-date module file ../../../Engine/Plugins/Media/ImgMedia/Binaries/Win64/UE4Editor-OpenExrWrapper.dll (API version 3944462).
LogModuleManager: Display: Found up-to-date module file ../../../Engine/Plugins/Media/LinearTimecode/Binaries/Win64/UE4Editor-LinearTimecode.dll (API version 3944462).
LogModuleManager: Display: Found up-to-date module file ../../../Engine/Plugins/Media/MediaCompositing/Binaries/Win64/UE4Editor-MediaCompositing.dll (API version 3944462).
LogModuleManager: Display: Found up-to-date module file ../../../Engine/Plugins/Media/MediaCompositing/Binaries/Win64/UE4Editor-MediaCompositingEditor.dll (API version 3944462).
LogModuleManager: Display: Found up-to-date module file ../../../Engine/Plugins/Media/MediaPlayerEditor/Binaries/Win64/UE4Editor-MediaPlayerEditor.dll (API version 3944462).
LogModuleManager: Display: Found up-to-date module file ../../../Engine/Plugins/Media/WmfMedia/Binaries/Win64/UE4Editor-WmfMedia.dll (API version 3944462).
LogModuleManager: Display: Found up-to-date module file ../../../Engine/Plugins/Media/WmfMedia/Binaries/Win64/UE4Editor-WmfMediaEditor.dll (API version 3944462).
LogModuleManager: Display: Found up-to-date module file ../../../Engine/Plugins/Media/WmfMedia/Binaries/Win64/UE4Editor-WmfMediaFactory.dll (API version 3944462).
LogModuleManager: Display: Found up-to-date module file ../../../Engine/Plugins/Media/WmfMedia/Binaries/Win64/UE4Editor-WmfMediaFactory.dll (API version 3944462).
LogModuleManager: Display: Found up-to-date module file ../../../Engine/Plugins/Messaging/TcpMessaging/Binaries/Win64/UE4Editor-TcpMessaging.dll (API version 3944462).
LogModuleManager: Display: Found up-to-date module file ../../../Engine/Plugins/Messaging/UdpMessaging/Binaries/Win64/UE4Editor-UdpMessaging.dll (API version 3944462).
LogModuleManager: Display: Found up-to-date module file ../../../Engine/Plugins/MovieScene/ActorSequence/Binaries/Win64/UE4Editor-ActorSequence.dll (API version 3944462).
LogModuleManager: Display: Found up-to-date module file ../../../Engine/Plugins/MovieScene/LevelSequenceEditor/Binaries/Win64/UE4Editor-LevelSequenceEditor.dll (API version 3944462).
LogModuleManager: Display: Found up-to-date module file ../../../Engine/Plugins/MovieScene/MatineeToLevelSequence/Binaries/Win64/UE4Editor-MatineeToLevelSequence.dll (API version 3944462).
LogModuleManager: Display: Found up-to-date module file ../../../Engine/Plugins/NetcodeUnitTest/NetcodeUnitTest/Binaries/Win64/UE4Editor-NetcodeUnitTest.dll (API version 3944462).
LogModuleManager: Display: Found up-to-date module file ../../../Engine/Plugins/NetcodeUnitTest/NUTUnrealEngine4/Binaries/Win64/UE4Editor-NUTUnrealEngine4.dll (API version 3944462).
LogModuleManager: Display: Found up-to-date module file ../../../Engine/Plugins/Online/OnlineSubsystem/Binaries/Win64/UE4Editor-OnlineSubsystem.dll (API version 3944462).
LogModuleManager: Display: Found up-to-date module file ../../../Engine/Plugins/Online/OnlineSubsystemNull/Binaries/Win64/UE4Editor-OnlineSubsystemNull.dll (API version 3944462).
LogModuleManager: Display: Found up-to-date module file ../../../Engine/Plugins/Online/OnlineSubsystemUtils/Binaries/Win64/UE4Editor-OnlineSubsystemUtils.dll (API version 3944462).
LogModuleManager: Display: Found up-to-date module file ../../../Engine/Plugins/Online/OnlineSubsystemUtils/Binaries/Win64/UE4Editor-OnlineBlueprintSupport.dll (API version 3944462).
LogModuleManager: Display: Found up-to-date module file ../../../Engine/Plugins/Runtime/AndroidDeviceProfileSelector/Binaries/Win64/UE4Editor-AndroidDeviceProfileSelector.dll (API version 3944462).
LogModuleManager: Display: Found up-to-date module file ../../../Engine/Plugins/Runtime/AndroidPermission/Binaries/Win64/UE4Editor-AndroidPermission.dll (API version 3944462).
LogModuleManager: Display: Found up-to-date module file ../../../Engine/Plugins/Runtime/AppleARKit/Binaries/Win64/UE4Editor-AppleARKit.dll (API version 3944462).
LogModuleManager: Display: Found up-to-date module file ../../../Engine/Plugins/Runtime/ArchVisCharacter/Binaries/Win64/UE4Editor-ArchVisCharacter.dll (API version 3944462).
LogModuleManager: Display: Found up-to-date module file ../../../Engine/Plugins/Runtime/AudioCapture/Binaries/Win64/UE4Editor-AudioCapture.dll (API version 3944462).
LogModuleManager: Display: Found up-to-date module file ../../../Engine/Plugins/Runtime/AudioCapture/Binaries/Win64/UE4Editor-AudioCaptureEditor.dll (API version 3944462).
LogModuleManager: Display: Found up-to-date module file ../../../Engine/Plugins/Runtime/CableComponent/Binaries/Win64/UE4Editor-CableComponent.dll (API version 3944462).
LogModuleManager: Display: Found up-to-date module file ../../../Engine/Plugins/Runtime/CustomMeshComponent/Binaries/Win64/UE4Editor-CustomMeshComponent.dll (API version 3944462).
LogModuleManager: Display: Found up-to-date module file ../../../Engine/Plugins/Runtime/ExampleDeviceProfileSelector/Binaries/Win64/UE4Editor-ExampleDeviceProfileSelector.dll (API version 3944462).
LogModuleManager: Display: Found up-to-date module file ../../../Engine/Plugins/Runtime/ImmediatePhysics/Binaries/Win64/UE4Editor-ImmediatePhysics.dll (API version 3944462).
LogModuleManager: Display: Found up-to-date module file ../../../Engine/Plugins/Runtime/ImmediatePhysics/Binaries/Win64/UE4Editor-ImmediatePhysicsEditor.dll (API version 3944462).
LogModuleManager: Display: Found up-to-date module file ../../../Engine/Plugins/Runtime/LocationServicesBPLibrary/Binaries/Win64/UE4Editor-LocationServicesBPLibrary.dll (API version 3944462).
LogModuleManager: Display: Found up-to-date module file ../../../Engine/Plugins/Runtime/MobilePatchingUtils/Binaries/Win64/UE4Editor-MobilePatchingUtils.dll (API version 3944462).
LogModuleManager: Display: Found up-to-date module file ../../../Engine/Plugins/Runtime/Oculus/OculusVR/Binaries/Win64/UE4Editor-OculusHMD.dll (API version 3944462).
LogModuleManager: Display: Found up-to-date module file ../../../Engine/Plugins/Runtime/Oculus/OculusVR/Binaries/Win64/UE4Editor-OculusInput.dll (API version 3944462).
LogModuleManager: Display: Found up-to-date module file ../../../Engine/Plugins/Runtime/Oculus/OculusVR/Binaries/Win64/UE4Editor-OculusEditor.dll (API version 3944462).
LogModuleManager: Display: Found up-to-date module file ../../../Engine/Plugins/Runtime/PhysXVehicles/Binaries/Win64/UE4Editor-PhysXVehicles.dll (API version 3944462).
LogModuleManager: Display: Found up-to-date module file ../../../Engine/Plugins/Runtime/PhysXVehicles/Binaries/Win64/UE4Editor-PhysXVehiclesEditor.dll (API version 3944462).
LogModuleManager: Display: Found up-to-date module file ../../../Engine/Plugins/Runtime/ProceduralMeshComponent/Binaries/Win64/UE4Editor-ProceduralMeshComponent.dll (API version 3944462).
LogModuleManager: Display: Found up-to-date module file ../../../Engine/Plugins/Runtime/ProceduralMeshComponent/Binaries/Win64/UE4Editor-ProceduralMeshComponentEditor.dll (API version 3944462).
LogModuleManager: Display: Found up-to-date module file ../../../Engine/Plugins/Runtime/RuntimePhysXCooking/Binaries/Win64/UE4Editor-RuntimePhysXCooking.dll (API version 3944462).
LogModuleManager: Display: Found up-to-date module file ../../../Engine/Plugins/Runtime/Steam/SteamVR/Binaries/Win64/UE4Editor-SteamVR.dll (API version 3944462).
LogModuleManager: Display: Found up-to-date module file ../../../Engine/Plugins/Runtime/Steam/SteamVR/Binaries/Win64/UE4Editor-SteamVRController.dll (API version 3944462).
LogModuleManager: Display: Found up-to-date module file ../../../Engine/Plugins/Runtime/WindowsMoviePlayer/Binaries/Win64/UE4Editor-WindowsMoviePlayer.dll (API version 3944462).
LogInit: Using libcurl 7.47.1
LogInit:  - built for x86_64-pc-win32
LogInit:  - supports SSL with OpenSSL/1.0.2g
LogInit:  - supports HTTP deflate (compression) using libz 1.2.8
LogInit:  - other features:
LogInit:      CURL_VERSION_SSL
LogInit:      CURL_VERSION_LIBZ
LogInit:      CURL_VERSION_IPV6
LogInit:      CURL_VERSION_ASYNCHDNS
LogInit:      CURL_VERSION_LARGEFILE
LogInit:      CURL_VERSION_IDN
LogInit:  CurlRequestOptions (configurable via config and command line):
LogInit:  - bVerifyPeer = false  - Libcurl will NOT verify peer certificate
LogInit:  - bUseHttpProxy = false  - Libcurl will NOT use HTTP proxy
LogInit:  - bDontReuseConnections = false  - Libcurl will reuse connections
LogInit:  - CertBundlePath = nullptr  - Libcurl will use whatever was configured at build time.
LogInit:  - MaxHostConnections = 16  - Libcurl will limit the number of connections to a host
LogInit:  - LocalHostAddr = Default
LogInit: WinSock: version 1.1 (2.2), MaxSocks=32767, MaxUdp=65467
LogInit: WinSock: I am DESKTOP-2Q74NOL (192.168.56.1:0)
LogInit: Build: ++UE4+Release-4.19-CL-4033788
LogInit: Engine Version: 4.19.2-4033788+++UE4+Release-4.19
LogInit: Compatible Engine Version: 4.19.0-3944462+++UE4+Release-4.19
LogInit: Net CL: 3944462
LogDevObjectVersion: Number of dev versions registered: 18
LogDevObjectVersion:   Dev-Blueprints (B0D832E4-1F89-4F0D-ACCF-7EB736FD4AA2): 10
LogDevObjectVersion:   Dev-Build (E1C64328-A22C-4D53-A36C-8E866417BD8C): 0
LogDevObjectVersion:   Dev-Core (375EC13C-06E4-48FB-B500-84F0262A717E): 2
LogDevObjectVersion:   Dev-Editor (E4B068ED-F494-42E9-A231-DA0B2E46BB41): 23
LogDevObjectVersion:   Dev-Framework (CFFC743F-43B0-4480-9391-14DF171D2073): 33
LogDevObjectVersion:   Dev-Mobile (B02B49B5-BB20-44E9-A304-32B752E40360): 2
LogDevObjectVersion:   Dev-Networking (A4E4105C-59A1-49B5-A7C5-40C4547EDFEE): 0
LogDevObjectVersion:   Dev-Online (39C831C9-5AE6-47DC-9A44-9C173E1C8E7C): 0
LogDevObjectVersion:   Dev-Physics (78F01B33-EBEA-4F98-B9B4-84EACCB95AA2): 0
LogDevObjectVersion:   Dev-Platform (6631380F-2D4D-43E0-8009-CF276956A95A): 0
LogDevObjectVersion:   Dev-Rendering (12F88B9F-8875-4AFC-A67C-D90C383ABD29): 25
LogDevObjectVersion:   Dev-Sequencer (7B5AE74C-D270-4C10-A958-57980B212A5A): 6
LogDevObjectVersion:   Dev-VR (D7296918-1DD6-4BDD-9DE2-64A83CC13884): 1
LogDevObjectVersion:   Dev-LoadTimes (C2A15278-BFE7-4AFE-6C17-90FF531DF755): 1
LogDevObjectVersion:   Private-Geometry (6EACA3D4-40EC-4CC1-B786-8BED09428FC5): 2
LogDevObjectVersion:   Dev-AnimPhys (29E575DD-E0A3-4627-9D10-D276232CDCEA): 16
LogDevObjectVersion:   Dev-ReflectionCapture (6B266CEC-1EC7-4B8F-A30B-E4D90942FC07): 1
LogDevObjectVersion:   Dev-Automation (0DF73D61-A23F-47EA-B727-89E90C41499A): 1
LogInit: Compiled (64-bit): Apr 27 2018 02:06:57
LogInit: Compiled with Visual C++: 19.00.24215.01
LogInit: Build Configuration: Development
LogInit: Branch Name: ++UE4+Release-4.19
LogInit: Command Line:  /Game/Woolf/Maps/Level1/NewSheepHeaven -game -PIEVIACONSOLE -ResX=1280 -ResY=720  -Multiprocess -messaging -SessionName="Play in Standalone Game" -windowed 
LogInit: Base Directory: E:/GAMES/Epic Games/UE_4.19/Engine/Binaries/Win64/
LogInit: Installed Engine Build: 1
LogStreaming: Display: Took  0.002s to delete old logs.
LogInit: Presizing for max 8388607 objects, including 0 objects not considered by GC, pre-allocating 0 bytes for permanent pool.
LogInit: Object subsystem initialized
[2019.11.30-13.16.26:458][  0]LogInit: Selected Device Profile: [Windows]
[2019.11.30-13.16.26:458][  0]LogInit: Applying CVar settings loaded from the selected device profile: [Windows]
[2019.11.30-13.16.26:791][  0]LogInit: Computer: DESKTOP-2Q74NOL
[2019.11.30-13.16.26:791][  0]LogInit: User: Adam
[2019.11.30-13.16.26:791][  0]LogInit: CPU Page size=4096, Cores=4
[2019.11.30-13.16.26:791][  0]LogInit: High frequency timer resolution =10.000000 MHz
[2019.11.30-13.16.26:792][  0]LogMemory: Memory total: Physical=15.9GB (16GB approx)
[2019.11.30-13.16.26:792][  0]LogMemory: Platform Memory Stats for Windows
[2019.11.30-13.16.26:792][  0]LogMemory: Process Physical Memory: 279.37 MB used, 279.38 MB peak
[2019.11.30-13.16.26:792][  0]LogMemory: Process Virtual Memory: 276.71 MB used, 276.71 MB peak
[2019.11.30-13.16.26:792][  0]LogMemory: Physical Memory: 8328.13 MB used,  7986.40 MB free, 16314.52 MB total
[2019.11.30-13.16.26:792][  0]LogMemory: Virtual Memory: 4791.86 MB used,  7986.40 MB free, 134217728.00 MB total
[2019.11.30-13.16.26:818][  0]LogInit: Using OS detected language (en-GB).
[2019.11.30-13.16.26:818][  0]LogInit: Using OS detected locale (en-GB).
[2019.11.30-13.16.26:818][  0]LogTextLocalizationManager: No localization for 'en-GB' exists, so 'en' will be used for the language.
[2019.11.30-13.16.26:819][  0]LogTextLocalizationManager: No localization for 'en-GB' exists, so 'en' will be used for the locale.
[2019.11.30-13.16.27:326][  0]LogStreaming: Display: Took  0.508s to EndInitTextLocalization.
[2019.11.30-13.16.27:421][  0]LogSlate: New Slate User Created.  User Index 0, Is Virtual User: 0
[2019.11.30-13.16.27:421][  0]LogSlate: Slate User Registered.  User Index 0, Is Virtual User: 0
[2019.11.30-13.16.27:427][  0]LogD3D11RHI: D3D11 adapters:
[2019.11.30-13.16.27:488][  0]LogD3D11RHI:    0. 'NVIDIA GeForce GTX 1060 6GB' (Feature Level 11_0)
[2019.11.30-13.16.27:488][  0]LogD3D11RHI:       6052/0/8157 MB DedicatedVideo/DedicatedSystem/SharedSystem, Outputs:1, VendorId:0x10de
[2019.11.30-13.16.27:491][  0]LogD3D11RHI:    1. 'Microsoft Basic Render Driver' (Feature Level 11_0)
[2019.11.30-13.16.27:491][  0]LogD3D11RHI:       0/0/8157 MB DedicatedVideo/DedicatedSystem/SharedSystem, Outputs:0, VendorId:0x1414
[2019.11.30-13.16.27:491][  0]LogD3D11RHI: Chosen D3D11 Adapter: 0
[2019.11.30-13.16.27:502][  0]LogD3D11RHI: Creating new Direct3DDevice
[2019.11.30-13.16.27:502][  0]LogD3D11RHI:     GPU DeviceId: 0x1c03 (for the marketing name, search the web for "GPU Device Id")
[2019.11.30-13.16.27:502][  0]LogWindows: EnumDisplayDevices:
[2019.11.30-13.16.27:502][  0]LogWindows:    0. 'NVIDIA GeForce GTX 1060 6GB' (P:1 D:1)
[2019.11.30-13.16.27:502][  0]LogWindows:    1. 'NVIDIA GeForce GTX 1060 6GB' (P:0 D:0)
[2019.11.30-13.16.27:502][  0]LogWindows:    2. 'NVIDIA GeForce GTX 1060 6GB' (P:0 D:0)
[2019.11.30-13.16.27:503][  0]LogWindows:    3. 'NVIDIA GeForce GTX 1060 6GB' (P:0 D:0)
[2019.11.30-13.16.27:503][  0]LogWindows: DebugString: GetVideoDriverDetailsInvalid PrimaryIsNotTheChoosenAdapter GetVideoDriverDetailsInvalid PrimaryIsNotTheChoosenAdapter GetVideoDriverDetailsInvalid PrimaryIsNotTheChoosenAdapter GetVideoDriverDetailsInvalid PrimaryIsNotTheChoosenAdapter FoundDriverCount:0 
[2019.11.30-13.16.27:503][  0]LogD3D11RHI:     Adapter Name: NVIDIA GeForce GTX 1060 6GB
[2019.11.30-13.16.27:503][  0]LogD3D11RHI:   Driver Version: Unknown (internal:Unknown, unified:Unknown)
[2019.11.30-13.16.27:503][  0]LogD3D11RHI:      Driver Date: Unknown
[2019.11.30-13.16.27:503][  0]LogRHI: Texture pool is 4236 MB (70% of 6052 MB)
[2019.11.30-13.16.27:548][  0]LogD3D11RHI: [Aftermath] Aftermath enabled and primed
[2019.11.30-13.16.27:548][  0]LogD3D11RHI: [Aftermath] Aftermath enabled and primed
[2019.11.30-13.16.27:548][  0]LogD3D11RHI: Async texture creation enabled
[2019.11.30-13.16.27:575][  0]LogD3D11RHI: GPU Timing Frequency: 1000.000000 (Debug: 2 1)
[2019.11.30-13.16.27:577][  0]LogShaderCompilers: Guid format shader working directory is -13 characters bigger than the processId version (../../../../../../DOCUMENTS/GitHub/BetaArcade/MasterBuild/Intermediate/Shaders/WorkingDirectory/18892/).
[2019.11.30-13.16.27:577][  0]LogShaderCompilers: Cleaned the shader compiler working directory 'C:/Users/Adam/AppData/Local/Temp/UnrealShaderWorkingDir/597084684773BC140BFBDAB959FAA4E7/'.
[2019.11.30-13.16.27:845][  0]LogTemp: Display: Loaded TP WindowsClientTargetPlatform
[2019.11.30-13.16.27:858][  0]LogTemp: Display: Loaded TP WindowsNoEditorTargetPlatform
[2019.11.30-13.16.27:870][  0]LogTemp: Display: Loaded TP WindowsServerTargetPlatform
[2019.11.30-13.16.27:883][  0]LogTemp: Display: Loaded TP WindowsTargetPlatform
[2019.11.30-13.16.27:883][  0]LogTargetPlatformManager: Display: Building Assets For Windows
[2019.11.30-13.16.28:031][  0]LogXGEController: Cannot use XGE Controller as Incredibuild is not installed on this machine.
[2019.11.30-13.16.28:031][  0]LogShaderCompilers: Cannot use XGE Shader Compiler as Incredibuild is not installed on this machine.
[2019.11.30-13.16.28:031][  0]LogShaderCompilers: Display: Using Local Shader Compiler.
[2019.11.30-13.16.30:082][  0]LogDerivedDataCache: Display: Max Cache Size: 512 MB
[2019.11.30-13.16.30:181][  0]LogDerivedDataCache: Loaded boot cache 0.10s 77MB C:/Users/Adam/AppData/Local/UnrealEngine/4.19/DerivedDataCache/Boot.ddc.
[2019.11.30-13.16.30:181][  0]LogDerivedDataCache: Display: Loaded Boot cache: C:/Users/Adam/AppData/Local/UnrealEngine/4.19/DerivedDataCache/Boot.ddc
[2019.11.30-13.16.30:181][  0]LogDerivedDataCache: FDerivedDataBackendGraph:  Pak pak cache file ../../../../../../DOCUMENTS/GitHub/BetaArcade/MasterBuild/DerivedDataCache/DDC.ddp not found, will not use a pak cache.
[2019.11.30-13.16.30:181][  0]LogDerivedDataCache: Unable to find inner node Pak for hierarchical cache Hierarchy.
[2019.11.30-13.16.30:181][  0]LogDerivedDataCache: FDerivedDataBackendGraph:  CompressedPak pak cache file ../../../../../../DOCUMENTS/GitHub/BetaArcade/MasterBuild/DerivedDataCache/Compressed.ddp not found, will not use a pak cache.
[2019.11.30-13.16.30:181][  0]LogDerivedDataCache: Unable to find inner node CompressedPak for hierarchical cache Hierarchy.
[2019.11.30-13.16.30:195][  0]LogDerivedDataCache: Display: Pak cache opened for reading ../../../Engine/DerivedDataCache/Compressed.ddp.
[2019.11.30-13.16.30:208][  0]LogDerivedDataCache: Using Local data cache path C:/Users/Adam/AppData/Local/UnrealEngine/Common/DerivedDataCache: Writable
[2019.11.30-13.16.30:208][  0]LogDerivedDataCache: Shared data cache path not found in *engine.ini, will not use an Shared cache.
[2019.11.30-13.16.30:208][  0]LogDerivedDataCache: Unable to find inner node Shared for hierarchical cache Hierarchy.
[2019.11.30-13.16.30:219][  0]LogMaterial: Verifying Global Shaders for PCD3D_SM5
[2019.11.30-13.16.30:219][  0]LogSlate: Using Freetype 2.6.0
[2019.11.30-13.16.30:274][  0]LogSlate: SlateFontCache - WITH_FREETYPE: 1, WITH_HARFBUZZ: 1
[2019.11.30-13.16.30:274][  0]LogSlate: SlateFontCache - WITH_FREETYPE: 1, WITH_HARFBUZZ: 1
[2019.11.30-13.16.30:718][  0]LogAssetRegistry: FAssetRegistry took 0.0041 seconds to start up
[2019.11.30-13.16.30:912][  0]LogPackageLocalizationCache: Processed 9 localized package path(s) for 1 prioritized culture(s) in 0.011616 seconds
[2019.11.30-13.16.31:042][  0]LogInit: Selected Device Profile: [Windows]
[2019.11.30-13.16.31:207][  0]LogSimplygon: Simplygon DLL not present - disabling.
[2019.11.30-13.16.31:210][  0]LogMeshReduction: Using SimplygonSwarm for distributed automatic mesh merging
[2019.11.30-13.16.31:210][  0]LogMeshReduction: Using QuadricMeshReduction for automatic static mesh reduction
[2019.11.30-13.16.31:210][  0]LogMeshReduction: No automatic skeletal mesh reduction module available
[2019.11.30-13.16.31:210][  0]LogMeshReduction: No automatic mesh merging module available
[2019.11.30-13.16.31:210][  0]LogMeshMerging: No automatic mesh merging module available
[2019.11.30-13.16.31:246][  0]LogNetVersion: MasterBuild , NetCL: 3944462, EngineNetVer: 2, GameNetVer: 0 (Checksum: 2426174287)
[2019.11.30-13.16.32:180][  0]LogMoviePlayer: Initializing movie player
[2019.11.30-13.16.32:524][  0]LogTcpMessaging: Initializing TcpMessaging bridge
[2019.11.30-13.16.32:561][  0]LogUdpMessaging: Initializing bridge on interface 0.0.0.0:0 to multicast group 230.0.0.1:6666.
[2019.11.30-13.16.32:825][  0]LogLinker: Warning: Can't find file '/Game/Woolf/Models/Materials/Mat_Pickup'
[2019.11.30-13.16.32:825][  0]LogUObjectGlobals: Warning: Failed to load '/Game/Woolf/Models/Materials/Mat_Pickup': Can't find file '/Game/Woolf/Models/Materials/Mat_Pickup'
[2019.11.30-13.16.32:825][  0]LogLinker: Warning: Can't find file '/Game/Woolf/Models/Materials/Mat_Pickup'
[2019.11.30-13.16.32:825][  0]LogUObjectGlobals: Warning: Failed to load '/Game/Woolf/Models/Materials/Mat_Pickup': Can't find file '/Game/Woolf/Models/Materials/Mat_Pickup'
[2019.11.30-13.16.32:825][  0]LogUObjectGlobals: Warning: Failed to find object 'Material /Game/Woolf/Models/Materials/Mat_Pickup.Mat_Pickup'
[2019.11.30-13.16.32:825][  0]Error: CDO Constructor (PickUpBase): Failed to find Material'/Game/Woolf/Models/Materials/Mat_Pickup.Mat_Pickup'

[2019.11.30-13.16.33:401][  0]LogStats: FPlatformStackWalk::StackWalkAndDump -  0.576 s
[2019.11.30-13.16.33:401][  0]LogOutputDevice: Error: === Handled ensure: ===
[2019.11.30-13.16.33:401][  0]LogOutputDevice: Error: 
[2019.11.30-13.16.33:401][  0]LogOutputDevice: Error: Ensure condition failed: AttachmentRules.LocationRule == EAttachmentRule::KeepRelative && AttachmentRules.RotationRule == EAttachmentRule::KeepRelative && AttachmentRules.ScaleRule == EAttachmentRule::KeepRelative [File:D:\Build\++UE4+Release-4.19+Compile\Sync\Engine\Source\Runtime\Engine\Private\Components\SceneComponent.cpp] [Line: 1678]
[2019.11.30-13.16.33:401][  0]LogOutputDevice: Error: AttachToComponent when called from a constructor is only setting up attachment and will always be treated as KeepRelative. Consider calling SetupAttachment directly instead.
[2019.11.30-13.16.33:401][  0]LogOutputDevice: Error: Stack: 
[2019.11.30-13.16.33:401][  0]LogOutputDevice: Error: [Callstack] 0x000000001332B706 UE4Editor-Core.dll!UnknownFunction []
[2019.11.30-13.16.33:401][  0]LogOutputDevice: Error: [Callstack] 0x000000001308AE3A UE4Editor-Core.dll!UnknownFunction []
[2019.11.30-13.16.33:401][  0]LogOutputDevice: Error: [Callstack] 0x000000001309ECD6 UE4Editor-Core.dll!UnknownFunction []
[2019.11.30-13.16.33:401][  0]LogOutputDevice: Error: [Callstack] 0x00000000104CE0F8 UE4Editor-Engine.dll!UnknownFunction []
[2019.11.30-13.16.33:401][  0]LogOutputDevice: Error: [Callstack] 0x0000000053A3B239 UE4Editor-MasterBuild-7289.dll!AChar_Wolf::AChar_Wolf() [e:\documents\github\betaarcade\masterbuild\source\masterbuild\player\char_wolf.cpp:13]
[2019.11.30-13.16.33:401][  0]LogOutputDevice: Error: [Callstack] 0x0000000013A854F8 UE4Editor-CoreUObject.dll!UnknownFunction []
[2019.11.30-13.16.33:401][  0]LogOutputDevice: Error: [Callstack] 0x0000000013D17D30 UE4Editor-CoreUObject.dll!UnknownFunction []
[2019.11.30-13.16.33:401][  0]LogOutputDevice: Error: [Callstack] 0x0000000013CF94A2 UE4Editor-CoreUObject.dll!UnknownFunction []
[2019.11.30-13.16.33:401][  0]LogOutputDevice: Error: [Callstack] 0x0000000013A8A7F7 UE4Editor-CoreUObject.dll!UnknownFunction []
[2019.11.30-13.16.33:402][  0]LogOutputDevice: Error: [Callstack] 0x0000000012F34190 UE4Editor-Core.dll!UnknownFunction []
[2019.11.30-13.16.33:402][  0]LogOutputDevice: Error: [Callstack] 0x0000000013145E91 UE4Editor-Core.dll!UnknownFunction []
[2019.11.30-13.16.33:402][  0]LogOutputDevice: Error: [Callstack] 0x0000000012DFFC7A UE4Editor-Projects.dll!UnknownFunction []
[2019.11.30-13.16.33:402][  0]LogOutputDevice: Error: [Callstack] 0x0000000012DFFFC2 UE4Editor-Projects.dll!UnknownFunction []
[2019.11.30-13.16.33:402][  0]LogOutputDevice: Error: [Callstack] 0x00000000B1C29731 UE4Editor.exe!UnknownFunction []
[2019.11.30-13.16.33:402][  0]LogOutputDevice: Error: [Callstack] 0x00000000B1C2DD83 UE4Editor.exe!UnknownFunction []
[2019.11.30-13.16.33:402][  0]LogOutputDevice: Error: [Callstack] 0x00000000B1C269FA UE4Editor.exe!UnknownFunction []
[2019.11.30-13.16.33:402][  0]LogOutputDevice: Error: [Callstack] 0x00000000B1C26C4A UE4Editor.exe!UnknownFunction []
[2019.11.30-13.16.33:402][  0]LogOutputDevice: Error: [Callstack] 0x00000000B1C34177 UE4Editor.exe!UnknownFunction []
[2019.11.30-13.16.33:402][  0]LogOutputDevice: Error: [Callstack] 0x00000000B1C35B87 UE4Editor.exe!UnknownFunction []
[2019.11.30-13.16.33:402][  0]LogOutputDevice: Error: [Callstack] 0x0000000093237BD4 KERNEL32.DLL!UnknownFunction []
[2019.11.30-13.16.33:402][  0]LogOutputDevice: Error: [Callstack] 0x000000009338CED1 ntdll.dll!UnknownFunction []
[2019.11.30-13.16.33:402][  0]LogOutputDevice: Error: 
[2019.11.30-13.16.33:408][  0]LogStats:                SubmitErrorReport -  0.000 s
[2019.11.30-13.16.33:937][  0]LogStats:                    SendNewReport -  0.530 s
[2019.11.30-13.16.33:938][  0]LogStats:             FDebug::EnsureFailed -  1.112 s
[2019.11.30-13.16.33:938][  0]LogLinker: Warning: Can't find file '/Game/ThirdPersonCPP/Blueprints/ThirdPersonCharacter'
[2019.11.30-13.16.33:938][  0]LogUObjectGlobals: Warning: Failed to load '/Game/ThirdPersonCPP/Blueprints/ThirdPersonCharacter': Can't find file '/Game/ThirdPersonCPP/Blueprints/ThirdPersonCharacter'
[2019.11.30-13.16.33:938][  0]LogLinker: Warning: Can't find file '/Game/ThirdPersonCPP/Blueprints/ThirdPersonCharacter'
[2019.11.30-13.16.33:938][  0]LogUObjectGlobals: Warning: Failed to load '/Game/ThirdPersonCPP/Blueprints/ThirdPersonCharacter': Can't find file '/Game/ThirdPersonCPP/Blueprints/ThirdPersonCharacter'
[2019.11.30-13.16.33:938][  0]LogUObjectGlobals: Warning: Failed to find object 'Class /Game/ThirdPersonCPP/Blueprints/ThirdPersonCharacter.ThirdPersonCharacter_C'
[2019.11.30-13.16.33:938][  0]Error: CDO Constructor (MasterBuildGameMode): Failed to find /Game/ThirdPersonCPP/Blueprints/ThirdPersonCharacter.ThirdPersonCharacter_C

[2019.11.30-13.16.33:938][  0]LogUObjectBase: Warning: -------------- Default Property warnings and errors:
[2019.11.30-13.16.33:938][  0]LogUObjectBase: Warning: Error: CDO Constructor (PickUpBase): Failed to find Material'/Game/Woolf/Models/Materials/Mat_Pickup.Mat_Pickup'

[2019.11.30-13.16.33:938][  0]LogUObjectBase: Warning: Error: CDO Constructor (MasterBuildGameMode): Failed to find /Game/ThirdPersonCPP/Blueprints/ThirdPersonCharacter.ThirdPersonCharacter_C

[2019.11.30-13.16.35:159][  0]SourceControl: Source control is disabled
[2019.11.30-13.16.35:159][  0]SourceControl: Source control is disabled
[2019.11.30-13.16.35:184][  0]SourceControl: Source control is disabled
[2019.11.30-13.16.35:659][  0]LogAndroidPermission: UAndroidPermissionCallbackProxy::GetInstance
[2019.11.30-13.16.36:083][  0]LogOcInput: OculusInput pre-init called
[2019.11.30-13.16.36:143][  0]LogUObjectArray: 40231 objects as part of root set at end of initial load.
[2019.11.30-13.16.36:143][  0]LogUObjectAllocator: 8433528 out of 0 bytes used by permanent object pool.
[2019.11.30-13.16.36:143][  0]LogUObjectArray: CloseDisregardForGC: 0/0 objects in disregard for GC pool
[2019.11.30-13.16.36:200][  0]LogEngine: Initializing Engine...
[2019.11.30-13.16.36:343][  0]LogHMD: Failed to initialize OpenVR with code 108
[2019.11.30-13.16.36:355][  0]LogStats: UGameplayTagsManager::ConstructGameplayTagTree: Construct from data asset -  0.000 s
[2019.11.30-13.16.36:355][  0]LogStats: UGameplayTagsManager::ConstructGameplayTagTree: GameplayTagTreeChangedEvent.Broadcast -  0.000 s
[2019.11.30-13.16.36:641][  0]LogInit: XAudio2 using 'Headset Earphone (SteelSeries Arctis 7 Chat)' : 1 channels at 48 kHz using 16 bits per sample (channel mask 0x0)
[2019.11.30-13.16.36:661][  0]LogInit: FAudioDevice initialized.
[2019.11.30-13.16.36:682][  0]LogInit: Texture streaming: Enabled
[2019.11.30-13.16.36:806][  0]LogUObjectGlobals: Created PersistentFrame Addr=0x000001c24f423a00, Size=688, Default__GameInfoInstance_BP_C Function /Game/Woolf/Blueprints/Other/GameInfoInstance_BP.GameInfoInstance_BP_C:ExecuteUbergraph_GameInfoInstance_BP
[2019.11.30-13.16.36:811][  0]LogUObjectGlobals: Created PersistentFrame Addr=0x000001c24f48ab20, Size=32, Default__W_MainMenu_C Function /Game/Woolf/UI/W_MainMenu.W_MainMenu_C:ExecuteUbergraph_W_MainMenu
[2019.11.30-13.16.36:814][  0]LogUObjectGlobals: Created PersistentFrame Addr=0x000001c25efa7f40, Size=64, Default__W_HostMenu_C Function /Game/Woolf/UI/W_HostMenu.W_HostMenu_C:ExecuteUbergraph_W_HostMenu
[2019.11.30-13.16.36:818][  0]LogUObjectGlobals: Created PersistentFrame Addr=0x000001c25ef9e340, Size=160, Default__W_JoinMenu_C Function /Game/Woolf/UI/W_JoinMenu.W_JoinMenu_C:ExecuteUbergraph_W_JoinMenu
[2019.11.30-13.16.36:849][  0]LogUObjectGlobals: Destroyed PersistentFrame Addr=0x000001c24f423a00, Size=688
[2019.11.30-13.16.36:849][  0]LogUObjectGlobals: Created PersistentFrame Addr=0x000001c24f297100, Size=688, Default__GameInfoInstance_BP_C Function /Engine/Transient.REINST_GameInfoInstance_BP_C_2:ExecuteUbergraph_GameInfoInstance_BP
[2019.11.30-13.16.36:850][  0]LogUObjectGlobals: Destroyed PersistentFrame Addr=0x000001c25efa7f40, Size=64
[2019.11.30-13.16.36:850][  0]LogUObjectGlobals: Created PersistentFrame Addr=0x000001c24f38aac0, Size=64, Default__W_HostMenu_C Function /Engine/Transient.REINST_W_HostMenu_C_0:ExecuteUbergraph_W_HostMenu
[2019.11.30-13.16.36:850][  0]LogUObjectGlobals: Destroyed PersistentFrame Addr=0x000001c25ef9e340, Size=160
[2019.11.30-13.16.36:850][  0]LogUObjectGlobals: Created PersistentFrame Addr=0x000001c24f298900, Size=160, Default__W_JoinMenu_C Function /Engine/Transient.REINST_W_JoinMenu_C_1:ExecuteUbergraph_W_JoinMenu
[2019.11.30-13.16.36:850][  0]LogUObjectGlobals: Destroyed PersistentFrame Addr=0x000001c24f48ab20, Size=32
[2019.11.30-13.16.36:850][  0]LogUObjectGlobals: Created PersistentFrame Addr=0x000001c24f2b3520, Size=32, Default__W_MainMenu_C Function /Engine/Transient.REINST_W_MainMenu_C_2:ExecuteUbergraph_W_MainMenu
[2019.11.30-13.16.36:863][  0]LogUObjectGlobals: Created PersistentFrame Addr=0x000001c24f229f00, Size=672, Default__GameInfoInstance_BP_C Function /Game/Woolf/Blueprints/Other/GameInfoInstance_BP.GameInfoInstance_BP_C:ExecuteUbergraph_GameInfoInstance_BP
[2019.11.30-13.16.36:866][  0]LogUObjectGlobals: Created PersistentFrame Addr=0x000001c24f1a6380, Size=64, Default__W_HostMenu_C Function /Game/Woolf/UI/W_HostMenu.W_HostMenu_C:ExecuteUbergraph_W_HostMenu
[2019.11.30-13.16.36:868][  0]LogUObjectGlobals: Created PersistentFrame Addr=0x000001c24f1bc180, Size=160, Default__W_JoinMenu_C Function /Game/Woolf/UI/W_JoinMenu.W_JoinMenu_C:ExecuteUbergraph_W_JoinMenu
[2019.11.30-13.16.36:869][  0]LogUObjectGlobals: Created PersistentFrame Addr=0x000001c24f1b5460, Size=32, Default__W_MainMenu_C Function /Game/Woolf/UI/W_MainMenu.W_MainMenu_C:ExecuteUbergraph_W_MainMenu
[2019.11.30-13.16.36:907][  0]LogInit: Display: Game Engine Initialized.
[2019.11.30-13.16.36:907][  0]LogGameplayTags: Display: UGameplayTagsManager::DoneAddingNativeTags. DelegateIsBound: 0
[2019.11.30-13.16.36:907][  0]LogStats: UGameplayTagsManager::ConstructGameplayTagTree: Construct from data asset -  0.000 s
[2019.11.30-13.16.36:907][  0]LogStats: UGameplayTagsManager::ConstructGameplayTagTree: GameplayTagTreeChangedEvent.Broadcast -  0.000 s
[2019.11.30-13.16.37:092][  0]LogInit: Display: Starting Game.
[2019.11.30-13.16.37:093][  0]LogNet: Browse: /Game/Woolf/Maps/Level1/NewSheepHeaven?Name=Player
[2019.11.30-13.16.37:093][  0]LogLoad: LoadMap: /Game/Woolf/Maps/Level1/NewSheepHeaven?Name=Player
[2019.11.30-13.16.37:104][  0]LogUObjectGlobals: Destroyed PersistentFrame Addr=0x000001c24f297100, Size=688
[2019.11.30-13.16.37:104][  0]LogUObjectGlobals: Destroyed PersistentFrame Addr=0x000001c24f2b3520, Size=32
[2019.11.30-13.16.37:104][  0]LogUObjectGlobals: Destroyed PersistentFrame Addr=0x000001c24f38aac0, Size=64
[2019.11.30-13.16.37:104][  0]LogUObjectGlobals: Destroyed PersistentFrame Addr=0x000001c24f298900, Size=160
[2019.11.30-13.16.37:111][  0]LogUObjectGlobals: Created PersistentFrame Addr=0x000001c255650d60, Size=160, Default__NewSheepHeaven_C Function /Game/Woolf/Maps/Level1/NewSheepHeaven.NewSheepHeaven_C:ExecuteUbergraph_NewSheepHeaven
[2019.11.30-13.16.37:113][  0]LogUObjectGlobals: Created PersistentFrame Addr=0x000001c25d8c0d00, Size=12, Default__Sheep_BP_C Function /Game/Woolf/Blueprints/Sheep/Sheep_BP.Sheep_BP_C:ExecuteUbergraph_Sheep_BP
[2019.11.30-13.16.37:214][  0]LogUObjectGlobals: Destroyed PersistentFrame Addr=0x000001c25d8c0d00, Size=12
[2019.11.30-13.16.37:214][  0]LogUObjectGlobals: Created PersistentFrame Addr=0x000001c255a27b90, Size=12, Default__Sheep_BP_C Function /Engine/Transient.REINST_Sheep_BP_C_11:ExecuteUbergraph_Sheep_BP
[2019.11.30-13.16.37:233][  0]LogUObjectGlobals: Created PersistentFrame Addr=0x000001c255a24830, Size=12, Default__Sheep_BP_C Function /Game/Woolf/Blueprints/Sheep/Sheep_BP.Sheep_BP_C:ExecuteUbergraph_Sheep_BP
[2019.11.30-13.16.37:238][  0]LogUObjectGlobals: Destroyed PersistentFrame Addr=0x000001c255650d60, Size=160
[2019.11.30-13.16.37:238][  0]LogUObjectGlobals: Created PersistentFrame Addr=0x000001c24f1cb920, Size=160, Default__NewSheepHeaven_C Function /Engine/Transient.REINST_NewSheepHeaven_C_14:ExecuteUbergraph_NewSheepHeaven
[2019.11.30-13.16.37:241][  0]LogUObjectGlobals: Created PersistentFrame Addr=0x000001c24f1c9ee0, Size=160, Default__NewSheepHeaven_C Function /Game/Woolf/Maps/Level1/NewSheepHeaven.NewSheepHeaven_C:ExecuteUbergraph_NewSheepHeaven
[2019.11.30-13.16.38:162][  0]LogSkeletalMesh: Skeletal Mesh found in DDC [12.118900ms] /Game/Other/Mannequin/Character/Mesh/SK_Mannequin.SK_Mannequin
[2019.11.30-13.16.38:500][  0]LogAIModule: Creating AISystem for world NewSheepHeaven
[2019.11.30-13.16.38:504][  0]LogUObjectGlobals: Created PersistentFrame Addr=0x000001c26b334880, Size=336, Default__Wolfy_BP_C Function /Game/Woolf/Blueprints/Player/Wolfy_BP.Wolfy_BP_C:ExecuteUbergraph_Wolfy_BP
[2019.11.30-13.16.38:523][  0]LogUObjectGlobals: Destroyed PersistentFrame Addr=0x000001c26b334880, Size=336
[2019.11.30-13.16.38:523][  0]LogUObjectGlobals: Created PersistentFrame Addr=0x000001c271166800, Size=336, Default__Wolfy_BP_C Function /Engine/Transient.REINST_Wolfy_BP_C_17:ExecuteUbergraph_Wolfy_BP
[2019.11.30-13.16.38:532][  0]LogUObjectGlobals: Created PersistentFrame Addr=0x000001c2710f3700, Size=336, Default__Wolfy_BP_C Function /Game/Woolf/Blueprints/Player/Wolfy_BP.Wolfy_BP_C:ExecuteUbergraph_Wolfy_BP
[2019.11.30-13.16.38:547][  0]LogLoad: Game class is 'WolfGameMode_BP_C'
[2019.11.30-13.16.38:557][  0]LogWorld: Bringing World /Game/Woolf/Maps/Level1/NewSheepHeaven.NewSheepHeaven up for play (max tick rate 0) at 2019.11.30-13.16.38
[2019.11.30-13.16.38:558][  0]LogWorld: Bringing up level for play took: 0.010310
[2019.11.30-13.16.38:765][  0]LogStats: FPlatformStackWalk::StackWalkAndDump -  0.178 s
[2019.11.30-13.16.38:765][  0]LogOutputDevice: Error: === Handled ensure: ===
[2019.11.30-13.16.38:765][  0]LogOutputDevice: Error: 
[2019.11.30-13.16.38:765][  0]LogOutputDevice: Error: Ensure condition failed: InvocationList[ CurFunctionIndex ] != InDelegate [File:E:\GAMES\Epic Games\UE_4.19\Engine\Source\Runtime\Core\Public\UObject/ScriptDelegates.h] [Line: 509]
[2019.11.30-13.16.38:765][  0]LogOutputDevice: Error: 
[2019.11.30-13.16.38:765][  0]LogOutputDevice: Error: Stack: 
[2019.11.30-13.16.38:765][  0]LogOutputDevice: Error: [Callstack] 0x000000001332B706 UE4Editor-Core.dll!UnknownFunction []
[2019.11.30-13.16.38:765][  0]LogOutputDevice: Error: [Callstack] 0x000000001308AE3A UE4Editor-Core.dll!UnknownFunction []
[2019.11.30-13.16.38:765][  0]LogOutputDevice: Error: [Callstack] 0x000000001309ECD6 UE4Editor-Core.dll!UnknownFunction []
[2019.11.30-13.16.38:765][  0]LogOutputDevice: Error: [Callstack] 0x0000000053A39D02 UE4Editor-MasterBuild-7289.dll!TMulticastScriptDelegate<FWeakObjectPtr>::AddInternal() [e:\games\epic games\ue_4.19\engine\source\runtime\core\public\uobject\scriptdelegates.h:509]
[2019.11.30-13.16.38:765][  0]LogOutputDevice: Error: [Callstack] 0x0000000053A3B0D3 UE4Editor-MasterBuild-7289.dll!TBaseDynamicMulticastDelegate<FWeakObjectPtr,void,UPrimitiveComponent *,AActor *,UPrimitiveComponent *,int,bool,FHitResult const &>::__Internal_AddDynamic<AChar_Wolf>() [e:\games\epic games\ue_4.19\engine\source\runtime\core\public\delegates\delegatesignatureimpl.inl:1141]
[2019.11.30-13.16.38:765][  0]LogOutputDevice: Error: [Callstack] 0x0000000053A3BF18 UE4Editor-MasterBuild-7289.dll!AChar_Wolf::SetupOverlapEvents() [e:\documents\github\betaarcade\masterbuild\source\masterbuild\player\char_wolf.cpp:122]
[2019.11.30-13.16.38:765][  0]LogOutputDevice: Error: [Callstack] 0x000000000FF972FB UE4Editor-Engine.dll!UnknownFunction []
[2019.11.30-13.16.38:765][  0]LogOutputDevice: Error: [Callstack] 0x000000001124AE33 UE4Editor-Engine.dll!UnknownFunction []
[2019.11.30-13.16.38:765][  0]LogOutputDevice: Error: [Callstack] 0x000000001070F731 UE4Editor-Engine.dll!UnknownFunction []
[2019.11.30-13.16.38:765][  0]LogOutputDevice: Error: [Callstack] 0x000000001123414E UE4Editor-Engine.dll!UnknownFunction []
[2019.11.30-13.16.38:765][  0]LogOutputDevice: Error: [Callstack] 0x000000001115A5BF UE4Editor-Engine.dll!UnknownFunction []
[2019.11.30-13.16.38:765][  0]LogOutputDevice: Error: [Callstack] 0x000000001110C788 UE4Editor-Engine.dll!UnknownFunction []
[2019.11.30-13.16.38:765][  0]LogOutputDevice: Error: [Callstack] 0x0000000010733593 UE4Editor-Engine.dll!UnknownFunction []
[2019.11.30-13.16.38:765][  0]LogOutputDevice: Error: [Callstack] 0x00000000B1C12A7E UE4Editor.exe!UnknownFunction []
[2019.11.30-13.16.38:765][  0]LogOutputDevice: Error: [Callstack] 0x00000000B1C26ACD UE4Editor.exe!UnknownFunction []
[2019.11.30-13.16.38:765][  0]LogOutputDevice: Error: [Callstack] 0x00000000B1C26C4A UE4Editor.exe!UnknownFunction []
[2019.11.30-13.16.38:765][  0]LogOutputDevice: Error: [Callstack] 0x00000000B1C34177 UE4Editor.exe!UnknownFunction []
[2019.11.30-13.16.38:765][  0]LogOutputDevice: Error: [Callstack] 0x00000000B1C35B87 UE4Editor.exe!UnknownFunction []
[2019.11.30-13.16.38:765][  0]LogOutputDevice: Error: [Callstack] 0x0000000093237BD4 KERNEL32.DLL!UnknownFunction []
[2019.11.30-13.16.38:765][  0]LogOutputDevice: Error: [Callstack] 0x000000009338CED1 ntdll.dll!UnknownFunction []
[2019.11.30-13.16.38:765][  0]LogOutputDevice: Error: 
[2019.11.30-13.16.38:768][  0]LogStats:                SubmitErrorReport -  0.000 s
[2019.11.30-13.16.39:232][  0]LogStats:                    SendNewReport -  0.464 s
[2019.11.30-13.16.39:232][  0]LogStats:             FDebug::EnsureFailed -  0.645 s
[2019.11.30-13.16.39:232][  0]LogLoad: Took 2.139590 seconds to LoadMap(/Game/Woolf/Maps/Level1/NewSheepHeaven)
[2019.11.30-13.16.39:297][  0]LogLoad: (Engine Initialization) Total time: 17.18 seconds
[2019.11.30-13.16.39:297][  0]LogLoad: (Engine Initialization) Total Blueprint compile time: 0.00 seconds
[2019.11.30-13.16.39:335][  0]LogRenderer: Reallocating scene render targets to support 1280x720 Format 10 NumSamples 1 (Frame:1).
[2019.11.30-13.16.39:394][  0]LogContentStreaming: Texture pool size now 1000 MB
[2019.11.30-13.16.39:400][  1]LogAudio: Warning: Detected orphaned looping sound 'SheepHeavenSTB_Cue'.
[2019.11.30-13.16.52:807][827]LogSlate: Window 'MasterBuild (64-bit, PCD3D_SM5) ' being destroyed
[2019.11.30-13.16.52:807][827]LogWindowsTextInputMethodSystem: Display: IME system now deactivated.
[2019.11.30-13.16.52:809][828]LogEngine: All Windows Closed
[2019.11.30-13.16.52:809][828]LogWindows: FPlatformMisc::RequestExit(0)
[2019.11.30-13.16.53:354][829]LogSlate: Slate User Destroyed.  User Index 0, Is Virtual User: 0
[2019.11.30-13.16.53:354][829]LogExit: Preparing to exit.
[2019.11.30-13.16.53:354][829]LogMoviePlayer: Shutting down movie player
[2019.11.30-13.16.54:284][829]LogExit: Game engine shut down
[2019.11.30-13.16.54:291][829]LogUObjectGlobals: Destroyed PersistentFrame Addr=0x000001c255a27b90, Size=12
[2019.11.30-13.16.54:291][829]LogUObjectGlobals: Destroyed PersistentFrame Addr=0x000001c24f1cb920, Size=160
[2019.11.30-13.16.54:291][829]LogUObjectGlobals: Destroyed PersistentFrame Addr=0x000001c24f229f00, Size=672
[2019.11.30-13.16.54:291][829]LogUObjectGlobals: Destroyed PersistentFrame Addr=0x000001c24f1a6380, Size=64
[2019.11.30-13.16.54:291][829]LogUObjectGlobals: Destroyed PersistentFrame Addr=0x000001c24f1bc180, Size=160
[2019.11.30-13.16.54:291][829]LogUObjectGlobals: Destroyed PersistentFrame Addr=0x000001c24f1b5460, Size=32
[2019.11.30-13.16.54:292][829]LogUObjectGlobals: Destroyed PersistentFrame Addr=0x000001c255a24830, Size=12
[2019.11.30-13.16.54:292][829]LogUObjectGlobals: Destroyed PersistentFrame Addr=0x000001c24f1c9ee0, Size=160
[2019.11.30-13.16.54:293][829]LogUObjectGlobals: Destroyed PersistentFrame Addr=0x000001c271166800, Size=336
[2019.11.30-13.16.54:293][829]LogUObjectGlobals: Destroyed PersistentFrame Addr=0x000001c2710f3700, Size=336
[2019.11.30-13.16.54:383][829]LogExit: Object subsystem successfully closed.
[2019.11.30-13.16.54:400][829]LogShaderCompilers: Display: Shaders left to compile 0
[2019.11.30-13.16.54:407][829]LogD3D11RHI: Shutdown
[2019.11.30-13.16.54:407][829]LogD3D11RHI: CleanupD3DDevice
[2019.11.30-13.16.54:410][829]LogD3D11RHI: ~FD3D11DynamicRHI
[2019.11.30-13.16.54:446][829]LogModuleManager: Shutting down and abandoning module SequenceRecorderSections (336)
[2019.11.30-13.16.54:446][829]LogModuleManager: Shutting down and abandoning module SequenceRecorder (334)
[2019.11.30-13.16.54:446][829]LogModuleManager: Shutting down and abandoning module AutomationController (332)
[2019.11.30-13.16.54:446][829]LogModuleManager: Shutting down and abandoning module AutomationWorker (330)
[2019.11.30-13.16.54:446][829]LogModuleManager: Shutting down and abandoning module Voice (328)
[2019.11.30-13.16.54:447][829]LogModuleManager: Shutting down and abandoning module AIModule (326)
[2019.11.30-13.16.54:447][829]LogModuleManager: Shutting down and abandoning module GameplayDebugger (325)
[2019.11.30-13.16.54:447][829]LogModuleManager: Shutting down and abandoning module AITestSuite (323)
[2019.11.30-13.16.54:447][829]LogModuleManager: Shutting down and abandoning module WmfMediaFactory (320)
[2019.11.30-13.16.54:447][829]LogModuleManager: Shutting down and abandoning module OpenExrWrapper (318)
[2019.11.30-13.16.54:447][829]LogModuleManager: Shutting down and abandoning module ImgMediaFactory (316)
[2019.11.30-13.16.54:447][829]LogModuleManager: Shutting down and abandoning module AvfMediaFactory (314)
[2019.11.30-13.16.54:447][829]LogModuleManager: Shutting down and abandoning module CharacterAI (312)
[2019.11.30-13.16.54:447][829]LogModuleManager: Shutting down and abandoning module SessionServices (310)
[2019.11.30-13.16.54:447][829]LogModuleManager: Shutting down and abandoning module MovieSceneCapture (308)
[2019.11.30-13.16.54:447][829]LogModuleManager: Shutting down and abandoning module MovieSceneTracks (306)
[2019.11.30-13.16.54:447][829]LogModuleManager: Shutting down and abandoning module MovieScene (304)
[2019.11.30-13.16.54:447][829]LogModuleManager: Shutting down and abandoning module GeometryCache (302)
[2019.11.30-13.16.54:447][829]LogModuleManager: Shutting down and abandoning module GeometryCacheEd (301)
[2019.11.30-13.16.54:447][829]LogModuleManager: Shutting down and abandoning module StreamingPauseRendering (298)
[2019.11.30-13.16.54:447][829]LogModuleManager: Shutting down and abandoning module PortalServices (296)
[2019.11.30-13.16.54:447][829]LogModuleManager: Shutting down and abandoning module PortalRpc (294)
[2019.11.30-13.16.54:447][829]LogModuleManager: Shutting down and abandoning module MessagingRpc (292)
[2019.11.30-13.16.54:447][829]LogModuleManager: Shutting down and abandoning module ProfilerService (290)
[2019.11.30-13.16.54:488][829]LogModuleManager: Shutting down and abandoning module TaskGraph (288)
[2019.11.30-13.16.54:488][829]LogModuleManager: Shutting down and abandoning module SteamVRController (286)
[2019.11.30-13.16.54:488][829]LogModuleManager: Shutting down and abandoning module ProceduralMeshComponent (284)
[2019.11.30-13.16.54:488][829]LogModuleManager: Shutting down and abandoning module OculusInput (282)
[2019.11.30-13.16.54:488][829]LogModuleManager: Shutting down and abandoning module MobilePatchingUtils (280)
[2019.11.30-13.16.54:488][829]LogModuleManager: Shutting down and abandoning module CustomMeshComponent (278)
[2019.11.30-13.16.54:488][829]LogModuleManager: Shutting down and abandoning module CableComponent (276)
[2019.11.30-13.16.54:488][829]LogModuleManager: Shutting down and abandoning module AudioCapture (274)
[2019.11.30-13.16.54:488][829]LogModuleManager: Shutting down and abandoning module ArchVisCharacter (272)
[2019.11.30-13.16.54:488][829]LogModuleManager: Shutting down and abandoning module AndroidPermission (270)
[2019.11.30-13.16.54:488][829]LogModuleManager: Shutting down and abandoning module NUTUnrealEngine4 (268)
[2019.11.30-13.16.54:488][829]LogModuleManager: Shutting down and abandoning module NetcodeUnitTest (266)
[2019.11.30-13.16.54:488][829]LogModuleManager: Shutting down and abandoning module MediaCompositing (264)
[2019.11.30-13.16.54:488][829]LogModuleManager: Shutting down and abandoning module LinearTimecode (262)
[2019.11.30-13.16.54:488][829]LogModuleManager: Shutting down and abandoning module ImgMedia (260)
[2019.11.30-13.16.54:491][829]LogModuleManager: Shutting down and abandoning module HTML5Networking (258)
[2019.11.30-13.16.54:491][829]LogModuleManager: Shutting down and abandoning module DatasmithContent (256)
[2019.11.30-13.16.54:492][829]LogModuleManager: Shutting down and abandoning module CryptoKeysOpenSSL (254)
[2019.11.30-13.16.54:492][829]LogModuleManager: Shutting down and abandoning module CryptoKeys (252)
[2019.11.30-13.16.54:492][829]LogModuleManager: Shutting down and abandoning module VisualStudioSourceCodeAccess (250)
[2019.11.30-13.16.54:492][829]LogModuleManager: Shutting down and abandoning module HotReload (249)
[2019.11.30-13.16.54:492][829]LogDirectoryWatcher: A directory notification for 'E:/DOCUMENTS/GitHub/BetaArcade/MasterBuild/Binaries/Win64' was aborted.
[2019.11.30-13.16.54:492][829]LogModuleManager: Shutting down and abandoning module DirectoryWatcher (248)
[2019.11.30-13.16.54:492][829]LogModuleManager: Shutting down and abandoning module VisualStudioCodeSourceCodeAccess (244)
[2019.11.30-13.16.54:492][829]LogModuleManager: Shutting down and abandoning module UObjectPlugin (242)
[2019.11.30-13.16.54:492][829]LogModuleManager: Shutting down and abandoning module SubversionSourceControl (240)
[2019.11.30-13.16.54:492][829]LogModuleManager: Shutting down and abandoning module PerforceSourceControl (238)
[2019.11.30-13.16.54:492][829]LogModuleManager: Shutting down and abandoning module SourceControl (237)
[2019.11.30-13.16.54:492][829]LogModuleManager: Shutting down and abandoning module CLionSourceCodeAccess (234)
[2019.11.30-13.16.54:492][829]LogModuleManager: Shutting down and abandoning module MasterBuild (232)
[2019.11.30-13.16.54:492][829]LogModuleManager: Shutting down and abandoning module RuntimePhysXCooking (230)
[2019.11.30-13.16.54:492][829]LogModuleManager: Shutting down and abandoning module PhysXVehiclesEditor (228)
[2019.11.30-13.16.54:492][829]LogModuleManager: Shutting down and abandoning module PhysXVehicles (226)
[2019.11.30-13.16.54:492][829]LogModuleManager: Shutting down and abandoning module LocationServicesBPLibrary (224)
[2019.11.30-13.16.54:492][829]LogModuleManager: Shutting down and abandoning module ImmediatePhysicsEditor (222)
[2019.11.30-13.16.54:493][829]LogModuleManager: Shutting down and abandoning module ImmediatePhysics (220)
[2019.11.30-13.16.54:493][829]LogModuleManager: Shutting down and abandoning module ActorSequence (218)
[2019.11.30-13.16.54:493][829]LogModuleManager: Shutting down and abandoning module UdpMessaging (216)
[2019.11.30-13.16.54:593][829]LogModuleManager: Shutting down and abandoning module TcpMessaging (214)
[2019.11.30-13.16.55:217][829]LogModuleManager: Shutting down and abandoning module GameplayTagsEditor (212)
[2019.11.30-13.16.55:217][829]LogModuleManager: Shutting down and abandoning module FacialAnimation (210)
[2019.11.30-13.16.55:217][829]LogModuleManager: Shutting down and abandoning module DataValidation (208)
[2019.11.30-13.16.55:217][829]LogModuleManager: Shutting down and abandoning module AssetManagerEditor (206)
[2019.11.30-13.16.55:217][829]LogModuleManager: Shutting down and abandoning module TreeMap (205)
[2019.11.30-13.16.55:217][829]LogModuleManager: Shutting down and abandoning module LightPropagationVolumeRuntime (202)
[2019.11.30-13.16.55:217][829]LogModuleManager: Shutting down and abandoning module LiveLink (200)
[2019.11.30-13.16.55:369][829]LogModuleManager: Shutting down and abandoning module Paper2D (198)
[2019.11.30-13.16.55:369][829]LogModuleManager: Shutting down and abandoning module PIEPreviewDeviceProfileSelector (196)
[2019.11.30-13.16.55:369][829]LogModuleManager: Shutting down and abandoning module WindowsMoviePlayer (194)
[2019.11.30-13.16.55:369][829]LogModuleManager: Shutting down and abandoning module WmfMedia (192)
[2019.11.30-13.16.55:371][829]LogModuleManager: Shutting down and abandoning module Media (191)
[2019.11.30-13.16.55:377][829]LogModuleManager: Shutting down and abandoning module PacketHandler (188)
[2019.11.30-13.16.55:377][829]LogModuleManager: Shutting down and abandoning module ClothingSystemEditor (186)
[2019.11.30-13.16.55:377][829]LogModuleManager: Shutting down and abandoning module ClothingSystemRuntime (184)
[2019.11.30-13.16.55:378][829]LogModuleManager: Shutting down and abandoning module MediaAssets (182)
[2019.11.30-13.16.55:378][829]LogModuleManager: Shutting down and abandoning module Overlay (180)
[2019.11.30-13.16.55:378][829]LogModuleManager: Shutting down and abandoning module OverlayEditor (179)
[2019.11.30-13.16.55:378][829]LogModuleManager: Shutting down and abandoning module VREditor (176)
[2019.11.30-13.16.55:378][829]LogModuleManager: Shutting down and abandoning module StringTableEditor (174)
[2019.11.30-13.16.55:378][829]LogModuleManager: Shutting down and abandoning module GameplayTasksEditor (172)
[2019.11.30-13.16.55:378][829]LogModuleManager: Shutting down and abandoning module BehaviorTreeEditor (170)
[2019.11.30-13.16.55:378][829]LogModuleManager: Shutting down and abandoning module FunctionalTesting (168)
[2019.11.30-13.16.55:378][829]LogModuleManager: Shutting down and abandoning module CollisionAnalyzer (166)
[2019.11.30-13.16.55:378][829]LogModuleManager: Shutting down and abandoning module WorkspaceMenuStructure (165)
[2019.11.30-13.16.55:378][829]LogModuleManager: Shutting down and abandoning module UMG (162)
[2019.11.30-13.16.55:378][829]LogModuleManager: Shutting down and abandoning module UMGEditor (161)
[2019.11.30-13.16.55:378][829]LogModuleManager: Shutting down and abandoning module Sequencer (160)
[2019.11.30-13.16.55:378][829]LogModuleManager: Shutting down and abandoning module MessageLog (157)
[2019.11.30-13.16.55:378][829]LogModuleManager: Shutting down and abandoning module SlateReflector (152)
[2019.11.30-13.16.55:378][829]LogModuleManager: Shutting down and abandoning module Slate (150)
[2019.11.30-13.16.55:378][829]LogModuleManager: Shutting down and abandoning module EditorStyle (148)
[2019.11.30-13.16.55:380][829]LogModuleManager: Shutting down and abandoning module MRMesh (146)
[2019.11.30-13.16.55:380][829]LogModuleManager: Shutting down and abandoning module Messaging (144)
[2019.11.30-13.16.55:380][829]LogModuleManager: Shutting down and abandoning module SourceCodeAccess (142)
[2019.11.30-13.16.55:380][829]LogModuleManager: Shutting down and abandoning module HeadMountedDisplay (140)
[2019.11.30-13.16.55:380][829]LogModuleManager: Shutting down and abandoning module XAudio2 (138)
[2019.11.30-13.16.55:380][829]LogModuleManager: Shutting down and abandoning module Networking (136)
[2019.11.30-13.16.55:380][829]LogModuleManager: Shutting down and abandoning module Core (134)
[2019.11.30-13.16.55:380][829]LogModuleManager: Shutting down and abandoning module LevelSequence (132)
[2019.11.30-13.16.55:380][829]LogModuleManager: Shutting down and abandoning module KismetCompiler (130)
[2019.11.30-13.16.55:380][829]LogModuleManager: Shutting down and abandoning module MeshUtilities (128)
[2019.11.30-13.16.55:380][829]LogModuleManager: Shutting down and abandoning module MeshMergeUtilities (127)
[2019.11.30-13.16.55:380][829]LogModuleManager: Shutting down and abandoning module MeshReductionInterface (126)
[2019.11.30-13.16.55:381][829]LogModuleManager: Shutting down and abandoning module SimplygonSwarm (125)
[2019.11.30-13.16.55:381][829]LogModuleManager: Shutting down and abandoning module SimplygonMeshReduction (123)
[2019.11.30-13.16.55:381][829]LogModuleManager: Shutting down and abandoning module QuadricMeshReduction (121)
[2019.11.30-13.16.55:381][829]LogModuleManager: Shutting down and abandoning module MaterialBaking (117)
[2019.11.30-13.16.55:381][829]LogModuleManager: Shutting down and abandoning module DerivedDataCache (112)
[2019.11.30-13.16.55:729][829]LogDerivedDataCache: Shutdown
[2019.11.30-13.16.55:730][829]LogModuleManager: Shutting down and abandoning module XGEController (110)
[2019.11.30-13.16.55:730][829]LogModuleManager: Shutting down and abandoning module TargetPlatform (108)
[2019.11.30-13.16.55:730][829]LogModuleManager: Shutting down and abandoning module VulkanShaderFormat (107)
[2019.11.30-13.16.55:730][829]LogModuleManager: Shutting down and abandoning module ShaderFormatVectorVM (105)
[2019.11.30-13.16.55:730][829]LogModuleManager: Shutting down and abandoning module ShaderFormatOpenGL (103)
[2019.11.30-13.16.55:730][829]LogModuleManager: Shutting down and abandoning module ShaderFormatD3D (101)
[2019.11.30-13.16.55:730][829]LogModuleManager: Shutting down and abandoning module MetalShaderFormat (99)
[2019.11.30-13.16.55:730][829]LogModuleManager: Shutting down and abandoning module TextureFormatUncompressed (97)
[2019.11.30-13.16.55:730][829]LogModuleManager: Shutting down and abandoning module TextureFormatPVR (95)
[2019.11.30-13.16.55:730][829]LogModuleManager: Shutting down and abandoning module TextureFormatDXT (93)
[2019.11.30-13.16.55:730][829]LogModuleManager: Shutting down and abandoning module TextureFormatIntelISPCTexComp (91)
[2019.11.30-13.16.55:730][829]LogModuleManager: Shutting down and abandoning module TextureFormatASTC (89)
[2019.11.30-13.16.55:730][829]LogModuleManager: Shutting down and abandoning module ImageWrapper (88)
[2019.11.30-13.16.55:730][829]LogModuleManager: Shutting down and abandoning module TextureFormatAndroid (85)
[2019.11.30-13.16.55:730][829]LogModuleManager: Shutting down and abandoning module AudioFormatOpus (83)
[2019.11.30-13.16.55:730][829]LogModuleManager: Shutting down and abandoning module AudioFormatOgg (81)
[2019.11.30-13.16.55:730][829]LogModuleManager: Shutting down and abandoning module AudioFormatADPCM (79)
[2019.11.30-13.16.55:730][829]LogModuleManager: Shutting down and abandoning module WindowsTargetPlatform (77)
[2019.11.30-13.16.55:730][829]LogModuleManager: Shutting down and abandoning module WindowsServerTargetPlatform (75)
[2019.11.30-13.16.55:730][829]LogModuleManager: Shutting down and abandoning module WindowsNoEditorTargetPlatform (73)
[2019.11.30-13.16.55:730][829]LogModuleManager: Shutting down and abandoning module WindowsClientTargetPlatform (71)
[2019.11.30-13.16.55:730][829]LogModuleManager: Shutting down and abandoning module InputCore (68)
[2019.11.30-13.16.55:730][829]LogModuleManager: Shutting down and abandoning module Settings (66)
[2019.11.30-13.16.55:730][829]LogModuleManager: Shutting down and abandoning module PhysXCooking (64)
[2019.11.30-13.16.55:730][829]LogModuleManager: Shutting down and abandoning module SteamVR (62)
[2019.11.30-13.16.55:730][829]LogModuleManager: Shutting down and abandoning module OculusHMD (60)
[2019.11.30-13.16.55:730][829]LogModuleManager: Shutting down and abandoning module ExampleDeviceProfileSelector (58)
[2019.11.30-13.16.55:731][829]LogModuleManager: Shutting down and abandoning module AppleARKit (56)
[2019.11.30-13.16.55:731][829]LogModuleManager: Shutting down and abandoning module AugmentedReality (55)
[2019.11.30-13.16.55:731][829]LogModuleManager: Shutting down and abandoning module OnlineBlueprintSupport (52)
[2019.11.30-13.16.55:731][829]LogModuleManager: Shutting down and abandoning module OnlineSubsystem (48)
[2019.11.30-13.16.55:731][829]LogOnline: Display: OSS: FOnlineSubsystemNull::Shutdown()
[2019.11.30-13.16.55:731][829]LogOnline: Display: OSS: FOnlineAsyncTaskManager::Stop() ActiveTask:0000000000000000 Tasks[0/0]
[2019.11.30-13.16.55:731][829]LogOnline: Display: OSS: FOnlineAsyncTaskManager::Exit() started
[2019.11.30-13.16.55:731][829]LogOnline: Display: OSS: FOnlineAsyncTaskManager::Exit() finished
[2019.11.30-13.16.55:731][829]LogModuleManager: Shutting down and abandoning module XMPP (43)
[2019.11.30-13.16.55:731][829]LogModuleManager: Shutting down and abandoning module HTTP (41)
[2019.11.30-13.16.55:741][829]LogModuleManager: Shutting down and abandoning module SSL (40)
[2019.11.30-13.16.55:742][829]LogModuleManager: Shutting down and abandoning module AnimationModifiers (36)
[2019.11.30-13.16.55:742][829]LogModuleManager: Shutting down and abandoning module PropertyEditor (35)
[2019.11.30-13.16.55:742][829]LogModuleManager: Shutting down and abandoning module AudioEditor (32)
[2019.11.30-13.16.55:742][829]LogModuleManager: Shutting down and abandoning module TextureCompressor (30)
[2019.11.30-13.16.55:743][829]LogModuleManager: Shutting down and abandoning module ShaderCore (28)
[2019.11.30-13.16.55:743][829]LogModuleManager: Shutting down and abandoning module Landscape (26)
[2019.11.30-13.16.55:743][829]LogModuleManager: Shutting down and abandoning module SlateRHIRenderer (24)
[2019.11.30-13.16.55:743][829]LogModuleManager: Shutting down and abandoning module OpenGLDrv (22)
[2019.11.30-13.16.55:743][829]LogModuleManager: Shutting down and abandoning module D3D11RHI (20)
[2019.11.30-13.16.55:743][829]LogModuleManager: Shutting down and abandoning module AnimGraphRuntime (18)
[2019.11.30-13.16.55:743][829]LogModuleManager: Shutting down and abandoning module Renderer (16)
[2019.11.30-13.16.55:743][829]LogModuleManager: Shutting down and abandoning module Engine (14)
[2019.11.30-13.16.55:743][829]LogModuleManager: Shutting down and abandoning module CoreUObject (12)
[2019.11.30-13.16.55:743][829]LogModuleManager: Shutting down and abandoning module NetworkFile (10)
[2019.11.30-13.16.55:743][829]LogModuleManager: Shutting down and abandoning module CookedIterativeFile (8)
[2019.11.30-13.16.55:743][829]LogModuleManager: Shutting down and abandoning module StreamingFile (6)
[2019.11.30-13.16.55:743][829]LogModuleManager: Shutting down and abandoning module SandboxFile (4)
[2019.11.30-13.16.55:743][829]LogModuleManager: Shutting down and abandoning module PakFile (2)
[2019.11.30-13.16.55:747][829]LogExit: Exiting.
[2019.11.30-13.16.55:748][829]Log file closed, 11/30/19 13:16:55
