Log file open, 12/02/19 22:00:06
LogWindows: Failed to load 'aqProf.dll' (GetLastError=126)
LogWindows: File 'aqProf.dll' does not exist
LogWindows: Failed to load 'VtuneApi.dll' (GetLastError=126)
LogWindows: File 'VtuneApi.dll' does not exist
LogWindows: Failed to load 'VtuneApi32e.dll' (GetLastError=126)
LogWindows: File 'VtuneApi32e.dll' does not exist
LogInit: Display: Running engine for game: MasterBuild
LogPlatformFile: Not using cached read wrapper
LogInit: Display: RandInit(-1417456945) SRandInit(-1417456944).
LogInit: Read version file with build ID '3944462'
LogInit: Overriding engine version to CL 4033788, compatible CL 3944462
LogInit: Registered custom module enumerator with build ID '3944462'
LogTaskGraph: Started task graph with 5 named threads and 23 total threads with 3 sets of task threads.
LogStats: Stats thread started at 0.303623
LogD3D11RHI: Aftermath initialized
LogICUInternationalization: Display: ICU TimeZone Detection - Raw Offset: +0:00, Platform Override: ''
LogPluginManager: Mounting plugin Paper2D
LogPluginManager: Mounting plugin LiveLink
LogPluginManager: Mounting plugin LightPropagationVolume
LogPluginManager: Mounting plugin CLionSourceCodeAccess
LogPluginManager: Mounting plugin CodeLiteSourceCodeAccess
LogPluginManager: Mounting plugin GitSourceControl
LogPluginManager: Mounting plugin KDevelopSourceCodeAccess
LogPluginManager: Mounting plugin NullSourceCodeAccess
LogPluginManager: Mounting plugin PerforceSourceControl
LogPluginManager: Mounting plugin SubversionSourceControl
LogPluginManager: Mounting plugin UObjectPlugin
LogPluginManager: Mounting plugin VisualStudioCodeSourceCodeAccess
LogPluginManager: Mounting plugin VisualStudioSourceCodeAccess
LogPluginManager: Mounting plugin XCodeSourceCodeAccess
LogPluginManager: Mounting plugin AssetManagerEditor
LogPluginManager: Mounting plugin CryptoKeys
LogPluginManager: Mounting plugin DataValidation
LogPluginManager: Mounting plugin FacialAnimation
LogPluginManager: Mounting plugin GameplayTagsEditor
LogPluginManager: Mounting plugin MobileLauncherProfileWizard
LogPluginManager: Mounting plugin PluginBrowser
LogPluginManager: Mounting plugin SpeedTreeImporter
LogPluginManager: Mounting plugin DatasmithContent
LogPluginManager: Mounting plugin AlembicImporter
LogPluginManager: Mounting plugin CharacterAI
LogPluginManager: Mounting plugin HTML5Networking
LogPluginManager: Mounting plugin AndroidMedia
LogPluginManager: Mounting plugin AvfMedia
LogPluginManager: Mounting plugin ImgMedia
LogPluginManager: Mounting plugin LinearTimecode
LogPluginManager: Mounting plugin MediaCompositing
LogPluginManager: Mounting plugin MediaPlayerEditor
LogPluginManager: Mounting plugin WmfMedia
LogPluginManager: Mounting plugin TcpMessaging
LogPluginManager: Mounting plugin UdpMessaging
LogPluginManager: Mounting plugin ActorSequence
LogPluginManager: Mounting plugin LevelSequenceEditor
LogPluginManager: Mounting plugin MatineeToLevelSequence
LogPluginManager: Mounting plugin NetcodeUnitTest
LogPluginManager: Mounting plugin NUTUnrealEngine4
LogPluginManager: Mounting plugin OnlineSubsystemGooglePlay
LogPluginManager: Mounting plugin OnlineSubsystemIOS
LogPluginManager: Mounting plugin OnlineSubsystem
LogPluginManager: Mounting plugin OnlineSubsystemNull
LogPluginManager: Mounting plugin OnlineSubsystemUtils
LogPluginManager: Mounting plugin AndroidDeviceProfileSelector
LogPluginManager: Mounting plugin AndroidMoviePlayer
LogPluginManager: Mounting plugin AndroidPermission
LogPluginManager: Mounting plugin AppleARKit
LogPluginManager: Mounting plugin AppleMoviePlayer
LogPluginManager: Mounting plugin ArchVisCharacter
LogPluginManager: Mounting plugin AudioCapture
LogPluginManager: Mounting plugin CableComponent
LogPluginManager: Mounting plugin CustomMeshComponent
LogPluginManager: Mounting plugin ExampleDeviceProfileSelector
LogPluginManager: Mounting plugin GoogleCloudMessaging
LogPluginManager: Mounting plugin ImmediatePhysics
LogPluginManager: Mounting plugin IOSDeviceProfileSelector
LogPluginManager: Mounting plugin LinuxDeviceProfileSelector
LogPluginManager: Mounting plugin LocationServicesBPLibrary
LogPluginManager: Mounting plugin MobilePatchingUtils
LogPluginManager: Mounting plugin OculusVR
LogPluginManager: Plugin shader directory ../../../Engine/Plugins/Runtime/Oculus/OculusVR/Shaders found
LogPluginManager: Mapping shader source directory ../../../Engine/Plugins/Runtime/Oculus/OculusVR/Shaders to virtual directory /Plugin/OculusVR
LogPluginManager: Mounting plugin PhysXVehicles
LogPluginManager: Mounting plugin ProceduralMeshComponent
LogPluginManager: Mounting plugin RuntimePhysXCooking
LogPluginManager: Mounting plugin SteamVR
LogPluginManager: Mounting plugin WindowsMoviePlayer
LogStreaming: Display: Took  0.075s to configure plugins.
LogModuleManager: Display: Found up-to-date module file ../../../../../Documents/Beta Arcade/MasterBuild/Binaries/Win64/UE4Editor-MasterBuild.dll (API version 3944462).
LogModuleManager: Display: Found up-to-date module file ../../../Engine/Plugins/2D/Paper2D/Binaries/Win64/UE4Editor-Paper2D.dll (API version 3944462).
LogModuleManager: Display: Found up-to-date module file ../../../Engine/Plugins/2D/Paper2D/Binaries/Win64/UE4Editor-Paper2DEditor.dll (API version 3944462).
LogModuleManager: Display: Found up-to-date module file ../../../Engine/Plugins/2D/Paper2D/Binaries/Win64/UE4Editor-PaperSpriteSheetImporter.dll (API version 3944462).
LogModuleManager: Display: Found up-to-date module file ../../../Engine/Plugins/2D/Paper2D/Binaries/Win64/UE4Editor-PaperTiledImporter.dll (API version 3944462).
LogModuleManager: Display: Found up-to-date module file ../../../Engine/Plugins/2D/Paper2D/Binaries/Win64/UE4Editor-SmartSnapping.dll (API version 3944462).
LogModuleManager: Display: Found up-to-date module file ../../../Engine/Plugins/Animation/LiveLink/Binaries/Win64/UE4Editor-LiveLink.dll (API version 3944462).
LogModuleManager: Display: Found up-to-date module file ../../../Engine/Plugins/Animation/LiveLink/Binaries/Win64/UE4Editor-LiveLinkEditor.dll (API version 3944462).
LogModuleManager: Display: Found up-to-date module file ../../../Engine/Plugins/Blendables/LightPropagationVolume/Binaries/Win64/UE4Editor-LightPropagationVolumeRuntime.dll (API version 3944462).
LogModuleManager: Display: Found up-to-date module file ../../../Engine/Plugins/Blendables/LightPropagationVolume/Binaries/Win64/UE4Editor-LightPropagationVolumeEditor.dll (API version 3944462).
LogModuleManager: Display: Found up-to-date module file ../../../Engine/Plugins/Developer/CLionSourceCodeAccess/Binaries/Win64/UE4Editor-CLionSourceCodeAccess.dll (API version 3944462).
LogModuleManager: Display: Found up-to-date module file ../../../Engine/Plugins/Developer/GitSourceControl/Binaries/Win64/UE4Editor-GitSourceControl.dll (API version 3944462).
LogModuleManager: Display: Found up-to-date module file ../../../Engine/Plugins/Developer/PerforceSourceControl/Binaries/Win64/UE4Editor-PerforceSourceControl.dll (API version 3944462).
LogModuleManager: Display: Found up-to-date module file ../../../Engine/Plugins/Developer/SubversionSourceControl/Binaries/Win64/UE4Editor-SubversionSourceControl.dll (API version 3944462).
LogModuleManager: Display: Found up-to-date module file ../../../Engine/Plugins/Developer/UObjectPlugin/Binaries/Win64/UE4Editor-UObjectPlugin.dll (API version 3944462).
LogModuleManager: Display: Found up-to-date module file ../../../Engine/Plugins/Developer/VisualStudioCodeSourceCodeAccess/Binaries/Win64/UE4Editor-VisualStudioCodeSourceCodeAccess.dll (API version 3944462).
LogModuleManager: Display: Found up-to-date module file ../../../Engine/Plugins/Developer/VisualStudioSourceCodeAccess/Binaries/Win64/UE4Editor-VisualStudioSourceCodeAccess.dll (API version 3944462).
LogModuleManager: Display: Found up-to-date module file ../../../Engine/Plugins/Editor/AssetManagerEditor/Binaries/Win64/UE4Editor-AssetManagerEditor.dll (API version 3944462).
LogModuleManager: Display: Found up-to-date module file ../../../Engine/Plugins/Editor/CryptoKeys/Binaries/Win64/UE4Editor-CryptoKeys.dll (API version 3944462).
LogModuleManager: Display: Found up-to-date module file ../../../Engine/Plugins/Editor/CryptoKeys/Binaries/Win64/UE4Editor-CryptoKeysOpenSSL.dll (API version 3944462).
LogModuleManager: Display: Found up-to-date module file ../../../Engine/Plugins/Editor/DataValidation/Binaries/Win64/UE4Editor-DataValidation.dll (API version 3944462).
LogModuleManager: Display: Found up-to-date module file ../../../Engine/Plugins/Editor/FacialAnimation/Binaries/Win64/UE4Editor-FacialAnimation.dll (API version 3944462).
LogModuleManager: Display: Found up-to-date module file ../../../Engine/Plugins/Editor/FacialAnimation/Binaries/Win64/UE4Editor-FacialAnimationEditor.dll (API version 3944462).
LogModuleManager: Display: Found up-to-date module file ../../../Engine/Plugins/Editor/GameplayTagsEditor/Binaries/Win64/UE4Editor-GameplayTagsEditor.dll (API version 3944462).
LogModuleManager: Display: Found up-to-date module file ../../../Engine/Plugins/Editor/MobileLauncherProfileWizard/Binaries/Win64/UE4Editor-MobileLauncherProfileWizard.dll (API version 3944462).
LogModuleManager: Display: Found up-to-date module file ../../../Engine/Plugins/Editor/PluginBrowser/Binaries/Win64/UE4Editor-PluginBrowser.dll (API version 3944462).
LogModuleManager: Display: Found up-to-date module file ../../../Engine/Plugins/Editor/SpeedTreeImporter/Binaries/Win64/UE4Editor-SpeedTreeImporter.dll (API version 3944462).
LogModuleManager: Display: Found up-to-date module file ../../../Engine/Plugins/Enterprise/DatasmithContent/Binaries/Win64/UE4Editor-DatasmithContent.dll (API version 3944462).
LogModuleManager: Display: Found up-to-date module file ../../../Engine/Plugins/Experimental/AlembicImporter/Binaries/Win64/UE4Editor-AlembicImporter.dll (API version 3944462).
LogModuleManager: Display: Found up-to-date module file ../../../Engine/Plugins/Experimental/AlembicImporter/Binaries/Win64/UE4Editor-AlembicLibrary.dll (API version 3944462).
LogModuleManager: Display: Found up-to-date module file ../../../Engine/Plugins/Experimental/CharacterAI/Binaries/Win64/UE4Editor-CharacterAI.dll (API version 3944462).
LogModuleManager: Display: Found up-to-date module file ../../../Engine/Plugins/Experimental/HTML5Networking/Binaries/Win64/UE4Editor-HTML5Networking.dll (API version 3944462).
LogModuleManager: Display: Found up-to-date module file ../../../Engine/Plugins/Media/AndroidMedia/Binaries/Win64/UE4Editor-AndroidMediaEditor.dll (API version 3944462).
LogModuleManager: Display: Found up-to-date module file ../../../Engine/Plugins/Media/AndroidMedia/Binaries/Win64/UE4Editor-AndroidMediaFactory.dll (API version 3944462).
LogModuleManager: Display: Found up-to-date module file ../../../Engine/Plugins/Media/AvfMedia/Binaries/Win64/UE4Editor-AvfMediaEditor.dll (API version 3944462).
LogModuleManager: Display: Found up-to-date module file ../../../Engine/Plugins/Media/AvfMedia/Binaries/Win64/UE4Editor-AvfMediaFactory.dll (API version 3944462).
LogModuleManager: Display: Found up-to-date module file ../../../Engine/Plugins/Media/AvfMedia/Binaries/Win64/UE4Editor-AvfMediaFactory.dll (API version 3944462).
LogModuleManager: Display: Found up-to-date module file ../../../Engine/Plugins/Media/ImgMedia/Binaries/Win64/UE4Editor-ImgMedia.dll (API version 3944462).
LogModuleManager: Display: Found up-to-date module file ../../../Engine/Plugins/Media/ImgMedia/Binaries/Win64/UE4Editor-ImgMediaEditor.dll (API version 3944462).
LogModuleManager: Display: Found up-to-date module file ../../../Engine/Plugins/Media/ImgMedia/Binaries/Win64/UE4Editor-ImgMediaFactory.dll (API version 3944462).
LogModuleManager: Display: Found up-to-date module file ../../../Engine/Plugins/Media/ImgMedia/Binaries/Win64/UE4Editor-ImgMediaFactory.dll (API version 3944462).
LogModuleManager: Display: Found up-to-date module file ../../../Engine/Plugins/Media/ImgMedia/Binaries/Win64/UE4Editor-OpenExrWrapper.dll (API version 3944462).
LogModuleManager: Display: Found up-to-date module file ../../../Engine/Plugins/Media/LinearTimecode/Binaries/Win64/UE4Editor-LinearTimecode.dll (API version 3944462).
LogModuleManager: Display: Found up-to-date module file ../../../Engine/Plugins/Media/MediaCompositing/Binaries/Win64/UE4Editor-MediaCompositing.dll (API version 3944462).
LogModuleManager: Display: Found up-to-date module file ../../../Engine/Plugins/Media/MediaCompositing/Binaries/Win64/UE4Editor-MediaCompositingEditor.dll (API version 3944462).
LogModuleManager: Display: Found up-to-date module file ../../../Engine/Plugins/Media/MediaPlayerEditor/Binaries/Win64/UE4Editor-MediaPlayerEditor.dll (API version 3944462).
LogModuleManager: Display: Found up-to-date module file ../../../Engine/Plugins/Media/WmfMedia/Binaries/Win64/UE4Editor-WmfMedia.dll (API version 3944462).
LogModuleManager: Display: Found up-to-date module file ../../../Engine/Plugins/Media/WmfMedia/Binaries/Win64/UE4Editor-WmfMediaEditor.dll (API version 3944462).
LogModuleManager: Display: Found up-to-date module file ../../../Engine/Plugins/Media/WmfMedia/Binaries/Win64/UE4Editor-WmfMediaFactory.dll (API version 3944462).
LogModuleManager: Display: Found up-to-date module file ../../../Engine/Plugins/Media/WmfMedia/Binaries/Win64/UE4Editor-WmfMediaFactory.dll (API version 3944462).
LogModuleManager: Display: Found up-to-date module file ../../../Engine/Plugins/Messaging/TcpMessaging/Binaries/Win64/UE4Editor-TcpMessaging.dll (API version 3944462).
LogModuleManager: Display: Found up-to-date module file ../../../Engine/Plugins/Messaging/UdpMessaging/Binaries/Win64/UE4Editor-UdpMessaging.dll (API version 3944462).
LogModuleManager: Display: Found up-to-date module file ../../../Engine/Plugins/MovieScene/ActorSequence/Binaries/Win64/UE4Editor-ActorSequence.dll (API version 3944462).
LogModuleManager: Display: Found up-to-date module file ../../../Engine/Plugins/MovieScene/LevelSequenceEditor/Binaries/Win64/UE4Editor-LevelSequenceEditor.dll (API version 3944462).
LogModuleManager: Display: Found up-to-date module file ../../../Engine/Plugins/MovieScene/MatineeToLevelSequence/Binaries/Win64/UE4Editor-MatineeToLevelSequence.dll (API version 3944462).
LogModuleManager: Display: Found up-to-date module file ../../../Engine/Plugins/NetcodeUnitTest/NetcodeUnitTest/Binaries/Win64/UE4Editor-NetcodeUnitTest.dll (API version 3944462).
LogModuleManager: Display: Found up-to-date module file ../../../Engine/Plugins/NetcodeUnitTest/NUTUnrealEngine4/Binaries/Win64/UE4Editor-NUTUnrealEngine4.dll (API version 3944462).
LogModuleManager: Display: Found up-to-date module file ../../../Engine/Plugins/Online/OnlineSubsystem/Binaries/Win64/UE4Editor-OnlineSubsystem.dll (API version 3944462).
LogModuleManager: Display: Found up-to-date module file ../../../Engine/Plugins/Online/OnlineSubsystemNull/Binaries/Win64/UE4Editor-OnlineSubsystemNull.dll (API version 3944462).
LogModuleManager: Display: Found up-to-date module file ../../../Engine/Plugins/Online/OnlineSubsystemUtils/Binaries/Win64/UE4Editor-OnlineSubsystemUtils.dll (API version 3944462).
LogModuleManager: Display: Found up-to-date module file ../../../Engine/Plugins/Online/OnlineSubsystemUtils/Binaries/Win64/UE4Editor-OnlineBlueprintSupport.dll (API version 3944462).
LogModuleManager: Display: Found up-to-date module file ../../../Engine/Plugins/Runtime/AndroidDeviceProfileSelector/Binaries/Win64/UE4Editor-AndroidDeviceProfileSelector.dll (API version 3944462).
LogModuleManager: Display: Found up-to-date module file ../../../Engine/Plugins/Runtime/AndroidPermission/Binaries/Win64/UE4Editor-AndroidPermission.dll (API version 3944462).
LogModuleManager: Display: Found up-to-date module file ../../../Engine/Plugins/Runtime/AppleARKit/Binaries/Win64/UE4Editor-AppleARKit.dll (API version 3944462).
LogModuleManager: Display: Found up-to-date module file ../../../Engine/Plugins/Runtime/ArchVisCharacter/Binaries/Win64/UE4Editor-ArchVisCharacter.dll (API version 3944462).
LogModuleManager: Display: Found up-to-date module file ../../../Engine/Plugins/Runtime/AudioCapture/Binaries/Win64/UE4Editor-AudioCapture.dll (API version 3944462).
LogModuleManager: Display: Found up-to-date module file ../../../Engine/Plugins/Runtime/AudioCapture/Binaries/Win64/UE4Editor-AudioCaptureEditor.dll (API version 3944462).
LogModuleManager: Display: Found up-to-date module file ../../../Engine/Plugins/Runtime/CableComponent/Binaries/Win64/UE4Editor-CableComponent.dll (API version 3944462).
LogModuleManager: Display: Found up-to-date module file ../../../Engine/Plugins/Runtime/CustomMeshComponent/Binaries/Win64/UE4Editor-CustomMeshComponent.dll (API version 3944462).
LogModuleManager: Display: Found up-to-date module file ../../../Engine/Plugins/Runtime/ExampleDeviceProfileSelector/Binaries/Win64/UE4Editor-ExampleDeviceProfileSelector.dll (API version 3944462).
LogModuleManager: Display: Found up-to-date module file ../../../Engine/Plugins/Runtime/ImmediatePhysics/Binaries/Win64/UE4Editor-ImmediatePhysics.dll (API version 3944462).
LogModuleManager: Display: Found up-to-date module file ../../../Engine/Plugins/Runtime/ImmediatePhysics/Binaries/Win64/UE4Editor-ImmediatePhysicsEditor.dll (API version 3944462).
LogModuleManager: Display: Found up-to-date module file ../../../Engine/Plugins/Runtime/LocationServicesBPLibrary/Binaries/Win64/UE4Editor-LocationServicesBPLibrary.dll (API version 3944462).
LogModuleManager: Display: Found up-to-date module file ../../../Engine/Plugins/Runtime/MobilePatchingUtils/Binaries/Win64/UE4Editor-MobilePatchingUtils.dll (API version 3944462).
LogModuleManager: Display: Found up-to-date module file ../../../Engine/Plugins/Runtime/Oculus/OculusVR/Binaries/Win64/UE4Editor-OculusHMD.dll (API version 3944462).
LogModuleManager: Display: Found up-to-date module file ../../../Engine/Plugins/Runtime/Oculus/OculusVR/Binaries/Win64/UE4Editor-OculusInput.dll (API version 3944462).
LogModuleManager: Display: Found up-to-date module file ../../../Engine/Plugins/Runtime/Oculus/OculusVR/Binaries/Win64/UE4Editor-OculusEditor.dll (API version 3944462).
LogModuleManager: Display: Found up-to-date module file ../../../Engine/Plugins/Runtime/PhysXVehicles/Binaries/Win64/UE4Editor-PhysXVehicles.dll (API version 3944462).
LogModuleManager: Display: Found up-to-date module file ../../../Engine/Plugins/Runtime/PhysXVehicles/Binaries/Win64/UE4Editor-PhysXVehiclesEditor.dll (API version 3944462).
LogModuleManager: Display: Found up-to-date module file ../../../Engine/Plugins/Runtime/ProceduralMeshComponent/Binaries/Win64/UE4Editor-ProceduralMeshComponent.dll (API version 3944462).
LogModuleManager: Display: Found up-to-date module file ../../../Engine/Plugins/Runtime/ProceduralMeshComponent/Binaries/Win64/UE4Editor-ProceduralMeshComponentEditor.dll (API version 3944462).
LogModuleManager: Display: Found up-to-date module file ../../../Engine/Plugins/Runtime/RuntimePhysXCooking/Binaries/Win64/UE4Editor-RuntimePhysXCooking.dll (API version 3944462).
LogModuleManager: Display: Found up-to-date module file ../../../Engine/Plugins/Runtime/Steam/SteamVR/Binaries/Win64/UE4Editor-SteamVR.dll (API version 3944462).
LogModuleManager: Display: Found up-to-date module file ../../../Engine/Plugins/Runtime/Steam/SteamVR/Binaries/Win64/UE4Editor-SteamVRController.dll (API version 3944462).
LogModuleManager: Display: Found up-to-date module file ../../../Engine/Plugins/Runtime/WindowsMoviePlayer/Binaries/Win64/UE4Editor-WindowsMoviePlayer.dll (API version 3944462).
LogInit: Using libcurl 7.47.1
LogInit:  - built for x86_64-pc-win32
LogInit:  - supports SSL with OpenSSL/1.0.2g
LogInit:  - supports HTTP deflate (compression) using libz 1.2.8
LogInit:  - other features:
LogInit:      CURL_VERSION_SSL
LogInit:      CURL_VERSION_LIBZ
LogInit:      CURL_VERSION_IPV6
LogInit:      CURL_VERSION_ASYNCHDNS
LogInit:      CURL_VERSION_LARGEFILE
LogInit:      CURL_VERSION_IDN
LogInit:  CurlRequestOptions (configurable via config and command line):
LogInit:  - bVerifyPeer = false  - Libcurl will NOT verify peer certificate
LogInit:  - bUseHttpProxy = false  - Libcurl will NOT use HTTP proxy
LogInit:  - bDontReuseConnections = false  - Libcurl will reuse connections
LogInit:  - CertBundlePath = nullptr  - Libcurl will use whatever was configured at build time.
LogInit:  - MaxHostConnections = 16  - Libcurl will limit the number of connections to a host
LogInit:  - LocalHostAddr = Default
LogInit: WinSock: version 1.1 (2.2), MaxSocks=32767, MaxUdp=65467
LogInit: WinSock: I am LAPTOP-OQTU4Q1V (192.168.0.22:0)
LogInit: Build: ++UE4+Release-4.19-CL-4033788
LogInit: Engine Version: 4.19.2-4033788+++UE4+Release-4.19
LogInit: Compatible Engine Version: 4.19.0-3944462+++UE4+Release-4.19
LogInit: Net CL: 3944462
LogDevObjectVersion: Number of dev versions registered: 18
LogDevObjectVersion:   Dev-Blueprints (B0D832E4-1F89-4F0D-ACCF-7EB736FD4AA2): 10
LogDevObjectVersion:   Dev-Build (E1C64328-A22C-4D53-A36C-8E866417BD8C): 0
LogDevObjectVersion:   Dev-Core (375EC13C-06E4-48FB-B500-84F0262A717E): 2
LogDevObjectVersion:   Dev-Editor (E4B068ED-F494-42E9-A231-DA0B2E46BB41): 23
LogDevObjectVersion:   Dev-Framework (CFFC743F-43B0-4480-9391-14DF171D2073): 33
LogDevObjectVersion:   Dev-Mobile (B02B49B5-BB20-44E9-A304-32B752E40360): 2
LogDevObjectVersion:   Dev-Networking (A4E4105C-59A1-49B5-A7C5-40C4547EDFEE): 0
LogDevObjectVersion:   Dev-Online (39C831C9-5AE6-47DC-9A44-9C173E1C8E7C): 0
LogDevObjectVersion:   Dev-Physics (78F01B33-EBEA-4F98-B9B4-84EACCB95AA2): 0
LogDevObjectVersion:   Dev-Platform (6631380F-2D4D-43E0-8009-CF276956A95A): 0
LogDevObjectVersion:   Dev-Rendering (12F88B9F-8875-4AFC-A67C-D90C383ABD29): 25
LogDevObjectVersion:   Dev-Sequencer (7B5AE74C-D270-4C10-A958-57980B212A5A): 6
LogDevObjectVersion:   Dev-VR (D7296918-1DD6-4BDD-9DE2-64A83CC13884): 1
LogDevObjectVersion:   Dev-LoadTimes (C2A15278-BFE7-4AFE-6C17-90FF531DF755): 1
LogDevObjectVersion:   Private-Geometry (6EACA3D4-40EC-4CC1-B786-8BED09428FC5): 2
LogDevObjectVersion:   Dev-AnimPhys (29E575DD-E0A3-4627-9D10-D276232CDCEA): 16
LogDevObjectVersion:   Dev-ReflectionCapture (6B266CEC-1EC7-4B8F-A30B-E4D90942FC07): 1
LogDevObjectVersion:   Dev-Automation (0DF73D61-A23F-47EA-B727-89E90C41499A): 1
LogInit: Compiled (64-bit): Apr 27 2018 02:06:57
LogInit: Compiled with Visual C++: 19.00.24215.01
LogInit: Build Configuration: Development
LogInit: Branch Name: ++UE4+Release-4.19
LogInit: Command Line:  /Game/Woolf/Maps/Scott_maps/mainmenuLevel/map/mainmenuLevel -game -PIEVIACONSOLE -ResX=1280 -ResY=720  -Multiprocess -messaging -SessionName="Play in Standalone Game" -windowed 
LogInit: Base Directory: D:/UE4/UE_4.19/Engine/Binaries/Win64/
LogInit: Installed Engine Build: 1
LogStreaming: Display: Took  0.001s to delete old logs.
LogInit: Presizing for max 8388607 objects, including 0 objects not considered by GC, pre-allocating 0 bytes for permanent pool.
LogInit: Object subsystem initialized
[2019.12.02-22.00.10:073][  0]LogInit: Selected Device Profile: [Windows]
[2019.12.02-22.00.10:073][  0]LogInit: Applying CVar settings loaded from the selected device profile: [Windows]
[2019.12.02-22.00.10:112][  0]LogInit: Computer: LAPTOP-OQTU4Q1V
[2019.12.02-22.00.10:112][  0]LogInit: User: jsimo
[2019.12.02-22.00.10:112][  0]LogInit: CPU Page size=4096, Cores=4
[2019.12.02-22.00.10:113][  0]LogInit: High frequency timer resolution =10.000000 MHz
[2019.12.02-22.00.10:113][  0]LogMemory: Memory total: Physical=7.9GB (8GB approx)
[2019.12.02-22.00.10:113][  0]LogMemory: Platform Memory Stats for Windows
[2019.12.02-22.00.10:113][  0]LogMemory: Process Physical Memory: 275.91 MB used, 275.91 MB peak
[2019.12.02-22.00.10:113][  0]LogMemory: Process Virtual Memory: 276.69 MB used, 276.69 MB peak
[2019.12.02-22.00.10:113][  0]LogMemory: Physical Memory: 6069.17 MB used,  2042.96 MB free, 8112.13 MB total
[2019.12.02-22.00.10:113][  0]LogMemory: Virtual Memory: 4777.01 MB used,  2042.96 MB free, 134217728.00 MB total
[2019.12.02-22.00.10:318][  0]LogInit: Using OS detected language (en-GB).
[2019.12.02-22.00.10:318][  0]LogInit: Using OS detected locale (en-GB).
[2019.12.02-22.00.10:318][  0]LogTextLocalizationManager: No localization for 'en-GB' exists, so 'en' will be used for the language.
[2019.12.02-22.00.10:318][  0]LogTextLocalizationManager: No localization for 'en-GB' exists, so 'en' will be used for the locale.
[2019.12.02-22.00.10:865][  0]LogStreaming: Display: Took  0.547s to EndInitTextLocalization.
[2019.12.02-22.00.11:032][  0]LogSlate: New Slate User Created.  User Index 0, Is Virtual User: 0
[2019.12.02-22.00.11:032][  0]LogSlate: Slate User Registered.  User Index 0, Is Virtual User: 0
[2019.12.02-22.00.11:036][  0]LogD3D11RHI: D3D11 adapters:
[2019.12.02-22.00.11:123][  0]LogD3D11RHI:    0. 'NVIDIA GeForce GTX 1060' (Feature Level 11_0)
[2019.12.02-22.00.11:123][  0]LogD3D11RHI:       2987/0/4056 MB DedicatedVideo/DedicatedSystem/SharedSystem, Outputs:1, VendorId:0x10de
[2019.12.02-22.00.11:128][  0]LogD3D11RHI:    1. 'Microsoft Basic Render Driver' (Feature Level 11_0)
[2019.12.02-22.00.11:128][  0]LogD3D11RHI:       0/0/4056 MB DedicatedVideo/DedicatedSystem/SharedSystem, Outputs:0, VendorId:0x1414
[2019.12.02-22.00.11:128][  0]LogD3D11RHI: Chosen D3D11 Adapter: 0
[2019.12.02-22.00.11:148][  0]LogD3D11RHI: Creating new Direct3DDevice
[2019.12.02-22.00.11:148][  0]LogD3D11RHI:     GPU DeviceId: 0x1c60 (for the marketing name, search the web for "GPU Device Id")
[2019.12.02-22.00.11:148][  0]LogWindows: EnumDisplayDevices:
[2019.12.02-22.00.11:149][  0]LogWindows:    0. 'NVIDIA GeForce GTX 1060' (P:1 D:1)
[2019.12.02-22.00.11:149][  0]LogWindows:    1. 'NVIDIA GeForce GTX 1060' (P:0 D:0)
[2019.12.02-22.00.11:149][  0]LogWindows:    2. 'NVIDIA GeForce GTX 1060' (P:0 D:0)
[2019.12.02-22.00.11:150][  0]LogWindows:    3. 'NVIDIA GeForce GTX 1060' (P:0 D:0)
[2019.12.02-22.00.11:150][  0]LogWindows: DebugString: GetVideoDriverDetailsInvalid PrimaryIsNotTheChoosenAdapter GetVideoDriverDetailsInvalid PrimaryIsNotTheChoosenAdapter GetVideoDriverDetailsInvalid PrimaryIsNotTheChoosenAdapter GetVideoDriverDetailsInvalid PrimaryIsNotTheChoosenAdapter FoundDriverCount:0 
[2019.12.02-22.00.11:150][  0]LogD3D11RHI:     Adapter Name: NVIDIA GeForce GTX 1060
[2019.12.02-22.00.11:150][  0]LogD3D11RHI:   Driver Version: Unknown (internal:Unknown, unified:Unknown)
[2019.12.02-22.00.11:150][  0]LogD3D11RHI:      Driver Date: Unknown
[2019.12.02-22.00.11:150][  0]LogRHI: Texture pool is 2090 MB (70% of 2987 MB)
[2019.12.02-22.00.11:207][  0]LogD3D11RHI: [Aftermath] Aftermath enabled and primed
[2019.12.02-22.00.11:208][  0]LogD3D11RHI: [Aftermath] Aftermath enabled and primed
[2019.12.02-22.00.11:208][  0]LogD3D11RHI: Async texture creation enabled
[2019.12.02-22.00.11:223][  0]LogD3D11RHI: GPU Timing Frequency: 1000.000000 (Debug: 2 1)
[2019.12.02-22.00.11:269][  0]LogShaderCompilers: Guid format shader working directory is -3 characters bigger than the processId version (../../../../../Documents/Beta Arcade/MasterBuild/Intermediate/Shaders/WorkingDirectory/15520/).
[2019.12.02-22.00.11:269][  0]LogShaderCompilers: Cleaned the shader compiler working directory 'C:/Users/jsimo/AppData/Local/Temp/UnrealShaderWorkingDir/3D8A88EC4445FA02E7B6A282D988F763/'.
[2019.12.02-22.00.11:653][  0]LogTemp: Display: Loaded TP WindowsClientTargetPlatform
[2019.12.02-22.00.11:666][  0]LogTemp: Display: Loaded TP WindowsNoEditorTargetPlatform
[2019.12.02-22.00.11:678][  0]LogTemp: Display: Loaded TP WindowsServerTargetPlatform
[2019.12.02-22.00.11:691][  0]LogTemp: Display: Loaded TP WindowsTargetPlatform
[2019.12.02-22.00.11:691][  0]LogTargetPlatformManager: Display: Building Assets For Windows
[2019.12.02-22.00.12:161][  0]LogXGEController: Cannot use XGE Controller as Incredibuild is not installed on this machine.
[2019.12.02-22.00.12:161][  0]LogShaderCompilers: Cannot use XGE Shader Compiler as Incredibuild is not installed on this machine.
[2019.12.02-22.00.12:161][  0]LogShaderCompilers: Display: Using Local Shader Compiler.
[2019.12.02-22.00.13:058][  0]LogDerivedDataCache: Display: Max Cache Size: 512 MB
[2019.12.02-22.00.13:598][  0]LogDerivedDataCache: Loaded boot cache 0.54s 77MB C:/Users/jsimo/AppData/Local/UnrealEngine/4.19/DerivedDataCache/Boot.ddc.
[2019.12.02-22.00.13:598][  0]LogDerivedDataCache: Display: Loaded Boot cache: C:/Users/jsimo/AppData/Local/UnrealEngine/4.19/DerivedDataCache/Boot.ddc
[2019.12.02-22.00.13:598][  0]LogDerivedDataCache: FDerivedDataBackendGraph:  Pak pak cache file ../../../../../Documents/Beta Arcade/MasterBuild/DerivedDataCache/DDC.ddp not found, will not use a pak cache.
[2019.12.02-22.00.13:598][  0]LogDerivedDataCache: Unable to find inner node Pak for hierarchical cache Hierarchy.
[2019.12.02-22.00.13:598][  0]LogDerivedDataCache: FDerivedDataBackendGraph:  CompressedPak pak cache file ../../../../../Documents/Beta Arcade/MasterBuild/DerivedDataCache/Compressed.ddp not found, will not use a pak cache.
[2019.12.02-22.00.13:598][  0]LogDerivedDataCache: Unable to find inner node CompressedPak for hierarchical cache Hierarchy.
[2019.12.02-22.00.13:653][  0]LogDerivedDataCache: Display: Pak cache opened for reading ../../../Engine/DerivedDataCache/Compressed.ddp.
[2019.12.02-22.00.13:666][  0]LogDerivedDataCache: Using Local data cache path C:/Users/jsimo/AppData/Local/UnrealEngine/Common/DerivedDataCache: Writable
[2019.12.02-22.00.13:666][  0]LogDerivedDataCache: Shared data cache path not found in *engine.ini, will not use an Shared cache.
[2019.12.02-22.00.13:666][  0]LogDerivedDataCache: Unable to find inner node Shared for hierarchical cache Hierarchy.
[2019.12.02-22.00.13:676][  0]LogMaterial: Verifying Global Shaders for PCD3D_SM5
[2019.12.02-22.00.13:676][  0]LogSlate: Using Freetype 2.6.0
[2019.12.02-22.00.13:686][  0]LogSlate: SlateFontCache - WITH_FREETYPE: 1, WITH_HARFBUZZ: 1
[2019.12.02-22.00.13:686][  0]LogSlate: SlateFontCache - WITH_FREETYPE: 1, WITH_HARFBUZZ: 1
[2019.12.02-22.00.16:634][  0]LogAssetRegistry: FAssetRegistry took 0.0038 seconds to start up
[2019.12.02-22.00.17:344][  0]LogPackageLocalizationCache: Processed 9 localized package path(s) for 1 prioritized culture(s) in 0.009216 seconds
[2019.12.02-22.00.17:445][  0]LogInit: Selected Device Profile: [Windows]
[2019.12.02-22.00.17:743][  0]LogSimplygon: Simplygon DLL not present - disabling.
[2019.12.02-22.00.17:766][  0]LogMeshReduction: Using SimplygonSwarm for distributed automatic mesh merging
[2019.12.02-22.00.17:766][  0]LogMeshReduction: Using QuadricMeshReduction for automatic static mesh reduction
[2019.12.02-22.00.17:766][  0]LogMeshReduction: No automatic skeletal mesh reduction module available
[2019.12.02-22.00.17:766][  0]LogMeshReduction: No automatic mesh merging module available
[2019.12.02-22.00.17:766][  0]LogMeshMerging: No automatic mesh merging module available
[2019.12.02-22.00.17:801][  0]LogNetVersion: MasterBuild , NetCL: 3944462, EngineNetVer: 2, GameNetVer: 0 (Checksum: 2426174287)
[2019.12.02-22.00.19:372][  0]LogMoviePlayer: Initializing movie player
[2019.12.02-22.00.19:920][  0]LogTcpMessaging: Initializing TcpMessaging bridge
[2019.12.02-22.00.19:960][  0]LogUdpMessaging: Initializing bridge on interface 0.0.0.0:0 to multicast group 230.0.0.1:6666.
[2019.12.02-22.00.20:855][  0]LogStats: FPlatformStackWalk::StackWalkAndDump -  0.566 s
[2019.12.02-22.00.20:855][  0]LogOutputDevice: Error: === Handled ensure: ===
[2019.12.02-22.00.20:855][  0]LogOutputDevice: Error: 
[2019.12.02-22.00.20:855][  0]LogOutputDevice: Error: Ensure condition failed: AttachmentRules.LocationRule == EAttachmentRule::KeepRelative && AttachmentRules.RotationRule == EAttachmentRule::KeepRelative && AttachmentRules.ScaleRule == EAttachmentRule::KeepRelative [File:D:\Build\++UE4+Release-4.19+Compile\Sync\Engine\Source\Runtime\Engine\Private\Components\SceneComponent.cpp] [Line: 1678]
[2019.12.02-22.00.20:855][  0]LogOutputDevice: Error: AttachToComponent when called from a constructor is only setting up attachment and will always be treated as KeepRelative. Consider calling SetupAttachment directly instead.
[2019.12.02-22.00.20:855][  0]LogOutputDevice: Error: Stack: 
[2019.12.02-22.00.20:855][  0]LogOutputDevice: Error: [Callstack] 0x00000000F63EB706 UE4Editor-Core.dll!UnknownFunction []
[2019.12.02-22.00.20:855][  0]LogOutputDevice: Error: [Callstack] 0x00000000F614AE3A UE4Editor-Core.dll!UnknownFunction []
[2019.12.02-22.00.20:856][  0]LogOutputDevice: Error: [Callstack] 0x00000000F615ECD6 UE4Editor-Core.dll!UnknownFunction []
[2019.12.02-22.00.20:856][  0]LogOutputDevice: Error: [Callstack] 0x00000000E5FCE0F8 UE4Editor-Engine.dll!UnknownFunction []
[2019.12.02-22.00.20:856][  0]LogOutputDevice: Error: [Callstack] 0x00000000D0C1B219 UE4Editor-MasterBuild.dll!AChar_Wolf::AChar_Wolf() [d:\documents\beta arcade\masterbuild\source\masterbuild\player\char_wolf.cpp:13]
[2019.12.02-22.00.20:856][  0]LogOutputDevice: Error: [Callstack] 0x00000000F4F354F8 UE4Editor-CoreUObject.dll!UnknownFunction []
[2019.12.02-22.00.20:856][  0]LogOutputDevice: Error: [Callstack] 0x00000000F51C7D30 UE4Editor-CoreUObject.dll!UnknownFunction []
[2019.12.02-22.00.20:856][  0]LogOutputDevice: Error: [Callstack] 0x00000000F51A94A2 UE4Editor-CoreUObject.dll!UnknownFunction []
[2019.12.02-22.00.20:856][  0]LogOutputDevice: Error: [Callstack] 0x00000000F4F3A7F7 UE4Editor-CoreUObject.dll!UnknownFunction []
[2019.12.02-22.00.20:856][  0]LogOutputDevice: Error: [Callstack] 0x00000000F5FF4190 UE4Editor-Core.dll!UnknownFunction []
[2019.12.02-22.00.20:856][  0]LogOutputDevice: Error: [Callstack] 0x00000000F6205E91 UE4Editor-Core.dll!UnknownFunction []
[2019.12.02-22.00.20:856][  0]LogOutputDevice: Error: [Callstack] 0x0000000018B7FC7A UE4Editor-Projects.dll!UnknownFunction []
[2019.12.02-22.00.20:856][  0]LogOutputDevice: Error: [Callstack] 0x0000000018B7FFC2 UE4Editor-Projects.dll!UnknownFunction []
[2019.12.02-22.00.20:856][  0]LogOutputDevice: Error: [Callstack] 0x00000000FA809731 UE4Editor.exe!UnknownFunction []
[2019.12.02-22.00.20:856][  0]LogOutputDevice: Error: [Callstack] 0x00000000FA80DD83 UE4Editor.exe!UnknownFunction []
[2019.12.02-22.00.20:856][  0]LogOutputDevice: Error: [Callstack] 0x00000000FA8069FA UE4Editor.exe!UnknownFunction []
[2019.12.02-22.00.20:856][  0]LogOutputDevice: Error: [Callstack] 0x00000000FA806C4A UE4Editor.exe!UnknownFunction []
[2019.12.02-22.00.20:856][  0]LogOutputDevice: Error: [Callstack] 0x00000000FA814177 UE4Editor.exe!UnknownFunction []
[2019.12.02-22.00.20:856][  0]LogOutputDevice: Error: [Callstack] 0x00000000FA815B87 UE4Editor.exe!UnknownFunction []
[2019.12.02-22.00.20:856][  0]LogOutputDevice: Error: [Callstack] 0x0000000043E47BD4 KERNEL32.DLL!UnknownFunction []
[2019.12.02-22.00.20:856][  0]LogOutputDevice: Error: [Callstack] 0x0000000045A8CED1 ntdll.dll!UnknownFunction []
[2019.12.02-22.00.20:856][  0]LogOutputDevice: Error: 
[2019.12.02-22.00.20:857][  0]LogStats:                SubmitErrorReport -  0.000 s
[2019.12.02-22.00.23:388][  0]LogStats:                    SendNewReport -  2.531 s
[2019.12.02-22.00.23:388][  0]LogStats:             FDebug::EnsureFailed -  3.098 s
[2019.12.02-22.00.23:398][  0]LogUObjectGlobals: Created PersistentFrame Addr=0x000001e652a82b40, Size=64, Default__ThirdPerson_AnimBP_C Function /Game/Mannequin/Animations/ThirdPerson_AnimBP.ThirdPerson_AnimBP_C:ExecuteUbergraph_ThirdPerson_AnimBP
[2019.12.02-22.00.23:831][  0]LogUObjectGlobals: Destroyed PersistentFrame Addr=0x000001e652a82b40, Size=64
[2019.12.02-22.00.23:831][  0]LogUObjectGlobals: Created PersistentFrame Addr=0x000001e651d2a3c0, Size=64, Default__ThirdPerson_AnimBP_C Function /Engine/Transient.REINST_ThirdPerson_AnimBP_C_0:ExecuteUbergraph_ThirdPerson_AnimBP
[2019.12.02-22.00.23:840][  0]LogUObjectGlobals: Created PersistentFrame Addr=0x000001e65229e200, Size=72, Default__ThirdPerson_AnimBP_C Function /Game/Mannequin/Animations/ThirdPerson_AnimBP.ThirdPerson_AnimBP_C:ExecuteUbergraph_ThirdPerson_AnimBP
[2019.12.02-22.00.23:968][  0]LogSkeletalMesh: Skeletal Mesh found in DDC [3.652500ms] /Game/Mannequin/Character/Mesh/SK_Mannequin.SK_Mannequin
[2019.12.02-22.00.24:090][  0]SourceControl: Source control is disabled
[2019.12.02-22.00.24:090][  0]SourceControl: Source control is disabled
[2019.12.02-22.00.24:129][  0]SourceControl: Source control is disabled
[2019.12.02-22.00.24:806][  0]LogAndroidPermission: UAndroidPermissionCallbackProxy::GetInstance
[2019.12.02-22.00.25:150][  0]LogOcInput: OculusInput pre-init called
[2019.12.02-22.00.25:211][  0]LogUObjectArray: 41226 objects as part of root set at end of initial load.
[2019.12.02-22.00.25:211][  0]LogUObjectAllocator: 8851024 out of 0 bytes used by permanent object pool.
[2019.12.02-22.00.25:211][  0]LogUObjectArray: CloseDisregardForGC: 0/0 objects in disregard for GC pool
[2019.12.02-22.00.25:369][  0]LogEngine: Initializing Engine...
[2019.12.02-22.00.25:378][  0]LogHMD: Failed to initialize OpenVR with code 102
[2019.12.02-22.00.25:391][  0]LogStats: UGameplayTagsManager::ConstructGameplayTagTree: Construct from data asset -  0.000 s
[2019.12.02-22.00.25:391][  0]LogStats: UGameplayTagsManager::ConstructGameplayTagTree: GameplayTagTreeChangedEvent.Broadcast -  0.000 s
[2019.12.02-22.00.25:611][  0]LogInit: XAudio2 using 'Speaker / Headphone (Realtek(R) Audio)' : 2 channels at 48 kHz using 32 bits per sample (channel mask 0x3)
[2019.12.02-22.00.25:663][  0]LogInit: FAudioDevice initialized.
[2019.12.02-22.00.25:695][  0]LogInit: Texture streaming: Enabled
[2019.12.02-22.00.25:969][  0]LogUObjectGlobals: Created PersistentFrame Addr=0x000001e660e73a00, Size=688, Default__GameInfoInstance_BP_C Function /Game/Woolf/Blueprints/GameInfoInstance_BP.GameInfoInstance_BP_C:ExecuteUbergraph_GameInfoInstance_BP
[2019.12.02-22.00.25:973][  0]LogUObjectGlobals: Created PersistentFrame Addr=0x000001e6578aac80, Size=32, Default__W_MainMenu_C Function /Game/Woolf/UI/W_MainMenu.W_MainMenu_C:ExecuteUbergraph_W_MainMenu
[2019.12.02-22.00.25:978][  0]LogUObjectGlobals: Created PersistentFrame Addr=0x000001e644834bc0, Size=64, Default__W_HostMenu_C Function /Game/Woolf/UI/W_HostMenu.W_HostMenu_C:ExecuteUbergraph_W_HostMenu
[2019.12.02-22.00.25:981][  0]LogUObjectGlobals: Created PersistentFrame Addr=0x000001e660e4a340, Size=160, Default__W_JoinMenu_C Function /Game/Woolf/UI/W_JoinMenu.W_JoinMenu_C:ExecuteUbergraph_W_JoinMenu
[2019.12.02-22.00.25:998][  0]LogUObjectGlobals: Destroyed PersistentFrame Addr=0x000001e660e73a00, Size=688
[2019.12.02-22.00.25:998][  0]LogUObjectGlobals: Created PersistentFrame Addr=0x000001e660dcc700, Size=688, Default__GameInfoInstance_BP_C Function /Engine/Transient.REINST_GameInfoInstance_BP_C_4:ExecuteUbergraph_GameInfoInstance_BP
[2019.12.02-22.00.25:998][  0]LogUObjectGlobals: Destroyed PersistentFrame Addr=0x000001e644834bc0, Size=64
[2019.12.02-22.00.25:998][  0]LogUObjectGlobals: Created PersistentFrame Addr=0x000001e660d6f740, Size=64, Default__W_HostMenu_C Function /Engine/Transient.REINST_W_HostMenu_C_0:ExecuteUbergraph_W_HostMenu
[2019.12.02-22.00.25:999][  0]LogUObjectGlobals: Destroyed PersistentFrame Addr=0x000001e660e4a340, Size=160
[2019.12.02-22.00.25:999][  0]LogUObjectGlobals: Created PersistentFrame Addr=0x000001e660d787c0, Size=160, Default__W_JoinMenu_C Function /Engine/Transient.REINST_W_JoinMenu_C_1:ExecuteUbergraph_W_JoinMenu
[2019.12.02-22.00.25:999][  0]LogUObjectGlobals: Destroyed PersistentFrame Addr=0x000001e6578aac80, Size=32
[2019.12.02-22.00.25:999][  0]LogUObjectGlobals: Created PersistentFrame Addr=0x000001e660df8620, Size=32, Default__W_MainMenu_C Function /Engine/Transient.REINST_W_MainMenu_C_2:ExecuteUbergraph_W_MainMenu
[2019.12.02-22.00.26:013][  0]LogUObjectGlobals: Created PersistentFrame Addr=0x000001e660e72e00, Size=672, Default__GameInfoInstance_BP_C Function /Game/Woolf/Blueprints/GameInfoInstance_BP.GameInfoInstance_BP_C:ExecuteUbergraph_GameInfoInstance_BP
[2019.12.02-22.00.26:014][  0]LogUObjectGlobals: Created PersistentFrame Addr=0x000001e660c5fa80, Size=64, Default__W_HostMenu_C Function /Game/Woolf/UI/W_HostMenu.W_HostMenu_C:ExecuteUbergraph_W_HostMenu
[2019.12.02-22.00.26:016][  0]LogUObjectGlobals: Created PersistentFrame Addr=0x000001e660cb00e0, Size=160, Default__W_JoinMenu_C Function /Game/Woolf/UI/W_JoinMenu.W_JoinMenu_C:ExecuteUbergraph_W_JoinMenu
[2019.12.02-22.00.26:017][  0]LogUObjectGlobals: Created PersistentFrame Addr=0x000001e660c8a220, Size=32, Default__W_MainMenu_C Function /Game/Woolf/UI/W_MainMenu.W_MainMenu_C:ExecuteUbergraph_W_MainMenu
[2019.12.02-22.00.26:038][  0]LogInit: Display: Game Engine Initialized.
[2019.12.02-22.00.26:038][  0]LogGameplayTags: Display: UGameplayTagsManager::DoneAddingNativeTags. DelegateIsBound: 0
[2019.12.02-22.00.26:038][  0]LogStats: UGameplayTagsManager::ConstructGameplayTagTree: Construct from data asset -  0.000 s
[2019.12.02-22.00.26:038][  0]LogStats: UGameplayTagsManager::ConstructGameplayTagTree: GameplayTagTreeChangedEvent.Broadcast -  0.000 s
[2019.12.02-22.00.26:170][  0]LogInit: Display: Starting Game.
[2019.12.02-22.00.26:170][  0]LogNet: Browse: /Game/Woolf/Maps/Scott_maps/mainmenuLevel/map/mainmenuLevel?Name=Player
[2019.12.02-22.00.26:170][  0]LogLoad: LoadMap: /Game/Woolf/Maps/Scott_maps/mainmenuLevel/map/mainmenuLevel?Name=Player
[2019.12.02-22.00.26:179][  0]LogUObjectGlobals: Destroyed PersistentFrame Addr=0x000001e651d2a3c0, Size=64
[2019.12.02-22.00.26:179][  0]LogUObjectGlobals: Destroyed PersistentFrame Addr=0x000001e660dcc700, Size=688
[2019.12.02-22.00.26:179][  0]LogUObjectGlobals: Destroyed PersistentFrame Addr=0x000001e660df8620, Size=32
[2019.12.02-22.00.26:179][  0]LogUObjectGlobals: Destroyed PersistentFrame Addr=0x000001e660d6f740, Size=64
[2019.12.02-22.00.26:179][  0]LogUObjectGlobals: Destroyed PersistentFrame Addr=0x000001e660d787c0, Size=160
[2019.12.02-22.00.26:185][  0]LogUObjectGlobals: Created PersistentFrame Addr=0x000001e660cfee80, Size=528, Default__mainmenuLevel_C Function /Game/Woolf/Maps/Scott_maps/mainmenuLevel/map/mainmenuLevel.mainmenuLevel_C:ExecuteUbergraph_mainmenuLevel
[2019.12.02-22.00.26:260][  0]LogUObjectGlobals: Destroyed PersistentFrame Addr=0x000001e660cfee80, Size=528
[2019.12.02-22.00.26:260][  0]LogUObjectGlobals: Created PersistentFrame Addr=0x000001e660cb6700, Size=528, Default__mainmenuLevel_C Function /Engine/Transient.REINST_mainmenuLevel_C_13:ExecuteUbergraph_mainmenuLevel
[2019.12.02-22.00.26:262][  0]LogUObjectGlobals: Created PersistentFrame Addr=0x000001e660cb5f80, Size=528, Default__mainmenuLevel_C Function /Game/Woolf/Maps/Scott_maps/mainmenuLevel/map/mainmenuLevel.mainmenuLevel_C:ExecuteUbergraph_mainmenuLevel
[2019.12.02-22.00.26:426][  0]LogAIModule: Creating AISystem for world mainmenuLevel
[2019.12.02-22.00.26:431][  0]LogUObjectGlobals: Created PersistentFrame Addr=0x000001e660cddc00, Size=328, Default__Wolfy_BP_C Function /Game/Woolf/Blueprints/Player/Wolfy_BP.Wolfy_BP_C:ExecuteUbergraph_Wolfy_BP
[2019.12.02-22.00.26:449][  0]LogUObjectGlobals: Destroyed PersistentFrame Addr=0x000001e660cddc00, Size=328
[2019.12.02-22.00.26:449][  0]LogUObjectGlobals: Created PersistentFrame Addr=0x000001e65ea92e00, Size=328, Default__Wolfy_BP_C Function /Engine/Transient.REINST_Wolfy_BP_C_16:ExecuteUbergraph_Wolfy_BP
[2019.12.02-22.00.26:459][  0]LogUObjectGlobals: Created PersistentFrame Addr=0x000001e65ea35f00, Size=328, Default__Wolfy_BP_C Function /Game/Woolf/Blueprints/Player/Wolfy_BP.Wolfy_BP_C:ExecuteUbergraph_Wolfy_BP
[2019.12.02-22.00.26:473][  0]LogLoad: Game class is 'WolfGameMode_BP_C'
[2019.12.02-22.00.26:484][  0]LogWorld: Bringing World /Game/Woolf/Maps/Scott_maps/mainmenuLevel/map/mainmenuLevel.mainmenuLevel up for play (max tick rate 0) at 2019.12.02-22.00.26
[2019.12.02-22.00.26:485][  0]LogWorld: Bringing up level for play took: 0.010890
[2019.12.02-22.00.26:829][  0]LogStats: FPlatformStackWalk::StackWalkAndDump -  0.321 s
[2019.12.02-22.00.26:829][  0]LogOutputDevice: Error: === Handled ensure: ===
[2019.12.02-22.00.26:829][  0]LogOutputDevice: Error: 
[2019.12.02-22.00.26:829][  0]LogOutputDevice: Error: Ensure condition failed: InvocationList[ CurFunctionIndex ] != InDelegate [File:D:\UE4\UE_4.19\Engine\Source\Runtime\Core\Public\UObject/ScriptDelegates.h] [Line: 509]
[2019.12.02-22.00.26:829][  0]LogOutputDevice: Error: 
[2019.12.02-22.00.26:829][  0]LogOutputDevice: Error: Stack: 
[2019.12.02-22.00.26:829][  0]LogOutputDevice: Error: [Callstack] 0x00000000F63EB706 UE4Editor-Core.dll!UnknownFunction []
[2019.12.02-22.00.26:829][  0]LogOutputDevice: Error: [Callstack] 0x00000000F614AE3A UE4Editor-Core.dll!UnknownFunction []
[2019.12.02-22.00.26:829][  0]LogOutputDevice: Error: [Callstack] 0x00000000F615ECD6 UE4Editor-Core.dll!UnknownFunction []
[2019.12.02-22.00.26:829][  0]LogOutputDevice: Error: [Callstack] 0x00000000D0C19D02 UE4Editor-MasterBuild.dll!TMulticastScriptDelegate<FWeakObjectPtr>::AddInternal() [d:\ue4\ue_4.19\engine\source\runtime\core\public\uobject\scriptdelegates.h:509]
[2019.12.02-22.00.26:829][  0]LogOutputDevice: Error: [Callstack] 0x00000000D0C1B0B3 UE4Editor-MasterBuild.dll!TBaseDynamicMulticastDelegate<FWeakObjectPtr,void,UPrimitiveComponent *,AActor *,UPrimitiveComponent *,int,bool,FHitResult const &>::__Internal_AddDynamic<AChar_Wolf>() [d:\ue4\ue_4.19\engine\source\runtime\core\public\delegates\delegatesignatureimpl.inl:1141]
[2019.12.02-22.00.26:829][  0]LogOutputDevice: Error: [Callstack] 0x00000000D0C1BEF8 UE4Editor-MasterBuild.dll!AChar_Wolf::SetupOverlapEvents() [d:\documents\beta arcade\masterbuild\source\masterbuild\player\char_wolf.cpp:122]
[2019.12.02-22.00.26:829][  0]LogOutputDevice: Error: [Callstack] 0x00000000E5A972FB UE4Editor-Engine.dll!UnknownFunction []
[2019.12.02-22.00.26:829][  0]LogOutputDevice: Error: [Callstack] 0x00000000E6D4AE33 UE4Editor-Engine.dll!UnknownFunction []
[2019.12.02-22.00.26:829][  0]LogOutputDevice: Error: [Callstack] 0x00000000E620F731 UE4Editor-Engine.dll!UnknownFunction []
[2019.12.02-22.00.26:829][  0]LogOutputDevice: Error: [Callstack] 0x00000000E6D3414E UE4Editor-Engine.dll!UnknownFunction []
[2019.12.02-22.00.26:829][  0]LogOutputDevice: Error: [Callstack] 0x00000000E6C5A5BF UE4Editor-Engine.dll!UnknownFunction []
[2019.12.02-22.00.26:829][  0]LogOutputDevice: Error: [Callstack] 0x00000000E6C0C788 UE4Editor-Engine.dll!UnknownFunction []
[2019.12.02-22.00.26:829][  0]LogOutputDevice: Error: [Callstack] 0x00000000E6233593 UE4Editor-Engine.dll!UnknownFunction []
[2019.12.02-22.00.26:829][  0]LogOutputDevice: Error: [Callstack] 0x00000000FA7F2A7E UE4Editor.exe!UnknownFunction []
[2019.12.02-22.00.26:829][  0]LogOutputDevice: Error: [Callstack] 0x00000000FA806ACD UE4Editor.exe!UnknownFunction []
[2019.12.02-22.00.26:829][  0]LogOutputDevice: Error: [Callstack] 0x00000000FA806C4A UE4Editor.exe!UnknownFunction []
[2019.12.02-22.00.26:830][  0]LogOutputDevice: Error: [Callstack] 0x00000000FA814177 UE4Editor.exe!UnknownFunction []
[2019.12.02-22.00.26:830][  0]LogOutputDevice: Error: [Callstack] 0x00000000FA815B87 UE4Editor.exe!UnknownFunction []
[2019.12.02-22.00.26:830][  0]LogOutputDevice: Error: [Callstack] 0x0000000043E47BD4 KERNEL32.DLL!UnknownFunction []
[2019.12.02-22.00.26:830][  0]LogOutputDevice: Error: [Callstack] 0x0000000045A8CED1 ntdll.dll!UnknownFunction []
[2019.12.02-22.00.26:830][  0]LogOutputDevice: Error: 
[2019.12.02-22.00.26:832][  0]LogStats:                SubmitErrorReport -  0.000 s
[2019.12.02-22.00.27:478][  0]LogStats:                    SendNewReport -  0.647 s
[2019.12.02-22.00.27:478][  0]LogStats:             FDebug::EnsureFailed -  0.970 s
[2019.12.02-22.00.27:478][  0]LogLoad: Took 1.308059 seconds to LoadMap(/Game/Woolf/Maps/Scott_maps/mainmenuLevel/map/mainmenuLevel)
[2019.12.02-22.00.27:562][  0]LogLoad: (Engine Initialization) Total time: 23.47 seconds
[2019.12.02-22.00.27:562][  0]LogLoad: (Engine Initialization) Total Blueprint compile time: 0.00 seconds
[2019.12.02-22.00.27:566][  0]LogRenderer: Reallocating scene render targets to support 1280x720 Format 10 NumSamples 1 (Frame:1).
[2019.12.02-22.00.27:630][  0]LogContentStreaming: Texture pool size now 1000 MB
[2019.12.02-22.00.27:637][  1]LogAudio: Warning: Detected orphaned looping sound 'MainMenuST'.
[2019.12.02-22.00.31:368][219]LogSlate: FSceneViewport::OnFocusLost() reason 0
[2019.12.02-22.00.31:433][223]PIE: UWidget::RemoveFromParent() called on '/Engine/Transient.GameEngine_0:GameInfoInstance_BP_C_0.W_MainMenu_C_0' which has no UMG parent (if it was added directly to a native Slate widget via TakeWidget() then it must be removed explicitly rather than via RemoveFromParent())
[2019.12.02-22.00.40:057][739]LogNet: Browse: 192.168.0.22//Game/Woolf/Maps/Scott_maps/mainmenuLevel/map/mainmenuLevel
[2019.12.02-22.00.40:057][739]LogTemp: Display: ParseSettings for GameNetDriver
[2019.12.02-22.00.40:057][739]LogTemp: Display: ParseSettings for IpNetDriver_0
[2019.12.02-22.00.40:057][739]LogTemp: Display: ParseSettings for PendingNetDriver
[2019.12.02-22.00.40:057][739]LogInit: WinSock: Socket queue 32768 / 32768
[2019.12.02-22.00.40:078][739]PacketHandlerLog: Loaded PacketHandler component: Engine.EngineHandlerComponentFactory (StatelessConnectHandlerComponent)
[2019.12.02-22.00.40:110][739]LogNet: Game client on port 7777, rate 10000
[2019.12.02-22.00.40:165][741]LogHandshake: SendChallengeResponse. Timestamp: 1119.704346, Cookie: 006033091212211240126197198014000061017070002204040251040232
[2019.12.02-22.00.40:187][743]LogNetVersion: MasterBuild 1.0.0.0, NetCL: 3944462, EngineNetVer: 2, GameNetVer: 0 (Checksum: 2949019126)
[2019.12.02-22.00.40:192][743]LogNet: UPendingNetGame::SendInitialJoin: Sending hello. [UNetConnection] RemoteAddr: 192.168.0.22:7777, Name: IpConnection_0, Driver: PendingNetDriver IpNetDriver_0, IsServer: NO, PC: NULL, Owner: NULL, UniqueId: INVALID
[2019.12.02-22.00.40:251][747]LogNet: Welcomed by server (Level: /Game/Woolf/Maps/2/NewSheepHeaven, Game: /Game/Woolf/Blueprints/WolfGameMode_BP.WolfGameMode_BP_C)
[2019.12.02-22.00.40:252][747]LogLoad: LoadMap: 192.168.0.22//Game/Woolf/Maps/2/NewSheepHeaven?game=/Game/Woolf/Blueprints/WolfGameMode_BP.WolfGameMode_BP_C
[2019.12.02-22.00.40:268][747]LogUObjectGlobals: Destroyed PersistentFrame Addr=0x000001e660cb6700, Size=528
[2019.12.02-22.00.40:269][747]LogUObjectGlobals: Destroyed PersistentFrame Addr=0x000001e660cb5f80, Size=528
[2019.12.02-22.00.40:269][747]LogUObjectGlobals: Destroyed PersistentFrame Addr=0x000001e65ea92e00, Size=328
[2019.12.02-22.00.40:269][747]LogUObjectGlobals: Destroyed PersistentFrame Addr=0x000001e65ea35f00, Size=328
[2019.12.02-22.00.40:275][747]LogUObjectGlobals: Created PersistentFrame Addr=0x000001e6651e63e0, Size=160, Default__NewSheepHeaven_C Function /Game/Woolf/Maps/2/NewSheepHeaven.NewSheepHeaven_C:ExecuteUbergraph_NewSheepHeaven
[2019.12.02-22.00.40:359][747]LogUObjectGlobals: Destroyed PersistentFrame Addr=0x000001e6651e63e0, Size=160
[2019.12.02-22.00.40:359][747]LogUObjectGlobals: Created PersistentFrame Addr=0x000001e660d57d80, Size=160, Default__NewSheepHeaven_C Function /Engine/Transient.REINST_NewSheepHeaven_C_22:ExecuteUbergraph_NewSheepHeaven
[2019.12.02-22.00.40:361][747]LogUObjectGlobals: Created PersistentFrame Addr=0x000001e660bbce00, Size=160, Default__NewSheepHeaven_C Function /Game/Woolf/Maps/2/NewSheepHeaven.NewSheepHeaven_C:ExecuteUbergraph_NewSheepHeaven
[2019.12.02-22.00.40:738][747]LogAIModule: Creating AISystem for world NewSheepHeaven
[2019.12.02-22.00.40:738][747]LogTemp: Display: ParseSettings for GameNetDriver
[2019.12.02-22.00.40:749][747]LogWorld: Bringing World /Game/Woolf/Maps/2/NewSheepHeaven.NewSheepHeaven up for play (max tick rate 0) at 2019.12.02-22.00.40
[2019.12.02-22.00.40:750][747]LogWorld: Bringing up level for play took: 0.010401
[2019.12.02-22.00.40:751][747]LogLoad: Took 0.498731 seconds to LoadMap(/Game/Woolf/Maps/2/NewSheepHeaven)
[2019.12.02-22.00.40:960][757]LogUObjectGlobals: Created PersistentFrame Addr=0x000001e660e13580, Size=328, Default__Wolfy_BP_C Function /Game/Woolf/Blueprints/Player/Wolfy_BP.Wolfy_BP_C:ExecuteUbergraph_Wolfy_BP
[2019.12.02-22.00.40:999][757]LogUObjectGlobals: Destroyed PersistentFrame Addr=0x000001e660e13580, Size=328
[2019.12.02-22.00.41:000][757]LogUObjectGlobals: Created PersistentFrame Addr=0x000001e6615aec80, Size=328, Default__Wolfy_BP_C Function /Engine/Transient.REINST_Wolfy_BP_C_24:ExecuteUbergraph_Wolfy_BP
[2019.12.02-22.00.41:020][757]LogUObjectGlobals: Created PersistentFrame Addr=0x000001e66153be80, Size=328, Default__Wolfy_BP_C Function /Game/Woolf/Blueprints/Player/Wolfy_BP.Wolfy_BP_C:ExecuteUbergraph_Wolfy_BP
[2019.12.02-22.00.41:188][765]LogAudio: Warning: Detected orphaned looping sound 'SheepHeavenSTB_Cue'.
[2019.12.02-22.00.44:685][975]LogSlate: Window 'MasterBuild (64-bit, PCD3D_SM5) ' being destroyed
[2019.12.02-22.00.44:685][975]LogWindowsTextInputMethodSystem: Display: IME system now deactivated.
[2019.12.02-22.00.44:690][975]LogEngine: All Windows Closed
[2019.12.02-22.00.44:690][975]LogWindows: FPlatformMisc::RequestExit(0)
[2019.12.02-22.00.44:764][976]LogNet: World NetDriver shutdown IpNetDriver_0 [GameNetDriver]
[2019.12.02-22.00.44:764][976]LogNet: DestroyNamedNetDriver IpNetDriver_0 [GameNetDriver]
[2019.12.02-22.00.44:764][976]LogNet: UNetConnection::Close: [UNetConnection] RemoteAddr: 192.168.0.22:7777, Name: IpConnection_0, Driver: GameNetDriver IpNetDriver_0, IsServer: NO, PC: PlayerController_1, Owner: PlayerController_1, UniqueId: LAPTOP-OQTU4Q1V-68116E244A6103BFA26BE8A3678F7E65, Channels: 21, Time: 2019.12.02-22.00.44
[2019.12.02-22.00.44:770][976]LogNet: UChannel::Close: Sending CloseBunch. ChIndex == 0. Name: [UChannel] ChIndex: 0, Closing: 0 [UNetConnection] RemoteAddr: 192.168.0.22:7777, Name: IpConnection_0, Driver: GameNetDriver IpNetDriver_0, IsServer: NO, PC: PlayerController_1, Owner: PlayerController_1, UniqueId: LAPTOP-OQTU4Q1V-68116E244A6103BFA26BE8A3678F7E65
[2019.12.02-22.00.44:770][976]LogExit: GameNetDriver IpNetDriver_0 shut down
[2019.12.02-22.00.45:465][976]LogSlate: Slate User Destroyed.  User Index 0, Is Virtual User: 0
[2019.12.02-22.00.45:509][976]LogExit: Preparing to exit.
[2019.12.02-22.00.45:509][976]LogMoviePlayer: Shutting down movie player
