Log file open, 11/12/19 10:45:33
LogWindows: Failed to load 'aqProf.dll' (GetLastError=126)
LogWindows: File 'aqProf.dll' does not exist
LogWindows: Failed to load 'VtuneApi.dll' (GetLastError=126)
LogWindows: File 'VtuneApi.dll' does not exist
LogWindows: Failed to load 'VtuneApi32e.dll' (GetLastError=126)
LogWindows: File 'VtuneApi32e.dll' does not exist
LogInit: Display: Running engine for game: MasterBuild
LogPlatformFile: Not using cached read wrapper
LogInit: Display: RandInit(-161713783) SRandInit(-161713782).
LogInit: Read version file with build ID '3944462'
LogInit: Overriding engine version to CL 4033788, compatible CL 3944462
LogInit: Registered custom module enumerator with build ID '3944462'
LogTaskGraph: Started task graph with 5 named threads and 35 total threads with 3 sets of task threads.
LogStats: Stats thread started at 0.429342
LogD3D11RHI: Aftermath initialized
LogICUInternationalization: Display: ICU TimeZone Detection - Raw Offset: +0:00, Platform Override: ''
LogPluginManager: Mounting plugin Paper2D
LogPluginManager: Mounting plugin LiveLink
LogPluginManager: Mounting plugin LightPropagationVolume
LogPluginManager: Mounting plugin CLionSourceCodeAccess
LogPluginManager: Mounting plugin CodeLiteSourceCodeAccess
LogPluginManager: Mounting plugin GitSourceControl
LogPluginManager: Mounting plugin KDevelopSourceCodeAccess
LogPluginManager: Mounting plugin NullSourceCodeAccess
LogPluginManager: Mounting plugin PerforceSourceControl
LogPluginManager: Mounting plugin SubversionSourceControl
LogPluginManager: Mounting plugin UObjectPlugin
LogPluginManager: Mounting plugin VisualStudioCodeSourceCodeAccess
LogPluginManager: Mounting plugin VisualStudioSourceCodeAccess
LogPluginManager: Mounting plugin XCodeSourceCodeAccess
LogPluginManager: Mounting plugin AssetManagerEditor
LogPluginManager: Mounting plugin CryptoKeys
LogPluginManager: Mounting plugin DataValidation
LogPluginManager: Mounting plugin FacialAnimation
LogPluginManager: Mounting plugin GameplayTagsEditor
LogPluginManager: Mounting plugin MobileLauncherProfileWizard
LogPluginManager: Mounting plugin PluginBrowser
LogPluginManager: Mounting plugin SpeedTreeImporter
LogPluginManager: Mounting plugin DatasmithContent
LogPluginManager: Mounting plugin AlembicImporter
LogPluginManager: Mounting plugin CharacterAI
LogPluginManager: Mounting plugin HTML5Networking
LogPluginManager: Mounting plugin AndroidMedia
LogPluginManager: Mounting plugin AvfMedia
LogPluginManager: Mounting plugin ImgMedia
LogPluginManager: Mounting plugin LinearTimecode
LogPluginManager: Mounting plugin MediaCompositing
LogPluginManager: Mounting plugin MediaPlayerEditor
LogPluginManager: Mounting plugin WmfMedia
LogPluginManager: Mounting plugin TcpMessaging
LogPluginManager: Mounting plugin UdpMessaging
LogPluginManager: Mounting plugin ActorSequence
LogPluginManager: Mounting plugin LevelSequenceEditor
LogPluginManager: Mounting plugin MatineeToLevelSequence
LogPluginManager: Mounting plugin NetcodeUnitTest
LogPluginManager: Mounting plugin NUTUnrealEngine4
LogPluginManager: Mounting plugin OnlineSubsystemGooglePlay
LogPluginManager: Mounting plugin OnlineSubsystemIOS
LogPluginManager: Mounting plugin OnlineSubsystem
LogPluginManager: Mounting plugin OnlineSubsystemNull
LogPluginManager: Mounting plugin OnlineSubsystemUtils
LogPluginManager: Mounting plugin AndroidDeviceProfileSelector
LogPluginManager: Mounting plugin AndroidMoviePlayer
LogPluginManager: Mounting plugin AndroidPermission
LogPluginManager: Mounting plugin AppleARKit
LogPluginManager: Mounting plugin AppleMoviePlayer
LogPluginManager: Mounting plugin ArchVisCharacter
LogPluginManager: Mounting plugin AudioCapture
LogPluginManager: Mounting plugin CableComponent
LogPluginManager: Mounting plugin CustomMeshComponent
LogPluginManager: Mounting plugin ExampleDeviceProfileSelector
LogPluginManager: Mounting plugin GoogleCloudMessaging
LogPluginManager: Mounting plugin ImmediatePhysics
LogPluginManager: Mounting plugin IOSDeviceProfileSelector
LogPluginManager: Mounting plugin LinuxDeviceProfileSelector
LogPluginManager: Mounting plugin LocationServicesBPLibrary
LogPluginManager: Mounting plugin MobilePatchingUtils
LogPluginManager: Mounting plugin OculusVR
LogPluginManager: Plugin shader directory ../../../Engine/Plugins/Runtime/Oculus/OculusVR/Shaders found
LogPluginManager: Mapping shader source directory ../../../Engine/Plugins/Runtime/Oculus/OculusVR/Shaders to virtual directory /Plugin/OculusVR
LogPluginManager: Mounting plugin PhysXVehicles
LogPluginManager: Mounting plugin ProceduralMeshComponent
LogPluginManager: Mounting plugin RuntimePhysXCooking
LogPluginManager: Mounting plugin SteamVR
LogPluginManager: Mounting plugin WindowsMoviePlayer
LogStreaming: Display: Took  0.101s to configure plugins.
LogModuleManager: Display: Found up-to-date module file ../../../../../../Users/t7038904/Source/BetaArcade/MasterBuild/Binaries/Win64/UE4Editor-MasterBuild.dll (API version 3944462).
LogModuleManager: Display: Found up-to-date module file ../../../Engine/Plugins/2D/Paper2D/Binaries/Win64/UE4Editor-Paper2D.dll (API version 3944462).
LogModuleManager: Display: Found up-to-date module file ../../../Engine/Plugins/2D/Paper2D/Binaries/Win64/UE4Editor-Paper2DEditor.dll (API version 3944462).
LogModuleManager: Display: Found up-to-date module file ../../../Engine/Plugins/2D/Paper2D/Binaries/Win64/UE4Editor-PaperSpriteSheetImporter.dll (API version 3944462).
LogModuleManager: Display: Found up-to-date module file ../../../Engine/Plugins/2D/Paper2D/Binaries/Win64/UE4Editor-PaperTiledImporter.dll (API version 3944462).
LogModuleManager: Display: Found up-to-date module file ../../../Engine/Plugins/2D/Paper2D/Binaries/Win64/UE4Editor-SmartSnapping.dll (API version 3944462).
LogModuleManager: Display: Found up-to-date module file ../../../Engine/Plugins/Animation/LiveLink/Binaries/Win64/UE4Editor-LiveLink.dll (API version 3944462).
LogModuleManager: Display: Found up-to-date module file ../../../Engine/Plugins/Animation/LiveLink/Binaries/Win64/UE4Editor-LiveLinkEditor.dll (API version 3944462).
LogModuleManager: Display: Found up-to-date module file ../../../Engine/Plugins/Blendables/LightPropagationVolume/Binaries/Win64/UE4Editor-LightPropagationVolumeRuntime.dll (API version 3944462).
LogModuleManager: Display: Found up-to-date module file ../../../Engine/Plugins/Blendables/LightPropagationVolume/Binaries/Win64/UE4Editor-LightPropagationVolumeEditor.dll (API version 3944462).
LogModuleManager: Display: Found up-to-date module file ../../../Engine/Plugins/Developer/CLionSourceCodeAccess/Binaries/Win64/UE4Editor-CLionSourceCodeAccess.dll (API version 3944462).
LogModuleManager: Display: Found up-to-date module file ../../../Engine/Plugins/Developer/GitSourceControl/Binaries/Win64/UE4Editor-GitSourceControl.dll (API version 3944462).
LogModuleManager: Display: Found up-to-date module file ../../../Engine/Plugins/Developer/PerforceSourceControl/Binaries/Win64/UE4Editor-PerforceSourceControl.dll (API version 3944462).
LogModuleManager: Display: Found up-to-date module file ../../../Engine/Plugins/Developer/SubversionSourceControl/Binaries/Win64/UE4Editor-SubversionSourceControl.dll (API version 3944462).
LogModuleManager: Display: Found up-to-date module file ../../../Engine/Plugins/Developer/UObjectPlugin/Binaries/Win64/UE4Editor-UObjectPlugin.dll (API version 3944462).
LogModuleManager: Display: Found up-to-date module file ../../../Engine/Plugins/Developer/VisualStudioCodeSourceCodeAccess/Binaries/Win64/UE4Editor-VisualStudioCodeSourceCodeAccess.dll (API version 3944462).
LogModuleManager: Display: Found up-to-date module file ../../../Engine/Plugins/Developer/VisualStudioSourceCodeAccess/Binaries/Win64/UE4Editor-VisualStudioSourceCodeAccess.dll (API version 3944462).
LogModuleManager: Display: Found up-to-date module file ../../../Engine/Plugins/Editor/AssetManagerEditor/Binaries/Win64/UE4Editor-AssetManagerEditor.dll (API version 3944462).
LogModuleManager: Display: Found up-to-date module file ../../../Engine/Plugins/Editor/CryptoKeys/Binaries/Win64/UE4Editor-CryptoKeys.dll (API version 3944462).
LogModuleManager: Display: Found up-to-date module file ../../../Engine/Plugins/Editor/CryptoKeys/Binaries/Win64/UE4Editor-CryptoKeysOpenSSL.dll (API version 3944462).
LogModuleManager: Display: Found up-to-date module file ../../../Engine/Plugins/Editor/DataValidation/Binaries/Win64/UE4Editor-DataValidation.dll (API version 3944462).
LogModuleManager: Display: Found up-to-date module file ../../../Engine/Plugins/Editor/FacialAnimation/Binaries/Win64/UE4Editor-FacialAnimation.dll (API version 3944462).
LogModuleManager: Display: Found up-to-date module file ../../../Engine/Plugins/Editor/FacialAnimation/Binaries/Win64/UE4Editor-FacialAnimationEditor.dll (API version 3944462).
LogModuleManager: Display: Found up-to-date module file ../../../Engine/Plugins/Editor/GameplayTagsEditor/Binaries/Win64/UE4Editor-GameplayTagsEditor.dll (API version 3944462).
LogModuleManager: Display: Found up-to-date module file ../../../Engine/Plugins/Editor/MobileLauncherProfileWizard/Binaries/Win64/UE4Editor-MobileLauncherProfileWizard.dll (API version 3944462).
LogModuleManager: Display: Found up-to-date module file ../../../Engine/Plugins/Editor/PluginBrowser/Binaries/Win64/UE4Editor-PluginBrowser.dll (API version 3944462).
LogModuleManager: Display: Found up-to-date module file ../../../Engine/Plugins/Editor/SpeedTreeImporter/Binaries/Win64/UE4Editor-SpeedTreeImporter.dll (API version 3944462).
LogModuleManager: Display: Found up-to-date module file ../../../Engine/Plugins/Enterprise/DatasmithContent/Binaries/Win64/UE4Editor-DatasmithContent.dll (API version 3944462).
LogModuleManager: Display: Found up-to-date module file ../../../Engine/Plugins/Experimental/AlembicImporter/Binaries/Win64/UE4Editor-AlembicImporter.dll (API version 3944462).
LogModuleManager: Display: Found up-to-date module file ../../../Engine/Plugins/Experimental/AlembicImporter/Binaries/Win64/UE4Editor-AlembicLibrary.dll (API version 3944462).
LogModuleManager: Display: Found up-to-date module file ../../../Engine/Plugins/Experimental/CharacterAI/Binaries/Win64/UE4Editor-CharacterAI.dll (API version 3944462).
LogModuleManager: Display: Found up-to-date module file ../../../Engine/Plugins/Experimental/HTML5Networking/Binaries/Win64/UE4Editor-HTML5Networking.dll (API version 3944462).
LogModuleManager: Display: Found up-to-date module file ../../../Engine/Plugins/Media/AndroidMedia/Binaries/Win64/UE4Editor-AndroidMediaEditor.dll (API version 3944462).
LogModuleManager: Display: Found up-to-date module file ../../../Engine/Plugins/Media/AndroidMedia/Binaries/Win64/UE4Editor-AndroidMediaFactory.dll (API version 3944462).
LogModuleManager: Display: Found up-to-date module file ../../../Engine/Plugins/Media/AvfMedia/Binaries/Win64/UE4Editor-AvfMediaEditor.dll (API version 3944462).
LogModuleManager: Display: Found up-to-date module file ../../../Engine/Plugins/Media/AvfMedia/Binaries/Win64/UE4Editor-AvfMediaFactory.dll (API version 3944462).
LogModuleManager: Display: Found up-to-date module file ../../../Engine/Plugins/Media/AvfMedia/Binaries/Win64/UE4Editor-AvfMediaFactory.dll (API version 3944462).
LogModuleManager: Display: Found up-to-date module file ../../../Engine/Plugins/Media/ImgMedia/Binaries/Win64/UE4Editor-ImgMedia.dll (API version 3944462).
LogModuleManager: Display: Found up-to-date module file ../../../Engine/Plugins/Media/ImgMedia/Binaries/Win64/UE4Editor-ImgMediaEditor.dll (API version 3944462).
LogModuleManager: Display: Found up-to-date module file ../../../Engine/Plugins/Media/ImgMedia/Binaries/Win64/UE4Editor-ImgMediaFactory.dll (API version 3944462).
LogModuleManager: Display: Found up-to-date module file ../../../Engine/Plugins/Media/ImgMedia/Binaries/Win64/UE4Editor-ImgMediaFactory.dll (API version 3944462).
LogModuleManager: Display: Found up-to-date module file ../../../Engine/Plugins/Media/ImgMedia/Binaries/Win64/UE4Editor-OpenExrWrapper.dll (API version 3944462).
LogModuleManager: Display: Found up-to-date module file ../../../Engine/Plugins/Media/LinearTimecode/Binaries/Win64/UE4Editor-LinearTimecode.dll (API version 3944462).
LogModuleManager: Display: Found up-to-date module file ../../../Engine/Plugins/Media/MediaCompositing/Binaries/Win64/UE4Editor-MediaCompositing.dll (API version 3944462).
LogModuleManager: Display: Found up-to-date module file ../../../Engine/Plugins/Media/MediaCompositing/Binaries/Win64/UE4Editor-MediaCompositingEditor.dll (API version 3944462).
LogModuleManager: Display: Found up-to-date module file ../../../Engine/Plugins/Media/MediaPlayerEditor/Binaries/Win64/UE4Editor-MediaPlayerEditor.dll (API version 3944462).
LogModuleManager: Display: Found up-to-date module file ../../../Engine/Plugins/Media/WmfMedia/Binaries/Win64/UE4Editor-WmfMedia.dll (API version 3944462).
LogModuleManager: Display: Found up-to-date module file ../../../Engine/Plugins/Media/WmfMedia/Binaries/Win64/UE4Editor-WmfMediaEditor.dll (API version 3944462).
LogModuleManager: Display: Found up-to-date module file ../../../Engine/Plugins/Media/WmfMedia/Binaries/Win64/UE4Editor-WmfMediaFactory.dll (API version 3944462).
LogModuleManager: Display: Found up-to-date module file ../../../Engine/Plugins/Media/WmfMedia/Binaries/Win64/UE4Editor-WmfMediaFactory.dll (API version 3944462).
LogModuleManager: Display: Found up-to-date module file ../../../Engine/Plugins/Messaging/TcpMessaging/Binaries/Win64/UE4Editor-TcpMessaging.dll (API version 3944462).
LogModuleManager: Display: Found up-to-date module file ../../../Engine/Plugins/Messaging/UdpMessaging/Binaries/Win64/UE4Editor-UdpMessaging.dll (API version 3944462).
LogModuleManager: Display: Found up-to-date module file ../../../Engine/Plugins/MovieScene/ActorSequence/Binaries/Win64/UE4Editor-ActorSequence.dll (API version 3944462).
LogModuleManager: Display: Found up-to-date module file ../../../Engine/Plugins/MovieScene/LevelSequenceEditor/Binaries/Win64/UE4Editor-LevelSequenceEditor.dll (API version 3944462).
LogModuleManager: Display: Found up-to-date module file ../../../Engine/Plugins/MovieScene/MatineeToLevelSequence/Binaries/Win64/UE4Editor-MatineeToLevelSequence.dll (API version 3944462).
LogModuleManager: Display: Found up-to-date module file ../../../Engine/Plugins/NetcodeUnitTest/NetcodeUnitTest/Binaries/Win64/UE4Editor-NetcodeUnitTest.dll (API version 3944462).
LogModuleManager: Display: Found up-to-date module file ../../../Engine/Plugins/NetcodeUnitTest/NUTUnrealEngine4/Binaries/Win64/UE4Editor-NUTUnrealEngine4.dll (API version 3944462).
LogModuleManager: Display: Found up-to-date module file ../../../Engine/Plugins/Online/OnlineSubsystem/Binaries/Win64/UE4Editor-OnlineSubsystem.dll (API version 3944462).
LogModuleManager: Display: Found up-to-date module file ../../../Engine/Plugins/Online/OnlineSubsystemNull/Binaries/Win64/UE4Editor-OnlineSubsystemNull.dll (API version 3944462).
LogModuleManager: Display: Found up-to-date module file ../../../Engine/Plugins/Online/OnlineSubsystemUtils/Binaries/Win64/UE4Editor-OnlineSubsystemUtils.dll (API version 3944462).
LogModuleManager: Display: Found up-to-date module file ../../../Engine/Plugins/Online/OnlineSubsystemUtils/Binaries/Win64/UE4Editor-OnlineBlueprintSupport.dll (API version 3944462).
LogModuleManager: Display: Found up-to-date module file ../../../Engine/Plugins/Runtime/AndroidDeviceProfileSelector/Binaries/Win64/UE4Editor-AndroidDeviceProfileSelector.dll (API version 3944462).
LogModuleManager: Display: Found up-to-date module file ../../../Engine/Plugins/Runtime/AndroidPermission/Binaries/Win64/UE4Editor-AndroidPermission.dll (API version 3944462).
LogModuleManager: Display: Found up-to-date module file ../../../Engine/Plugins/Runtime/AppleARKit/Binaries/Win64/UE4Editor-AppleARKit.dll (API version 3944462).
LogModuleManager: Display: Found up-to-date module file ../../../Engine/Plugins/Runtime/ArchVisCharacter/Binaries/Win64/UE4Editor-ArchVisCharacter.dll (API version 3944462).
LogModuleManager: Display: Found up-to-date module file ../../../Engine/Plugins/Runtime/AudioCapture/Binaries/Win64/UE4Editor-AudioCapture.dll (API version 3944462).
LogModuleManager: Display: Found up-to-date module file ../../../Engine/Plugins/Runtime/AudioCapture/Binaries/Win64/UE4Editor-AudioCaptureEditor.dll (API version 3944462).
LogModuleManager: Display: Found up-to-date module file ../../../Engine/Plugins/Runtime/CableComponent/Binaries/Win64/UE4Editor-CableComponent.dll (API version 3944462).
LogModuleManager: Display: Found up-to-date module file ../../../Engine/Plugins/Runtime/CustomMeshComponent/Binaries/Win64/UE4Editor-CustomMeshComponent.dll (API version 3944462).
LogModuleManager: Display: Found up-to-date module file ../../../Engine/Plugins/Runtime/ExampleDeviceProfileSelector/Binaries/Win64/UE4Editor-ExampleDeviceProfileSelector.dll (API version 3944462).
LogModuleManager: Display: Found up-to-date module file ../../../Engine/Plugins/Runtime/ImmediatePhysics/Binaries/Win64/UE4Editor-ImmediatePhysics.dll (API version 3944462).
LogModuleManager: Display: Found up-to-date module file ../../../Engine/Plugins/Runtime/ImmediatePhysics/Binaries/Win64/UE4Editor-ImmediatePhysicsEditor.dll (API version 3944462).
LogModuleManager: Display: Found up-to-date module file ../../../Engine/Plugins/Runtime/LocationServicesBPLibrary/Binaries/Win64/UE4Editor-LocationServicesBPLibrary.dll (API version 3944462).
LogModuleManager: Display: Found up-to-date module file ../../../Engine/Plugins/Runtime/MobilePatchingUtils/Binaries/Win64/UE4Editor-MobilePatchingUtils.dll (API version 3944462).
LogModuleManager: Display: Found up-to-date module file ../../../Engine/Plugins/Runtime/Oculus/OculusVR/Binaries/Win64/UE4Editor-OculusHMD.dll (API version 3944462).
LogModuleManager: Display: Found up-to-date module file ../../../Engine/Plugins/Runtime/Oculus/OculusVR/Binaries/Win64/UE4Editor-OculusInput.dll (API version 3944462).
LogModuleManager: Display: Found up-to-date module file ../../../Engine/Plugins/Runtime/Oculus/OculusVR/Binaries/Win64/UE4Editor-OculusEditor.dll (API version 3944462).
LogModuleManager: Display: Found up-to-date module file ../../../Engine/Plugins/Runtime/PhysXVehicles/Binaries/Win64/UE4Editor-PhysXVehicles.dll (API version 3944462).
LogModuleManager: Display: Found up-to-date module file ../../../Engine/Plugins/Runtime/PhysXVehicles/Binaries/Win64/UE4Editor-PhysXVehiclesEditor.dll (API version 3944462).
LogModuleManager: Display: Found up-to-date module file ../../../Engine/Plugins/Runtime/ProceduralMeshComponent/Binaries/Win64/UE4Editor-ProceduralMeshComponent.dll (API version 3944462).
LogModuleManager: Display: Found up-to-date module file ../../../Engine/Plugins/Runtime/ProceduralMeshComponent/Binaries/Win64/UE4Editor-ProceduralMeshComponentEditor.dll (API version 3944462).
LogModuleManager: Display: Found up-to-date module file ../../../Engine/Plugins/Runtime/RuntimePhysXCooking/Binaries/Win64/UE4Editor-RuntimePhysXCooking.dll (API version 3944462).
LogModuleManager: Display: Found up-to-date module file ../../../Engine/Plugins/Runtime/Steam/SteamVR/Binaries/Win64/UE4Editor-SteamVR.dll (API version 3944462).
LogModuleManager: Display: Found up-to-date module file ../../../Engine/Plugins/Runtime/Steam/SteamVR/Binaries/Win64/UE4Editor-SteamVRController.dll (API version 3944462).
LogModuleManager: Display: Found up-to-date module file ../../../Engine/Plugins/Runtime/WindowsMoviePlayer/Binaries/Win64/UE4Editor-WindowsMoviePlayer.dll (API version 3944462).
LogInit: Using libcurl 7.47.1
LogInit:  - built for x86_64-pc-win32
LogInit:  - supports SSL with OpenSSL/1.0.2g
LogInit:  - supports HTTP deflate (compression) using libz 1.2.8
LogInit:  - other features:
LogInit:      CURL_VERSION_SSL
LogInit:      CURL_VERSION_LIBZ
LogInit:      CURL_VERSION_IPV6
LogInit:      CURL_VERSION_ASYNCHDNS
LogInit:      CURL_VERSION_LARGEFILE
LogInit:      CURL_VERSION_IDN
LogInit:  CurlRequestOptions (configurable via config and command line):
LogInit:  - bVerifyPeer = false  - Libcurl will NOT verify peer certificate
LogInit:  - bUseHttpProxy = false  - Libcurl will NOT use HTTP proxy
LogInit:  - bDontReuseConnections = false  - Libcurl will reuse connections
LogInit:  - CertBundlePath = nullptr  - Libcurl will use whatever was configured at build time.
LogInit:  - MaxHostConnections = 16  - Libcurl will limit the number of connections to a host
LogInit:  - LocalHostAddr = Default
LogInit: WinSock: version 1.1 (2.2), MaxSocks=32767, MaxUdp=65467
LogInit: WinSock: I am TU45377 (152.105.219.80:0)
LogInit: Build: ++UE4+Release-4.19-CL-4033788
LogInit: Engine Version: 4.19.2-4033788+++UE4+Release-4.19
LogInit: Compatible Engine Version: 4.19.0-3944462+++UE4+Release-4.19
LogInit: Net CL: 3944462
LogDevObjectVersion: Number of dev versions registered: 18
LogDevObjectVersion:   Dev-Blueprints (B0D832E4-1F89-4F0D-ACCF-7EB736FD4AA2): 10
LogDevObjectVersion:   Dev-Build (E1C64328-A22C-4D53-A36C-8E866417BD8C): 0
LogDevObjectVersion:   Dev-Core (375EC13C-06E4-48FB-B500-84F0262A717E): 2
LogDevObjectVersion:   Dev-Editor (E4B068ED-F494-42E9-A231-DA0B2E46BB41): 23
LogDevObjectVersion:   Dev-Framework (CFFC743F-43B0-4480-9391-14DF171D2073): 33
LogDevObjectVersion:   Dev-Mobile (B02B49B5-BB20-44E9-A304-32B752E40360): 2
LogDevObjectVersion:   Dev-Networking (A4E4105C-59A1-49B5-A7C5-40C4547EDFEE): 0
LogDevObjectVersion:   Dev-Online (39C831C9-5AE6-47DC-9A44-9C173E1C8E7C): 0
LogDevObjectVersion:   Dev-Physics (78F01B33-EBEA-4F98-B9B4-84EACCB95AA2): 0
LogDevObjectVersion:   Dev-Platform (6631380F-2D4D-43E0-8009-CF276956A95A): 0
LogDevObjectVersion:   Dev-Rendering (12F88B9F-8875-4AFC-A67C-D90C383ABD29): 25
LogDevObjectVersion:   Dev-Sequencer (7B5AE74C-D270-4C10-A958-57980B212A5A): 6
LogDevObjectVersion:   Dev-VR (D7296918-1DD6-4BDD-9DE2-64A83CC13884): 1
LogDevObjectVersion:   Dev-LoadTimes (C2A15278-BFE7-4AFE-6C17-90FF531DF755): 1
LogDevObjectVersion:   Private-Geometry (6EACA3D4-40EC-4CC1-B786-8BED09428FC5): 2
LogDevObjectVersion:   Dev-AnimPhys (29E575DD-E0A3-4627-9D10-D276232CDCEA): 16
LogDevObjectVersion:   Dev-ReflectionCapture (6B266CEC-1EC7-4B8F-A30B-E4D90942FC07): 1
LogDevObjectVersion:   Dev-Automation (0DF73D61-A23F-47EA-B727-89E90C41499A): 1
LogInit: Compiled (64-bit): Apr 27 2018 02:06:57
LogInit: Compiled with Visual C++: 19.00.24215.01
LogInit: Build Configuration: Development
LogInit: Branch Name: ++UE4+Release-4.19
LogInit: Command Line:  /Game/Woolf/Maps/InterationofSheepHeaven -game -PIEVIACONSOLE -ResX=1280 -ResY=720  -Multiprocess -messaging -SessionName="Play in Standalone Game" -windowed 
LogInit: Base Directory: C:/Program Files/Epic Games/UE_4.19/Engine/Binaries/Win64/
LogInit: Installed Engine Build: 1
LogStreaming: Display: Took  0.011s to delete old logs.
LogInit: Presizing for max 8388607 objects, including 0 objects not considered by GC, pre-allocating 0 bytes for permanent pool.
LogInit: Object subsystem initialized
[2019.11.12-10.45.37:371][  0]LogInit: Selected Device Profile: [Windows]
[2019.11.12-10.45.37:371][  0]LogInit: Applying CVar settings loaded from the selected device profile: [Windows]
[2019.11.12-10.45.37:376][  0]LogInit: Computer: TU45377
[2019.11.12-10.45.37:376][  0]LogInit: User: t7038904
[2019.11.12-10.45.37:376][  0]LogInit: CPU Page size=4096, Cores=6
[2019.11.12-10.45.37:376][  0]LogInit: High frequency timer resolution =10.000000 MHz
[2019.11.12-10.45.37:376][  0]LogMemory: Memory total: Physical=31.9GB (32GB approx)
[2019.11.12-10.45.37:376][  0]LogMemory: Platform Memory Stats for Windows
[2019.11.12-10.45.37:376][  0]LogMemory: Process Physical Memory: 278.05 MB used, 278.05 MB peak
[2019.11.12-10.45.37:376][  0]LogMemory: Process Virtual Memory: 266.97 MB used, 266.97 MB peak
[2019.11.12-10.45.37:376][  0]LogMemory: Physical Memory: 11303.02 MB used,  21381.15 MB free, 32684.17 MB total
[2019.11.12-10.45.37:376][  0]LogMemory: Virtual Memory: 4811.00 MB used,  21381.15 MB free, 134217728.00 MB total
[2019.11.12-10.45.37:403][  0]LogInit: Using OS detected language (en-GB).
[2019.11.12-10.45.37:403][  0]LogInit: Using OS detected locale (en-GB).
[2019.11.12-10.45.37:403][  0]LogTextLocalizationManager: No localization for 'en-GB' exists, so 'en' will be used for the language.
[2019.11.12-10.45.37:403][  0]LogTextLocalizationManager: No localization for 'en-GB' exists, so 'en' will be used for the locale.
[2019.11.12-10.45.37:814][  0]LogStreaming: Display: Took  0.411s to EndInitTextLocalization.
[2019.11.12-10.45.37:845][  0]LogSlate: New Slate User Created.  User Index 0, Is Virtual User: 0
[2019.11.12-10.45.37:845][  0]LogSlate: Slate User Registered.  User Index 0, Is Virtual User: 0
[2019.11.12-10.45.37:853][  0]LogD3D11RHI: D3D11 adapters:
[2019.11.12-10.45.37:904][  0]LogD3D11RHI:    0. 'NVIDIA GeForce GTX 980 Ti' (Feature Level 11_0)
[2019.11.12-10.45.37:904][  0]LogD3D11RHI:       6097/0/16342 MB DedicatedVideo/DedicatedSystem/SharedSystem, Outputs:2, VendorId:0x10de
[2019.11.12-10.45.37:906][  0]LogD3D11RHI:    1. 'Microsoft Basic Render Driver' (Feature Level 11_0)
[2019.11.12-10.45.37:907][  0]LogD3D11RHI:       0/0/16342 MB DedicatedVideo/DedicatedSystem/SharedSystem, Outputs:0, VendorId:0x1414
[2019.11.12-10.45.37:907][  0]LogD3D11RHI: Chosen D3D11 Adapter: 0
[2019.11.12-10.45.37:913][  0]LogD3D11RHI: Creating new Direct3DDevice
[2019.11.12-10.45.37:913][  0]LogD3D11RHI:     GPU DeviceId: 0x17c8 (for the marketing name, search the web for "GPU Device Id")
[2019.11.12-10.45.37:913][  0]LogWindows: EnumDisplayDevices:
[2019.11.12-10.45.37:913][  0]LogWindows:    0. 'NVIDIA GeForce GTX 980 Ti' (P:1 D:1)
[2019.11.12-10.45.37:914][  0]LogWindows:    1. 'NVIDIA GeForce GTX 980 Ti' (P:0 D:1)
[2019.11.12-10.45.37:914][  0]LogWindows:    2. 'NVIDIA GeForce GTX 980 Ti' (P:0 D:0)
[2019.11.12-10.45.37:915][  0]LogWindows:    3. 'NVIDIA GeForce GTX 980 Ti' (P:0 D:0)
[2019.11.12-10.45.37:915][  0]LogWindows: DebugString: GetVideoDriverDetailsInvalid PrimaryIsNotTheChoosenAdapter GetVideoDriverDetailsInvalid PrimaryIsNotTheChoosenAdapter GetVideoDriverDetailsInvalid PrimaryIsNotTheChoosenAdapter GetVideoDriverDetailsInvalid PrimaryIsNotTheChoosenAdapter FoundDriverCount:0 
[2019.11.12-10.45.37:915][  0]LogD3D11RHI:     Adapter Name: NVIDIA GeForce GTX 980 Ti
[2019.11.12-10.45.37:915][  0]LogD3D11RHI:   Driver Version: Unknown (internal:Unknown, unified:Unknown)
[2019.11.12-10.45.37:915][  0]LogD3D11RHI:      Driver Date: Unknown
[2019.11.12-10.45.37:915][  0]LogRHI: Texture pool is 4268 MB (70% of 6097 MB)
[2019.11.12-10.45.37:949][  0]LogD3D11RHI: [Aftermath] Aftermath enabled and primed
[2019.11.12-10.45.37:949][  0]LogD3D11RHI: [Aftermath] Aftermath enabled and primed
[2019.11.12-10.45.37:949][  0]LogD3D11RHI: Async texture creation enabled
[2019.11.12-10.45.37:966][  0]LogD3D11RHI: GPU Timing Frequency: 1000.000000 (Debug: 2 2)
[2019.11.12-10.45.38:057][  0]LogShaderCompilers: Guid format shader working directory is -14 characters bigger than the processId version (../../../../../../Users/t7038904/Source/BetaArcade/MasterBuild/Intermediate/Shaders/WorkingDirectory/16912/).
[2019.11.12-10.45.38:058][  0]LogShaderCompilers: Cleaned the shader compiler working directory 'C:/Users/t7038904/AppData/Local/Temp/UnrealShaderWorkingDir/F75D71504ECC1454E51EE2A881784616/'.
[2019.11.12-10.45.38:437][  0]LogTemp: Display: Loaded TP WindowsClientTargetPlatform
[2019.11.12-10.45.38:451][  0]LogTemp: Display: Loaded TP WindowsNoEditorTargetPlatform
[2019.11.12-10.45.38:465][  0]LogTemp: Display: Loaded TP WindowsServerTargetPlatform
[2019.11.12-10.45.38:480][  0]LogTemp: Display: Loaded TP WindowsTargetPlatform
[2019.11.12-10.45.38:480][  0]LogTargetPlatformManager: Display: Building Assets For Windows
[2019.11.12-10.45.38:709][  0]LogXGEController: Cannot use XGE Controller as Incredibuild is not installed on this machine.
[2019.11.12-10.45.38:709][  0]LogShaderCompilers: Cannot use XGE Shader Compiler as Incredibuild is not installed on this machine.
[2019.11.12-10.45.38:709][  0]LogShaderCompilers: Display: Using Local Shader Compiler.
[2019.11.12-10.45.39:881][  0]LogDerivedDataCache: Display: Max Cache Size: 512 MB
[2019.11.12-10.45.40:000][  0]LogDerivedDataCache: Loaded boot cache 0.12s 77MB C:/Users/t7038904/AppData/Local/UnrealEngine/4.19/DerivedDataCache/Boot.ddc.
[2019.11.12-10.45.40:000][  0]LogDerivedDataCache: Display: Loaded Boot cache: C:/Users/t7038904/AppData/Local/UnrealEngine/4.19/DerivedDataCache/Boot.ddc
[2019.11.12-10.45.40:000][  0]LogDerivedDataCache: FDerivedDataBackendGraph:  Pak pak cache file ../../../../../../Users/t7038904/Source/BetaArcade/MasterBuild/DerivedDataCache/DDC.ddp not found, will not use a pak cache.
[2019.11.12-10.45.40:000][  0]LogDerivedDataCache: Unable to find inner node Pak for hierarchical cache Hierarchy.
[2019.11.12-10.45.40:000][  0]LogDerivedDataCache: FDerivedDataBackendGraph:  CompressedPak pak cache file ../../../../../../Users/t7038904/Source/BetaArcade/MasterBuild/DerivedDataCache/Compressed.ddp not found, will not use a pak cache.
[2019.11.12-10.45.40:000][  0]LogDerivedDataCache: Unable to find inner node CompressedPak for hierarchical cache Hierarchy.
[2019.11.12-10.45.40:020][  0]LogDerivedDataCache: Display: Pak cache opened for reading ../../../Engine/DerivedDataCache/Compressed.ddp.
[2019.11.12-10.45.40:033][  0]LogDerivedDataCache: Using Local data cache path C:/Users/t7038904/AppData/Local/UnrealEngine/Common/DerivedDataCache: Writable
[2019.11.12-10.45.40:033][  0]LogDerivedDataCache: Shared data cache path not found in *engine.ini, will not use an Shared cache.
[2019.11.12-10.45.40:033][  0]LogDerivedDataCache: Unable to find inner node Shared for hierarchical cache Hierarchy.
[2019.11.12-10.45.40:061][  0]LogMaterial: Verifying Global Shaders for PCD3D_SM5
[2019.11.12-10.45.40:062][  0]LogSlate: Using Freetype 2.6.0
[2019.11.12-10.45.40:063][  0]LogSlate: SlateFontCache - WITH_FREETYPE: 1, WITH_HARFBUZZ: 1
[2019.11.12-10.45.40:063][  0]LogSlate: SlateFontCache - WITH_FREETYPE: 1, WITH_HARFBUZZ: 1
[2019.11.12-10.45.40:243][  0]LogAssetRegistry: FAssetRegistry took 0.0049 seconds to start up
[2019.11.12-10.45.40:545][  0]LogPackageLocalizationCache: Processed 9 localized package path(s) for 1 prioritized culture(s) in 0.008619 seconds
[2019.11.12-10.45.40:715][  0]LogInit: Selected Device Profile: [Windows]
[2019.11.12-10.45.40:911][  0]LogSimplygon: Simplygon DLL not present - disabling.
[2019.11.12-10.45.40:915][  0]LogMeshReduction: Using SimplygonSwarm for distributed automatic mesh merging
[2019.11.12-10.45.40:915][  0]LogMeshReduction: Using QuadricMeshReduction for automatic static mesh reduction
[2019.11.12-10.45.40:915][  0]LogMeshReduction: No automatic skeletal mesh reduction module available
[2019.11.12-10.45.40:915][  0]LogMeshReduction: No automatic mesh merging module available
[2019.11.12-10.45.40:915][  0]LogMeshMerging: No automatic mesh merging module available
[2019.11.12-10.45.40:969][  0]LogNetVersion: MasterBuild , NetCL: 3944462, EngineNetVer: 2, GameNetVer: 0 (Checksum: 2426174287)
[2019.11.12-10.45.41:823][  0]LogMoviePlayer: Initializing movie player
[2019.11.12-10.45.42:278][  0]LogTcpMessaging: Initializing TcpMessaging bridge
[2019.11.12-10.45.42:329][  0]LogUdpMessaging: Initializing bridge on interface 0.0.0.0:0 to multicast group 230.0.0.1:6666.
[2019.11.12-10.45.43:191][  0]LogStats: FPlatformStackWalk::StackWalkAndDump -  0.488 s
[2019.11.12-10.45.43:191][  0]LogOutputDevice: Error: === Handled ensure: ===
[2019.11.12-10.45.43:191][  0]LogOutputDevice: Error: 
[2019.11.12-10.45.43:191][  0]LogOutputDevice: Error: Ensure condition failed: AttachmentRules.LocationRule == EAttachmentRule::KeepRelative && AttachmentRules.RotationRule == EAttachmentRule::KeepRelative && AttachmentRules.ScaleRule == EAttachmentRule::KeepRelative [File:D:\Build\++UE4+Release-4.19+Compile\Sync\Engine\Source\Runtime\Engine\Private\Components\SceneComponent.cpp] [Line: 1678]
[2019.11.12-10.45.43:191][  0]LogOutputDevice: Error: AttachToComponent when called from a constructor is only setting up attachment and will always be treated as KeepRelative. Consider calling SetupAttachment directly instead.
[2019.11.12-10.45.43:191][  0]LogOutputDevice: Error: Stack: 
[2019.11.12-10.45.43:191][  0]LogOutputDevice: Error: [Callstack] 0x0000000002ADB706 UE4Editor-Core.dll!UnknownFunction []
[2019.11.12-10.45.43:191][  0]LogOutputDevice: Error: [Callstack] 0x000000000283AE3A UE4Editor-Core.dll!UnknownFunction []
[2019.11.12-10.45.43:191][  0]LogOutputDevice: Error: [Callstack] 0x000000000284ECD6 UE4Editor-Core.dll!UnknownFunction []
[2019.11.12-10.45.43:191][  0]LogOutputDevice: Error: [Callstack] 0x00000000FDAFE0F8 UE4Editor-Engine.dll!UnknownFunction []
[2019.11.12-10.45.43:191][  0]LogOutputDevice: Error: [Callstack] 0x00000000ED6BB053 UE4Editor-MasterBuild.dll!UnknownFunction []
[2019.11.12-10.45.43:191][  0]LogOutputDevice: Error: [Callstack] 0x00000000030F54F8 UE4Editor-CoreUObject.dll!UnknownFunction []
[2019.11.12-10.45.43:191][  0]LogOutputDevice: Error: [Callstack] 0x0000000003387D30 UE4Editor-CoreUObject.dll!UnknownFunction []
[2019.11.12-10.45.43:191][  0]LogOutputDevice: Error: [Callstack] 0x00000000033694A2 UE4Editor-CoreUObject.dll!UnknownFunction []
[2019.11.12-10.45.43:191][  0]LogOutputDevice: Error: [Callstack] 0x00000000030FA7F7 UE4Editor-CoreUObject.dll!UnknownFunction []
[2019.11.12-10.45.43:191][  0]LogOutputDevice: Error: [Callstack] 0x00000000026E4190 UE4Editor-Core.dll!UnknownFunction []
[2019.11.12-10.45.43:191][  0]LogOutputDevice: Error: [Callstack] 0x00000000028F5E91 UE4Editor-Core.dll!UnknownFunction []
[2019.11.12-10.45.43:191][  0]LogOutputDevice: Error: [Callstack] 0x000000003CBAFC7A UE4Editor-Projects.dll!UnknownFunction []
[2019.11.12-10.45.43:191][  0]LogOutputDevice: Error: [Callstack] 0x000000003CBAFFC2 UE4Editor-Projects.dll!UnknownFunction []
[2019.11.12-10.45.43:191][  0]LogOutputDevice: Error: [Callstack] 0x00000000D3C39731 UE4Editor.exe!UnknownFunction []
[2019.11.12-10.45.43:191][  0]LogOutputDevice: Error: [Callstack] 0x00000000D3C3DD83 UE4Editor.exe!UnknownFunction []
[2019.11.12-10.45.43:191][  0]LogOutputDevice: Error: [Callstack] 0x00000000D3C369FA UE4Editor.exe!UnknownFunction []
[2019.11.12-10.45.43:191][  0]LogOutputDevice: Error: [Callstack] 0x00000000D3C36C4A UE4Editor.exe!UnknownFunction []
[2019.11.12-10.45.43:191][  0]LogOutputDevice: Error: [Callstack] 0x00000000D3C44177 UE4Editor.exe!UnknownFunction []
[2019.11.12-10.45.43:192][  0]LogOutputDevice: Error: [Callstack] 0x00000000D3C45B87 UE4Editor.exe!UnknownFunction []
[2019.11.12-10.45.43:192][  0]LogOutputDevice: Error: [Callstack] 0x000000005B197974 KERNEL32.DLL!UnknownFunction []
[2019.11.12-10.45.43:192][  0]LogOutputDevice: Error: [Callstack] 0x000000005B2DA271 ntdll.dll!UnknownFunction []
[2019.11.12-10.45.43:192][  0]LogOutputDevice: Error: 
[2019.11.12-10.45.43:195][  0]LogStats:                SubmitErrorReport -  0.000 s
[2019.11.12-10.45.43:978][  0]LogStats:                    SendNewReport -  0.784 s
[2019.11.12-10.45.43:978][  0]LogStats:             FDebug::EnsureFailed -  1.275 s
[2019.11.12-10.45.43:988][  0]LogUObjectGlobals: Created PersistentFrame Addr=0x000002118f69ecc0, Size=64, Default__ThirdPerson_AnimBP_C Function /Game/Mannequin/Animations/ThirdPerson_AnimBP.ThirdPerson_AnimBP_C:ExecuteUbergraph_ThirdPerson_AnimBP
[2019.11.12-10.45.44:024][  0]LogUObjectGlobals: Destroyed PersistentFrame Addr=0x000002118f69ecc0, Size=64
[2019.11.12-10.45.44:024][  0]LogUObjectGlobals: Created PersistentFrame Addr=0x000002118e91e640, Size=64, Default__ThirdPerson_AnimBP_C Function /Engine/Transient.REINST_ThirdPerson_AnimBP_C_0:ExecuteUbergraph_ThirdPerson_AnimBP
[2019.11.12-10.45.44:031][  0]LogUObjectGlobals: Created PersistentFrame Addr=0x000002118f181df0, Size=72, Default__ThirdPerson_AnimBP_C Function /Game/Mannequin/Animations/ThirdPerson_AnimBP.ThirdPerson_AnimBP_C:ExecuteUbergraph_ThirdPerson_AnimBP
[2019.11.12-10.45.44:101][  0]LogSkeletalMesh: Skeletal Mesh found in DDC [1.917400ms] /Game/Mannequin/Character/Mesh/SK_Mannequin.SK_Mannequin
[2019.11.12-10.45.44:203][  0]SourceControl: Source control is disabled
[2019.11.12-10.45.44:203][  0]SourceControl: Source control is disabled
[2019.11.12-10.45.44:241][  0]SourceControl: Source control is disabled
[2019.11.12-10.45.44:926][  0]LogAndroidPermission: UAndroidPermissionCallbackProxy::GetInstance
[2019.11.12-10.45.45:316][  0]LogOcInput: OculusInput pre-init called
[2019.11.12-10.45.45:415][  0]LogUObjectArray: 41204 objects as part of root set at end of initial load.
[2019.11.12-10.45.45:415][  0]LogUObjectAllocator: 8843288 out of 0 bytes used by permanent object pool.
[2019.11.12-10.45.45:415][  0]LogUObjectArray: CloseDisregardForGC: 0/0 objects in disregard for GC pool
[2019.11.12-10.45.45:478][  0]LogEngine: Initializing Engine...
[2019.11.12-10.45.45:481][  0]LogHMD: Failed to initialize OpenVR with code 110
[2019.11.12-10.45.45:494][  0]LogStats: UGameplayTagsManager::ConstructGameplayTagTree: Construct from data asset -  0.000 s
[2019.11.12-10.45.45:494][  0]LogStats: UGameplayTagsManager::ConstructGameplayTagTree: GameplayTagTreeChangedEvent.Broadcast -  0.000 s
[2019.11.12-10.45.45:741][  0]LogInit: XAudio2 using 'Speakers (Realtek High Definition Audio)' : 2 channels at 48 kHz using 32 bits per sample (channel mask 0x3)
[2019.11.12-10.45.45:832][  0]LogInit: FAudioDevice initialized.
[2019.11.12-10.45.45:867][  0]LogInit: Texture streaming: Enabled
[2019.11.12-10.45.46:011][  0]LogUObjectGlobals: Created PersistentFrame Addr=0x00000211fe89f700, Size=688, Default__GameInfoInstance_BP_C Function /Game/Woolf/Blueprints/GameInfoInstance_BP.GameInfoInstance_BP_C:ExecuteUbergraph_GameInfoInstance_BP
[2019.11.12-10.45.46:016][  0]LogUObjectGlobals: Created PersistentFrame Addr=0x00000211fe90e900, Size=32, Default__W_MainMenu_C Function /Game/Woolf/UI/W_MainMenu.W_MainMenu_C:ExecuteUbergraph_W_MainMenu
[2019.11.12-10.45.46:021][  0]LogUObjectGlobals: Created PersistentFrame Addr=0x00000211fe21cac0, Size=64, Default__W_HostMenu_C Function /Game/Woolf/UI/W_HostMenu.W_HostMenu_C:ExecuteUbergraph_W_HostMenu
[2019.11.12-10.45.46:026][  0]LogUObjectGlobals: Created PersistentFrame Addr=0x00000211949fa340, Size=160, Default__W_JoinMenu_C Function /Game/Woolf/UI/W_JoinMenu.W_JoinMenu_C:ExecuteUbergraph_W_JoinMenu
[2019.11.12-10.45.46:046][  0]LogUObjectGlobals: Destroyed PersistentFrame Addr=0x00000211fe89f700, Size=688
[2019.11.12-10.45.46:046][  0]LogUObjectGlobals: Created PersistentFrame Addr=0x000002119496c700, Size=688, Default__GameInfoInstance_BP_C Function /Engine/Transient.REINST_GameInfoInstance_BP_C_4:ExecuteUbergraph_GameInfoInstance_BP
[2019.11.12-10.45.46:046][  0]LogUObjectGlobals: Destroyed PersistentFrame Addr=0x00000211fe21cac0, Size=64
[2019.11.12-10.45.46:046][  0]LogUObjectGlobals: Created PersistentFrame Addr=0x0000021194907540, Size=64, Default__W_HostMenu_C Function /Engine/Transient.REINST_W_HostMenu_C_0:ExecuteUbergraph_W_HostMenu
[2019.11.12-10.45.46:047][  0]LogUObjectGlobals: Destroyed PersistentFrame Addr=0x00000211949fa340, Size=160
[2019.11.12-10.45.46:047][  0]LogUObjectGlobals: Created PersistentFrame Addr=0x0000021194911260, Size=160, Default__W_JoinMenu_C Function /Engine/Transient.REINST_W_JoinMenu_C_1:ExecuteUbergraph_W_JoinMenu
[2019.11.12-10.45.46:047][  0]LogUObjectGlobals: Destroyed PersistentFrame Addr=0x00000211fe90e900, Size=32
[2019.11.12-10.45.46:047][  0]LogUObjectGlobals: Created PersistentFrame Addr=0x00000211949a02c0, Size=32, Default__W_MainMenu_C Function /Engine/Transient.REINST_W_MainMenu_C_2:ExecuteUbergraph_W_MainMenu
[2019.11.12-10.45.46:060][  0]LogUObjectGlobals: Created PersistentFrame Addr=0x00000211fe89ee00, Size=672, Default__GameInfoInstance_BP_C Function /Game/Woolf/Blueprints/GameInfoInstance_BP.GameInfoInstance_BP_C:ExecuteUbergraph_GameInfoInstance_BP
[2019.11.12-10.45.46:062][  0]LogUObjectGlobals: Created PersistentFrame Addr=0x000002119465c1c0, Size=64, Default__W_HostMenu_C Function /Game/Woolf/UI/W_HostMenu.W_HostMenu_C:ExecuteUbergraph_W_HostMenu
[2019.11.12-10.45.46:063][  0]LogUObjectGlobals: Created PersistentFrame Addr=0x00000211945f4b80, Size=160, Default__W_JoinMenu_C Function /Game/Woolf/UI/W_JoinMenu.W_JoinMenu_C:ExecuteUbergraph_W_JoinMenu
[2019.11.12-10.45.46:064][  0]LogUObjectGlobals: Created PersistentFrame Addr=0x00000211945edfc0, Size=32, Default__W_MainMenu_C Function /Game/Woolf/UI/W_MainMenu.W_MainMenu_C:ExecuteUbergraph_W_MainMenu
[2019.11.12-10.45.46:075][  0]LogInit: Display: Game Engine Initialized.
[2019.11.12-10.45.46:076][  0]LogGameplayTags: Display: UGameplayTagsManager::DoneAddingNativeTags. DelegateIsBound: 0
[2019.11.12-10.45.46:076][  0]LogStats: UGameplayTagsManager::ConstructGameplayTagTree: Construct from data asset -  0.000 s
[2019.11.12-10.45.46:076][  0]LogStats: UGameplayTagsManager::ConstructGameplayTagTree: GameplayTagTreeChangedEvent.Broadcast -  0.000 s
[2019.11.12-10.45.46:270][  0]LogInit: Display: Starting Game.
[2019.11.12-10.45.46:270][  0]LogNet: Browse: /Game/Woolf/Maps/InterationofSheepHeaven?Name=Player
[2019.11.12-10.45.46:270][  0]LogLoad: LoadMap: /Game/Woolf/Maps/InterationofSheepHeaven?Name=Player
[2019.11.12-10.45.46:287][  0]LogUObjectGlobals: Destroyed PersistentFrame Addr=0x000002118e91e640, Size=64
[2019.11.12-10.45.46:288][  0]LogUObjectGlobals: Destroyed PersistentFrame Addr=0x000002119496c700, Size=688
[2019.11.12-10.45.46:288][  0]LogUObjectGlobals: Destroyed PersistentFrame Addr=0x00000211949a02c0, Size=32
[2019.11.12-10.45.46:288][  0]LogUObjectGlobals: Destroyed PersistentFrame Addr=0x0000021194907540, Size=64
[2019.11.12-10.45.46:288][  0]LogUObjectGlobals: Destroyed PersistentFrame Addr=0x0000021194911260, Size=160
[2019.11.12-10.45.46:296][  0]LogUObjectGlobals: Created PersistentFrame Addr=0x0000021194561300, Size=144, Default__InterationofSheepHeaven_C Function /Game/Woolf/Maps/InterationofSheepHeaven.InterationofSheepHeaven_C:ExecuteUbergraph_InterationofSheepHeaven
[2019.11.12-10.45.46:365][  0]LogUObjectGlobals: Destroyed PersistentFrame Addr=0x0000021194561300, Size=144
[2019.11.12-10.45.46:366][  0]LogUObjectGlobals: Created PersistentFrame Addr=0x00000211949f80e0, Size=144, Default__InterationofSheepHeaven_C Function /Engine/Transient.REINST_InterationofSheepHeaven_C_13:ExecuteUbergraph_InterationofSheepHeaven
[2019.11.12-10.45.46:367][  0]LogUObjectGlobals: Created PersistentFrame Addr=0x00000211949005e0, Size=144, Default__InterationofSheepHeaven_C Function /Game/Woolf/Maps/InterationofSheepHeaven.InterationofSheepHeaven_C:ExecuteUbergraph_InterationofSheepHeaven
[2019.11.12-10.45.46:435][  0]LogAIModule: Creating AISystem for world InterationofSheepHeaven
[2019.11.12-10.45.46:441][  0]LogUObjectGlobals: Created PersistentFrame Addr=0x00000211842a1600, Size=192, Default__Wolfy_BP_C Function /Game/Woolf/Blueprints/Player/Wolfy_BP.Wolfy_BP_C:ExecuteUbergraph_Wolfy_BP
[2019.11.12-10.45.46:461][  0]LogUObjectGlobals: Destroyed PersistentFrame Addr=0x00000211842a1600, Size=192
[2019.11.12-10.45.46:462][  0]LogUObjectGlobals: Created PersistentFrame Addr=0x00000211842a1600, Size=192, Default__Wolfy_BP_C Function /Engine/Transient.REINST_Wolfy_BP_C_16:ExecuteUbergraph_Wolfy_BP
[2019.11.12-10.45.46:468][  0]LogUObjectGlobals: Created PersistentFrame Addr=0x00000211842a3040, Size=192, Default__Wolfy_BP_C Function /Game/Woolf/Blueprints/Player/Wolfy_BP.Wolfy_BP_C:ExecuteUbergraph_Wolfy_BP
[2019.11.12-10.45.46:479][  0]LogLoad: Game class is 'WolfGameMode_BP_C'
[2019.11.12-10.45.46:482][  0]LogWorld: Bringing World /Game/Woolf/Maps/InterationofSheepHeaven.InterationofSheepHeaven up for play (max tick rate 0) at 2019.11.12-10.45.46
[2019.11.12-10.45.46:483][  0]LogWorld: Bringing up level for play took: 0.002643
[2019.11.12-10.45.47:602][  0]LogWindows: Error: === Critical error: ===
[2019.11.12-10.45.47:602][  0]LogWindows: Error: 
[2019.11.12-10.45.47:602][  0]LogWindows: Error: Unhandled Exception: EXCEPTION_ACCESS_VIOLATION writing address 0x9fe63c65
[2019.11.12-10.45.47:602][  0]LogWindows: Error: 
[2019.11.12-10.45.47:602][  0]LogWindows: Error: [Callstack] 0x00000000ED6B3F44 UE4Editor-MasterBuild.dll!UnknownFunction []
[2019.11.12-10.45.47:602][  0]LogWindows: Error: [Callstack] 0x00000000ED6B3F44 UE4Editor-MasterBuild.dll!UnknownFunction []
[2019.11.12-10.45.47:602][  0]LogWindows: Error: 
[2019.11.12-10.45.47:604][  0]LogExit: Executing StaticShutdownAfterError
[2019.11.12-10.45.47:606][  0]LogWindows: FPlatformMisc::RequestExit(1)
[2019.11.12-10.45.47:606][  0]Log file closed, 11/12/19 10:45:47
