Log file open, 12/10/19 09:30:47
LogWindows: Failed to load 'aqProf.dll' (GetLastError=126)
LogWindows: File 'aqProf.dll' does not exist
LogWindows: Failed to load 'VtuneApi.dll' (GetLastError=126)
LogWindows: File 'VtuneApi.dll' does not exist
LogWindows: Failed to load 'VtuneApi32e.dll' (GetLastError=126)
LogWindows: File 'VtuneApi32e.dll' does not exist
LogInit: Display: Running engine for game: MasterBuild
LogPlatformFile: Not using cached read wrapper
LogInit: Display: RandInit(823684110) SRandInit(823684110).
LogInit: Read version file with build ID '3944462'
LogInit: Overriding engine version to CL 4033788, compatible CL 3944462
LogInit: Registered custom module enumerator with build ID '3944462'
LogTaskGraph: Started task graph with 5 named threads and 35 total threads with 3 sets of task threads.
LogStats: Stats thread started at 0.407899
LogD3D11RHI: Aftermath initialized
LogICUInternationalization: Display: ICU TimeZone Detection - Raw Offset: +0:00, Platform Override: ''
LogPluginManager: Mounting plugin Paper2D
LogPluginManager: Mounting plugin LiveLink
LogPluginManager: Mounting plugin LightPropagationVolume
LogPluginManager: Mounting plugin CLionSourceCodeAccess
LogPluginManager: Mounting plugin CodeLiteSourceCodeAccess
LogPluginManager: Mounting plugin GitSourceControl
LogPluginManager: Mounting plugin KDevelopSourceCodeAccess
LogPluginManager: Mounting plugin NullSourceCodeAccess
LogPluginManager: Mounting plugin PerforceSourceControl
LogPluginManager: Mounting plugin SubversionSourceControl
LogPluginManager: Mounting plugin UObjectPlugin
LogPluginManager: Mounting plugin VisualStudioCodeSourceCodeAccess
LogPluginManager: Mounting plugin VisualStudioSourceCodeAccess
LogPluginManager: Mounting plugin XCodeSourceCodeAccess
LogPluginManager: Mounting plugin AssetManagerEditor
LogPluginManager: Mounting plugin CryptoKeys
LogPluginManager: Mounting plugin DataValidation
LogPluginManager: Mounting plugin FacialAnimation
LogPluginManager: Mounting plugin GameplayTagsEditor
LogPluginManager: Mounting plugin MobileLauncherProfileWizard
LogPluginManager: Mounting plugin PluginBrowser
LogPluginManager: Mounting plugin SpeedTreeImporter
LogPluginManager: Mounting plugin DatasmithContent
LogPluginManager: Mounting plugin AlembicImporter
LogPluginManager: Mounting plugin CharacterAI
LogPluginManager: Mounting plugin HTML5Networking
LogPluginManager: Mounting plugin AndroidMedia
LogPluginManager: Mounting plugin AvfMedia
LogPluginManager: Mounting plugin ImgMedia
LogPluginManager: Mounting plugin LinearTimecode
LogPluginManager: Mounting plugin MediaCompositing
LogPluginManager: Mounting plugin MediaPlayerEditor
LogPluginManager: Mounting plugin WmfMedia
LogPluginManager: Mounting plugin TcpMessaging
LogPluginManager: Mounting plugin UdpMessaging
LogPluginManager: Mounting plugin ActorSequence
LogPluginManager: Mounting plugin LevelSequenceEditor
LogPluginManager: Mounting plugin MatineeToLevelSequence
LogPluginManager: Mounting plugin NetcodeUnitTest
LogPluginManager: Mounting plugin NUTUnrealEngine4
LogPluginManager: Mounting plugin OnlineSubsystemGooglePlay
LogPluginManager: Mounting plugin OnlineSubsystemIOS
LogPluginManager: Mounting plugin OnlineSubsystem
LogPluginManager: Mounting plugin OnlineSubsystemNull
LogPluginManager: Mounting plugin OnlineSubsystemUtils
LogPluginManager: Mounting plugin AndroidDeviceProfileSelector
LogPluginManager: Mounting plugin AndroidMoviePlayer
LogPluginManager: Mounting plugin AndroidPermission
LogPluginManager: Mounting plugin AppleARKit
LogPluginManager: Mounting plugin AppleMoviePlayer
LogPluginManager: Mounting plugin ArchVisCharacter
LogPluginManager: Mounting plugin AudioCapture
LogPluginManager: Mounting plugin CableComponent
LogPluginManager: Mounting plugin CustomMeshComponent
LogPluginManager: Mounting plugin ExampleDeviceProfileSelector
LogPluginManager: Mounting plugin GoogleCloudMessaging
LogPluginManager: Mounting plugin ImmediatePhysics
LogPluginManager: Mounting plugin IOSDeviceProfileSelector
LogPluginManager: Mounting plugin LinuxDeviceProfileSelector
LogPluginManager: Mounting plugin LocationServicesBPLibrary
LogPluginManager: Mounting plugin MobilePatchingUtils
LogPluginManager: Mounting plugin OculusVR
LogPluginManager: Plugin shader directory ../../../Engine/Plugins/Runtime/Oculus/OculusVR/Shaders found
LogPluginManager: Mapping shader source directory ../../../Engine/Plugins/Runtime/Oculus/OculusVR/Shaders to virtual directory /Plugin/OculusVR
LogPluginManager: Mounting plugin PhysXVehicles
LogPluginManager: Mounting plugin ProceduralMeshComponent
LogPluginManager: Mounting plugin RuntimePhysXCooking
LogPluginManager: Mounting plugin SteamVR
LogPluginManager: Mounting plugin WindowsMoviePlayer
LogStreaming: Display: Took  0.182s to configure plugins.
LogModuleManager: Display: Found up-to-date module file ../../../../../../Users/T7088521/Documents/GitHub/BetaArcade/MasterBuild/Binaries/Win64/UE4Editor-MasterBuild.dll (API version 3944462).
LogModuleManager: Display: Found up-to-date module file ../../../Engine/Plugins/2D/Paper2D/Binaries/Win64/UE4Editor-Paper2D.dll (API version 3944462).
LogModuleManager: Display: Found up-to-date module file ../../../Engine/Plugins/2D/Paper2D/Binaries/Win64/UE4Editor-Paper2DEditor.dll (API version 3944462).
LogModuleManager: Display: Found up-to-date module file ../../../Engine/Plugins/2D/Paper2D/Binaries/Win64/UE4Editor-PaperSpriteSheetImporter.dll (API version 3944462).
LogModuleManager: Display: Found up-to-date module file ../../../Engine/Plugins/2D/Paper2D/Binaries/Win64/UE4Editor-PaperTiledImporter.dll (API version 3944462).
LogModuleManager: Display: Found up-to-date module file ../../../Engine/Plugins/2D/Paper2D/Binaries/Win64/UE4Editor-SmartSnapping.dll (API version 3944462).
LogModuleManager: Display: Found up-to-date module file ../../../Engine/Plugins/Animation/LiveLink/Binaries/Win64/UE4Editor-LiveLink.dll (API version 3944462).
LogModuleManager: Display: Found up-to-date module file ../../../Engine/Plugins/Animation/LiveLink/Binaries/Win64/UE4Editor-LiveLinkEditor.dll (API version 3944462).
LogModuleManager: Display: Found up-to-date module file ../../../Engine/Plugins/Blendables/LightPropagationVolume/Binaries/Win64/UE4Editor-LightPropagationVolumeRuntime.dll (API version 3944462).
LogModuleManager: Display: Found up-to-date module file ../../../Engine/Plugins/Blendables/LightPropagationVolume/Binaries/Win64/UE4Editor-LightPropagationVolumeEditor.dll (API version 3944462).
LogModuleManager: Display: Found up-to-date module file ../../../Engine/Plugins/Developer/CLionSourceCodeAccess/Binaries/Win64/UE4Editor-CLionSourceCodeAccess.dll (API version 3944462).
LogModuleManager: Display: Found up-to-date module file ../../../Engine/Plugins/Developer/GitSourceControl/Binaries/Win64/UE4Editor-GitSourceControl.dll (API version 3944462).
LogModuleManager: Display: Found up-to-date module file ../../../Engine/Plugins/Developer/PerforceSourceControl/Binaries/Win64/UE4Editor-PerforceSourceControl.dll (API version 3944462).
LogModuleManager: Display: Found up-to-date module file ../../../Engine/Plugins/Developer/SubversionSourceControl/Binaries/Win64/UE4Editor-SubversionSourceControl.dll (API version 3944462).
LogModuleManager: Display: Found up-to-date module file ../../../Engine/Plugins/Developer/UObjectPlugin/Binaries/Win64/UE4Editor-UObjectPlugin.dll (API version 3944462).
LogModuleManager: Display: Found up-to-date module file ../../../Engine/Plugins/Developer/VisualStudioCodeSourceCodeAccess/Binaries/Win64/UE4Editor-VisualStudioCodeSourceCodeAccess.dll (API version 3944462).
LogModuleManager: Display: Found up-to-date module file ../../../Engine/Plugins/Developer/VisualStudioSourceCodeAccess/Binaries/Win64/UE4Editor-VisualStudioSourceCodeAccess.dll (API version 3944462).
LogModuleManager: Display: Found up-to-date module file ../../../Engine/Plugins/Editor/AssetManagerEditor/Binaries/Win64/UE4Editor-AssetManagerEditor.dll (API version 3944462).
LogModuleManager: Display: Found up-to-date module file ../../../Engine/Plugins/Editor/CryptoKeys/Binaries/Win64/UE4Editor-CryptoKeys.dll (API version 3944462).
LogModuleManager: Display: Found up-to-date module file ../../../Engine/Plugins/Editor/CryptoKeys/Binaries/Win64/UE4Editor-CryptoKeysOpenSSL.dll (API version 3944462).
LogModuleManager: Display: Found up-to-date module file ../../../Engine/Plugins/Editor/DataValidation/Binaries/Win64/UE4Editor-DataValidation.dll (API version 3944462).
LogModuleManager: Display: Found up-to-date module file ../../../Engine/Plugins/Editor/FacialAnimation/Binaries/Win64/UE4Editor-FacialAnimation.dll (API version 3944462).
LogModuleManager: Display: Found up-to-date module file ../../../Engine/Plugins/Editor/FacialAnimation/Binaries/Win64/UE4Editor-FacialAnimationEditor.dll (API version 3944462).
LogModuleManager: Display: Found up-to-date module file ../../../Engine/Plugins/Editor/GameplayTagsEditor/Binaries/Win64/UE4Editor-GameplayTagsEditor.dll (API version 3944462).
LogModuleManager: Display: Found up-to-date module file ../../../Engine/Plugins/Editor/MobileLauncherProfileWizard/Binaries/Win64/UE4Editor-MobileLauncherProfileWizard.dll (API version 3944462).
LogModuleManager: Display: Found up-to-date module file ../../../Engine/Plugins/Editor/PluginBrowser/Binaries/Win64/UE4Editor-PluginBrowser.dll (API version 3944462).
LogModuleManager: Display: Found up-to-date module file ../../../Engine/Plugins/Editor/SpeedTreeImporter/Binaries/Win64/UE4Editor-SpeedTreeImporter.dll (API version 3944462).
LogModuleManager: Display: Found up-to-date module file ../../../Engine/Plugins/Enterprise/DatasmithContent/Binaries/Win64/UE4Editor-DatasmithContent.dll (API version 3944462).
LogModuleManager: Display: Found up-to-date module file ../../../Engine/Plugins/Experimental/AlembicImporter/Binaries/Win64/UE4Editor-AlembicImporter.dll (API version 3944462).
LogModuleManager: Display: Found up-to-date module file ../../../Engine/Plugins/Experimental/AlembicImporter/Binaries/Win64/UE4Editor-AlembicLibrary.dll (API version 3944462).
LogModuleManager: Display: Found up-to-date module file ../../../Engine/Plugins/Experimental/CharacterAI/Binaries/Win64/UE4Editor-CharacterAI.dll (API version 3944462).
LogModuleManager: Display: Found up-to-date module file ../../../Engine/Plugins/Experimental/HTML5Networking/Binaries/Win64/UE4Editor-HTML5Networking.dll (API version 3944462).
LogModuleManager: Display: Found up-to-date module file ../../../Engine/Plugins/Media/AndroidMedia/Binaries/Win64/UE4Editor-AndroidMediaEditor.dll (API version 3944462).
LogModuleManager: Display: Found up-to-date module file ../../../Engine/Plugins/Media/AndroidMedia/Binaries/Win64/UE4Editor-AndroidMediaFactory.dll (API version 3944462).
LogModuleManager: Display: Found up-to-date module file ../../../Engine/Plugins/Media/AvfMedia/Binaries/Win64/UE4Editor-AvfMediaEditor.dll (API version 3944462).
LogModuleManager: Display: Found up-to-date module file ../../../Engine/Plugins/Media/AvfMedia/Binaries/Win64/UE4Editor-AvfMediaFactory.dll (API version 3944462).
LogModuleManager: Display: Found up-to-date module file ../../../Engine/Plugins/Media/AvfMedia/Binaries/Win64/UE4Editor-AvfMediaFactory.dll (API version 3944462).
LogModuleManager: Display: Found up-to-date module file ../../../Engine/Plugins/Media/ImgMedia/Binaries/Win64/UE4Editor-ImgMedia.dll (API version 3944462).
LogModuleManager: Display: Found up-to-date module file ../../../Engine/Plugins/Media/ImgMedia/Binaries/Win64/UE4Editor-ImgMediaEditor.dll (API version 3944462).
LogModuleManager: Display: Found up-to-date module file ../../../Engine/Plugins/Media/ImgMedia/Binaries/Win64/UE4Editor-ImgMediaFactory.dll (API version 3944462).
LogModuleManager: Display: Found up-to-date module file ../../../Engine/Plugins/Media/ImgMedia/Binaries/Win64/UE4Editor-ImgMediaFactory.dll (API version 3944462).
LogModuleManager: Display: Found up-to-date module file ../../../Engine/Plugins/Media/ImgMedia/Binaries/Win64/UE4Editor-OpenExrWrapper.dll (API version 3944462).
LogModuleManager: Display: Found up-to-date module file ../../../Engine/Plugins/Media/LinearTimecode/Binaries/Win64/UE4Editor-LinearTimecode.dll (API version 3944462).
LogModuleManager: Display: Found up-to-date module file ../../../Engine/Plugins/Media/MediaCompositing/Binaries/Win64/UE4Editor-MediaCompositing.dll (API version 3944462).
LogModuleManager: Display: Found up-to-date module file ../../../Engine/Plugins/Media/MediaCompositing/Binaries/Win64/UE4Editor-MediaCompositingEditor.dll (API version 3944462).
LogModuleManager: Display: Found up-to-date module file ../../../Engine/Plugins/Media/MediaPlayerEditor/Binaries/Win64/UE4Editor-MediaPlayerEditor.dll (API version 3944462).
LogModuleManager: Display: Found up-to-date module file ../../../Engine/Plugins/Media/WmfMedia/Binaries/Win64/UE4Editor-WmfMedia.dll (API version 3944462).
LogModuleManager: Display: Found up-to-date module file ../../../Engine/Plugins/Media/WmfMedia/Binaries/Win64/UE4Editor-WmfMediaEditor.dll (API version 3944462).
LogModuleManager: Display: Found up-to-date module file ../../../Engine/Plugins/Media/WmfMedia/Binaries/Win64/UE4Editor-WmfMediaFactory.dll (API version 3944462).
LogModuleManager: Display: Found up-to-date module file ../../../Engine/Plugins/Media/WmfMedia/Binaries/Win64/UE4Editor-WmfMediaFactory.dll (API version 3944462).
LogModuleManager: Display: Found up-to-date module file ../../../Engine/Plugins/Messaging/TcpMessaging/Binaries/Win64/UE4Editor-TcpMessaging.dll (API version 3944462).
LogModuleManager: Display: Found up-to-date module file ../../../Engine/Plugins/Messaging/UdpMessaging/Binaries/Win64/UE4Editor-UdpMessaging.dll (API version 3944462).
LogModuleManager: Display: Found up-to-date module file ../../../Engine/Plugins/MovieScene/ActorSequence/Binaries/Win64/UE4Editor-ActorSequence.dll (API version 3944462).
LogModuleManager: Display: Found up-to-date module file ../../../Engine/Plugins/MovieScene/LevelSequenceEditor/Binaries/Win64/UE4Editor-LevelSequenceEditor.dll (API version 3944462).
LogModuleManager: Display: Found up-to-date module file ../../../Engine/Plugins/MovieScene/MatineeToLevelSequence/Binaries/Win64/UE4Editor-MatineeToLevelSequence.dll (API version 3944462).
LogModuleManager: Display: Found up-to-date module file ../../../Engine/Plugins/NetcodeUnitTest/NetcodeUnitTest/Binaries/Win64/UE4Editor-NetcodeUnitTest.dll (API version 3944462).
LogModuleManager: Display: Found up-to-date module file ../../../Engine/Plugins/NetcodeUnitTest/NUTUnrealEngine4/Binaries/Win64/UE4Editor-NUTUnrealEngine4.dll (API version 3944462).
LogModuleManager: Display: Found up-to-date module file ../../../Engine/Plugins/Online/OnlineSubsystem/Binaries/Win64/UE4Editor-OnlineSubsystem.dll (API version 3944462).
LogModuleManager: Display: Found up-to-date module file ../../../Engine/Plugins/Online/OnlineSubsystemNull/Binaries/Win64/UE4Editor-OnlineSubsystemNull.dll (API version 3944462).
LogModuleManager: Display: Found up-to-date module file ../../../Engine/Plugins/Online/OnlineSubsystemUtils/Binaries/Win64/UE4Editor-OnlineSubsystemUtils.dll (API version 3944462).
LogModuleManager: Display: Found up-to-date module file ../../../Engine/Plugins/Online/OnlineSubsystemUtils/Binaries/Win64/UE4Editor-OnlineBlueprintSupport.dll (API version 3944462).
LogModuleManager: Display: Found up-to-date module file ../../../Engine/Plugins/Runtime/AndroidDeviceProfileSelector/Binaries/Win64/UE4Editor-AndroidDeviceProfileSelector.dll (API version 3944462).
LogModuleManager: Display: Found up-to-date module file ../../../Engine/Plugins/Runtime/AndroidPermission/Binaries/Win64/UE4Editor-AndroidPermission.dll (API version 3944462).
LogModuleManager: Display: Found up-to-date module file ../../../Engine/Plugins/Runtime/AppleARKit/Binaries/Win64/UE4Editor-AppleARKit.dll (API version 3944462).
LogModuleManager: Display: Found up-to-date module file ../../../Engine/Plugins/Runtime/ArchVisCharacter/Binaries/Win64/UE4Editor-ArchVisCharacter.dll (API version 3944462).
LogModuleManager: Display: Found up-to-date module file ../../../Engine/Plugins/Runtime/AudioCapture/Binaries/Win64/UE4Editor-AudioCapture.dll (API version 3944462).
LogModuleManager: Display: Found up-to-date module file ../../../Engine/Plugins/Runtime/AudioCapture/Binaries/Win64/UE4Editor-AudioCaptureEditor.dll (API version 3944462).
LogModuleManager: Display: Found up-to-date module file ../../../Engine/Plugins/Runtime/CableComponent/Binaries/Win64/UE4Editor-CableComponent.dll (API version 3944462).
LogModuleManager: Display: Found up-to-date module file ../../../Engine/Plugins/Runtime/CustomMeshComponent/Binaries/Win64/UE4Editor-CustomMeshComponent.dll (API version 3944462).
LogModuleManager: Display: Found up-to-date module file ../../../Engine/Plugins/Runtime/ExampleDeviceProfileSelector/Binaries/Win64/UE4Editor-ExampleDeviceProfileSelector.dll (API version 3944462).
LogModuleManager: Display: Found up-to-date module file ../../../Engine/Plugins/Runtime/ImmediatePhysics/Binaries/Win64/UE4Editor-ImmediatePhysics.dll (API version 3944462).
LogModuleManager: Display: Found up-to-date module file ../../../Engine/Plugins/Runtime/ImmediatePhysics/Binaries/Win64/UE4Editor-ImmediatePhysicsEditor.dll (API version 3944462).
LogModuleManager: Display: Found up-to-date module file ../../../Engine/Plugins/Runtime/LocationServicesBPLibrary/Binaries/Win64/UE4Editor-LocationServicesBPLibrary.dll (API version 3944462).
LogModuleManager: Display: Found up-to-date module file ../../../Engine/Plugins/Runtime/MobilePatchingUtils/Binaries/Win64/UE4Editor-MobilePatchingUtils.dll (API version 3944462).
LogModuleManager: Display: Found up-to-date module file ../../../Engine/Plugins/Runtime/Oculus/OculusVR/Binaries/Win64/UE4Editor-OculusHMD.dll (API version 3944462).
LogModuleManager: Display: Found up-to-date module file ../../../Engine/Plugins/Runtime/Oculus/OculusVR/Binaries/Win64/UE4Editor-OculusInput.dll (API version 3944462).
LogModuleManager: Display: Found up-to-date module file ../../../Engine/Plugins/Runtime/Oculus/OculusVR/Binaries/Win64/UE4Editor-OculusEditor.dll (API version 3944462).
LogModuleManager: Display: Found up-to-date module file ../../../Engine/Plugins/Runtime/PhysXVehicles/Binaries/Win64/UE4Editor-PhysXVehicles.dll (API version 3944462).
LogModuleManager: Display: Found up-to-date module file ../../../Engine/Plugins/Runtime/PhysXVehicles/Binaries/Win64/UE4Editor-PhysXVehiclesEditor.dll (API version 3944462).
LogModuleManager: Display: Found up-to-date module file ../../../Engine/Plugins/Runtime/ProceduralMeshComponent/Binaries/Win64/UE4Editor-ProceduralMeshComponent.dll (API version 3944462).
LogModuleManager: Display: Found up-to-date module file ../../../Engine/Plugins/Runtime/ProceduralMeshComponent/Binaries/Win64/UE4Editor-ProceduralMeshComponentEditor.dll (API version 3944462).
LogModuleManager: Display: Found up-to-date module file ../../../Engine/Plugins/Runtime/RuntimePhysXCooking/Binaries/Win64/UE4Editor-RuntimePhysXCooking.dll (API version 3944462).
LogModuleManager: Display: Found up-to-date module file ../../../Engine/Plugins/Runtime/Steam/SteamVR/Binaries/Win64/UE4Editor-SteamVR.dll (API version 3944462).
LogModuleManager: Display: Found up-to-date module file ../../../Engine/Plugins/Runtime/Steam/SteamVR/Binaries/Win64/UE4Editor-SteamVRController.dll (API version 3944462).
LogModuleManager: Display: Found up-to-date module file ../../../Engine/Plugins/Runtime/WindowsMoviePlayer/Binaries/Win64/UE4Editor-WindowsMoviePlayer.dll (API version 3944462).
LogInit: Using libcurl 7.47.1
LogInit:  - built for x86_64-pc-win32
LogInit:  - supports SSL with OpenSSL/1.0.2g
LogInit:  - supports HTTP deflate (compression) using libz 1.2.8
LogInit:  - other features:
LogInit:      CURL_VERSION_SSL
LogInit:      CURL_VERSION_LIBZ
LogInit:      CURL_VERSION_IPV6
LogInit:      CURL_VERSION_ASYNCHDNS
LogInit:      CURL_VERSION_LARGEFILE
LogInit:      CURL_VERSION_IDN
LogInit:  CurlRequestOptions (configurable via config and command line):
LogInit:  - bVerifyPeer = false  - Libcurl will NOT verify peer certificate
LogInit:  - bUseHttpProxy = false  - Libcurl will NOT use HTTP proxy
LogInit:  - bDontReuseConnections = false  - Libcurl will reuse connections
LogInit:  - CertBundlePath = nullptr  - Libcurl will use whatever was configured at build time.
LogInit:  - MaxHostConnections = 16  - Libcurl will limit the number of connections to a host
LogInit:  - LocalHostAddr = Default
LogInit: WinSock: version 1.1 (2.2), MaxSocks=32767, MaxUdp=65467
LogInit: WinSock: I am TU45376 (152.105.218.162:0)
LogInit: Build: ++UE4+Release-4.19-CL-4033788
LogInit: Engine Version: 4.19.2-4033788+++UE4+Release-4.19
LogInit: Compatible Engine Version: 4.19.0-3944462+++UE4+Release-4.19
LogInit: Net CL: 3944462
LogDevObjectVersion: Number of dev versions registered: 18
LogDevObjectVersion:   Dev-Blueprints (B0D832E4-1F89-4F0D-ACCF-7EB736FD4AA2): 10
LogDevObjectVersion:   Dev-Build (E1C64328-A22C-4D53-A36C-8E866417BD8C): 0
LogDevObjectVersion:   Dev-Core (375EC13C-06E4-48FB-B500-84F0262A717E): 2
LogDevObjectVersion:   Dev-Editor (E4B068ED-F494-42E9-A231-DA0B2E46BB41): 23
LogDevObjectVersion:   Dev-Framework (CFFC743F-43B0-4480-9391-14DF171D2073): 33
LogDevObjectVersion:   Dev-Mobile (B02B49B5-BB20-44E9-A304-32B752E40360): 2
LogDevObjectVersion:   Dev-Networking (A4E4105C-59A1-49B5-A7C5-40C4547EDFEE): 0
LogDevObjectVersion:   Dev-Online (39C831C9-5AE6-47DC-9A44-9C173E1C8E7C): 0
LogDevObjectVersion:   Dev-Physics (78F01B33-EBEA-4F98-B9B4-84EACCB95AA2): 0
LogDevObjectVersion:   Dev-Platform (6631380F-2D4D-43E0-8009-CF276956A95A): 0
LogDevObjectVersion:   Dev-Rendering (12F88B9F-8875-4AFC-A67C-D90C383ABD29): 25
LogDevObjectVersion:   Dev-Sequencer (7B5AE74C-D270-4C10-A958-57980B212A5A): 6
LogDevObjectVersion:   Dev-VR (D7296918-1DD6-4BDD-9DE2-64A83CC13884): 1
LogDevObjectVersion:   Dev-LoadTimes (C2A15278-BFE7-4AFE-6C17-90FF531DF755): 1
LogDevObjectVersion:   Private-Geometry (6EACA3D4-40EC-4CC1-B786-8BED09428FC5): 2
LogDevObjectVersion:   Dev-AnimPhys (29E575DD-E0A3-4627-9D10-D276232CDCEA): 16
LogDevObjectVersion:   Dev-ReflectionCapture (6B266CEC-1EC7-4B8F-A30B-E4D90942FC07): 1
LogDevObjectVersion:   Dev-Automation (0DF73D61-A23F-47EA-B727-89E90C41499A): 1
LogInit: Compiled (64-bit): Apr 27 2018 02:06:57
LogInit: Compiled with Visual C++: 19.00.24215.01
LogInit: Build Configuration: Development
LogInit: Branch Name: ++UE4+Release-4.19
LogInit: Command Line: 
LogInit: Base Directory: C:/Program Files/Epic Games/UE_4.19/Engine/Binaries/Win64/
LogInit: Installed Engine Build: 1
LogStreaming: Display: Took  0.010s to delete old logs.
LogInit: Presizing for max 8388607 objects, including 0 objects not considered by GC, pre-allocating 0 bytes for permanent pool.
LogInit: Object subsystem initialized
[2019.12.10-09.30.51:107][  0]LogInit: Selected Device Profile: [Windows]
[2019.12.10-09.30.51:107][  0]LogInit: Applying CVar settings loaded from the selected device profile: [Windows]
[2019.12.10-09.30.51:139][  0]LogInit: Computer: TU45376
[2019.12.10-09.30.51:139][  0]LogInit: User: t7088521
[2019.12.10-09.30.51:139][  0]LogInit: CPU Page size=4096, Cores=6
[2019.12.10-09.30.51:139][  0]LogInit: High frequency timer resolution =10.000000 MHz
[2019.12.10-09.30.51:139][  0]LogMemory: Memory total: Physical=31.9GB (32GB approx)
[2019.12.10-09.30.51:139][  0]LogMemory: Platform Memory Stats for Windows
[2019.12.10-09.30.51:139][  0]LogMemory: Process Physical Memory: 278.15 MB used, 278.16 MB peak
[2019.12.10-09.30.51:139][  0]LogMemory: Process Virtual Memory: 275.98 MB used, 275.98 MB peak
[2019.12.10-09.30.51:139][  0]LogMemory: Physical Memory: 5564.58 MB used,  27119.59 MB free, 32684.17 MB total
[2019.12.10-09.30.51:139][  0]LogMemory: Virtual Memory: 4819.93 MB used,  27119.59 MB free, 134217728.00 MB total
[2019.12.10-09.30.51:168][  0]LogInit: Using OS detected language (en-GB).
[2019.12.10-09.30.51:168][  0]LogInit: Using OS detected locale (en-GB).
[2019.12.10-09.30.51:174][  0]LogTextLocalizationManager: No specific localization for 'en-GB' exists, so the 'en' localization will be used.
[2019.12.10-09.30.51:655][  0]LogStreaming: Display: Took  0.486s to EndInitTextLocalization.
[2019.12.10-09.30.51:655][  0]LogInit: Setting process to per monitor DPI aware
[2019.12.10-09.30.51:708][  0]LogSlate: New Slate User Created.  User Index 0, Is Virtual User: 0
[2019.12.10-09.30.51:708][  0]LogSlate: Slate User Registered.  User Index 0, Is Virtual User: 0
[2019.12.10-09.30.52:006][  0]LogD3D11RHI: D3D11 adapters:
[2019.12.10-09.30.52:055][  0]LogD3D11RHI:    0. 'NVIDIA GeForce GTX 980 Ti' (Feature Level 11_0)
[2019.12.10-09.30.52:055][  0]LogD3D11RHI:       6097/0/16342 MB DedicatedVideo/DedicatedSystem/SharedSystem, Outputs:2, VendorId:0x10de
[2019.12.10-09.30.52:058][  0]LogD3D11RHI:    1. 'Microsoft Basic Render Driver' (Feature Level 11_0)
[2019.12.10-09.30.52:058][  0]LogD3D11RHI:       0/0/16342 MB DedicatedVideo/DedicatedSystem/SharedSystem, Outputs:0, VendorId:0x1414
[2019.12.10-09.30.52:058][  0]LogD3D11RHI: Chosen D3D11 Adapter: 0
[2019.12.10-09.30.52:064][  0]LogD3D11RHI: Creating new Direct3DDevice
[2019.12.10-09.30.52:064][  0]LogD3D11RHI:     GPU DeviceId: 0x17c8 (for the marketing name, search the web for "GPU Device Id")
[2019.12.10-09.30.52:064][  0]LogWindows: EnumDisplayDevices:
[2019.12.10-09.30.52:064][  0]LogWindows:    0. 'NVIDIA GeForce GTX 980 Ti' (P:1 D:1)
[2019.12.10-09.30.52:064][  0]LogWindows:    1. 'NVIDIA GeForce GTX 980 Ti' (P:0 D:1)
[2019.12.10-09.30.52:065][  0]LogWindows:    2. 'NVIDIA GeForce GTX 980 Ti' (P:0 D:0)
[2019.12.10-09.30.52:065][  0]LogWindows:    3. 'NVIDIA GeForce GTX 980 Ti' (P:0 D:0)
[2019.12.10-09.30.52:066][  0]LogWindows: DebugString: GetVideoDriverDetailsInvalid PrimaryIsNotTheChoosenAdapter GetVideoDriverDetailsInvalid PrimaryIsNotTheChoosenAdapter GetVideoDriverDetailsInvalid PrimaryIsNotTheChoosenAdapter GetVideoDriverDetailsInvalid PrimaryIsNotTheChoosenAdapter FoundDriverCount:0 
[2019.12.10-09.30.52:066][  0]LogD3D11RHI:     Adapter Name: NVIDIA GeForce GTX 980 Ti
[2019.12.10-09.30.52:066][  0]LogD3D11RHI:   Driver Version: Unknown (internal:Unknown, unified:Unknown)
[2019.12.10-09.30.52:066][  0]LogD3D11RHI:      Driver Date: Unknown
[2019.12.10-09.30.52:066][  0]LogRHI: Texture pool is 4268 MB (70% of 6097 MB)
[2019.12.10-09.30.52:100][  0]LogD3D11RHI: [Aftermath] Aftermath enabled and primed
[2019.12.10-09.30.52:100][  0]LogD3D11RHI: [Aftermath] Aftermath enabled and primed
[2019.12.10-09.30.52:100][  0]LogD3D11RHI: Async texture creation enabled
[2019.12.10-09.30.52:117][  0]LogD3D11RHI: GPU Timing Frequency: 1000.000000 (Debug: 2 2)
[2019.12.10-09.30.52:206][  0]LogShaderCompilers: Guid format shader working directory is -24 characters bigger than the processId version (../../../../../../Users/T7088521/Documents/GitHub/BetaArcade/MasterBuild/Intermediate/Shaders/WorkingDirectory/11012/).
[2019.12.10-09.30.52:206][  0]LogShaderCompilers: Cleaned the shader compiler working directory 'C:/Users/T7088521/AppData/Local/Temp/UnrealShaderWorkingDir/938694BA42BD91668436FA8F8CA56132/'.
[2019.12.10-09.30.52:550][  0]LogTemp: Display: Loaded TP AllDesktopTargetPlatform
[2019.12.10-09.30.52:565][  0]LogTemp: Display: Loaded TP MacClientTargetPlatform
[2019.12.10-09.30.52:591][  0]LogTemp: Display: Loaded TP MacNoEditorTargetPlatform
[2019.12.10-09.30.52:607][  0]LogTemp: Display: Loaded TP MacServerTargetPlatform
[2019.12.10-09.30.52:625][  0]LogTemp: Display: Loaded TP MacTargetPlatform
[2019.12.10-09.30.52:639][  0]LogTemp: Display: Loaded TP WindowsClientTargetPlatform
[2019.12.10-09.30.52:666][  0]LogTemp: Display: Loaded TP WindowsNoEditorTargetPlatform
[2019.12.10-09.30.52:682][  0]LogTemp: Display: Loaded TP WindowsServerTargetPlatform
[2019.12.10-09.30.52:699][  0]LogTemp: Display: Loaded TP WindowsTargetPlatform
[2019.12.10-09.30.52:711][  0]LogTemp: Display: Loaded TP Android_ASTCTargetPlatform
[2019.12.10-09.30.52:724][  0]LogTemp: Display: Loaded TP Android_ATCTargetPlatform
[2019.12.10-09.30.52:739][  0]LogTemp: Display: Loaded TP Android_DXTTargetPlatform
[2019.12.10-09.30.52:751][  0]LogTemp: Display: Loaded TP Android_ETC1aTargetPlatform
[2019.12.10-09.30.52:769][  0]LogTemp: Display: Loaded TP Android_ETC1TargetPlatform
[2019.12.10-09.30.52:784][  0]LogTemp: Display: Loaded TP Android_ETC2TargetPlatform
[2019.12.10-09.30.52:809][  0]LogTemp: Display: Loaded TP Android_MultiTargetPlatform
[2019.12.10-09.30.52:809][  0]LogTemp: Display: Loaded TP Android_PVRTCTargetPlatform
[2019.12.10-09.30.52:822][  0]LogTemp: Display: Loaded TP AndroidTargetPlatform
[2019.12.10-09.30.52:824][  0]LogTemp: Display: Loaded TP HTML5TargetPlatform
[2019.12.10-09.30.52:865][  0]LogTemp: Display: Loaded TP IOSTargetPlatform
[2019.12.10-09.30.52:877][  0]LogTemp: Display: Loaded TP TVOSTargetPlatform
[2019.12.10-09.30.52:894][  0]LogTemp: Display: Loaded TP LinuxClientTargetPlatform
[2019.12.10-09.30.52:907][  0]LogTemp: Display: Loaded TP LinuxNoEditorTargetPlatform
[2019.12.10-09.30.52:919][  0]LogTemp: Display: Loaded TP LinuxServerTargetPlatform
[2019.12.10-09.30.52:934][  0]LogTemp: Display: Loaded TP LinuxTargetPlatform
[2019.12.10-09.30.52:934][  0]LogTargetPlatformManager: Display: Building Assets For Windows
[2019.12.10-09.30.53:507][  0]LogXGEController: Cannot use XGE Controller as Incredibuild is not installed on this machine.
[2019.12.10-09.30.53:507][  0]LogShaderCompilers: Cannot use XGE Shader Compiler as Incredibuild is not installed on this machine.
[2019.12.10-09.30.53:507][  0]LogShaderCompilers: Display: Using Local Shader Compiler.
[2019.12.10-09.30.55:108][  0]LogDerivedDataCache: Display: Max Cache Size: 512 MB
[2019.12.10-09.30.55:216][  0]LogDerivedDataCache: Loaded boot cache 0.11s 74MB C:/Users/T7088521/AppData/Local/UnrealEngine/4.19/DerivedDataCache/Boot.ddc.
[2019.12.10-09.30.55:216][  0]LogDerivedDataCache: Display: Loaded Boot cache: C:/Users/T7088521/AppData/Local/UnrealEngine/4.19/DerivedDataCache/Boot.ddc
[2019.12.10-09.30.55:216][  0]LogDerivedDataCache: FDerivedDataBackendGraph:  Pak pak cache file ../../../../../../Users/T7088521/Documents/GitHub/BetaArcade/MasterBuild/DerivedDataCache/DDC.ddp not found, will not use a pak cache.
[2019.12.10-09.30.55:216][  0]LogDerivedDataCache: Unable to find inner node Pak for hierarchical cache Hierarchy.
[2019.12.10-09.30.55:216][  0]LogDerivedDataCache: FDerivedDataBackendGraph:  CompressedPak pak cache file ../../../../../../Users/T7088521/Documents/GitHub/BetaArcade/MasterBuild/DerivedDataCache/Compressed.ddp not found, will not use a pak cache.
[2019.12.10-09.30.55:216][  0]LogDerivedDataCache: Unable to find inner node CompressedPak for hierarchical cache Hierarchy.
[2019.12.10-09.30.55:250][  0]LogDerivedDataCache: Display: Pak cache opened for reading ../../../Engine/DerivedDataCache/Compressed.ddp.
[2019.12.10-09.30.55:268][  0]LogDerivedDataCache: Using Local data cache path C:/Users/T7088521/AppData/Local/UnrealEngine/Common/DerivedDataCache: Writable
[2019.12.10-09.30.55:268][  0]LogDerivedDataCache: Shared data cache path not found in *engine.ini, will not use an Shared cache.
[2019.12.10-09.30.55:268][  0]LogDerivedDataCache: Unable to find inner node Shared for hierarchical cache Hierarchy.
[2019.12.10-09.30.55:297][  0]LogMaterial: Verifying Global Shaders for PCD3D_SM5
[2019.12.10-09.30.55:297][  0]LogSlate: Using Freetype 2.6.0
[2019.12.10-09.30.55:298][  0]LogSlate: SlateFontCache - WITH_FREETYPE: 1, WITH_HARFBUZZ: 1
[2019.12.10-09.30.55:298][  0]LogSlate: SlateFontCache - WITH_FREETYPE: 1, WITH_HARFBUZZ: 1
[2019.12.10-09.30.55:599][  0]LogAssetRegistry: FAssetRegistry took 0.0520 seconds to start up
[2019.12.10-09.30.56:246][  0]LogInit: Selected Device Profile: [Windows]
[2019.12.10-09.30.56:573][  0]LogSimplygon: Simplygon DLL not present - disabling.
[2019.12.10-09.30.56:578][  0]LogMeshReduction: Using SimplygonSwarm for distributed automatic mesh merging
[2019.12.10-09.30.56:578][  0]LogMeshReduction: Using QuadricMeshReduction for automatic static mesh reduction
[2019.12.10-09.30.56:578][  0]LogMeshReduction: No automatic skeletal mesh reduction module available
[2019.12.10-09.30.56:578][  0]LogMeshReduction: No automatic mesh merging module available
[2019.12.10-09.30.56:578][  0]LogMeshMerging: No automatic mesh merging module available
[2019.12.10-09.30.56:655][  0]LogNetVersion: MasterBuild , NetCL: 3944462, EngineNetVer: 2, GameNetVer: 0 (Checksum: 2426174287)
[2019.12.10-09.30.58:015][  0]LogPackageLocalizationCache: Processed 9 localized package path(s) for 2 prioritized culture(s) in 0.523245 seconds
[2019.12.10-09.30.58:022][  0]LogUObjectArray: 36728 objects as part of root set at end of initial load.
[2019.12.10-09.30.58:022][  0]LogUObjectAllocator: 7314312 out of 0 bytes used by permanent object pool.
[2019.12.10-09.30.58:022][  0]LogUObjectArray: CloseDisregardForGC: 0/0 objects in disregard for GC pool
[2019.12.10-09.31.01:174][  0]LogTcpMessaging: Initializing TcpMessaging bridge
[2019.12.10-09.31.01:235][  0]LogUdpMessaging: Initializing bridge on interface 0.0.0.0:0 to multicast group 230.0.0.1:6666.
[2019.12.10-09.31.01:622][  0]LogTexture: Display: Building textures: 15139-colorgrade (AutoDXT, 512X32)
[2019.12.10-09.31.01:622][  0]LogMaterial: Missing cached shader map for material Mat_Pickup, compiling. 
[2019.12.10-09.31.02:221][  0]LogShaderCompilers: Display: Shaders left to compile 31
[2019.12.10-09.31.02:221][  0]LogShaderCompilers: Display: Shaders left to compile 21
[2019.12.10-09.31.02:221][  0]LogShaderCompilers: Display: Shaders left to compile 11
[2019.12.10-09.31.02:221][  0]LogShaderCompilers: Display: Shaders left to compile 1
[2019.12.10-09.31.02:221][  0]LogStats: FPlatformStackWalk::StackWalkAndDump -  0.551 s
[2019.12.10-09.31.02:221][  0]LogOutputDevice: Error: === Handled ensure: ===
[2019.12.10-09.31.02:221][  0]LogOutputDevice: Error: 
[2019.12.10-09.31.02:221][  0]LogOutputDevice: Error: Ensure condition failed: AttachmentRules.LocationRule == EAttachmentRule::KeepRelative && AttachmentRules.RotationRule == EAttachmentRule::KeepRelative && AttachmentRules.ScaleRule == EAttachmentRule::KeepRelative [File:D:\Build\++UE4+Release-4.19+Compile\Sync\Engine\Source\Runtime\Engine\Private\Components\SceneComponent.cpp] [Line: 1678]
[2019.12.10-09.31.02:221][  0]LogOutputDevice: Error: AttachToComponent when called from a constructor is only setting up attachment and will always be treated as KeepRelative. Consider calling SetupAttachment directly instead.
[2019.12.10-09.31.02:221][  0]LogOutputDevice: Error: Stack: 
[2019.12.10-09.31.02:221][  0]LogOutputDevice: Error: [Callstack] 0x0000000077FAB706 UE4Editor-Core.dll!UnknownFunction []
[2019.12.10-09.31.02:221][  0]LogOutputDevice: Error: [Callstack] 0x0000000077D0AE3A UE4Editor-Core.dll!UnknownFunction []
[2019.12.10-09.31.02:221][  0]LogOutputDevice: Error: [Callstack] 0x0000000077D1ECD6 UE4Editor-Core.dll!UnknownFunction []
[2019.12.10-09.31.02:221][  0]LogOutputDevice: Error: [Callstack] 0x0000000074CCE0F8 UE4Editor-Engine.dll!UnknownFunction []
[2019.12.10-09.31.02:221][  0]LogOutputDevice: Error: [Callstack] 0x00000000625AB689 UE4Editor-MasterBuild.dll!UnknownFunction []
[2019.12.10-09.31.02:221][  0]LogOutputDevice: Error: [Callstack] 0x00000000785C54F8 UE4Editor-CoreUObject.dll!UnknownFunction []
[2019.12.10-09.31.02:221][  0]LogOutputDevice: Error: [Callstack] 0x0000000078857D30 UE4Editor-CoreUObject.dll!UnknownFunction []
[2019.12.10-09.31.02:221][  0]LogOutputDevice: Error: [Callstack] 0x00000000788394A2 UE4Editor-CoreUObject.dll!UnknownFunction []
[2019.12.10-09.31.02:221][  0]LogOutputDevice: Error: [Callstack] 0x00000000785CA7F7 UE4Editor-CoreUObject.dll!UnknownFunction []
[2019.12.10-09.31.02:221][  0]LogOutputDevice: Error: [Callstack] 0x0000000077BB4190 UE4Editor-Core.dll!UnknownFunction []
[2019.12.10-09.31.02:221][  0]LogOutputDevice: Error: [Callstack] 0x0000000077DC5E91 UE4Editor-Core.dll!UnknownFunction []
[2019.12.10-09.31.02:221][  0]LogOutputDevice: Error: [Callstack] 0x00000000A179FC7A UE4Editor-Projects.dll!UnknownFunction []
[2019.12.10-09.31.02:221][  0]LogOutputDevice: Error: [Callstack] 0x00000000A179FFC2 UE4Editor-Projects.dll!UnknownFunction []
[2019.12.10-09.31.02:221][  0]LogOutputDevice: Error: [Callstack] 0x00000000C4C19731 UE4Editor.exe!UnknownFunction []
[2019.12.10-09.31.02:221][  0]LogOutputDevice: Error: [Callstack] 0x00000000C4C1DD83 UE4Editor.exe!UnknownFunction []
[2019.12.10-09.31.02:221][  0]LogOutputDevice: Error: [Callstack] 0x00000000C4C169FA UE4Editor.exe!UnknownFunction []
[2019.12.10-09.31.02:221][  0]LogOutputDevice: Error: [Callstack] 0x00000000C4C16C4A UE4Editor.exe!UnknownFunction []
[2019.12.10-09.31.02:221][  0]LogOutputDevice: Error: [Callstack] 0x00000000C4C24177 UE4Editor.exe!UnknownFunction []
[2019.12.10-09.31.02:221][  0]LogOutputDevice: Error: [Callstack] 0x00000000C4C25B87 UE4Editor.exe!UnknownFunction []
[2019.12.10-09.31.02:221][  0]LogOutputDevice: Error: [Callstack] 0x00000000BF167974 KERNEL32.DLL!UnknownFunction []
[2019.12.10-09.31.02:221][  0]LogOutputDevice: Error: [Callstack] 0x00000000C1F9A271 ntdll.dll!UnknownFunction []
[2019.12.10-09.31.02:221][  0]LogOutputDevice: Error: 
[2019.12.10-09.31.02:229][  0]LogStats:                SubmitErrorReport -  0.000 s
[2019.12.10-09.31.03:203][  0]LogStats:                    SendNewReport -  0.973 s
[2019.12.10-09.31.03:203][  0]LogStats:             FDebug::EnsureFailed -  1.531 s
[2019.12.10-09.31.03:253][  0]LogUObjectGlobals: Created PersistentFrame Addr=0x0000027a6bc5de00, Size=64, Default__ThirdPerson_AnimBP_C Function /Game/Mannequin/Animations/ThirdPerson_AnimBP.ThirdPerson_AnimBP_C:ExecuteUbergraph_ThirdPerson_AnimBP
[2019.12.10-09.31.03:272][  0]LogUObjectGlobals: Destroyed PersistentFrame Addr=0x0000027a6bc5de00, Size=64
[2019.12.10-09.31.03:272][  0]LogUObjectGlobals: Created PersistentFrame Addr=0x0000027a6bc5de00, Size=64, Default__ThirdPerson_AnimBP_C Function /Engine/Transient.REINST_ThirdPerson_AnimBP_C_0:ExecuteUbergraph_ThirdPerson_AnimBP
[2019.12.10-09.31.03:282][  0]LogUObjectGlobals: Created PersistentFrame Addr=0x0000027a6ba7dd50, Size=72, Default__ThirdPerson_AnimBP_C Function /Game/Mannequin/Animations/ThirdPerson_AnimBP.ThirdPerson_AnimBP_C:ExecuteUbergraph_ThirdPerson_AnimBP
[2019.12.10-09.31.03:412][  0]LogSkeletalMesh: Skeletal Mesh found in DDC [20.638700ms] /Game/Mannequin/Character/Mesh/SK_Mannequin.SK_Mannequin
[2019.12.10-09.31.03:713][  0]SourceControl: Source control is disabled
[2019.12.10-09.31.03:713][  0]SourceControl: Source control is disabled
[2019.12.10-09.31.03:746][  0]SourceControl: Source control is disabled
[2019.12.10-09.31.03:785][  0]SourceControl: Source control is disabled
[2019.12.10-09.31.04:532][  0]LogAndroidPermission: UAndroidPermissionCallbackProxy::GetInstance
[2019.12.10-09.31.04:792][  0]LogOcInput: OculusInput pre-init called
[2019.12.10-09.31.04:950][  0]LogEngine: Initializing Engine...
[2019.12.10-09.31.04:952][  0]LogHMD: Failed to initialize OpenVR with code 110
[2019.12.10-09.31.04:953][  0]LogStats: UGameplayTagsManager::ConstructGameplayTagTree: Construct from data asset -  0.000 s
[2019.12.10-09.31.04:953][  0]LogStats: UGameplayTagsManager::ConstructGameplayTagTree: GameplayTagTreeChangedEvent.Broadcast -  0.000 s
[2019.12.10-09.31.05:174][  0]LogAIModule: Creating AISystem for world Untitled
[2019.12.10-09.31.05:206][  0]LogInit: XAudio2 using 'Speakers (Realtek High Definition Audio)' : 2 channels at 48 kHz using 32 bits per sample (channel mask 0x3)
[2019.12.10-09.31.05:311][  0]LogInit: FAudioDevice initialized.
[2019.12.10-09.31.05:389][  0]LogDerivedDataCache: Saved boot cache 0.08s 77MB C:/Users/T7088521/AppData/Local/UnrealEngine/4.19/DerivedDataCache/Boot.ddc.
[2019.12.10-09.31.05:399][  0]LogInit: Texture streaming: Enabled
[2019.12.10-09.31.05:417][  0]LogEngineSessionManager: EngineSessionManager initialized
[2019.12.10-09.31.05:444][  0]LogInit: Transaction tracking system initialized
[2019.12.10-09.31.05:472][  0]BlueprintLog: New page: Editor Load
[2019.12.10-09.31.05:603][  0]LocalizationService: Localization service is disabled
[2019.12.10-09.31.05:727][  0]LogConsoleResponse: Display: 
[2019.12.10-09.31.05:881][  0]LogCook: Display: Max memory allowance for cook 16384mb min free memory 0mb
[2019.12.10-09.31.05:881][  0]LogCook: Display: Mobile HDR setting 1
[2019.12.10-09.31.05:881][  0]LogGameplayTags: Display: UGameplayTagsManager::DoneAddingNativeTags. DelegateIsBound: 0
[2019.12.10-09.31.05:881][  0]LogStats: UGameplayTagsManager::ConstructGameplayTagTree: Construct from data asset -  0.000 s
[2019.12.10-09.31.05:881][  0]LogStats: UGameplayTagsManager::ConstructGameplayTagTree: GameplayTagTreeChangedEvent.Broadcast -  0.000 s
[2019.12.10-09.31.06:419][  0]LogFileCache: Scanning file cache for directory 'C:/Users/T7088521/Documents/GitHub/BetaArcade/MasterBuild/Content/' took 0.02s
[2019.12.10-09.31.06:419][  0]SourceControl: Source control is disabled
[2019.12.10-09.31.06:419][  0]Cmd: MAP LOAD FILE="../../../../../../Users/T7088521/Documents/GitHub/BetaArcade/MasterBuild/Content/Woolf/Maps/2/NewSheepHeaven.umap" TEMPLATE=0 SHOWPROGRESS=1 FEATURELEVEL=3
[2019.12.10-09.31.06:419][  0]LightingResults: New page: Lighting Build
[2019.12.10-09.31.06:422][  0]MapCheck: New page: Map Check
[2019.12.10-09.31.06:422][  0]LightingResults: New page: Lighting Build
[2019.12.10-09.31.06:430][  0]LogUObjectGlobals: Destroyed PersistentFrame Addr=0x0000027a6bc5de00, Size=64
[2019.12.10-09.31.06:532][  0]LogUObjectGlobals: Created PersistentFrame Addr=0x0000027a4ec0df00, Size=704, Default__GameInfoInstance_BP_C Function /Game/Woolf/Blueprints/GameInfoInstance_BP.GameInfoInstance_BP_C:ExecuteUbergraph_GameInfoInstance_BP
[2019.12.10-09.31.06:533][  0]LogUObjectGlobals: Created PersistentFrame Addr=0x0000027a4f484f80, Size=32, Default__W_MainMenu_C Function /Game/Woolf/UI/W_MainMenu.W_MainMenu_C:ExecuteUbergraph_W_MainMenu
[2019.12.10-09.31.06:542][  0]LogUObjectGlobals: Created PersistentFrame Addr=0x0000027a4f4a1980, Size=64, Default__W_HostMenu_C Function /Game/Woolf/UI/W_HostMenu.W_HostMenu_C:ExecuteUbergraph_W_HostMenu
[2019.12.10-09.31.06:548][  0]LogUObjectGlobals: Created PersistentFrame Addr=0x0000027a4f4062a0, Size=160, Default__W_JoinMenu_C Function /Game/Woolf/UI/W_JoinMenu.W_JoinMenu_C:ExecuteUbergraph_W_JoinMenu
[2019.12.10-09.31.06:571][  0]LogUObjectGlobals: Destroyed PersistentFrame Addr=0x0000027a4ec0df00, Size=704
[2019.12.10-09.31.06:571][  0]LogUObjectGlobals: Created PersistentFrame Addr=0x0000027a4f3a9000, Size=704, Default__GameInfoInstance_BP_C Function /Engine/Transient.REINST_GameInfoInstance_BP_C_8:ExecuteUbergraph_GameInfoInstance_BP
[2019.12.10-09.31.06:571][  0]LogUObjectGlobals: Destroyed PersistentFrame Addr=0x0000027a4f4a1980, Size=64
[2019.12.10-09.31.06:571][  0]LogUObjectGlobals: Created PersistentFrame Addr=0x0000027a4f3a7cc0, Size=64, Default__W_HostMenu_C Function /Engine/Transient.REINST_W_HostMenu_C_0:ExecuteUbergraph_W_HostMenu
[2019.12.10-09.31.06:571][  0]LogUObjectGlobals: Destroyed PersistentFrame Addr=0x0000027a4f4062a0, Size=160
[2019.12.10-09.31.06:572][  0]LogUObjectGlobals: Created PersistentFrame Addr=0x0000027a4f334cc0, Size=160, Default__W_JoinMenu_C Function /Engine/Transient.REINST_W_JoinMenu_C_1:ExecuteUbergraph_W_JoinMenu
[2019.12.10-09.31.06:572][  0]LogUObjectGlobals: Destroyed PersistentFrame Addr=0x0000027a4f484f80, Size=32
[2019.12.10-09.31.06:572][  0]LogUObjectGlobals: Created PersistentFrame Addr=0x0000027a4f362a60, Size=32, Default__W_MainMenu_C Function /Engine/Transient.REINST_W_MainMenu_C_2:ExecuteUbergraph_W_MainMenu
[2019.12.10-09.31.06:587][  0]LogUObjectGlobals: Created PersistentFrame Addr=0x0000027a4f330700, Size=704, Default__GameInfoInstance_BP_C Function /Game/Woolf/Blueprints/GameInfoInstance_BP.GameInfoInstance_BP_C:ExecuteUbergraph_GameInfoInstance_BP
[2019.12.10-09.31.06:589][  0]LogUObjectGlobals: Created PersistentFrame Addr=0x0000027a54ee6b00, Size=64, Default__W_HostMenu_C Function /Game/Woolf/UI/W_HostMenu.W_HostMenu_C:ExecuteUbergraph_W_HostMenu
[2019.12.10-09.31.06:591][  0]LogUObjectGlobals: Created PersistentFrame Addr=0x0000027a54ec2660, Size=160, Default__W_JoinMenu_C Function /Game/Woolf/UI/W_JoinMenu.W_JoinMenu_C:ExecuteUbergraph_W_JoinMenu
[2019.12.10-09.31.06:592][  0]LogUObjectGlobals: Created PersistentFrame Addr=0x0000027a54f387a0, Size=32, Default__W_MainMenu_C Function /Game/Woolf/UI/W_MainMenu.W_MainMenu_C:ExecuteUbergraph_W_MainMenu
[2019.12.10-09.31.06:614][  0]LogUObjectGlobals: Created PersistentFrame Addr=0x0000027a4f3f8a20, Size=12, Default__Sheep_BP_C Function /Game/Woolf/Blueprints/Sheep/Sheep_BP.Sheep_BP_C:ExecuteUbergraph_Sheep_BP
[2019.12.10-09.31.06:616][  0]LogUObjectGlobals: Destroyed PersistentFrame Addr=0x0000027a4f3f8a20, Size=12
[2019.12.10-09.31.06:616][  0]LogUObjectGlobals: Created PersistentFrame Addr=0x0000027a4f3f8a20, Size=12, Default__Sheep_BP_C Function /Engine/Transient.REINST_Sheep_BP_C_15:ExecuteUbergraph_Sheep_BP
[2019.12.10-09.31.06:618][  0]LogUObjectGlobals: Created PersistentFrame Addr=0x0000027a4f3f8ad0, Size=12, Default__Sheep_BP_C Function /Game/Woolf/Blueprints/Sheep/Sheep_BP.Sheep_BP_C:ExecuteUbergraph_Sheep_BP
[2019.12.10-09.31.07:059][  0]LogUObjectGlobals: Created PersistentFrame Addr=0x0000027a54f38520, Size=32, Default__W_ReadyUP_C Function /Game/Woolf/UI/W_ReadyUP.W_ReadyUP_C:ExecuteUbergraph_W_ReadyUP
[2019.12.10-09.31.07:061][  0]LogUObjectGlobals: Destroyed PersistentFrame Addr=0x0000027a54f38520, Size=32
[2019.12.10-09.31.07:061][  0]LogUObjectGlobals: Created PersistentFrame Addr=0x0000027a54f38520, Size=32, Default__W_ReadyUP_C Function /Engine/Transient.REINST_W_ReadyUP_C_3:ExecuteUbergraph_W_ReadyUP
[2019.12.10-09.31.07:062][  0]LogUObjectGlobals: Created PersistentFrame Addr=0x0000027a54f397a0, Size=32, Default__W_ReadyUP_C Function /Game/Woolf/UI/W_ReadyUP.W_ReadyUP_C:ExecuteUbergraph_W_ReadyUP
[2019.12.10-09.31.07:068][  0]LogUObjectGlobals: Created PersistentFrame Addr=0x0000027a5b000d40, Size=208, Default__NewSheepHeaven_C Function /Game/Woolf/Maps/2/NewSheepHeaven.NewSheepHeaven_C:ExecuteUbergraph_NewSheepHeaven
[2019.12.10-09.31.07:071][  0]LogUObjectGlobals: Destroyed PersistentFrame Addr=0x0000027a5b000d40, Size=208
[2019.12.10-09.31.07:071][  0]LogUObjectGlobals: Created PersistentFrame Addr=0x0000027a5b000d40, Size=208, Default__NewSheepHeaven_C Function /Engine/Transient.REINST_NewSheepHeaven_C_18:ExecuteUbergraph_NewSheepHeaven
[2019.12.10-09.31.07:074][  0]LogUObjectGlobals: Created PersistentFrame Addr=0x0000027a54b2ee80, Size=208, Default__NewSheepHeaven_C Function /Game/Woolf/Maps/2/NewSheepHeaven.NewSheepHeaven_C:ExecuteUbergraph_NewSheepHeaven
[2019.12.10-09.31.07:283][  0]LogStaticMesh: Building static mesh signpost...
[2019.12.10-09.31.07:319][  0]LogStaticMesh: Built static mesh [0.04s] /Game/Woolf/Maps/Scott_maps/mainmenuLevel/signpost.signpost
[2019.12.10-09.31.07:975][  0]LogAIModule: Creating AISystem for world NewSheepHeaven
[2019.12.10-09.31.08:143][  0]LogEditorServer: Finished looking for orphan Actors (0.000 secs)
[2019.12.10-09.31.08:156][  0]LogUObjectGlobals: Destroyed PersistentFrame Addr=0x0000027a4f3a9000, Size=704
[2019.12.10-09.31.08:156][  0]LogUObjectGlobals: Destroyed PersistentFrame Addr=0x0000027a4f362a60, Size=32
[2019.12.10-09.31.08:156][  0]LogUObjectGlobals: Destroyed PersistentFrame Addr=0x0000027a4f3a7cc0, Size=64
[2019.12.10-09.31.08:156][  0]LogUObjectGlobals: Destroyed PersistentFrame Addr=0x0000027a4f334cc0, Size=160
[2019.12.10-09.31.08:156][  0]LogUObjectGlobals: Destroyed PersistentFrame Addr=0x0000027a4f3f8a20, Size=12
[2019.12.10-09.31.08:156][  0]LogUObjectGlobals: Destroyed PersistentFrame Addr=0x0000027a54f38520, Size=32
[2019.12.10-09.31.08:156][  0]LogUObjectGlobals: Destroyed PersistentFrame Addr=0x0000027a5b000d40, Size=208
[2019.12.10-09.31.08:157][  0]Cmd: MAP CHECKDEP NOCLEARLOG
[2019.12.10-09.31.08:255][  0]MapCheck: Map check complete: 0 Error(s), 0 Warning(s), took 97.089ms to complete.
[2019.12.10-09.31.08:255][  0]LogFileHelpers: Loading map 'NewSheepHeaven' took 1.834
[2019.12.10-09.31.08:457][  0]LogCollectionManager: Loaded 0 collections in 0.002005 seconds
[2019.12.10-09.31.08:518][  0]LogFileCache: Scanning file cache for directory 'C:/Users/T7088521/Documents/GitHub/BetaArcade/MasterBuild/Saved/Collections/' took 0.01s
[2019.12.10-09.31.08:518][  0]LogFileCache: Scanning file cache for directory 'C:/Users/T7088521/Documents/GitHub/BetaArcade/MasterBuild/Content/Developers/t7088521/Collections/' took 0.01s
[2019.12.10-09.31.08:518][  0]LogFileCache: Scanning file cache for directory 'C:/Users/T7088521/Documents/GitHub/BetaArcade/MasterBuild/Content/Collections/' took 0.01s
[2019.12.10-09.31.08:518][  0]LogCollectionManager: Rebuilt the GUID cache for 0 collections in 0.000000 seconds
[2019.12.10-09.31.08:529][  0]LogContentBrowser: Native class hierarchy populated in 0.0103 seconds. Added 2464 classes and 563 folders.
[2019.12.10-09.31.08:541][  0]LogContentBrowser: Native class hierarchy updated for 'WidgetCarousel' in 0.0013 seconds. Added 0 classes and 0 folders.
[2019.12.10-09.31.08:885][  0]LogContentBrowser: Native class hierarchy updated for 'AddContentDialog' in 0.0016 seconds. Added 0 classes and 0 folders.
[2019.12.10-09.31.08:901][  0]LogContentBrowser: Native class hierarchy updated for 'SceneOutliner' in 0.0028 seconds. Added 1 classes and 2 folders.
[2019.12.10-09.31.08:958][  0]LogSlate: Took 0.000208 seconds to synchronously load lazily loaded font '../../../Engine/Content/Slate/Fonts/Roboto-Regular.ttf' (155K)
[2019.12.10-09.31.08:959][  0]LogSlate: Took 0.000166 seconds to synchronously load lazily loaded font '../../../Engine/Content/Slate/Fonts/Roboto-Bold.ttf' (160K)
[2019.12.10-09.31.08:974][  0]LogSlate: Took 0.008032 seconds to synchronously load lazily loaded font '../../../Engine/Content/Editor/Slate/Fonts/FontAwesome.ttf' (139K)
[2019.12.10-09.31.09:160][  0]LogRenderer: Reallocating scene render targets to support 1208x652 Format 10 NumSamples 1 (Frame:1).
[2019.12.10-09.31.09:345][  0]LogSlate: FSceneViewport::OnFocusLost() reason 2
[2019.12.10-09.31.09:391][  0]LogSlate: Window 'Tutorials' being destroyed
[2019.12.10-09.31.09:424][  0]LogContentBrowser: Native class hierarchy updated for 'HierarchicalLODOutliner' in 0.0014 seconds. Added 0 classes and 0 folders.
[2019.12.10-09.31.09:424][  0]LogLoad: (Engine Initialization) Total time: 23.28 seconds
[2019.12.10-09.31.09:424][  0]LogLoad: (Engine Initialization) Total Blueprint compile time: 0.00 seconds
[2019.12.10-09.31.09:454][  0]LogContentStreaming: Texture pool size now 1000 MB
[2019.12.10-09.31.09:527][  0]LogSlate: Took 0.005987 seconds to synchronously load lazily loaded font '../../../Engine/Content/Slate/Fonts/Roboto-Light.ttf' (167K)
[2019.12.10-09.31.09:558][  1]LogAssetRegistry: Asset discovery search completed in 13.9848 seconds
[2019.12.10-09.31.09:560][  1]LogCollectionManager: Rebuilt the object cache for 0 collections in 0.000000 seconds (found 0 objects)
[2019.12.10-09.31.09:560][  1]LogCollectionManager: Fixed up redirectors for 0 collections in 0.000049 seconds (updated 0 objects)
[2019.12.10-09.33.24:461][684]LogSlate: FSceneViewport::OnFocusLost() reason 2
[2019.12.10-09.33.26:232][889]LogSlate: Took 0.000208 seconds to synchronously load lazily loaded font '../../../Engine/Content/Slate/Fonts/Roboto-Light.ttf' (167K)
[2019.12.10-09.33.26:234][889]LogSlate: FSceneViewport::OnFocusLost() reason 2
[2019.12.10-09.33.26:240][889]Running C:/Program Files/Epic Games/UE_4.19/Engine/Binaries/DotNET/UnrealBuildTool.exe  -projectfiles -project="C:/Users/T7088521/Documents/GitHub/BetaArcade/MasterBuild/MasterBuild.uproject" -game -rocket -progress
[2019.12.10-09.33.26:581][889]Discovering modules, targets and source code for project...
[2019.12.10-09.33.29:003][889]                             WARNING: Exception while generating include data for UE4Editor: Unable to instantiate module 'SubstanceCore': System.NullReferenceException: Object reference not set to an instance of an object.
[2019.12.10-09.33.29:003][889]            at UnrealBuildTool.Rules.SubstanceCore..ctor(ReadOnlyTargetRules Target) in c:\Program Files\Epic Games\UE_4.19\Engine\Plugins\Marketplace\Substance\Source\SubstanceCore\SubstanceCore.Build.cs:line 116
[2019.12.10-09.33.29:003][889]         (referenced via UE4Editor.Target.cs -> Substance.uplugin)
[2019.12.10-09.33.29:003][889]Binding IntelliSense data... 0%@progress 'Binding IntelliSense data...' 50%
[2019.12.10-09.33.42:433][  2]LogSlate: FSceneViewport::OnFocusLost() reason 2
[2019.12.10-09.34.23:996][757]LogSlate: FSceneViewport::OnFocusLost() reason 0
[2019.12.10-09.38.20:360][304]LogTemp: Repeating last play command: Selected Viewport
[2019.12.10-09.38.20:390][304]LogBlueprintUserMessages: Early PlayInEditor Detection: Level '/Game/Woolf/Maps/2/NewSheepHeaven.NewSheepHeaven:PersistentLevel' has LevelScriptBlueprint '/Game/Woolf/Maps/2/NewSheepHeaven.NewSheepHeaven:PersistentLevel.NewSheepHeaven' with GeneratedClass '/Game/Woolf/Maps/2/NewSheepHeaven.NewSheepHeaven_C' with ClassGeneratedBy '/Game/Woolf/Maps/2/NewSheepHeaven.NewSheepHeaven:PersistentLevel.NewSheepHeaven'
[2019.12.10-09.38.20:390][304]LogPlayLevel: PlayLevel: No blueprints needed recompiling
[2019.12.10-09.38.20:391][304]LogOnline: Display: OSS: FOnlineSubsystemNull::Shutdown()
[2019.12.10-09.38.20:391][304]LogOnline: Display: OSS: FOnlineAsyncTaskManager::Stop() ActiveTask:0000000000000000 Tasks[0/0]
[2019.12.10-09.38.20:408][304]LogOnline: Display: OSS: FOnlineAsyncTaskManager::Exit() started
[2019.12.10-09.38.20:408][304]LogOnline: Display: OSS: FOnlineAsyncTaskManager::Exit() finished
[2019.12.10-09.38.20:408][304]PIE: New page: PIE session: NewSheepHeaven (10 Dec 2019 09:38:20)
[2019.12.10-09.38.20:409][304]LogPlayLevel: Creating play world package: /Game/Woolf/Maps/2/UEDPIE_1_NewSheepHeaven
[2019.12.10-09.38.20:432][304]LogPlayLevel: PIE: StaticDuplicateObject took: (0.022987s)
[2019.12.10-09.38.20:433][304]LogAIModule: Creating AISystem for world NewSheepHeaven
[2019.12.10-09.38.20:433][304]LogPlayLevel: PIE: World Init took: (0.001125s)
[2019.12.10-09.38.20:433][304]LogPlayLevel: PIE: Created PIE world by copying editor world from /Game/Woolf/Maps/2/NewSheepHeaven.NewSheepHeaven to /Game/Woolf/Maps/2/UEDPIE_1_NewSheepHeaven.NewSheepHeaven (0.024309s)
[2019.12.10-09.38.20:463][304]LogInit: XAudio2 using 'Speakers (Realtek High Definition Audio)' : 2 channels at 48 kHz using 32 bits per sample (channel mask 0x3)
[2019.12.10-09.38.20:500][304]LogInit: FAudioDevice initialized.
[2019.12.10-09.38.20:562][304]LogUObjectGlobals: Created PersistentFrame Addr=0x0000027a5fb69300, Size=336, Default__Wolfy_BP_C Function /Game/Woolf/Blueprints/Player/Wolfy_BP.Wolfy_BP_C:ExecuteUbergraph_Wolfy_BP
[2019.12.10-09.38.20:577][304]LogUObjectGlobals: Destroyed PersistentFrame Addr=0x0000027a5fb69300, Size=336
[2019.12.10-09.38.20:577][304]LogUObjectGlobals: Created PersistentFrame Addr=0x0000027a5fae2380, Size=336, Default__Wolfy_BP_C Function /Engine/Transient.REINST_Wolfy_BP_C_20:ExecuteUbergraph_Wolfy_BP
[2019.12.10-09.38.20:586][304]LogUObjectGlobals: Created PersistentFrame Addr=0x0000027a5fa80400, Size=336, Default__Wolfy_BP_C Function /Game/Woolf/Blueprints/Player/Wolfy_BP.Wolfy_BP_C:ExecuteUbergraph_Wolfy_BP
[2019.12.10-09.38.20:602][304]LogSkeletalMesh: Building Skeletal Mesh WolfMesh...
[2019.12.10-09.38.20:620][304]LogSkeletalMesh: Built Skeletal Mesh [0.02s] /Game/Woolf/Models/Assets/Alex/WolfMesh.WolfMesh
[2019.12.10-09.38.20:641][304]LogLoad: Game class is 'WolfGameMode_BP_C'
[2019.12.10-09.38.20:647][304]LogWorld: Bringing World /Game/Woolf/Maps/2/UEDPIE_1_NewSheepHeaven.NewSheepHeaven up for play (max tick rate 0) at 2019.12.10-09.38.20
[2019.12.10-09.38.20:647][304]LogWorld: Bringing up level for play took: 0.005000
[2019.12.10-09.38.20:669][304]LogContentBrowser: Native class hierarchy updated for 'MovieSceneCapture' in 0.0014 seconds. Added 11 classes and 0 folders.
[2019.12.10-09.38.20:674][304]LogTemp: Display: ParseSettings for GameNetDriver
[2019.12.10-09.38.20:674][304]LogTemp: Display: ParseSettings for IpNetDriver_0
[2019.12.10-09.38.20:675][304]LogTemp: Display: ParseSettings for GameNetDriver
[2019.12.10-09.38.20:675][304]LogInit: WinSock: Socket queue 131072 / 131072
[2019.12.10-09.38.20:675][304]PacketHandlerLog: Loaded PacketHandler component: Engine.EngineHandlerComponentFactory (StatelessConnectHandlerComponent)
[2019.12.10-09.38.20:676][304]LogNet: GameNetDriver IpNetDriver_0 IpNetDriver listening on port 17777
[2019.12.10-09.38.20:826][304]LogStats: FPlatformStackWalk::StackWalkAndDump -  0.145 s
[2019.12.10-09.38.20:826][304]LogOutputDevice: Error: === Handled ensure: ===
[2019.12.10-09.38.20:826][304]LogOutputDevice: Error: 
[2019.12.10-09.38.20:826][304]LogOutputDevice: Error: Ensure condition failed: InvocationList[ CurFunctionIndex ] != InDelegate [File:C:\Program Files\Epic Games\UE_4.19\Engine\Source\Runtime\Core\Public\UObject/ScriptDelegates.h] [Line: 509]
[2019.12.10-09.38.20:826][304]LogOutputDevice: Error: 
[2019.12.10-09.38.20:826][304]LogOutputDevice: Error: Stack: 
[2019.12.10-09.38.20:826][304]LogOutputDevice: Error: [Callstack] 0x0000000077FAB706 UE4Editor-Core.dll!UnknownFunction []
[2019.12.10-09.38.20:826][304]LogOutputDevice: Error: [Callstack] 0x0000000077D0AE3A UE4Editor-Core.dll!UnknownFunction []
[2019.12.10-09.38.20:826][304]LogOutputDevice: Error: [Callstack] 0x0000000077D1ECD6 UE4Editor-Core.dll!UnknownFunction []
[2019.12.10-09.38.20:826][304]LogOutputDevice: Error: [Callstack] 0x00000000625AA031 UE4Editor-MasterBuild.dll!UnknownFunction []
[2019.12.10-09.38.20:826][304]LogOutputDevice: Error: [Callstack] 0x00000000625AB1CF UE4Editor-MasterBuild.dll!UnknownFunction []
[2019.12.10-09.38.20:826][304]LogOutputDevice: Error: [Callstack] 0x00000000625AC12B UE4Editor-MasterBuild.dll!UnknownFunction []
[2019.12.10-09.38.20:826][304]LogOutputDevice: Error: [Callstack] 0x00000000747972FB UE4Editor-Engine.dll!UnknownFunction []
[2019.12.10-09.38.20:826][304]LogOutputDevice: Error: [Callstack] 0x0000000075A4AE33 UE4Editor-Engine.dll!UnknownFunction []
[2019.12.10-09.38.20:826][304]LogOutputDevice: Error: [Callstack] 0x0000000074F0F731 UE4Editor-Engine.dll!UnknownFunction []
[2019.12.10-09.38.20:826][304]LogOutputDevice: Error: [Callstack] 0x0000000075A3414E UE4Editor-Engine.dll!UnknownFunction []
[2019.12.10-09.38.20:826][304]LogOutputDevice: Error: [Callstack] 0x0000000074F3443E UE4Editor-Engine.dll!UnknownFunction []
[2019.12.10-09.38.20:826][304]LogOutputDevice: Error: [Callstack] 0x0000000072FA27E0 UE4Editor-UnrealEd.dll!UnknownFunction []
[2019.12.10-09.38.20:826][304]LogOutputDevice: Error: [Callstack] 0x0000000072FDB40A UE4Editor-UnrealEd.dll!UnknownFunction []
[2019.12.10-09.38.20:826][304]LogOutputDevice: Error: [Callstack] 0x0000000072FC11EE UE4Editor-UnrealEd.dll!UnknownFunction []
[2019.12.10-09.38.20:826][304]LogOutputDevice: Error: [Callstack] 0x0000000072FDBBEF UE4Editor-UnrealEd.dll!UnknownFunction []
[2019.12.10-09.38.20:826][304]LogOutputDevice: Error: [Callstack] 0x0000000072A4C961 UE4Editor-UnrealEd.dll!UnknownFunction []
[2019.12.10-09.38.20:826][304]LogOutputDevice: Error: [Callstack] 0x00000000732E9626 UE4Editor-UnrealEd.dll!UnknownFunction []
[2019.12.10-09.38.20:826][304]LogOutputDevice: Error: [Callstack] 0x00000000C4C05EAC UE4Editor.exe!UnknownFunction []
[2019.12.10-09.38.20:826][304]LogOutputDevice: Error: [Callstack] 0x00000000C4C16BD0 UE4Editor.exe!UnknownFunction []
[2019.12.10-09.38.20:827][304]LogOutputDevice: Error: [Callstack] 0x00000000C4C16C4A UE4Editor.exe!UnknownFunction []
[2019.12.10-09.38.20:827][304]LogOutputDevice: Error: [Callstack] 0x00000000C4C24177 UE4Editor.exe!UnknownFunction []
[2019.12.10-09.38.20:827][304]LogOutputDevice: Error: [Callstack] 0x00000000C4C25B87 UE4Editor.exe!UnknownFunction []
[2019.12.10-09.38.20:827][304]LogOutputDevice: Error: [Callstack] 0x00000000BF167974 KERNEL32.DLL!UnknownFunction []
[2019.12.10-09.38.20:827][304]LogOutputDevice: Error: [Callstack] 0x00000000C1F9A271 ntdll.dll!UnknownFunction []
[2019.12.10-09.38.20:827][304]LogOutputDevice: Error: 
[2019.12.10-09.38.20:838][304]LogStats:                SubmitErrorReport -  0.000 s
[2019.12.10-09.38.21:659][304]LogStats:                    SendNewReport -  0.822 s
[2019.12.10-09.38.21:659][304]LogStats:             FDebug::EnsureFailed -  0.979 s
[2019.12.10-09.38.21:659][304]PIE: Play in editor start time for /Game/Woolf/Maps/2/UEDPIE_1_NewSheepHeaven 1.176
[2019.12.10-09.38.21:669][304]PIE: New page: PIE session: NewSheepHeaven (10 Dec 2019 09:38:21)
[2019.12.10-09.38.21:687][304]LogSlate: FSceneViewport::OnFocusLost() reason 2
[2019.12.10-09.38.21:745][304]LogNet: Browse: 127.0.0.1:17777//Game/Woolf/Maps/Scott_maps/mainmenuLevel/map/mainmenuLevel
[2019.12.10-09.38.21:746][304]LogTemp: Display: ParseSettings for GameNetDriver
[2019.12.10-09.38.21:746][304]LogTemp: Display: ParseSettings for IpNetDriver_1
[2019.12.10-09.38.21:746][304]LogTemp: Display: ParseSettings for PendingNetDriver
[2019.12.10-09.38.21:746][304]LogInit: WinSock: Socket queue 32768 / 32768
[2019.12.10-09.38.21:747][304]PacketHandlerLog: Loaded PacketHandler component: Engine.EngineHandlerComponentFactory (StatelessConnectHandlerComponent)
[2019.12.10-09.38.21:747][304]LogNet: Game client on port 17777, rate 10000
[2019.12.10-09.38.21:751][304]PIE: Play in editor start time for /Game/Woolf/Maps/Scott_maps/mainmenuLevel/map/mainmenuLevel 1.268
[2019.12.10-09.38.21:763][304]LogBlueprintUserMessages: Late PlayInEditor Detection: Level '/Game/Woolf/Maps/2/NewSheepHeaven.NewSheepHeaven:PersistentLevel' has LevelScriptBlueprint '/Game/Woolf/Maps/2/NewSheepHeaven.NewSheepHeaven:PersistentLevel.NewSheepHeaven' with GeneratedClass '/Game/Woolf/Maps/2/NewSheepHeaven.NewSheepHeaven_C' with ClassGeneratedBy '/Game/Woolf/Maps/2/NewSheepHeaven.NewSheepHeaven:PersistentLevel.NewSheepHeaven'
[2019.12.10-09.38.21:763][304]LogNet: NotifyAcceptingConnection accepted from: 127.0.0.1:57881
[2019.12.10-09.38.21:764][304]LogHandshake: SendConnectChallenge. Timestamp: 0.008334, Cookie: 077076221253203227143055126218108043208001089086070156118112
[2019.12.10-09.38.21:771][304]LogHandshake: SendChallengeResponse. Timestamp: 0.008334, Cookie: 077076221253203227143055126218108043208001089086070156118112
[2019.12.10-09.38.21:773][304]LogAudio: Warning: Detected orphaned looping sound 'SheepHeavenSTB_Cue'.
[2019.12.10-09.38.21:897][305]LogNet: NotifyAcceptingConnection accepted from: 127.0.0.1:57881
[2019.12.10-09.38.21:897][305]LogHandshake: SendChallengeAck. InCookie: 077076221253203227143055126218108043208001089086070156118112
[2019.12.10-09.38.21:897][305]LogNet: Server accepting post-challenge connection from: 127.0.0.1:57881
[2019.12.10-09.38.21:898][305]PacketHandlerLog: Loaded PacketHandler component: Engine.EngineHandlerComponentFactory (StatelessConnectHandlerComponent)
[2019.12.10-09.38.21:898][305]LogNet: NotifyAcceptedConnection: Name: NewSheepHeaven, TimeStamp: 12/10/19 09:38:21, [UNetConnection] RemoteAddr: 127.0.0.1:57881, Name: IpConnection_1, Driver: GameNetDriver IpNetDriver_0, IsServer: YES, PC: NULL, Owner: NULL, UniqueId: INVALID
[2019.12.10-09.38.21:898][305]LogNet: AddClientConnection: Added client connection: [UNetConnection] RemoteAddr: 127.0.0.1:57881, Name: IpConnection_1, Driver: GameNetDriver IpNetDriver_0, IsServer: YES, PC: NULL, Owner: NULL, UniqueId: INVALID
[2019.12.10-09.38.21:898][305]LogNetVersion: MasterBuild 1.0.0.0, NetCL: 3944462, EngineNetVer: 2, GameNetVer: 0 (Checksum: 2949019126)
[2019.12.10-09.38.21:899][305]LogNet: UPendingNetGame::SendInitialJoin: Sending hello. [UNetConnection] RemoteAddr: 127.0.0.1:17777, Name: IpConnection_0, Driver: PendingNetDriver IpNetDriver_1, IsServer: NO, PC: NULL, Owner: NULL, UniqueId: INVALID
[2019.12.10-09.38.21:920][306]LogNet: NotifyAcceptingChannel Control 0 server World /Game/Woolf/Maps/2/UEDPIE_1_NewSheepHeaven.NewSheepHeaven: Accepted
[2019.12.10-09.38.21:920][306]LogNet: Remote platform little endian=1
[2019.12.10-09.38.21:920][306]LogNet: This platform little endian=1
[2019.12.10-09.38.21:943][307]LogNet: Login request: /Game/Woolf/Maps/Scott_maps/mainmenuLevel/map/mainmenuLevel?Name=TU45376-7F796F21429B90DA7B88A69C6BC3A826 userId: TU45376-7F796F21429B90DA7B88A69C6BC3A826
[2019.12.10-09.38.21:944][307]LogNet: Welcomed by server (Level: /Game/Woolf/Maps/2/UEDPIE_1_NewSheepHeaven, Game: /Game/Woolf/Blueprints/WolfGameMode_BP.WolfGameMode_BP_C)
[2019.12.10-09.38.21:945][307]LogLoad: LoadMap: 127.0.0.1:17777//Game/Woolf/Maps/2/UEDPIE_1_NewSheepHeaven?game=/Game/Woolf/Blueprints/WolfGameMode_BP.WolfGameMode_BP_C
[2019.12.10-09.38.21:958][307]LogUObjectGlobals: Destroyed PersistentFrame Addr=0x0000027a5fae2380, Size=336
[2019.12.10-09.38.21:987][307]LogAIModule: Creating AISystem for world NewSheepHeaven
[2019.12.10-09.38.21:987][307]LogTemp: Display: ParseSettings for GameNetDriver
[2019.12.10-09.38.21:993][307]LogWorld: Bringing World /Game/Woolf/Maps/2/UEDPIE_2_NewSheepHeaven.NewSheepHeaven up for play (max tick rate 0) at 2019.12.10-09.38.21
[2019.12.10-09.38.21:993][307]LogWorld: Bringing up level for play took: 0.005285
[2019.12.10-09.38.21:994][307]LogLoad: Took 0.049054 seconds to LoadMap(/Game/Woolf/Maps/2/UEDPIE_1_NewSheepHeaven)
[2019.12.10-09.38.22:012][308]LogNet: Client netspeed is 10000
[2019.12.10-09.38.22:012][308]LogNet: Join request: /Game/Woolf/Maps/Scott_maps/mainmenuLevel/map/mainmenuLevel?Name=TU45376-7F796F21429B90DA7B88A69C6BC3A826?SplitscreenCount=1
[2019.12.10-09.38.22:012][308]LogOnline: Warning: OSS: No game present to join for session (GameSession)
[2019.12.10-09.38.22:028][308]LogRenderer: Reallocating scene render targets to support 1280x720 Format 10 NumSamples 1 (Frame:1).
[2019.12.10-09.38.22:028][308]LogNet: Join succeeded: TU45376-7F796F21429B
[2019.12.10-09.38.22:057][310]LogAudio: Warning: Detected orphaned looping sound 'SheepHeavenSTB_Cue'.
[2019.12.10-09.38.22:068][311]LogOnline: Warning: OSS: No game present to join for session (GameSession)
[2019.12.10-09.38.22:080][312]LogOnline: Warning: OSS: No game present to join for session (GameSession)
[2019.12.10-09.38.30:455][311]LogSlate: FSceneViewport::OnFocusLost() reason 0
[2019.12.10-09.38.42:909][681]LogWindows: Error: === Critical error: ===
[2019.12.10-09.38.42:909][681]LogWindows: Error: 
[2019.12.10-09.38.42:909][681]LogWindows: Error: Unhandled Exception: EXCEPTION_ACCESS_VIOLATION reading address 0x00000038
[2019.12.10-09.38.42:909][681]LogWindows: Error: 
[2019.12.10-09.38.42:909][681]LogWindows: Error: [Callstack] 0x00000000625AA7FD UE4Editor-MasterBuild.dll!UnknownFunction []
[2019.12.10-09.38.42:909][681]LogWindows: Error: [Callstack] 0x00000000747EE9C7 UE4Editor-Engine.dll!UnknownFunction []
[2019.12.10-09.38.42:909][681]LogWindows: Error: [Callstack] 0x00000000747A00E4 UE4Editor-Engine.dll!UnknownFunction []
[2019.12.10-09.38.42:909][681]LogWindows: Error: [Callstack] 0x00000000758A70BB UE4Editor-Engine.dll!UnknownFunction []
[2019.12.10-09.38.42:909][681]LogWindows: Error: [Callstack] 0x00000000758AC793 UE4Editor-Engine.dll!UnknownFunction []
[2019.12.10-09.38.42:909][681]LogWindows: Error: [Callstack] 0x0000000077BDB713 UE4Editor-Core.dll!UnknownFunction []
[2019.12.10-09.38.42:909][681]LogWindows: Error: [Callstack] 0x0000000077BDBD3A UE4Editor-Core.dll!UnknownFunction []
[2019.12.10-09.38.42:909][681]LogWindows: Error: [Callstack] 0x0000000077BFECFE UE4Editor-Core.dll!UnknownFunction []
[2019.12.10-09.38.42:909][681]LogWindows: Error: [Callstack] 0x00000000758CD771 UE4Editor-Engine.dll!UnknownFunction []
[2019.12.10-09.38.42:909][681]LogWindows: Error: [Callstack] 0x00000000758D3292 UE4Editor-Engine.dll!UnknownFunction []
[2019.12.10-09.38.42:909][681]LogWindows: Error: [Callstack] 0x000000007512C304 UE4Editor-Engine.dll!UnknownFunction []
[2019.12.10-09.38.42:909][681]LogWindows: Error: [Callstack] 0x000000007513756B UE4Editor-Engine.dll!UnknownFunction []
[2019.12.10-09.38.42:909][681]LogWindows: Error: [Callstack] 0x0000000072A4D781 UE4Editor-UnrealEd.dll!UnknownFunction []
[2019.12.10-09.38.42:909][681]LogWindows: Error: [Callstack] 0x00000000732E9626 UE4Editor-UnrealEd.dll!UnknownFunction []
[2019.12.10-09.38.42:909][681]LogWindows: Error: [Callstack] 0x00000000C4C05EAC UE4Editor.exe!UnknownFunction []
[2019.12.10-09.38.42:909][681]LogWindows: Error: [Callstack] 0x00000000C4C16BD0 UE4Editor.exe!UnknownFunction []
[2019.12.10-09.38.42:909][681]LogWindows: Error: [Callstack] 0x00000000C4C16C4A UE4Editor.exe!UnknownFunction []
[2019.12.10-09.38.42:909][681]LogWindows: Error: [Callstack] 0x00000000C4C24177 UE4Editor.exe!UnknownFunction []
[2019.12.10-09.38.42:909][681]LogWindows: Error: [Callstack] 0x00000000C4C25B87 UE4Editor.exe!UnknownFunction []
[2019.12.10-09.38.42:909][681]LogWindows: Error: [Callstack] 0x00000000BF167974 KERNEL32.DLL!UnknownFunction []
[2019.12.10-09.38.42:909][681]LogWindows: Error: [Callstack] 0x00000000C1F9A271 ntdll.dll!UnknownFunction []
[2019.12.10-09.38.42:909][681]LogWindows: Error: [Callstack] 0x00000000C1F9A271 ntdll.dll!UnknownFunction []
[2019.12.10-09.38.42:909][681]LogWindows: Error: 
[2019.12.10-09.38.42:922][681]LogExit: Executing StaticShutdownAfterError
[2019.12.10-09.38.42:927][681]LogWindows: FPlatformMisc::RequestExit(1)
[2019.12.10-09.38.42:927][681]Log file closed, 12/10/19 09:38:42
