Log file open, 12/16/19 14:17:16
LogWindows: Failed to load 'aqProf.dll' (GetLastError=126)
LogWindows: File 'aqProf.dll' does not exist
LogWindows: Failed to load 'VtuneApi.dll' (GetLastError=126)
LogWindows: File 'VtuneApi.dll' does not exist
LogWindows: Failed to load 'VtuneApi32e.dll' (GetLastError=126)
LogWindows: File 'VtuneApi32e.dll' does not exist
LogInit: Display: Running engine for game: MasterBuild
LogPlatformFile: Not using cached read wrapper
LogInit: Display: RandInit(-1354525439) SRandInit(-1354525439).
LogInit: Read version file with build ID '3944462'
LogInit: Overriding engine version to CL 4033788, compatible CL 3944462
LogInit: Registered custom module enumerator with build ID '3944462'
LogTaskGraph: Started task graph with 5 named threads and 23 total threads with 3 sets of task threads.
LogStats: Stats thread started at 0.373527
LogD3D11RHI: Aftermath initialized
LogICUInternationalization: Display: ICU TimeZone Detection - Raw Offset: +0:00, Platform Override: ''
LogPluginManager: Mounting plugin Paper2D
LogPluginManager: Mounting plugin LiveLink
LogPluginManager: Mounting plugin LightPropagationVolume
LogPluginManager: Mounting plugin CLionSourceCodeAccess
LogPluginManager: Mounting plugin CodeLiteSourceCodeAccess
LogPluginManager: Mounting plugin GitSourceControl
LogPluginManager: Mounting plugin KDevelopSourceCodeAccess
LogPluginManager: Mounting plugin NullSourceCodeAccess
LogPluginManager: Mounting plugin PerforceSourceControl
LogPluginManager: Mounting plugin SubversionSourceControl
LogPluginManager: Mounting plugin UObjectPlugin
LogPluginManager: Mounting plugin VisualStudioCodeSourceCodeAccess
LogPluginManager: Mounting plugin VisualStudioSourceCodeAccess
LogPluginManager: Mounting plugin XCodeSourceCodeAccess
LogPluginManager: Mounting plugin AssetManagerEditor
LogPluginManager: Mounting plugin CryptoKeys
LogPluginManager: Mounting plugin DataValidation
LogPluginManager: Mounting plugin FacialAnimation
LogPluginManager: Mounting plugin GameplayTagsEditor
LogPluginManager: Mounting plugin MobileLauncherProfileWizard
LogPluginManager: Mounting plugin PluginBrowser
LogPluginManager: Mounting plugin SpeedTreeImporter
LogPluginManager: Mounting plugin DatasmithContent
LogPluginManager: Mounting plugin AlembicImporter
LogPluginManager: Mounting plugin CharacterAI
LogPluginManager: Mounting plugin HTML5Networking
LogPluginManager: Mounting plugin AndroidMedia
LogPluginManager: Mounting plugin AvfMedia
LogPluginManager: Mounting plugin ImgMedia
LogPluginManager: Mounting plugin LinearTimecode
LogPluginManager: Mounting plugin MediaCompositing
LogPluginManager: Mounting plugin MediaPlayerEditor
LogPluginManager: Mounting plugin WmfMedia
LogPluginManager: Mounting plugin TcpMessaging
LogPluginManager: Mounting plugin UdpMessaging
LogPluginManager: Mounting plugin ActorSequence
LogPluginManager: Mounting plugin LevelSequenceEditor
LogPluginManager: Mounting plugin MatineeToLevelSequence
LogPluginManager: Mounting plugin NetcodeUnitTest
LogPluginManager: Mounting plugin NUTUnrealEngine4
LogPluginManager: Mounting plugin OnlineSubsystemGooglePlay
LogPluginManager: Mounting plugin OnlineSubsystemIOS
LogPluginManager: Mounting plugin OnlineSubsystem
LogPluginManager: Mounting plugin OnlineSubsystemNull
LogPluginManager: Mounting plugin OnlineSubsystemUtils
LogPluginManager: Mounting plugin AndroidDeviceProfileSelector
LogPluginManager: Mounting plugin AndroidMoviePlayer
LogPluginManager: Mounting plugin AndroidPermission
LogPluginManager: Mounting plugin AppleARKit
LogPluginManager: Mounting plugin AppleMoviePlayer
LogPluginManager: Mounting plugin ArchVisCharacter
LogPluginManager: Mounting plugin AudioCapture
LogPluginManager: Mounting plugin CableComponent
LogPluginManager: Mounting plugin CustomMeshComponent
LogPluginManager: Mounting plugin ExampleDeviceProfileSelector
LogPluginManager: Mounting plugin GoogleCloudMessaging
LogPluginManager: Mounting plugin ImmediatePhysics
LogPluginManager: Mounting plugin IOSDeviceProfileSelector
LogPluginManager: Mounting plugin LinuxDeviceProfileSelector
LogPluginManager: Mounting plugin LocationServicesBPLibrary
LogPluginManager: Mounting plugin MobilePatchingUtils
LogPluginManager: Mounting plugin OculusVR
LogPluginManager: Plugin shader directory ../../../Engine/Plugins/Runtime/Oculus/OculusVR/Shaders found
LogPluginManager: Mapping shader source directory ../../../Engine/Plugins/Runtime/Oculus/OculusVR/Shaders to virtual directory /Plugin/OculusVR
LogPluginManager: Mounting plugin PhysXVehicles
LogPluginManager: Mounting plugin ProceduralMeshComponent
LogPluginManager: Mounting plugin RuntimePhysXCooking
LogPluginManager: Mounting plugin SteamVR
LogPluginManager: Mounting plugin WindowsMoviePlayer
LogStreaming: Display: Took  0.219s to configure plugins.
LogModuleManager: Display: Found up-to-date module file ../../../../../../Users/t7038904/source/BetaArcade/MasterBuild/Binaries/Win64/UE4Editor-MasterBuild.dll (API version 3944462).
LogModuleManager: Display: Found up-to-date module file ../../../Engine/Plugins/2D/Paper2D/Binaries/Win64/UE4Editor-Paper2D.dll (API version 3944462).
LogModuleManager: Display: Found up-to-date module file ../../../Engine/Plugins/2D/Paper2D/Binaries/Win64/UE4Editor-Paper2DEditor.dll (API version 3944462).
LogModuleManager: Display: Found up-to-date module file ../../../Engine/Plugins/2D/Paper2D/Binaries/Win64/UE4Editor-PaperSpriteSheetImporter.dll (API version 3944462).
LogModuleManager: Display: Found up-to-date module file ../../../Engine/Plugins/2D/Paper2D/Binaries/Win64/UE4Editor-PaperTiledImporter.dll (API version 3944462).
LogModuleManager: Display: Found up-to-date module file ../../../Engine/Plugins/2D/Paper2D/Binaries/Win64/UE4Editor-SmartSnapping.dll (API version 3944462).
LogModuleManager: Display: Found up-to-date module file ../../../Engine/Plugins/Animation/LiveLink/Binaries/Win64/UE4Editor-LiveLink.dll (API version 3944462).
LogModuleManager: Display: Found up-to-date module file ../../../Engine/Plugins/Animation/LiveLink/Binaries/Win64/UE4Editor-LiveLinkEditor.dll (API version 3944462).
LogModuleManager: Display: Found up-to-date module file ../../../Engine/Plugins/Blendables/LightPropagationVolume/Binaries/Win64/UE4Editor-LightPropagationVolumeRuntime.dll (API version 3944462).
LogModuleManager: Display: Found up-to-date module file ../../../Engine/Plugins/Blendables/LightPropagationVolume/Binaries/Win64/UE4Editor-LightPropagationVolumeEditor.dll (API version 3944462).
LogModuleManager: Display: Found up-to-date module file ../../../Engine/Plugins/Developer/CLionSourceCodeAccess/Binaries/Win64/UE4Editor-CLionSourceCodeAccess.dll (API version 3944462).
LogModuleManager: Display: Found up-to-date module file ../../../Engine/Plugins/Developer/GitSourceControl/Binaries/Win64/UE4Editor-GitSourceControl.dll (API version 3944462).
LogModuleManager: Display: Found up-to-date module file ../../../Engine/Plugins/Developer/PerforceSourceControl/Binaries/Win64/UE4Editor-PerforceSourceControl.dll (API version 3944462).
LogModuleManager: Display: Found up-to-date module file ../../../Engine/Plugins/Developer/SubversionSourceControl/Binaries/Win64/UE4Editor-SubversionSourceControl.dll (API version 3944462).
LogModuleManager: Display: Found up-to-date module file ../../../Engine/Plugins/Developer/UObjectPlugin/Binaries/Win64/UE4Editor-UObjectPlugin.dll (API version 3944462).
LogModuleManager: Display: Found up-to-date module file ../../../Engine/Plugins/Developer/VisualStudioCodeSourceCodeAccess/Binaries/Win64/UE4Editor-VisualStudioCodeSourceCodeAccess.dll (API version 3944462).
LogModuleManager: Display: Found up-to-date module file ../../../Engine/Plugins/Developer/VisualStudioSourceCodeAccess/Binaries/Win64/UE4Editor-VisualStudioSourceCodeAccess.dll (API version 3944462).
LogModuleManager: Display: Found up-to-date module file ../../../Engine/Plugins/Editor/AssetManagerEditor/Binaries/Win64/UE4Editor-AssetManagerEditor.dll (API version 3944462).
LogModuleManager: Display: Found up-to-date module file ../../../Engine/Plugins/Editor/CryptoKeys/Binaries/Win64/UE4Editor-CryptoKeys.dll (API version 3944462).
LogModuleManager: Display: Found up-to-date module file ../../../Engine/Plugins/Editor/CryptoKeys/Binaries/Win64/UE4Editor-CryptoKeysOpenSSL.dll (API version 3944462).
LogModuleManager: Display: Found up-to-date module file ../../../Engine/Plugins/Editor/DataValidation/Binaries/Win64/UE4Editor-DataValidation.dll (API version 3944462).
LogModuleManager: Display: Found up-to-date module file ../../../Engine/Plugins/Editor/FacialAnimation/Binaries/Win64/UE4Editor-FacialAnimation.dll (API version 3944462).
LogModuleManager: Display: Found up-to-date module file ../../../Engine/Plugins/Editor/FacialAnimation/Binaries/Win64/UE4Editor-FacialAnimationEditor.dll (API version 3944462).
LogModuleManager: Display: Found up-to-date module file ../../../Engine/Plugins/Editor/GameplayTagsEditor/Binaries/Win64/UE4Editor-GameplayTagsEditor.dll (API version 3944462).
LogModuleManager: Display: Found up-to-date module file ../../../Engine/Plugins/Editor/MobileLauncherProfileWizard/Binaries/Win64/UE4Editor-MobileLauncherProfileWizard.dll (API version 3944462).
LogModuleManager: Display: Found up-to-date module file ../../../Engine/Plugins/Editor/PluginBrowser/Binaries/Win64/UE4Editor-PluginBrowser.dll (API version 3944462).
LogModuleManager: Display: Found up-to-date module file ../../../Engine/Plugins/Editor/SpeedTreeImporter/Binaries/Win64/UE4Editor-SpeedTreeImporter.dll (API version 3944462).
LogModuleManager: Display: Found up-to-date module file ../../../Engine/Plugins/Enterprise/DatasmithContent/Binaries/Win64/UE4Editor-DatasmithContent.dll (API version 3944462).
LogModuleManager: Display: Found up-to-date module file ../../../Engine/Plugins/Experimental/AlembicImporter/Binaries/Win64/UE4Editor-AlembicImporter.dll (API version 3944462).
LogModuleManager: Display: Found up-to-date module file ../../../Engine/Plugins/Experimental/AlembicImporter/Binaries/Win64/UE4Editor-AlembicLibrary.dll (API version 3944462).
LogModuleManager: Display: Found up-to-date module file ../../../Engine/Plugins/Experimental/CharacterAI/Binaries/Win64/UE4Editor-CharacterAI.dll (API version 3944462).
LogModuleManager: Display: Found up-to-date module file ../../../Engine/Plugins/Experimental/HTML5Networking/Binaries/Win64/UE4Editor-HTML5Networking.dll (API version 3944462).
LogModuleManager: Display: Found up-to-date module file ../../../Engine/Plugins/Media/AndroidMedia/Binaries/Win64/UE4Editor-AndroidMediaEditor.dll (API version 3944462).
LogModuleManager: Display: Found up-to-date module file ../../../Engine/Plugins/Media/AndroidMedia/Binaries/Win64/UE4Editor-AndroidMediaFactory.dll (API version 3944462).
LogModuleManager: Display: Found up-to-date module file ../../../Engine/Plugins/Media/AvfMedia/Binaries/Win64/UE4Editor-AvfMediaEditor.dll (API version 3944462).
LogModuleManager: Display: Found up-to-date module file ../../../Engine/Plugins/Media/AvfMedia/Binaries/Win64/UE4Editor-AvfMediaFactory.dll (API version 3944462).
LogModuleManager: Display: Found up-to-date module file ../../../Engine/Plugins/Media/AvfMedia/Binaries/Win64/UE4Editor-AvfMediaFactory.dll (API version 3944462).
LogModuleManager: Display: Found up-to-date module file ../../../Engine/Plugins/Media/ImgMedia/Binaries/Win64/UE4Editor-ImgMedia.dll (API version 3944462).
LogModuleManager: Display: Found up-to-date module file ../../../Engine/Plugins/Media/ImgMedia/Binaries/Win64/UE4Editor-ImgMediaEditor.dll (API version 3944462).
LogModuleManager: Display: Found up-to-date module file ../../../Engine/Plugins/Media/ImgMedia/Binaries/Win64/UE4Editor-ImgMediaFactory.dll (API version 3944462).
LogModuleManager: Display: Found up-to-date module file ../../../Engine/Plugins/Media/ImgMedia/Binaries/Win64/UE4Editor-ImgMediaFactory.dll (API version 3944462).
LogModuleManager: Display: Found up-to-date module file ../../../Engine/Plugins/Media/ImgMedia/Binaries/Win64/UE4Editor-OpenExrWrapper.dll (API version 3944462).
LogModuleManager: Display: Found up-to-date module file ../../../Engine/Plugins/Media/LinearTimecode/Binaries/Win64/UE4Editor-LinearTimecode.dll (API version 3944462).
LogModuleManager: Display: Found up-to-date module file ../../../Engine/Plugins/Media/MediaCompositing/Binaries/Win64/UE4Editor-MediaCompositing.dll (API version 3944462).
LogModuleManager: Display: Found up-to-date module file ../../../Engine/Plugins/Media/MediaCompositing/Binaries/Win64/UE4Editor-MediaCompositingEditor.dll (API version 3944462).
LogModuleManager: Display: Found up-to-date module file ../../../Engine/Plugins/Media/MediaPlayerEditor/Binaries/Win64/UE4Editor-MediaPlayerEditor.dll (API version 3944462).
LogModuleManager: Display: Found up-to-date module file ../../../Engine/Plugins/Media/WmfMedia/Binaries/Win64/UE4Editor-WmfMedia.dll (API version 3944462).
LogModuleManager: Display: Found up-to-date module file ../../../Engine/Plugins/Media/WmfMedia/Binaries/Win64/UE4Editor-WmfMediaEditor.dll (API version 3944462).
LogModuleManager: Display: Found up-to-date module file ../../../Engine/Plugins/Media/WmfMedia/Binaries/Win64/UE4Editor-WmfMediaFactory.dll (API version 3944462).
LogModuleManager: Display: Found up-to-date module file ../../../Engine/Plugins/Media/WmfMedia/Binaries/Win64/UE4Editor-WmfMediaFactory.dll (API version 3944462).
LogModuleManager: Display: Found up-to-date module file ../../../Engine/Plugins/Messaging/TcpMessaging/Binaries/Win64/UE4Editor-TcpMessaging.dll (API version 3944462).
LogModuleManager: Display: Found up-to-date module file ../../../Engine/Plugins/Messaging/UdpMessaging/Binaries/Win64/UE4Editor-UdpMessaging.dll (API version 3944462).
LogModuleManager: Display: Found up-to-date module file ../../../Engine/Plugins/MovieScene/ActorSequence/Binaries/Win64/UE4Editor-ActorSequence.dll (API version 3944462).
LogModuleManager: Display: Found up-to-date module file ../../../Engine/Plugins/MovieScene/LevelSequenceEditor/Binaries/Win64/UE4Editor-LevelSequenceEditor.dll (API version 3944462).
LogModuleManager: Display: Found up-to-date module file ../../../Engine/Plugins/MovieScene/MatineeToLevelSequence/Binaries/Win64/UE4Editor-MatineeToLevelSequence.dll (API version 3944462).
LogModuleManager: Display: Found up-to-date module file ../../../Engine/Plugins/NetcodeUnitTest/NetcodeUnitTest/Binaries/Win64/UE4Editor-NetcodeUnitTest.dll (API version 3944462).
LogModuleManager: Display: Found up-to-date module file ../../../Engine/Plugins/NetcodeUnitTest/NUTUnrealEngine4/Binaries/Win64/UE4Editor-NUTUnrealEngine4.dll (API version 3944462).
LogModuleManager: Display: Found up-to-date module file ../../../Engine/Plugins/Online/OnlineSubsystem/Binaries/Win64/UE4Editor-OnlineSubsystem.dll (API version 3944462).
LogModuleManager: Display: Found up-to-date module file ../../../Engine/Plugins/Online/OnlineSubsystemNull/Binaries/Win64/UE4Editor-OnlineSubsystemNull.dll (API version 3944462).
LogModuleManager: Display: Found up-to-date module file ../../../Engine/Plugins/Online/OnlineSubsystemUtils/Binaries/Win64/UE4Editor-OnlineSubsystemUtils.dll (API version 3944462).
LogModuleManager: Display: Found up-to-date module file ../../../Engine/Plugins/Online/OnlineSubsystemUtils/Binaries/Win64/UE4Editor-OnlineBlueprintSupport.dll (API version 3944462).
LogModuleManager: Display: Found up-to-date module file ../../../Engine/Plugins/Runtime/AndroidDeviceProfileSelector/Binaries/Win64/UE4Editor-AndroidDeviceProfileSelector.dll (API version 3944462).
LogModuleManager: Display: Found up-to-date module file ../../../Engine/Plugins/Runtime/AndroidPermission/Binaries/Win64/UE4Editor-AndroidPermission.dll (API version 3944462).
LogModuleManager: Display: Found up-to-date module file ../../../Engine/Plugins/Runtime/AppleARKit/Binaries/Win64/UE4Editor-AppleARKit.dll (API version 3944462).
LogModuleManager: Display: Found up-to-date module file ../../../Engine/Plugins/Runtime/ArchVisCharacter/Binaries/Win64/UE4Editor-ArchVisCharacter.dll (API version 3944462).
LogModuleManager: Display: Found up-to-date module file ../../../Engine/Plugins/Runtime/AudioCapture/Binaries/Win64/UE4Editor-AudioCapture.dll (API version 3944462).
LogModuleManager: Display: Found up-to-date module file ../../../Engine/Plugins/Runtime/AudioCapture/Binaries/Win64/UE4Editor-AudioCaptureEditor.dll (API version 3944462).
LogModuleManager: Display: Found up-to-date module file ../../../Engine/Plugins/Runtime/CableComponent/Binaries/Win64/UE4Editor-CableComponent.dll (API version 3944462).
LogModuleManager: Display: Found up-to-date module file ../../../Engine/Plugins/Runtime/CustomMeshComponent/Binaries/Win64/UE4Editor-CustomMeshComponent.dll (API version 3944462).
LogModuleManager: Display: Found up-to-date module file ../../../Engine/Plugins/Runtime/ExampleDeviceProfileSelector/Binaries/Win64/UE4Editor-ExampleDeviceProfileSelector.dll (API version 3944462).
LogModuleManager: Display: Found up-to-date module file ../../../Engine/Plugins/Runtime/ImmediatePhysics/Binaries/Win64/UE4Editor-ImmediatePhysics.dll (API version 3944462).
LogModuleManager: Display: Found up-to-date module file ../../../Engine/Plugins/Runtime/ImmediatePhysics/Binaries/Win64/UE4Editor-ImmediatePhysicsEditor.dll (API version 3944462).
LogModuleManager: Display: Found up-to-date module file ../../../Engine/Plugins/Runtime/LocationServicesBPLibrary/Binaries/Win64/UE4Editor-LocationServicesBPLibrary.dll (API version 3944462).
LogModuleManager: Display: Found up-to-date module file ../../../Engine/Plugins/Runtime/MobilePatchingUtils/Binaries/Win64/UE4Editor-MobilePatchingUtils.dll (API version 3944462).
LogModuleManager: Display: Found up-to-date module file ../../../Engine/Plugins/Runtime/Oculus/OculusVR/Binaries/Win64/UE4Editor-OculusHMD.dll (API version 3944462).
LogModuleManager: Display: Found up-to-date module file ../../../Engine/Plugins/Runtime/Oculus/OculusVR/Binaries/Win64/UE4Editor-OculusInput.dll (API version 3944462).
LogModuleManager: Display: Found up-to-date module file ../../../Engine/Plugins/Runtime/Oculus/OculusVR/Binaries/Win64/UE4Editor-OculusEditor.dll (API version 3944462).
LogModuleManager: Display: Found up-to-date module file ../../../Engine/Plugins/Runtime/PhysXVehicles/Binaries/Win64/UE4Editor-PhysXVehicles.dll (API version 3944462).
LogModuleManager: Display: Found up-to-date module file ../../../Engine/Plugins/Runtime/PhysXVehicles/Binaries/Win64/UE4Editor-PhysXVehiclesEditor.dll (API version 3944462).
LogModuleManager: Display: Found up-to-date module file ../../../Engine/Plugins/Runtime/ProceduralMeshComponent/Binaries/Win64/UE4Editor-ProceduralMeshComponent.dll (API version 3944462).
LogModuleManager: Display: Found up-to-date module file ../../../Engine/Plugins/Runtime/ProceduralMeshComponent/Binaries/Win64/UE4Editor-ProceduralMeshComponentEditor.dll (API version 3944462).
LogModuleManager: Display: Found up-to-date module file ../../../Engine/Plugins/Runtime/RuntimePhysXCooking/Binaries/Win64/UE4Editor-RuntimePhysXCooking.dll (API version 3944462).
LogModuleManager: Display: Found up-to-date module file ../../../Engine/Plugins/Runtime/Steam/SteamVR/Binaries/Win64/UE4Editor-SteamVR.dll (API version 3944462).
LogModuleManager: Display: Found up-to-date module file ../../../Engine/Plugins/Runtime/Steam/SteamVR/Binaries/Win64/UE4Editor-SteamVRController.dll (API version 3944462).
LogModuleManager: Display: Found up-to-date module file ../../../Engine/Plugins/Runtime/WindowsMoviePlayer/Binaries/Win64/UE4Editor-WindowsMoviePlayer.dll (API version 3944462).
LogInit: Using libcurl 7.47.1
LogInit:  - built for x86_64-pc-win32
LogInit:  - supports SSL with OpenSSL/1.0.2g
LogInit:  - supports HTTP deflate (compression) using libz 1.2.8
LogInit:  - other features:
LogInit:      CURL_VERSION_SSL
LogInit:      CURL_VERSION_LIBZ
LogInit:      CURL_VERSION_IPV6
LogInit:      CURL_VERSION_ASYNCHDNS
LogInit:      CURL_VERSION_LARGEFILE
LogInit:      CURL_VERSION_IDN
LogInit:  CurlRequestOptions (configurable via config and command line):
LogInit:  - bVerifyPeer = false  - Libcurl will NOT verify peer certificate
LogInit:  - bUseHttpProxy = false  - Libcurl will NOT use HTTP proxy
LogInit:  - bDontReuseConnections = false  - Libcurl will reuse connections
LogInit:  - CertBundlePath = nullptr  - Libcurl will use whatever was configured at build time.
LogInit:  - MaxHostConnections = 16  - Libcurl will limit the number of connections to a host
LogInit:  - LocalHostAddr = Default
LogInit: WinSock: version 1.1 (2.2), MaxSocks=32767, MaxUdp=65467
LogInit: WinSock: I am TU46394 (152.105.242.124:0)
LogInit: Build: ++UE4+Release-4.19-CL-4033788
LogInit: Engine Version: 4.19.2-4033788+++UE4+Release-4.19
LogInit: Compatible Engine Version: 4.19.0-3944462+++UE4+Release-4.19
LogInit: Net CL: 3944462
LogDevObjectVersion: Number of dev versions registered: 18
LogDevObjectVersion:   Dev-Blueprints (B0D832E4-1F89-4F0D-ACCF-7EB736FD4AA2): 10
LogDevObjectVersion:   Dev-Build (E1C64328-A22C-4D53-A36C-8E866417BD8C): 0
LogDevObjectVersion:   Dev-Core (375EC13C-06E4-48FB-B500-84F0262A717E): 2
LogDevObjectVersion:   Dev-Editor (E4B068ED-F494-42E9-A231-DA0B2E46BB41): 23
LogDevObjectVersion:   Dev-Framework (CFFC743F-43B0-4480-9391-14DF171D2073): 33
LogDevObjectVersion:   Dev-Mobile (B02B49B5-BB20-44E9-A304-32B752E40360): 2
LogDevObjectVersion:   Dev-Networking (A4E4105C-59A1-49B5-A7C5-40C4547EDFEE): 0
LogDevObjectVersion:   Dev-Online (39C831C9-5AE6-47DC-9A44-9C173E1C8E7C): 0
LogDevObjectVersion:   Dev-Physics (78F01B33-EBEA-4F98-B9B4-84EACCB95AA2): 0
LogDevObjectVersion:   Dev-Platform (6631380F-2D4D-43E0-8009-CF276956A95A): 0
LogDevObjectVersion:   Dev-Rendering (12F88B9F-8875-4AFC-A67C-D90C383ABD29): 25
LogDevObjectVersion:   Dev-Sequencer (7B5AE74C-D270-4C10-A958-57980B212A5A): 6
LogDevObjectVersion:   Dev-VR (D7296918-1DD6-4BDD-9DE2-64A83CC13884): 1
LogDevObjectVersion:   Dev-LoadTimes (C2A15278-BFE7-4AFE-6C17-90FF531DF755): 1
LogDevObjectVersion:   Private-Geometry (6EACA3D4-40EC-4CC1-B786-8BED09428FC5): 2
LogDevObjectVersion:   Dev-AnimPhys (29E575DD-E0A3-4627-9D10-D276232CDCEA): 16
LogDevObjectVersion:   Dev-ReflectionCapture (6B266CEC-1EC7-4B8F-A30B-E4D90942FC07): 1
LogDevObjectVersion:   Dev-Automation (0DF73D61-A23F-47EA-B727-89E90C41499A): 1
LogInit: Compiled (64-bit): Apr 27 2018 02:06:57
LogInit: Compiled with Visual C++: 19.00.24215.01
LogInit: Build Configuration: Development
LogInit: Branch Name: ++UE4+Release-4.19
LogInit: Command Line:  /Game/Woolf/Maps/Scott_maps/mainmenuLevel/map/mainmenuLevel -game -PIEVIACONSOLE -ResX=1280 -ResY=720  -Multiprocess -messaging -SessionName="Play in Standalone Game" -windowed 
LogInit: Base Directory: C:/Program Files/Epic Games/UE_4.19/Engine/Binaries/Win64/
LogInit: Installed Engine Build: 1
LogStreaming: Display: Took  0.012s to delete old logs.
LogInit: Presizing for max 8388607 objects, including 0 objects not considered by GC, pre-allocating 0 bytes for permanent pool.
LogInit: Object subsystem initialized
[2019.12.16-14.17.24:299][  0]LogInit: Selected Device Profile: [Windows]
[2019.12.16-14.17.24:299][  0]LogInit: Applying CVar settings loaded from the selected device profile: [Windows]
[2019.12.16-14.17.24:322][  0]LogInit: Computer: TU46394
[2019.12.16-14.17.24:323][  0]LogInit: User: t7038904
[2019.12.16-14.17.24:323][  0]LogInit: CPU Page size=4096, Cores=4
[2019.12.16-14.17.24:323][  0]LogInit: High frequency timer resolution =10.000000 MHz
[2019.12.16-14.17.24:323][  0]LogMemory: Memory total: Physical=15.9GB (16GB approx)
[2019.12.16-14.17.24:323][  0]LogMemory: Platform Memory Stats for Windows
[2019.12.16-14.17.24:323][  0]LogMemory: Process Physical Memory: 276.36 MB used, 276.36 MB peak
[2019.12.16-14.17.24:323][  0]LogMemory: Process Virtual Memory: 276.73 MB used, 276.73 MB peak
[2019.12.16-14.17.24:323][  0]LogMemory: Physical Memory: 8482.65 MB used,  7821.95 MB free, 16304.59 MB total
[2019.12.16-14.17.24:323][  0]LogMemory: Virtual Memory: 4805.54 MB used,  7821.95 MB free, 134217728.00 MB total
[2019.12.16-14.17.24:357][  0]LogInit: Using OS detected language (en-GB).
[2019.12.16-14.17.24:357][  0]LogInit: Using OS detected locale (en-GB).
[2019.12.16-14.17.24:357][  0]LogTextLocalizationManager: No localization for 'en-GB' exists, so 'en' will be used for the language.
[2019.12.16-14.17.24:357][  0]LogTextLocalizationManager: No localization for 'en-GB' exists, so 'en' will be used for the locale.
[2019.12.16-14.17.24:959][  0]LogStreaming: Display: Took  0.602s to EndInitTextLocalization.
[2019.12.16-14.17.25:036][  0]LogSlate: New Slate User Created.  User Index 0, Is Virtual User: 0
[2019.12.16-14.17.25:036][  0]LogSlate: Slate User Registered.  User Index 0, Is Virtual User: 0
[2019.12.16-14.17.25:042][  0]LogD3D11RHI: D3D11 adapters:
[2019.12.16-14.17.25:096][  0]LogD3D11RHI:    0. 'NVIDIA Quadro M4000' (Feature Level 11_0)
[2019.12.16-14.17.25:096][  0]LogD3D11RHI:       8144/0/8152 MB DedicatedVideo/DedicatedSystem/SharedSystem, Outputs:1, VendorId:0x10de
[2019.12.16-14.17.25:099][  0]LogD3D11RHI:    1. 'Microsoft Basic Render Driver' (Feature Level 11_0)
[2019.12.16-14.17.25:099][  0]LogD3D11RHI:       0/0/8152 MB DedicatedVideo/DedicatedSystem/SharedSystem, Outputs:0, VendorId:0x1414
[2019.12.16-14.17.25:099][  0]LogD3D11RHI: Chosen D3D11 Adapter: 0
[2019.12.16-14.17.25:105][  0]LogD3D11RHI: Creating new Direct3DDevice
[2019.12.16-14.17.25:105][  0]LogD3D11RHI:     GPU DeviceId: 0x13f1 (for the marketing name, search the web for "GPU Device Id")
[2019.12.16-14.17.25:105][  0]LogWindows: EnumDisplayDevices:
[2019.12.16-14.17.25:105][  0]LogWindows:    0. 'NVIDIA Quadro M4000' (P:1 D:1)
[2019.12.16-14.17.25:106][  0]LogWindows:    1. 'NVIDIA Quadro M4000' (P:0 D:0)
[2019.12.16-14.17.25:106][  0]LogWindows:    2. 'NVIDIA Quadro M4000' (P:0 D:0)
[2019.12.16-14.17.25:107][  0]LogWindows:    3. 'NVIDIA Quadro M4000' (P:0 D:0)
[2019.12.16-14.17.25:107][  0]LogWindows: DebugString: GetVideoDriverDetailsInvalid PrimaryIsNotTheChoosenAdapter GetVideoDriverDetailsInvalid PrimaryIsNotTheChoosenAdapter GetVideoDriverDetailsInvalid PrimaryIsNotTheChoosenAdapter GetVideoDriverDetailsInvalid PrimaryIsNotTheChoosenAdapter FoundDriverCount:0 
[2019.12.16-14.17.25:107][  0]LogD3D11RHI:     Adapter Name: NVIDIA Quadro M4000
[2019.12.16-14.17.25:107][  0]LogD3D11RHI:   Driver Version: Unknown (internal:Unknown, unified:Unknown)
[2019.12.16-14.17.25:107][  0]LogD3D11RHI:      Driver Date: Unknown
[2019.12.16-14.17.25:107][  0]LogRHI: Texture pool is 5701 MB (70% of 8144 MB)
[2019.12.16-14.17.25:139][  0]LogD3D11RHI: [Aftermath] Aftermath enabled and primed
[2019.12.16-14.17.25:139][  0]LogD3D11RHI: [Aftermath] Aftermath enabled and primed
[2019.12.16-14.17.25:139][  0]LogD3D11RHI: Async texture creation enabled
[2019.12.16-14.17.25:156][  0]LogD3D11RHI: GPU Timing Frequency: 1000.000000 (Debug: 2 2)
[2019.12.16-14.17.25:202][  0]LogShaderCompilers: Guid format shader working directory is -14 characters bigger than the processId version (../../../../../../Users/t7038904/source/BetaArcade/MasterBuild/Intermediate/Shaders/WorkingDirectory/13888/).
[2019.12.16-14.17.25:202][  0]LogShaderCompilers: Cleaned the shader compiler working directory 'C:/Users/t7038904/AppData/Local/Temp/UnrealShaderWorkingDir/A98029974893C288E4B6ECA059B1525C/'.
[2019.12.16-14.17.25:696][  0]LogTemp: Display: Loaded TP WindowsClientTargetPlatform
[2019.12.16-14.17.25:720][  0]LogTemp: Display: Loaded TP WindowsNoEditorTargetPlatform
[2019.12.16-14.17.25:742][  0]LogTemp: Display: Loaded TP WindowsServerTargetPlatform
[2019.12.16-14.17.25:767][  0]LogTemp: Display: Loaded TP WindowsTargetPlatform
[2019.12.16-14.17.25:767][  0]LogTargetPlatformManager: Display: Building Assets For Windows
[2019.12.16-14.17.26:148][  0]LogXGEController: Cannot use XGE Controller as Incredibuild is not installed on this machine.
[2019.12.16-14.17.26:148][  0]LogShaderCompilers: Cannot use XGE Shader Compiler as Incredibuild is not installed on this machine.
[2019.12.16-14.17.26:148][  0]LogShaderCompilers: Display: Using Local Shader Compiler.
[2019.12.16-14.17.29:044][  0]LogDerivedDataCache: Display: Max Cache Size: 512 MB
[2019.12.16-14.17.29:108][  0]LogDerivedDataCache: Loaded boot cache 0.06s 77MB C:/Users/t7038904/AppData/Local/UnrealEngine/4.19/DerivedDataCache/Boot.ddc.
[2019.12.16-14.17.29:108][  0]LogDerivedDataCache: Display: Loaded Boot cache: C:/Users/t7038904/AppData/Local/UnrealEngine/4.19/DerivedDataCache/Boot.ddc
[2019.12.16-14.17.29:108][  0]LogDerivedDataCache: FDerivedDataBackendGraph:  Pak pak cache file ../../../../../../Users/t7038904/source/BetaArcade/MasterBuild/DerivedDataCache/DDC.ddp not found, will not use a pak cache.
[2019.12.16-14.17.29:108][  0]LogDerivedDataCache: Unable to find inner node Pak for hierarchical cache Hierarchy.
[2019.12.16-14.17.29:108][  0]LogDerivedDataCache: FDerivedDataBackendGraph:  CompressedPak pak cache file ../../../../../../Users/t7038904/source/BetaArcade/MasterBuild/DerivedDataCache/Compressed.ddp not found, will not use a pak cache.
[2019.12.16-14.17.29:108][  0]LogDerivedDataCache: Unable to find inner node CompressedPak for hierarchical cache Hierarchy.
[2019.12.16-14.17.29:122][  0]LogDerivedDataCache: Display: Pak cache opened for reading ../../../Engine/DerivedDataCache/Compressed.ddp.
[2019.12.16-14.17.29:135][  0]LogDerivedDataCache: Using Local data cache path C:/Users/t7038904/AppData/Local/UnrealEngine/Common/DerivedDataCache: Writable
[2019.12.16-14.17.29:135][  0]LogDerivedDataCache: Shared data cache path not found in *engine.ini, will not use an Shared cache.
[2019.12.16-14.17.29:135][  0]LogDerivedDataCache: Unable to find inner node Shared for hierarchical cache Hierarchy.
[2019.12.16-14.17.29:145][  0]LogMaterial: Verifying Global Shaders for PCD3D_SM5
[2019.12.16-14.17.29:145][  0]LogSlate: Using Freetype 2.6.0
[2019.12.16-14.17.29:153][  0]LogSlate: SlateFontCache - WITH_FREETYPE: 1, WITH_HARFBUZZ: 1
[2019.12.16-14.17.29:153][  0]LogSlate: SlateFontCache - WITH_FREETYPE: 1, WITH_HARFBUZZ: 1
[2019.12.16-14.17.29:736][  0]LogAssetRegistry: FAssetRegistry took 0.0051 seconds to start up
[2019.12.16-14.17.29:928][  0]LogPackageLocalizationCache: Processed 9 localized package path(s) for 1 prioritized culture(s) in 0.009852 seconds
[2019.12.16-14.17.30:143][  0]LogInit: Selected Device Profile: [Windows]
[2019.12.16-14.17.30:458][  0]LogSimplygon: Simplygon DLL not present - disabling.
[2019.12.16-14.17.30:468][  0]LogMeshReduction: Using SimplygonSwarm for distributed automatic mesh merging
[2019.12.16-14.17.30:468][  0]LogMeshReduction: Using QuadricMeshReduction for automatic static mesh reduction
[2019.12.16-14.17.30:468][  0]LogMeshReduction: No automatic skeletal mesh reduction module available
[2019.12.16-14.17.30:468][  0]LogMeshReduction: No automatic mesh merging module available
[2019.12.16-14.17.30:468][  0]LogMeshMerging: No automatic mesh merging module available
[2019.12.16-14.17.30:647][  0]LogNetVersion: MasterBuild , NetCL: 3944462, EngineNetVer: 2, GameNetVer: 0 (Checksum: 2426174287)
[2019.12.16-14.17.31:742][  0]LogMoviePlayer: Initializing movie player
[2019.12.16-14.17.32:500][  0]LogTcpMessaging: Initializing TcpMessaging bridge
[2019.12.16-14.17.32:574][  0]LogUdpMessaging: Initializing bridge on interface 0.0.0.0:0 to multicast group 230.0.0.1:6666.
[2019.12.16-14.17.33:145][  0]LogUObjectGlobals: Created PersistentFrame Addr=0x000001d1c61aeac0, Size=72, Default__ThirdPerson_AnimBP_C Function /Game/Mannequin/Animations/ThirdPerson_AnimBP.ThirdPerson_AnimBP_C:ExecuteUbergraph_ThirdPerson_AnimBP
[2019.12.16-14.17.33:178][  0]LogUObjectGlobals: Destroyed PersistentFrame Addr=0x000001d1c61aeac0, Size=72
[2019.12.16-14.17.33:178][  0]LogUObjectGlobals: Created PersistentFrame Addr=0x000001d1c64de930, Size=72, Default__ThirdPerson_AnimBP_C Function /Engine/Transient.REINST_ThirdPerson_AnimBP_C_0:ExecuteUbergraph_ThirdPerson_AnimBP
[2019.12.16-14.17.33:184][  0]LogUObjectGlobals: Created PersistentFrame Addr=0x000001d1df77a930, Size=72, Default__ThirdPerson_AnimBP_C Function /Game/Mannequin/Animations/ThirdPerson_AnimBP.ThirdPerson_AnimBP_C:ExecuteUbergraph_ThirdPerson_AnimBP
[2019.12.16-14.17.33:241][  0]LogSkeletalMesh: Skeletal Mesh found in DDC [2.288400ms] /Game/Mannequin/Character/Mesh/SK_Mannequin.SK_Mannequin
[2019.12.16-14.17.33:467][  0]SourceControl: Source control is disabled
[2019.12.16-14.17.33:467][  0]SourceControl: Source control is disabled
[2019.12.16-14.17.33:529][  0]SourceControl: Source control is disabled
[2019.12.16-14.17.34:460][  0]LogAndroidPermission: UAndroidPermissionCallbackProxy::GetInstance
[2019.12.16-14.17.34:988][  0]LogOcInput: OculusInput pre-init called
[2019.12.16-14.17.35:116][  0]LogUObjectArray: 41076 objects as part of root set at end of initial load.
[2019.12.16-14.17.35:116][  0]LogUObjectAllocator: 8793960 out of 0 bytes used by permanent object pool.
[2019.12.16-14.17.35:116][  0]LogUObjectArray: CloseDisregardForGC: 0/0 objects in disregard for GC pool
[2019.12.16-14.17.35:191][  0]LogEngine: Initializing Engine...
[2019.12.16-14.17.35:193][  0]LogHMD: Failed to initialize OpenVR with code 110
[2019.12.16-14.17.35:205][  0]LogStats: UGameplayTagsManager::ConstructGameplayTagTree: Construct from data asset -  0.000 s
[2019.12.16-14.17.35:205][  0]LogStats: UGameplayTagsManager::ConstructGameplayTagTree: GameplayTagTreeChangedEvent.Broadcast -  0.000 s
[2019.12.16-14.17.35:383][  0]LogInit: XAudio2 using 'Speakers (Realtek High Definition Audio)' : 2 channels at 48 kHz using 32 bits per sample (channel mask 0x3)
[2019.12.16-14.17.35:440][  0]LogInit: FAudioDevice initialized.
[2019.12.16-14.17.35:463][  0]LogInit: Texture streaming: Enabled
[2019.12.16-14.17.35:623][  0]LogUObjectGlobals: Created PersistentFrame Addr=0x000001d1cfd83d00, Size=704, Default__GameInfoInstance_BP_C Function /Game/Woolf/Blueprints/GameInfoInstance_BP.GameInfoInstance_BP_C:ExecuteUbergraph_GameInfoInstance_BP
[2019.12.16-14.17.35:628][  0]LogUObjectGlobals: Created PersistentFrame Addr=0x000001d1e01e6cc0, Size=32, Default__W_MainMenu_C Function /Game/Woolf/UI/W_MainMenu.W_MainMenu_C:ExecuteUbergraph_W_MainMenu
[2019.12.16-14.17.35:633][  0]LogUObjectGlobals: Created PersistentFrame Addr=0x000001d1d2bc0140, Size=64, Default__W_HostMenu_C Function /Game/Woolf/UI/W_HostMenu.W_HostMenu_C:ExecuteUbergraph_W_HostMenu
[2019.12.16-14.17.35:637][  0]LogUObjectGlobals: Created PersistentFrame Addr=0x000001d1cfe2b6a0, Size=160, Default__W_JoinMenu_C Function /Game/Woolf/UI/W_JoinMenu.W_JoinMenu_C:ExecuteUbergraph_W_JoinMenu
[2019.12.16-14.17.35:653][  0]LogUObjectGlobals: Destroyed PersistentFrame Addr=0x000001d1cfd83d00, Size=704
[2019.12.16-14.17.35:653][  0]LogUObjectGlobals: Created PersistentFrame Addr=0x000001d1e0e4cd00, Size=704, Default__GameInfoInstance_BP_C Function /Engine/Transient.REINST_GameInfoInstance_BP_C_4:ExecuteUbergraph_GameInfoInstance_BP
[2019.12.16-14.17.35:653][  0]LogUObjectGlobals: Destroyed PersistentFrame Addr=0x000001d1d2bc0140, Size=64
[2019.12.16-14.17.35:653][  0]LogUObjectGlobals: Created PersistentFrame Addr=0x000001d1d2dcf7c0, Size=64, Default__W_HostMenu_C Function /Engine/Transient.REINST_W_HostMenu_C_0:ExecuteUbergraph_W_HostMenu
[2019.12.16-14.17.35:654][  0]LogUObjectGlobals: Destroyed PersistentFrame Addr=0x000001d1cfe2b6a0, Size=160
[2019.12.16-14.17.35:654][  0]LogUObjectGlobals: Created PersistentFrame Addr=0x000001d1d2dd5ee0, Size=160, Default__W_JoinMenu_C Function /Engine/Transient.REINST_W_JoinMenu_C_1:ExecuteUbergraph_W_JoinMenu
[2019.12.16-14.17.35:654][  0]LogUObjectGlobals: Destroyed PersistentFrame Addr=0x000001d1e01e6cc0, Size=32
[2019.12.16-14.17.35:654][  0]LogUObjectGlobals: Created PersistentFrame Addr=0x000001d1e0e78140, Size=32, Default__W_MainMenu_C Function /Engine/Transient.REINST_W_MainMenu_C_2:ExecuteUbergraph_W_MainMenu
[2019.12.16-14.17.35:668][  0]LogUObjectGlobals: Created PersistentFrame Addr=0x000001d1d2dd8400, Size=688, Default__GameInfoInstance_BP_C Function /Game/Woolf/Blueprints/GameInfoInstance_BP.GameInfoInstance_BP_C:ExecuteUbergraph_GameInfoInstance_BP
[2019.12.16-14.17.35:670][  0]LogUObjectGlobals: Created PersistentFrame Addr=0x000001d1cfe3a8c0, Size=64, Default__W_HostMenu_C Function /Game/Woolf/UI/W_HostMenu.W_HostMenu_C:ExecuteUbergraph_W_HostMenu
[2019.12.16-14.17.35:671][  0]LogUObjectGlobals: Created PersistentFrame Addr=0x000001d1d29b51c0, Size=160, Default__W_JoinMenu_C Function /Game/Woolf/UI/W_JoinMenu.W_JoinMenu_C:ExecuteUbergraph_W_JoinMenu
[2019.12.16-14.17.35:672][  0]LogUObjectGlobals: Created PersistentFrame Addr=0x000001d1d29bdca0, Size=32, Default__W_MainMenu_C Function /Game/Woolf/UI/W_MainMenu.W_MainMenu_C:ExecuteUbergraph_W_MainMenu
[2019.12.16-14.17.35:701][  0]LogInit: Display: Game Engine Initialized.
[2019.12.16-14.17.35:701][  0]LogGameplayTags: Display: UGameplayTagsManager::DoneAddingNativeTags. DelegateIsBound: 0
[2019.12.16-14.17.35:701][  0]LogStats: UGameplayTagsManager::ConstructGameplayTagTree: Construct from data asset -  0.000 s
[2019.12.16-14.17.35:701][  0]LogStats: UGameplayTagsManager::ConstructGameplayTagTree: GameplayTagTreeChangedEvent.Broadcast -  0.000 s
[2019.12.16-14.17.36:109][  0]LogInit: Display: Starting Game.
[2019.12.16-14.17.36:109][  0]LogNet: Browse: /Game/Woolf/Maps/Scott_maps/mainmenuLevel/map/mainmenuLevel?Name=Player
[2019.12.16-14.17.36:109][  0]LogLoad: LoadMap: /Game/Woolf/Maps/Scott_maps/mainmenuLevel/map/mainmenuLevel?Name=Player
[2019.12.16-14.17.36:120][  0]LogUObjectGlobals: Destroyed PersistentFrame Addr=0x000001d1c64de930, Size=72
[2019.12.16-14.17.36:120][  0]LogUObjectGlobals: Destroyed PersistentFrame Addr=0x000001d1e0e4cd00, Size=704
[2019.12.16-14.17.36:120][  0]LogUObjectGlobals: Destroyed PersistentFrame Addr=0x000001d1e0e78140, Size=32
[2019.12.16-14.17.36:120][  0]LogUObjectGlobals: Destroyed PersistentFrame Addr=0x000001d1d2dcf7c0, Size=64
[2019.12.16-14.17.36:120][  0]LogUObjectGlobals: Destroyed PersistentFrame Addr=0x000001d1d2dd5ee0, Size=160
[2019.12.16-14.17.36:125][  0]LogUObjectGlobals: Created PersistentFrame Addr=0x000001d1e0e37600, Size=528, Default__mainmenuLevel_C Function /Game/Woolf/Maps/Scott_maps/mainmenuLevel/map/mainmenuLevel.mainmenuLevel_C:ExecuteUbergraph_mainmenuLevel
[2019.12.16-14.17.36:207][  0]LogUObjectGlobals: Destroyed PersistentFrame Addr=0x000001d1e0e37600, Size=528
[2019.12.16-14.17.36:207][  0]LogUObjectGlobals: Created PersistentFrame Addr=0x000001d1d6337b00, Size=528, Default__mainmenuLevel_C Function /Engine/Transient.REINST_mainmenuLevel_C_17:ExecuteUbergraph_mainmenuLevel
[2019.12.16-14.17.36:209][  0]LogUObjectGlobals: Created PersistentFrame Addr=0x000001d1d6335f80, Size=528, Default__mainmenuLevel_C Function /Game/Woolf/Maps/Scott_maps/mainmenuLevel/map/mainmenuLevel.mainmenuLevel_C:ExecuteUbergraph_mainmenuLevel
[2019.12.16-14.17.36:685][  0]LogAIModule: Creating AISystem for world mainmenuLevel
[2019.12.16-14.17.36:688][  0]LogUObjectGlobals: Created PersistentFrame Addr=0x000001d1e77dec80, Size=336, Default__Wolfy_BP_C Function /Game/Woolf/Blueprints/Player/Wolfy_BP.Wolfy_BP_C:ExecuteUbergraph_Wolfy_BP
[2019.12.16-14.17.36:694][  0]LogUObjectGlobals: Created PersistentFrame Addr=0x000001d1d29cec80, Size=48, Default__Wolf_AnimBP_C Function /Game/Woolf/Models/Assets/Alex/Wolf_AnimBP.Wolf_AnimBP_C:ExecuteUbergraph_Wolf_AnimBP
[2019.12.16-14.17.36:716][  0]LogUObjectGlobals: Destroyed PersistentFrame Addr=0x000001d1d29cec80, Size=48
[2019.12.16-14.17.36:716][  0]LogUObjectGlobals: Created PersistentFrame Addr=0x000001d1e80c2b90, Size=48, Default__Wolf_AnimBP_C Function /Engine/Transient.REINST_Wolf_AnimBP_C_1:ExecuteUbergraph_Wolf_AnimBP
[2019.12.16-14.17.36:717][  0]LogUObjectGlobals: Destroyed PersistentFrame Addr=0x000001d1e77dec80, Size=336
[2019.12.16-14.17.36:717][  0]LogUObjectGlobals: Created PersistentFrame Addr=0x000001d1e7ce3d00, Size=336, Default__Wolfy_BP_C Function /Engine/Transient.REINST_Wolfy_BP_C_20:ExecuteUbergraph_Wolfy_BP
[2019.12.16-14.17.36:733][  0]LogUObjectGlobals: Created PersistentFrame Addr=0x000001d1e7c758d0, Size=48, Default__Wolf_AnimBP_C Function /Game/Woolf/Models/Assets/Alex/Wolf_AnimBP.Wolf_AnimBP_C:ExecuteUbergraph_Wolf_AnimBP
[2019.12.16-14.17.36:735][  0]LogUObjectGlobals: Created PersistentFrame Addr=0x000001d1e7bbae00, Size=328, Default__Wolfy_BP_C Function /Game/Woolf/Blueprints/Player/Wolfy_BP.Wolfy_BP_C:ExecuteUbergraph_Wolfy_BP
[2019.12.16-14.17.36:753][  0]LogSkeletalMesh: Skeletal Mesh found in DDC [1.706200ms] /Game/Woolf/Models/Assets/Alex/WolfMesh.WolfMesh
[2019.12.16-14.17.36:758][  0]LogLoad: Game class is 'WolfGameMode_BP_C'
[2019.12.16-14.17.36:767][  0]LogWorld: Bringing World /Game/Woolf/Maps/Scott_maps/mainmenuLevel/map/mainmenuLevel.mainmenuLevel up for play (max tick rate 0) at 2019.12.16-14.17.36
[2019.12.16-14.17.36:767][  0]LogWorld: Bringing up level for play took: 0.008652
[2019.12.16-14.17.36:767][  0]LogGameMode: FindPlayerStart: PATHS NOT DEFINED or NO PLAYERSTART with positive rating
[2019.12.16-14.17.36:778][  0]LogSpawn: Warning: SpawnActor failed because of collision at the spawn location [X=0.000 Y=0.000 Z=0.000] for [Wolfy_BP_C]
[2019.12.16-14.17.36:778][  0]LogGameMode: Warning: SpawnDefaultPawnAtTransform: Couldn't spawn Pawn of type Wolfy_BP_C at Rotation: Pitch 0.000000 Yaw 0.000000 Roll 0.000000
Translation: 0.000000 0.000000 0.000000
Scale3D: 1.000000 1.000000 1.000000

[2019.12.16-14.17.36:781][  0]LogLoad: Took 0.672078 seconds to LoadMap(/Game/Woolf/Maps/Scott_maps/mainmenuLevel/map/mainmenuLevel)
[2019.12.16-14.17.36:866][  0]LogLoad: (Engine Initialization) Total time: 23.05 seconds
[2019.12.16-14.17.36:866][  0]LogLoad: (Engine Initialization) Total Blueprint compile time: 0.00 seconds
[2019.12.16-14.17.36:876][  0]LogRenderer: Reallocating scene render targets to support 1280x720 Format 10 NumSamples 1 (Frame:1).
[2019.12.16-14.17.36:918][  0]LogContentStreaming: Texture pool size now 1000 MB
[2019.12.16-14.17.51:101][876]LogSlate: FSceneViewport::OnFocusLost() reason 0
[2019.12.16-14.17.51:229][884]PIE: UWidget::RemoveFromParent() called on '/Engine/Transient.GameEngine_0:GameInfoInstance_BP_C_0.W_MainMenu_C_0' which has no UMG parent (if it was added directly to a native Slate widget via TakeWidget() then it must be removed explicitly rather than via RemoveFromParent())
[2019.12.16-14.17.51:240][884]LogSlate: Took 0.007899 seconds to synchronously load lazily loaded font '../../../Engine/Content/Slate/Fonts/Roboto-Regular.ttf' (155K)
[2019.12.16-14.17.56:505][211]LogSlate: FSceneViewport::OnFocusLost() reason 0
[2019.12.16-14.18.01:360][512]LogNetVersion: MasterBuild 1.0.0.0, NetCL: 3944462, EngineNetVer: 2, GameNetVer: 0 (Checksum: 2949019126)
[2019.12.16-14.18.01:747][512]LogPackageName: SearchForPackageOnDisk took   0.385s to resolve NewSheepHeaven.umap.
[2019.12.16-14.18.02:130][512]LogPackageName: SearchForPackageOnDisk took   0.382s to resolve NewSheepHeaven.umap.
[2019.12.16-14.18.02:130][512]LogNet: Browse: /Game/Woolf/Maps/2/NewSheepHeaven?listen
[2019.12.16-14.18.02:130][512]LogLoad: LoadMap: /Game/Woolf/Maps/2/NewSheepHeaven?listen
[2019.12.16-14.18.02:150][512]LogUObjectGlobals: Destroyed PersistentFrame Addr=0x000001d1d6337b00, Size=528
[2019.12.16-14.18.02:150][512]LogUObjectGlobals: Destroyed PersistentFrame Addr=0x000001d1d6335f80, Size=528
[2019.12.16-14.18.02:151][512]LogUObjectGlobals: Destroyed PersistentFrame Addr=0x000001d1e7ce3d00, Size=336
[2019.12.16-14.18.02:151][512]LogUObjectGlobals: Destroyed PersistentFrame Addr=0x000001d1e80c2b90, Size=48
[2019.12.16-14.18.02:151][512]LogUObjectGlobals: Destroyed PersistentFrame Addr=0x000001d1e7c758d0, Size=48
[2019.12.16-14.18.02:151][512]LogUObjectGlobals: Destroyed PersistentFrame Addr=0x000001d1e7bbae00, Size=328
[2019.12.16-14.18.02:160][512]LogUObjectGlobals: Created PersistentFrame Addr=0x000001d1e7c23700, Size=256, Default__NewSheepHeaven_C Function /Game/Woolf/Maps/2/NewSheepHeaven.NewSheepHeaven_C:ExecuteUbergraph_NewSheepHeaven
[2019.12.16-14.18.02:195][512]LogUObjectGlobals: Created PersistentFrame Addr=0x000001d1e8090410, Size=12, Default__Sheep_BP_C Function /Game/Woolf/Blueprints/Sheep/Sheep_BP.Sheep_BP_C:ExecuteUbergraph_Sheep_BP
[2019.12.16-14.18.02:199][512]LogUObjectGlobals: Created PersistentFrame Addr=0x000001d1e78327c0, Size=32, Default__W_ReadyUP_C Function /Game/Woolf/UI/W_ReadyUP.W_ReadyUP_C:ExecuteUbergraph_W_ReadyUP
[2019.12.16-14.18.02:229][512]LogUObjectGlobals: Destroyed PersistentFrame Addr=0x000001d1e78327c0, Size=32
[2019.12.16-14.18.02:229][512]LogUObjectGlobals: Created PersistentFrame Addr=0x000001d1e7bd6ec0, Size=32, Default__W_ReadyUP_C Function /Engine/Transient.REINST_W_ReadyUP_C_4:ExecuteUbergraph_W_ReadyUP
[2019.12.16-14.18.02:229][512]LogUObjectGlobals: Destroyed PersistentFrame Addr=0x000001d1e8090410, Size=12
[2019.12.16-14.18.02:229][512]LogUObjectGlobals: Created PersistentFrame Addr=0x000001d1e0e91fc0, Size=12, Default__Sheep_BP_C Function /Engine/Transient.REINST_Sheep_BP_C_27:ExecuteUbergraph_Sheep_BP
[2019.12.16-14.18.02:242][512]LogUObjectGlobals: Created PersistentFrame Addr=0x000001d1e7c624a0, Size=32, Default__W_ReadyUP_C Function /Game/Woolf/UI/W_ReadyUP.W_ReadyUP_C:ExecuteUbergraph_W_ReadyUP
[2019.12.16-14.18.02:242][512]LogUObjectGlobals: Created PersistentFrame Addr=0x000001d1dcbee4e0, Size=12, Default__Sheep_BP_C Function /Game/Woolf/Blueprints/Sheep/Sheep_BP.Sheep_BP_C:ExecuteUbergraph_Sheep_BP
[2019.12.16-14.18.02:250][512]LogUObjectGlobals: Destroyed PersistentFrame Addr=0x000001d1e7c23700, Size=256
[2019.12.16-14.18.02:250][512]LogUObjectGlobals: Created PersistentFrame Addr=0x000001d1d29b0600, Size=256, Default__NewSheepHeaven_C Function /Engine/Transient.REINST_NewSheepHeaven_C_32:ExecuteUbergraph_NewSheepHeaven
[2019.12.16-14.18.02:255][512]LogUObjectGlobals: Created PersistentFrame Addr=0x000001d1e7c20b00, Size=256, Default__NewSheepHeaven_C Function /Game/Woolf/Maps/2/NewSheepHeaven.NewSheepHeaven_C:ExecuteUbergraph_NewSheepHeaven
[2019.12.16-14.18.02:683][512]LogAIModule: Creating AISystem for world NewSheepHeaven
[2019.12.16-14.18.02:686][512]LogUObjectGlobals: Created PersistentFrame Addr=0x000001d1e4fef400, Size=336, Default__Wolfy_BP_C Function /Game/Woolf/Blueprints/Player/Wolfy_BP.Wolfy_BP_C:ExecuteUbergraph_Wolfy_BP
[2019.12.16-14.18.02:692][512]LogUObjectGlobals: Created PersistentFrame Addr=0x000001d1f2108ee0, Size=48, Default__Wolf_AnimBP_C Function /Game/Woolf/Models/Assets/Alex/Wolf_AnimBP.Wolf_AnimBP_C:ExecuteUbergraph_Wolf_AnimBP
[2019.12.16-14.18.02:715][512]LogUObjectGlobals: Destroyed PersistentFrame Addr=0x000001d1f2108ee0, Size=48
[2019.12.16-14.18.02:715][512]LogUObjectGlobals: Created PersistentFrame Addr=0x000001d1e80c0dc0, Size=48, Default__Wolf_AnimBP_C Function /Engine/Transient.REINST_Wolf_AnimBP_C_2:ExecuteUbergraph_Wolf_AnimBP
[2019.12.16-14.18.02:716][512]LogUObjectGlobals: Destroyed PersistentFrame Addr=0x000001d1e4fef400, Size=336
[2019.12.16-14.18.02:716][512]LogUObjectGlobals: Created PersistentFrame Addr=0x000001d1cfbfca00, Size=336, Default__Wolfy_BP_C Function /Engine/Transient.REINST_Wolfy_BP_C_35:ExecuteUbergraph_Wolfy_BP
[2019.12.16-14.18.02:731][512]LogUObjectGlobals: Created PersistentFrame Addr=0x000001d1d29cda50, Size=48, Default__Wolf_AnimBP_C Function /Game/Woolf/Models/Assets/Alex/Wolf_AnimBP.Wolf_AnimBP_C:ExecuteUbergraph_Wolf_AnimBP
[2019.12.16-14.18.02:733][512]LogUObjectGlobals: Created PersistentFrame Addr=0x000001d1e0159780, Size=328, Default__Wolfy_BP_C Function /Game/Woolf/Blueprints/Player/Wolfy_BP.Wolfy_BP_C:ExecuteUbergraph_Wolfy_BP
[2019.12.16-14.18.02:750][512]LogSkeletalMesh: Skeletal Mesh found in DDC [1.386400ms] /Game/Woolf/Models/Assets/Alex/WolfMesh.WolfMesh
[2019.12.16-14.18.02:750][512]LogLoad: Game class is 'WolfGameMode_BP_C'
[2019.12.16-14.18.02:751][512]LogTemp: Display: ParseSettings for GameNetDriver
[2019.12.16-14.18.02:751][512]LogTemp: Display: ParseSettings for IpNetDriver_0
[2019.12.16-14.18.02:751][512]LogTemp: Display: ParseSettings for GameNetDriver
[2019.12.16-14.18.02:751][512]LogInit: WinSock: Socket queue 131072 / 131072
[2019.12.16-14.18.02:752][512]PacketHandlerLog: Loaded PacketHandler component: Engine.EngineHandlerComponentFactory (StatelessConnectHandlerComponent)
[2019.12.16-14.18.02:752][512]LogNet: GameNetDriver IpNetDriver_0 IpNetDriver listening on port 7777
[2019.12.16-14.18.02:759][512]LogWorld: Bringing World /Game/Woolf/Maps/2/NewSheepHeaven.NewSheepHeaven up for play (max tick rate 0) at 2019.12.16-14.18.02
[2019.12.16-14.18.02:759][512]LogWorld: Bringing up level for play took: 0.006346
[2019.12.16-14.18.03:827][512]LogStats: FPlatformStackWalk::StackWalkAndDump -  1.065 s
[2019.12.16-14.18.03:827][512]LogOutputDevice: Error: === Handled ensure: ===
[2019.12.16-14.18.03:827][512]LogOutputDevice: Error: 
[2019.12.16-14.18.03:827][512]LogOutputDevice: Error: Ensure condition failed: InvocationList[ CurFunctionIndex ] != InDelegate [File:C:\Program Files\Epic Games\UE_4.19\Engine\Source\Runtime\Core\Public\UObject/ScriptDelegates.h] [Line: 509]
[2019.12.16-14.18.03:827][512]LogOutputDevice: Error: 
[2019.12.16-14.18.03:827][512]LogOutputDevice: Error: Stack: 
[2019.12.16-14.18.03:827][512]LogOutputDevice: Error: [Callstack] 0x000000005CEFB706 UE4Editor-Core.dll!UnknownFunction []
[2019.12.16-14.18.03:827][512]LogOutputDevice: Error: [Callstack] 0x000000005CC5AE3A UE4Editor-Core.dll!UnknownFunction []
[2019.12.16-14.18.03:827][512]LogOutputDevice: Error: [Callstack] 0x000000005CC6ECD6 UE4Editor-Core.dll!UnknownFunction []
[2019.12.16-14.18.03:827][512]LogOutputDevice: Error: [Callstack] 0x000000002695A031 UE4Editor-MasterBuild.dll!TMulticastScriptDelegate<FWeakObjectPtr>::AddInternal() [c:\program files\epic games\ue_4.19\engine\source\runtime\core\public\uobject\scriptdelegates.h:509]
[2019.12.16-14.18.03:827][512]LogOutputDevice: Error: [Callstack] 0x000000002695B20F UE4Editor-MasterBuild.dll!TBaseDynamicMulticastDelegate<FWeakObjectPtr,void,UPrimitiveComponent * __ptr64,AActor * __ptr64,UPrimitiveComponent * __ptr64,int,bool,FHitResult const & __ptr64>::__Internal_AddDynamic<AChar_Wolf>() [c:\program files\epic games\ue_4.19\engine\source\runtime\core\public\delegates\delegatesignatureimpl.inl:1141]
[2019.12.16-14.18.03:827][512]LogOutputDevice: Error: [Callstack] 0x000000002695C1CB UE4Editor-MasterBuild.dll!AChar_Wolf::SetupOverlapEvents() [c:\users\t7038904\source\betaarcade\masterbuild\source\masterbuild\player\char_wolf.cpp:121]
[2019.12.16-14.18.03:827][512]LogOutputDevice: Error: [Callstack] 0x000000002695B927 UE4Editor-MasterBuild.dll!AChar_Wolf::BeginPlay() [c:\users\t7038904\source\betaarcade\masterbuild\source\masterbuild\player\char_wolf.cpp:23]
[2019.12.16-14.18.03:827][512]LogOutputDevice: Error: [Callstack] 0x0000000030E572FB UE4Editor-Engine.dll!UnknownFunction []
[2019.12.16-14.18.03:827][512]LogOutputDevice: Error: [Callstack] 0x000000003210AE33 UE4Editor-Engine.dll!UnknownFunction []
[2019.12.16-14.18.03:827][512]LogOutputDevice: Error: [Callstack] 0x00000000315CF731 UE4Editor-Engine.dll!UnknownFunction []
[2019.12.16-14.18.03:827][512]LogOutputDevice: Error: [Callstack] 0x00000000320F414E UE4Editor-Engine.dll!UnknownFunction []
[2019.12.16-14.18.03:827][512]LogOutputDevice: Error: [Callstack] 0x000000003201A5BF UE4Editor-Engine.dll!UnknownFunction []
[2019.12.16-14.18.03:827][512]LogOutputDevice: Error: [Callstack] 0x0000000031FCC788 UE4Editor-Engine.dll!UnknownFunction []
[2019.12.16-14.18.03:827][512]LogOutputDevice: Error: [Callstack] 0x000000003203A4A0 UE4Editor-Engine.dll!UnknownFunction []
[2019.12.16-14.18.03:827][512]LogOutputDevice: Error: [Callstack] 0x0000000031592DF1 UE4Editor-Engine.dll!UnknownFunction []
[2019.12.16-14.18.03:827][512]LogOutputDevice: Error: [Callstack] 0x0000000096805EAC UE4Editor.exe!UnknownFunction []
[2019.12.16-14.18.03:827][512]LogOutputDevice: Error: [Callstack] 0x0000000096816BD0 UE4Editor.exe!UnknownFunction []
[2019.12.16-14.18.03:827][512]LogOutputDevice: Error: [Callstack] 0x0000000096816C4A UE4Editor.exe!UnknownFunction []
[2019.12.16-14.18.03:827][512]LogOutputDevice: Error: [Callstack] 0x0000000096824177 UE4Editor.exe!UnknownFunction []
[2019.12.16-14.18.03:827][512]LogOutputDevice: Error: [Callstack] 0x0000000096825B87 UE4Editor.exe!UnknownFunction []
[2019.12.16-14.18.03:827][512]LogOutputDevice: Error: [Callstack] 0x0000000088577974 KERNEL32.DLL!UnknownFunction []
[2019.12.16-14.18.03:827][512]LogOutputDevice: Error: [Callstack] 0x0000000088B4A271 ntdll.dll!UnknownFunction []
[2019.12.16-14.18.03:827][512]LogOutputDevice: Error: 
[2019.12.16-14.18.03:831][512]LogStats:                SubmitErrorReport -  0.000 s
[2019.12.16-14.18.04:638][512]LogStats:                    SendNewReport -  0.807 s
[2019.12.16-14.18.04:638][512]LogStats:             FDebug::EnsureFailed -  1.876 s
[2019.12.16-14.18.04:639][512]LogLoad: Took 2.508930 seconds to LoadMap(/Game/Woolf/Maps/2/NewSheepHeaven)
[2019.12.16-14.18.04:658][513]LogAudio: Warning: Detected orphaned looping sound 'SheepHeavenSTB_Cue'.
[2019.12.16-14.18.38:024][581]LogUObjectGlobals: Destroyed PersistentFrame Addr=0x000001d1e80c0dc0, Size=48
[2019.12.16-14.18.38:024][581]LogUObjectGlobals: Destroyed PersistentFrame Addr=0x000001d1cfbfca00, Size=336
[2019.12.16-14.18.38:025][581]LogUObjectGlobals: Destroyed PersistentFrame Addr=0x000001d1e7bd6ec0, Size=32
[2019.12.16-14.18.38:025][581]LogUObjectGlobals: Destroyed PersistentFrame Addr=0x000001d1e0e91fc0, Size=12
[2019.12.16-14.18.38:025][581]LogUObjectGlobals: Destroyed PersistentFrame Addr=0x000001d1d29b0600, Size=256
[2019.12.16-14.21.06:796][803]LogScriptCore: Warning: Script Msg: Attempted to access index 0 from array 'OverlappingActors' of length 0 in '/Game/Woolf/Blueprints/Player/Wolfy_BP.Wolfy_BP_C'!
[2019.12.16-14.21.06:796][803]LogScript: Warning: Accessed None trying to read property CallFunc_Array_Get_Item
	Wolfy_BP_C /Game/Woolf/Maps/2/NewSheepHeaven.NewSheepHeaven:PersistentLevel.Wolfy_BP_C_0
	Function /Game/Woolf/Blueprints/Player/Wolfy_BP.Wolfy_BP_C:ExecuteUbergraph_Wolfy_BP:00A1
[2019.12.16-14.21.06:796][803]LogScript: Warning: Script call stack:
	Function /Game/Woolf/Blueprints/Player/Wolfy_BP.Wolfy_BP_C:ExecuteUbergraph_Wolfy_BP

[2019.12.16-14.21.16:588][410]LogScriptCore: Warning: Script Msg: Attempted to access index 0 from array 'OverlappingActors' of length 0 in '/Game/Woolf/Blueprints/Player/Wolfy_BP.Wolfy_BP_C'!
[2019.12.16-14.21.16:588][410]LogScript: Warning: Accessed None trying to read property CallFunc_Array_Get_Item
	Wolfy_BP_C /Game/Woolf/Maps/2/NewSheepHeaven.NewSheepHeaven:PersistentLevel.Wolfy_BP_C_0
	Function /Game/Woolf/Blueprints/Player/Wolfy_BP.Wolfy_BP_C:ExecuteUbergraph_Wolfy_BP:00A1
[2019.12.16-14.21.16:588][410]LogScript: Warning: Script call stack:
	Function /Game/Woolf/Blueprints/Player/Wolfy_BP.Wolfy_BP_C:ExecuteUbergraph_Wolfy_BP

[2019.12.16-14.21.24:669][911]LogScriptCore: Warning: Script Msg: Attempted to access index 0 from array 'OverlappingActors' of length 0 in '/Game/Woolf/Blueprints/Player/Wolfy_BP.Wolfy_BP_C'!
[2019.12.16-14.21.24:669][911]LogScript: Warning: Accessed None trying to read property CallFunc_Array_Get_Item
	Wolfy_BP_C /Game/Woolf/Maps/2/NewSheepHeaven.NewSheepHeaven:PersistentLevel.Wolfy_BP_C_0
	Function /Game/Woolf/Blueprints/Player/Wolfy_BP.Wolfy_BP_C:ExecuteUbergraph_Wolfy_BP:00A1
[2019.12.16-14.21.24:670][911]LogScript: Warning: Script call stack:
	Function /Game/Woolf/Blueprints/Player/Wolfy_BP.Wolfy_BP_C:ExecuteUbergraph_Wolfy_BP

[2019.12.16-14.22.14:072][973]LogScriptCore: Warning: Script Msg: Attempted to access index 0 from array 'OverlappingActors' of length 0 in '/Game/Woolf/Blueprints/Player/Wolfy_BP.Wolfy_BP_C'!
[2019.12.16-14.22.14:072][973]LogScript: Warning: Accessed None trying to read property CallFunc_Array_Get_Item
	Wolfy_BP_C /Game/Woolf/Maps/2/NewSheepHeaven.NewSheepHeaven:PersistentLevel.Wolfy_BP_C_0
	Function /Game/Woolf/Blueprints/Player/Wolfy_BP.Wolfy_BP_C:ExecuteUbergraph_Wolfy_BP:00A1
[2019.12.16-14.22.14:072][973]LogScript: Warning: Script call stack:
	Function /Game/Woolf/Blueprints/Player/Wolfy_BP.Wolfy_BP_C:ExecuteUbergraph_Wolfy_BP

[2019.12.16-14.24.01:549][635]LogScriptCore: Warning: Script Msg: Attempted to access index 0 from array 'OverlappingActors' of length 0 in '/Game/Woolf/Blueprints/Player/Wolfy_BP.Wolfy_BP_C'!
[2019.12.16-14.24.01:549][635]LogScript: Warning: Accessed None trying to read property CallFunc_Array_Get_Item
	Wolfy_BP_C /Game/Woolf/Maps/2/NewSheepHeaven.NewSheepHeaven:PersistentLevel.Wolfy_BP_C_0
	Function /Game/Woolf/Blueprints/Player/Wolfy_BP.Wolfy_BP_C:ExecuteUbergraph_Wolfy_BP:00A1
[2019.12.16-14.24.01:549][635]LogScript: Warning: Script call stack:
	Function /Game/Woolf/Blueprints/Player/Wolfy_BP.Wolfy_BP_C:ExecuteUbergraph_Wolfy_BP

[2019.12.16-14.24.03:355][747]LogScriptCore: Warning: Script Msg: Attempted to access index 0 from array 'OverlappingActors' of length 0 in '/Game/Woolf/Blueprints/Player/Wolfy_BP.Wolfy_BP_C'!
[2019.12.16-14.24.03:355][747]LogScript: Warning: Accessed None trying to read property CallFunc_Array_Get_Item
	Wolfy_BP_C /Game/Woolf/Maps/2/NewSheepHeaven.NewSheepHeaven:PersistentLevel.Wolfy_BP_C_0
	Function /Game/Woolf/Blueprints/Player/Wolfy_BP.Wolfy_BP_C:ExecuteUbergraph_Wolfy_BP:00A1
[2019.12.16-14.24.03:355][747]LogScript: Warning: Script call stack:
	Function /Game/Woolf/Blueprints/Player/Wolfy_BP.Wolfy_BP_C:ExecuteUbergraph_Wolfy_BP

[2019.12.16-14.25.44:323][  6]LogScriptCore: Warning: Script Msg: Attempted to access index 0 from array 'OverlappingActors' of length 0 in '/Game/Woolf/Blueprints/Player/Wolfy_BP.Wolfy_BP_C'!
[2019.12.16-14.25.44:323][  6]LogScript: Warning: Accessed None trying to read property CallFunc_Array_Get_Item
	Wolfy_BP_C /Game/Woolf/Maps/2/NewSheepHeaven.NewSheepHeaven:PersistentLevel.Wolfy_BP_C_0
	Function /Game/Woolf/Blueprints/Player/Wolfy_BP.Wolfy_BP_C:ExecuteUbergraph_Wolfy_BP:00A1
[2019.12.16-14.25.44:323][  6]LogScript: Warning: Script call stack:
	Function /Game/Woolf/Blueprints/Player/Wolfy_BP.Wolfy_BP_C:ExecuteUbergraph_Wolfy_BP

[2019.12.16-14.25.55:040][670]LogScriptCore: Warning: Script Msg: Attempted to access index 0 from array 'OverlappingActors' of length 0 in '/Game/Woolf/Blueprints/Player/Wolfy_BP.Wolfy_BP_C'!
[2019.12.16-14.25.55:040][670]LogScript: Warning: Accessed None trying to read property CallFunc_Array_Get_Item
	Wolfy_BP_C /Game/Woolf/Maps/2/NewSheepHeaven.NewSheepHeaven:PersistentLevel.Wolfy_BP_C_0
	Function /Game/Woolf/Blueprints/Player/Wolfy_BP.Wolfy_BP_C:ExecuteUbergraph_Wolfy_BP:00A1
[2019.12.16-14.25.55:040][670]LogScript: Warning: Script call stack:
	Function /Game/Woolf/Blueprints/Player/Wolfy_BP.Wolfy_BP_C:ExecuteUbergraph_Wolfy_BP

[2019.12.16-14.27.23:404][148]LogScriptCore: Warning: Script Msg: Attempted to access index 0 from array 'OverlappingActors' of length 0 in '/Game/Woolf/Blueprints/Player/Wolfy_BP.Wolfy_BP_C'!
[2019.12.16-14.27.23:404][148]LogScript: Warning: Accessed None trying to read property CallFunc_Array_Get_Item
	Wolfy_BP_C /Game/Woolf/Maps/2/NewSheepHeaven.NewSheepHeaven:PersistentLevel.Wolfy_BP_C_0
	Function /Game/Woolf/Blueprints/Player/Wolfy_BP.Wolfy_BP_C:ExecuteUbergraph_Wolfy_BP:00A1
[2019.12.16-14.27.23:404][148]LogScript: Warning: Script call stack:
	Function /Game/Woolf/Blueprints/Player/Wolfy_BP.Wolfy_BP_C:ExecuteUbergraph_Wolfy_BP

[2019.12.16-14.27.31:824][670]LogScriptCore: Warning: Script Msg: Attempted to access index 0 from array 'OverlappingActors' of length 0 in '/Game/Woolf/Blueprints/Player/Wolfy_BP.Wolfy_BP_C'!
[2019.12.16-14.27.31:824][670]LogScript: Warning: Accessed None trying to read property CallFunc_Array_Get_Item
	Wolfy_BP_C /Game/Woolf/Maps/2/NewSheepHeaven.NewSheepHeaven:PersistentLevel.Wolfy_BP_C_0
	Function /Game/Woolf/Blueprints/Player/Wolfy_BP.Wolfy_BP_C:ExecuteUbergraph_Wolfy_BP:00A1
[2019.12.16-14.27.31:824][670]LogScript: Warning: Script call stack:
	Function /Game/Woolf/Blueprints/Player/Wolfy_BP.Wolfy_BP_C:ExecuteUbergraph_Wolfy_BP

[2019.12.16-14.28.09:005][975]LogScriptCore: Warning: Script Msg: Attempted to access index 0 from array 'OverlappingActors' of length 0 in '/Game/Woolf/Blueprints/Player/Wolfy_BP.Wolfy_BP_C'!
[2019.12.16-14.28.09:005][975]LogScript: Warning: Accessed None trying to read property CallFunc_Array_Get_Item
	Wolfy_BP_C /Game/Woolf/Maps/2/NewSheepHeaven.NewSheepHeaven:PersistentLevel.Wolfy_BP_C_0
	Function /Game/Woolf/Blueprints/Player/Wolfy_BP.Wolfy_BP_C:ExecuteUbergraph_Wolfy_BP:00A1
[2019.12.16-14.28.09:005][975]LogScript: Warning: Script call stack:
	Function /Game/Woolf/Blueprints/Player/Wolfy_BP.Wolfy_BP_C:ExecuteUbergraph_Wolfy_BP

[2019.12.16-14.28.12:263][177]LogScriptCore: Warning: Script Msg: Attempted to access index 0 from array 'OverlappingActors' of length 0 in '/Game/Woolf/Blueprints/Player/Wolfy_BP.Wolfy_BP_C'!
[2019.12.16-14.28.12:263][177]LogScript: Warning: Accessed None trying to read property CallFunc_Array_Get_Item
	Wolfy_BP_C /Game/Woolf/Maps/2/NewSheepHeaven.NewSheepHeaven:PersistentLevel.Wolfy_BP_C_0
	Function /Game/Woolf/Blueprints/Player/Wolfy_BP.Wolfy_BP_C:ExecuteUbergraph_Wolfy_BP:00A1
[2019.12.16-14.28.12:263][177]LogScript: Warning: Script call stack:
	Function /Game/Woolf/Blueprints/Player/Wolfy_BP.Wolfy_BP_C:ExecuteUbergraph_Wolfy_BP

[2019.12.16-14.28.37:442][738]LogScriptCore: Warning: Script Msg: Attempted to access index 0 from array 'OverlappingActors' of length 0 in '/Game/Woolf/Blueprints/Player/Wolfy_BP.Wolfy_BP_C'!
[2019.12.16-14.28.37:443][738]LogScript: Warning: Accessed None trying to read property CallFunc_Array_Get_Item
	Wolfy_BP_C /Game/Woolf/Maps/2/NewSheepHeaven.NewSheepHeaven:PersistentLevel.Wolfy_BP_C_0
	Function /Game/Woolf/Blueprints/Player/Wolfy_BP.Wolfy_BP_C:ExecuteUbergraph_Wolfy_BP:00A1
[2019.12.16-14.28.37:443][738]LogScript: Warning: Script call stack:
	Function /Game/Woolf/Blueprints/Player/Wolfy_BP.Wolfy_BP_C:ExecuteUbergraph_Wolfy_BP

[2019.12.16-14.29.07:095][576]LogScriptCore: Warning: Script Msg: Attempted to access index 0 from array 'OverlappingActors' of length 0 in '/Game/Woolf/Blueprints/Player/Wolfy_BP.Wolfy_BP_C'!
[2019.12.16-14.29.07:095][576]LogScript: Warning: Accessed None trying to read property CallFunc_Array_Get_Item
	Wolfy_BP_C /Game/Woolf/Maps/2/NewSheepHeaven.NewSheepHeaven:PersistentLevel.Wolfy_BP_C_0
	Function /Game/Woolf/Blueprints/Player/Wolfy_BP.Wolfy_BP_C:ExecuteUbergraph_Wolfy_BP:00A1
[2019.12.16-14.29.07:095][576]LogScript: Warning: Script call stack:
	Function /Game/Woolf/Blueprints/Player/Wolfy_BP.Wolfy_BP_C:ExecuteUbergraph_Wolfy_BP

[2019.12.16-14.29.27:810][851]LogSlate: Window 'MasterBuild (64-bit, PCD3D_SM5) ' being destroyed
[2019.12.16-14.29.27:812][851]LogWindowsTextInputMethodSystem: Display: IME system now deactivated.
[2019.12.16-14.29.27:815][851]LogWindowsTextInputMethodSystem: Display: IME system now deactivated.
[2019.12.16-14.29.27:816][851]LogEngine: All Windows Closed
[2019.12.16-14.29.27:816][851]LogWindows: FPlatformMisc::RequestExit(0)
[2019.12.16-14.29.27:822][852]LogNet: World NetDriver shutdown IpNetDriver_0 [GameNetDriver]
[2019.12.16-14.29.27:822][852]LogNet: DestroyNamedNetDriver IpNetDriver_0 [GameNetDriver]
[2019.12.16-14.29.27:822][852]LogExit: GameNetDriver IpNetDriver_0 shut down
[2019.12.16-14.29.28:791][852]LogSlate: Slate User Destroyed.  User Index 0, Is Virtual User: 0
[2019.12.16-14.29.28:791][852]LogExit: Preparing to exit.
[2019.12.16-14.29.28:791][852]LogMoviePlayer: Shutting down movie player
[2019.12.16-14.29.29:029][852]LogUObjectGlobals: Destroyed PersistentFrame Addr=0x000001d1df77a930, Size=72
[2019.12.16-14.29.29:030][852]LogExit: Game engine shut down
[2019.12.16-14.29.29:033][852]LogUObjectGlobals: Destroyed PersistentFrame Addr=0x000001d1d2dd8400, Size=688
[2019.12.16-14.29.29:033][852]LogUObjectGlobals: Destroyed PersistentFrame Addr=0x000001d1cfe3a8c0, Size=64
[2019.12.16-14.29.29:033][852]LogUObjectGlobals: Destroyed PersistentFrame Addr=0x000001d1d29b51c0, Size=160
[2019.12.16-14.29.29:033][852]LogUObjectGlobals: Destroyed PersistentFrame Addr=0x000001d1d29bdca0, Size=32
[2019.12.16-14.29.29:033][852]LogUObjectGlobals: Destroyed PersistentFrame Addr=0x000001d1e7c20b00, Size=256
[2019.12.16-14.29.29:033][852]LogUObjectGlobals: Destroyed PersistentFrame Addr=0x000001d1dcbee4e0, Size=12
[2019.12.16-14.29.29:033][852]LogUObjectGlobals: Destroyed PersistentFrame Addr=0x000001d1e7c624a0, Size=32
[2019.12.16-14.29.29:034][852]LogUObjectGlobals: Destroyed PersistentFrame Addr=0x000001d1d29cda50, Size=48
[2019.12.16-14.29.29:034][852]LogUObjectGlobals: Destroyed PersistentFrame Addr=0x000001d1e0159780, Size=328
[2019.12.16-14.29.29:073][852]LogExit: Object subsystem successfully closed.
[2019.12.16-14.29.29:089][852]LogShaderCompilers: Display: Shaders left to compile 0
[2019.12.16-14.29.29:091][852]LogD3D11RHI: Shutdown
[2019.12.16-14.29.29:091][852]LogD3D11RHI: CleanupD3DDevice
[2019.12.16-14.29.29:093][852]LogD3D11RHI: ~FD3D11DynamicRHI
[2019.12.16-14.29.29:105][852]LogModuleManager: Shutting down and abandoning module SequenceRecorderSections (336)
[2019.12.16-14.29.29:105][852]LogModuleManager: Shutting down and abandoning module SequenceRecorder (334)
[2019.12.16-14.29.29:105][852]LogModuleManager: Shutting down and abandoning module AutomationController (332)
[2019.12.16-14.29.29:105][852]LogModuleManager: Shutting down and abandoning module AutomationWorker (330)
[2019.12.16-14.29.29:105][852]LogModuleManager: Shutting down and abandoning module Voice (328)
[2019.12.16-14.29.29:105][852]LogModuleManager: Shutting down and abandoning module AIModule (326)
[2019.12.16-14.29.29:105][852]LogModuleManager: Shutting down and abandoning module GameplayDebugger (325)
[2019.12.16-14.29.29:105][852]LogModuleManager: Shutting down and abandoning module AITestSuite (323)
[2019.12.16-14.29.29:105][852]LogModuleManager: Shutting down and abandoning module WmfMediaFactory (320)
[2019.12.16-14.29.29:105][852]LogModuleManager: Shutting down and abandoning module OpenExrWrapper (318)
[2019.12.16-14.29.29:105][852]LogModuleManager: Shutting down and abandoning module ImgMediaFactory (316)
[2019.12.16-14.29.29:105][852]LogModuleManager: Shutting down and abandoning module AvfMediaFactory (314)
[2019.12.16-14.29.29:105][852]LogModuleManager: Shutting down and abandoning module CharacterAI (312)
[2019.12.16-14.29.29:105][852]LogModuleManager: Shutting down and abandoning module SessionServices (310)
[2019.12.16-14.29.29:105][852]LogModuleManager: Shutting down and abandoning module MovieSceneCapture (308)
[2019.12.16-14.29.29:105][852]LogModuleManager: Shutting down and abandoning module MovieSceneTracks (306)
[2019.12.16-14.29.29:105][852]LogModuleManager: Shutting down and abandoning module MovieScene (304)
[2019.12.16-14.29.29:105][852]LogModuleManager: Shutting down and abandoning module GeometryCache (302)
[2019.12.16-14.29.29:105][852]LogModuleManager: Shutting down and abandoning module GeometryCacheEd (301)
[2019.12.16-14.29.29:105][852]LogModuleManager: Shutting down and abandoning module StreamingPauseRendering (298)
[2019.12.16-14.29.29:105][852]LogModuleManager: Shutting down and abandoning module PortalServices (296)
[2019.12.16-14.29.29:105][852]LogModuleManager: Shutting down and abandoning module PortalRpc (294)
[2019.12.16-14.29.29:105][852]LogModuleManager: Shutting down and abandoning module MessagingRpc (292)
[2019.12.16-14.29.29:105][852]LogModuleManager: Shutting down and abandoning module ProfilerService (290)
[2019.12.16-14.29.29:209][852]LogModuleManager: Shutting down and abandoning module TaskGraph (288)
[2019.12.16-14.29.29:210][852]LogModuleManager: Shutting down and abandoning module SteamVRController (286)
[2019.12.16-14.29.29:210][852]LogModuleManager: Shutting down and abandoning module ProceduralMeshComponent (284)
[2019.12.16-14.29.29:210][852]LogModuleManager: Shutting down and abandoning module OculusInput (282)
[2019.12.16-14.29.29:210][852]LogModuleManager: Shutting down and abandoning module MobilePatchingUtils (280)
[2019.12.16-14.29.29:210][852]LogModuleManager: Shutting down and abandoning module CustomMeshComponent (278)
[2019.12.16-14.29.29:210][852]LogModuleManager: Shutting down and abandoning module CableComponent (276)
[2019.12.16-14.29.29:210][852]LogModuleManager: Shutting down and abandoning module AudioCapture (274)
[2019.12.16-14.29.29:210][852]LogModuleManager: Shutting down and abandoning module ArchVisCharacter (272)
[2019.12.16-14.29.29:210][852]LogModuleManager: Shutting down and abandoning module AndroidPermission (270)
[2019.12.16-14.29.29:210][852]LogModuleManager: Shutting down and abandoning module NUTUnrealEngine4 (268)
[2019.12.16-14.29.29:210][852]LogModuleManager: Shutting down and abandoning module NetcodeUnitTest (266)
[2019.12.16-14.29.29:210][852]LogModuleManager: Shutting down and abandoning module MediaCompositing (264)
[2019.12.16-14.29.29:210][852]LogModuleManager: Shutting down and abandoning module LinearTimecode (262)
[2019.12.16-14.29.29:210][852]LogModuleManager: Shutting down and abandoning module ImgMedia (260)
[2019.12.16-14.29.29:216][852]LogModuleManager: Shutting down and abandoning module HTML5Networking (258)
[2019.12.16-14.29.29:216][852]LogModuleManager: Shutting down and abandoning module DatasmithContent (256)
[2019.12.16-14.29.29:216][852]LogModuleManager: Shutting down and abandoning module CryptoKeysOpenSSL (254)
[2019.12.16-14.29.29:216][852]LogModuleManager: Shutting down and abandoning module CryptoKeys (252)
[2019.12.16-14.29.29:216][852]LogModuleManager: Shutting down and abandoning module VisualStudioSourceCodeAccess (250)
[2019.12.16-14.29.29:216][852]LogModuleManager: Shutting down and abandoning module HotReload (249)
[2019.12.16-14.29.29:216][852]LogDirectoryWatcher: A directory notification for 'C:/Users/t7038904/source/BetaArcade/MasterBuild/Binaries/Win64' was aborted.
[2019.12.16-14.29.29:217][852]LogModuleManager: Shutting down and abandoning module DirectoryWatcher (248)
[2019.12.16-14.29.29:217][852]LogModuleManager: Shutting down and abandoning module VisualStudioCodeSourceCodeAccess (244)
[2019.12.16-14.29.29:217][852]LogModuleManager: Shutting down and abandoning module UObjectPlugin (242)
[2019.12.16-14.29.29:217][852]LogModuleManager: Shutting down and abandoning module SubversionSourceControl (240)
[2019.12.16-14.29.29:217][852]LogModuleManager: Shutting down and abandoning module PerforceSourceControl (238)
[2019.12.16-14.29.29:217][852]LogModuleManager: Shutting down and abandoning module SourceControl (237)
[2019.12.16-14.29.29:217][852]LogModuleManager: Shutting down and abandoning module CLionSourceCodeAccess (234)
[2019.12.16-14.29.29:217][852]LogModuleManager: Shutting down and abandoning module MasterBuild (232)
[2019.12.16-14.29.29:217][852]LogModuleManager: Shutting down and abandoning module RuntimePhysXCooking (230)
[2019.12.16-14.29.29:217][852]LogModuleManager: Shutting down and abandoning module PhysXVehiclesEditor (228)
[2019.12.16-14.29.29:217][852]LogModuleManager: Shutting down and abandoning module PhysXVehicles (226)
[2019.12.16-14.29.29:217][852]LogModuleManager: Shutting down and abandoning module LocationServicesBPLibrary (224)
[2019.12.16-14.29.29:217][852]LogModuleManager: Shutting down and abandoning module ImmediatePhysicsEditor (222)
[2019.12.16-14.29.29:218][852]LogModuleManager: Shutting down and abandoning module ImmediatePhysics (220)
[2019.12.16-14.29.29:218][852]LogModuleManager: Shutting down and abandoning module ActorSequence (218)
[2019.12.16-14.29.29:218][852]LogModuleManager: Shutting down and abandoning module UdpMessaging (216)
[2019.12.16-14.29.29:319][852]LogModuleManager: Shutting down and abandoning module TcpMessaging (214)
[2019.12.16-14.29.29:914][852]LogModuleManager: Shutting down and abandoning module GameplayTagsEditor (212)
[2019.12.16-14.29.29:914][852]LogModuleManager: Shutting down and abandoning module FacialAnimation (210)
[2019.12.16-14.29.29:914][852]LogModuleManager: Shutting down and abandoning module DataValidation (208)
[2019.12.16-14.29.29:914][852]LogModuleManager: Shutting down and abandoning module AssetManagerEditor (206)
[2019.12.16-14.29.29:914][852]LogModuleManager: Shutting down and abandoning module TreeMap (205)
[2019.12.16-14.29.29:914][852]LogModuleManager: Shutting down and abandoning module LightPropagationVolumeRuntime (202)
[2019.12.16-14.29.29:914][852]LogModuleManager: Shutting down and abandoning module LiveLink (200)
[2019.12.16-14.29.30:790][852]LogModuleManager: Shutting down and abandoning module Paper2D (198)
[2019.12.16-14.29.30:790][852]LogModuleManager: Shutting down and abandoning module PIEPreviewDeviceProfileSelector (196)
[2019.12.16-14.29.30:790][852]LogModuleManager: Shutting down and abandoning module WindowsMoviePlayer (194)
[2019.12.16-14.29.30:790][852]LogModuleManager: Shutting down and abandoning module WmfMedia (192)
[2019.12.16-14.29.30:792][852]LogModuleManager: Shutting down and abandoning module Media (191)
[2019.12.16-14.29.30:799][852]LogModuleManager: Shutting down and abandoning module PacketHandler (188)
[2019.12.16-14.29.30:799][852]LogModuleManager: Shutting down and abandoning module ClothingSystemEditor (186)
[2019.12.16-14.29.30:799][852]LogModuleManager: Shutting down and abandoning module ClothingSystemRuntime (184)
[2019.12.16-14.29.30:799][852]LogModuleManager: Shutting down and abandoning module MediaAssets (182)
[2019.12.16-14.29.30:799][852]LogModuleManager: Shutting down and abandoning module Overlay (180)
[2019.12.16-14.29.30:799][852]LogModuleManager: Shutting down and abandoning module OverlayEditor (179)
[2019.12.16-14.29.30:799][852]LogModuleManager: Shutting down and abandoning module VREditor (176)
[2019.12.16-14.29.30:799][852]LogModuleManager: Shutting down and abandoning module StringTableEditor (174)
[2019.12.16-14.29.30:799][852]LogModuleManager: Shutting down and abandoning module GameplayTasksEditor (172)
[2019.12.16-14.29.30:799][852]LogModuleManager: Shutting down and abandoning module BehaviorTreeEditor (170)
[2019.12.16-14.29.30:799][852]LogModuleManager: Shutting down and abandoning module FunctionalTesting (168)
[2019.12.16-14.29.30:799][852]LogModuleManager: Shutting down and abandoning module CollisionAnalyzer (166)
[2019.12.16-14.29.30:799][852]LogModuleManager: Shutting down and abandoning module WorkspaceMenuStructure (165)
[2019.12.16-14.29.30:799][852]LogModuleManager: Shutting down and abandoning module UMG (162)
[2019.12.16-14.29.30:799][852]LogModuleManager: Shutting down and abandoning module UMGEditor (161)
[2019.12.16-14.29.30:800][852]LogModuleManager: Shutting down and abandoning module Sequencer (160)
[2019.12.16-14.29.30:800][852]LogModuleManager: Shutting down and abandoning module MessageLog (157)
[2019.12.16-14.29.30:800][852]LogModuleManager: Shutting down and abandoning module SlateReflector (152)
[2019.12.16-14.29.30:800][852]LogModuleManager: Shutting down and abandoning module Slate (150)
[2019.12.16-14.29.30:800][852]LogModuleManager: Shutting down and abandoning module EditorStyle (148)
[2019.12.16-14.29.30:803][852]LogModuleManager: Shutting down and abandoning module MRMesh (146)
[2019.12.16-14.29.30:803][852]LogModuleManager: Shutting down and abandoning module Messaging (144)
[2019.12.16-14.29.30:803][852]LogModuleManager: Shutting down and abandoning module SourceCodeAccess (142)
[2019.12.16-14.29.30:803][852]LogModuleManager: Shutting down and abandoning module HeadMountedDisplay (140)
[2019.12.16-14.29.30:804][852]LogModuleManager: Shutting down and abandoning module XAudio2 (138)
[2019.12.16-14.29.30:804][852]LogModuleManager: Shutting down and abandoning module Networking (136)
[2019.12.16-14.29.30:804][852]LogModuleManager: Shutting down and abandoning module Core (134)
[2019.12.16-14.29.30:804][852]LogModuleManager: Shutting down and abandoning module LevelSequence (132)
[2019.12.16-14.29.30:804][852]LogModuleManager: Shutting down and abandoning module KismetCompiler (130)
[2019.12.16-14.29.30:804][852]LogModuleManager: Shutting down and abandoning module MeshUtilities (128)
[2019.12.16-14.29.30:804][852]LogModuleManager: Shutting down and abandoning module MeshMergeUtilities (127)
[2019.12.16-14.29.30:804][852]LogModuleManager: Shutting down and abandoning module MeshReductionInterface (126)
[2019.12.16-14.29.30:804][852]LogModuleManager: Shutting down and abandoning module SimplygonSwarm (125)
[2019.12.16-14.29.30:804][852]LogModuleManager: Shutting down and abandoning module SimplygonMeshReduction (123)
[2019.12.16-14.29.30:804][852]LogModuleManager: Shutting down and abandoning module QuadricMeshReduction (121)
[2019.12.16-14.29.30:804][852]LogModuleManager: Shutting down and abandoning module MaterialBaking (117)
[2019.12.16-14.29.30:804][852]LogModuleManager: Shutting down and abandoning module DerivedDataCache (112)
[2019.12.16-14.29.30:833][852]LogDerivedDataCache: Shutdown
[2019.12.16-14.29.30:833][852]LogModuleManager: Shutting down and abandoning module XGEController (110)
[2019.12.16-14.29.30:833][852]LogModuleManager: Shutting down and abandoning module TargetPlatform (108)
[2019.12.16-14.29.30:833][852]LogModuleManager: Shutting down and abandoning module VulkanShaderFormat (107)
[2019.12.16-14.29.30:833][852]LogModuleManager: Shutting down and abandoning module ShaderFormatVectorVM (105)
[2019.12.16-14.29.30:833][852]LogModuleManager: Shutting down and abandoning module ShaderFormatOpenGL (103)
[2019.12.16-14.29.30:833][852]LogModuleManager: Shutting down and abandoning module ShaderFormatD3D (101)
[2019.12.16-14.29.30:833][852]LogModuleManager: Shutting down and abandoning module MetalShaderFormat (99)
[2019.12.16-14.29.30:833][852]LogModuleManager: Shutting down and abandoning module TextureFormatUncompressed (97)
[2019.12.16-14.29.30:833][852]LogModuleManager: Shutting down and abandoning module TextureFormatPVR (95)
[2019.12.16-14.29.30:833][852]LogModuleManager: Shutting down and abandoning module TextureFormatDXT (93)
[2019.12.16-14.29.30:833][852]LogModuleManager: Shutting down and abandoning module TextureFormatIntelISPCTexComp (91)
[2019.12.16-14.29.30:834][852]LogModuleManager: Shutting down and abandoning module TextureFormatASTC (89)
[2019.12.16-14.29.30:834][852]LogModuleManager: Shutting down and abandoning module ImageWrapper (88)
[2019.12.16-14.29.30:834][852]LogModuleManager: Shutting down and abandoning module TextureFormatAndroid (85)
[2019.12.16-14.29.30:834][852]LogModuleManager: Shutting down and abandoning module AudioFormatOpus (83)
[2019.12.16-14.29.30:834][852]LogModuleManager: Shutting down and abandoning module AudioFormatOgg (81)
[2019.12.16-14.29.30:834][852]LogModuleManager: Shutting down and abandoning module AudioFormatADPCM (79)
[2019.12.16-14.29.30:834][852]LogModuleManager: Shutting down and abandoning module WindowsTargetPlatform (77)
[2019.12.16-14.29.30:834][852]LogModuleManager: Shutting down and abandoning module WindowsServerTargetPlatform (75)
[2019.12.16-14.29.30:834][852]LogModuleManager: Shutting down and abandoning module WindowsNoEditorTargetPlatform (73)
[2019.12.16-14.29.30:834][852]LogModuleManager: Shutting down and abandoning module WindowsClientTargetPlatform (71)
[2019.12.16-14.29.30:834][852]LogModuleManager: Shutting down and abandoning module InputCore (68)
[2019.12.16-14.29.30:834][852]LogModuleManager: Shutting down and abandoning module Settings (66)
[2019.12.16-14.29.30:834][852]LogModuleManager: Shutting down and abandoning module PhysXCooking (64)
[2019.12.16-14.29.30:834][852]LogModuleManager: Shutting down and abandoning module SteamVR (62)
[2019.12.16-14.29.30:834][852]LogModuleManager: Shutting down and abandoning module OculusHMD (60)
[2019.12.16-14.29.30:834][852]LogModuleManager: Shutting down and abandoning module ExampleDeviceProfileSelector (58)
[2019.12.16-14.29.30:834][852]LogModuleManager: Shutting down and abandoning module AppleARKit (56)
[2019.12.16-14.29.30:834][852]LogModuleManager: Shutting down and abandoning module AugmentedReality (55)
[2019.12.16-14.29.30:835][852]LogModuleManager: Shutting down and abandoning module OnlineBlueprintSupport (52)
[2019.12.16-14.29.30:835][852]LogModuleManager: Shutting down and abandoning module OnlineSubsystem (48)
[2019.12.16-14.29.30:835][852]LogOnline: Display: OSS: FOnlineSubsystemNull::Shutdown()
[2019.12.16-14.29.30:835][852]LogOnline: Display: OSS: FOnlineAsyncTaskManager::Stop() ActiveTask:0000000000000000 Tasks[0/0]
[2019.12.16-14.29.30:836][852]LogOnline: Display: OSS: FOnlineAsyncTaskManager::Exit() started
[2019.12.16-14.29.30:836][852]LogOnline: Display: OSS: FOnlineAsyncTaskManager::Exit() finished
[2019.12.16-14.29.30:836][852]LogModuleManager: Shutting down and abandoning module XMPP (43)
[2019.12.16-14.29.30:836][852]LogModuleManager: Shutting down and abandoning module HTTP (41)
[2019.12.16-14.29.30:844][852]LogModuleManager: Shutting down and abandoning module SSL (40)
[2019.12.16-14.29.30:846][852]LogModuleManager: Shutting down and abandoning module AnimationModifiers (36)
[2019.12.16-14.29.30:846][852]LogModuleManager: Shutting down and abandoning module PropertyEditor (35)
[2019.12.16-14.29.30:847][852]LogModuleManager: Shutting down and abandoning module AudioEditor (32)
[2019.12.16-14.29.30:847][852]LogModuleManager: Shutting down and abandoning module TextureCompressor (30)
[2019.12.16-14.29.30:847][852]LogModuleManager: Shutting down and abandoning module ShaderCore (28)
[2019.12.16-14.29.30:847][852]LogModuleManager: Shutting down and abandoning module Landscape (26)
[2019.12.16-14.29.30:847][852]LogModuleManager: Shutting down and abandoning module SlateRHIRenderer (24)
[2019.12.16-14.29.30:848][852]LogModuleManager: Shutting down and abandoning module OpenGLDrv (22)
[2019.12.16-14.29.30:848][852]LogModuleManager: Shutting down and abandoning module D3D11RHI (20)
[2019.12.16-14.29.30:848][852]LogModuleManager: Shutting down and abandoning module AnimGraphRuntime (18)
[2019.12.16-14.29.30:848][852]LogModuleManager: Shutting down and abandoning module Renderer (16)
[2019.12.16-14.29.30:848][852]LogModuleManager: Shutting down and abandoning module Engine (14)
[2019.12.16-14.29.30:848][852]LogModuleManager: Shutting down and abandoning module CoreUObject (12)
[2019.12.16-14.29.30:848][852]LogModuleManager: Shutting down and abandoning module NetworkFile (10)
[2019.12.16-14.29.30:848][852]LogModuleManager: Shutting down and abandoning module CookedIterativeFile (8)
[2019.12.16-14.29.30:848][852]LogModuleManager: Shutting down and abandoning module StreamingFile (6)
[2019.12.16-14.29.30:848][852]LogModuleManager: Shutting down and abandoning module SandboxFile (4)
[2019.12.16-14.29.30:848][852]LogModuleManager: Shutting down and abandoning module PakFile (2)
[2019.12.16-14.29.30:860][852]LogExit: Exiting.
[2019.12.16-14.29.30:863][852]Log file closed, 12/16/19 14:29:30
