Log file open, 10/12/19 12:29:29
LogWindows: Failed to load 'aqProf.dll' (GetLastError=126)
LogWindows: File 'aqProf.dll' does not exist
LogWindows: Failed to load 'VtuneApi.dll' (GetLastError=126)
LogWindows: File 'VtuneApi.dll' does not exist
LogWindows: Failed to load 'VtuneApi32e.dll' (GetLastError=126)
LogWindows: File 'VtuneApi32e.dll' does not exist
LogInit: Display: Running engine for game: MasterBuild
LogPlatformFile: Not using cached read wrapper
LogInit: Display: RandInit(1205697992) SRandInit(1205697992).
LogInit: Read version file with build ID '3944462'
LogInit: Overriding engine version to CL 4033788, compatible CL 3944462
LogInit: Registered custom module enumerator with build ID '3944462'
LogTaskGraph: Started task graph with 5 named threads and 23 total threads with 3 sets of task threads.
LogStats: Stats thread started at 1.527710
LogD3D11RHI: Aftermath initialized
LogICUInternationalization: Display: ICU TimeZone Detection - Raw Offset: +0:00, Platform Override: ''
LogPluginManager: Mounting plugin Paper2D
LogPluginManager: Mounting plugin LiveLink
LogPluginManager: Mounting plugin LightPropagationVolume
LogPluginManager: Mounting plugin CLionSourceCodeAccess
LogPluginManager: Mounting plugin CodeLiteSourceCodeAccess
LogPluginManager: Mounting plugin GitSourceControl
LogPluginManager: Mounting plugin KDevelopSourceCodeAccess
LogPluginManager: Mounting plugin NullSourceCodeAccess
LogPluginManager: Mounting plugin PerforceSourceControl
LogPluginManager: Mounting plugin SubversionSourceControl
LogPluginManager: Mounting plugin UObjectPlugin
LogPluginManager: Mounting plugin VisualStudioCodeSourceCodeAccess
LogPluginManager: Mounting plugin VisualStudioSourceCodeAccess
LogPluginManager: Mounting plugin XCodeSourceCodeAccess
LogPluginManager: Mounting plugin AssetManagerEditor
LogPluginManager: Mounting plugin CryptoKeys
LogPluginManager: Mounting plugin DataValidation
LogPluginManager: Mounting plugin FacialAnimation
LogPluginManager: Mounting plugin GameplayTagsEditor
LogPluginManager: Mounting plugin MobileLauncherProfileWizard
LogPluginManager: Mounting plugin PluginBrowser
LogPluginManager: Mounting plugin SpeedTreeImporter
LogPluginManager: Mounting plugin DatasmithContent
LogPluginManager: Mounting plugin AlembicImporter
LogPluginManager: Mounting plugin CharacterAI
LogPluginManager: Mounting plugin HTML5Networking
LogPluginManager: Mounting plugin AndroidMedia
LogPluginManager: Mounting plugin AvfMedia
LogPluginManager: Mounting plugin ImgMedia
LogPluginManager: Mounting plugin LinearTimecode
LogPluginManager: Mounting plugin MediaCompositing
LogPluginManager: Mounting plugin MediaPlayerEditor
LogPluginManager: Mounting plugin WmfMedia
LogPluginManager: Mounting plugin TcpMessaging
LogPluginManager: Mounting plugin UdpMessaging
LogPluginManager: Mounting plugin ActorSequence
LogPluginManager: Mounting plugin LevelSequenceEditor
LogPluginManager: Mounting plugin MatineeToLevelSequence
LogPluginManager: Mounting plugin NetcodeUnitTest
LogPluginManager: Mounting plugin NUTUnrealEngine4
LogPluginManager: Mounting plugin OnlineSubsystemGooglePlay
LogPluginManager: Mounting plugin OnlineSubsystemIOS
LogPluginManager: Mounting plugin OnlineSubsystem
LogPluginManager: Mounting plugin OnlineSubsystemNull
LogPluginManager: Mounting plugin OnlineSubsystemUtils
LogPluginManager: Mounting plugin AndroidDeviceProfileSelector
LogPluginManager: Mounting plugin AndroidMoviePlayer
LogPluginManager: Mounting plugin AndroidPermission
LogPluginManager: Mounting plugin AppleARKit
LogPluginManager: Mounting plugin AppleMoviePlayer
LogPluginManager: Mounting plugin ArchVisCharacter
LogPluginManager: Mounting plugin AudioCapture
LogPluginManager: Mounting plugin CableComponent
LogPluginManager: Mounting plugin CustomMeshComponent
LogPluginManager: Mounting plugin ExampleDeviceProfileSelector
LogPluginManager: Mounting plugin GoogleCloudMessaging
LogPluginManager: Mounting plugin ImmediatePhysics
LogPluginManager: Mounting plugin IOSDeviceProfileSelector
LogPluginManager: Mounting plugin LinuxDeviceProfileSelector
LogPluginManager: Mounting plugin LocationServicesBPLibrary
LogPluginManager: Mounting plugin MobilePatchingUtils
LogPluginManager: Mounting plugin OculusVR
LogPluginManager: Plugin shader directory ../../../Engine/Plugins/Runtime/Oculus/OculusVR/Shaders found
LogPluginManager: Mapping shader source directory ../../../Engine/Plugins/Runtime/Oculus/OculusVR/Shaders to virtual directory /Plugin/OculusVR
LogPluginManager: Mounting plugin PhysXVehicles
LogPluginManager: Mounting plugin ProceduralMeshComponent
LogPluginManager: Mounting plugin RuntimePhysXCooking
LogPluginManager: Mounting plugin SteamVR
LogPluginManager: Mounting plugin WindowsMoviePlayer
LogStreaming: Display: Took  1.041s to configure plugins.
LogModuleManager: Warning: Module file ../../../../../Documents/BetaArcade/MasterBuild/Binaries/Win64/UE4Editor-MasterBuild-9339.dll is missing. This is likely a stale module that must be recompiled.
LogModuleManager: Display: Found up-to-date module file ../../../Engine/Plugins/2D/Paper2D/Binaries/Win64/UE4Editor-Paper2D.dll (API version 3944462).
LogModuleManager: Display: Found up-to-date module file ../../../Engine/Plugins/2D/Paper2D/Binaries/Win64/UE4Editor-Paper2DEditor.dll (API version 3944462).
LogModuleManager: Display: Found up-to-date module file ../../../Engine/Plugins/2D/Paper2D/Binaries/Win64/UE4Editor-PaperSpriteSheetImporter.dll (API version 3944462).
LogModuleManager: Display: Found up-to-date module file ../../../Engine/Plugins/2D/Paper2D/Binaries/Win64/UE4Editor-PaperTiledImporter.dll (API version 3944462).
LogModuleManager: Display: Found up-to-date module file ../../../Engine/Plugins/2D/Paper2D/Binaries/Win64/UE4Editor-SmartSnapping.dll (API version 3944462).
LogModuleManager: Display: Found up-to-date module file ../../../Engine/Plugins/Animation/LiveLink/Binaries/Win64/UE4Editor-LiveLink.dll (API version 3944462).
LogModuleManager: Display: Found up-to-date module file ../../../Engine/Plugins/Animation/LiveLink/Binaries/Win64/UE4Editor-LiveLinkEditor.dll (API version 3944462).
LogModuleManager: Display: Found up-to-date module file ../../../Engine/Plugins/Blendables/LightPropagationVolume/Binaries/Win64/UE4Editor-LightPropagationVolumeRuntime.dll (API version 3944462).
LogModuleManager: Display: Found up-to-date module file ../../../Engine/Plugins/Blendables/LightPropagationVolume/Binaries/Win64/UE4Editor-LightPropagationVolumeEditor.dll (API version 3944462).
LogModuleManager: Display: Found up-to-date module file ../../../Engine/Plugins/Developer/CLionSourceCodeAccess/Binaries/Win64/UE4Editor-CLionSourceCodeAccess.dll (API version 3944462).
LogModuleManager: Display: Found up-to-date module file ../../../Engine/Plugins/Developer/GitSourceControl/Binaries/Win64/UE4Editor-GitSourceControl.dll (API version 3944462).
LogModuleManager: Display: Found up-to-date module file ../../../Engine/Plugins/Developer/PerforceSourceControl/Binaries/Win64/UE4Editor-PerforceSourceControl.dll (API version 3944462).
LogModuleManager: Display: Found up-to-date module file ../../../Engine/Plugins/Developer/SubversionSourceControl/Binaries/Win64/UE4Editor-SubversionSourceControl.dll (API version 3944462).
LogModuleManager: Display: Found up-to-date module file ../../../Engine/Plugins/Developer/UObjectPlugin/Binaries/Win64/UE4Editor-UObjectPlugin.dll (API version 3944462).
LogModuleManager: Display: Found up-to-date module file ../../../Engine/Plugins/Developer/VisualStudioCodeSourceCodeAccess/Binaries/Win64/UE4Editor-VisualStudioCodeSourceCodeAccess.dll (API version 3944462).
LogModuleManager: Display: Found up-to-date module file ../../../Engine/Plugins/Developer/VisualStudioSourceCodeAccess/Binaries/Win64/UE4Editor-VisualStudioSourceCodeAccess.dll (API version 3944462).
LogModuleManager: Display: Found up-to-date module file ../../../Engine/Plugins/Editor/AssetManagerEditor/Binaries/Win64/UE4Editor-AssetManagerEditor.dll (API version 3944462).
LogModuleManager: Display: Found up-to-date module file ../../../Engine/Plugins/Editor/CryptoKeys/Binaries/Win64/UE4Editor-CryptoKeys.dll (API version 3944462).
LogModuleManager: Display: Found up-to-date module file ../../../Engine/Plugins/Editor/CryptoKeys/Binaries/Win64/UE4Editor-CryptoKeysOpenSSL.dll (API version 3944462).
LogModuleManager: Display: Found up-to-date module file ../../../Engine/Plugins/Editor/DataValidation/Binaries/Win64/UE4Editor-DataValidation.dll (API version 3944462).
LogModuleManager: Display: Found up-to-date module file ../../../Engine/Plugins/Editor/FacialAnimation/Binaries/Win64/UE4Editor-FacialAnimation.dll (API version 3944462).
LogModuleManager: Display: Found up-to-date module file ../../../Engine/Plugins/Editor/FacialAnimation/Binaries/Win64/UE4Editor-FacialAnimationEditor.dll (API version 3944462).
LogModuleManager: Display: Found up-to-date module file ../../../Engine/Plugins/Editor/GameplayTagsEditor/Binaries/Win64/UE4Editor-GameplayTagsEditor.dll (API version 3944462).
LogModuleManager: Display: Found up-to-date module file ../../../Engine/Plugins/Editor/MobileLauncherProfileWizard/Binaries/Win64/UE4Editor-MobileLauncherProfileWizard.dll (API version 3944462).
LogModuleManager: Display: Found up-to-date module file ../../../Engine/Plugins/Editor/PluginBrowser/Binaries/Win64/UE4Editor-PluginBrowser.dll (API version 3944462).
LogModuleManager: Display: Found up-to-date module file ../../../Engine/Plugins/Editor/SpeedTreeImporter/Binaries/Win64/UE4Editor-SpeedTreeImporter.dll (API version 3944462).
LogModuleManager: Display: Found up-to-date module file ../../../Engine/Plugins/Enterprise/DatasmithContent/Binaries/Win64/UE4Editor-DatasmithContent.dll (API version 3944462).
LogModuleManager: Display: Found up-to-date module file ../../../Engine/Plugins/Experimental/AlembicImporter/Binaries/Win64/UE4Editor-AlembicImporter.dll (API version 3944462).
LogModuleManager: Display: Found up-to-date module file ../../../Engine/Plugins/Experimental/AlembicImporter/Binaries/Win64/UE4Editor-AlembicLibrary.dll (API version 3944462).
LogModuleManager: Display: Found up-to-date module file ../../../Engine/Plugins/Experimental/CharacterAI/Binaries/Win64/UE4Editor-CharacterAI.dll (API version 3944462).
LogModuleManager: Display: Found up-to-date module file ../../../Engine/Plugins/Experimental/HTML5Networking/Binaries/Win64/UE4Editor-HTML5Networking.dll (API version 3944462).
LogModuleManager: Display: Found up-to-date module file ../../../Engine/Plugins/Media/AndroidMedia/Binaries/Win64/UE4Editor-AndroidMediaEditor.dll (API version 3944462).
LogModuleManager: Display: Found up-to-date module file ../../../Engine/Plugins/Media/AndroidMedia/Binaries/Win64/UE4Editor-AndroidMediaFactory.dll (API version 3944462).
LogModuleManager: Display: Found up-to-date module file ../../../Engine/Plugins/Media/AvfMedia/Binaries/Win64/UE4Editor-AvfMediaEditor.dll (API version 3944462).
LogModuleManager: Display: Found up-to-date module file ../../../Engine/Plugins/Media/AvfMedia/Binaries/Win64/UE4Editor-AvfMediaFactory.dll (API version 3944462).
LogModuleManager: Display: Found up-to-date module file ../../../Engine/Plugins/Media/AvfMedia/Binaries/Win64/UE4Editor-AvfMediaFactory.dll (API version 3944462).
LogModuleManager: Display: Found up-to-date module file ../../../Engine/Plugins/Media/ImgMedia/Binaries/Win64/UE4Editor-ImgMedia.dll (API version 3944462).
LogModuleManager: Display: Found up-to-date module file ../../../Engine/Plugins/Media/ImgMedia/Binaries/Win64/UE4Editor-ImgMediaEditor.dll (API version 3944462).
LogModuleManager: Display: Found up-to-date module file ../../../Engine/Plugins/Media/ImgMedia/Binaries/Win64/UE4Editor-ImgMediaFactory.dll (API version 3944462).
LogModuleManager: Display: Found up-to-date module file ../../../Engine/Plugins/Media/ImgMedia/Binaries/Win64/UE4Editor-ImgMediaFactory.dll (API version 3944462).
LogModuleManager: Display: Found up-to-date module file ../../../Engine/Plugins/Media/ImgMedia/Binaries/Win64/UE4Editor-OpenExrWrapper.dll (API version 3944462).
LogModuleManager: Display: Found up-to-date module file ../../../Engine/Plugins/Media/LinearTimecode/Binaries/Win64/UE4Editor-LinearTimecode.dll (API version 3944462).
LogModuleManager: Display: Found up-to-date module file ../../../Engine/Plugins/Media/MediaCompositing/Binaries/Win64/UE4Editor-MediaCompositing.dll (API version 3944462).
LogModuleManager: Display: Found up-to-date module file ../../../Engine/Plugins/Media/MediaCompositing/Binaries/Win64/UE4Editor-MediaCompositingEditor.dll (API version 3944462).
LogModuleManager: Display: Found up-to-date module file ../../../Engine/Plugins/Media/MediaPlayerEditor/Binaries/Win64/UE4Editor-MediaPlayerEditor.dll (API version 3944462).
LogModuleManager: Display: Found up-to-date module file ../../../Engine/Plugins/Media/WmfMedia/Binaries/Win64/UE4Editor-WmfMedia.dll (API version 3944462).
LogModuleManager: Display: Found up-to-date module file ../../../Engine/Plugins/Media/WmfMedia/Binaries/Win64/UE4Editor-WmfMediaEditor.dll (API version 3944462).
LogModuleManager: Display: Found up-to-date module file ../../../Engine/Plugins/Media/WmfMedia/Binaries/Win64/UE4Editor-WmfMediaFactory.dll (API version 3944462).
LogModuleManager: Display: Found up-to-date module file ../../../Engine/Plugins/Media/WmfMedia/Binaries/Win64/UE4Editor-WmfMediaFactory.dll (API version 3944462).
LogModuleManager: Display: Found up-to-date module file ../../../Engine/Plugins/Messaging/TcpMessaging/Binaries/Win64/UE4Editor-TcpMessaging.dll (API version 3944462).
LogModuleManager: Display: Found up-to-date module file ../../../Engine/Plugins/Messaging/UdpMessaging/Binaries/Win64/UE4Editor-UdpMessaging.dll (API version 3944462).
LogModuleManager: Display: Found up-to-date module file ../../../Engine/Plugins/MovieScene/ActorSequence/Binaries/Win64/UE4Editor-ActorSequence.dll (API version 3944462).
LogModuleManager: Display: Found up-to-date module file ../../../Engine/Plugins/MovieScene/LevelSequenceEditor/Binaries/Win64/UE4Editor-LevelSequenceEditor.dll (API version 3944462).
LogModuleManager: Display: Found up-to-date module file ../../../Engine/Plugins/MovieScene/MatineeToLevelSequence/Binaries/Win64/UE4Editor-MatineeToLevelSequence.dll (API version 3944462).
LogModuleManager: Display: Found up-to-date module file ../../../Engine/Plugins/NetcodeUnitTest/NetcodeUnitTest/Binaries/Win64/UE4Editor-NetcodeUnitTest.dll (API version 3944462).
LogModuleManager: Display: Found up-to-date module file ../../../Engine/Plugins/NetcodeUnitTest/NUTUnrealEngine4/Binaries/Win64/UE4Editor-NUTUnrealEngine4.dll (API version 3944462).
LogModuleManager: Display: Found up-to-date module file ../../../Engine/Plugins/Online/OnlineSubsystem/Binaries/Win64/UE4Editor-OnlineSubsystem.dll (API version 3944462).
LogModuleManager: Display: Found up-to-date module file ../../../Engine/Plugins/Online/OnlineSubsystemNull/Binaries/Win64/UE4Editor-OnlineSubsystemNull.dll (API version 3944462).
LogModuleManager: Display: Found up-to-date module file ../../../Engine/Plugins/Online/OnlineSubsystemUtils/Binaries/Win64/UE4Editor-OnlineSubsystemUtils.dll (API version 3944462).
LogModuleManager: Display: Found up-to-date module file ../../../Engine/Plugins/Online/OnlineSubsystemUtils/Binaries/Win64/UE4Editor-OnlineBlueprintSupport.dll (API version 3944462).
LogModuleManager: Display: Found up-to-date module file ../../../Engine/Plugins/Runtime/AndroidDeviceProfileSelector/Binaries/Win64/UE4Editor-AndroidDeviceProfileSelector.dll (API version 3944462).
LogModuleManager: Display: Found up-to-date module file ../../../Engine/Plugins/Runtime/AndroidPermission/Binaries/Win64/UE4Editor-AndroidPermission.dll (API version 3944462).
LogModuleManager: Display: Found up-to-date module file ../../../Engine/Plugins/Runtime/AppleARKit/Binaries/Win64/UE4Editor-AppleARKit.dll (API version 3944462).
LogModuleManager: Display: Found up-to-date module file ../../../Engine/Plugins/Runtime/ArchVisCharacter/Binaries/Win64/UE4Editor-ArchVisCharacter.dll (API version 3944462).
LogModuleManager: Display: Found up-to-date module file ../../../Engine/Plugins/Runtime/AudioCapture/Binaries/Win64/UE4Editor-AudioCapture.dll (API version 3944462).
LogModuleManager: Display: Found up-to-date module file ../../../Engine/Plugins/Runtime/AudioCapture/Binaries/Win64/UE4Editor-AudioCaptureEditor.dll (API version 3944462).
LogModuleManager: Display: Found up-to-date module file ../../../Engine/Plugins/Runtime/CableComponent/Binaries/Win64/UE4Editor-CableComponent.dll (API version 3944462).
LogModuleManager: Display: Found up-to-date module file ../../../Engine/Plugins/Runtime/CustomMeshComponent/Binaries/Win64/UE4Editor-CustomMeshComponent.dll (API version 3944462).
LogModuleManager: Display: Found up-to-date module file ../../../Engine/Plugins/Runtime/ExampleDeviceProfileSelector/Binaries/Win64/UE4Editor-ExampleDeviceProfileSelector.dll (API version 3944462).
LogModuleManager: Display: Found up-to-date module file ../../../Engine/Plugins/Runtime/ImmediatePhysics/Binaries/Win64/UE4Editor-ImmediatePhysics.dll (API version 3944462).
LogModuleManager: Display: Found up-to-date module file ../../../Engine/Plugins/Runtime/ImmediatePhysics/Binaries/Win64/UE4Editor-ImmediatePhysicsEditor.dll (API version 3944462).
LogModuleManager: Display: Found up-to-date module file ../../../Engine/Plugins/Runtime/LocationServicesBPLibrary/Binaries/Win64/UE4Editor-LocationServicesBPLibrary.dll (API version 3944462).
LogModuleManager: Display: Found up-to-date module file ../../../Engine/Plugins/Runtime/MobilePatchingUtils/Binaries/Win64/UE4Editor-MobilePatchingUtils.dll (API version 3944462).
LogModuleManager: Display: Found up-to-date module file ../../../Engine/Plugins/Runtime/Oculus/OculusVR/Binaries/Win64/UE4Editor-OculusHMD.dll (API version 3944462).
LogModuleManager: Display: Found up-to-date module file ../../../Engine/Plugins/Runtime/Oculus/OculusVR/Binaries/Win64/UE4Editor-OculusInput.dll (API version 3944462).
LogModuleManager: Display: Found up-to-date module file ../../../Engine/Plugins/Runtime/Oculus/OculusVR/Binaries/Win64/UE4Editor-OculusEditor.dll (API version 3944462).
LogModuleManager: Display: Found up-to-date module file ../../../Engine/Plugins/Runtime/PhysXVehicles/Binaries/Win64/UE4Editor-PhysXVehicles.dll (API version 3944462).
LogModuleManager: Display: Found up-to-date module file ../../../Engine/Plugins/Runtime/PhysXVehicles/Binaries/Win64/UE4Editor-PhysXVehiclesEditor.dll (API version 3944462).
LogModuleManager: Display: Found up-to-date module file ../../../Engine/Plugins/Runtime/ProceduralMeshComponent/Binaries/Win64/UE4Editor-ProceduralMeshComponent.dll (API version 3944462).
LogModuleManager: Display: Found up-to-date module file ../../../Engine/Plugins/Runtime/ProceduralMeshComponent/Binaries/Win64/UE4Editor-ProceduralMeshComponentEditor.dll (API version 3944462).
LogModuleManager: Display: Found up-to-date module file ../../../Engine/Plugins/Runtime/RuntimePhysXCooking/Binaries/Win64/UE4Editor-RuntimePhysXCooking.dll (API version 3944462).
LogModuleManager: Display: Found up-to-date module file ../../../Engine/Plugins/Runtime/Steam/SteamVR/Binaries/Win64/UE4Editor-SteamVR.dll (API version 3944462).
LogModuleManager: Display: Found up-to-date module file ../../../Engine/Plugins/Runtime/Steam/SteamVR/Binaries/Win64/UE4Editor-SteamVRController.dll (API version 3944462).
LogModuleManager: Display: Found up-to-date module file ../../../Engine/Plugins/Runtime/WindowsMoviePlayer/Binaries/Win64/UE4Editor-WindowsMoviePlayer.dll (API version 3944462).
LogInit: Warning: Incompatible or missing module: UE4Editor-MasterBuild.dll
Running D:/UE4/UE_4.19/Engine/Binaries/DotNET/UnrealBuildTool.exe MasterBuild Development Win64 -project="D:/Documents/BetaArcade/MasterBuild/MasterBuild.uproject" -editorrecompile -progress -NoHotReloadFromIDE
Performing full C++ include scan (building a new target)
Using 'git status' to determine working set for adaptive non-unity build.
Creating makefile for MasterBuild (no existing makefile)
@progress push 5%
@progress pop
Deleting old hot reload file: "D:\Documents\BetaArcade\MasterBuild\Binaries\Win64\UE4Editor-MasterBuild-1541.dll".
Deleting old hot reload file: "D:\Documents\BetaArcade\MasterBuild\Binaries\Win64\UE4Editor-MasterBuild-1541.pdb".
Deleting old hot reload file: "D:\Documents\BetaArcade\MasterBuild\Binaries\Win64\UE4Editor-MasterBuild-3223.dll".
Deleting old hot reload file: "D:\Documents\BetaArcade\MasterBuild\Binaries\Win64\UE4Editor-MasterBuild-3223.pdb".
Deleting old hot reload file: "D:\Documents\BetaArcade\MasterBuild\Binaries\Win64\UE4Editor-MasterBuild-5102.dll".
Deleting old hot reload file: "D:\Documents\BetaArcade\MasterBuild\Binaries\Win64\UE4Editor-MasterBuild-5102.pdb".
Deleting old hot reload file: "D:\Documents\BetaArcade\MasterBuild\Binaries\Win64\UE4Editor-MasterBuild-6122.dll".
Deleting old hot reload file: "D:\Documents\BetaArcade\MasterBuild\Binaries\Win64\UE4Editor-MasterBuild-6122.pdb".
Performing 2 actions (4 in parallel)
[1/2] Link UE4Editor-MasterBuild.dll
[2/2] Link UE4Editor-MasterBuild.lib
   Creating library D:\Documents\BetaArcade\MasterBuild\Intermediate\Build\Win64\UE4Editor\Development\UE4Editor-MasterBuild.lib and object D:\Documents\BetaArcade\MasterBuild\Intermediate\Build\Win64\UE4Editor\Development\UE4Editor-MasterBuild.exp
   Creating library D:\Documents\BetaArcade\MasterBuild\Intermediate\Build\Win64\UE4Editor\Development\UE4Editor-MasterBuild.suppressed.lib and object D:\Documents\BetaArcade\MasterBuild\Intermediate\Build\Win64\UE4Editor\Development\UE4Editor-MasterBuild.suppressed.exp
Total build time: 114.06 seconds (Local executor: 3.63 seconds)
LogModuleManager: Display: Found up-to-date module file ../../../../../Documents/BetaArcade/MasterBuild/Binaries/Win64/UE4Editor-MasterBuild.dll (API version 3944462).
LogModuleManager: Display: Found up-to-date module file ../../../Engine/Plugins/2D/Paper2D/Binaries/Win64/UE4Editor-Paper2D.dll (API version 3944462).
LogModuleManager: Display: Found up-to-date module file ../../../Engine/Plugins/2D/Paper2D/Binaries/Win64/UE4Editor-Paper2DEditor.dll (API version 3944462).
LogModuleManager: Display: Found up-to-date module file ../../../Engine/Plugins/2D/Paper2D/Binaries/Win64/UE4Editor-PaperSpriteSheetImporter.dll (API version 3944462).
LogModuleManager: Display: Found up-to-date module file ../../../Engine/Plugins/2D/Paper2D/Binaries/Win64/UE4Editor-PaperTiledImporter.dll (API version 3944462).
LogModuleManager: Display: Found up-to-date module file ../../../Engine/Plugins/2D/Paper2D/Binaries/Win64/UE4Editor-SmartSnapping.dll (API version 3944462).
LogModuleManager: Display: Found up-to-date module file ../../../Engine/Plugins/Animation/LiveLink/Binaries/Win64/UE4Editor-LiveLink.dll (API version 3944462).
LogModuleManager: Display: Found up-to-date module file ../../../Engine/Plugins/Animation/LiveLink/Binaries/Win64/UE4Editor-LiveLinkEditor.dll (API version 3944462).
LogModuleManager: Display: Found up-to-date module file ../../../Engine/Plugins/Blendables/LightPropagationVolume/Binaries/Win64/UE4Editor-LightPropagationVolumeRuntime.dll (API version 3944462).
LogModuleManager: Display: Found up-to-date module file ../../../Engine/Plugins/Blendables/LightPropagationVolume/Binaries/Win64/UE4Editor-LightPropagationVolumeEditor.dll (API version 3944462).
LogModuleManager: Display: Found up-to-date module file ../../../Engine/Plugins/Developer/CLionSourceCodeAccess/Binaries/Win64/UE4Editor-CLionSourceCodeAccess.dll (API version 3944462).
LogModuleManager: Display: Found up-to-date module file ../../../Engine/Plugins/Developer/GitSourceControl/Binaries/Win64/UE4Editor-GitSourceControl.dll (API version 3944462).
LogModuleManager: Display: Found up-to-date module file ../../../Engine/Plugins/Developer/PerforceSourceControl/Binaries/Win64/UE4Editor-PerforceSourceControl.dll (API version 3944462).
LogModuleManager: Display: Found up-to-date module file ../../../Engine/Plugins/Developer/SubversionSourceControl/Binaries/Win64/UE4Editor-SubversionSourceControl.dll (API version 3944462).
LogModuleManager: Display: Found up-to-date module file ../../../Engine/Plugins/Developer/UObjectPlugin/Binaries/Win64/UE4Editor-UObjectPlugin.dll (API version 3944462).
LogModuleManager: Display: Found up-to-date module file ../../../Engine/Plugins/Developer/VisualStudioCodeSourceCodeAccess/Binaries/Win64/UE4Editor-VisualStudioCodeSourceCodeAccess.dll (API version 3944462).
LogModuleManager: Display: Found up-to-date module file ../../../Engine/Plugins/Developer/VisualStudioSourceCodeAccess/Binaries/Win64/UE4Editor-VisualStudioSourceCodeAccess.dll (API version 3944462).
LogModuleManager: Display: Found up-to-date module file ../../../Engine/Plugins/Editor/AssetManagerEditor/Binaries/Win64/UE4Editor-AssetManagerEditor.dll (API version 3944462).
LogModuleManager: Display: Found up-to-date module file ../../../Engine/Plugins/Editor/CryptoKeys/Binaries/Win64/UE4Editor-CryptoKeys.dll (API version 3944462).
LogModuleManager: Display: Found up-to-date module file ../../../Engine/Plugins/Editor/CryptoKeys/Binaries/Win64/UE4Editor-CryptoKeysOpenSSL.dll (API version 3944462).
LogModuleManager: Display: Found up-to-date module file ../../../Engine/Plugins/Editor/DataValidation/Binaries/Win64/UE4Editor-DataValidation.dll (API version 3944462).
LogModuleManager: Display: Found up-to-date module file ../../../Engine/Plugins/Editor/FacialAnimation/Binaries/Win64/UE4Editor-FacialAnimation.dll (API version 3944462).
LogModuleManager: Display: Found up-to-date module file ../../../Engine/Plugins/Editor/FacialAnimation/Binaries/Win64/UE4Editor-FacialAnimationEditor.dll (API version 3944462).
LogModuleManager: Display: Found up-to-date module file ../../../Engine/Plugins/Editor/GameplayTagsEditor/Binaries/Win64/UE4Editor-GameplayTagsEditor.dll (API version 3944462).
LogModuleManager: Display: Found up-to-date module file ../../../Engine/Plugins/Editor/MobileLauncherProfileWizard/Binaries/Win64/UE4Editor-MobileLauncherProfileWizard.dll (API version 3944462).
LogModuleManager: Display: Found up-to-date module file ../../../Engine/Plugins/Editor/PluginBrowser/Binaries/Win64/UE4Editor-PluginBrowser.dll (API version 3944462).
LogModuleManager: Display: Found up-to-date module file ../../../Engine/Plugins/Editor/SpeedTreeImporter/Binaries/Win64/UE4Editor-SpeedTreeImporter.dll (API version 3944462).
LogModuleManager: Display: Found up-to-date module file ../../../Engine/Plugins/Enterprise/DatasmithContent/Binaries/Win64/UE4Editor-DatasmithContent.dll (API version 3944462).
LogModuleManager: Display: Found up-to-date module file ../../../Engine/Plugins/Experimental/AlembicImporter/Binaries/Win64/UE4Editor-AlembicImporter.dll (API version 3944462).
LogModuleManager: Display: Found up-to-date module file ../../../Engine/Plugins/Experimental/AlembicImporter/Binaries/Win64/UE4Editor-AlembicLibrary.dll (API version 3944462).
LogModuleManager: Display: Found up-to-date module file ../../../Engine/Plugins/Experimental/CharacterAI/Binaries/Win64/UE4Editor-CharacterAI.dll (API version 3944462).
LogModuleManager: Display: Found up-to-date module file ../../../Engine/Plugins/Experimental/HTML5Networking/Binaries/Win64/UE4Editor-HTML5Networking.dll (API version 3944462).
LogModuleManager: Display: Found up-to-date module file ../../../Engine/Plugins/Media/AndroidMedia/Binaries/Win64/UE4Editor-AndroidMediaEditor.dll (API version 3944462).
LogModuleManager: Display: Found up-to-date module file ../../../Engine/Plugins/Media/AndroidMedia/Binaries/Win64/UE4Editor-AndroidMediaFactory.dll (API version 3944462).
LogModuleManager: Display: Found up-to-date module file ../../../Engine/Plugins/Media/AvfMedia/Binaries/Win64/UE4Editor-AvfMediaEditor.dll (API version 3944462).
LogModuleManager: Display: Found up-to-date module file ../../../Engine/Plugins/Media/AvfMedia/Binaries/Win64/UE4Editor-AvfMediaFactory.dll (API version 3944462).
LogModuleManager: Display: Found up-to-date module file ../../../Engine/Plugins/Media/AvfMedia/Binaries/Win64/UE4Editor-AvfMediaFactory.dll (API version 3944462).
LogModuleManager: Display: Found up-to-date module file ../../../Engine/Plugins/Media/ImgMedia/Binaries/Win64/UE4Editor-ImgMedia.dll (API version 3944462).
LogModuleManager: Display: Found up-to-date module file ../../../Engine/Plugins/Media/ImgMedia/Binaries/Win64/UE4Editor-ImgMediaEditor.dll (API version 3944462).
LogModuleManager: Display: Found up-to-date module file ../../../Engine/Plugins/Media/ImgMedia/Binaries/Win64/UE4Editor-ImgMediaFactory.dll (API version 3944462).
LogModuleManager: Display: Found up-to-date module file ../../../Engine/Plugins/Media/ImgMedia/Binaries/Win64/UE4Editor-ImgMediaFactory.dll (API version 3944462).
LogModuleManager: Display: Found up-to-date module file ../../../Engine/Plugins/Media/ImgMedia/Binaries/Win64/UE4Editor-OpenExrWrapper.dll (API version 3944462).
LogModuleManager: Display: Found up-to-date module file ../../../Engine/Plugins/Media/LinearTimecode/Binaries/Win64/UE4Editor-LinearTimecode.dll (API version 3944462).
LogModuleManager: Display: Found up-to-date module file ../../../Engine/Plugins/Media/MediaCompositing/Binaries/Win64/UE4Editor-MediaCompositing.dll (API version 3944462).
LogModuleManager: Display: Found up-to-date module file ../../../Engine/Plugins/Media/MediaCompositing/Binaries/Win64/UE4Editor-MediaCompositingEditor.dll (API version 3944462).
LogModuleManager: Display: Found up-to-date module file ../../../Engine/Plugins/Media/MediaPlayerEditor/Binaries/Win64/UE4Editor-MediaPlayerEditor.dll (API version 3944462).
LogModuleManager: Display: Found up-to-date module file ../../../Engine/Plugins/Media/WmfMedia/Binaries/Win64/UE4Editor-WmfMedia.dll (API version 3944462).
LogModuleManager: Display: Found up-to-date module file ../../../Engine/Plugins/Media/WmfMedia/Binaries/Win64/UE4Editor-WmfMediaEditor.dll (API version 3944462).
LogModuleManager: Display: Found up-to-date module file ../../../Engine/Plugins/Media/WmfMedia/Binaries/Win64/UE4Editor-WmfMediaFactory.dll (API version 3944462).
LogModuleManager: Display: Found up-to-date module file ../../../Engine/Plugins/Media/WmfMedia/Binaries/Win64/UE4Editor-WmfMediaFactory.dll (API version 3944462).
LogModuleManager: Display: Found up-to-date module file ../../../Engine/Plugins/Messaging/TcpMessaging/Binaries/Win64/UE4Editor-TcpMessaging.dll (API version 3944462).
LogModuleManager: Display: Found up-to-date module file ../../../Engine/Plugins/Messaging/UdpMessaging/Binaries/Win64/UE4Editor-UdpMessaging.dll (API version 3944462).
LogModuleManager: Display: Found up-to-date module file ../../../Engine/Plugins/MovieScene/ActorSequence/Binaries/Win64/UE4Editor-ActorSequence.dll (API version 3944462).
LogModuleManager: Display: Found up-to-date module file ../../../Engine/Plugins/MovieScene/LevelSequenceEditor/Binaries/Win64/UE4Editor-LevelSequenceEditor.dll (API version 3944462).
LogModuleManager: Display: Found up-to-date module file ../../../Engine/Plugins/MovieScene/MatineeToLevelSequence/Binaries/Win64/UE4Editor-MatineeToLevelSequence.dll (API version 3944462).
LogModuleManager: Display: Found up-to-date module file ../../../Engine/Plugins/NetcodeUnitTest/NetcodeUnitTest/Binaries/Win64/UE4Editor-NetcodeUnitTest.dll (API version 3944462).
LogModuleManager: Display: Found up-to-date module file ../../../Engine/Plugins/NetcodeUnitTest/NUTUnrealEngine4/Binaries/Win64/UE4Editor-NUTUnrealEngine4.dll (API version 3944462).
LogModuleManager: Display: Found up-to-date module file ../../../Engine/Plugins/Online/OnlineSubsystem/Binaries/Win64/UE4Editor-OnlineSubsystem.dll (API version 3944462).
LogModuleManager: Display: Found up-to-date module file ../../../Engine/Plugins/Online/OnlineSubsystemNull/Binaries/Win64/UE4Editor-OnlineSubsystemNull.dll (API version 3944462).
LogModuleManager: Display: Found up-to-date module file ../../../Engine/Plugins/Online/OnlineSubsystemUtils/Binaries/Win64/UE4Editor-OnlineSubsystemUtils.dll (API version 3944462).
LogModuleManager: Display: Found up-to-date module file ../../../Engine/Plugins/Online/OnlineSubsystemUtils/Binaries/Win64/UE4Editor-OnlineBlueprintSupport.dll (API version 3944462).
LogModuleManager: Display: Found up-to-date module file ../../../Engine/Plugins/Runtime/AndroidDeviceProfileSelector/Binaries/Win64/UE4Editor-AndroidDeviceProfileSelector.dll (API version 3944462).
LogModuleManager: Display: Found up-to-date module file ../../../Engine/Plugins/Runtime/AndroidPermission/Binaries/Win64/UE4Editor-AndroidPermission.dll (API version 3944462).
LogModuleManager: Display: Found up-to-date module file ../../../Engine/Plugins/Runtime/AppleARKit/Binaries/Win64/UE4Editor-AppleARKit.dll (API version 3944462).
LogModuleManager: Display: Found up-to-date module file ../../../Engine/Plugins/Runtime/ArchVisCharacter/Binaries/Win64/UE4Editor-ArchVisCharacter.dll (API version 3944462).
LogModuleManager: Display: Found up-to-date module file ../../../Engine/Plugins/Runtime/AudioCapture/Binaries/Win64/UE4Editor-AudioCapture.dll (API version 3944462).
LogModuleManager: Display: Found up-to-date module file ../../../Engine/Plugins/Runtime/AudioCapture/Binaries/Win64/UE4Editor-AudioCaptureEditor.dll (API version 3944462).
LogModuleManager: Display: Found up-to-date module file ../../../Engine/Plugins/Runtime/CableComponent/Binaries/Win64/UE4Editor-CableComponent.dll (API version 3944462).
LogModuleManager: Display: Found up-to-date module file ../../../Engine/Plugins/Runtime/CustomMeshComponent/Binaries/Win64/UE4Editor-CustomMeshComponent.dll (API version 3944462).
LogModuleManager: Display: Found up-to-date module file ../../../Engine/Plugins/Runtime/ExampleDeviceProfileSelector/Binaries/Win64/UE4Editor-ExampleDeviceProfileSelector.dll (API version 3944462).
LogModuleManager: Display: Found up-to-date module file ../../../Engine/Plugins/Runtime/ImmediatePhysics/Binaries/Win64/UE4Editor-ImmediatePhysics.dll (API version 3944462).
LogModuleManager: Display: Found up-to-date module file ../../../Engine/Plugins/Runtime/ImmediatePhysics/Binaries/Win64/UE4Editor-ImmediatePhysicsEditor.dll (API version 3944462).
LogModuleManager: Display: Found up-to-date module file ../../../Engine/Plugins/Runtime/LocationServicesBPLibrary/Binaries/Win64/UE4Editor-LocationServicesBPLibrary.dll (API version 3944462).
LogModuleManager: Display: Found up-to-date module file ../../../Engine/Plugins/Runtime/MobilePatchingUtils/Binaries/Win64/UE4Editor-MobilePatchingUtils.dll (API version 3944462).
LogModuleManager: Display: Found up-to-date module file ../../../Engine/Plugins/Runtime/Oculus/OculusVR/Binaries/Win64/UE4Editor-OculusHMD.dll (API version 3944462).
LogModuleManager: Display: Found up-to-date module file ../../../Engine/Plugins/Runtime/Oculus/OculusVR/Binaries/Win64/UE4Editor-OculusInput.dll (API version 3944462).
LogModuleManager: Display: Found up-to-date module file ../../../Engine/Plugins/Runtime/Oculus/OculusVR/Binaries/Win64/UE4Editor-OculusEditor.dll (API version 3944462).
LogModuleManager: Display: Found up-to-date module file ../../../Engine/Plugins/Runtime/PhysXVehicles/Binaries/Win64/UE4Editor-PhysXVehicles.dll (API version 3944462).
LogModuleManager: Display: Found up-to-date module file ../../../Engine/Plugins/Runtime/PhysXVehicles/Binaries/Win64/UE4Editor-PhysXVehiclesEditor.dll (API version 3944462).
LogModuleManager: Display: Found up-to-date module file ../../../Engine/Plugins/Runtime/ProceduralMeshComponent/Binaries/Win64/UE4Editor-ProceduralMeshComponent.dll (API version 3944462).
LogModuleManager: Display: Found up-to-date module file ../../../Engine/Plugins/Runtime/ProceduralMeshComponent/Binaries/Win64/UE4Editor-ProceduralMeshComponentEditor.dll (API version 3944462).
LogModuleManager: Display: Found up-to-date module file ../../../Engine/Plugins/Runtime/RuntimePhysXCooking/Binaries/Win64/UE4Editor-RuntimePhysXCooking.dll (API version 3944462).
LogModuleManager: Display: Found up-to-date module file ../../../Engine/Plugins/Runtime/Steam/SteamVR/Binaries/Win64/UE4Editor-SteamVR.dll (API version 3944462).
LogModuleManager: Display: Found up-to-date module file ../../../Engine/Plugins/Runtime/Steam/SteamVR/Binaries/Win64/UE4Editor-SteamVRController.dll (API version 3944462).
LogModuleManager: Display: Found up-to-date module file ../../../Engine/Plugins/Runtime/WindowsMoviePlayer/Binaries/Win64/UE4Editor-WindowsMoviePlayer.dll (API version 3944462).
LogInit: Using libcurl 7.47.1
LogInit:  - built for x86_64-pc-win32
LogInit:  - supports SSL with OpenSSL/1.0.2g
LogInit:  - supports HTTP deflate (compression) using libz 1.2.8
LogInit:  - other features:
LogInit:      CURL_VERSION_SSL
LogInit:      CURL_VERSION_LIBZ
LogInit:      CURL_VERSION_IPV6
LogInit:      CURL_VERSION_ASYNCHDNS
LogInit:      CURL_VERSION_LARGEFILE
LogInit:      CURL_VERSION_IDN
LogInit:  CurlRequestOptions (configurable via config and command line):
LogInit:  - bVerifyPeer = false  - Libcurl will NOT verify peer certificate
LogInit:  - bUseHttpProxy = false  - Libcurl will NOT use HTTP proxy
LogInit:  - bDontReuseConnections = false  - Libcurl will reuse connections
LogInit:  - CertBundlePath = nullptr  - Libcurl will use whatever was configured at build time.
LogInit:  - MaxHostConnections = 16  - Libcurl will limit the number of connections to a host
LogInit:  - LocalHostAddr = Default
LogInit: WinSock: version 1.1 (2.2), MaxSocks=32767, MaxUdp=65467
LogInit: WinSock: I am LAPTOP-OQTU4Q1V (192.168.0.22:0)
LogInit: Build: ++UE4+Release-4.19-CL-4033788
LogInit: Engine Version: 4.19.2-4033788+++UE4+Release-4.19
LogInit: Compatible Engine Version: 4.19.0-3944462+++UE4+Release-4.19
LogInit: Net CL: 3944462
LogDevObjectVersion: Number of dev versions registered: 18
LogDevObjectVersion:   Dev-Blueprints (B0D832E4-1F89-4F0D-ACCF-7EB736FD4AA2): 10
LogDevObjectVersion:   Dev-Build (E1C64328-A22C-4D53-A36C-8E866417BD8C): 0
LogDevObjectVersion:   Dev-Core (375EC13C-06E4-48FB-B500-84F0262A717E): 2
LogDevObjectVersion:   Dev-Editor (E4B068ED-F494-42E9-A231-DA0B2E46BB41): 23
LogDevObjectVersion:   Dev-Framework (CFFC743F-43B0-4480-9391-14DF171D2073): 33
LogDevObjectVersion:   Dev-Mobile (B02B49B5-BB20-44E9-A304-32B752E40360): 2
LogDevObjectVersion:   Dev-Networking (A4E4105C-59A1-49B5-A7C5-40C4547EDFEE): 0
LogDevObjectVersion:   Dev-Online (39C831C9-5AE6-47DC-9A44-9C173E1C8E7C): 0
LogDevObjectVersion:   Dev-Physics (78F01B33-EBEA-4F98-B9B4-84EACCB95AA2): 0
LogDevObjectVersion:   Dev-Platform (6631380F-2D4D-43E0-8009-CF276956A95A): 0
LogDevObjectVersion:   Dev-Rendering (12F88B9F-8875-4AFC-A67C-D90C383ABD29): 25
LogDevObjectVersion:   Dev-Sequencer (7B5AE74C-D270-4C10-A958-57980B212A5A): 6
LogDevObjectVersion:   Dev-VR (D7296918-1DD6-4BDD-9DE2-64A83CC13884): 1
LogDevObjectVersion:   Dev-LoadTimes (C2A15278-BFE7-4AFE-6C17-90FF531DF755): 1
LogDevObjectVersion:   Private-Geometry (6EACA3D4-40EC-4CC1-B786-8BED09428FC5): 2
LogDevObjectVersion:   Dev-AnimPhys (29E575DD-E0A3-4627-9D10-D276232CDCEA): 16
LogDevObjectVersion:   Dev-ReflectionCapture (6B266CEC-1EC7-4B8F-A30B-E4D90942FC07): 1
LogDevObjectVersion:   Dev-Automation (0DF73D61-A23F-47EA-B727-89E90C41499A): 1
LogInit: Compiled (64-bit): Apr 27 2018 02:06:57
LogInit: Compiled with Visual C++: 19.00.24215.01
LogInit: Build Configuration: Development
LogInit: Branch Name: ++UE4+Release-4.19
LogInit: Command Line:  
LogInit: Base Directory: D:/UE4/UE_4.19/Engine/Binaries/Win64/
LogInit: Installed Engine Build: 1
LogStreaming: Display: Took  0.042s to delete old logs.
LogInit: Presizing for max 8388607 objects, including 0 objects not considered by GC, pre-allocating 0 bytes for permanent pool.
LogInit: Object subsystem initialized
[2019.10.12-11.31.46:201][  0]LogInit: Selected Device Profile: [Windows]
[2019.10.12-11.31.46:201][  0]LogInit: Applying CVar settings loaded from the selected device profile: [Windows]
[2019.10.12-11.31.46:505][  0]LogInit: Computer: LAPTOP-OQTU4Q1V
[2019.10.12-11.31.46:505][  0]LogInit: User: jsimo
[2019.10.12-11.31.46:505][  0]LogInit: CPU Page size=4096, Cores=4
[2019.10.12-11.31.46:505][  0]LogInit: High frequency timer resolution =10.000000 MHz
[2019.10.12-11.31.46:524][  0]LogMemory: Memory total: Physical=7.9GB (8GB approx)
[2019.10.12-11.31.46:524][  0]LogMemory: Platform Memory Stats for Windows
[2019.10.12-11.31.46:524][  0]LogMemory: Process Physical Memory: 278.82 MB used, 278.82 MB peak
[2019.10.12-11.31.46:524][  0]LogMemory: Process Virtual Memory: 265.25 MB used, 265.25 MB peak
[2019.10.12-11.31.46:524][  0]LogMemory: Physical Memory: 5208.07 MB used,  2904.05 MB free, 8112.13 MB total
[2019.10.12-11.31.46:524][  0]LogMemory: Virtual Memory: 4813.23 MB used,  2904.05 MB free, 134217728.00 MB total
[2019.10.12-11.31.48:323][  0]LogInit: Using OS detected language (en-GB).
[2019.10.12-11.31.48:323][  0]LogInit: Using OS detected locale (en-GB).
[2019.10.12-11.31.48:945][  0]LogTextLocalizationManager: No specific localization for 'en-GB' exists, so the 'en' localization will be used.
[2019.10.12-11.31.51:145][  0]LogStreaming: Display: Took  2.824s to EndInitTextLocalization.
[2019.10.12-11.31.51:191][  0]LogInit: Setting process to per monitor DPI aware
[2019.10.12-11.31.52:377][  0]LogSlate: New Slate User Created.  User Index 0, Is Virtual User: 0
[2019.10.12-11.31.52:378][  0]LogSlate: Slate User Registered.  User Index 0, Is Virtual User: 0
[2019.10.12-11.31.57:678][  0]LogD3D11RHI: D3D11 adapters:
[2019.10.12-11.31.57:783][  0]LogD3D11RHI:    0. 'NVIDIA GeForce GTX 1060' (Feature Level 11_0)
[2019.10.12-11.31.57:783][  0]LogD3D11RHI:       2987/0/4056 MB DedicatedVideo/DedicatedSystem/SharedSystem, Outputs:1, VendorId:0x10de
[2019.10.12-11.31.57:786][  0]LogD3D11RHI:    1. 'Microsoft Basic Render Driver' (Feature Level 11_0)
[2019.10.12-11.31.57:786][  0]LogD3D11RHI:       0/0/4056 MB DedicatedVideo/DedicatedSystem/SharedSystem, Outputs:0, VendorId:0x1414
[2019.10.12-11.31.57:786][  0]LogD3D11RHI: Chosen D3D11 Adapter: 0
[2019.10.12-11.31.57:821][  0]LogD3D11RHI: Creating new Direct3DDevice
[2019.10.12-11.31.57:821][  0]LogD3D11RHI:     GPU DeviceId: 0x1c60 (for the marketing name, search the web for "GPU Device Id")
[2019.10.12-11.31.57:821][  0]LogWindows: EnumDisplayDevices:
[2019.10.12-11.31.57:821][  0]LogWindows:    0. 'NVIDIA GeForce GTX 1060' (P:1 D:1)
[2019.10.12-11.31.57:822][  0]LogWindows:    1. 'NVIDIA GeForce GTX 1060' (P:0 D:0)
[2019.10.12-11.31.57:822][  0]LogWindows:    2. 'NVIDIA GeForce GTX 1060' (P:0 D:0)
[2019.10.12-11.31.57:822][  0]LogWindows:    3. 'NVIDIA GeForce GTX 1060' (P:0 D:0)
[2019.10.12-11.31.57:822][  0]LogWindows: DebugString: GetVideoDriverDetailsInvalid PrimaryIsNotTheChoosenAdapter GetVideoDriverDetailsInvalid PrimaryIsNotTheChoosenAdapter GetVideoDriverDetailsInvalid PrimaryIsNotTheChoosenAdapter GetVideoDriverDetailsInvalid PrimaryIsNotTheChoosenAdapter FoundDriverCount:0 
[2019.10.12-11.31.57:822][  0]LogD3D11RHI:     Adapter Name: NVIDIA GeForce GTX 1060
[2019.10.12-11.31.57:822][  0]LogD3D11RHI:   Driver Version: Unknown (internal:Unknown, unified:Unknown)
[2019.10.12-11.31.57:822][  0]LogD3D11RHI:      Driver Date: Unknown
[2019.10.12-11.31.57:823][  0]LogRHI: Texture pool is 2090 MB (70% of 2987 MB)
[2019.10.12-11.31.57:878][  0]LogD3D11RHI: [Aftermath] Aftermath enabled and primed
[2019.10.12-11.31.57:878][  0]LogD3D11RHI: [Aftermath] Aftermath enabled and primed
[2019.10.12-11.31.57:878][  0]LogD3D11RHI: Async texture creation enabled
[2019.10.12-11.31.58:456][  0]LogD3D11RHI: GPU Timing Frequency: 1000.000000 (Debug: 2 1)
[2019.10.12-11.31.58:672][  0]LogShaderCompilers: Guid format shader working directory is -1 characters bigger than the processId version (../../../../../Documents/BetaArcade/MasterBuild/Intermediate/Shaders/WorkingDirectory/8704/).
[2019.10.12-11.31.58:676][  0]LogShaderCompilers: Cleaned the shader compiler working directory 'C:/Users/jsimo/AppData/Local/Temp/UnrealShaderWorkingDir/60D3BC5648082D038AABC88CFBB32194/'.
[2019.10.12-11.31.59:646][  0]LogTemp: Display: Loaded TP AllDesktopTargetPlatform
[2019.10.12-11.31.59:671][  0]LogTemp: Display: Loaded TP MacClientTargetPlatform
[2019.10.12-11.31.59:701][  0]LogTemp: Display: Loaded TP MacNoEditorTargetPlatform
[2019.10.12-11.31.59:730][  0]LogTemp: Display: Loaded TP MacServerTargetPlatform
[2019.10.12-11.31.59:769][  0]LogTemp: Display: Loaded TP MacTargetPlatform
[2019.10.12-11.31.59:791][  0]LogTemp: Display: Loaded TP WindowsClientTargetPlatform
[2019.10.12-11.31.59:820][  0]LogTemp: Display: Loaded TP WindowsNoEditorTargetPlatform
[2019.10.12-11.31.59:846][  0]LogTemp: Display: Loaded TP WindowsServerTargetPlatform
[2019.10.12-11.31.59:882][  0]LogTemp: Display: Loaded TP WindowsTargetPlatform
[2019.10.12-11.31.59:915][  0]LogTemp: Display: Loaded TP Android_ASTCTargetPlatform
[2019.10.12-11.31.59:949][  0]LogTemp: Display: Loaded TP Android_ATCTargetPlatform
[2019.10.12-11.31.59:985][  0]LogTemp: Display: Loaded TP Android_DXTTargetPlatform
[2019.10.12-11.32.00:013][  0]LogTemp: Display: Loaded TP Android_ETC1aTargetPlatform
[2019.10.12-11.32.00:048][  0]LogTemp: Display: Loaded TP Android_ETC1TargetPlatform
[2019.10.12-11.32.00:103][  0]LogTemp: Display: Loaded TP Android_ETC2TargetPlatform
[2019.10.12-11.32.00:181][  0]LogTemp: Display: Loaded TP Android_MultiTargetPlatform
[2019.10.12-11.32.00:181][  0]LogTemp: Display: Loaded TP Android_PVRTCTargetPlatform
[2019.10.12-11.32.00:233][  0]LogTemp: Display: Loaded TP AndroidTargetPlatform
[2019.10.12-11.32.00:253][  0]LogTemp: Display: Loaded TP HTML5TargetPlatform
[2019.10.12-11.32.00:437][  0]LogTemp: Display: Loaded TP IOSTargetPlatform
[2019.10.12-11.32.00:477][  0]LogTemp: Display: Loaded TP TVOSTargetPlatform
[2019.10.12-11.32.00:499][  0]LogTemp: Display: Loaded TP LinuxClientTargetPlatform
[2019.10.12-11.32.00:540][  0]LogTemp: Display: Loaded TP LinuxNoEditorTargetPlatform
[2019.10.12-11.32.00:574][  0]LogTemp: Display: Loaded TP LinuxServerTargetPlatform
[2019.10.12-11.32.00:609][  0]LogTemp: Display: Loaded TP LinuxTargetPlatform
[2019.10.12-11.32.00:609][  0]LogTargetPlatformManager: Display: Building Assets For Windows
[2019.10.12-11.32.02:650][  0]LogXGEController: Cleaning working directory: C:/Users/jsimo/AppData/Local/Temp/UnrealXGEWorkingDir/
[2019.10.12-11.32.02:650][  0]LogXGEController: Cannot use XGE Controller as Incredibuild is not installed on this machine.
[2019.10.12-11.32.02:667][  0]LogShaderCompilers: Cannot use XGE Shader Compiler as Incredibuild is not installed on this machine.
[2019.10.12-11.32.02:667][  0]LogShaderCompilers: Display: Using Local Shader Compiler.
[2019.10.12-11.32.08:351][  0]LogDerivedDataCache: Display: Max Cache Size: 512 MB
[2019.10.12-11.32.08:913][  0]LogDerivedDataCache: Loaded boot cache 0.56s 77MB C:/Users/jsimo/AppData/Local/UnrealEngine/4.19/DerivedDataCache/Boot.ddc.
[2019.10.12-11.32.08:913][  0]LogDerivedDataCache: Display: Loaded Boot cache: C:/Users/jsimo/AppData/Local/UnrealEngine/4.19/DerivedDataCache/Boot.ddc
[2019.10.12-11.32.08:913][  0]LogDerivedDataCache: FDerivedDataBackendGraph:  Pak pak cache file ../../../../../Documents/BetaArcade/MasterBuild/DerivedDataCache/DDC.ddp not found, will not use a pak cache.
[2019.10.12-11.32.08:913][  0]LogDerivedDataCache: Unable to find inner node Pak for hierarchical cache Hierarchy.
[2019.10.12-11.32.08:913][  0]LogDerivedDataCache: FDerivedDataBackendGraph:  CompressedPak pak cache file ../../../../../Documents/BetaArcade/MasterBuild/DerivedDataCache/Compressed.ddp not found, will not use a pak cache.
[2019.10.12-11.32.08:913][  0]LogDerivedDataCache: Unable to find inner node CompressedPak for hierarchical cache Hierarchy.
[2019.10.12-11.32.08:985][  0]LogDerivedDataCache: Display: Pak cache opened for reading ../../../Engine/DerivedDataCache/Compressed.ddp.
[2019.10.12-11.32.08:998][  0]LogDerivedDataCache: Using Local data cache path C:/Users/jsimo/AppData/Local/UnrealEngine/Common/DerivedDataCache: Writable
[2019.10.12-11.32.08:998][  0]LogDerivedDataCache: Shared data cache path not found in *engine.ini, will not use an Shared cache.
[2019.10.12-11.32.08:998][  0]LogDerivedDataCache: Unable to find inner node Shared for hierarchical cache Hierarchy.
[2019.10.12-11.32.09:069][  0]LogMaterial: Verifying Global Shaders for PCD3D_SM5
[2019.10.12-11.32.09:094][  0]LogSlate: Using Freetype 2.6.0
[2019.10.12-11.32.09:162][  0]LogSlate: SlateFontCache - WITH_FREETYPE: 1, WITH_HARFBUZZ: 1
[2019.10.12-11.32.09:162][  0]LogSlate: SlateFontCache - WITH_FREETYPE: 1, WITH_HARFBUZZ: 1
[2019.10.12-11.32.14:763][  0]LogAssetRegistry: FAssetRegistry took 0.0438 seconds to start up
[2019.10.12-11.32.18:998][  0]LogInit: Selected Device Profile: [Windows]
[2019.10.12-11.32.20:383][  0]LogSimplygon: Simplygon DLL not present - disabling.
[2019.10.12-11.32.20:405][  0]LogMeshReduction: Using SimplygonSwarm for distributed automatic mesh merging
[2019.10.12-11.32.20:405][  0]LogMeshReduction: Using QuadricMeshReduction for automatic static mesh reduction
[2019.10.12-11.32.20:405][  0]LogMeshReduction: No automatic skeletal mesh reduction module available
[2019.10.12-11.32.20:405][  0]LogMeshReduction: No automatic mesh merging module available
[2019.10.12-11.32.20:405][  0]LogMeshMerging: No automatic mesh merging module available
[2019.10.12-11.32.20:825][  0]LogNetVersion: MasterBuild , NetCL: 3944462, EngineNetVer: 2, GameNetVer: 0 (Checksum: 2426174287)
[2019.10.12-11.32.26:892][  0]LogPackageLocalizationCache: Processed 9 localized package path(s) for 2 prioritized culture(s) in 0.150916 seconds
[2019.10.12-11.32.26:934][  0]LogUObjectArray: 36728 objects as part of root set at end of initial load.
[2019.10.12-11.32.26:934][  0]LogUObjectAllocator: 7314312 out of 0 bytes used by permanent object pool.
[2019.10.12-11.32.26:934][  0]LogUObjectArray: CloseDisregardForGC: 0/0 objects in disregard for GC pool
[2019.10.12-11.33.13:296][  0]LogTcpMessaging: Initializing TcpMessaging bridge
[2019.10.12-11.33.13:392][  0]LogUdpMessaging: Initializing bridge on interface 0.0.0.0:0 to multicast group 230.0.0.1:6666.
[2019.10.12-11.33.15:096][  0]LogUObjectGlobals: Created PersistentFrame Addr=0x000002817b555380, Size=64, Default__ThirdPerson_AnimBP_C Function /Game/Mannequin/Animations/ThirdPerson_AnimBP.ThirdPerson_AnimBP_C:ExecuteUbergraph_ThirdPerson_AnimBP
[2019.10.12-11.33.15:303][  0]LogUObjectGlobals: Destroyed PersistentFrame Addr=0x000002817b555380, Size=64
[2019.10.12-11.33.15:303][  0]LogUObjectGlobals: Created PersistentFrame Addr=0x000002817b671980, Size=64, Default__ThirdPerson_AnimBP_C Function /Engine/Transient.REINST_ThirdPerson_AnimBP_C_0:ExecuteUbergraph_ThirdPerson_AnimBP
[2019.10.12-11.33.15:392][  0]LogUObjectGlobals: Created PersistentFrame Addr=0x000002817b1e9da0, Size=72, Default__ThirdPerson_AnimBP_C Function /Game/Mannequin/Animations/ThirdPerson_AnimBP.ThirdPerson_AnimBP_C:ExecuteUbergraph_ThirdPerson_AnimBP
[2019.10.12-11.33.16:014][  0]LogSkeletalMesh: Skeletal Mesh found in DDC [14.375800ms] /Game/Mannequin/Character/Mesh/SK_Mannequin.SK_Mannequin
[2019.10.12-11.33.16:772][  0]SourceControl: Source control is disabled
[2019.10.12-11.33.16:772][  0]SourceControl: Source control is disabled
[2019.10.12-11.33.16:871][  0]SourceControl: Source control is disabled
[2019.10.12-11.33.16:918][  0]SourceControl: Source control is disabled
[2019.10.12-11.33.18:462][  0]LogAndroidPermission: UAndroidPermissionCallbackProxy::GetInstance
[2019.10.12-11.33.18:937][  0]LogOcInput: OculusInput pre-init called
[2019.10.12-11.33.19:803][  0]LogEngine: Initializing Engine...
[2019.10.12-11.33.19:864][  0]LogHMD: Failed to initialize OpenVR with code 102
[2019.10.12-11.33.19:912][  0]LogStats: UGameplayTagsManager::ConstructGameplayTagTree: Construct from data asset -  0.000 s
[2019.10.12-11.33.19:915][  0]LogStats: UGameplayTagsManager::ConstructGameplayTagTree: GameplayTagTreeChangedEvent.Broadcast -  0.000 s
[2019.10.12-11.33.21:396][  0]LogAIModule: Creating AISystem for world Untitled
[2019.10.12-11.33.21:625][  0]LogInit: XAudio2 using 'Speaker / Headphone (Realtek(R) Audio)' : 2 channels at 48 kHz using 32 bits per sample (channel mask 0x3)
[2019.10.12-11.33.22:359][  0]LogInit: FAudioDevice initialized.
[2019.10.12-11.33.22:523][  0]LogDerivedDataCache: Saved boot cache 0.14s 77MB C:/Users/jsimo/AppData/Local/UnrealEngine/4.19/DerivedDataCache/Boot.ddc.
[2019.10.12-11.33.22:546][  0]LogInit: Texture streaming: Enabled
[2019.10.12-11.33.22:718][  0]LogEngineSessionManager: EngineSessionManager initialized
[2019.10.12-11.33.22:918][  0]LogInit: Transaction tracking system initialized
[2019.10.12-11.33.23:374][  0]BlueprintLog: New page: Editor Load
[2019.10.12-11.33.24:941][  0]LocalizationService: Localization service is disabled
[2019.10.12-11.33.25:989][  0]LogConsoleResponse: Display: 
[2019.10.12-11.33.28:028][  0]LogFileCache: Scanning file cache for directory 'D:/Documents/BetaArcade/MasterBuild/Content/' took 0.03s
[2019.10.12-11.33.28:028][  0]LogCook: Display: Max memory allowance for cook 16384mb min free memory 0mb
[2019.10.12-11.33.28:038][  0]LogCook: Display: Mobile HDR setting 1
[2019.10.12-11.33.28:053][  0]LogGameplayTags: Display: UGameplayTagsManager::DoneAddingNativeTags. DelegateIsBound: 0
[2019.10.12-11.33.28:054][  0]LogStats: UGameplayTagsManager::ConstructGameplayTagTree: Construct from data asset -  0.000 s
[2019.10.12-11.33.28:054][  0]LogStats: UGameplayTagsManager::ConstructGameplayTagTree: GameplayTagTreeChangedEvent.Broadcast -  0.000 s
[2019.10.12-11.33.30:654][  0]SourceControl: Source control is disabled
[2019.10.12-11.33.30:688][  0]Cmd: MAP LOAD FILE="../../../../../Documents/BetaArcade/MasterBuild/Content/ThirdPersonCPP/Maps/ThirdPersonExampleMap.umap" TEMPLATE=0 SHOWPROGRESS=1 FEATURELEVEL=3
[2019.10.12-11.33.30:735][  0]LightingResults: New page: Lighting Build
[2019.10.12-11.33.31:150][  0]MapCheck: New page: Map Check
[2019.10.12-11.33.31:150][  0]LightingResults: New page: Lighting Build
[2019.10.12-11.33.31:643][  0]LogUObjectGlobals: Destroyed PersistentFrame Addr=0x000002817b671980, Size=64
[2019.10.12-11.33.34:106][  0]LogUObjectGlobals: Created PersistentFrame Addr=0x0000028102cc0920, Size=32, Default__ThirdPersonExampleMap_C Function /Game/ThirdPersonCPP/Maps/ThirdPersonExampleMap.ThirdPersonExampleMap_C:ExecuteUbergraph_ThirdPersonExampleMap
[2019.10.12-11.33.34:125][  0]LogUObjectGlobals: Destroyed PersistentFrame Addr=0x0000028102cc0920, Size=32
[2019.10.12-11.33.34:125][  0]LogUObjectGlobals: Created PersistentFrame Addr=0x0000028102cc0920, Size=32, Default__ThirdPersonExampleMap_C Function /Engine/Transient.REINST_ThirdPersonExampleMap_C_6:ExecuteUbergraph_ThirdPersonExampleMap
[2019.10.12-11.33.34:199][  0]LogUObjectGlobals: Created PersistentFrame Addr=0x0000028102cc1680, Size=32, Default__ThirdPersonExampleMap_C Function /Game/ThirdPersonCPP/Maps/ThirdPersonExampleMap.ThirdPersonExampleMap_C:ExecuteUbergraph_ThirdPersonExampleMap
[2019.10.12-11.33.35:317][  0]LogAIModule: Creating AISystem for world ThirdPersonExampleMap
[2019.10.12-11.33.36:458][  0]LogEditorServer: Finished looking for orphan Actors (0.000 secs)
[2019.10.12-11.33.36:686][  0]LogUObjectGlobals: Destroyed PersistentFrame Addr=0x0000028102cc0920, Size=32
[2019.10.12-11.33.36:786][  0]Cmd: MAP CHECKDEP NOCLEARLOG
[2019.10.12-11.33.36:884][  0]MapCheck: Map check complete: 0 Error(s), 0 Warning(s), took 94.973ms to complete.
[2019.10.12-11.33.36:884][  0]LogFileHelpers: Loading map 'ThirdPersonExampleMap' took 6.206
[2019.10.12-11.33.41:512][  0]LogCollectionManager: Loaded 0 collections in 0.001606 seconds
[2019.10.12-11.33.41:728][  0]LogFileCache: Scanning file cache for directory 'D:/Documents/BetaArcade/MasterBuild/Saved/Collections/' took 0.01s
[2019.10.12-11.33.41:728][  0]LogFileCache: Scanning file cache for directory 'D:/Documents/BetaArcade/MasterBuild/Content/Developers/jsimo/Collections/' took 0.01s
[2019.10.12-11.33.41:728][  0]LogFileCache: Scanning file cache for directory 'D:/Documents/BetaArcade/MasterBuild/Content/Collections/' took 0.01s
[2019.10.12-11.33.41:728][  0]LogCollectionManager: Rebuilt the GUID cache for 0 collections in 0.000001 seconds
[2019.10.12-11.33.41:785][  0]LogContentBrowser: Native class hierarchy populated in 0.0464 seconds. Added 2455 classes and 561 folders.
[2019.10.12-11.33.41:982][  0]LogContentBrowser: Native class hierarchy updated for 'WidgetCarousel' in 0.0011 seconds. Added 0 classes and 0 folders.
[2019.10.12-11.33.43:424][  0]LogContentBrowser: Native class hierarchy updated for 'AddContentDialog' in 0.0010 seconds. Added 0 classes and 0 folders.
[2019.10.12-11.33.43:505][  0]LogContentBrowser: Native class hierarchy updated for 'SceneOutliner' in 0.0013 seconds. Added 1 classes and 2 folders.
[2019.10.12-11.33.51:702][  0]LogTemp: Executing iPhonePackager certificates Engine -bundlename com.YourCompany.MasterBuild
[2019.10.12-11.33.51:702][  0]LogTemp: CWD: D:\UE4\UE_4.19\Engine\Binaries\DotNET\IOS
[2019.10.12-11.33.51:702][  0]LogTemp: Initial Dir: D:\UE4\UE_4.19
[2019.10.12-11.33.51:702][  0]LogTemp: Env CWD: D:\UE4\UE_4.19\Engine\Binaries\DotNET\IOS
[2019.10.12-11.33.51:702][  0]LogTemp: BranchPath = LAPTOP-OQTU4Q1V/D/UE4/UE_4.19/Engine/Binaries --- GameBranchPath = LAPTOP-OQTU4Q1V/D/UE4/UE_4.19/Engine/Binaries
[2019.10.12-11.33.51:702][  0]LogTemp: IPP ERROR: Could not find provision directory 'C:\Users\jsimo\AppData\Local/Apple Computer/MobileDevice/Provisioning Profiles/'.
[2019.10.12-11.33.51:702][  0]LogSlate: Only BGRA pngs, bmps or icos are supported in by External Image Picker
[2019.10.12-11.33.51:996][  0]LogSlate: Took 0.012086 seconds to synchronously load lazily loaded font '../../../Engine/Content/Slate/Fonts/Roboto-Regular.ttf' (155K)
[2019.10.12-11.33.52:139][  0]LogSlate: Took 0.114716 seconds to synchronously load lazily loaded font '../../../Engine/Content/Slate/Fonts/Roboto-Bold.ttf' (160K)
[2019.10.12-11.33.52:299][  0]LogSlate: Took 0.011718 seconds to synchronously load lazily loaded font '../../../Engine/Content/Editor/Slate/Fonts/FontAwesome.ttf' (139K)
[2019.10.12-11.33.53:302][  0]LogRenderer: Reallocating scene render targets to support 1208x576 Format 10 NumSamples 1 (Frame:1).
[2019.10.12-11.33.54:879][  0]LogContentBrowser: Native class hierarchy updated for 'HierarchicalLODOutliner' in 0.0011 seconds. Added 0 classes and 0 folders.
[2019.10.12-11.33.54:879][  0]LogLoad: (Engine Initialization) Total time: 280.04 seconds
[2019.10.12-11.33.54:879][  0]LogLoad: (Engine Initialization) Total Blueprint compile time: 0.00 seconds
[2019.10.12-11.33.55:585][  0]LogContentStreaming: Texture pool size now 1000 MB
[2019.10.12-11.33.56:346][  2]LogSlate: Took 0.018083 seconds to synchronously load lazily loaded font '../../../Engine/Content/Slate/Fonts/Roboto-Light.ttf' (167K)
[2019.10.12-11.33.56:379][  3]LogAssetRegistry: Asset discovery search completed in 101.6489 seconds
[2019.10.12-11.33.56:403][  3]LogCollectionManager: Rebuilt the object cache for 0 collections in 0.000001 seconds (found 0 objects)
[2019.10.12-11.33.56:403][  3]LogCollectionManager: Fixed up redirectors for 0 collections in 0.013683 seconds (updated 0 objects)
[2019.10.12-11.33.59:913][199]LogSlate: Took 0.000166 seconds to synchronously load lazily loaded font '../../../Engine/Content/Slate/Fonts/Roboto-Light.ttf' (167K)
[2019.10.12-11.34.55:451][483]LogSlate: FSceneViewport::OnFocusLost() reason 0
[2019.10.12-11.34.57:328][489]LogContentBrowser: Native class hierarchy updated for 'BlueprintGraph' in 0.0013 seconds. Added 116 classes and 0 folders.
[2019.10.12-11.34.57:903][489]LogUObjectGlobals: Created PersistentFrame Addr=0x000002811bd105e0, Size=4, Default__SKEL_PROTO_BP_AnimBlueprint_0_C Function /Engine/Transient.SKEL_PROTO_BP_AnimBlueprint_0_C:ExecuteUbergraph_PROTO_BP_AnimBlueprint_0
[2019.10.12-11.34.57:906][489]LogUObjectGlobals: Created PersistentFrame Addr=0x000002811bd105d8, Size=4, Default__PROTO_BP_AnimBlueprint_0_C Function /Engine/Transient.PROTO_BP_AnimBlueprint_0_C:ExecuteUbergraph_PROTO_BP_AnimBlueprint_0
[2019.10.12-11.35.04:607][682]LogSlate: Took 0.014573 seconds to synchronously load lazily loaded font '../../../Engine/Content/Slate/Fonts/Roboto-BoldCondensed.ttf' (158K)
[2019.10.12-11.35.08:752][874]LogSlate: Window 'WolfGameMode_BP' being destroyed
[2019.10.12-11.35.16:432][308]LogActorComponent: UnregisterComponent: (/Engine/Transient.EditorFloorComp) Not registered. Aborting.
[2019.10.12-11.35.17:791][382]LogActorComponent: UnregisterComponent: (/Engine/Transient.EditorFloorComp) Not registered. Aborting.
[2019.10.12-11.35.17:994][382]LogSlate: Took 0.067871 seconds to synchronously load lazily loaded font '../../../Engine/Content/Slate/Fonts/DroidSansMono.ttf' (77K)
[2019.10.12-11.35.32:891][ 92]LogVSAccessor: Warning: Visual Studio is open but could not be queried - it may be blocked by a modal operation
[2019.10.12-11.43.35:414][672]Candidate modules for hot reload:
[2019.10.12-11.43.35:414][672]  MasterBuild
[2019.10.12-11.43.35:415][672]Launching UnrealBuildTool... [D:/UE4/UE_4.19/Engine/Binaries/DotNET/UnrealBuildTool.exe MasterBuild -ModuleWithSuffix=MasterBuild,3636 Win64 Development -editorrecompile -canskiplink "D:/Documents/BetaArcade/MasterBuild/MasterBuild.uproject" ]
[2019.10.12-11.43.35:632][672]Warning: Starting HotReload took  0.4s.
[2019.10.12-11.44.27:734][611]CompilerResultsLog: New page: Compilation - 12 Oct 2019 13:44:27
[2019.10.12-11.44.27:736][611]CompilerResultsLog: Using 'git status' to determine working set for adaptive non-unity build.
[2019.10.12-11.44.27:737][611]CompilerResultsLog: Creating makefile for hot reloading MasterBuild (ini files are newer than UBTMakefile)
[2019.10.12-11.44.27:737][611]CompilerResultsLog: Compiling game modules for hot reload
[2019.10.12-11.44.27:737][611]LogMainFrame: MainFrame: Module compiling took 52.451 seconds
[2019.10.12-11.44.27:737][611]Warning: HotReload failed, recompile failed
[2019.10.12-11.44.28:987][753]Candidate modules for hot reload:
[2019.10.12-11.44.28:987][753]  MasterBuild
[2019.10.12-11.44.28:987][753]Launching UnrealBuildTool... [D:/UE4/UE_4.19/Engine/Binaries/DotNET/UnrealBuildTool.exe MasterBuild -ModuleWithSuffix=MasterBuild,3768 Win64 Development -editorrecompile -canskiplink "D:/Documents/BetaArcade/MasterBuild/MasterBuild.uproject" ]
[2019.10.12-11.44.28:997][753]Warning: Starting HotReload took  0.0s.
[2019.10.12-11.46.59:794][155]LogEditorViewport: Clicking on Actor (LMB): BP_Sky_Sphere_C (SkySphereBlueprint)
[2019.10.12-11.47.04:469][443]LogSlate: FSceneViewport::OnFocusLost() reason 2
[2019.10.12-11.47.10:581][156]LogSlate: FSceneViewport::OnFocusLost() reason 0
[2019.10.12-11.51.15:589][545]CompilerResultsLog: New page: Compilation - 12 Oct 2019 13:51:15
[2019.10.12-11.51.15:589][545]CompilerResultsLog: Using 'git status' to determine working set for adaptive non-unity build.
[2019.10.12-11.51.15:590][545]CompilerResultsLog: Creating makefile for hot reloading MasterBuild (ini files are newer than UBTMakefile)
[2019.10.12-11.51.15:590][545]CompilerResultsLog: Compiling game modules for hot reload
[2019.10.12-11.51.15:590][545]CompilerResultsLog: Performing full C++ include scan (no include cache file)
[2019.10.12-11.51.15:590][545]CompilerResultsLog: Parsing headers for MasterBuildEditor
[2019.10.12-11.51.15:590][545]CompilerResultsLog:   Running UnrealHeaderTool "D:\Documents\BetaArcade\MasterBuild\MasterBuild.uproject" "D:\Documents\BetaArcade\MasterBuild\Intermediate\Build\Win64\MasterBuildEditor\Development\MasterBuildEditor.uhtmanifest" -LogCmds="loginit warning, logexit warning, logdatabase error" -Unattended -WarningsAsErrors -installed
[2019.10.12-11.51.15:592][545]CompilerResultsLog: Reflection code generated for MasterBuildEditor in 23.0384787 seconds
[2019.10.12-11.51.15:592][545]CompilerResultsLog: Performing 4 actions (4 in parallel)
[2019.10.12-11.51.15:592][545]CompilerResultsLog: Char_Wolf.gen.cpp
[2019.10.12-11.51.15:592][545]CompilerResultsLog: Char_Wolf.cpp
[2019.10.12-11.51.15:592][545]CompilerResultsLog: [3/4] Link UE4Editor-MasterBuild-3768.dll
[2019.10.12-11.51.15:592][545]CompilerResultsLog: [4/4] Link UE4Editor-MasterBuild-3768.lib
[2019.10.12-11.51.15:592][545]CompilerResultsLog:    Creating library D:\Documents\BetaArcade\MasterBuild\Intermediate\Build\Win64\UE4Editor\Development\UE4Editor-MasterBuild-3768.lib and object D:\Documents\BetaArcade\MasterBuild\Intermediate\Build\Win64\UE4Editor\Development\UE4Editor-MasterBuild-3768.exp
[2019.10.12-11.51.15:593][545]CompilerResultsLog:    Creating library D:\Documents\BetaArcade\MasterBuild\Intermediate\Build\Win64\UE4Editor\Development\UE4Editor-MasterBuild-3768.suppressed.lib and object D:\Documents\BetaArcade\MasterBuild\Intermediate\Build\Win64\UE4Editor\Development\UE4Editor-MasterBuild-3768.suppressed.exp
[2019.10.12-11.51.15:593][545]CompilerResultsLog: Total build time: 406.28 seconds (Local executor: 333.06 seconds)
[2019.10.12-11.51.15:593][545]LogMainFrame: MainFrame: Module compiling took 406.612 seconds
[2019.10.12-11.51.16:250][545]LogContentBrowser: Native class hierarchy updated for 'MasterBuild' in 0.0268 seconds. Added 3 classes and 3 folders.
[2019.10.12-11.51.16:253][545]Display: HotReload successful (0 functions remapped  0 scriptstructs remapped)
[2019.10.12-11.51.17:748][545]LogContentBrowser: Native class hierarchy populated in 0.0085 seconds. Added 2456 classes and 563 folders.
[2019.10.12-11.51.18:295][545]Display: HotReload took 409.3s.
[2019.10.12-11.51.39:435][ 19]Candidate modules for hot reload:
[2019.10.12-11.51.39:435][ 19]  MasterBuild
[2019.10.12-11.51.39:435][ 19]Launching UnrealBuildTool... [D:/UE4/UE_4.19/Engine/Binaries/DotNET/UnrealBuildTool.exe MasterBuild -ModuleWithSuffix=MasterBuild,39 Win64 Development -editorrecompile -canskiplink "D:/Documents/BetaArcade/MasterBuild/MasterBuild.uproject" ]
[2019.10.12-11.51.39:485][ 19]Warning: Starting HotReload took  0.1s.
[2019.10.12-11.51.43:596][505]CompilerResultsLog: New page: Compilation - 12 Oct 2019 13:51:43
[2019.10.12-11.51.43:596][505]CompilerResultsLog: Using 'git status' to determine working set for adaptive non-unity build.
[2019.10.12-11.51.43:596][505]CompilerResultsLog: Compiling game modules for hot reload
[2019.10.12-11.51.43:597][505]CompilerResultsLog: Target is up to date
[2019.10.12-11.51.43:597][505]CompilerResultsLog: Total build time: 2.85 seconds (NoActionsToExecute executor: 0.00 seconds)
[2019.10.12-11.51.43:597][505]LogMainFrame: MainFrame: Module compiling took 4.167 seconds
[2019.10.12-11.51.43:843][505]LogContentBrowser: Native class hierarchy populated in 0.0083 seconds. Added 2456 classes and 563 folders.
[2019.10.12-11.51.43:844][505]Display: HotReload took  4.5s.
[2019.10.12-11.52.14:882][ 62]LogSlate: FSceneViewport::OnFocusLost() reason 0
[2019.10.12-11.52.16:123][209]LogTemp: Repeating last play command: Selected Viewport
[2019.10.12-11.52.16:274][209]LogBlueprintUserMessages: Early PlayInEditor Detection: Level '/Game/ThirdPersonCPP/Maps/ThirdPersonExampleMap.ThirdPersonExampleMap:PersistentLevel' has LevelScriptBlueprint '/Game/ThirdPersonCPP/Maps/ThirdPersonExampleMap.ThirdPersonExampleMap:PersistentLevel.ThirdPersonExampleMap' with GeneratedClass '/Game/ThirdPersonCPP/Maps/ThirdPersonExampleMap.ThirdPersonExampleMap_C' with ClassGeneratedBy '/Game/ThirdPersonCPP/Maps/ThirdPersonExampleMap.ThirdPersonExampleMap:PersistentLevel.ThirdPersonExampleMap'
[2019.10.12-11.52.16:390][209]LogPlayLevel: PlayLevel: No blueprints needed recompiling
[2019.10.12-11.52.16:549][209]PIE: New page: PIE session: ThirdPersonExampleMap (12 Oct 2019 13:52:16)
[2019.10.12-11.52.16:557][209]LogPlayLevel: Creating play world package: /Game/ThirdPersonCPP/Maps/UEDPIE_0_ThirdPersonExampleMap
[2019.10.12-11.52.17:187][209]LogPlayLevel: PIE: StaticDuplicateObject took: (0.629528s)
[2019.10.12-11.52.17:222][209]LogAIModule: Creating AISystem for world ThirdPersonExampleMap
[2019.10.12-11.52.17:281][209]LogPlayLevel: PIE: World Init took: (0.093114s)
[2019.10.12-11.52.17:282][209]LogPlayLevel: PIE: Created PIE world by copying editor world from /Game/ThirdPersonCPP/Maps/ThirdPersonExampleMap.ThirdPersonExampleMap to /Game/ThirdPersonCPP/Maps/UEDPIE_0_ThirdPersonExampleMap.ThirdPersonExampleMap (0.723770s)
[2019.10.12-11.52.17:653][209]LogInit: XAudio2 using 'Speaker / Headphone (Realtek(R) Audio)' : 2 channels at 48 kHz using 32 bits per sample (channel mask 0x3)
[2019.10.12-11.52.17:664][209]LogInit: FAudioDevice initialized.
[2019.10.12-11.52.17:815][209]LogLoad: Game class is 'WolfGameMode_BP_C'
[2019.10.12-11.52.18:129][209]LogWorld: Bringing World /Game/ThirdPersonCPP/Maps/UEDPIE_0_ThirdPersonExampleMap.ThirdPersonExampleMap up for play (max tick rate 0) at 2019.10.12-12.52.18
[2019.10.12-11.52.18:222][209]LogWorld: Bringing up level for play took: 0.122403
[2019.10.12-11.52.19:569][209]LogContentBrowser: Native class hierarchy updated for 'MovieSceneCapture' in 0.0011 seconds. Added 11 classes and 0 folders.
[2019.10.12-11.52.42:814][209]LogWindows: Error: === Critical error: ===
[2019.10.12-11.52.42:814][209]LogWindows: Error: 
[2019.10.12-11.52.42:814][209]LogWindows: Error: Fatal error!
[2019.10.12-11.52.42:814][209]LogWindows: Error: 
[2019.10.12-11.52.42:814][209]LogWindows: Error: Unhandled Exception: EXCEPTION_ACCESS_VIOLATION reading address 0x00000000
[2019.10.12-11.52.42:814][209]LogWindows: Error: 
[2019.10.12-11.52.42:814][209]LogWindows: Error: [Callstack] 0x0000000068135422 UE4Editor-MasterBuild-3768.dll!AChar_Wolf::SetupInputComponent() [d:\documents\betaarcade\masterbuild\source\masterbuild\player\char_wolf.cpp:39]
[2019.10.12-11.52.42:814][209]LogWindows: Error: [Callstack] 0x0000000010D772FB UE4Editor-Engine.dll!UnknownFunction []
[2019.10.12-11.52.42:814][209]LogWindows: Error: [Callstack] 0x000000001202AE33 UE4Editor-Engine.dll!UnknownFunction []
[2019.10.12-11.52.42:814][209]LogWindows: Error: [Callstack] 0x00000000114EF731 UE4Editor-Engine.dll!UnknownFunction []
[2019.10.12-11.52.42:814][209]LogWindows: Error: [Callstack] 0x000000001201414E UE4Editor-Engine.dll!UnknownFunction []
[2019.10.12-11.52.42:814][209]LogWindows: Error: [Callstack] 0x000000001151443E UE4Editor-Engine.dll!UnknownFunction []
[2019.10.12-11.52.42:814][209]LogWindows: Error: [Callstack] 0x000000000FE127E0 UE4Editor-UnrealEd.dll!UnknownFunction []
[2019.10.12-11.52.42:814][209]LogWindows: Error: [Callstack] 0x000000000FE31246 UE4Editor-UnrealEd.dll!UnknownFunction []
[2019.10.12-11.52.42:814][209]LogWindows: Error: [Callstack] 0x000000000FE4BBEF UE4Editor-UnrealEd.dll!UnknownFunction []
[2019.10.12-11.52.42:814][209]LogWindows: Error: [Callstack] 0x000000000F8BC961 UE4Editor-UnrealEd.dll!UnknownFunction []
[2019.10.12-11.52.42:814][209]LogWindows: Error: [Callstack] 0x0000000010159626 UE4Editor-UnrealEd.dll!UnknownFunction []
[2019.10.12-11.52.42:814][209]LogWindows: Error: [Callstack] 0x0000000077F65EAC UE4Editor.exe!UnknownFunction []
[2019.10.12-11.52.42:814][209]LogWindows: Error: [Callstack] 0x0000000077F76BD0 UE4Editor.exe!UnknownFunction []
[2019.10.12-11.52.42:814][209]LogWindows: Error: [Callstack] 0x0000000077F76C4A UE4Editor.exe!UnknownFunction []
[2019.10.12-11.52.42:814][209]LogWindows: Error: [Callstack] 0x0000000077F84177 UE4Editor.exe!UnknownFunction []
[2019.10.12-11.52.42:815][209]LogWindows: Error: [Callstack] 0x0000000077F85B87 UE4Editor.exe!UnknownFunction []
[2019.10.12-11.52.42:815][209]LogWindows: Error: [Callstack] 0x000000006C297BD4 KERNEL32.DLL!UnknownFunction []
[2019.10.12-11.52.42:815][209]LogWindows: Error: [Callstack] 0x000000006D02CEE1 ntdll.dll!UnknownFunction []
[2019.10.12-11.52.42:815][209]LogWindows: Error: [Callstack] 0x000000006D02CEE1 ntdll.dll!UnknownFunction []
[2019.10.12-11.52.42:815][209]LogWindows: Error: 
[2019.10.12-11.52.42:830][209]LogExit: Executing StaticShutdownAfterError
[2019.10.12-11.52.43:942][209]LogWindows: FPlatformMisc::RequestExit(1)
[2019.10.12-11.52.43:976][209]Log file closed, 10/12/19 12:52:43
