Log file open, 10/07/19 15:36:22
LogWindows: Failed to load 'aqProf.dll' (GetLastError=126)
LogWindows: File 'aqProf.dll' does not exist
LogWindows: Failed to load 'VtuneApi.dll' (GetLastError=126)
LogWindows: File 'VtuneApi.dll' does not exist
LogWindows: Failed to load 'VtuneApi32e.dll' (GetLastError=126)
LogWindows: File 'VtuneApi32e.dll' does not exist
LogInit: Display: Running engine for game: MasterBuild
LogPlatformFile: Not using cached read wrapper
LogInit: Display: RandInit(1805964512) SRandInit(1805964512).
LogInit: Read version file with build ID '3944462'
LogInit: Overriding engine version to CL 4033788, compatible CL 3944462
LogInit: Registered custom module enumerator with build ID '3944462'
LogTaskGraph: Started task graph with 5 named threads and 23 total threads with 3 sets of task threads.
LogStats: Stats thread started at 0.642222
LogD3D11RHI: Aftermath initialized
LogICUInternationalization: Display: ICU TimeZone Detection - Raw Offset: +0:00, Platform Override: ''
LogPluginManager: Mounting plugin Paper2D
LogPluginManager: Mounting plugin LiveLink
LogPluginManager: Mounting plugin LightPropagationVolume
LogPluginManager: Mounting plugin CLionSourceCodeAccess
LogPluginManager: Mounting plugin CodeLiteSourceCodeAccess
LogPluginManager: Mounting plugin GitSourceControl
LogPluginManager: Mounting plugin KDevelopSourceCodeAccess
LogPluginManager: Mounting plugin NullSourceCodeAccess
LogPluginManager: Mounting plugin PerforceSourceControl
LogPluginManager: Mounting plugin SubversionSourceControl
LogPluginManager: Mounting plugin UObjectPlugin
LogPluginManager: Mounting plugin VisualStudioCodeSourceCodeAccess
LogPluginManager: Mounting plugin VisualStudioSourceCodeAccess
LogPluginManager: Mounting plugin XCodeSourceCodeAccess
LogPluginManager: Mounting plugin AssetManagerEditor
LogPluginManager: Mounting plugin CryptoKeys
LogPluginManager: Mounting plugin DataValidation
LogPluginManager: Mounting plugin FacialAnimation
LogPluginManager: Mounting plugin GameplayTagsEditor
LogPluginManager: Mounting plugin MobileLauncherProfileWizard
LogPluginManager: Mounting plugin PluginBrowser
LogPluginManager: Mounting plugin SpeedTreeImporter
LogPluginManager: Mounting plugin DatasmithContent
LogPluginManager: Mounting plugin AlembicImporter
LogPluginManager: Mounting plugin CharacterAI
LogPluginManager: Mounting plugin HTML5Networking
LogPluginManager: Mounting plugin AndroidMedia
LogPluginManager: Mounting plugin AvfMedia
LogPluginManager: Mounting plugin ImgMedia
LogPluginManager: Mounting plugin LinearTimecode
LogPluginManager: Mounting plugin MediaCompositing
LogPluginManager: Mounting plugin MediaPlayerEditor
LogPluginManager: Mounting plugin WmfMedia
LogPluginManager: Mounting plugin TcpMessaging
LogPluginManager: Mounting plugin UdpMessaging
LogPluginManager: Mounting plugin ActorSequence
LogPluginManager: Mounting plugin LevelSequenceEditor
LogPluginManager: Mounting plugin MatineeToLevelSequence
LogPluginManager: Mounting plugin NetcodeUnitTest
LogPluginManager: Mounting plugin NUTUnrealEngine4
LogPluginManager: Mounting plugin OnlineSubsystemGooglePlay
LogPluginManager: Mounting plugin OnlineSubsystemIOS
LogPluginManager: Mounting plugin OnlineSubsystem
LogPluginManager: Mounting plugin OnlineSubsystemNull
LogPluginManager: Mounting plugin OnlineSubsystemUtils
LogPluginManager: Mounting plugin AndroidDeviceProfileSelector
LogPluginManager: Mounting plugin AndroidMoviePlayer
LogPluginManager: Mounting plugin AndroidPermission
LogPluginManager: Mounting plugin AppleARKit
LogPluginManager: Mounting plugin AppleMoviePlayer
LogPluginManager: Mounting plugin ArchVisCharacter
LogPluginManager: Mounting plugin AudioCapture
LogPluginManager: Mounting plugin CableComponent
LogPluginManager: Mounting plugin CustomMeshComponent
LogPluginManager: Mounting plugin ExampleDeviceProfileSelector
LogPluginManager: Mounting plugin GoogleCloudMessaging
LogPluginManager: Mounting plugin ImmediatePhysics
LogPluginManager: Mounting plugin IOSDeviceProfileSelector
LogPluginManager: Mounting plugin LinuxDeviceProfileSelector
LogPluginManager: Mounting plugin LocationServicesBPLibrary
LogPluginManager: Mounting plugin MobilePatchingUtils
LogPluginManager: Mounting plugin OculusVR
LogPluginManager: Plugin shader directory ../../../Engine/Plugins/Runtime/Oculus/OculusVR/Shaders found
LogPluginManager: Mapping shader source directory ../../../Engine/Plugins/Runtime/Oculus/OculusVR/Shaders to virtual directory /Plugin/OculusVR
LogPluginManager: Mounting plugin PhysXVehicles
LogPluginManager: Mounting plugin ProceduralMeshComponent
LogPluginManager: Mounting plugin RuntimePhysXCooking
LogPluginManager: Mounting plugin SteamVR
LogPluginManager: Mounting plugin WindowsMoviePlayer
LogStreaming: Display: Took  0.256s to configure plugins.
LogModuleManager: Display: Found up-to-date module file ../../../../../Documents/MasterBuild/Binaries/Win64/UE4Editor-MasterBuild.dll (API version 3944462).
LogModuleManager: Display: Found up-to-date module file ../../../Engine/Plugins/2D/Paper2D/Binaries/Win64/UE4Editor-Paper2D.dll (API version 3944462).
LogModuleManager: Display: Found up-to-date module file ../../../Engine/Plugins/2D/Paper2D/Binaries/Win64/UE4Editor-Paper2DEditor.dll (API version 3944462).
LogModuleManager: Display: Found up-to-date module file ../../../Engine/Plugins/2D/Paper2D/Binaries/Win64/UE4Editor-PaperSpriteSheetImporter.dll (API version 3944462).
LogModuleManager: Display: Found up-to-date module file ../../../Engine/Plugins/2D/Paper2D/Binaries/Win64/UE4Editor-PaperTiledImporter.dll (API version 3944462).
LogModuleManager: Display: Found up-to-date module file ../../../Engine/Plugins/2D/Paper2D/Binaries/Win64/UE4Editor-SmartSnapping.dll (API version 3944462).
LogModuleManager: Display: Found up-to-date module file ../../../Engine/Plugins/Animation/LiveLink/Binaries/Win64/UE4Editor-LiveLink.dll (API version 3944462).
LogModuleManager: Display: Found up-to-date module file ../../../Engine/Plugins/Animation/LiveLink/Binaries/Win64/UE4Editor-LiveLinkEditor.dll (API version 3944462).
LogModuleManager: Display: Found up-to-date module file ../../../Engine/Plugins/Blendables/LightPropagationVolume/Binaries/Win64/UE4Editor-LightPropagationVolumeRuntime.dll (API version 3944462).
LogModuleManager: Display: Found up-to-date module file ../../../Engine/Plugins/Blendables/LightPropagationVolume/Binaries/Win64/UE4Editor-LightPropagationVolumeEditor.dll (API version 3944462).
LogModuleManager: Display: Found up-to-date module file ../../../Engine/Plugins/Developer/CLionSourceCodeAccess/Binaries/Win64/UE4Editor-CLionSourceCodeAccess.dll (API version 3944462).
LogModuleManager: Display: Found up-to-date module file ../../../Engine/Plugins/Developer/GitSourceControl/Binaries/Win64/UE4Editor-GitSourceControl.dll (API version 3944462).
LogModuleManager: Display: Found up-to-date module file ../../../Engine/Plugins/Developer/PerforceSourceControl/Binaries/Win64/UE4Editor-PerforceSourceControl.dll (API version 3944462).
LogModuleManager: Display: Found up-to-date module file ../../../Engine/Plugins/Developer/SubversionSourceControl/Binaries/Win64/UE4Editor-SubversionSourceControl.dll (API version 3944462).
LogModuleManager: Display: Found up-to-date module file ../../../Engine/Plugins/Developer/UObjectPlugin/Binaries/Win64/UE4Editor-UObjectPlugin.dll (API version 3944462).
LogModuleManager: Display: Found up-to-date module file ../../../Engine/Plugins/Developer/VisualStudioCodeSourceCodeAccess/Binaries/Win64/UE4Editor-VisualStudioCodeSourceCodeAccess.dll (API version 3944462).
LogModuleManager: Display: Found up-to-date module file ../../../Engine/Plugins/Developer/VisualStudioSourceCodeAccess/Binaries/Win64/UE4Editor-VisualStudioSourceCodeAccess.dll (API version 3944462).
LogModuleManager: Display: Found up-to-date module file ../../../Engine/Plugins/Editor/AssetManagerEditor/Binaries/Win64/UE4Editor-AssetManagerEditor.dll (API version 3944462).
LogModuleManager: Display: Found up-to-date module file ../../../Engine/Plugins/Editor/CryptoKeys/Binaries/Win64/UE4Editor-CryptoKeys.dll (API version 3944462).
LogModuleManager: Display: Found up-to-date module file ../../../Engine/Plugins/Editor/CryptoKeys/Binaries/Win64/UE4Editor-CryptoKeysOpenSSL.dll (API version 3944462).
LogModuleManager: Display: Found up-to-date module file ../../../Engine/Plugins/Editor/DataValidation/Binaries/Win64/UE4Editor-DataValidation.dll (API version 3944462).
LogModuleManager: Display: Found up-to-date module file ../../../Engine/Plugins/Editor/FacialAnimation/Binaries/Win64/UE4Editor-FacialAnimation.dll (API version 3944462).
LogModuleManager: Display: Found up-to-date module file ../../../Engine/Plugins/Editor/FacialAnimation/Binaries/Win64/UE4Editor-FacialAnimationEditor.dll (API version 3944462).
LogModuleManager: Display: Found up-to-date module file ../../../Engine/Plugins/Editor/GameplayTagsEditor/Binaries/Win64/UE4Editor-GameplayTagsEditor.dll (API version 3944462).
LogModuleManager: Display: Found up-to-date module file ../../../Engine/Plugins/Editor/MobileLauncherProfileWizard/Binaries/Win64/UE4Editor-MobileLauncherProfileWizard.dll (API version 3944462).
LogModuleManager: Display: Found up-to-date module file ../../../Engine/Plugins/Editor/PluginBrowser/Binaries/Win64/UE4Editor-PluginBrowser.dll (API version 3944462).
LogModuleManager: Display: Found up-to-date module file ../../../Engine/Plugins/Editor/SpeedTreeImporter/Binaries/Win64/UE4Editor-SpeedTreeImporter.dll (API version 3944462).
LogModuleManager: Display: Found up-to-date module file ../../../Engine/Plugins/Enterprise/DatasmithContent/Binaries/Win64/UE4Editor-DatasmithContent.dll (API version 3944462).
LogModuleManager: Display: Found up-to-date module file ../../../Engine/Plugins/Experimental/AlembicImporter/Binaries/Win64/UE4Editor-AlembicImporter.dll (API version 3944462).
LogModuleManager: Display: Found up-to-date module file ../../../Engine/Plugins/Experimental/AlembicImporter/Binaries/Win64/UE4Editor-AlembicLibrary.dll (API version 3944462).
LogModuleManager: Display: Found up-to-date module file ../../../Engine/Plugins/Experimental/CharacterAI/Binaries/Win64/UE4Editor-CharacterAI.dll (API version 3944462).
LogModuleManager: Display: Found up-to-date module file ../../../Engine/Plugins/Experimental/HTML5Networking/Binaries/Win64/UE4Editor-HTML5Networking.dll (API version 3944462).
LogModuleManager: Display: Found up-to-date module file ../../../Engine/Plugins/Media/AndroidMedia/Binaries/Win64/UE4Editor-AndroidMediaEditor.dll (API version 3944462).
LogModuleManager: Display: Found up-to-date module file ../../../Engine/Plugins/Media/AndroidMedia/Binaries/Win64/UE4Editor-AndroidMediaFactory.dll (API version 3944462).
LogModuleManager: Display: Found up-to-date module file ../../../Engine/Plugins/Media/AvfMedia/Binaries/Win64/UE4Editor-AvfMediaEditor.dll (API version 3944462).
LogModuleManager: Display: Found up-to-date module file ../../../Engine/Plugins/Media/AvfMedia/Binaries/Win64/UE4Editor-AvfMediaFactory.dll (API version 3944462).
LogModuleManager: Display: Found up-to-date module file ../../../Engine/Plugins/Media/AvfMedia/Binaries/Win64/UE4Editor-AvfMediaFactory.dll (API version 3944462).
LogModuleManager: Display: Found up-to-date module file ../../../Engine/Plugins/Media/ImgMedia/Binaries/Win64/UE4Editor-ImgMedia.dll (API version 3944462).
LogModuleManager: Display: Found up-to-date module file ../../../Engine/Plugins/Media/ImgMedia/Binaries/Win64/UE4Editor-ImgMediaEditor.dll (API version 3944462).
LogModuleManager: Display: Found up-to-date module file ../../../Engine/Plugins/Media/ImgMedia/Binaries/Win64/UE4Editor-ImgMediaFactory.dll (API version 3944462).
LogModuleManager: Display: Found up-to-date module file ../../../Engine/Plugins/Media/ImgMedia/Binaries/Win64/UE4Editor-ImgMediaFactory.dll (API version 3944462).
LogModuleManager: Display: Found up-to-date module file ../../../Engine/Plugins/Media/ImgMedia/Binaries/Win64/UE4Editor-OpenExrWrapper.dll (API version 3944462).
LogModuleManager: Display: Found up-to-date module file ../../../Engine/Plugins/Media/LinearTimecode/Binaries/Win64/UE4Editor-LinearTimecode.dll (API version 3944462).
LogModuleManager: Display: Found up-to-date module file ../../../Engine/Plugins/Media/MediaCompositing/Binaries/Win64/UE4Editor-MediaCompositing.dll (API version 3944462).
LogModuleManager: Display: Found up-to-date module file ../../../Engine/Plugins/Media/MediaCompositing/Binaries/Win64/UE4Editor-MediaCompositingEditor.dll (API version 3944462).
LogModuleManager: Display: Found up-to-date module file ../../../Engine/Plugins/Media/MediaPlayerEditor/Binaries/Win64/UE4Editor-MediaPlayerEditor.dll (API version 3944462).
LogModuleManager: Display: Found up-to-date module file ../../../Engine/Plugins/Media/WmfMedia/Binaries/Win64/UE4Editor-WmfMedia.dll (API version 3944462).
LogModuleManager: Display: Found up-to-date module file ../../../Engine/Plugins/Media/WmfMedia/Binaries/Win64/UE4Editor-WmfMediaEditor.dll (API version 3944462).
LogModuleManager: Display: Found up-to-date module file ../../../Engine/Plugins/Media/WmfMedia/Binaries/Win64/UE4Editor-WmfMediaFactory.dll (API version 3944462).
LogModuleManager: Display: Found up-to-date module file ../../../Engine/Plugins/Media/WmfMedia/Binaries/Win64/UE4Editor-WmfMediaFactory.dll (API version 3944462).
LogModuleManager: Display: Found up-to-date module file ../../../Engine/Plugins/Messaging/TcpMessaging/Binaries/Win64/UE4Editor-TcpMessaging.dll (API version 3944462).
LogModuleManager: Display: Found up-to-date module file ../../../Engine/Plugins/Messaging/UdpMessaging/Binaries/Win64/UE4Editor-UdpMessaging.dll (API version 3944462).
LogModuleManager: Display: Found up-to-date module file ../../../Engine/Plugins/MovieScene/ActorSequence/Binaries/Win64/UE4Editor-ActorSequence.dll (API version 3944462).
LogModuleManager: Display: Found up-to-date module file ../../../Engine/Plugins/MovieScene/LevelSequenceEditor/Binaries/Win64/UE4Editor-LevelSequenceEditor.dll (API version 3944462).
LogModuleManager: Display: Found up-to-date module file ../../../Engine/Plugins/MovieScene/MatineeToLevelSequence/Binaries/Win64/UE4Editor-MatineeToLevelSequence.dll (API version 3944462).
LogModuleManager: Display: Found up-to-date module file ../../../Engine/Plugins/NetcodeUnitTest/NetcodeUnitTest/Binaries/Win64/UE4Editor-NetcodeUnitTest.dll (API version 3944462).
LogModuleManager: Display: Found up-to-date module file ../../../Engine/Plugins/NetcodeUnitTest/NUTUnrealEngine4/Binaries/Win64/UE4Editor-NUTUnrealEngine4.dll (API version 3944462).
LogModuleManager: Display: Found up-to-date module file ../../../Engine/Plugins/Online/OnlineSubsystem/Binaries/Win64/UE4Editor-OnlineSubsystem.dll (API version 3944462).
LogModuleManager: Display: Found up-to-date module file ../../../Engine/Plugins/Online/OnlineSubsystemNull/Binaries/Win64/UE4Editor-OnlineSubsystemNull.dll (API version 3944462).
LogModuleManager: Display: Found up-to-date module file ../../../Engine/Plugins/Online/OnlineSubsystemUtils/Binaries/Win64/UE4Editor-OnlineSubsystemUtils.dll (API version 3944462).
LogModuleManager: Display: Found up-to-date module file ../../../Engine/Plugins/Online/OnlineSubsystemUtils/Binaries/Win64/UE4Editor-OnlineBlueprintSupport.dll (API version 3944462).
LogModuleManager: Display: Found up-to-date module file ../../../Engine/Plugins/Runtime/AndroidDeviceProfileSelector/Binaries/Win64/UE4Editor-AndroidDeviceProfileSelector.dll (API version 3944462).
LogModuleManager: Display: Found up-to-date module file ../../../Engine/Plugins/Runtime/AndroidPermission/Binaries/Win64/UE4Editor-AndroidPermission.dll (API version 3944462).
LogModuleManager: Display: Found up-to-date module file ../../../Engine/Plugins/Runtime/AppleARKit/Binaries/Win64/UE4Editor-AppleARKit.dll (API version 3944462).
LogModuleManager: Display: Found up-to-date module file ../../../Engine/Plugins/Runtime/ArchVisCharacter/Binaries/Win64/UE4Editor-ArchVisCharacter.dll (API version 3944462).
LogModuleManager: Display: Found up-to-date module file ../../../Engine/Plugins/Runtime/AudioCapture/Binaries/Win64/UE4Editor-AudioCapture.dll (API version 3944462).
LogModuleManager: Display: Found up-to-date module file ../../../Engine/Plugins/Runtime/AudioCapture/Binaries/Win64/UE4Editor-AudioCaptureEditor.dll (API version 3944462).
LogModuleManager: Display: Found up-to-date module file ../../../Engine/Plugins/Runtime/CableComponent/Binaries/Win64/UE4Editor-CableComponent.dll (API version 3944462).
LogModuleManager: Display: Found up-to-date module file ../../../Engine/Plugins/Runtime/CustomMeshComponent/Binaries/Win64/UE4Editor-CustomMeshComponent.dll (API version 3944462).
LogModuleManager: Display: Found up-to-date module file ../../../Engine/Plugins/Runtime/ExampleDeviceProfileSelector/Binaries/Win64/UE4Editor-ExampleDeviceProfileSelector.dll (API version 3944462).
LogModuleManager: Display: Found up-to-date module file ../../../Engine/Plugins/Runtime/ImmediatePhysics/Binaries/Win64/UE4Editor-ImmediatePhysics.dll (API version 3944462).
LogModuleManager: Display: Found up-to-date module file ../../../Engine/Plugins/Runtime/ImmediatePhysics/Binaries/Win64/UE4Editor-ImmediatePhysicsEditor.dll (API version 3944462).
LogModuleManager: Display: Found up-to-date module file ../../../Engine/Plugins/Runtime/LocationServicesBPLibrary/Binaries/Win64/UE4Editor-LocationServicesBPLibrary.dll (API version 3944462).
LogModuleManager: Display: Found up-to-date module file ../../../Engine/Plugins/Runtime/MobilePatchingUtils/Binaries/Win64/UE4Editor-MobilePatchingUtils.dll (API version 3944462).
LogModuleManager: Display: Found up-to-date module file ../../../Engine/Plugins/Runtime/Oculus/OculusVR/Binaries/Win64/UE4Editor-OculusHMD.dll (API version 3944462).
LogModuleManager: Display: Found up-to-date module file ../../../Engine/Plugins/Runtime/Oculus/OculusVR/Binaries/Win64/UE4Editor-OculusInput.dll (API version 3944462).
LogModuleManager: Display: Found up-to-date module file ../../../Engine/Plugins/Runtime/Oculus/OculusVR/Binaries/Win64/UE4Editor-OculusEditor.dll (API version 3944462).
LogModuleManager: Display: Found up-to-date module file ../../../Engine/Plugins/Runtime/PhysXVehicles/Binaries/Win64/UE4Editor-PhysXVehicles.dll (API version 3944462).
LogModuleManager: Display: Found up-to-date module file ../../../Engine/Plugins/Runtime/PhysXVehicles/Binaries/Win64/UE4Editor-PhysXVehiclesEditor.dll (API version 3944462).
LogModuleManager: Display: Found up-to-date module file ../../../Engine/Plugins/Runtime/ProceduralMeshComponent/Binaries/Win64/UE4Editor-ProceduralMeshComponent.dll (API version 3944462).
LogModuleManager: Display: Found up-to-date module file ../../../Engine/Plugins/Runtime/ProceduralMeshComponent/Binaries/Win64/UE4Editor-ProceduralMeshComponentEditor.dll (API version 3944462).
LogModuleManager: Display: Found up-to-date module file ../../../Engine/Plugins/Runtime/RuntimePhysXCooking/Binaries/Win64/UE4Editor-RuntimePhysXCooking.dll (API version 3944462).
LogModuleManager: Display: Found up-to-date module file ../../../Engine/Plugins/Runtime/Steam/SteamVR/Binaries/Win64/UE4Editor-SteamVR.dll (API version 3944462).
LogModuleManager: Display: Found up-to-date module file ../../../Engine/Plugins/Runtime/Steam/SteamVR/Binaries/Win64/UE4Editor-SteamVRController.dll (API version 3944462).
LogModuleManager: Display: Found up-to-date module file ../../../Engine/Plugins/Runtime/WindowsMoviePlayer/Binaries/Win64/UE4Editor-WindowsMoviePlayer.dll (API version 3944462).
LogInit: Using libcurl 7.47.1
LogInit:  - built for x86_64-pc-win32
LogInit:  - supports SSL with OpenSSL/1.0.2g
LogInit:  - supports HTTP deflate (compression) using libz 1.2.8
LogInit:  - other features:
LogInit:      CURL_VERSION_SSL
LogInit:      CURL_VERSION_LIBZ
LogInit:      CURL_VERSION_IPV6
LogInit:      CURL_VERSION_ASYNCHDNS
LogInit:      CURL_VERSION_LARGEFILE
LogInit:      CURL_VERSION_IDN
LogInit:  CurlRequestOptions (configurable via config and command line):
LogInit:  - bVerifyPeer = false  - Libcurl will NOT verify peer certificate
LogInit:  - bUseHttpProxy = false  - Libcurl will NOT use HTTP proxy
LogInit:  - bDontReuseConnections = false  - Libcurl will reuse connections
LogInit:  - CertBundlePath = nullptr  - Libcurl will use whatever was configured at build time.
LogInit:  - MaxHostConnections = 16  - Libcurl will limit the number of connections to a host
LogInit:  - LocalHostAddr = Default
LogInit: WinSock: version 1.1 (2.2), MaxSocks=32767, MaxUdp=65467
LogInit: WinSock: I am LAPTOP-OQTU4Q1V (10.96.125.133:0)
LogInit: Build: ++UE4+Release-4.19-CL-4033788
LogInit: Engine Version: 4.19.2-4033788+++UE4+Release-4.19
LogInit: Compatible Engine Version: 4.19.0-3944462+++UE4+Release-4.19
LogInit: Net CL: 3944462
LogDevObjectVersion: Number of dev versions registered: 18
LogDevObjectVersion:   Dev-Blueprints (B0D832E4-1F89-4F0D-ACCF-7EB736FD4AA2): 10
LogDevObjectVersion:   Dev-Build (E1C64328-A22C-4D53-A36C-8E866417BD8C): 0
LogDevObjectVersion:   Dev-Core (375EC13C-06E4-48FB-B500-84F0262A717E): 2
LogDevObjectVersion:   Dev-Editor (E4B068ED-F494-42E9-A231-DA0B2E46BB41): 23
LogDevObjectVersion:   Dev-Framework (CFFC743F-43B0-4480-9391-14DF171D2073): 33
LogDevObjectVersion:   Dev-Mobile (B02B49B5-BB20-44E9-A304-32B752E40360): 2
LogDevObjectVersion:   Dev-Networking (A4E4105C-59A1-49B5-A7C5-40C4547EDFEE): 0
LogDevObjectVersion:   Dev-Online (39C831C9-5AE6-47DC-9A44-9C173E1C8E7C): 0
LogDevObjectVersion:   Dev-Physics (78F01B33-EBEA-4F98-B9B4-84EACCB95AA2): 0
LogDevObjectVersion:   Dev-Platform (6631380F-2D4D-43E0-8009-CF276956A95A): 0
LogDevObjectVersion:   Dev-Rendering (12F88B9F-8875-4AFC-A67C-D90C383ABD29): 25
LogDevObjectVersion:   Dev-Sequencer (7B5AE74C-D270-4C10-A958-57980B212A5A): 6
LogDevObjectVersion:   Dev-VR (D7296918-1DD6-4BDD-9DE2-64A83CC13884): 1
LogDevObjectVersion:   Dev-LoadTimes (C2A15278-BFE7-4AFE-6C17-90FF531DF755): 1
LogDevObjectVersion:   Private-Geometry (6EACA3D4-40EC-4CC1-B786-8BED09428FC5): 2
LogDevObjectVersion:   Dev-AnimPhys (29E575DD-E0A3-4627-9D10-D276232CDCEA): 16
LogDevObjectVersion:   Dev-ReflectionCapture (6B266CEC-1EC7-4B8F-A30B-E4D90942FC07): 1
LogDevObjectVersion:   Dev-Automation (0DF73D61-A23F-47EA-B727-89E90C41499A): 1
LogInit: Compiled (64-bit): Apr 27 2018 02:06:57
LogInit: Compiled with Visual C++: 19.00.24215.01
LogInit: Build Configuration: Development
LogInit: Branch Name: ++UE4+Release-4.19
LogInit: Command Line:  
LogInit: Base Directory: D:/UE4/UE_4.19/Engine/Binaries/Win64/
LogInit: Installed Engine Build: 1
LogStreaming: Display: Took  0.000s to delete old logs.
LogInit: Presizing for max 8388607 objects, including 0 objects not considered by GC, pre-allocating 0 bytes for permanent pool.
LogInit: Object subsystem initialized
[2019.10.07-14.36.26:405][  0]LogInit: Selected Device Profile: [Windows]
[2019.10.07-14.36.26:405][  0]LogInit: Applying CVar settings loaded from the selected device profile: [Windows]
[2019.10.07-14.36.26:447][  0]LogInit: Computer: LAPTOP-OQTU4Q1V
[2019.10.07-14.36.26:447][  0]LogInit: User: jsimo
[2019.10.07-14.36.26:447][  0]LogInit: CPU Page size=4096, Cores=4
[2019.10.07-14.36.26:447][  0]LogInit: High frequency timer resolution =2.250001 MHz
[2019.10.07-14.36.26:447][  0]LogMemory: Memory total: Physical=7.9GB (8GB approx)
[2019.10.07-14.36.26:447][  0]LogMemory: Platform Memory Stats for Windows
[2019.10.07-14.36.26:447][  0]LogMemory: Process Physical Memory: 274.43 MB used, 274.43 MB peak
[2019.10.07-14.36.26:447][  0]LogMemory: Process Virtual Memory: 264.77 MB used, 264.77 MB peak
[2019.10.07-14.36.26:447][  0]LogMemory: Physical Memory: 3995.25 MB used,  4116.87 MB free, 8112.13 MB total
[2019.10.07-14.36.26:447][  0]LogMemory: Virtual Memory: 4776.70 MB used,  4116.87 MB free, 134217728.00 MB total
[2019.10.07-14.36.26:651][  0]LogInit: Using OS detected language (en-GB).
[2019.10.07-14.36.26:651][  0]LogInit: Using OS detected locale (en-GB).
[2019.10.07-14.36.26:722][  0]LogTextLocalizationManager: No specific localization for 'en-GB' exists, so the 'en' localization will be used.
[2019.10.07-14.36.27:445][  0]LogStreaming: Display: Took  0.794s to EndInitTextLocalization.
[2019.10.07-14.36.27:445][  0]LogInit: Setting process to per monitor DPI aware
[2019.10.07-14.36.27:632][  0]LogSlate: New Slate User Created.  User Index 0, Is Virtual User: 0
[2019.10.07-14.36.27:632][  0]LogSlate: Slate User Registered.  User Index 0, Is Virtual User: 0
[2019.10.07-14.36.28:012][  0]LogD3D11RHI: D3D11 adapters:
[2019.10.07-14.36.28:086][  0]LogD3D11RHI:    0. 'NVIDIA GeForce GTX 1060' (Feature Level 11_0)
[2019.10.07-14.36.28:086][  0]LogD3D11RHI:       2987/0/4056 MB DedicatedVideo/DedicatedSystem/SharedSystem, Outputs:1, VendorId:0x10de
[2019.10.07-14.36.28:088][  0]LogD3D11RHI:    1. 'Microsoft Basic Render Driver' (Feature Level 11_0)
[2019.10.07-14.36.28:088][  0]LogD3D11RHI:       0/0/4056 MB DedicatedVideo/DedicatedSystem/SharedSystem, Outputs:0, VendorId:0x1414
[2019.10.07-14.36.28:088][  0]LogD3D11RHI: Chosen D3D11 Adapter: 0
[2019.10.07-14.36.28:094][  0]LogD3D11RHI: Creating new Direct3DDevice
[2019.10.07-14.36.28:094][  0]LogD3D11RHI:     GPU DeviceId: 0x1c60 (for the marketing name, search the web for "GPU Device Id")
[2019.10.07-14.36.28:094][  0]LogWindows: EnumDisplayDevices:
[2019.10.07-14.36.28:094][  0]LogWindows:    0. 'NVIDIA GeForce GTX 1060' (P:1 D:1)
[2019.10.07-14.36.28:094][  0]LogWindows:    1. 'NVIDIA GeForce GTX 1060' (P:0 D:0)
[2019.10.07-14.36.28:094][  0]LogWindows:    2. 'NVIDIA GeForce GTX 1060' (P:0 D:0)
[2019.10.07-14.36.28:095][  0]LogWindows:    3. 'NVIDIA GeForce GTX 1060' (P:0 D:0)
[2019.10.07-14.36.28:095][  0]LogWindows: DebugString: GetVideoDriverDetailsInvalid PrimaryIsNotTheChoosenAdapter GetVideoDriverDetailsInvalid PrimaryIsNotTheChoosenAdapter GetVideoDriverDetailsInvalid PrimaryIsNotTheChoosenAdapter GetVideoDriverDetailsInvalid PrimaryIsNotTheChoosenAdapter FoundDriverCount:0 
[2019.10.07-14.36.28:095][  0]LogD3D11RHI:     Adapter Name: NVIDIA GeForce GTX 1060
[2019.10.07-14.36.28:095][  0]LogD3D11RHI:   Driver Version: Unknown (internal:Unknown, unified:Unknown)
[2019.10.07-14.36.28:095][  0]LogD3D11RHI:      Driver Date: Unknown
[2019.10.07-14.36.28:095][  0]LogRHI: Texture pool is 2090 MB (70% of 2987 MB)
[2019.10.07-14.36.28:137][  0]LogD3D11RHI: [Aftermath] Aftermath enabled and primed
[2019.10.07-14.36.28:137][  0]LogD3D11RHI: [Aftermath] Aftermath enabled and primed
[2019.10.07-14.36.28:137][  0]LogD3D11RHI: Async texture creation enabled
[2019.10.07-14.36.28:152][  0]LogD3D11RHI: GPU Timing Frequency: 1000.000000 (Debug: 2 1)
[2019.10.07-14.36.28:195][  0]LogShaderCompilers: Guid format shader working directory is 9 characters bigger than the processId version (../../../../../Documents/MasterBuild/Intermediate/Shaders/WorkingDirectory/12068/).
[2019.10.07-14.36.28:196][  0]LogShaderCompilers: Cleaned the shader compiler working directory 'C:/Users/jsimo/AppData/Local/Temp/UnrealShaderWorkingDir/1599AF324D09772DBB667786EE1F49CE/'.
[2019.10.07-14.36.28:831][  0]LogTemp: Display: Loaded TP AllDesktopTargetPlatform
[2019.10.07-14.36.28:842][  0]LogTemp: Display: Loaded TP MacClientTargetPlatform
[2019.10.07-14.36.28:852][  0]LogTemp: Display: Loaded TP MacNoEditorTargetPlatform
[2019.10.07-14.36.28:863][  0]LogTemp: Display: Loaded TP MacServerTargetPlatform
[2019.10.07-14.36.28:886][  0]LogTemp: Display: Loaded TP MacTargetPlatform
[2019.10.07-14.36.28:897][  0]LogTemp: Display: Loaded TP WindowsClientTargetPlatform
[2019.10.07-14.36.28:909][  0]LogTemp: Display: Loaded TP WindowsNoEditorTargetPlatform
[2019.10.07-14.36.28:920][  0]LogTemp: Display: Loaded TP WindowsServerTargetPlatform
[2019.10.07-14.36.28:926][  0]LogTemp: Display: Loaded TP WindowsTargetPlatform
[2019.10.07-14.36.28:935][  0]LogTemp: Display: Loaded TP Android_ASTCTargetPlatform
[2019.10.07-14.36.28:945][  0]LogTemp: Display: Loaded TP Android_ATCTargetPlatform
[2019.10.07-14.36.28:954][  0]LogTemp: Display: Loaded TP Android_DXTTargetPlatform
[2019.10.07-14.36.28:963][  0]LogTemp: Display: Loaded TP Android_ETC1aTargetPlatform
[2019.10.07-14.36.28:973][  0]LogTemp: Display: Loaded TP Android_ETC1TargetPlatform
[2019.10.07-14.36.28:984][  0]LogTemp: Display: Loaded TP Android_ETC2TargetPlatform
[2019.10.07-14.36.29:003][  0]LogTemp: Display: Loaded TP Android_MultiTargetPlatform
[2019.10.07-14.36.29:003][  0]LogTemp: Display: Loaded TP Android_PVRTCTargetPlatform
[2019.10.07-14.36.29:017][  0]LogTemp: Display: Loaded TP AndroidTargetPlatform
[2019.10.07-14.36.29:018][  0]LogTemp: Display: Loaded TP HTML5TargetPlatform
[2019.10.07-14.36.29:103][  0]LogTemp: Display: Loaded TP IOSTargetPlatform
[2019.10.07-14.36.29:112][  0]LogTemp: Display: Loaded TP TVOSTargetPlatform
[2019.10.07-14.36.29:122][  0]LogTemp: Display: Loaded TP LinuxClientTargetPlatform
[2019.10.07-14.36.29:132][  0]LogTemp: Display: Loaded TP LinuxNoEditorTargetPlatform
[2019.10.07-14.36.29:142][  0]LogTemp: Display: Loaded TP LinuxServerTargetPlatform
[2019.10.07-14.36.29:154][  0]LogTemp: Display: Loaded TP LinuxTargetPlatform
[2019.10.07-14.36.29:154][  0]LogTargetPlatformManager: Display: Building Assets For Windows
[2019.10.07-14.36.29:655][  0]LogXGEController: Cleaning working directory: C:/Users/jsimo/AppData/Local/Temp/UnrealXGEWorkingDir/
[2019.10.07-14.36.29:655][  0]LogXGEController: Cannot use XGE Controller as Incredibuild is not installed on this machine.
[2019.10.07-14.36.29:655][  0]LogShaderCompilers: Cannot use XGE Shader Compiler as Incredibuild is not installed on this machine.
[2019.10.07-14.36.29:655][  0]LogShaderCompilers: Display: Using Local Shader Compiler.
[2019.10.07-14.36.30:417][  0]LogDerivedDataCache: Display: Max Cache Size: 512 MB
[2019.10.07-14.36.31:041][  0]LogDerivedDataCache: Loaded boot cache 0.62s 77MB C:/Users/jsimo/AppData/Local/UnrealEngine/4.19/DerivedDataCache/Boot.ddc.
[2019.10.07-14.36.31:041][  0]LogDerivedDataCache: Display: Loaded Boot cache: C:/Users/jsimo/AppData/Local/UnrealEngine/4.19/DerivedDataCache/Boot.ddc
[2019.10.07-14.36.31:041][  0]LogDerivedDataCache: FDerivedDataBackendGraph:  Pak pak cache file ../../../../../Documents/MasterBuild/DerivedDataCache/DDC.ddp not found, will not use a pak cache.
[2019.10.07-14.36.31:041][  0]LogDerivedDataCache: Unable to find inner node Pak for hierarchical cache Hierarchy.
[2019.10.07-14.36.31:041][  0]LogDerivedDataCache: FDerivedDataBackendGraph:  CompressedPak pak cache file ../../../../../Documents/MasterBuild/DerivedDataCache/Compressed.ddp not found, will not use a pak cache.
[2019.10.07-14.36.31:041][  0]LogDerivedDataCache: Unable to find inner node CompressedPak for hierarchical cache Hierarchy.
[2019.10.07-14.36.31:120][  0]LogDerivedDataCache: Display: Pak cache opened for reading ../../../Engine/DerivedDataCache/Compressed.ddp.
[2019.10.07-14.36.31:133][  0]LogDerivedDataCache: Using Local data cache path C:/Users/jsimo/AppData/Local/UnrealEngine/Common/DerivedDataCache: Writable
[2019.10.07-14.36.31:133][  0]LogDerivedDataCache: Shared data cache path not found in *engine.ini, will not use an Shared cache.
[2019.10.07-14.36.31:133][  0]LogDerivedDataCache: Unable to find inner node Shared for hierarchical cache Hierarchy.
[2019.10.07-14.36.31:142][  0]LogMaterial: Verifying Global Shaders for PCD3D_SM5
[2019.10.07-14.36.31:142][  0]LogSlate: Using Freetype 2.6.0
[2019.10.07-14.36.31:154][  0]LogSlate: SlateFontCache - WITH_FREETYPE: 1, WITH_HARFBUZZ: 1
[2019.10.07-14.36.31:154][  0]LogSlate: SlateFontCache - WITH_FREETYPE: 1, WITH_HARFBUZZ: 1
[2019.10.07-14.36.33:848][  0]LogAssetRegistry: FAssetRegistry took 0.0253 seconds to start up
[2019.10.07-14.36.34:967][  0]LogInit: Selected Device Profile: [Windows]
[2019.10.07-14.36.35:317][  0]LogSimplygon: Simplygon DLL not present - disabling.
[2019.10.07-14.36.35:327][  0]LogMeshReduction: Using SimplygonSwarm for distributed automatic mesh merging
[2019.10.07-14.36.35:327][  0]LogMeshReduction: Using QuadricMeshReduction for automatic static mesh reduction
[2019.10.07-14.36.35:327][  0]LogMeshReduction: No automatic skeletal mesh reduction module available
[2019.10.07-14.36.35:327][  0]LogMeshReduction: No automatic mesh merging module available
[2019.10.07-14.36.35:327][  0]LogMeshMerging: No automatic mesh merging module available
[2019.10.07-14.36.35:362][  0]LogNetVersion: MasterBuild , NetCL: 3944462, EngineNetVer: 2, GameNetVer: 0 (Checksum: 2426174287)
[2019.10.07-14.36.36:041][  0]LogPackageLocalizationCache: Processed 9 localized package path(s) for 2 prioritized culture(s) in 0.061259 seconds
[2019.10.07-14.36.36:046][  0]LogUObjectArray: 36728 objects as part of root set at end of initial load.
[2019.10.07-14.36.36:046][  0]LogUObjectAllocator: 7314312 out of 0 bytes used by permanent object pool.
[2019.10.07-14.36.36:046][  0]LogUObjectArray: CloseDisregardForGC: 0/0 objects in disregard for GC pool
[2019.10.07-14.36.53:856][  0]LogTcpMessaging: Initializing TcpMessaging bridge
[2019.10.07-14.36.53:912][  0]LogUdpMessaging: Initializing bridge on interface 0.0.0.0:0 to multicast group 230.0.0.1:6666.
[2019.10.07-14.36.54:389][  0]LogUObjectGlobals: Created PersistentFrame Addr=0x00000267a79d5580, Size=64, Default__ThirdPerson_AnimBP_C Function /Game/Mannequin/Animations/ThirdPerson_AnimBP.ThirdPerson_AnimBP_C:ExecuteUbergraph_ThirdPerson_AnimBP
[2019.10.07-14.36.54:397][  0]LogUObjectGlobals: Destroyed PersistentFrame Addr=0x00000267a79d5580, Size=64
[2019.10.07-14.36.54:397][  0]LogUObjectGlobals: Created PersistentFrame Addr=0x00000267a79d5580, Size=64, Default__ThirdPerson_AnimBP_C Function /Engine/Transient.REINST_ThirdPerson_AnimBP_C_0:ExecuteUbergraph_ThirdPerson_AnimBP
[2019.10.07-14.36.54:403][  0]LogUObjectGlobals: Created PersistentFrame Addr=0x00000267a7702c00, Size=72, Default__ThirdPerson_AnimBP_C Function /Game/Mannequin/Animations/ThirdPerson_AnimBP.ThirdPerson_AnimBP_C:ExecuteUbergraph_ThirdPerson_AnimBP
[2019.10.07-14.36.54:602][  0]LogSkeletalMesh: Skeletal Mesh found in DDC [1.866666ms] /Game/Mannequin/Character/Mesh/SK_Mannequin.SK_Mannequin
[2019.10.07-14.36.54:958][  0]SourceControl: Source control is disabled
[2019.10.07-14.36.54:958][  0]SourceControl: Source control is disabled
[2019.10.07-14.36.55:019][  0]SourceControl: Source control is disabled
[2019.10.07-14.36.55:054][  0]SourceControl: Source control is disabled
[2019.10.07-14.36.56:107][  0]LogAndroidPermission: UAndroidPermissionCallbackProxy::GetInstance
[2019.10.07-14.36.56:360][  0]LogOcInput: OculusInput pre-init called
[2019.10.07-14.36.56:621][  0]LogEngine: Initializing Engine...
[2019.10.07-14.36.56:649][  0]LogHMD: Failed to initialize OpenVR with code 102
[2019.10.07-14.36.56:650][  0]LogStats: UGameplayTagsManager::ConstructGameplayTagTree: Construct from data asset -  0.000 s
[2019.10.07-14.36.56:650][  0]LogStats: UGameplayTagsManager::ConstructGameplayTagTree: GameplayTagTreeChangedEvent.Broadcast -  0.000 s
[2019.10.07-14.36.57:086][  0]LogAIModule: Creating AISystem for world Untitled
[2019.10.07-14.36.57:097][  0]LogInit: XAudio2 using 'Speaker/Headphone (Realtek High Definition Audio)' : 2 channels at 48 kHz using 32 bits per sample (channel mask 0x3)
[2019.10.07-14.36.57:979][  0]LogInit: FAudioDevice initialized.
[2019.10.07-14.36.58:082][  0]LogDerivedDataCache: Saved boot cache 0.10s 77MB C:/Users/jsimo/AppData/Local/UnrealEngine/4.19/DerivedDataCache/Boot.ddc.
[2019.10.07-14.36.58:091][  0]LogInit: Texture streaming: Enabled
[2019.10.07-14.36.58:151][  0]LogEngineSessionManager: EngineSessionManager initialized
[2019.10.07-14.36.58:213][  0]LogInit: Transaction tracking system initialized
[2019.10.07-14.36.58:412][  0]BlueprintLog: New page: Editor Load
[2019.10.07-14.36.58:843][  0]LocalizationService: Localization service is disabled
[2019.10.07-14.36.59:239][  0]LogConsoleResponse: Display: 
[2019.10.07-14.37.00:022][  0]LogCook: Display: Max memory allowance for cook 16384mb min free memory 0mb
[2019.10.07-14.37.00:022][  0]LogCook: Display: Mobile HDR setting 1
[2019.10.07-14.37.00:022][  0]LogGameplayTags: Display: UGameplayTagsManager::DoneAddingNativeTags. DelegateIsBound: 0
[2019.10.07-14.37.00:022][  0]LogStats: UGameplayTagsManager::ConstructGameplayTagTree: Construct from data asset -  0.000 s
[2019.10.07-14.37.00:022][  0]LogStats: UGameplayTagsManager::ConstructGameplayTagTree: GameplayTagTreeChangedEvent.Broadcast -  0.000 s
[2019.10.07-14.37.00:393][  0]LogFileCache: Scanning file cache for directory 'D:/Documents/MasterBuild/Content/' took 0.01s
[2019.10.07-14.37.01:224][  0]SourceControl: Source control is disabled
[2019.10.07-14.37.01:224][  0]Cmd: MAP LOAD FILE="../../../../../Documents/MasterBuild/Content/ThirdPersonCPP/Maps/ThirdPersonExampleMap.umap" TEMPLATE=0 SHOWPROGRESS=1 FEATURELEVEL=3
[2019.10.07-14.37.01:235][  0]LightingResults: New page: Lighting Build
[2019.10.07-14.37.01:258][  0]MapCheck: New page: Map Check
[2019.10.07-14.37.01:258][  0]LightingResults: New page: Lighting Build
[2019.10.07-14.37.01:267][  0]LogUObjectGlobals: Destroyed PersistentFrame Addr=0x00000267a79d5580, Size=64
[2019.10.07-14.37.01:722][  0]LogAIModule: Creating AISystem for world ThirdPersonExampleMap
[2019.10.07-14.37.01:736][  0]LogEditorServer: Finished looking for orphan Actors (0.000 secs)
[2019.10.07-14.37.01:748][  0]Cmd: MAP CHECKDEP NOCLEARLOG
[2019.10.07-14.37.01:797][  0]MapCheck: Map check complete: 0 Error(s), 0 Warning(s), took 49.899ms to complete.
[2019.10.07-14.37.01:797][  0]LogFileHelpers: Loading map 'ThirdPersonExampleMap' took 0.573
[2019.10.07-14.37.01:967][  0]LogCollectionManager: Loaded 0 collections in 0.001598 seconds
[2019.10.07-14.37.02:025][  0]LogFileCache: Scanning file cache for directory 'D:/Documents/MasterBuild/Saved/Collections/' took 0.01s
[2019.10.07-14.37.02:025][  0]LogFileCache: Scanning file cache for directory 'D:/Documents/MasterBuild/Content/Developers/jsimo/Collections/' took 0.01s
[2019.10.07-14.37.02:025][  0]LogFileCache: Scanning file cache for directory 'D:/Documents/MasterBuild/Content/Collections/' took 0.01s
[2019.10.07-14.37.02:025][  0]LogCollectionManager: Rebuilt the GUID cache for 0 collections in 0.000000 seconds
[2019.10.07-14.37.02:034][  0]LogContentBrowser: Native class hierarchy populated in 0.0089 seconds. Added 2454 classes and 560 folders.
[2019.10.07-14.37.02:068][  0]LogContentBrowser: Native class hierarchy updated for 'WidgetCarousel' in 0.0010 seconds. Added 0 classes and 0 folders.
[2019.10.07-14.37.02:570][  0]LogContentBrowser: Native class hierarchy updated for 'AddContentDialog' in 0.0008 seconds. Added 0 classes and 0 folders.
[2019.10.07-14.37.02:588][  0]LogContentBrowser: Native class hierarchy updated for 'SceneOutliner' in 0.0010 seconds. Added 1 classes and 2 folders.
[2019.10.07-14.37.02:634][  0]LogSlate: Took 0.008661 seconds to synchronously load lazily loaded font '../../../Engine/Content/Slate/Fonts/Roboto-Regular.ttf' (155K)
[2019.10.07-14.37.02:647][  0]LogSlate: Took 0.010295 seconds to synchronously load lazily loaded font '../../../Engine/Content/Slate/Fonts/Roboto-Bold.ttf' (160K)
[2019.10.07-14.37.02:665][  0]LogSlate: Took 0.013422 seconds to synchronously load lazily loaded font '../../../Engine/Content/Editor/Slate/Fonts/FontAwesome.ttf' (139K)
[2019.10.07-14.37.02:786][  0]LogRenderer: Reallocating scene render targets to support 1208x576 Format 10 NumSamples 1 (Frame:1).
[2019.10.07-14.37.02:852][  0]LogSlate: Took 0.014572 seconds to synchronously load lazily loaded font '../../../Engine/Content/Slate/Fonts/Roboto-Light.ttf' (167K)
[2019.10.07-14.37.02:970][  0]LogContentBrowser: Native class hierarchy updated for 'HierarchicalLODOutliner' in 0.0009 seconds. Added 0 classes and 0 folders.
[2019.10.07-14.37.02:970][  0]LogLoad: (Engine Initialization) Total time: 45.61 seconds
[2019.10.07-14.37.02:970][  0]LogLoad: (Engine Initialization) Total Blueprint compile time: 0.00 seconds
[2019.10.07-14.37.03:004][  0]LogAssetRegistry: Asset discovery search completed in 29.1782 seconds
[2019.10.07-14.37.03:006][  0]LogCollectionManager: Rebuilt the object cache for 0 collections in 0.000000 seconds (found 0 objects)
[2019.10.07-14.37.03:006][  0]LogCollectionManager: Fixed up redirectors for 0 collections in 0.000039 seconds (updated 0 objects)
[2019.10.07-14.37.03:008][  0]LogContentStreaming: Texture pool size now 1000 MB
[2019.10.07-14.37.04:014][ 57]LogSlate: Took 0.000214 seconds to synchronously load lazily loaded font '../../../Engine/Content/Slate/Fonts/Roboto-Light.ttf' (167K)
[2019.10.07-14.37.06:746][220]LogSlate: FSceneViewport::OnFocusLost() reason 2
[2019.10.07-14.37.10:741][460]LogSlate: FSceneViewport::OnFocusLost() reason 0
[2019.10.07-14.37.13:933][649]Cmd: MAP LOAD FILE="../../../../../Documents/MasterBuild/Content/ThirdPersonCPP/Maps/ThirdPersonExampleMap.umap" TEMPLATE=0 SHOWPROGRESS=1 FEATURELEVEL=3
[2019.10.07-14.37.13:934][649]LightingResults: New page: Lighting Build
[2019.10.07-14.37.13:934][649]LoadErrors: New page: Loading map: ThirdPersonExampleMap.umap
[2019.10.07-14.37.13:935][649]MapCheck: New page: Map Check
[2019.10.07-14.37.13:935][649]LightingResults: New page: Lighting Build
[2019.10.07-14.37.14:003][649]LogAIModule: Creating AISystem for world ThirdPersonExampleMap
[2019.10.07-14.37.14:036][649]LogEditorServer: Finished looking for orphan Actors (0.000 secs)
[2019.10.07-14.37.14:062][649]Cmd: MAP CHECKDEP NOCLEARLOG
[2019.10.07-14.37.14:112][649]MapCheck: Map check complete: 0 Error(s), 0 Warning(s), took 49.718ms to complete.
[2019.10.07-14.37.14:113][649]LogFileHelpers: Loading map 'ThirdPersonExampleMap' took 0.184
[2019.10.07-14.37.14:227][653]LogSlate: FSceneViewport::OnFocusLost() reason 2
[2019.10.07-14.37.17:811][868]LogSlate: FSceneViewport::OnFocusLost() reason 2
[2019.10.07-14.37.19:872][992]LogSlate: FSceneViewport::OnFocusLost() reason 0
[2019.10.07-14.37.22:980][160]LogSlate: Took 0.013770 seconds to synchronously load lazily loaded font '../../../Engine/Content/Slate/Fonts/Roboto-BoldCondensed.ttf' (158K)
[2019.10.07-14.37.29:804][556]Running D:/UE4/UE_4.19/Engine/Binaries/DotNET/UnrealBuildTool.exe  -projectfiles -project="D:/Documents/MasterBuild/MasterBuild.uproject" -game -rocket -progress
[2019.10.07-14.37.30:117][556]Discovering modules, targets and source code for project...
[2019.10.07-14.37.39:416][556]LogVSAccessor: Warning: Couldn't access Visual Studio
[2019.10.07-14.37.39:458][556]Candidate modules for hot reload:
[2019.10.07-14.37.39:458][556]  MasterBuild
[2019.10.07-14.37.39:458][556]Launching UnrealBuildTool... [D:/UE4/UE_4.19/Engine/Binaries/DotNET/UnrealBuildTool.exe MasterBuild -ModuleWithSuffix=MasterBuild,3223 Win64 Development -editorrecompile -canskiplink "D:/Documents/MasterBuild/MasterBuild.uproject" ]
[2019.10.07-14.38.32:739][556]CompilerResultsLog: New page: Compilation - 7 Oct 2019 16:38:32
[2019.10.07-14.38.32:740][556]CompilerResultsLog: Performing full C++ include scan (hot reloading a new target)
[2019.10.07-14.38.32:740][556]CompilerResultsLog: Creating makefile for hot reloading MasterBuild (no existing makefile)
[2019.10.07-14.38.32:740][556]CompilerResultsLog: Compiling game modules for hot reload
[2019.10.07-14.38.32:740][556]CompilerResultsLog: Parsing headers for MasterBuildEditor
[2019.10.07-14.38.32:740][556]CompilerResultsLog:   Running UnrealHeaderTool "D:\Documents\MasterBuild\MasterBuild.uproject" "D:\Documents\MasterBuild\Intermediate\Build\Win64\MasterBuildEditor\Development\MasterBuildEditor.uhtmanifest" -LogCmds="loginit warning, logexit warning, logdatabase error" -Unattended -WarningsAsErrors -installed
[2019.10.07-14.38.32:740][556]CompilerResultsLog: Reflection code generated for MasterBuildEditor in 8.8321214 seconds
[2019.10.07-14.38.32:740][556]CompilerResultsLog: Performing 13 actions (4 in parallel)
[2019.10.07-14.38.32:740][556]CompilerResultsLog: [2/13] Resource ModuleVersionResource.rc.inl
[2019.10.07-14.38.32:740][556]CompilerResultsLog: [3/13] Resource PCLaunch.rc
[2019.10.07-14.38.32:740][556]CompilerResultsLog: SharedPCH.Engine.cpp
[2019.10.07-14.38.32:740][556]CompilerResultsLog: MasterBuildGameMode.cpp
[2019.10.07-14.38.32:740][556]CompilerResultsLog: MyActorComponent.cpp
[2019.10.07-14.38.32:740][556]CompilerResultsLog: MasterBuildCharacter.cpp
[2019.10.07-14.38.32:740][556]CompilerResultsLog: MasterBuild.cpp
[2019.10.07-14.38.32:740][556]CompilerResultsLog: MasterBuild.init.gen.cpp
[2019.10.07-14.38.32:740][556]CompilerResultsLog: MasterBuildCharacter.gen.cpp
[2019.10.07-14.38.32:740][556]CompilerResultsLog: MasterBuildGameMode.gen.cpp
[2019.10.07-14.38.32:740][556]CompilerResultsLog: MyActorComponent.gen.cpp
[2019.10.07-14.38.32:740][556]CompilerResultsLog: [12/13] Link UE4Editor-MasterBuild-3223.dll
[2019.10.07-14.38.32:740][556]CompilerResultsLog: [13/13] Link UE4Editor-MasterBuild-3223.lib
[2019.10.07-14.38.32:740][556]CompilerResultsLog:    Creating library D:\Documents\MasterBuild\Intermediate\Build\Win64\UE4Editor\Development\UE4Editor-MasterBuild-3223.lib and object D:\Documents\MasterBuild\Intermediate\Build\Win64\UE4Editor\Development\UE4Editor-MasterBuild-3223.exp
[2019.10.07-14.38.32:740][556]CompilerResultsLog:    Creating library D:\Documents\MasterBuild\Intermediate\Build\Win64\UE4Editor\Development\UE4Editor-MasterBuild-3223.suppressed.lib and object D:\Documents\MasterBuild\Intermediate\Build\Win64\UE4Editor\Development\UE4Editor-MasterBuild-3223.suppressed.exp
[2019.10.07-14.38.32:740][556]CompilerResultsLog: Total build time: 53.10 seconds (Local executor: 24.98 seconds)
[2019.10.07-14.38.32:740][556]LogMainFrame: MainFrame: Module compiling took 53.324 seconds
[2019.10.07-14.38.33:064][556]LogClass: Could not find existing class MyActorComponent in package /Script/MasterBuild for HotReload, assuming new class
[2019.10.07-14.38.33:067][556]LogContentBrowser: Native class hierarchy updated for 'MasterBuild' in 0.0010 seconds. Added 3 classes and 2 folders.
[2019.10.07-14.38.33:069][556]Display: HotReload successful (0 functions remapped  0 scriptstructs remapped)
[2019.10.07-14.38.33:444][556]LogContentBrowser: Native class hierarchy populated in 0.0087 seconds. Added 2456 classes and 562 folders.
[2019.10.07-14.38.33:465][556]Display: HotReload took 54.0s.
[2019.10.07-14.38.33:466][556]Warning: HotReload operation took 54.1s.
[2019.10.07-14.38.33:518][556]LogSlate: Window 'Add C++ Class' being destroyed
[2019.10.07-14.38.33:576][556]LogHotReload: New module detected: UE4Editor-MasterBuild-3223.dll
[2019.10.07-14.38.33:782][557]LogHotReload: Starting Hot-Reload from IDE
[2019.10.07-14.38.33:842][557]LogContentBrowser: Native class hierarchy updated for 'MasterBuild' in 0.0009 seconds. Added 3 classes and 2 folders.
[2019.10.07-14.38.33:844][557]Display: HotReload successful (0 functions remapped  0 scriptstructs remapped)
[2019.10.07-14.38.33:860][557]LogContentBrowser: Native class hierarchy populated in 0.0085 seconds. Added 2456 classes and 562 folders.
[2019.10.07-14.38.33:869][557]Display: HotReload took  0.1s.
[2019.10.07-14.44.58:932][ 70]Candidate modules for hot reload:
[2019.10.07-14.44.58:932][ 70]  MasterBuild
[2019.10.07-14.44.58:932][ 70]Launching UnrealBuildTool... [D:/UE4/UE_4.19/Engine/Binaries/DotNET/UnrealBuildTool.exe MasterBuild -ModuleWithSuffix=MasterBuild,1559 Win64 Development -editorrecompile -canskiplink "D:/Documents/MasterBuild/MasterBuild.uproject" ]
[2019.10.07-14.44.58:937][ 70]Warning: Starting HotReload took  0.0s.
[2019.10.07-14.45.09:059][678]CompilerResultsLog: New page: Compilation - 7 Oct 2019 16:45:09
[2019.10.07-14.45.09:076][678]CompilerResultsLog: Compiling game modules for hot reload
[2019.10.07-14.45.09:076][678]CompilerResultsLog: Parsing headers for MasterBuildEditor
[2019.10.07-14.45.09:076][678]CompilerResultsLog:   Running UnrealHeaderTool "D:\Documents\MasterBuild\MasterBuild.uproject" "D:\Documents\MasterBuild\Intermediate\Build\Win64\MasterBuildEditor\Development\MasterBuildEditor.uhtmanifest" -LogCmds="loginit warning, logexit warning, logdatabase error" -Unattended -WarningsAsErrors -installed
[2019.10.07-14.45.09:076][678]CompilerResultsLog: Error: D:/Documents/MasterBuild/Source/MasterBuild/MyActorComponent.h(28)  : Error: 'BlueprintAssignable' is only allowed on multicast delegate properties
[2019.10.07-14.45.09:076][678]CompilerResultsLog: UnrealHeaderTool failed for target 'MasterBuildEditor' (platform: Win64, module info: D:\Documents\MasterBuild\Intermediate\Build\Win64\MasterBuildEditor\Development\MasterBuildEditor.uhtmanifest).
[2019.10.07-14.45.09:076][678]LogMainFrame: MainFrame: Module compiling took 10.147 seconds
[2019.10.07-14.45.09:076][678]Warning: HotReload failed, recompile failed
[2019.10.07-14.45.22:869][136]Candidate modules for hot reload:
[2019.10.07-14.45.22:869][136]  MasterBuild
[2019.10.07-14.45.22:869][136]Launching UnrealBuildTool... [D:/UE4/UE_4.19/Engine/Binaries/DotNET/UnrealBuildTool.exe MasterBuild -ModuleWithSuffix=MasterBuild,6122 Win64 Development -editorrecompile -canskiplink "D:/Documents/MasterBuild/MasterBuild.uproject" ]
[2019.10.07-14.45.22:873][136]Warning: Starting HotReload took  0.0s.
[2019.10.07-14.45.33:532][775]LogSlate: Window 'Message Log' being destroyed
[2019.10.07-14.45.33:538][775]LogSlate: Window 'Message Log' being destroyed
[2019.10.07-14.45.34:054][807]CompilerResultsLog: New page: Compilation - 7 Oct 2019 16:45:34
[2019.10.07-14.45.34:054][807]CompilerResultsLog: Compiling game modules for hot reload
[2019.10.07-14.45.34:054][807]CompilerResultsLog: Parsing headers for MasterBuildEditor
[2019.10.07-14.45.34:054][807]CompilerResultsLog:   Running UnrealHeaderTool "D:\Documents\MasterBuild\MasterBuild.uproject" "D:\Documents\MasterBuild\Intermediate\Build\Win64\MasterBuildEditor\Development\MasterBuildEditor.uhtmanifest" -LogCmds="loginit warning, logexit warning, logdatabase error" -Unattended -WarningsAsErrors -installed
[2019.10.07-14.45.34:054][807]CompilerResultsLog: Reflection code generated for MasterBuildEditor in 8.6640299 seconds
[2019.10.07-14.45.34:054][807]CompilerResultsLog: Performing 5 actions (4 in parallel)
[2019.10.07-14.45.34:054][807]CompilerResultsLog: MasterBuild.init.gen.cpp
[2019.10.07-14.45.34:054][807]CompilerResultsLog: MyActorComponent.gen.cpp
[2019.10.07-14.45.34:054][807]CompilerResultsLog: MyActorComponent.cpp
[2019.10.07-14.45.34:054][807]CompilerResultsLog: [4/5] Link UE4Editor-MasterBuild-6122.dll
[2019.10.07-14.45.34:054][807]CompilerResultsLog: [5/5] Link UE4Editor-MasterBuild-6122.lib
[2019.10.07-14.45.34:054][807]CompilerResultsLog:    Creating library D:\Documents\MasterBuild\Intermediate\Build\Win64\UE4Editor\Development\UE4Editor-MasterBuild-6122.lib and object D:\Documents\MasterBuild\Intermediate\Build\Win64\UE4Editor\Development\UE4Editor-MasterBuild-6122.exp
[2019.10.07-14.45.34:054][807]CompilerResultsLog:    Creating library D:\Documents\MasterBuild\Intermediate\Build\Win64\UE4Editor\Development\UE4Editor-MasterBuild-6122.suppressed.lib and object D:\Documents\MasterBuild\Intermediate\Build\Win64\UE4Editor\Development\UE4Editor-MasterBuild-6122.suppressed.exp
[2019.10.07-14.45.34:054][807]CompilerResultsLog: Total build time: 10.92 seconds (Local executor: 1.42 seconds)
[2019.10.07-14.45.34:054][807]LogMainFrame: MainFrame: Module compiling took 11.190 seconds
[2019.10.07-14.45.34:359][807]LogClass: Could not find existing class MyActorComponent in package /Script/MasterBuild for HotReload, assuming new class
[2019.10.07-14.45.34:362][807]LogHotReload: Re-instancing MyActorComponent after hot-reload.
[2019.10.07-14.45.34:527][807]LogContentBrowser: Native class hierarchy updated for 'MasterBuild' in 0.0009 seconds. Added 3 classes and 2 folders.
[2019.10.07-14.45.34:529][807]Display: HotReload successful (0 functions remapped  0 scriptstructs remapped)
[2019.10.07-14.45.34:566][807]LogContentBrowser: Native class hierarchy populated in 0.0106 seconds. Added 2456 classes and 562 folders.
[2019.10.07-14.45.34:569][807]Display: HotReload took 11.7s.
[2019.10.07-14.45.35:622][816]LogContentBrowser: Native class hierarchy updated for 'BlueprintGraph' in 0.0012 seconds. Added 116 classes and 0 folders.
[2019.10.07-14.45.36:174][816]LogUObjectGlobals: Created PersistentFrame Addr=0x00000267e0b65628, Size=4, Default__SKEL_PROTO_BP_AnimBlueprint_0_C Function /Engine/Transient.SKEL_PROTO_BP_AnimBlueprint_0_C:ExecuteUbergraph_PROTO_BP_AnimBlueprint_0
[2019.10.07-14.45.36:183][816]LogUObjectGlobals: Created PersistentFrame Addr=0x00000267e0b65620, Size=4, Default__PROTO_BP_AnimBlueprint_0_C Function /Engine/Transient.PROTO_BP_AnimBlueprint_0_C:ExecuteUbergraph_PROTO_BP_AnimBlueprint_0
[2019.10.07-14.45.42:279][958]LogSlate: Window 'ThirdPersonCharacter' being destroyed
[2019.10.07-14.45.46:212][132]LogSlate: Window 'ThirdPersonCharacter' being destroyed
[2019.10.07-14.45.46:624][155]LogSlate: Took 0.013756 seconds to synchronously load lazily loaded font '../../../Engine/Content/Slate/Fonts/Roboto-Italic.ttf' (157K)
[2019.10.07-14.48.18:942][135]LogFileHelpers: Editor autosave (incl. sublevels) for '/Game/ThirdPersonCPP/Maps/ThirdPersonExampleMap' took 0.126
[2019.10.07-14.48.19:369][135]OBJ SavePackage: Generating thumbnails for [1] asset(s) in package [/Game/ThirdPersonCPP/Blueprints/ThirdPersonCharacter] ([1] browsable assets)...
[2019.10.07-14.48.19:657][135]OBJ SavePackage:     Rendered thumbnail for [Blueprint /Game/ThirdPersonCPP/Blueprints/ThirdPersonCharacter.ThirdPersonCharacter]
[2019.10.07-14.48.19:657][135]OBJ SavePackage: Finished generating thumbnails for package [/Game/ThirdPersonCPP/Blueprints/ThirdPersonCharacter]
[2019.10.07-14.48.22:226][135]LogSavePackage: Save=1246.02ms
[2019.10.07-14.48.22:226][135]LogSavePackage: Moving '../../../../../Documents/MasterBuild/Saved/ThirdPersonCharacter_Auto12099AA4E4D5E6AE6626BF2B998FF5E9A.tmp' to '../../../../../Documents/MasterBuild/Saved/Autosaves/Game/ThirdPersonCPP/Blueprints/ThirdPersonCharacter_Auto1.uasset'
[2019.10.07-14.48.22:571][135]LogSavePackage: Display: Finished SavePackage ../../../../../Documents/MasterBuild/Saved/Autosaves/Game/ThirdPersonCPP/Blueprints/ThirdPersonCharacter_Auto1.uasset
[2019.10.07-14.48.22:571][135]LogFileHelpers: Auto-saving content packages took 3.628
[2019.10.07-14.54.46:688][155]LogSlate: Window 'Save Content' being destroyed
[2019.10.07-14.54.47:142][155]LogSlate: Window 'MasterBuild - Unreal Editor' being destroyed
[2019.10.07-14.54.47:142][155]LogWindowsTextInputMethodSystem: Display: IME system now deactivated.
[2019.10.07-14.54.47:477][156]Cmd: QUIT_EDITOR
[2019.10.07-14.54.47:835][156]LogSlate: Slate User Destroyed.  User Index 0, Is Virtual User: 0
[2019.10.07-14.54.47:840][156]LogExit: Preparing to exit.
[2019.10.07-14.54.49:062][156]LogDirectoryWatcher: A directory notification for 'D:/Documents/MasterBuild/Content/' was aborted.
[2019.10.07-14.54.49:252][156]LogUObjectGlobals: Destroyed PersistentFrame Addr=0x00000267a7702c00, Size=72
[2019.10.07-14.54.49:296][156]LogExit: Editor shut down
[2019.10.07-14.54.49:299][156]LogExit: Transaction tracking system shut down
[2019.10.07-14.54.49:305][156]LogUObjectGlobals: Destroyed PersistentFrame Addr=0x00000267e0b65628, Size=4
[2019.10.07-14.54.49:305][156]LogUObjectGlobals: Destroyed PersistentFrame Addr=0x00000267e0b65620, Size=4
[2019.10.07-14.54.49:508][156]LogDirectoryWatcher: A directory notification for '../../../Engine/Content/' was aborted.
[2019.10.07-14.54.49:508][156]LogDirectoryWatcher: A directory notification for '../../../../../Documents/MasterBuild/Content/' was aborted.
[2019.10.07-14.54.49:508][156]LogDirectoryWatcher: A directory notification for '../../Plugins/2D/Paper2D/Content/' was aborted.
[2019.10.07-14.54.49:508][156]LogDirectoryWatcher: A directory notification for '../../Plugins/Enterprise/DatasmithContent/Content/' was aborted.
[2019.10.07-14.54.49:508][156]LogDirectoryWatcher: A directory notification for '../../Plugins/Media/MediaCompositing/Content/' was aborted.
[2019.10.07-14.54.49:508][156]LogDirectoryWatcher: A directory notification for '../../Plugins/Runtime/AppleARKit/Content/' was aborted.
[2019.10.07-14.54.49:508][156]LogDirectoryWatcher: A directory notification for '../../Plugins/Runtime/Oculus/OculusVR/Content/' was aborted.
[2019.10.07-14.54.49:508][156]LogDirectoryWatcher: A directory notification for '../../Plugins/Runtime/Steam/SteamVR/Content/' was aborted.
[2019.10.07-14.54.50:725][156]LogExit: Object subsystem successfully closed.
[2019.10.07-14.54.50:896][156]LogShaderCompilers: Display: Shaders left to compile 0
[2019.10.07-14.54.50:910][156]LogD3D11RHI: Shutdown
[2019.10.07-14.54.50:910][156]LogD3D11RHI: CleanupD3DDevice
[2019.10.07-14.54.50:931][156]LogD3D11RHI: ~FD3D11DynamicRHI
[2019.10.07-14.54.52:122][156]LogModuleManager: Shutting down and abandoning module BlueprintGraph (581)
[2019.10.07-14.54.52:122][156]LogModuleManager: Shutting down and abandoning module MasterBuild (579)
[2019.10.07-14.54.52:122][156]LogModuleManager: Shutting down and abandoning module HierarchicalLODOutliner (576)
[2019.10.07-14.54.52:122][156]LogModuleManager: Shutting down and abandoning module DesktopPlatform (574)
[2019.10.07-14.54.52:145][156]LogModuleManager: Shutting down and abandoning module SceneOutliner (572)
[2019.10.07-14.54.52:153][156]LogModuleManager: Shutting down and abandoning module AddContentDialog (570)
[2019.10.07-14.54.52:158][156]LogDirectoryWatcher: A directory notification for 'D:/UE4/UE_4.19/FeaturePacks/' was aborted.
[2019.10.07-14.54.52:161][156]LogModuleManager: Shutting down and abandoning module WidgetCarousel (569)
[2019.10.07-14.54.52:161][156]LogModuleManager: Shutting down and abandoning module EditorWidgets (566)
[2019.10.07-14.54.52:161][156]LogModuleManager: Shutting down and abandoning module CollectionManager (564)
[2019.10.07-14.54.52:174][156]LogDirectoryWatcher: A directory notification for 'D:/Documents/MasterBuild/Content/Collections/' was aborted.
[2019.10.07-14.54.52:174][156]LogDirectoryWatcher: A directory notification for 'D:/Documents/MasterBuild/Content/Developers/jsimo/Collections/' was aborted.
[2019.10.07-14.54.52:174][156]LogDirectoryWatcher: A directory notification for 'D:/Documents/MasterBuild/Saved/Collections/' was aborted.
[2019.10.07-14.54.52:174][156]LogModuleManager: Shutting down and abandoning module StatsViewer (562)
[2019.10.07-14.54.52:187][156]LogModuleManager: Shutting down and abandoning module FoliageEdit (560)
[2019.10.07-14.54.52:187][156]LogModuleManager: Shutting down and abandoning module LandscapeEditor (558)
[2019.10.07-14.54.52:192][156]LogModuleManager: Shutting down and abandoning module MeshPaintMode (556)
[2019.10.07-14.54.52:206][156]LogModuleManager: Shutting down and abandoning module SceneDepthPickerMode (554)
[2019.10.07-14.54.52:206][156]LogModuleManager: Shutting down and abandoning module ActorPickerMode (552)
[2019.10.07-14.54.52:206][156]LogModuleManager: Shutting down and abandoning module GeometryMode (550)
[2019.10.07-14.54.52:218][156]LogModuleManager: Shutting down and abandoning module TextureAlignMode (548)
[2019.10.07-14.54.52:218][156]LogModuleManager: Shutting down and abandoning module BspMode (546)
[2019.10.07-14.54.52:218][156]LogModuleManager: Shutting down and abandoning module PIEPreviewDeviceProfileSelector (544)
[2019.10.07-14.54.52:218][156]LogModuleManager: Shutting down and abandoning module HardwareSurvey (542)
[2019.10.07-14.54.52:218][156]LogModuleManager: Shutting down and abandoning module SequenceRecorderSections (540)
[2019.10.07-14.54.52:229][156]LogModuleManager: Shutting down and abandoning module AutomationWorker (538)
[2019.10.07-14.54.52:229][156]LogModuleManager: Shutting down and abandoning module AudioCaptureEditor (536)
[2019.10.07-14.54.52:229][156]LogModuleManager: Shutting down and abandoning module SequenceRecorder (535)
[2019.10.07-14.54.52:242][156]LogModuleManager: Shutting down and abandoning module MatineeToLevelSequence (532)
[2019.10.07-14.54.52:248][156]LogModuleManager: Shutting down and abandoning module LevelSequenceEditor (530)
[2019.10.07-14.54.52:274][156]LogModuleManager: Shutting down and abandoning module PlacementMode (529)
[2019.10.07-14.54.52:274][156]LogModuleManager: Shutting down and abandoning module MaterialEditor (528)
[2019.10.07-14.54.52:304][156]LogModuleManager: Shutting down and abandoning module WmfMediaFactory (524)
[2019.10.07-14.54.52:304][156]LogModuleManager: Shutting down and abandoning module WmfMediaEditor (522)
[2019.10.07-14.54.52:304][156]LogModuleManager: Shutting down and abandoning module MediaPlayerEditor (520)
[2019.10.07-14.54.52:333][156]LogModuleManager: Shutting down and abandoning module OpenExrWrapper (518)
[2019.10.07-14.54.52:333][156]LogModuleManager: Shutting down and abandoning module ImgMediaFactory (516)
[2019.10.07-14.54.52:333][156]LogModuleManager: Shutting down and abandoning module ImgMediaEditor (514)
[2019.10.07-14.54.52:340][156]LogModuleManager: Shutting down and abandoning module AvfMediaFactory (512)
[2019.10.07-14.54.52:340][156]LogModuleManager: Shutting down and abandoning module AvfMediaEditor (510)
[2019.10.07-14.54.52:340][156]LogModuleManager: Shutting down and abandoning module AndroidMediaFactory (508)
[2019.10.07-14.54.52:340][156]LogModuleManager: Shutting down and abandoning module AndroidMediaEditor (506)
[2019.10.07-14.54.52:340][156]LogModuleManager: Shutting down and abandoning module CharacterAI (504)
[2019.10.07-14.54.52:340][156]LogModuleManager: Shutting down and abandoning module SmartSnapping (502)
[2019.10.07-14.54.52:340][156]LogModuleManager: Shutting down and abandoning module SessionServices (500)
[2019.10.07-14.54.52:340][156]LogModuleManager: Shutting down and abandoning module ViewportSnapping (498)
[2019.10.07-14.54.52:340][156]LogModuleManager: Shutting down and abandoning module ViewportInteraction (496)
[2019.10.07-14.54.52:340][156]LogModuleManager: Shutting down and abandoning module ClothPainter (494)
[2019.10.07-14.54.52:371][156]LogModuleManager: Shutting down and abandoning module SkeletalMeshEditor (493)
[2019.10.07-14.54.52:382][156]LogModuleManager: Shutting down and abandoning module LogVisualizer (490)
[2019.10.07-14.54.52:394][156]LogModuleManager: Shutting down and abandoning module IntroTutorials (488)
[2019.10.07-14.54.52:427][156]LogModuleManager: Shutting down and abandoning module GameProjectGeneration (487)
[2019.10.07-14.54.52:433][156]LogModuleManager: Shutting down and abandoning module IOSPlatformEditor (484)
[2019.10.07-14.54.52:440][156]LogModuleManager: Shutting down and abandoning module HTML5PlatformEditor (482)
[2019.10.07-14.54.52:440][156]LogModuleManager: Shutting down and abandoning module AndroidPlatformEditor (480)
[2019.10.07-14.54.52:440][156]LogModuleManager: Shutting down and abandoning module AndroidDeviceDetection (479)
[2019.10.07-14.54.52:612][156]LogModuleManager: Shutting down and abandoning module WindowsPlatformEditor (476)
[2019.10.07-14.54.52:612][156]LogModuleManager: Shutting down and abandoning module IOSRuntimeSettings (474)
[2019.10.07-14.54.52:612][156]LogModuleManager: Shutting down and abandoning module AndroidRuntimeSettings (472)
[2019.10.07-14.54.52:612][156]LogModuleManager: Shutting down and abandoning module InputBindingEditor (470)
[2019.10.07-14.54.52:622][156]LogModuleManager: Shutting down and abandoning module MergeActors (468)
[2019.10.07-14.54.52:634][156]LogModuleManager: Shutting down and abandoning module LocalizationDashboard (466)
[2019.10.07-14.54.52:639][156]LogModuleManager: Shutting down and abandoning module LocalizationService (465)
[2019.10.07-14.54.52:650][156]LogModuleManager: Shutting down and abandoning module HardwareTargeting (462)
[2019.10.07-14.54.52:650][156]LogModuleManager: Shutting down and abandoning module DeviceProfileEditor (460)
[2019.10.07-14.54.52:660][156]LogModuleManager: Shutting down and abandoning module UndoHistory (458)
[2019.10.07-14.54.52:660][156]LogModuleManager: Shutting down and abandoning module XmlParser (456)
[2019.10.07-14.54.52:666][156]LogModuleManager: Shutting down and abandoning module Blutility (454)
[2019.10.07-14.54.52:666][156]LogModuleManager: Shutting down and abandoning module ProjectSettingsViewer (452)
[2019.10.07-14.54.52:666][156]LogModuleManager: Shutting down and abandoning module ProjectTargetPlatformEditor (451)
[2019.10.07-14.54.52:666][156]LogModuleManager: Shutting down and abandoning module EditorSettingsViewer (448)
[2019.10.07-14.54.52:666][156]LogModuleManager: Shutting down and abandoning module SettingsEditor (446)
[2019.10.07-14.54.52:672][156]LogModuleManager: Shutting down and abandoning module ProjectLauncher (444)
[2019.10.07-14.54.52:689][156]LogModuleManager: Shutting down and abandoning module SessionFrontend (442)
[2019.10.07-14.54.52:698][156]LogModuleManager: Shutting down and abandoning module ProfilerClient (440)
[2019.10.07-14.54.52:712][156]LogModuleManager: Shutting down and abandoning module DeviceManager (438)
[2019.10.07-14.54.52:723][156]LogModuleManager: Shutting down and abandoning module TargetDeviceServices (437)
[2019.10.07-14.54.52:787][156]LogModuleManager: Shutting down and abandoning module AutomationController (434)
[2019.10.07-14.54.52:795][156]LogModuleManager: Shutting down and abandoning module AutomationWindow (432)
[2019.10.07-14.54.52:808][156]LogModuleManager: Shutting down and abandoning module Layers (430)
[2019.10.07-14.54.52:827][156]LogModuleManager: Shutting down and abandoning module ComponentVisualizers (428)
[2019.10.07-14.54.52:827][156]LogModuleManager: Shutting down and abandoning module DetailCustomizations (426)
[2019.10.07-14.54.52:834][156]LogModuleManager: Shutting down and abandoning module PackagesDialog (424)
[2019.10.07-14.54.52:834][156]LogModuleManager: Shutting down and abandoning module Persona (422)
[2019.10.07-14.54.52:860][156]LogModuleManager: Shutting down and abandoning module AdvancedPreviewScene (421)
[2019.10.07-14.54.52:860][156]LogModuleManager: Shutting down and abandoning module AnimGraph (419)
[2019.10.07-14.54.52:860][156]LogModuleManager: Shutting down and abandoning module Kismet (416)
[2019.10.07-14.54.52:871][156]LogModuleManager: Shutting down and abandoning module GraphEditor (414)
[2019.10.07-14.54.52:871][156]LogModuleManager: Shutting down and abandoning module ClassViewer (412)
[2019.10.07-14.54.52:883][156]LogModuleManager: Shutting down and abandoning module Toolbox (410)
[2019.10.07-14.54.52:883][156]LogModuleManager: Shutting down and abandoning module ModuleUI (408)
[2019.10.07-14.54.52:892][156]LogModuleManager: Shutting down and abandoning module MovieSceneTools (406)
[2019.10.07-14.54.52:913][156]LogModuleManager: Shutting down and abandoning module OutputLog (404)
[2019.10.07-14.54.52:924][156]LogModuleManager: Shutting down and abandoning module GammaUI (402)
[2019.10.07-14.54.52:929][156]LogModuleManager: Shutting down and abandoning module Documentation (400)
[2019.10.07-14.54.52:929][156]LogModuleManager: Shutting down and abandoning module MovieSceneTracks (398)
[2019.10.07-14.54.52:929][156]LogModuleManager: Shutting down and abandoning module MovieScene (396)
[2019.10.07-14.54.52:929][156]LogModuleManager: Shutting down and abandoning module StreamingPauseRendering (394)
[2019.10.07-14.54.52:929][156]LogModuleManager: Shutting down and abandoning module LauncherPlatform (392)
[2019.10.07-14.54.52:929][156]LogModuleManager: Shutting down and abandoning module AnalyticsET (390)
[2019.10.07-14.54.52:929][156]LogModuleManager: Shutting down and abandoning module PortalServices (388)
[2019.10.07-14.54.52:929][156]LogModuleManager: Shutting down and abandoning module PortalRpc (386)
[2019.10.07-14.54.52:929][156]LogModuleManager: Shutting down and abandoning module MessagingRpc (384)
[2019.10.07-14.54.52:929][156]LogModuleManager: Shutting down and abandoning module AIModule (382)
[2019.10.07-14.54.52:929][156]LogModuleManager: Shutting down and abandoning module GameplayDebugger (381)
[2019.10.07-14.54.52:936][156]LogModuleManager: Shutting down and abandoning module AITestSuite (379)
[2019.10.07-14.54.52:945][156]LogModuleManager: Shutting down and abandoning module ProfilerService (376)
[2019.10.07-14.54.53:107][156]LogModuleManager: Shutting down and abandoning module TaskGraph (374)
[2019.10.07-14.54.53:127][156]LogModuleManager: Shutting down and abandoning module SteamVRController (372)
[2019.10.07-14.54.53:127][156]LogModuleManager: Shutting down and abandoning module ProceduralMeshComponentEditor (370)
[2019.10.07-14.54.53:127][156]LogModuleManager: Shutting down and abandoning module ProceduralMeshComponent (368)
[2019.10.07-14.54.53:132][156]LogModuleManager: Shutting down and abandoning module OculusInput (366)
[2019.10.07-14.54.53:144][156]LogModuleManager: Shutting down and abandoning module MobilePatchingUtils (364)
[2019.10.07-14.54.53:144][156]LogModuleManager: Shutting down and abandoning module CustomMeshComponent (362)
[2019.10.07-14.54.53:144][156]LogModuleManager: Shutting down and abandoning module CableComponent (360)
[2019.10.07-14.54.53:155][156]LogModuleManager: Shutting down and abandoning module AudioCapture (358)
[2019.10.07-14.54.53:155][156]LogModuleManager: Shutting down and abandoning module ArchVisCharacter (356)
[2019.10.07-14.54.53:155][156]LogModuleManager: Shutting down and abandoning module AndroidPermission (354)
[2019.10.07-14.54.53:155][156]LogModuleManager: Shutting down and abandoning module NUTUnrealEngine4 (350)
[2019.10.07-14.54.53:155][156]LogModuleManager: Shutting down and abandoning module NetcodeUnitTest (348)
[2019.10.07-14.54.53:183][156]LogModuleManager: Shutting down and abandoning module MediaCompositingEditor (346)
[2019.10.07-14.54.53:183][156]LogModuleManager: Shutting down and abandoning module MediaCompositing (344)
[2019.10.07-14.54.53:183][156]LogModuleManager: Shutting down and abandoning module LinearTimecode (342)
[2019.10.07-14.54.53:183][156]LogModuleManager: Shutting down and abandoning module ImgMedia (340)
[2019.10.07-14.54.53:193][156]LogModuleManager: Shutting down and abandoning module HTML5Networking (338)
[2019.10.07-14.54.53:193][156]LogModuleManager: Shutting down and abandoning module AlembicImporter (336)
[2019.10.07-14.54.53:203][156]LogModuleManager: Shutting down and abandoning module AlembicLibrary (335)
[2019.10.07-14.54.53:203][156]LogModuleManager: Shutting down and abandoning module GeometryCache (334)
[2019.10.07-14.54.53:203][156]LogModuleManager: Shutting down and abandoning module GeometryCacheEd (333)
[2019.10.07-14.54.53:203][156]LogModuleManager: Shutting down and abandoning module DatasmithContent (328)
[2019.10.07-14.54.53:203][156]LogModuleManager: Shutting down and abandoning module SpeedTreeImporter (326)
[2019.10.07-14.54.53:203][156]LogModuleManager: Shutting down and abandoning module PluginBrowser (324)
[2019.10.07-14.54.53:216][156]LogModuleManager: Shutting down and abandoning module MobileLauncherProfileWizard (322)
[2019.10.07-14.54.53:234][156]LogModuleManager: Shutting down and abandoning module CryptoKeysOpenSSL (320)
[2019.10.07-14.54.53:243][156]LogModuleManager: Shutting down and abandoning module CryptoKeys (318)
[2019.10.07-14.54.53:243][156]LogModuleManager: Shutting down and abandoning module VisualStudioSourceCodeAccess (316)
[2019.10.07-14.54.53:243][156]LogModuleManager: Shutting down and abandoning module VisualStudioCodeSourceCodeAccess (314)
[2019.10.07-14.54.53:243][156]LogModuleManager: Shutting down and abandoning module UObjectPlugin (312)
[2019.10.07-14.54.53:243][156]LogModuleManager: Shutting down and abandoning module SubversionSourceControl (310)
[2019.10.07-14.54.53:256][156]LogModuleManager: Shutting down and abandoning module PerforceSourceControl (308)
[2019.10.07-14.54.53:263][156]LogModuleManager: Shutting down and abandoning module GitSourceControl (306)
[2019.10.07-14.54.53:281][156]LogModuleManager: Shutting down and abandoning module SourceControl (305)
[2019.10.07-14.54.53:290][156]LogModuleManager: Shutting down and abandoning module CLionSourceCodeAccess (302)
[2019.10.07-14.54.53:300][156]LogModuleManager: Shutting down and abandoning module LightPropagationVolumeEditor (300)
[2019.10.07-14.54.53:300][156]LogModuleManager: Shutting down and abandoning module PaperTiledImporter (298)
[2019.10.07-14.54.53:300][156]LogModuleManager: Shutting down and abandoning module PaperSpriteSheetImporter (296)
[2019.10.07-14.54.53:300][156]LogModuleManager: Shutting down and abandoning module Paper2DEditor (294)
[2019.10.07-14.54.53:312][156]LogModuleManager: Shutting down and abandoning module MeshPaint (293)
[2019.10.07-14.54.53:325][156]LogModuleManager: Shutting down and abandoning module RuntimePhysXCooking (288)
[2019.10.07-14.54.53:325][156]LogModuleManager: Shutting down and abandoning module PhysXVehiclesEditor (286)
[2019.10.07-14.54.53:325][156]LogModuleManager: Shutting down and abandoning module PhysXVehicles (284)
[2019.10.07-14.54.53:325][156]LogModuleManager: Shutting down and abandoning module OculusEditor (282)
[2019.10.07-14.54.53:325][156]LogModuleManager: Shutting down and abandoning module LocationServicesBPLibrary (280)
[2019.10.07-14.54.53:325][156]LogModuleManager: Shutting down and abandoning module ImmediatePhysicsEditor (278)
[2019.10.07-14.54.53:325][156]LogModuleManager: Shutting down and abandoning module ImmediatePhysics (276)
[2019.10.07-14.54.53:336][156]LogModuleManager: Shutting down and abandoning module ActorSequence (274)
[2019.10.07-14.54.53:336][156]LogModuleManager: Shutting down and abandoning module UdpMessaging (272)
[2019.10.07-14.54.53:447][156]LogModuleManager: Shutting down and abandoning module TcpMessaging (270)
[2019.10.07-14.54.53:561][156]LogModuleManager: Shutting down and abandoning module GameplayTagsEditor (268)
[2019.10.07-14.54.53:595][156]LogModuleManager: Shutting down and abandoning module FacialAnimationEditor (266)
[2019.10.07-14.54.53:595][156]LogModuleManager: Shutting down and abandoning module FacialAnimation (264)
[2019.10.07-14.54.53:595][156]LogModuleManager: Shutting down and abandoning module DataValidation (262)
[2019.10.07-14.54.53:595][156]LogModuleManager: Shutting down and abandoning module AssetManagerEditor (260)
[2019.10.07-14.54.53:641][156]LogModuleManager: Shutting down and abandoning module LevelEditor (259)
[2019.10.07-14.54.53:687][156]LogModuleManager: Shutting down and abandoning module PixelInspectorModule (258)
[2019.10.07-14.54.53:713][156]LogModuleManager: Shutting down and abandoning module CommonMenuExtensions (256)
[2019.10.07-14.54.53:713][156]LogModuleManager: Shutting down and abandoning module MainFrame (254)
[2019.10.07-14.54.53:713][156]LogModuleManager: Shutting down and abandoning module HotReload (253)
[2019.10.07-14.54.53:751][156]LogDirectoryWatcher: A directory notification for 'D:/Documents/MasterBuild/Binaries/Win64' was aborted.
[2019.10.07-14.54.53:775][156]LogModuleManager: Shutting down and abandoning module ContentBrowser (249)
[2019.10.07-14.54.53:776][156]LogModuleManager: Shutting down and abandoning module TreeMap (247)
[2019.10.07-14.54.53:798][156]LogModuleManager: Shutting down and abandoning module LightPropagationVolumeRuntime (244)
[2019.10.07-14.54.53:798][156]LogModuleManager: Shutting down and abandoning module LiveLinkEditor (242)
[2019.10.07-14.54.53:799][156]LogModuleManager: Shutting down and abandoning module LiveLink (240)
[2019.10.07-14.54.54:638][156]LogModuleManager: Shutting down and abandoning module Paper2D (238)
[2019.10.07-14.54.54:686][156]LogModuleManager: Shutting down and abandoning module WindowsMoviePlayer (236)
[2019.10.07-14.54.54:716][156]LogModuleManager: Shutting down and abandoning module WmfMedia (234)
[2019.10.07-14.54.54:759][156]LogModuleManager: Shutting down and abandoning module Media (233)
[2019.10.07-14.54.54:765][156]LogModuleManager: Shutting down and abandoning module PacketHandler (230)
[2019.10.07-14.54.54:765][156]LogModuleManager: Shutting down and abandoning module ClothingSystemEditor (228)
[2019.10.07-14.54.54:765][156]LogModuleManager: Shutting down and abandoning module ClothingSystemRuntime (226)
[2019.10.07-14.54.54:798][156]LogModuleManager: Shutting down and abandoning module MediaAssets (224)
[2019.10.07-14.54.54:798][156]LogModuleManager: Shutting down and abandoning module Overlay (222)
[2019.10.07-14.54.54:798][156]LogModuleManager: Shutting down and abandoning module OverlayEditor (221)
[2019.10.07-14.54.54:798][156]LogModuleManager: Shutting down and abandoning module VREditor (218)
[2019.10.07-14.54.54:873][156]LogModuleManager: Shutting down and abandoning module StringTableEditor (216)
[2019.10.07-14.54.54:873][156]LogModuleManager: Shutting down and abandoning module GameplayTasksEditor (214)
[2019.10.07-14.54.54:873][156]LogModuleManager: Shutting down and abandoning module BehaviorTreeEditor (212)
[2019.10.07-14.54.54:927][156]LogModuleManager: Shutting down and abandoning module FunctionalTesting (210)
[2019.10.07-14.54.54:934][156]LogModuleManager: Shutting down and abandoning module CollisionAnalyzer (208)
[2019.10.07-14.54.54:941][156]LogModuleManager: Shutting down and abandoning module WorkspaceMenuStructure (207)
[2019.10.07-14.54.54:947][156]LogModuleManager: Shutting down and abandoning module UMG (204)
[2019.10.07-14.54.54:958][156]LogModuleManager: Shutting down and abandoning module UMGEditor (203)
[2019.10.07-14.54.54:989][156]LogModuleManager: Shutting down and abandoning module Sequencer (202)
[2019.10.07-14.54.55:007][156]LogModuleManager: Shutting down and abandoning module MessageLog (199)
[2019.10.07-14.54.55:007][156]LogModuleManager: Shutting down and abandoning module SlateReflector (194)
[2019.10.07-14.54.55:023][156]LogModuleManager: Shutting down and abandoning module Slate (192)
[2019.10.07-14.54.55:023][156]LogModuleManager: Shutting down and abandoning module EditorStyle (190)
[2019.10.07-14.54.55:070][156]LogModuleManager: Shutting down and abandoning module MRMesh (188)
[2019.10.07-14.54.55:071][156]LogModuleManager: Shutting down and abandoning module SourceCodeAccess (186)
[2019.10.07-14.54.55:082][156]LogModuleManager: Shutting down and abandoning module HeadMountedDisplay (184)
[2019.10.07-14.54.55:082][156]LogModuleManager: Shutting down and abandoning module XAudio2 (182)
[2019.10.07-14.54.55:083][156]LogModuleManager: Shutting down and abandoning module Networking (180)
[2019.10.07-14.54.55:083][156]LogModuleManager: Shutting down and abandoning module Core (178)
[2019.10.07-14.54.55:083][156]LogModuleManager: Shutting down and abandoning module LevelSequence (176)
[2019.10.07-14.54.55:083][156]LogModuleManager: Shutting down and abandoning module KismetCompiler (174)
[2019.10.07-14.54.55:083][156]LogModuleManager: Shutting down and abandoning module MeshUtilities (172)
[2019.10.07-14.54.55:096][156]LogModuleManager: Shutting down and abandoning module MeshMergeUtilities (171)
[2019.10.07-14.54.55:096][156]LogModuleManager: Shutting down and abandoning module MeshReductionInterface (170)
[2019.10.07-14.54.55:096][156]LogModuleManager: Shutting down and abandoning module SimplygonSwarm (169)
[2019.10.07-14.54.55:107][156]LogModuleManager: Shutting down and abandoning module SimplygonMeshReduction (167)
[2019.10.07-14.54.55:115][156]LogModuleManager: Shutting down and abandoning module QuadricMeshReduction (165)
[2019.10.07-14.54.55:126][156]LogModuleManager: Shutting down and abandoning module MaterialBaking (161)
[2019.10.07-14.54.55:131][156]LogModuleManager: Shutting down and abandoning module DirectoryWatcher (157)
[2019.10.07-14.54.55:133][156]LogModuleManager: Shutting down and abandoning module DerivedDataCache (154)
[2019.10.07-14.54.55:193][156]LogDerivedDataCache: Shutdown
[2019.10.07-14.54.55:193][156]LogModuleManager: Shutting down and abandoning module XGEController (152)
[2019.10.07-14.54.55:193][156]LogXGEController: Cleaning working directory: C:/Users/jsimo/AppData/Local/Temp/UnrealXGEWorkingDir/
[2019.10.07-14.54.55:193][156]LogModuleManager: Shutting down and abandoning module TargetPlatform (150)
[2019.10.07-14.54.55:200][156]LogModuleManager: Shutting down and abandoning module VulkanShaderFormat (149)
[2019.10.07-14.54.55:210][156]LogModuleManager: Shutting down and abandoning module ShaderFormatVectorVM (147)
[2019.10.07-14.54.55:215][156]LogModuleManager: Shutting down and abandoning module ShaderFormatOpenGL (145)
[2019.10.07-14.54.55:224][156]LogModuleManager: Shutting down and abandoning module ShaderFormatD3D (143)
[2019.10.07-14.54.55:237][156]LogModuleManager: Shutting down and abandoning module MetalShaderFormat (141)
[2019.10.07-14.54.55:251][156]LogModuleManager: Shutting down and abandoning module TextureFormatUncompressed (139)
[2019.10.07-14.54.55:251][156]LogModuleManager: Shutting down and abandoning module TextureFormatPVR (137)
[2019.10.07-14.54.55:251][156]LogModuleManager: Shutting down and abandoning module TextureFormatDXT (135)
[2019.10.07-14.54.55:260][156]LogModuleManager: Shutting down and abandoning module TextureFormatIntelISPCTexComp (133)
[2019.10.07-14.54.55:269][156]LogModuleManager: Shutting down and abandoning module TextureFormatASTC (131)
[2019.10.07-14.54.55:269][156]LogModuleManager: Shutting down and abandoning module ImageWrapper (130)
[2019.10.07-14.54.55:269][156]LogModuleManager: Shutting down and abandoning module TextureFormatAndroid (127)
[2019.10.07-14.54.55:273][156]LogModuleManager: Shutting down and abandoning module AudioFormatOpus (125)
[2019.10.07-14.54.55:273][156]LogModuleManager: Shutting down and abandoning module AudioFormatOgg (123)
[2019.10.07-14.54.55:274][156]LogModuleManager: Shutting down and abandoning module AudioFormatADPCM (121)
[2019.10.07-14.54.55:274][156]LogModuleManager: Shutting down and abandoning module LinuxTargetPlatform (119)
[2019.10.07-14.54.55:274][156]LogModuleManager: Shutting down and abandoning module LinuxServerTargetPlatform (117)
[2019.10.07-14.54.55:274][156]LogModuleManager: Shutting down and abandoning module LinuxNoEditorTargetPlatform (115)
[2019.10.07-14.54.55:274][156]LogModuleManager: Shutting down and abandoning module LinuxClientTargetPlatform (113)
[2019.10.07-14.54.55:274][156]LogModuleManager: Shutting down and abandoning module TVOSTargetPlatform (111)
[2019.10.07-14.54.55:274][156]LogModuleManager: Shutting down and abandoning module Messaging (109)
[2019.10.07-14.54.55:274][156]LogModuleManager: Shutting down and abandoning module IOSTargetPlatform (107)
[2019.10.07-14.54.55:274][156]LogModuleManager: Shutting down and abandoning module HTML5TargetPlatform (105)
[2019.10.07-14.54.55:274][156]LogModuleManager: Shutting down and abandoning module AndroidTargetPlatform (103)
[2019.10.07-14.54.55:274][156]LogModuleManager: Shutting down and abandoning module Android_PVRTCTargetPlatform (101)
[2019.10.07-14.54.55:274][156]LogModuleManager: Shutting down and abandoning module Android_MultiTargetPlatform (99)
[2019.10.07-14.54.55:274][156]LogModuleManager: Shutting down and abandoning module Android_ETC2TargetPlatform (97)
[2019.10.07-14.54.55:274][156]LogModuleManager: Shutting down and abandoning module Android_ETC1TargetPlatform (95)
[2019.10.07-14.54.55:274][156]LogModuleManager: Shutting down and abandoning module Android_ETC1aTargetPlatform (93)
[2019.10.07-14.54.55:274][156]LogModuleManager: Shutting down and abandoning module Android_DXTTargetPlatform (91)
[2019.10.07-14.54.55:274][156]LogModuleManager: Shutting down and abandoning module Android_ATCTargetPlatform (89)
[2019.10.07-14.54.55:274][156]LogModuleManager: Shutting down and abandoning module Android_ASTCTargetPlatform (87)
[2019.10.07-14.54.55:274][156]LogModuleManager: Shutting down and abandoning module WindowsTargetPlatform (85)
[2019.10.07-14.54.55:274][156]LogModuleManager: Shutting down and abandoning module WindowsServerTargetPlatform (83)
[2019.10.07-14.54.55:274][156]LogModuleManager: Shutting down and abandoning module WindowsNoEditorTargetPlatform (81)
[2019.10.07-14.54.55:274][156]LogModuleManager: Shutting down and abandoning module WindowsClientTargetPlatform (79)
[2019.10.07-14.54.55:274][156]LogModuleManager: Shutting down and abandoning module MacTargetPlatform (77)
[2019.10.07-14.54.55:274][156]LogModuleManager: Shutting down and abandoning module MacServerTargetPlatform (75)
[2019.10.07-14.54.55:274][156]LogModuleManager: Shutting down and abandoning module MacNoEditorTargetPlatform (73)
[2019.10.07-14.54.55:274][156]LogModuleManager: Shutting down and abandoning module MacClientTargetPlatform (71)
[2019.10.07-14.54.55:274][156]LogModuleManager: Shutting down and abandoning module AllDesktopTargetPlatform (69)
[2019.10.07-14.54.55:274][156]LogModuleManager: Shutting down and abandoning module InputCore (66)
[2019.10.07-14.54.55:274][156]LogModuleManager: Shutting down and abandoning module Settings (64)
[2019.10.07-14.54.55:274][156]LogModuleManager: Shutting down and abandoning module PhysXCooking (62)
[2019.10.07-14.54.55:274][156]LogModuleManager: Shutting down and abandoning module SteamVR (60)
[2019.10.07-14.54.55:274][156]LogModuleManager: Shutting down and abandoning module OculusHMD (58)
[2019.10.07-14.54.55:279][156]LogModuleManager: Shutting down and abandoning module ExampleDeviceProfileSelector (56)
[2019.10.07-14.54.55:279][156]LogModuleManager: Shutting down and abandoning module AppleARKit (54)
[2019.10.07-14.54.55:279][156]LogModuleManager: Shutting down and abandoning module AugmentedReality (51)
[2019.10.07-14.54.55:280][156]LogModuleManager: Shutting down and abandoning module OnlineBlueprintSupport (48)
[2019.10.07-14.54.55:280][156]LogModuleManager: Shutting down and abandoning module OnlineSubsystem (44)
[2019.10.07-14.54.55:317][156]LogModuleManager: Shutting down and abandoning module XMPP (43)
[2019.10.07-14.54.55:330][156]LogModuleManager: Shutting down and abandoning module HTTP (41)
[2019.10.07-14.54.55:350][156]LogHttp: Display: Http module shutting down, but needs to wait on 1 outstanding Http requests:
[2019.10.07-14.54.55:350][156]LogHttp: Display: 	verb=[POST] url=[https://datarouter.ol.epicgames.com/datarouter/api/v1/public/data?SessionID=%7B1C33A5B4-47D7-4225-9B5F-26946B05F6FB%7D&AppID=UEEditor.Rocket.Release&AppVersion=4.19.2-4033788%2B%2B%2BUE4%2BRelease-4.19&UserID=8141bfd145646b16601f668d33e78b71%7C7cb5fa33e23f43938465ce2ac2aa3a48%7Cadf9002b-bac6-43cd-921d-5f191ab25f90&AppEnvironment=datacollector-binary&UploadType=eteventstream] status=Processing
[2019.10.07-14.54.55:371][156]LogModuleManager: Shutting down and abandoning module SSL (40)
[2019.10.07-14.54.55:385][156]LogModuleManager: Shutting down and abandoning module AnimationModifiers (36)
[2019.10.07-14.54.55:398][156]LogModuleManager: Shutting down and abandoning module PropertyEditor (35)
[2019.10.07-14.54.55:408][156]LogModuleManager: Shutting down and abandoning module AudioEditor (32)
[2019.10.07-14.54.55:422][156]LogModuleManager: Shutting down and abandoning module TextureCompressor (30)
[2019.10.07-14.54.55:437][156]LogModuleManager: Shutting down and abandoning module ShaderCore (28)
[2019.10.07-14.54.55:437][156]LogModuleManager: Shutting down and abandoning module Landscape (26)
[2019.10.07-14.54.55:437][156]LogModuleManager: Shutting down and abandoning module SlateRHIRenderer (24)
[2019.10.07-14.54.55:451][156]LogModuleManager: Shutting down and abandoning module OpenGLDrv (22)
[2019.10.07-14.54.55:461][156]LogModuleManager: Shutting down and abandoning module D3D11RHI (20)
[2019.10.07-14.54.55:461][156]LogModuleManager: Shutting down and abandoning module AnimGraphRuntime (18)
[2019.10.07-14.54.55:472][156]LogModuleManager: Shutting down and abandoning module Renderer (16)
[2019.10.07-14.54.55:472][156]LogModuleManager: Shutting down and abandoning module Engine (14)
[2019.10.07-14.54.55:472][156]LogModuleManager: Shutting down and abandoning module CoreUObject (12)
[2019.10.07-14.54.55:472][156]LogModuleManager: Shutting down and abandoning module NetworkFile (10)
[2019.10.07-14.54.55:482][156]LogModuleManager: Shutting down and abandoning module CookedIterativeFile (8)
[2019.10.07-14.54.55:482][156]LogModuleManager: Shutting down and abandoning module StreamingFile (6)
[2019.10.07-14.54.55:489][156]LogModuleManager: Shutting down and abandoning module SandboxFile (4)
[2019.10.07-14.54.55:499][156]LogModuleManager: Shutting down and abandoning module PakFile (2)
[2019.10.07-14.54.55:529][156]LogExit: Exiting.
[2019.10.07-14.54.55:537][156]Log file closed, 10/07/19 15:54:55
