Log file open, 12/10/19 10:02:27
LogWindows: Failed to load 'aqProf.dll' (GetLastError=126)
LogWindows: File 'aqProf.dll' does not exist
LogWindows: Failed to load 'VtuneApi.dll' (GetLastError=126)
LogWindows: File 'VtuneApi.dll' does not exist
LogWindows: Failed to load 'VtuneApi32e.dll' (GetLastError=126)
LogWindows: File 'VtuneApi32e.dll' does not exist
LogInit: Display: Running engine for game: MasterBuild
LogPlatformFile: Not using cached read wrapper
LogInit: Display: RandInit(-1656677839) SRandInit(-1656677838).
LogInit: Read version file with build ID '3944462'
LogInit: Overriding engine version to CL 4033788, compatible CL 3944462
LogInit: Registered custom module enumerator with build ID '3944462'
LogTaskGraph: Started task graph with 5 named threads and 35 total threads with 3 sets of task threads.
LogStats: Stats thread started at 0.509441
LogD3D11RHI: Aftermath initialized
LogICUInternationalization: Display: ICU TimeZone Detection - Raw Offset: +0:00, Platform Override: ''
LogPluginManager: Mounting plugin Paper2D
LogPluginManager: Mounting plugin LiveLink
LogPluginManager: Mounting plugin LightPropagationVolume
LogPluginManager: Mounting plugin CLionSourceCodeAccess
LogPluginManager: Mounting plugin CodeLiteSourceCodeAccess
LogPluginManager: Mounting plugin GitSourceControl
LogPluginManager: Mounting plugin KDevelopSourceCodeAccess
LogPluginManager: Mounting plugin NullSourceCodeAccess
LogPluginManager: Mounting plugin PerforceSourceControl
LogPluginManager: Mounting plugin SubversionSourceControl
LogPluginManager: Mounting plugin UObjectPlugin
LogPluginManager: Mounting plugin VisualStudioCodeSourceCodeAccess
LogPluginManager: Mounting plugin VisualStudioSourceCodeAccess
LogPluginManager: Mounting plugin XCodeSourceCodeAccess
LogPluginManager: Mounting plugin AssetManagerEditor
LogPluginManager: Mounting plugin CryptoKeys
LogPluginManager: Mounting plugin DataValidation
LogPluginManager: Mounting plugin FacialAnimation
LogPluginManager: Mounting plugin GameplayTagsEditor
LogPluginManager: Mounting plugin MobileLauncherProfileWizard
LogPluginManager: Mounting plugin PluginBrowser
LogPluginManager: Mounting plugin SpeedTreeImporter
LogPluginManager: Mounting plugin DatasmithContent
LogPluginManager: Mounting plugin AlembicImporter
LogPluginManager: Mounting plugin CharacterAI
LogPluginManager: Mounting plugin HTML5Networking
LogPluginManager: Mounting plugin AndroidMedia
LogPluginManager: Mounting plugin AvfMedia
LogPluginManager: Mounting plugin ImgMedia
LogPluginManager: Mounting plugin LinearTimecode
LogPluginManager: Mounting plugin MediaCompositing
LogPluginManager: Mounting plugin MediaPlayerEditor
LogPluginManager: Mounting plugin WmfMedia
LogPluginManager: Mounting plugin TcpMessaging
LogPluginManager: Mounting plugin UdpMessaging
LogPluginManager: Mounting plugin ActorSequence
LogPluginManager: Mounting plugin LevelSequenceEditor
LogPluginManager: Mounting plugin MatineeToLevelSequence
LogPluginManager: Mounting plugin NetcodeUnitTest
LogPluginManager: Mounting plugin NUTUnrealEngine4
LogPluginManager: Mounting plugin OnlineSubsystemGooglePlay
LogPluginManager: Mounting plugin OnlineSubsystemIOS
LogPluginManager: Mounting plugin OnlineSubsystem
LogPluginManager: Mounting plugin OnlineSubsystemNull
LogPluginManager: Mounting plugin OnlineSubsystemUtils
LogPluginManager: Mounting plugin AndroidDeviceProfileSelector
LogPluginManager: Mounting plugin AndroidMoviePlayer
LogPluginManager: Mounting plugin AndroidPermission
LogPluginManager: Mounting plugin AppleARKit
LogPluginManager: Mounting plugin AppleMoviePlayer
LogPluginManager: Mounting plugin ArchVisCharacter
LogPluginManager: Mounting plugin AudioCapture
LogPluginManager: Mounting plugin CableComponent
LogPluginManager: Mounting plugin CustomMeshComponent
LogPluginManager: Mounting plugin ExampleDeviceProfileSelector
LogPluginManager: Mounting plugin GoogleCloudMessaging
LogPluginManager: Mounting plugin ImmediatePhysics
LogPluginManager: Mounting plugin IOSDeviceProfileSelector
LogPluginManager: Mounting plugin LinuxDeviceProfileSelector
LogPluginManager: Mounting plugin LocationServicesBPLibrary
LogPluginManager: Mounting plugin MobilePatchingUtils
LogPluginManager: Mounting plugin OculusVR
LogPluginManager: Plugin shader directory ../../../Engine/Plugins/Runtime/Oculus/OculusVR/Shaders found
LogPluginManager: Mapping shader source directory ../../../Engine/Plugins/Runtime/Oculus/OculusVR/Shaders to virtual directory /Plugin/OculusVR
LogPluginManager: Mounting plugin PhysXVehicles
LogPluginManager: Mounting plugin ProceduralMeshComponent
LogPluginManager: Mounting plugin RuntimePhysXCooking
LogPluginManager: Mounting plugin SteamVR
LogPluginManager: Mounting plugin WindowsMoviePlayer
LogStreaming: Display: Took  0.203s to configure plugins.
LogModuleManager: Display: Found up-to-date module file ../../../../../../Users/T7088521/Documents/GitHub/BetaArcade/MasterBuild/Binaries/Win64/UE4Editor-MasterBuild.dll (API version 3944462).
LogModuleManager: Display: Found up-to-date module file ../../../Engine/Plugins/2D/Paper2D/Binaries/Win64/UE4Editor-Paper2D.dll (API version 3944462).
LogModuleManager: Display: Found up-to-date module file ../../../Engine/Plugins/2D/Paper2D/Binaries/Win64/UE4Editor-Paper2DEditor.dll (API version 3944462).
LogModuleManager: Display: Found up-to-date module file ../../../Engine/Plugins/2D/Paper2D/Binaries/Win64/UE4Editor-PaperSpriteSheetImporter.dll (API version 3944462).
LogModuleManager: Display: Found up-to-date module file ../../../Engine/Plugins/2D/Paper2D/Binaries/Win64/UE4Editor-PaperTiledImporter.dll (API version 3944462).
LogModuleManager: Display: Found up-to-date module file ../../../Engine/Plugins/2D/Paper2D/Binaries/Win64/UE4Editor-SmartSnapping.dll (API version 3944462).
LogModuleManager: Display: Found up-to-date module file ../../../Engine/Plugins/Animation/LiveLink/Binaries/Win64/UE4Editor-LiveLink.dll (API version 3944462).
LogModuleManager: Display: Found up-to-date module file ../../../Engine/Plugins/Animation/LiveLink/Binaries/Win64/UE4Editor-LiveLinkEditor.dll (API version 3944462).
LogModuleManager: Display: Found up-to-date module file ../../../Engine/Plugins/Blendables/LightPropagationVolume/Binaries/Win64/UE4Editor-LightPropagationVolumeRuntime.dll (API version 3944462).
LogModuleManager: Display: Found up-to-date module file ../../../Engine/Plugins/Blendables/LightPropagationVolume/Binaries/Win64/UE4Editor-LightPropagationVolumeEditor.dll (API version 3944462).
LogModuleManager: Display: Found up-to-date module file ../../../Engine/Plugins/Developer/CLionSourceCodeAccess/Binaries/Win64/UE4Editor-CLionSourceCodeAccess.dll (API version 3944462).
LogModuleManager: Display: Found up-to-date module file ../../../Engine/Plugins/Developer/GitSourceControl/Binaries/Win64/UE4Editor-GitSourceControl.dll (API version 3944462).
LogModuleManager: Display: Found up-to-date module file ../../../Engine/Plugins/Developer/PerforceSourceControl/Binaries/Win64/UE4Editor-PerforceSourceControl.dll (API version 3944462).
LogModuleManager: Display: Found up-to-date module file ../../../Engine/Plugins/Developer/SubversionSourceControl/Binaries/Win64/UE4Editor-SubversionSourceControl.dll (API version 3944462).
LogModuleManager: Display: Found up-to-date module file ../../../Engine/Plugins/Developer/UObjectPlugin/Binaries/Win64/UE4Editor-UObjectPlugin.dll (API version 3944462).
LogModuleManager: Display: Found up-to-date module file ../../../Engine/Plugins/Developer/VisualStudioCodeSourceCodeAccess/Binaries/Win64/UE4Editor-VisualStudioCodeSourceCodeAccess.dll (API version 3944462).
LogModuleManager: Display: Found up-to-date module file ../../../Engine/Plugins/Developer/VisualStudioSourceCodeAccess/Binaries/Win64/UE4Editor-VisualStudioSourceCodeAccess.dll (API version 3944462).
LogModuleManager: Display: Found up-to-date module file ../../../Engine/Plugins/Editor/AssetManagerEditor/Binaries/Win64/UE4Editor-AssetManagerEditor.dll (API version 3944462).
LogModuleManager: Display: Found up-to-date module file ../../../Engine/Plugins/Editor/CryptoKeys/Binaries/Win64/UE4Editor-CryptoKeys.dll (API version 3944462).
LogModuleManager: Display: Found up-to-date module file ../../../Engine/Plugins/Editor/CryptoKeys/Binaries/Win64/UE4Editor-CryptoKeysOpenSSL.dll (API version 3944462).
LogModuleManager: Display: Found up-to-date module file ../../../Engine/Plugins/Editor/DataValidation/Binaries/Win64/UE4Editor-DataValidation.dll (API version 3944462).
LogModuleManager: Display: Found up-to-date module file ../../../Engine/Plugins/Editor/FacialAnimation/Binaries/Win64/UE4Editor-FacialAnimation.dll (API version 3944462).
LogModuleManager: Display: Found up-to-date module file ../../../Engine/Plugins/Editor/FacialAnimation/Binaries/Win64/UE4Editor-FacialAnimationEditor.dll (API version 3944462).
LogModuleManager: Display: Found up-to-date module file ../../../Engine/Plugins/Editor/GameplayTagsEditor/Binaries/Win64/UE4Editor-GameplayTagsEditor.dll (API version 3944462).
LogModuleManager: Display: Found up-to-date module file ../../../Engine/Plugins/Editor/MobileLauncherProfileWizard/Binaries/Win64/UE4Editor-MobileLauncherProfileWizard.dll (API version 3944462).
LogModuleManager: Display: Found up-to-date module file ../../../Engine/Plugins/Editor/PluginBrowser/Binaries/Win64/UE4Editor-PluginBrowser.dll (API version 3944462).
LogModuleManager: Display: Found up-to-date module file ../../../Engine/Plugins/Editor/SpeedTreeImporter/Binaries/Win64/UE4Editor-SpeedTreeImporter.dll (API version 3944462).
LogModuleManager: Display: Found up-to-date module file ../../../Engine/Plugins/Enterprise/DatasmithContent/Binaries/Win64/UE4Editor-DatasmithContent.dll (API version 3944462).
LogModuleManager: Display: Found up-to-date module file ../../../Engine/Plugins/Experimental/AlembicImporter/Binaries/Win64/UE4Editor-AlembicImporter.dll (API version 3944462).
LogModuleManager: Display: Found up-to-date module file ../../../Engine/Plugins/Experimental/AlembicImporter/Binaries/Win64/UE4Editor-AlembicLibrary.dll (API version 3944462).
LogModuleManager: Display: Found up-to-date module file ../../../Engine/Plugins/Experimental/CharacterAI/Binaries/Win64/UE4Editor-CharacterAI.dll (API version 3944462).
LogModuleManager: Display: Found up-to-date module file ../../../Engine/Plugins/Experimental/HTML5Networking/Binaries/Win64/UE4Editor-HTML5Networking.dll (API version 3944462).
LogModuleManager: Display: Found up-to-date module file ../../../Engine/Plugins/Media/AndroidMedia/Binaries/Win64/UE4Editor-AndroidMediaEditor.dll (API version 3944462).
LogModuleManager: Display: Found up-to-date module file ../../../Engine/Plugins/Media/AndroidMedia/Binaries/Win64/UE4Editor-AndroidMediaFactory.dll (API version 3944462).
LogModuleManager: Display: Found up-to-date module file ../../../Engine/Plugins/Media/AvfMedia/Binaries/Win64/UE4Editor-AvfMediaEditor.dll (API version 3944462).
LogModuleManager: Display: Found up-to-date module file ../../../Engine/Plugins/Media/AvfMedia/Binaries/Win64/UE4Editor-AvfMediaFactory.dll (API version 3944462).
LogModuleManager: Display: Found up-to-date module file ../../../Engine/Plugins/Media/AvfMedia/Binaries/Win64/UE4Editor-AvfMediaFactory.dll (API version 3944462).
LogModuleManager: Display: Found up-to-date module file ../../../Engine/Plugins/Media/ImgMedia/Binaries/Win64/UE4Editor-ImgMedia.dll (API version 3944462).
LogModuleManager: Display: Found up-to-date module file ../../../Engine/Plugins/Media/ImgMedia/Binaries/Win64/UE4Editor-ImgMediaEditor.dll (API version 3944462).
LogModuleManager: Display: Found up-to-date module file ../../../Engine/Plugins/Media/ImgMedia/Binaries/Win64/UE4Editor-ImgMediaFactory.dll (API version 3944462).
LogModuleManager: Display: Found up-to-date module file ../../../Engine/Plugins/Media/ImgMedia/Binaries/Win64/UE4Editor-ImgMediaFactory.dll (API version 3944462).
LogModuleManager: Display: Found up-to-date module file ../../../Engine/Plugins/Media/ImgMedia/Binaries/Win64/UE4Editor-OpenExrWrapper.dll (API version 3944462).
LogModuleManager: Display: Found up-to-date module file ../../../Engine/Plugins/Media/LinearTimecode/Binaries/Win64/UE4Editor-LinearTimecode.dll (API version 3944462).
LogModuleManager: Display: Found up-to-date module file ../../../Engine/Plugins/Media/MediaCompositing/Binaries/Win64/UE4Editor-MediaCompositing.dll (API version 3944462).
LogModuleManager: Display: Found up-to-date module file ../../../Engine/Plugins/Media/MediaCompositing/Binaries/Win64/UE4Editor-MediaCompositingEditor.dll (API version 3944462).
LogModuleManager: Display: Found up-to-date module file ../../../Engine/Plugins/Media/MediaPlayerEditor/Binaries/Win64/UE4Editor-MediaPlayerEditor.dll (API version 3944462).
LogModuleManager: Display: Found up-to-date module file ../../../Engine/Plugins/Media/WmfMedia/Binaries/Win64/UE4Editor-WmfMedia.dll (API version 3944462).
LogModuleManager: Display: Found up-to-date module file ../../../Engine/Plugins/Media/WmfMedia/Binaries/Win64/UE4Editor-WmfMediaEditor.dll (API version 3944462).
LogModuleManager: Display: Found up-to-date module file ../../../Engine/Plugins/Media/WmfMedia/Binaries/Win64/UE4Editor-WmfMediaFactory.dll (API version 3944462).
LogModuleManager: Display: Found up-to-date module file ../../../Engine/Plugins/Media/WmfMedia/Binaries/Win64/UE4Editor-WmfMediaFactory.dll (API version 3944462).
LogModuleManager: Display: Found up-to-date module file ../../../Engine/Plugins/Messaging/TcpMessaging/Binaries/Win64/UE4Editor-TcpMessaging.dll (API version 3944462).
LogModuleManager: Display: Found up-to-date module file ../../../Engine/Plugins/Messaging/UdpMessaging/Binaries/Win64/UE4Editor-UdpMessaging.dll (API version 3944462).
LogModuleManager: Display: Found up-to-date module file ../../../Engine/Plugins/MovieScene/ActorSequence/Binaries/Win64/UE4Editor-ActorSequence.dll (API version 3944462).
LogModuleManager: Display: Found up-to-date module file ../../../Engine/Plugins/MovieScene/LevelSequenceEditor/Binaries/Win64/UE4Editor-LevelSequenceEditor.dll (API version 3944462).
LogModuleManager: Display: Found up-to-date module file ../../../Engine/Plugins/MovieScene/MatineeToLevelSequence/Binaries/Win64/UE4Editor-MatineeToLevelSequence.dll (API version 3944462).
LogModuleManager: Display: Found up-to-date module file ../../../Engine/Plugins/NetcodeUnitTest/NetcodeUnitTest/Binaries/Win64/UE4Editor-NetcodeUnitTest.dll (API version 3944462).
LogModuleManager: Display: Found up-to-date module file ../../../Engine/Plugins/NetcodeUnitTest/NUTUnrealEngine4/Binaries/Win64/UE4Editor-NUTUnrealEngine4.dll (API version 3944462).
LogModuleManager: Display: Found up-to-date module file ../../../Engine/Plugins/Online/OnlineSubsystem/Binaries/Win64/UE4Editor-OnlineSubsystem.dll (API version 3944462).
LogModuleManager: Display: Found up-to-date module file ../../../Engine/Plugins/Online/OnlineSubsystemNull/Binaries/Win64/UE4Editor-OnlineSubsystemNull.dll (API version 3944462).
LogModuleManager: Display: Found up-to-date module file ../../../Engine/Plugins/Online/OnlineSubsystemUtils/Binaries/Win64/UE4Editor-OnlineSubsystemUtils.dll (API version 3944462).
LogModuleManager: Display: Found up-to-date module file ../../../Engine/Plugins/Online/OnlineSubsystemUtils/Binaries/Win64/UE4Editor-OnlineBlueprintSupport.dll (API version 3944462).
LogModuleManager: Display: Found up-to-date module file ../../../Engine/Plugins/Runtime/AndroidDeviceProfileSelector/Binaries/Win64/UE4Editor-AndroidDeviceProfileSelector.dll (API version 3944462).
LogModuleManager: Display: Found up-to-date module file ../../../Engine/Plugins/Runtime/AndroidPermission/Binaries/Win64/UE4Editor-AndroidPermission.dll (API version 3944462).
LogModuleManager: Display: Found up-to-date module file ../../../Engine/Plugins/Runtime/AppleARKit/Binaries/Win64/UE4Editor-AppleARKit.dll (API version 3944462).
LogModuleManager: Display: Found up-to-date module file ../../../Engine/Plugins/Runtime/ArchVisCharacter/Binaries/Win64/UE4Editor-ArchVisCharacter.dll (API version 3944462).
LogModuleManager: Display: Found up-to-date module file ../../../Engine/Plugins/Runtime/AudioCapture/Binaries/Win64/UE4Editor-AudioCapture.dll (API version 3944462).
LogModuleManager: Display: Found up-to-date module file ../../../Engine/Plugins/Runtime/AudioCapture/Binaries/Win64/UE4Editor-AudioCaptureEditor.dll (API version 3944462).
LogModuleManager: Display: Found up-to-date module file ../../../Engine/Plugins/Runtime/CableComponent/Binaries/Win64/UE4Editor-CableComponent.dll (API version 3944462).
LogModuleManager: Display: Found up-to-date module file ../../../Engine/Plugins/Runtime/CustomMeshComponent/Binaries/Win64/UE4Editor-CustomMeshComponent.dll (API version 3944462).
LogModuleManager: Display: Found up-to-date module file ../../../Engine/Plugins/Runtime/ExampleDeviceProfileSelector/Binaries/Win64/UE4Editor-ExampleDeviceProfileSelector.dll (API version 3944462).
LogModuleManager: Display: Found up-to-date module file ../../../Engine/Plugins/Runtime/ImmediatePhysics/Binaries/Win64/UE4Editor-ImmediatePhysics.dll (API version 3944462).
LogModuleManager: Display: Found up-to-date module file ../../../Engine/Plugins/Runtime/ImmediatePhysics/Binaries/Win64/UE4Editor-ImmediatePhysicsEditor.dll (API version 3944462).
LogModuleManager: Display: Found up-to-date module file ../../../Engine/Plugins/Runtime/LocationServicesBPLibrary/Binaries/Win64/UE4Editor-LocationServicesBPLibrary.dll (API version 3944462).
LogModuleManager: Display: Found up-to-date module file ../../../Engine/Plugins/Runtime/MobilePatchingUtils/Binaries/Win64/UE4Editor-MobilePatchingUtils.dll (API version 3944462).
LogModuleManager: Display: Found up-to-date module file ../../../Engine/Plugins/Runtime/Oculus/OculusVR/Binaries/Win64/UE4Editor-OculusHMD.dll (API version 3944462).
LogModuleManager: Display: Found up-to-date module file ../../../Engine/Plugins/Runtime/Oculus/OculusVR/Binaries/Win64/UE4Editor-OculusInput.dll (API version 3944462).
LogModuleManager: Display: Found up-to-date module file ../../../Engine/Plugins/Runtime/Oculus/OculusVR/Binaries/Win64/UE4Editor-OculusEditor.dll (API version 3944462).
LogModuleManager: Display: Found up-to-date module file ../../../Engine/Plugins/Runtime/PhysXVehicles/Binaries/Win64/UE4Editor-PhysXVehicles.dll (API version 3944462).
LogModuleManager: Display: Found up-to-date module file ../../../Engine/Plugins/Runtime/PhysXVehicles/Binaries/Win64/UE4Editor-PhysXVehiclesEditor.dll (API version 3944462).
LogModuleManager: Display: Found up-to-date module file ../../../Engine/Plugins/Runtime/ProceduralMeshComponent/Binaries/Win64/UE4Editor-ProceduralMeshComponent.dll (API version 3944462).
LogModuleManager: Display: Found up-to-date module file ../../../Engine/Plugins/Runtime/ProceduralMeshComponent/Binaries/Win64/UE4Editor-ProceduralMeshComponentEditor.dll (API version 3944462).
LogModuleManager: Display: Found up-to-date module file ../../../Engine/Plugins/Runtime/RuntimePhysXCooking/Binaries/Win64/UE4Editor-RuntimePhysXCooking.dll (API version 3944462).
LogModuleManager: Display: Found up-to-date module file ../../../Engine/Plugins/Runtime/Steam/SteamVR/Binaries/Win64/UE4Editor-SteamVR.dll (API version 3944462).
LogModuleManager: Display: Found up-to-date module file ../../../Engine/Plugins/Runtime/Steam/SteamVR/Binaries/Win64/UE4Editor-SteamVRController.dll (API version 3944462).
LogModuleManager: Display: Found up-to-date module file ../../../Engine/Plugins/Runtime/WindowsMoviePlayer/Binaries/Win64/UE4Editor-WindowsMoviePlayer.dll (API version 3944462).
LogInit: Using libcurl 7.47.1
LogInit:  - built for x86_64-pc-win32
LogInit:  - supports SSL with OpenSSL/1.0.2g
LogInit:  - supports HTTP deflate (compression) using libz 1.2.8
LogInit:  - other features:
LogInit:      CURL_VERSION_SSL
LogInit:      CURL_VERSION_LIBZ
LogInit:      CURL_VERSION_IPV6
LogInit:      CURL_VERSION_ASYNCHDNS
LogInit:      CURL_VERSION_LARGEFILE
LogInit:      CURL_VERSION_IDN
LogInit:  CurlRequestOptions (configurable via config and command line):
LogInit:  - bVerifyPeer = false  - Libcurl will NOT verify peer certificate
LogInit:  - bUseHttpProxy = false  - Libcurl will NOT use HTTP proxy
LogInit:  - bDontReuseConnections = false  - Libcurl will reuse connections
LogInit:  - CertBundlePath = nullptr  - Libcurl will use whatever was configured at build time.
LogInit:  - MaxHostConnections = 16  - Libcurl will limit the number of connections to a host
LogInit:  - LocalHostAddr = Default
LogInit: WinSock: version 1.1 (2.2), MaxSocks=32767, MaxUdp=65467
LogInit: WinSock: I am TU45376 (152.105.218.162:0)
LogInit: Build: ++UE4+Release-4.19-CL-4033788
LogInit: Engine Version: 4.19.2-4033788+++UE4+Release-4.19
LogInit: Compatible Engine Version: 4.19.0-3944462+++UE4+Release-4.19
LogInit: Net CL: 3944462
LogDevObjectVersion: Number of dev versions registered: 18
LogDevObjectVersion:   Dev-Blueprints (B0D832E4-1F89-4F0D-ACCF-7EB736FD4AA2): 10
LogDevObjectVersion:   Dev-Build (E1C64328-A22C-4D53-A36C-8E866417BD8C): 0
LogDevObjectVersion:   Dev-Core (375EC13C-06E4-48FB-B500-84F0262A717E): 2
LogDevObjectVersion:   Dev-Editor (E4B068ED-F494-42E9-A231-DA0B2E46BB41): 23
LogDevObjectVersion:   Dev-Framework (CFFC743F-43B0-4480-9391-14DF171D2073): 33
LogDevObjectVersion:   Dev-Mobile (B02B49B5-BB20-44E9-A304-32B752E40360): 2
LogDevObjectVersion:   Dev-Networking (A4E4105C-59A1-49B5-A7C5-40C4547EDFEE): 0
LogDevObjectVersion:   Dev-Online (39C831C9-5AE6-47DC-9A44-9C173E1C8E7C): 0
LogDevObjectVersion:   Dev-Physics (78F01B33-EBEA-4F98-B9B4-84EACCB95AA2): 0
LogDevObjectVersion:   Dev-Platform (6631380F-2D4D-43E0-8009-CF276956A95A): 0
LogDevObjectVersion:   Dev-Rendering (12F88B9F-8875-4AFC-A67C-D90C383ABD29): 25
LogDevObjectVersion:   Dev-Sequencer (7B5AE74C-D270-4C10-A958-57980B212A5A): 6
LogDevObjectVersion:   Dev-VR (D7296918-1DD6-4BDD-9DE2-64A83CC13884): 1
LogDevObjectVersion:   Dev-LoadTimes (C2A15278-BFE7-4AFE-6C17-90FF531DF755): 1
LogDevObjectVersion:   Private-Geometry (6EACA3D4-40EC-4CC1-B786-8BED09428FC5): 2
LogDevObjectVersion:   Dev-AnimPhys (29E575DD-E0A3-4627-9D10-D276232CDCEA): 16
LogDevObjectVersion:   Dev-ReflectionCapture (6B266CEC-1EC7-4B8F-A30B-E4D90942FC07): 1
LogDevObjectVersion:   Dev-Automation (0DF73D61-A23F-47EA-B727-89E90C41499A): 1
LogInit: Compiled (64-bit): Apr 27 2018 02:06:57
LogInit: Compiled with Visual C++: 19.00.24215.01
LogInit: Build Configuration: Development
LogInit: Branch Name: ++UE4+Release-4.19
LogInit: Command Line:  -skipcompile
LogInit: Base Directory: C:/Program Files/Epic Games/UE_4.19/Engine/Binaries/Win64/
LogInit: Installed Engine Build: 1
LogStreaming: Display: Took  0.012s to delete old logs.
LogInit: Presizing for max 8388607 objects, including 0 objects not considered by GC, pre-allocating 0 bytes for permanent pool.
LogInit: Object subsystem initialized
[2019.12.10-10.02.31:414][  0]LogInit: Selected Device Profile: [Windows]
[2019.12.10-10.02.31:414][  0]LogInit: Applying CVar settings loaded from the selected device profile: [Windows]
[2019.12.10-10.02.31:446][  0]LogInit: Computer: TU45376
[2019.12.10-10.02.31:446][  0]LogInit: User: t7088521
[2019.12.10-10.02.31:446][  0]LogInit: CPU Page size=4096, Cores=6
[2019.12.10-10.02.31:446][  0]LogInit: High frequency timer resolution =10.000000 MHz
[2019.12.10-10.02.31:446][  0]LogMemory: Memory total: Physical=31.9GB (32GB approx)
[2019.12.10-10.02.31:446][  0]LogMemory: Platform Memory Stats for Windows
[2019.12.10-10.02.31:446][  0]LogMemory: Process Physical Memory: 279.35 MB used, 279.35 MB peak
[2019.12.10-10.02.31:446][  0]LogMemory: Process Virtual Memory: 276.00 MB used, 276.00 MB peak
[2019.12.10-10.02.31:446][  0]LogMemory: Physical Memory: 7666.72 MB used,  25017.45 MB free, 32684.17 MB total
[2019.12.10-10.02.31:446][  0]LogMemory: Virtual Memory: 4819.93 MB used,  25017.45 MB free, 134217728.00 MB total
[2019.12.10-10.02.31:484][  0]LogInit: Using OS detected language (en-GB).
[2019.12.10-10.02.31:484][  0]LogInit: Using OS detected locale (en-GB).
[2019.12.10-10.02.31:489][  0]LogTextLocalizationManager: No specific localization for 'en-GB' exists, so the 'en' localization will be used.
[2019.12.10-10.02.31:906][  0]LogStreaming: Display: Took  0.422s to EndInitTextLocalization.
[2019.12.10-10.02.31:906][  0]LogInit: Setting process to per monitor DPI aware
[2019.12.10-10.02.31:967][  0]LogSlate: New Slate User Created.  User Index 0, Is Virtual User: 0
[2019.12.10-10.02.31:967][  0]LogSlate: Slate User Registered.  User Index 0, Is Virtual User: 0
[2019.12.10-10.02.32:264][  0]LogD3D11RHI: D3D11 adapters:
[2019.12.10-10.02.32:334][  0]LogD3D11RHI:    0. 'NVIDIA GeForce GTX 980 Ti' (Feature Level 11_0)
[2019.12.10-10.02.32:334][  0]LogD3D11RHI:       6097/0/16342 MB DedicatedVideo/DedicatedSystem/SharedSystem, Outputs:2, VendorId:0x10de
[2019.12.10-10.02.32:339][  0]LogD3D11RHI:    1. 'Microsoft Basic Render Driver' (Feature Level 11_0)
[2019.12.10-10.02.32:339][  0]LogD3D11RHI:       0/0/16342 MB DedicatedVideo/DedicatedSystem/SharedSystem, Outputs:0, VendorId:0x1414
[2019.12.10-10.02.32:339][  0]LogD3D11RHI: Chosen D3D11 Adapter: 0
[2019.12.10-10.02.32:345][  0]LogD3D11RHI: Creating new Direct3DDevice
[2019.12.10-10.02.32:345][  0]LogD3D11RHI:     GPU DeviceId: 0x17c8 (for the marketing name, search the web for "GPU Device Id")
[2019.12.10-10.02.32:345][  0]LogWindows: EnumDisplayDevices:
[2019.12.10-10.02.32:345][  0]LogWindows:    0. 'NVIDIA GeForce GTX 980 Ti' (P:1 D:1)
[2019.12.10-10.02.32:346][  0]LogWindows:    1. 'NVIDIA GeForce GTX 980 Ti' (P:0 D:1)
[2019.12.10-10.02.32:346][  0]LogWindows:    2. 'NVIDIA GeForce GTX 980 Ti' (P:0 D:0)
[2019.12.10-10.02.32:347][  0]LogWindows:    3. 'NVIDIA GeForce GTX 980 Ti' (P:0 D:0)
[2019.12.10-10.02.32:347][  0]LogWindows: DebugString: GetVideoDriverDetailsInvalid PrimaryIsNotTheChoosenAdapter GetVideoDriverDetailsInvalid PrimaryIsNotTheChoosenAdapter GetVideoDriverDetailsInvalid PrimaryIsNotTheChoosenAdapter GetVideoDriverDetailsInvalid PrimaryIsNotTheChoosenAdapter FoundDriverCount:0 
[2019.12.10-10.02.32:347][  0]LogD3D11RHI:     Adapter Name: NVIDIA GeForce GTX 980 Ti
[2019.12.10-10.02.32:347][  0]LogD3D11RHI:   Driver Version: Unknown (internal:Unknown, unified:Unknown)
[2019.12.10-10.02.32:347][  0]LogD3D11RHI:      Driver Date: Unknown
[2019.12.10-10.02.32:348][  0]LogRHI: Texture pool is 4268 MB (70% of 6097 MB)
[2019.12.10-10.02.32:387][  0]LogD3D11RHI: [Aftermath] Aftermath enabled and primed
[2019.12.10-10.02.32:387][  0]LogD3D11RHI: [Aftermath] Aftermath enabled and primed
[2019.12.10-10.02.32:387][  0]LogD3D11RHI: Async texture creation enabled
[2019.12.10-10.02.32:404][  0]LogD3D11RHI: GPU Timing Frequency: 1000.000000 (Debug: 2 2)
[2019.12.10-10.02.32:497][  0]LogShaderCompilers: Guid format shader working directory is -24 characters bigger than the processId version (../../../../../../Users/T7088521/Documents/GitHub/BetaArcade/MasterBuild/Intermediate/Shaders/WorkingDirectory/15532/).
[2019.12.10-10.02.32:498][  0]LogShaderCompilers: Cleaned the shader compiler working directory 'C:/Users/T7088521/AppData/Local/Temp/UnrealShaderWorkingDir/7B69607240AE7A5B45F6F6968BDD8435/'.
[2019.12.10-10.02.32:820][  0]LogTemp: Display: Loaded TP AllDesktopTargetPlatform
[2019.12.10-10.02.32:852][  0]LogTemp: Display: Loaded TP MacClientTargetPlatform
[2019.12.10-10.02.32:869][  0]LogTemp: Display: Loaded TP MacNoEditorTargetPlatform
[2019.12.10-10.02.32:886][  0]LogTemp: Display: Loaded TP MacServerTargetPlatform
[2019.12.10-10.02.32:902][  0]LogTemp: Display: Loaded TP MacTargetPlatform
[2019.12.10-10.02.32:919][  0]LogTemp: Display: Loaded TP WindowsClientTargetPlatform
[2019.12.10-10.02.32:936][  0]LogTemp: Display: Loaded TP WindowsNoEditorTargetPlatform
[2019.12.10-10.02.32:952][  0]LogTemp: Display: Loaded TP WindowsServerTargetPlatform
[2019.12.10-10.02.32:961][  0]LogTemp: Display: Loaded TP WindowsTargetPlatform
[2019.12.10-10.02.32:977][  0]LogTemp: Display: Loaded TP Android_ASTCTargetPlatform
[2019.12.10-10.02.32:992][  0]LogTemp: Display: Loaded TP Android_ATCTargetPlatform
[2019.12.10-10.02.33:007][  0]LogTemp: Display: Loaded TP Android_DXTTargetPlatform
[2019.12.10-10.02.33:021][  0]LogTemp: Display: Loaded TP Android_ETC1aTargetPlatform
[2019.12.10-10.02.33:038][  0]LogTemp: Display: Loaded TP Android_ETC1TargetPlatform
[2019.12.10-10.02.33:054][  0]LogTemp: Display: Loaded TP Android_ETC2TargetPlatform
[2019.12.10-10.02.33:085][  0]LogTemp: Display: Loaded TP Android_MultiTargetPlatform
[2019.12.10-10.02.33:085][  0]LogTemp: Display: Loaded TP Android_PVRTCTargetPlatform
[2019.12.10-10.02.33:100][  0]LogTemp: Display: Loaded TP AndroidTargetPlatform
[2019.12.10-10.02.33:104][  0]LogTemp: Display: Loaded TP HTML5TargetPlatform
[2019.12.10-10.02.33:148][  0]LogTemp: Display: Loaded TP IOSTargetPlatform
[2019.12.10-10.02.33:173][  0]LogTemp: Display: Loaded TP TVOSTargetPlatform
[2019.12.10-10.02.33:190][  0]LogTemp: Display: Loaded TP LinuxClientTargetPlatform
[2019.12.10-10.02.33:209][  0]LogTemp: Display: Loaded TP LinuxNoEditorTargetPlatform
[2019.12.10-10.02.33:236][  0]LogTemp: Display: Loaded TP LinuxServerTargetPlatform
[2019.12.10-10.02.33:268][  0]LogTemp: Display: Loaded TP LinuxTargetPlatform
[2019.12.10-10.02.33:268][  0]LogTargetPlatformManager: Display: Building Assets For Windows
[2019.12.10-10.02.33:511][  0]LogXGEController: Cleaning working directory: C:/Users/T7088521/AppData/Local/Temp/UnrealXGEWorkingDir/
[2019.12.10-10.02.33:512][  0]LogXGEController: Cannot use XGE Controller as Incredibuild is not installed on this machine.
[2019.12.10-10.02.33:512][  0]LogShaderCompilers: Cannot use XGE Shader Compiler as Incredibuild is not installed on this machine.
[2019.12.10-10.02.33:512][  0]LogShaderCompilers: Display: Using Local Shader Compiler.
[2019.12.10-10.02.34:638][  0]LogDerivedDataCache: Display: Max Cache Size: 512 MB
[2019.12.10-10.02.34:710][  0]LogDerivedDataCache: Loaded boot cache 0.07s 77MB C:/Users/T7088521/AppData/Local/UnrealEngine/4.19/DerivedDataCache/Boot.ddc.
[2019.12.10-10.02.34:710][  0]LogDerivedDataCache: Display: Loaded Boot cache: C:/Users/T7088521/AppData/Local/UnrealEngine/4.19/DerivedDataCache/Boot.ddc
[2019.12.10-10.02.34:710][  0]LogDerivedDataCache: FDerivedDataBackendGraph:  Pak pak cache file ../../../../../../Users/T7088521/Documents/GitHub/BetaArcade/MasterBuild/DerivedDataCache/DDC.ddp not found, will not use a pak cache.
[2019.12.10-10.02.34:710][  0]LogDerivedDataCache: Unable to find inner node Pak for hierarchical cache Hierarchy.
[2019.12.10-10.02.34:711][  0]LogDerivedDataCache: FDerivedDataBackendGraph:  CompressedPak pak cache file ../../../../../../Users/T7088521/Documents/GitHub/BetaArcade/MasterBuild/DerivedDataCache/Compressed.ddp not found, will not use a pak cache.
[2019.12.10-10.02.34:711][  0]LogDerivedDataCache: Unable to find inner node CompressedPak for hierarchical cache Hierarchy.
[2019.12.10-10.02.34:738][  0]LogDerivedDataCache: Display: Pak cache opened for reading ../../../Engine/DerivedDataCache/Compressed.ddp.
[2019.12.10-10.02.34:756][  0]LogDerivedDataCache: Using Local data cache path C:/Users/T7088521/AppData/Local/UnrealEngine/Common/DerivedDataCache: Writable
[2019.12.10-10.02.34:756][  0]LogDerivedDataCache: Shared data cache path not found in *engine.ini, will not use an Shared cache.
[2019.12.10-10.02.34:756][  0]LogDerivedDataCache: Unable to find inner node Shared for hierarchical cache Hierarchy.
[2019.12.10-10.02.34:773][  0]LogMaterial: Verifying Global Shaders for PCD3D_SM5
[2019.12.10-10.02.34:774][  0]LogSlate: Using Freetype 2.6.0
[2019.12.10-10.02.34:775][  0]LogSlate: SlateFontCache - WITH_FREETYPE: 1, WITH_HARFBUZZ: 1
[2019.12.10-10.02.34:775][  0]LogSlate: SlateFontCache - WITH_FREETYPE: 1, WITH_HARFBUZZ: 1
[2019.12.10-10.02.34:982][  0]LogAssetRegistry: FAssetRegistry took 0.0315 seconds to start up
[2019.12.10-10.02.35:378][  0]LogInit: Selected Device Profile: [Windows]
[2019.12.10-10.02.35:588][  0]LogSimplygon: Simplygon DLL not present - disabling.
[2019.12.10-10.02.35:593][  0]LogMeshReduction: Using SimplygonSwarm for distributed automatic mesh merging
[2019.12.10-10.02.35:593][  0]LogMeshReduction: Using QuadricMeshReduction for automatic static mesh reduction
[2019.12.10-10.02.35:593][  0]LogMeshReduction: No automatic skeletal mesh reduction module available
[2019.12.10-10.02.35:593][  0]LogMeshReduction: No automatic mesh merging module available
[2019.12.10-10.02.35:593][  0]LogMeshMerging: No automatic mesh merging module available
[2019.12.10-10.02.35:652][  0]LogNetVersion: MasterBuild , NetCL: 3944462, EngineNetVer: 2, GameNetVer: 0 (Checksum: 2426174287)
[2019.12.10-10.02.36:220][  0]LogPackageLocalizationCache: Processed 9 localized package path(s) for 2 prioritized culture(s) in 0.127010 seconds
[2019.12.10-10.02.36:226][  0]LogUObjectArray: 36728 objects as part of root set at end of initial load.
[2019.12.10-10.02.36:226][  0]LogUObjectAllocator: 7314312 out of 0 bytes used by permanent object pool.
[2019.12.10-10.02.36:226][  0]LogUObjectArray: CloseDisregardForGC: 0/0 objects in disregard for GC pool
[2019.12.10-10.02.38:345][  0]LogTcpMessaging: Initializing TcpMessaging bridge
[2019.12.10-10.02.38:398][  0]LogUdpMessaging: Initializing bridge on interface 0.0.0.0:0 to multicast group 230.0.0.1:6666.
[2019.12.10-10.02.38:906][  0]LogUObjectGlobals: Created PersistentFrame Addr=0x0000019f3bd211c0, Size=64, Default__ThirdPerson_AnimBP_C Function /Game/Mannequin/Animations/ThirdPerson_AnimBP.ThirdPerson_AnimBP_C:ExecuteUbergraph_ThirdPerson_AnimBP
[2019.12.10-10.02.38:917][  0]LogUObjectGlobals: Destroyed PersistentFrame Addr=0x0000019f3bd211c0, Size=64
[2019.12.10-10.02.38:917][  0]LogUObjectGlobals: Created PersistentFrame Addr=0x0000019f3be86b80, Size=64, Default__ThirdPerson_AnimBP_C Function /Engine/Transient.REINST_ThirdPerson_AnimBP_C_0:ExecuteUbergraph_ThirdPerson_AnimBP
[2019.12.10-10.02.38:925][  0]LogUObjectGlobals: Created PersistentFrame Addr=0x0000019f3b72a610, Size=72, Default__ThirdPerson_AnimBP_C Function /Game/Mannequin/Animations/ThirdPerson_AnimBP.ThirdPerson_AnimBP_C:ExecuteUbergraph_ThirdPerson_AnimBP
[2019.12.10-10.02.39:006][  0]LogSkeletalMesh: Skeletal Mesh found in DDC [2.300100ms] /Game/Mannequin/Character/Mesh/SK_Mannequin.SK_Mannequin
[2019.12.10-10.02.39:293][  0]SourceControl: Source control is disabled
[2019.12.10-10.02.39:294][  0]SourceControl: Source control is disabled
[2019.12.10-10.02.39:329][  0]SourceControl: Source control is disabled
[2019.12.10-10.02.39:365][  0]SourceControl: Source control is disabled
[2019.12.10-10.02.40:258][  0]LogAndroidPermission: UAndroidPermissionCallbackProxy::GetInstance
[2019.12.10-10.02.40:588][  0]LogOcInput: OculusInput pre-init called
[2019.12.10-10.02.40:752][  0]LogEngine: Initializing Engine...
[2019.12.10-10.02.40:755][  0]LogHMD: Failed to initialize OpenVR with code 110
[2019.12.10-10.02.40:757][  0]LogStats: UGameplayTagsManager::ConstructGameplayTagTree: Construct from data asset -  0.000 s
[2019.12.10-10.02.40:757][  0]LogStats: UGameplayTagsManager::ConstructGameplayTagTree: GameplayTagTreeChangedEvent.Broadcast -  0.000 s
[2019.12.10-10.02.40:991][  0]LogAIModule: Creating AISystem for world Untitled
[2019.12.10-10.02.41:024][  0]LogInit: XAudio2 using 'Speakers (Realtek High Definition Audio)' : 2 channels at 48 kHz using 32 bits per sample (channel mask 0x3)
[2019.12.10-10.02.41:145][  0]LogInit: FAudioDevice initialized.
[2019.12.10-10.02.41:335][  0]LogDerivedDataCache: Saved boot cache 0.19s 77MB C:/Users/T7088521/AppData/Local/UnrealEngine/4.19/DerivedDataCache/Boot.ddc.
[2019.12.10-10.02.41:350][  0]LogInit: Texture streaming: Enabled
[2019.12.10-10.02.41:406][  0]LogEngineSessionManager: EngineSessionManager initialized
[2019.12.10-10.02.41:406][  0]LogEngineSessionManager: EngineSessionManager sent abnormal shutdown report. Type=Debugger, SessionId={8F03A920-4021-4E0D-FF44-5390557C2A36}
[2019.12.10-10.02.41:406][  0]LogEngineSessionManager: EngineSessionManager sent abnormal shutdown report. Type=Debugger, SessionId={46BFAE14-440A-D285-FA4C-C48DDF4B63AF}
[2019.12.10-10.02.41:420][  0]LogInit: Transaction tracking system initialized
[2019.12.10-10.02.41:459][  0]BlueprintLog: New page: Editor Load
[2019.12.10-10.02.41:619][  0]LocalizationService: Localization service is disabled
[2019.12.10-10.02.41:783][  0]LogConsoleResponse: Display: 
[2019.12.10-10.02.41:940][  0]LogCook: Display: Max memory allowance for cook 16384mb min free memory 0mb
[2019.12.10-10.02.41:940][  0]LogCook: Display: Mobile HDR setting 1
[2019.12.10-10.02.41:940][  0]LogGameplayTags: Display: UGameplayTagsManager::DoneAddingNativeTags. DelegateIsBound: 0
[2019.12.10-10.02.41:940][  0]LogStats: UGameplayTagsManager::ConstructGameplayTagTree: Construct from data asset -  0.000 s
[2019.12.10-10.02.41:941][  0]LogStats: UGameplayTagsManager::ConstructGameplayTagTree: GameplayTagTreeChangedEvent.Broadcast -  0.000 s
[2019.12.10-10.02.42:462][  0]LogFileCache: Scanning file cache for directory 'C:/Users/T7088521/Documents/GitHub/BetaArcade/MasterBuild/Content/' took 0.03s
[2019.12.10-10.02.42:646][  0]SourceControl: Source control is disabled
[2019.12.10-10.02.42:646][  0]Cmd: MAP LOAD FILE="../../../../../../Users/T7088521/Documents/GitHub/BetaArcade/MasterBuild/Content/Woolf/Maps/2/NewSheepHeaven.umap" TEMPLATE=0 SHOWPROGRESS=1 FEATURELEVEL=3
[2019.12.10-10.02.42:646][  0]LightingResults: New page: Lighting Build
[2019.12.10-10.02.42:649][  0]MapCheck: New page: Map Check
[2019.12.10-10.02.42:649][  0]LightingResults: New page: Lighting Build
[2019.12.10-10.02.42:658][  0]LogUObjectGlobals: Destroyed PersistentFrame Addr=0x0000019f3be86b80, Size=64
[2019.12.10-10.02.42:754][  0]LogUObjectGlobals: Created PersistentFrame Addr=0x0000019f2025e500, Size=704, Default__GameInfoInstance_BP_C Function /Game/Woolf/Blueprints/GameInfoInstance_BP.GameInfoInstance_BP_C:ExecuteUbergraph_GameInfoInstance_BP
[2019.12.10-10.02.42:756][  0]LogUObjectGlobals: Created PersistentFrame Addr=0x0000019f1fe2fdc0, Size=32, Default__W_MainMenu_C Function /Game/Woolf/UI/W_MainMenu.W_MainMenu_C:ExecuteUbergraph_W_MainMenu
[2019.12.10-10.02.42:765][  0]LogUObjectGlobals: Created PersistentFrame Addr=0x0000019f201bcb80, Size=64, Default__W_HostMenu_C Function /Game/Woolf/UI/W_HostMenu.W_HostMenu_C:ExecuteUbergraph_W_HostMenu
[2019.12.10-10.02.42:772][  0]LogUObjectGlobals: Created PersistentFrame Addr=0x0000019f1fdf67a0, Size=160, Default__W_JoinMenu_C Function /Game/Woolf/UI/W_JoinMenu.W_JoinMenu_C:ExecuteUbergraph_W_JoinMenu
[2019.12.10-10.02.42:790][  0]LogUObjectGlobals: Destroyed PersistentFrame Addr=0x0000019f2025e500, Size=704
[2019.12.10-10.02.42:790][  0]LogUObjectGlobals: Created PersistentFrame Addr=0x0000019f1fda9300, Size=704, Default__GameInfoInstance_BP_C Function /Engine/Transient.REINST_GameInfoInstance_BP_C_8:ExecuteUbergraph_GameInfoInstance_BP
[2019.12.10-10.02.42:791][  0]LogUObjectGlobals: Destroyed PersistentFrame Addr=0x0000019f201bcb80, Size=64
[2019.12.10-10.02.42:791][  0]LogUObjectGlobals: Created PersistentFrame Addr=0x0000019f1fd37680, Size=64, Default__W_HostMenu_C Function /Engine/Transient.REINST_W_HostMenu_C_0:ExecuteUbergraph_W_HostMenu
[2019.12.10-10.02.42:791][  0]LogUObjectGlobals: Destroyed PersistentFrame Addr=0x0000019f1fdf67a0, Size=160
[2019.12.10-10.02.42:792][  0]LogUObjectGlobals: Created PersistentFrame Addr=0x0000019f1fd40f40, Size=160, Default__W_JoinMenu_C Function /Engine/Transient.REINST_W_JoinMenu_C_1:ExecuteUbergraph_W_JoinMenu
[2019.12.10-10.02.42:792][  0]LogUObjectGlobals: Destroyed PersistentFrame Addr=0x0000019f1fe2fdc0, Size=32
[2019.12.10-10.02.42:792][  0]LogUObjectGlobals: Created PersistentFrame Addr=0x0000019f1fdc10a0, Size=32, Default__W_MainMenu_C Function /Engine/Transient.REINST_W_MainMenu_C_2:ExecuteUbergraph_W_MainMenu
[2019.12.10-10.02.42:806][  0]LogUObjectGlobals: Created PersistentFrame Addr=0x0000019f1fd24a00, Size=704, Default__GameInfoInstance_BP_C Function /Game/Woolf/Blueprints/GameInfoInstance_BP.GameInfoInstance_BP_C:ExecuteUbergraph_GameInfoInstance_BP
[2019.12.10-10.02.42:808][  0]LogUObjectGlobals: Created PersistentFrame Addr=0x0000019f201bdb00, Size=64, Default__W_HostMenu_C Function /Game/Woolf/UI/W_HostMenu.W_HostMenu_C:ExecuteUbergraph_W_HostMenu
[2019.12.10-10.02.42:810][  0]LogUObjectGlobals: Created PersistentFrame Addr=0x0000019f1fa12980, Size=160, Default__W_JoinMenu_C Function /Game/Woolf/UI/W_JoinMenu.W_JoinMenu_C:ExecuteUbergraph_W_JoinMenu
[2019.12.10-10.02.42:811][  0]LogUObjectGlobals: Created PersistentFrame Addr=0x0000019f1fa2ece0, Size=32, Default__W_MainMenu_C Function /Game/Woolf/UI/W_MainMenu.W_MainMenu_C:ExecuteUbergraph_W_MainMenu
[2019.12.10-10.02.42:830][  0]LogUObjectGlobals: Created PersistentFrame Addr=0x0000019f1fc8f810, Size=12, Default__Sheep_BP_C Function /Game/Woolf/Blueprints/Sheep/Sheep_BP.Sheep_BP_C:ExecuteUbergraph_Sheep_BP
[2019.12.10-10.02.42:832][  0]LogUObjectGlobals: Destroyed PersistentFrame Addr=0x0000019f1fc8f810, Size=12
[2019.12.10-10.02.42:833][  0]LogUObjectGlobals: Created PersistentFrame Addr=0x0000019f1fc8f810, Size=12, Default__Sheep_BP_C Function /Engine/Transient.REINST_Sheep_BP_C_15:ExecuteUbergraph_Sheep_BP
[2019.12.10-10.02.42:834][  0]LogUObjectGlobals: Created PersistentFrame Addr=0x0000019f1fc8f8c0, Size=12, Default__Sheep_BP_C Function /Game/Woolf/Blueprints/Sheep/Sheep_BP.Sheep_BP_C:ExecuteUbergraph_Sheep_BP
[2019.12.10-10.02.42:918][  0]LogUObjectGlobals: Created PersistentFrame Addr=0x0000019f1fa2ea60, Size=32, Default__W_ReadyUP_C Function /Game/Woolf/UI/W_ReadyUP.W_ReadyUP_C:ExecuteUbergraph_W_ReadyUP
[2019.12.10-10.02.42:921][  0]LogUObjectGlobals: Destroyed PersistentFrame Addr=0x0000019f1fa2ea60, Size=32
[2019.12.10-10.02.42:921][  0]LogUObjectGlobals: Created PersistentFrame Addr=0x0000019f1fa2ea60, Size=32, Default__W_ReadyUP_C Function /Engine/Transient.REINST_W_ReadyUP_C_3:ExecuteUbergraph_W_ReadyUP
[2019.12.10-10.02.42:922][  0]LogUObjectGlobals: Created PersistentFrame Addr=0x0000019f1fa2e780, Size=32, Default__W_ReadyUP_C Function /Game/Woolf/UI/W_ReadyUP.W_ReadyUP_C:ExecuteUbergraph_W_ReadyUP
[2019.12.10-10.02.42:927][  0]LogUObjectGlobals: Created PersistentFrame Addr=0x0000019f1f989d00, Size=208, Default__NewSheepHeaven_C Function /Game/Woolf/Maps/2/NewSheepHeaven.NewSheepHeaven_C:ExecuteUbergraph_NewSheepHeaven
[2019.12.10-10.02.42:932][  0]LogUObjectGlobals: Destroyed PersistentFrame Addr=0x0000019f1f989d00, Size=208
[2019.12.10-10.02.42:932][  0]LogUObjectGlobals: Created PersistentFrame Addr=0x0000019f1f989d00, Size=208, Default__NewSheepHeaven_C Function /Engine/Transient.REINST_NewSheepHeaven_C_18:ExecuteUbergraph_NewSheepHeaven
[2019.12.10-10.02.42:936][  0]LogUObjectGlobals: Created PersistentFrame Addr=0x0000019f23cb7e40, Size=208, Default__NewSheepHeaven_C Function /Game/Woolf/Maps/2/NewSheepHeaven.NewSheepHeaven_C:ExecuteUbergraph_NewSheepHeaven
[2019.12.10-10.02.43:448][  0]LogAIModule: Creating AISystem for world NewSheepHeaven
[2019.12.10-10.02.43:501][  0]LogEditorServer: Finished looking for orphan Actors (0.000 secs)
[2019.12.10-10.02.43:515][  0]LogUObjectGlobals: Destroyed PersistentFrame Addr=0x0000019f1fda9300, Size=704
[2019.12.10-10.02.43:515][  0]LogUObjectGlobals: Destroyed PersistentFrame Addr=0x0000019f1fdc10a0, Size=32
[2019.12.10-10.02.43:515][  0]LogUObjectGlobals: Destroyed PersistentFrame Addr=0x0000019f1fd37680, Size=64
[2019.12.10-10.02.43:515][  0]LogUObjectGlobals: Destroyed PersistentFrame Addr=0x0000019f1fd40f40, Size=160
[2019.12.10-10.02.43:515][  0]LogUObjectGlobals: Destroyed PersistentFrame Addr=0x0000019f1fc8f810, Size=12
[2019.12.10-10.02.43:515][  0]LogUObjectGlobals: Destroyed PersistentFrame Addr=0x0000019f1fa2ea60, Size=32
[2019.12.10-10.02.43:515][  0]LogUObjectGlobals: Destroyed PersistentFrame Addr=0x0000019f1f989d00, Size=208
[2019.12.10-10.02.43:516][  0]Cmd: MAP CHECKDEP NOCLEARLOG
[2019.12.10-10.02.43:631][  0]MapCheck: Map check complete: 0 Error(s), 0 Warning(s), took 113.958ms to complete.
[2019.12.10-10.02.43:631][  0]LogFileHelpers: Loading map 'NewSheepHeaven' took 0.984
[2019.12.10-10.02.43:818][  0]LogCollectionManager: Loaded 0 collections in 0.002068 seconds
[2019.12.10-10.02.43:880][  0]LogFileCache: Scanning file cache for directory 'C:/Users/T7088521/Documents/GitHub/BetaArcade/MasterBuild/Saved/Collections/' took 0.01s
[2019.12.10-10.02.43:880][  0]LogFileCache: Scanning file cache for directory 'C:/Users/T7088521/Documents/GitHub/BetaArcade/MasterBuild/Content/Developers/t7088521/Collections/' took 0.01s
[2019.12.10-10.02.43:880][  0]LogFileCache: Scanning file cache for directory 'C:/Users/T7088521/Documents/GitHub/BetaArcade/MasterBuild/Content/Collections/' took 0.01s
[2019.12.10-10.02.43:880][  0]LogCollectionManager: Rebuilt the GUID cache for 0 collections in 0.000001 seconds
[2019.12.10-10.02.43:894][  0]LogContentBrowser: Native class hierarchy populated in 0.0132 seconds. Added 2464 classes and 563 folders.
[2019.12.10-10.02.43:903][  0]LogContentBrowser: Native class hierarchy updated for 'WidgetCarousel' in 0.0019 seconds. Added 0 classes and 0 folders.
[2019.12.10-10.02.43:983][  0]LogContentBrowser: Native class hierarchy updated for 'AddContentDialog' in 0.0020 seconds. Added 0 classes and 0 folders.
[2019.12.10-10.02.43:992][  0]LogContentBrowser: Native class hierarchy updated for 'SceneOutliner' in 0.0022 seconds. Added 1 classes and 2 folders.
[2019.12.10-10.02.44:011][  0]LogSlate: Took 0.000314 seconds to synchronously load lazily loaded font '../../../Engine/Content/Slate/Fonts/Roboto-Regular.ttf' (155K)
[2019.12.10-10.02.44:013][  0]LogSlate: Took 0.000201 seconds to synchronously load lazily loaded font '../../../Engine/Content/Slate/Fonts/Roboto-Bold.ttf' (160K)
[2019.12.10-10.02.44:019][  0]LogSlate: Took 0.000286 seconds to synchronously load lazily loaded font '../../../Engine/Content/Editor/Slate/Fonts/FontAwesome.ttf' (139K)
[2019.12.10-10.02.44:118][  0]LogRenderer: Reallocating scene render targets to support 1208x652 Format 10 NumSamples 1 (Frame:1).
[2019.12.10-10.02.44:275][  0]LogContentBrowser: Native class hierarchy updated for 'HierarchicalLODOutliner' in 0.0020 seconds. Added 0 classes and 0 folders.
[2019.12.10-10.02.44:275][  0]LogLoad: (Engine Initialization) Total time: 18.62 seconds
[2019.12.10-10.02.44:275][  0]LogLoad: (Engine Initialization) Total Blueprint compile time: 0.00 seconds
[2019.12.10-10.02.44:306][  0]LogContentStreaming: Texture pool size now 1000 MB
[2019.12.10-10.02.44:362][  0]LogSlate: Took 0.000222 seconds to synchronously load lazily loaded font '../../../Engine/Content/Slate/Fonts/Roboto-Light.ttf' (167K)
[2019.12.10-10.02.44:397][  1]LogAssetRegistry: Asset discovery search completed in 9.4386 seconds
[2019.12.10-10.02.44:399][  1]LogCollectionManager: Rebuilt the object cache for 0 collections in 0.000001 seconds (found 0 objects)
[2019.12.10-10.02.44:399][  1]LogCollectionManager: Fixed up redirectors for 0 collections in 0.000115 seconds (updated 0 objects)
[2019.12.10-10.02.48:960][534]LogSlate: FSceneViewport::OnFocusLost() reason 0
[2019.12.10-10.02.54:237][158]LogSlate: Took 0.000253 seconds to synchronously load lazily loaded font '../../../Engine/Content/Slate/Fonts/Roboto-Light.ttf' (167K)
[2019.12.10-10.02.54:251][158]LogLinker: Warning: Can't find file '/Game/Woolf/Maps/Scott_maps/mainmenuLevel/map/mainmenuLevel_BuiltData'
[2019.12.10-10.02.54:252][158]LogLinker: Warning: Can't find file for asset '/Game/Woolf/Maps/Scott_maps/mainmenuLevel/map/mainmenuLevel_BuiltData' while loading ../../../../../../Users/T7088521/Documents/GitHub/BetaArcade/MasterBuild/Content/Woolf/Maps/Scott_maps/mainmenuLevel/map/mainmenuLevel.umap.
[2019.12.10-10.02.54:252][158]LoadErrors: Error: /Game/Woolf/Maps/Scott_maps/mainmenuLevel/map/mainmenuLevel : Can't find file for asset. /Game/Woolf/Maps/Scott_maps/mainmenuLevel/map/mainmenuLevel_BuiltData
[2019.12.10-10.02.54:270][158]LogLinker: Warning: Can't find file '/Game/Woolf/Maps/Scott_maps/mainmenuLevel/map/mainmenuLevel_BuiltData'
[2019.12.10-10.02.54:270][158]LogLinker: Warning: Can't find file for asset '/Game/Woolf/Maps/Scott_maps/mainmenuLevel/map/mainmenuLevel_BuiltData' while loading ../../../../../../Users/T7088521/Documents/GitHub/BetaArcade/MasterBuild/Content/Woolf/Maps/Scott_maps/mainmenuLevel/map/mainmenuLevel.umap.
[2019.12.10-10.02.54:274][158]LogUObjectGlobals: Created PersistentFrame Addr=0x0000019f4ead3d80, Size=528, Default__mainmenuLevel_C Function /Game/Woolf/Maps/Scott_maps/mainmenuLevel/map/mainmenuLevel.mainmenuLevel_C:ExecuteUbergraph_mainmenuLevel
[2019.12.10-10.02.54:275][158]LogLinker: Warning: Can't find file '/Game/Woolf/Maps/Scott_maps/mainmenuLevel/map/mainmenuLevel_BuiltData'
[2019.12.10-10.02.54:275][158]LogLinker: Warning: Can't find file for asset '/Game/Woolf/Maps/Scott_maps/mainmenuLevel/map/mainmenuLevel_BuiltData' while loading NULL.
[2019.12.10-10.02.54:275][158]LogLinker: Warning: Can't find file '/Game/Woolf/Maps/Scott_maps/mainmenuLevel/map/mainmenuLevel_BuiltData'
[2019.12.10-10.02.54:275][158]LogLinker: Warning: Can't find file for asset '/Game/Woolf/Maps/Scott_maps/mainmenuLevel/map/mainmenuLevel_BuiltData' while loading NULL.
[2019.12.10-10.02.54:279][158]LogUObjectGlobals: Destroyed PersistentFrame Addr=0x0000019f4ead3d80, Size=528
[2019.12.10-10.02.54:279][158]LogUObjectGlobals: Created PersistentFrame Addr=0x0000019f4ead3d80, Size=528, Default__mainmenuLevel_C Function /Engine/Transient.REINST_mainmenuLevel_C_20:ExecuteUbergraph_mainmenuLevel
[2019.12.10-10.02.54:281][158]LogUObjectGlobals: Created PersistentFrame Addr=0x0000019f4ead3100, Size=528, Default__mainmenuLevel_C Function /Game/Woolf/Maps/Scott_maps/mainmenuLevel/map/mainmenuLevel.mainmenuLevel_C:ExecuteUbergraph_mainmenuLevel
[2019.12.10-10.02.54:325][158]LogLinker: Warning: Can't find file '/Game/Woolf/Maps/Scott_maps/mainmenuLevel/map/mainmenuLevel_BuiltData'
[2019.12.10-10.02.54:325][158]LoadErrors: Failed to load /Game/Woolf/Maps/Scott_maps/mainmenuLevel/map/mainmenuLevel_BuiltData.mainmenuLevel_BuiltData Referenced by PersistentLevel
[2019.12.10-10.02.54:325][158]LogLinker: Warning: Can't find file for asset '/Game/Woolf/Maps/Scott_maps/mainmenuLevel/map/mainmenuLevel_BuiltData' while loading NULL.
[2019.12.10-10.02.54:450][158]LogAIModule: Creating AISystem for world mainmenuLevel
[2019.12.10-10.02.54:473][158]LogUObjectGlobals: Destroyed PersistentFrame Addr=0x0000019f4ead3d80, Size=528
[2019.12.10-10.02.54:475][158]Cmd: MAP LOAD FILE="../../../../../../Users/T7088521/Documents/GitHub/BetaArcade/MasterBuild/Content/Woolf/Maps/Scott_maps/mainmenuLevel/map/mainmenuLevel.umap" TEMPLATE=0 SHOWPROGRESS=1 FEATURELEVEL=3
[2019.12.10-10.02.54:475][158]LightingResults: New page: Lighting Build
[2019.12.10-10.02.54:476][158]LoadErrors: New page: Loading map: mainmenuLevel.umap
[2019.12.10-10.02.54:479][158]MapCheck: New page: Map Check
[2019.12.10-10.02.54:479][158]LightingResults: New page: Lighting Build
[2019.12.10-10.02.54:490][158]LogUObjectGlobals: Destroyed PersistentFrame Addr=0x0000019f23cb7e40, Size=208
[2019.12.10-10.02.54:679][158]LogEditorServer: Finished looking for orphan Actors (0.000 secs)
[2019.12.10-10.02.54:747][158]Cmd: MAP CHECKDEP NOCLEARLOG
[2019.12.10-10.02.54:896][158]MapCheck: Map check complete: 0 Error(s), 0 Warning(s), took 148.358ms to complete.
[2019.12.10-10.02.54:898][158]LogFileHelpers: Loading map 'mainmenuLevel' took 0.424
[2019.12.10-10.02.58:397][555]LogTemp: Repeating last play command: Selected Viewport
[2019.12.10-10.02.58:426][555]LogBlueprintUserMessages: Early PlayInEditor Detection: Level '/Game/Woolf/Maps/Scott_maps/mainmenuLevel/map/mainmenuLevel.mainmenuLevel:PersistentLevel' has LevelScriptBlueprint '/Game/Woolf/Maps/Scott_maps/mainmenuLevel/map/mainmenuLevel.mainmenuLevel:PersistentLevel.mainmenuLevel' with GeneratedClass '/Game/Woolf/Maps/Scott_maps/mainmenuLevel/map/mainmenuLevel.mainmenuLevel_C' with ClassGeneratedBy '/Game/Woolf/Maps/Scott_maps/mainmenuLevel/map/mainmenuLevel.mainmenuLevel:PersistentLevel.mainmenuLevel'
[2019.12.10-10.02.58:426][555]LogPlayLevel: PlayLevel: No blueprints needed recompiling
[2019.12.10-10.02.58:426][555]LogOnline: Display: OSS: FOnlineSubsystemNull::Shutdown()
[2019.12.10-10.02.58:426][555]LogOnline: Display: OSS: FOnlineAsyncTaskManager::Stop() ActiveTask:0000000000000000 Tasks[0/0]
[2019.12.10-10.02.58:440][555]LogOnline: Display: OSS: FOnlineAsyncTaskManager::Exit() started
[2019.12.10-10.02.58:441][555]LogOnline: Display: OSS: FOnlineAsyncTaskManager::Exit() finished
[2019.12.10-10.02.58:441][555]PIE: New page: PIE session: mainmenuLevel (10 Dec 2019 10:02:58)
[2019.12.10-10.02.58:441][555]LogPlayLevel: Creating play world package: /Game/Woolf/Maps/Scott_maps/mainmenuLevel/map/UEDPIE_0_mainmenuLevel
[2019.12.10-10.02.58:492][555]LogPlayLevel: PIE: StaticDuplicateObject took: (0.050672s)
[2019.12.10-10.02.58:493][555]LogAIModule: Creating AISystem for world mainmenuLevel
[2019.12.10-10.02.58:494][555]LogPlayLevel: PIE: World Init took: (0.001378s)
[2019.12.10-10.02.58:494][555]LogPlayLevel: PIE: Created PIE world by copying editor world from /Game/Woolf/Maps/Scott_maps/mainmenuLevel/map/mainmenuLevel.mainmenuLevel to /Game/Woolf/Maps/Scott_maps/mainmenuLevel/map/UEDPIE_0_mainmenuLevel.mainmenuLevel (0.052603s)
