Log file open, 11/05/19 05:12:58
LogWindows: Failed to load 'aqProf.dll' (GetLastError=126)
LogWindows: File 'aqProf.dll' does not exist
LogWindows: Failed to load 'VtuneApi.dll' (GetLastError=126)
LogWindows: File 'VtuneApi.dll' does not exist
LogWindows: Failed to load 'VtuneApi32e.dll' (GetLastError=126)
LogWindows: File 'VtuneApi32e.dll' does not exist
LogInit: Display: Running engine for game: MasterBuild
LogPlatformFile: Not using cached read wrapper
LogInit: Display: RandInit(1867006804) SRandInit(1867006804).
LogInit: Read version file with build ID '3944462'
LogInit: Overriding engine version to CL 4033788, compatible CL 3944462
LogInit: Registered custom module enumerator with build ID '3944462'
LogTaskGraph: Started task graph with 5 named threads and 14 total threads with 3 sets of task threads.
LogStats: Stats thread started at 0.177478
LogD3D11RHI: Aftermath initialized
LogICUInternationalization: Display: ICU TimeZone Detection - Raw Offset: +0:00, Platform Override: ''
LogPluginManager: Mounting plugin Paper2D
LogPluginManager: Mounting plugin LiveLink
LogPluginManager: Mounting plugin LightPropagationVolume
LogPluginManager: Mounting plugin CLionSourceCodeAccess
LogPluginManager: Mounting plugin CodeLiteSourceCodeAccess
LogPluginManager: Mounting plugin GitSourceControl
LogPluginManager: Mounting plugin KDevelopSourceCodeAccess
LogPluginManager: Mounting plugin NullSourceCodeAccess
LogPluginManager: Mounting plugin PerforceSourceControl
LogPluginManager: Mounting plugin SubversionSourceControl
LogPluginManager: Mounting plugin UObjectPlugin
LogPluginManager: Mounting plugin VisualStudioCodeSourceCodeAccess
LogPluginManager: Mounting plugin VisualStudioSourceCodeAccess
LogPluginManager: Mounting plugin XCodeSourceCodeAccess
LogPluginManager: Mounting plugin AssetManagerEditor
LogPluginManager: Mounting plugin CryptoKeys
LogPluginManager: Mounting plugin DataValidation
LogPluginManager: Mounting plugin FacialAnimation
LogPluginManager: Mounting plugin GameplayTagsEditor
LogPluginManager: Mounting plugin MobileLauncherProfileWizard
LogPluginManager: Mounting plugin PluginBrowser
LogPluginManager: Mounting plugin SpeedTreeImporter
LogPluginManager: Mounting plugin DatasmithContent
LogPluginManager: Mounting plugin AlembicImporter
LogPluginManager: Mounting plugin CharacterAI
LogPluginManager: Mounting plugin HTML5Networking
LogPluginManager: Mounting plugin AndroidMedia
LogPluginManager: Mounting plugin AvfMedia
LogPluginManager: Mounting plugin ImgMedia
LogPluginManager: Mounting plugin LinearTimecode
LogPluginManager: Mounting plugin MediaCompositing
LogPluginManager: Mounting plugin MediaPlayerEditor
LogPluginManager: Mounting plugin WmfMedia
LogPluginManager: Mounting plugin TcpMessaging
LogPluginManager: Mounting plugin UdpMessaging
LogPluginManager: Mounting plugin ActorSequence
LogPluginManager: Mounting plugin LevelSequenceEditor
LogPluginManager: Mounting plugin MatineeToLevelSequence
LogPluginManager: Mounting plugin NetcodeUnitTest
LogPluginManager: Mounting plugin NUTUnrealEngine4
LogPluginManager: Mounting plugin OnlineSubsystemGooglePlay
LogPluginManager: Mounting plugin OnlineSubsystemIOS
LogPluginManager: Mounting plugin OnlineSubsystem
LogPluginManager: Mounting plugin OnlineSubsystemNull
LogPluginManager: Mounting plugin OnlineSubsystemUtils
LogPluginManager: Mounting plugin AndroidDeviceProfileSelector
LogPluginManager: Mounting plugin AndroidMoviePlayer
LogPluginManager: Mounting plugin AndroidPermission
LogPluginManager: Mounting plugin AppleARKit
LogPluginManager: Mounting plugin AppleMoviePlayer
LogPluginManager: Mounting plugin ArchVisCharacter
LogPluginManager: Mounting plugin AudioCapture
LogPluginManager: Mounting plugin CableComponent
LogPluginManager: Mounting plugin CustomMeshComponent
LogPluginManager: Mounting plugin ExampleDeviceProfileSelector
LogPluginManager: Mounting plugin GoogleCloudMessaging
LogPluginManager: Mounting plugin ImmediatePhysics
LogPluginManager: Mounting plugin IOSDeviceProfileSelector
LogPluginManager: Mounting plugin LinuxDeviceProfileSelector
LogPluginManager: Mounting plugin LocationServicesBPLibrary
LogPluginManager: Mounting plugin MobilePatchingUtils
LogPluginManager: Mounting plugin OculusVR
LogPluginManager: Plugin shader directory ../../../Engine/Plugins/Runtime/Oculus/OculusVR/Shaders found
LogPluginManager: Mapping shader source directory ../../../Engine/Plugins/Runtime/Oculus/OculusVR/Shaders to virtual directory /Plugin/OculusVR
LogPluginManager: Mounting plugin PhysXVehicles
LogPluginManager: Mounting plugin ProceduralMeshComponent
LogPluginManager: Mounting plugin RuntimePhysXCooking
LogPluginManager: Mounting plugin SteamVR
LogPluginManager: Mounting plugin WindowsMoviePlayer
LogStreaming: Display: Took  0.080s to configure plugins.
LogModuleManager: Warning: Module file ../../../../../../Users/marti/Documents/GitHub/BetaArcade/MasterBuild/Binaries/Win64/UE4Editor-MasterBuild-6511.dll is missing. This is likely a stale module that must be recompiled.
LogModuleManager: Display: Found up-to-date module file ../../../Engine/Plugins/2D/Paper2D/Binaries/Win64/UE4Editor-Paper2D.dll (API version 3944462).
LogModuleManager: Display: Found up-to-date module file ../../../Engine/Plugins/2D/Paper2D/Binaries/Win64/UE4Editor-Paper2DEditor.dll (API version 3944462).
LogModuleManager: Display: Found up-to-date module file ../../../Engine/Plugins/2D/Paper2D/Binaries/Win64/UE4Editor-PaperSpriteSheetImporter.dll (API version 3944462).
LogModuleManager: Display: Found up-to-date module file ../../../Engine/Plugins/2D/Paper2D/Binaries/Win64/UE4Editor-PaperTiledImporter.dll (API version 3944462).
LogModuleManager: Display: Found up-to-date module file ../../../Engine/Plugins/2D/Paper2D/Binaries/Win64/UE4Editor-SmartSnapping.dll (API version 3944462).
LogModuleManager: Display: Found up-to-date module file ../../../Engine/Plugins/Animation/LiveLink/Binaries/Win64/UE4Editor-LiveLink.dll (API version 3944462).
LogModuleManager: Display: Found up-to-date module file ../../../Engine/Plugins/Animation/LiveLink/Binaries/Win64/UE4Editor-LiveLinkEditor.dll (API version 3944462).
LogModuleManager: Display: Found up-to-date module file ../../../Engine/Plugins/Blendables/LightPropagationVolume/Binaries/Win64/UE4Editor-LightPropagationVolumeRuntime.dll (API version 3944462).
LogModuleManager: Display: Found up-to-date module file ../../../Engine/Plugins/Blendables/LightPropagationVolume/Binaries/Win64/UE4Editor-LightPropagationVolumeEditor.dll (API version 3944462).
LogModuleManager: Display: Found up-to-date module file ../../../Engine/Plugins/Developer/CLionSourceCodeAccess/Binaries/Win64/UE4Editor-CLionSourceCodeAccess.dll (API version 3944462).
LogModuleManager: Display: Found up-to-date module file ../../../Engine/Plugins/Developer/GitSourceControl/Binaries/Win64/UE4Editor-GitSourceControl.dll (API version 3944462).
LogModuleManager: Display: Found up-to-date module file ../../../Engine/Plugins/Developer/PerforceSourceControl/Binaries/Win64/UE4Editor-PerforceSourceControl.dll (API version 3944462).
LogModuleManager: Display: Found up-to-date module file ../../../Engine/Plugins/Developer/SubversionSourceControl/Binaries/Win64/UE4Editor-SubversionSourceControl.dll (API version 3944462).
LogModuleManager: Display: Found up-to-date module file ../../../Engine/Plugins/Developer/UObjectPlugin/Binaries/Win64/UE4Editor-UObjectPlugin.dll (API version 3944462).
LogModuleManager: Display: Found up-to-date module file ../../../Engine/Plugins/Developer/VisualStudioCodeSourceCodeAccess/Binaries/Win64/UE4Editor-VisualStudioCodeSourceCodeAccess.dll (API version 3944462).
LogModuleManager: Display: Found up-to-date module file ../../../Engine/Plugins/Developer/VisualStudioSourceCodeAccess/Binaries/Win64/UE4Editor-VisualStudioSourceCodeAccess.dll (API version 3944462).
LogModuleManager: Display: Found up-to-date module file ../../../Engine/Plugins/Editor/AssetManagerEditor/Binaries/Win64/UE4Editor-AssetManagerEditor.dll (API version 3944462).
LogModuleManager: Display: Found up-to-date module file ../../../Engine/Plugins/Editor/CryptoKeys/Binaries/Win64/UE4Editor-CryptoKeys.dll (API version 3944462).
LogModuleManager: Display: Found up-to-date module file ../../../Engine/Plugins/Editor/CryptoKeys/Binaries/Win64/UE4Editor-CryptoKeysOpenSSL.dll (API version 3944462).
LogModuleManager: Display: Found up-to-date module file ../../../Engine/Plugins/Editor/DataValidation/Binaries/Win64/UE4Editor-DataValidation.dll (API version 3944462).
LogModuleManager: Display: Found up-to-date module file ../../../Engine/Plugins/Editor/FacialAnimation/Binaries/Win64/UE4Editor-FacialAnimation.dll (API version 3944462).
LogModuleManager: Display: Found up-to-date module file ../../../Engine/Plugins/Editor/FacialAnimation/Binaries/Win64/UE4Editor-FacialAnimationEditor.dll (API version 3944462).
LogModuleManager: Display: Found up-to-date module file ../../../Engine/Plugins/Editor/GameplayTagsEditor/Binaries/Win64/UE4Editor-GameplayTagsEditor.dll (API version 3944462).
LogModuleManager: Display: Found up-to-date module file ../../../Engine/Plugins/Editor/MobileLauncherProfileWizard/Binaries/Win64/UE4Editor-MobileLauncherProfileWizard.dll (API version 3944462).
LogModuleManager: Display: Found up-to-date module file ../../../Engine/Plugins/Editor/PluginBrowser/Binaries/Win64/UE4Editor-PluginBrowser.dll (API version 3944462).
LogModuleManager: Display: Found up-to-date module file ../../../Engine/Plugins/Editor/SpeedTreeImporter/Binaries/Win64/UE4Editor-SpeedTreeImporter.dll (API version 3944462).
LogModuleManager: Display: Found up-to-date module file ../../../Engine/Plugins/Enterprise/DatasmithContent/Binaries/Win64/UE4Editor-DatasmithContent.dll (API version 3944462).
LogModuleManager: Display: Found up-to-date module file ../../../Engine/Plugins/Experimental/AlembicImporter/Binaries/Win64/UE4Editor-AlembicImporter.dll (API version 3944462).
LogModuleManager: Display: Found up-to-date module file ../../../Engine/Plugins/Experimental/AlembicImporter/Binaries/Win64/UE4Editor-AlembicLibrary.dll (API version 3944462).
LogModuleManager: Display: Found up-to-date module file ../../../Engine/Plugins/Experimental/CharacterAI/Binaries/Win64/UE4Editor-CharacterAI.dll (API version 3944462).
LogModuleManager: Display: Found up-to-date module file ../../../Engine/Plugins/Experimental/HTML5Networking/Binaries/Win64/UE4Editor-HTML5Networking.dll (API version 3944462).
LogModuleManager: Display: Found up-to-date module file ../../../Engine/Plugins/Media/AndroidMedia/Binaries/Win64/UE4Editor-AndroidMediaEditor.dll (API version 3944462).
LogModuleManager: Display: Found up-to-date module file ../../../Engine/Plugins/Media/AndroidMedia/Binaries/Win64/UE4Editor-AndroidMediaFactory.dll (API version 3944462).
LogModuleManager: Display: Found up-to-date module file ../../../Engine/Plugins/Media/AvfMedia/Binaries/Win64/UE4Editor-AvfMediaEditor.dll (API version 3944462).
LogModuleManager: Display: Found up-to-date module file ../../../Engine/Plugins/Media/AvfMedia/Binaries/Win64/UE4Editor-AvfMediaFactory.dll (API version 3944462).
LogModuleManager: Display: Found up-to-date module file ../../../Engine/Plugins/Media/AvfMedia/Binaries/Win64/UE4Editor-AvfMediaFactory.dll (API version 3944462).
LogModuleManager: Display: Found up-to-date module file ../../../Engine/Plugins/Media/ImgMedia/Binaries/Win64/UE4Editor-ImgMedia.dll (API version 3944462).
LogModuleManager: Display: Found up-to-date module file ../../../Engine/Plugins/Media/ImgMedia/Binaries/Win64/UE4Editor-ImgMediaEditor.dll (API version 3944462).
LogModuleManager: Display: Found up-to-date module file ../../../Engine/Plugins/Media/ImgMedia/Binaries/Win64/UE4Editor-ImgMediaFactory.dll (API version 3944462).
LogModuleManager: Display: Found up-to-date module file ../../../Engine/Plugins/Media/ImgMedia/Binaries/Win64/UE4Editor-ImgMediaFactory.dll (API version 3944462).
LogModuleManager: Display: Found up-to-date module file ../../../Engine/Plugins/Media/ImgMedia/Binaries/Win64/UE4Editor-OpenExrWrapper.dll (API version 3944462).
LogModuleManager: Display: Found up-to-date module file ../../../Engine/Plugins/Media/LinearTimecode/Binaries/Win64/UE4Editor-LinearTimecode.dll (API version 3944462).
LogModuleManager: Display: Found up-to-date module file ../../../Engine/Plugins/Media/MediaCompositing/Binaries/Win64/UE4Editor-MediaCompositing.dll (API version 3944462).
LogModuleManager: Display: Found up-to-date module file ../../../Engine/Plugins/Media/MediaCompositing/Binaries/Win64/UE4Editor-MediaCompositingEditor.dll (API version 3944462).
LogModuleManager: Display: Found up-to-date module file ../../../Engine/Plugins/Media/MediaPlayerEditor/Binaries/Win64/UE4Editor-MediaPlayerEditor.dll (API version 3944462).
LogModuleManager: Display: Found up-to-date module file ../../../Engine/Plugins/Media/WmfMedia/Binaries/Win64/UE4Editor-WmfMedia.dll (API version 3944462).
LogModuleManager: Display: Found up-to-date module file ../../../Engine/Plugins/Media/WmfMedia/Binaries/Win64/UE4Editor-WmfMediaEditor.dll (API version 3944462).
LogModuleManager: Display: Found up-to-date module file ../../../Engine/Plugins/Media/WmfMedia/Binaries/Win64/UE4Editor-WmfMediaFactory.dll (API version 3944462).
LogModuleManager: Display: Found up-to-date module file ../../../Engine/Plugins/Media/WmfMedia/Binaries/Win64/UE4Editor-WmfMediaFactory.dll (API version 3944462).
LogModuleManager: Display: Found up-to-date module file ../../../Engine/Plugins/Messaging/TcpMessaging/Binaries/Win64/UE4Editor-TcpMessaging.dll (API version 3944462).
LogModuleManager: Display: Found up-to-date module file ../../../Engine/Plugins/Messaging/UdpMessaging/Binaries/Win64/UE4Editor-UdpMessaging.dll (API version 3944462).
LogModuleManager: Display: Found up-to-date module file ../../../Engine/Plugins/MovieScene/ActorSequence/Binaries/Win64/UE4Editor-ActorSequence.dll (API version 3944462).
LogModuleManager: Display: Found up-to-date module file ../../../Engine/Plugins/MovieScene/LevelSequenceEditor/Binaries/Win64/UE4Editor-LevelSequenceEditor.dll (API version 3944462).
LogModuleManager: Display: Found up-to-date module file ../../../Engine/Plugins/MovieScene/MatineeToLevelSequence/Binaries/Win64/UE4Editor-MatineeToLevelSequence.dll (API version 3944462).
LogModuleManager: Display: Found up-to-date module file ../../../Engine/Plugins/NetcodeUnitTest/NetcodeUnitTest/Binaries/Win64/UE4Editor-NetcodeUnitTest.dll (API version 3944462).
LogModuleManager: Display: Found up-to-date module file ../../../Engine/Plugins/NetcodeUnitTest/NUTUnrealEngine4/Binaries/Win64/UE4Editor-NUTUnrealEngine4.dll (API version 3944462).
LogModuleManager: Display: Found up-to-date module file ../../../Engine/Plugins/Online/OnlineSubsystem/Binaries/Win64/UE4Editor-OnlineSubsystem.dll (API version 3944462).
LogModuleManager: Display: Found up-to-date module file ../../../Engine/Plugins/Online/OnlineSubsystemNull/Binaries/Win64/UE4Editor-OnlineSubsystemNull.dll (API version 3944462).
LogModuleManager: Display: Found up-to-date module file ../../../Engine/Plugins/Online/OnlineSubsystemUtils/Binaries/Win64/UE4Editor-OnlineSubsystemUtils.dll (API version 3944462).
LogModuleManager: Display: Found up-to-date module file ../../../Engine/Plugins/Online/OnlineSubsystemUtils/Binaries/Win64/UE4Editor-OnlineBlueprintSupport.dll (API version 3944462).
LogModuleManager: Display: Found up-to-date module file ../../../Engine/Plugins/Runtime/AndroidDeviceProfileSelector/Binaries/Win64/UE4Editor-AndroidDeviceProfileSelector.dll (API version 3944462).
LogModuleManager: Display: Found up-to-date module file ../../../Engine/Plugins/Runtime/AndroidPermission/Binaries/Win64/UE4Editor-AndroidPermission.dll (API version 3944462).
LogModuleManager: Display: Found up-to-date module file ../../../Engine/Plugins/Runtime/AppleARKit/Binaries/Win64/UE4Editor-AppleARKit.dll (API version 3944462).
LogModuleManager: Display: Found up-to-date module file ../../../Engine/Plugins/Runtime/ArchVisCharacter/Binaries/Win64/UE4Editor-ArchVisCharacter.dll (API version 3944462).
LogModuleManager: Display: Found up-to-date module file ../../../Engine/Plugins/Runtime/AudioCapture/Binaries/Win64/UE4Editor-AudioCapture.dll (API version 3944462).
LogModuleManager: Display: Found up-to-date module file ../../../Engine/Plugins/Runtime/AudioCapture/Binaries/Win64/UE4Editor-AudioCaptureEditor.dll (API version 3944462).
LogModuleManager: Display: Found up-to-date module file ../../../Engine/Plugins/Runtime/CableComponent/Binaries/Win64/UE4Editor-CableComponent.dll (API version 3944462).
LogModuleManager: Display: Found up-to-date module file ../../../Engine/Plugins/Runtime/CustomMeshComponent/Binaries/Win64/UE4Editor-CustomMeshComponent.dll (API version 3944462).
LogModuleManager: Display: Found up-to-date module file ../../../Engine/Plugins/Runtime/ExampleDeviceProfileSelector/Binaries/Win64/UE4Editor-ExampleDeviceProfileSelector.dll (API version 3944462).
LogModuleManager: Display: Found up-to-date module file ../../../Engine/Plugins/Runtime/ImmediatePhysics/Binaries/Win64/UE4Editor-ImmediatePhysics.dll (API version 3944462).
LogModuleManager: Display: Found up-to-date module file ../../../Engine/Plugins/Runtime/ImmediatePhysics/Binaries/Win64/UE4Editor-ImmediatePhysicsEditor.dll (API version 3944462).
LogModuleManager: Display: Found up-to-date module file ../../../Engine/Plugins/Runtime/LocationServicesBPLibrary/Binaries/Win64/UE4Editor-LocationServicesBPLibrary.dll (API version 3944462).
LogModuleManager: Display: Found up-to-date module file ../../../Engine/Plugins/Runtime/MobilePatchingUtils/Binaries/Win64/UE4Editor-MobilePatchingUtils.dll (API version 3944462).
LogModuleManager: Display: Found up-to-date module file ../../../Engine/Plugins/Runtime/Oculus/OculusVR/Binaries/Win64/UE4Editor-OculusHMD.dll (API version 3944462).
LogModuleManager: Display: Found up-to-date module file ../../../Engine/Plugins/Runtime/Oculus/OculusVR/Binaries/Win64/UE4Editor-OculusInput.dll (API version 3944462).
LogModuleManager: Display: Found up-to-date module file ../../../Engine/Plugins/Runtime/Oculus/OculusVR/Binaries/Win64/UE4Editor-OculusEditor.dll (API version 3944462).
LogModuleManager: Display: Found up-to-date module file ../../../Engine/Plugins/Runtime/PhysXVehicles/Binaries/Win64/UE4Editor-PhysXVehicles.dll (API version 3944462).
LogModuleManager: Display: Found up-to-date module file ../../../Engine/Plugins/Runtime/PhysXVehicles/Binaries/Win64/UE4Editor-PhysXVehiclesEditor.dll (API version 3944462).
LogModuleManager: Display: Found up-to-date module file ../../../Engine/Plugins/Runtime/ProceduralMeshComponent/Binaries/Win64/UE4Editor-ProceduralMeshComponent.dll (API version 3944462).
LogModuleManager: Display: Found up-to-date module file ../../../Engine/Plugins/Runtime/ProceduralMeshComponent/Binaries/Win64/UE4Editor-ProceduralMeshComponentEditor.dll (API version 3944462).
LogModuleManager: Display: Found up-to-date module file ../../../Engine/Plugins/Runtime/RuntimePhysXCooking/Binaries/Win64/UE4Editor-RuntimePhysXCooking.dll (API version 3944462).
LogModuleManager: Display: Found up-to-date module file ../../../Engine/Plugins/Runtime/Steam/SteamVR/Binaries/Win64/UE4Editor-SteamVR.dll (API version 3944462).
LogModuleManager: Display: Found up-to-date module file ../../../Engine/Plugins/Runtime/Steam/SteamVR/Binaries/Win64/UE4Editor-SteamVRController.dll (API version 3944462).
LogModuleManager: Display: Found up-to-date module file ../../../Engine/Plugins/Runtime/WindowsMoviePlayer/Binaries/Win64/UE4Editor-WindowsMoviePlayer.dll (API version 3944462).
LogInit: Warning: Incompatible or missing module: UE4Editor-MasterBuild.dll
Running C:/Program Files/Epic Games/UE_4.19/Engine/Binaries/DotNET/UnrealBuildTool.exe MasterBuild Development Win64 -project="C:/Users/marti/Documents/GitHub/BetaArcade/MasterBuild/MasterBuild.uproject" -editorrecompile -progress -NoHotReloadFromIDE
Using 'git status' to determine working set for adaptive non-unity build.
@progress push 5%
@progress pop
Target is up to date
Deploying MasterBuildEditor Win64 Development...
Total build time: 1.06 seconds (NoActionsToExecute executor: 0.00 seconds)
LogModuleManager: Display: Found up-to-date module file ../../../../../../Users/marti/Documents/GitHub/BetaArcade/MasterBuild/Binaries/Win64/UE4Editor-MasterBuild.dll (API version 3944462).
LogModuleManager: Display: Found up-to-date module file ../../../Engine/Plugins/2D/Paper2D/Binaries/Win64/UE4Editor-Paper2D.dll (API version 3944462).
LogModuleManager: Display: Found up-to-date module file ../../../Engine/Plugins/2D/Paper2D/Binaries/Win64/UE4Editor-Paper2DEditor.dll (API version 3944462).
LogModuleManager: Display: Found up-to-date module file ../../../Engine/Plugins/2D/Paper2D/Binaries/Win64/UE4Editor-PaperSpriteSheetImporter.dll (API version 3944462).
LogModuleManager: Display: Found up-to-date module file ../../../Engine/Plugins/2D/Paper2D/Binaries/Win64/UE4Editor-PaperTiledImporter.dll (API version 3944462).
LogModuleManager: Display: Found up-to-date module file ../../../Engine/Plugins/2D/Paper2D/Binaries/Win64/UE4Editor-SmartSnapping.dll (API version 3944462).
LogModuleManager: Display: Found up-to-date module file ../../../Engine/Plugins/Animation/LiveLink/Binaries/Win64/UE4Editor-LiveLink.dll (API version 3944462).
LogModuleManager: Display: Found up-to-date module file ../../../Engine/Plugins/Animation/LiveLink/Binaries/Win64/UE4Editor-LiveLinkEditor.dll (API version 3944462).
LogModuleManager: Display: Found up-to-date module file ../../../Engine/Plugins/Blendables/LightPropagationVolume/Binaries/Win64/UE4Editor-LightPropagationVolumeRuntime.dll (API version 3944462).
LogModuleManager: Display: Found up-to-date module file ../../../Engine/Plugins/Blendables/LightPropagationVolume/Binaries/Win64/UE4Editor-LightPropagationVolumeEditor.dll (API version 3944462).
LogModuleManager: Display: Found up-to-date module file ../../../Engine/Plugins/Developer/CLionSourceCodeAccess/Binaries/Win64/UE4Editor-CLionSourceCodeAccess.dll (API version 3944462).
LogModuleManager: Display: Found up-to-date module file ../../../Engine/Plugins/Developer/GitSourceControl/Binaries/Win64/UE4Editor-GitSourceControl.dll (API version 3944462).
LogModuleManager: Display: Found up-to-date module file ../../../Engine/Plugins/Developer/PerforceSourceControl/Binaries/Win64/UE4Editor-PerforceSourceControl.dll (API version 3944462).
LogModuleManager: Display: Found up-to-date module file ../../../Engine/Plugins/Developer/SubversionSourceControl/Binaries/Win64/UE4Editor-SubversionSourceControl.dll (API version 3944462).
LogModuleManager: Display: Found up-to-date module file ../../../Engine/Plugins/Developer/UObjectPlugin/Binaries/Win64/UE4Editor-UObjectPlugin.dll (API version 3944462).
LogModuleManager: Display: Found up-to-date module file ../../../Engine/Plugins/Developer/VisualStudioCodeSourceCodeAccess/Binaries/Win64/UE4Editor-VisualStudioCodeSourceCodeAccess.dll (API version 3944462).
LogModuleManager: Display: Found up-to-date module file ../../../Engine/Plugins/Developer/VisualStudioSourceCodeAccess/Binaries/Win64/UE4Editor-VisualStudioSourceCodeAccess.dll (API version 3944462).
LogModuleManager: Display: Found up-to-date module file ../../../Engine/Plugins/Editor/AssetManagerEditor/Binaries/Win64/UE4Editor-AssetManagerEditor.dll (API version 3944462).
LogModuleManager: Display: Found up-to-date module file ../../../Engine/Plugins/Editor/CryptoKeys/Binaries/Win64/UE4Editor-CryptoKeys.dll (API version 3944462).
LogModuleManager: Display: Found up-to-date module file ../../../Engine/Plugins/Editor/CryptoKeys/Binaries/Win64/UE4Editor-CryptoKeysOpenSSL.dll (API version 3944462).
LogModuleManager: Display: Found up-to-date module file ../../../Engine/Plugins/Editor/DataValidation/Binaries/Win64/UE4Editor-DataValidation.dll (API version 3944462).
LogModuleManager: Display: Found up-to-date module file ../../../Engine/Plugins/Editor/FacialAnimation/Binaries/Win64/UE4Editor-FacialAnimation.dll (API version 3944462).
LogModuleManager: Display: Found up-to-date module file ../../../Engine/Plugins/Editor/FacialAnimation/Binaries/Win64/UE4Editor-FacialAnimationEditor.dll (API version 3944462).
LogModuleManager: Display: Found up-to-date module file ../../../Engine/Plugins/Editor/GameplayTagsEditor/Binaries/Win64/UE4Editor-GameplayTagsEditor.dll (API version 3944462).
LogModuleManager: Display: Found up-to-date module file ../../../Engine/Plugins/Editor/MobileLauncherProfileWizard/Binaries/Win64/UE4Editor-MobileLauncherProfileWizard.dll (API version 3944462).
LogModuleManager: Display: Found up-to-date module file ../../../Engine/Plugins/Editor/PluginBrowser/Binaries/Win64/UE4Editor-PluginBrowser.dll (API version 3944462).
LogModuleManager: Display: Found up-to-date module file ../../../Engine/Plugins/Editor/SpeedTreeImporter/Binaries/Win64/UE4Editor-SpeedTreeImporter.dll (API version 3944462).
LogModuleManager: Display: Found up-to-date module file ../../../Engine/Plugins/Enterprise/DatasmithContent/Binaries/Win64/UE4Editor-DatasmithContent.dll (API version 3944462).
LogModuleManager: Display: Found up-to-date module file ../../../Engine/Plugins/Experimental/AlembicImporter/Binaries/Win64/UE4Editor-AlembicImporter.dll (API version 3944462).
LogModuleManager: Display: Found up-to-date module file ../../../Engine/Plugins/Experimental/AlembicImporter/Binaries/Win64/UE4Editor-AlembicLibrary.dll (API version 3944462).
LogModuleManager: Display: Found up-to-date module file ../../../Engine/Plugins/Experimental/CharacterAI/Binaries/Win64/UE4Editor-CharacterAI.dll (API version 3944462).
LogModuleManager: Display: Found up-to-date module file ../../../Engine/Plugins/Experimental/HTML5Networking/Binaries/Win64/UE4Editor-HTML5Networking.dll (API version 3944462).
LogModuleManager: Display: Found up-to-date module file ../../../Engine/Plugins/Media/AndroidMedia/Binaries/Win64/UE4Editor-AndroidMediaEditor.dll (API version 3944462).
LogModuleManager: Display: Found up-to-date module file ../../../Engine/Plugins/Media/AndroidMedia/Binaries/Win64/UE4Editor-AndroidMediaFactory.dll (API version 3944462).
LogModuleManager: Display: Found up-to-date module file ../../../Engine/Plugins/Media/AvfMedia/Binaries/Win64/UE4Editor-AvfMediaEditor.dll (API version 3944462).
LogModuleManager: Display: Found up-to-date module file ../../../Engine/Plugins/Media/AvfMedia/Binaries/Win64/UE4Editor-AvfMediaFactory.dll (API version 3944462).
LogModuleManager: Display: Found up-to-date module file ../../../Engine/Plugins/Media/AvfMedia/Binaries/Win64/UE4Editor-AvfMediaFactory.dll (API version 3944462).
LogModuleManager: Display: Found up-to-date module file ../../../Engine/Plugins/Media/ImgMedia/Binaries/Win64/UE4Editor-ImgMedia.dll (API version 3944462).
LogModuleManager: Display: Found up-to-date module file ../../../Engine/Plugins/Media/ImgMedia/Binaries/Win64/UE4Editor-ImgMediaEditor.dll (API version 3944462).
LogModuleManager: Display: Found up-to-date module file ../../../Engine/Plugins/Media/ImgMedia/Binaries/Win64/UE4Editor-ImgMediaFactory.dll (API version 3944462).
LogModuleManager: Display: Found up-to-date module file ../../../Engine/Plugins/Media/ImgMedia/Binaries/Win64/UE4Editor-ImgMediaFactory.dll (API version 3944462).
LogModuleManager: Display: Found up-to-date module file ../../../Engine/Plugins/Media/ImgMedia/Binaries/Win64/UE4Editor-OpenExrWrapper.dll (API version 3944462).
LogModuleManager: Display: Found up-to-date module file ../../../Engine/Plugins/Media/LinearTimecode/Binaries/Win64/UE4Editor-LinearTimecode.dll (API version 3944462).
LogModuleManager: Display: Found up-to-date module file ../../../Engine/Plugins/Media/MediaCompositing/Binaries/Win64/UE4Editor-MediaCompositing.dll (API version 3944462).
LogModuleManager: Display: Found up-to-date module file ../../../Engine/Plugins/Media/MediaCompositing/Binaries/Win64/UE4Editor-MediaCompositingEditor.dll (API version 3944462).
LogModuleManager: Display: Found up-to-date module file ../../../Engine/Plugins/Media/MediaPlayerEditor/Binaries/Win64/UE4Editor-MediaPlayerEditor.dll (API version 3944462).
LogModuleManager: Display: Found up-to-date module file ../../../Engine/Plugins/Media/WmfMedia/Binaries/Win64/UE4Editor-WmfMedia.dll (API version 3944462).
LogModuleManager: Display: Found up-to-date module file ../../../Engine/Plugins/Media/WmfMedia/Binaries/Win64/UE4Editor-WmfMediaEditor.dll (API version 3944462).
LogModuleManager: Display: Found up-to-date module file ../../../Engine/Plugins/Media/WmfMedia/Binaries/Win64/UE4Editor-WmfMediaFactory.dll (API version 3944462).
LogModuleManager: Display: Found up-to-date module file ../../../Engine/Plugins/Media/WmfMedia/Binaries/Win64/UE4Editor-WmfMediaFactory.dll (API version 3944462).
LogModuleManager: Display: Found up-to-date module file ../../../Engine/Plugins/Messaging/TcpMessaging/Binaries/Win64/UE4Editor-TcpMessaging.dll (API version 3944462).
LogModuleManager: Display: Found up-to-date module file ../../../Engine/Plugins/Messaging/UdpMessaging/Binaries/Win64/UE4Editor-UdpMessaging.dll (API version 3944462).
LogModuleManager: Display: Found up-to-date module file ../../../Engine/Plugins/MovieScene/ActorSequence/Binaries/Win64/UE4Editor-ActorSequence.dll (API version 3944462).
LogModuleManager: Display: Found up-to-date module file ../../../Engine/Plugins/MovieScene/LevelSequenceEditor/Binaries/Win64/UE4Editor-LevelSequenceEditor.dll (API version 3944462).
LogModuleManager: Display: Found up-to-date module file ../../../Engine/Plugins/MovieScene/MatineeToLevelSequence/Binaries/Win64/UE4Editor-MatineeToLevelSequence.dll (API version 3944462).
LogModuleManager: Display: Found up-to-date module file ../../../Engine/Plugins/NetcodeUnitTest/NetcodeUnitTest/Binaries/Win64/UE4Editor-NetcodeUnitTest.dll (API version 3944462).
LogModuleManager: Display: Found up-to-date module file ../../../Engine/Plugins/NetcodeUnitTest/NUTUnrealEngine4/Binaries/Win64/UE4Editor-NUTUnrealEngine4.dll (API version 3944462).
LogModuleManager: Display: Found up-to-date module file ../../../Engine/Plugins/Online/OnlineSubsystem/Binaries/Win64/UE4Editor-OnlineSubsystem.dll (API version 3944462).
LogModuleManager: Display: Found up-to-date module file ../../../Engine/Plugins/Online/OnlineSubsystemNull/Binaries/Win64/UE4Editor-OnlineSubsystemNull.dll (API version 3944462).
LogModuleManager: Display: Found up-to-date module file ../../../Engine/Plugins/Online/OnlineSubsystemUtils/Binaries/Win64/UE4Editor-OnlineSubsystemUtils.dll (API version 3944462).
LogModuleManager: Display: Found up-to-date module file ../../../Engine/Plugins/Online/OnlineSubsystemUtils/Binaries/Win64/UE4Editor-OnlineBlueprintSupport.dll (API version 3944462).
LogModuleManager: Display: Found up-to-date module file ../../../Engine/Plugins/Runtime/AndroidDeviceProfileSelector/Binaries/Win64/UE4Editor-AndroidDeviceProfileSelector.dll (API version 3944462).
LogModuleManager: Display: Found up-to-date module file ../../../Engine/Plugins/Runtime/AndroidPermission/Binaries/Win64/UE4Editor-AndroidPermission.dll (API version 3944462).
LogModuleManager: Display: Found up-to-date module file ../../../Engine/Plugins/Runtime/AppleARKit/Binaries/Win64/UE4Editor-AppleARKit.dll (API version 3944462).
LogModuleManager: Display: Found up-to-date module file ../../../Engine/Plugins/Runtime/ArchVisCharacter/Binaries/Win64/UE4Editor-ArchVisCharacter.dll (API version 3944462).
LogModuleManager: Display: Found up-to-date module file ../../../Engine/Plugins/Runtime/AudioCapture/Binaries/Win64/UE4Editor-AudioCapture.dll (API version 3944462).
LogModuleManager: Display: Found up-to-date module file ../../../Engine/Plugins/Runtime/AudioCapture/Binaries/Win64/UE4Editor-AudioCaptureEditor.dll (API version 3944462).
LogModuleManager: Display: Found up-to-date module file ../../../Engine/Plugins/Runtime/CableComponent/Binaries/Win64/UE4Editor-CableComponent.dll (API version 3944462).
LogModuleManager: Display: Found up-to-date module file ../../../Engine/Plugins/Runtime/CustomMeshComponent/Binaries/Win64/UE4Editor-CustomMeshComponent.dll (API version 3944462).
LogModuleManager: Display: Found up-to-date module file ../../../Engine/Plugins/Runtime/ExampleDeviceProfileSelector/Binaries/Win64/UE4Editor-ExampleDeviceProfileSelector.dll (API version 3944462).
LogModuleManager: Display: Found up-to-date module file ../../../Engine/Plugins/Runtime/ImmediatePhysics/Binaries/Win64/UE4Editor-ImmediatePhysics.dll (API version 3944462).
LogModuleManager: Display: Found up-to-date module file ../../../Engine/Plugins/Runtime/ImmediatePhysics/Binaries/Win64/UE4Editor-ImmediatePhysicsEditor.dll (API version 3944462).
LogModuleManager: Display: Found up-to-date module file ../../../Engine/Plugins/Runtime/LocationServicesBPLibrary/Binaries/Win64/UE4Editor-LocationServicesBPLibrary.dll (API version 3944462).
LogModuleManager: Display: Found up-to-date module file ../../../Engine/Plugins/Runtime/MobilePatchingUtils/Binaries/Win64/UE4Editor-MobilePatchingUtils.dll (API version 3944462).
LogModuleManager: Display: Found up-to-date module file ../../../Engine/Plugins/Runtime/Oculus/OculusVR/Binaries/Win64/UE4Editor-OculusHMD.dll (API version 3944462).
LogModuleManager: Display: Found up-to-date module file ../../../Engine/Plugins/Runtime/Oculus/OculusVR/Binaries/Win64/UE4Editor-OculusInput.dll (API version 3944462).
LogModuleManager: Display: Found up-to-date module file ../../../Engine/Plugins/Runtime/Oculus/OculusVR/Binaries/Win64/UE4Editor-OculusEditor.dll (API version 3944462).
LogModuleManager: Display: Found up-to-date module file ../../../Engine/Plugins/Runtime/PhysXVehicles/Binaries/Win64/UE4Editor-PhysXVehicles.dll (API version 3944462).
LogModuleManager: Display: Found up-to-date module file ../../../Engine/Plugins/Runtime/PhysXVehicles/Binaries/Win64/UE4Editor-PhysXVehiclesEditor.dll (API version 3944462).
LogModuleManager: Display: Found up-to-date module file ../../../Engine/Plugins/Runtime/ProceduralMeshComponent/Binaries/Win64/UE4Editor-ProceduralMeshComponent.dll (API version 3944462).
LogModuleManager: Display: Found up-to-date module file ../../../Engine/Plugins/Runtime/ProceduralMeshComponent/Binaries/Win64/UE4Editor-ProceduralMeshComponentEditor.dll (API version 3944462).
LogModuleManager: Display: Found up-to-date module file ../../../Engine/Plugins/Runtime/RuntimePhysXCooking/Binaries/Win64/UE4Editor-RuntimePhysXCooking.dll (API version 3944462).
LogModuleManager: Display: Found up-to-date module file ../../../Engine/Plugins/Runtime/Steam/SteamVR/Binaries/Win64/UE4Editor-SteamVR.dll (API version 3944462).
LogModuleManager: Display: Found up-to-date module file ../../../Engine/Plugins/Runtime/Steam/SteamVR/Binaries/Win64/UE4Editor-SteamVRController.dll (API version 3944462).
LogModuleManager: Display: Found up-to-date module file ../../../Engine/Plugins/Runtime/WindowsMoviePlayer/Binaries/Win64/UE4Editor-WindowsMoviePlayer.dll (API version 3944462).
LogInit: Using libcurl 7.47.1
LogInit:  - built for x86_64-pc-win32
LogInit:  - supports SSL with OpenSSL/1.0.2g
LogInit:  - supports HTTP deflate (compression) using libz 1.2.8
LogInit:  - other features:
LogInit:      CURL_VERSION_SSL
LogInit:      CURL_VERSION_LIBZ
LogInit:      CURL_VERSION_IPV6
LogInit:      CURL_VERSION_ASYNCHDNS
LogInit:      CURL_VERSION_LARGEFILE
LogInit:      CURL_VERSION_IDN
LogInit:  CurlRequestOptions (configurable via config and command line):
LogInit:  - bVerifyPeer = false  - Libcurl will NOT verify peer certificate
LogInit:  - bUseHttpProxy = false  - Libcurl will NOT use HTTP proxy
LogInit:  - bDontReuseConnections = false  - Libcurl will reuse connections
LogInit:  - CertBundlePath = nullptr  - Libcurl will use whatever was configured at build time.
LogInit:  - MaxHostConnections = 16  - Libcurl will limit the number of connections to a host
LogInit:  - LocalHostAddr = Default
LogInit: WinSock: version 1.1 (2.2), MaxSocks=32767, MaxUdp=65467
LogInit: WinSock: I am DESKTOP-GPE8MKN (192.168.0.17:0)
LogInit: Build: ++UE4+Release-4.19-CL-4033788
LogInit: Engine Version: 4.19.2-4033788+++UE4+Release-4.19
LogInit: Compatible Engine Version: 4.19.0-3944462+++UE4+Release-4.19
LogInit: Net CL: 3944462
LogDevObjectVersion: Number of dev versions registered: 18
LogDevObjectVersion:   Dev-Blueprints (B0D832E4-1F89-4F0D-ACCF-7EB736FD4AA2): 10
LogDevObjectVersion:   Dev-Build (E1C64328-A22C-4D53-A36C-8E866417BD8C): 0
LogDevObjectVersion:   Dev-Core (375EC13C-06E4-48FB-B500-84F0262A717E): 2
LogDevObjectVersion:   Dev-Editor (E4B068ED-F494-42E9-A231-DA0B2E46BB41): 23
LogDevObjectVersion:   Dev-Framework (CFFC743F-43B0-4480-9391-14DF171D2073): 33
LogDevObjectVersion:   Dev-Mobile (B02B49B5-BB20-44E9-A304-32B752E40360): 2
LogDevObjectVersion:   Dev-Networking (A4E4105C-59A1-49B5-A7C5-40C4547EDFEE): 0
LogDevObjectVersion:   Dev-Online (39C831C9-5AE6-47DC-9A44-9C173E1C8E7C): 0
LogDevObjectVersion:   Dev-Physics (78F01B33-EBEA-4F98-B9B4-84EACCB95AA2): 0
LogDevObjectVersion:   Dev-Platform (6631380F-2D4D-43E0-8009-CF276956A95A): 0
LogDevObjectVersion:   Dev-Rendering (12F88B9F-8875-4AFC-A67C-D90C383ABD29): 25
LogDevObjectVersion:   Dev-Sequencer (7B5AE74C-D270-4C10-A958-57980B212A5A): 6
LogDevObjectVersion:   Dev-VR (D7296918-1DD6-4BDD-9DE2-64A83CC13884): 1
LogDevObjectVersion:   Dev-LoadTimes (C2A15278-BFE7-4AFE-6C17-90FF531DF755): 1
LogDevObjectVersion:   Private-Geometry (6EACA3D4-40EC-4CC1-B786-8BED09428FC5): 2
LogDevObjectVersion:   Dev-AnimPhys (29E575DD-E0A3-4627-9D10-D276232CDCEA): 16
LogDevObjectVersion:   Dev-ReflectionCapture (6B266CEC-1EC7-4B8F-A30B-E4D90942FC07): 1
LogDevObjectVersion:   Dev-Automation (0DF73D61-A23F-47EA-B727-89E90C41499A): 1
LogInit: Compiled (64-bit): Apr 27 2018 02:06:57
LogInit: Compiled with Visual C++: 19.00.24215.01
LogInit: Build Configuration: Development
LogInit: Branch Name: ++UE4+Release-4.19
LogInit: Command Line:  /Game/Woolf/Maps/Heaven -game -PIEVIACONSOLE -ResX=1280 -ResY=720  -Multiprocess -messaging -SessionName="Play in Standalone Game" -windowed 
LogInit: Base Directory: C:/Program Files/Epic Games/UE_4.19/Engine/Binaries/Win64/
LogInit: Installed Engine Build: 1
LogStreaming: Display: Took  0.007s to delete old logs.
LogInit: Presizing for max 8388607 objects, including 0 objects not considered by GC, pre-allocating 0 bytes for permanent pool.
LogInit: Object subsystem initialized
[2019.11.05-05.13.07:313][  0]LogInit: Selected Device Profile: [Windows]
[2019.11.05-05.13.07:313][  0]LogInit: Applying CVar settings loaded from the selected device profile: [Windows]
[2019.11.05-05.13.07:318][  0]LogInit: Computer: DESKTOP-GPE8MKN
[2019.11.05-05.13.07:318][  0]LogInit: User: marti
[2019.11.05-05.13.07:318][  0]LogInit: CPU Page size=4096, Cores=4
[2019.11.05-05.13.07:318][  0]LogInit: High frequency timer resolution =10.000000 MHz
[2019.11.05-05.13.07:319][  0]LogMemory: Memory total: Physical=15.9GB (16GB approx)
[2019.11.05-05.13.07:319][  0]LogMemory: Platform Memory Stats for Windows
[2019.11.05-05.13.07:319][  0]LogMemory: Process Physical Memory: 279.11 MB used, 279.12 MB peak
[2019.11.05-05.13.07:319][  0]LogMemory: Process Virtual Memory: 270.84 MB used, 270.84 MB peak
[2019.11.05-05.13.07:319][  0]LogMemory: Physical Memory: 8299.47 MB used,  8012.38 MB free, 16311.85 MB total
[2019.11.05-05.13.07:319][  0]LogMemory: Virtual Memory: 4823.07 MB used,  8012.38 MB free, 134217728.00 MB total
[2019.11.05-05.13.07:340][  0]LogInit: Using OS detected language (en-US).
[2019.11.05-05.13.07:340][  0]LogInit: Using OS detected locale (en-GB).
[2019.11.05-05.13.07:340][  0]LogTextLocalizationManager: No localization for 'en-US' exists, so 'en' will be used for the language.
[2019.11.05-05.13.07:340][  0]LogTextLocalizationManager: No localization for 'en-GB' exists, so 'en' will be used for the locale.
[2019.11.05-05.13.07:739][  0]LogStreaming: Display: Took  0.399s to EndInitTextLocalization.
[2019.11.05-05.13.07:757][  0]LogSlate: New Slate User Created.  User Index 0, Is Virtual User: 0
[2019.11.05-05.13.07:757][  0]LogSlate: Slate User Registered.  User Index 0, Is Virtual User: 0
[2019.11.05-05.13.07:761][  0]LogD3D11RHI: D3D11 adapters:
[2019.11.05-05.13.07:809][  0]LogD3D11RHI:    0. 'NVIDIA GeForce GTX 1060 3GB' (Feature Level 11_0)
[2019.11.05-05.13.07:809][  0]LogD3D11RHI:       2997/0/8155 MB DedicatedVideo/DedicatedSystem/SharedSystem, Outputs:1, VendorId:0x10de
[2019.11.05-05.13.07:811][  0]LogD3D11RHI:    1. 'Microsoft Basic Render Driver' (Feature Level 11_0)
[2019.11.05-05.13.07:811][  0]LogD3D11RHI:       0/0/8155 MB DedicatedVideo/DedicatedSystem/SharedSystem, Outputs:0, VendorId:0x1414
[2019.11.05-05.13.07:811][  0]LogD3D11RHI: Chosen D3D11 Adapter: 0
[2019.11.05-05.13.07:816][  0]LogD3D11RHI: Creating new Direct3DDevice
[2019.11.05-05.13.07:816][  0]LogD3D11RHI:     GPU DeviceId: 0x1c02 (for the marketing name, search the web for "GPU Device Id")
[2019.11.05-05.13.07:816][  0]LogWindows: EnumDisplayDevices:
[2019.11.05-05.13.07:816][  0]LogWindows:    0. 'NVIDIA GeForce GTX 1060 3GB' (P:1 D:1)
[2019.11.05-05.13.07:817][  0]LogWindows:    1. 'NVIDIA GeForce GTX 1060 3GB' (P:0 D:0)
[2019.11.05-05.13.07:817][  0]LogWindows:    2. 'NVIDIA GeForce GTX 1060 3GB' (P:0 D:0)
[2019.11.05-05.13.07:817][  0]LogWindows:    3. 'NVIDIA GeForce GTX 1060 3GB' (P:0 D:0)
[2019.11.05-05.13.07:817][  0]LogWindows: DebugString: GetVideoDriverDetailsInvalid PrimaryIsNotTheChoosenAdapter GetVideoDriverDetailsInvalid PrimaryIsNotTheChoosenAdapter GetVideoDriverDetailsInvalid PrimaryIsNotTheChoosenAdapter GetVideoDriverDetailsInvalid PrimaryIsNotTheChoosenAdapter FoundDriverCount:0 
[2019.11.05-05.13.07:817][  0]LogD3D11RHI:     Adapter Name: NVIDIA GeForce GTX 1060 3GB
[2019.11.05-05.13.07:817][  0]LogD3D11RHI:   Driver Version: Unknown (internal:Unknown, unified:Unknown)
[2019.11.05-05.13.07:817][  0]LogD3D11RHI:      Driver Date: Unknown
[2019.11.05-05.13.07:817][  0]LogRHI: Texture pool is 2097 MB (70% of 2997 MB)
[2019.11.05-05.13.07:843][  0]LogD3D11RHI: [Aftermath] Aftermath enabled but failed to initialize
[2019.11.05-05.13.07:843][  0]LogD3D11RHI: [Aftermath] Aftermath enabled and primed
[2019.11.05-05.13.07:843][  0]LogD3D11RHI: Async texture creation enabled
[2019.11.05-05.13.07:853][  0]LogD3D11RHI: GPU Timing Frequency: 1000.000000 (Debug: 2 1)
[2019.11.05-05.13.07:905][  0]LogShaderCompilers: Guid format shader working directory is -22 characters bigger than the processId version (../../../../../../Users/marti/Documents/GitHub/BetaArcade/MasterBuild/Intermediate/Shaders/WorkingDirectory/552/).
[2019.11.05-05.13.07:905][  0]LogShaderCompilers: Cleaned the shader compiler working directory 'C:/Users/marti/AppData/Local/Temp/UnrealShaderWorkingDir/E5235CCD47E96A306C44DF8476D00B83/'.
[2019.11.05-05.13.08:089][  0]LogTemp: Display: Loaded TP WindowsClientTargetPlatform
[2019.11.05-05.13.08:101][  0]LogTemp: Display: Loaded TP WindowsNoEditorTargetPlatform
[2019.11.05-05.13.08:112][  0]LogTemp: Display: Loaded TP WindowsServerTargetPlatform
[2019.11.05-05.13.08:123][  0]LogTemp: Display: Loaded TP WindowsTargetPlatform
[2019.11.05-05.13.08:123][  0]LogTargetPlatformManager: Display: Building Assets For Windows
[2019.11.05-05.13.08:222][  0]LogXGEController: Cannot use XGE Controller as Incredibuild is not installed on this machine.
[2019.11.05-05.13.08:222][  0]LogShaderCompilers: Cannot use XGE Shader Compiler as Incredibuild is not installed on this machine.
[2019.11.05-05.13.08:222][  0]LogShaderCompilers: Display: Using Local Shader Compiler.
[2019.11.05-05.13.08:930][  0]LogDerivedDataCache: Display: Max Cache Size: 512 MB
[2019.11.05-05.13.08:987][  0]LogDerivedDataCache: Loaded boot cache 0.06s 77MB C:/Users/marti/AppData/Local/UnrealEngine/4.19/DerivedDataCache/Boot.ddc.
[2019.11.05-05.13.08:987][  0]LogDerivedDataCache: Display: Loaded Boot cache: C:/Users/marti/AppData/Local/UnrealEngine/4.19/DerivedDataCache/Boot.ddc
[2019.11.05-05.13.08:987][  0]LogDerivedDataCache: FDerivedDataBackendGraph:  Pak pak cache file ../../../../../../Users/marti/Documents/GitHub/BetaArcade/MasterBuild/DerivedDataCache/DDC.ddp not found, will not use a pak cache.
[2019.11.05-05.13.08:987][  0]LogDerivedDataCache: Unable to find inner node Pak for hierarchical cache Hierarchy.
[2019.11.05-05.13.08:987][  0]LogDerivedDataCache: FDerivedDataBackendGraph:  CompressedPak pak cache file ../../../../../../Users/marti/Documents/GitHub/BetaArcade/MasterBuild/DerivedDataCache/Compressed.ddp not found, will not use a pak cache.
[2019.11.05-05.13.08:987][  0]LogDerivedDataCache: Unable to find inner node CompressedPak for hierarchical cache Hierarchy.
[2019.11.05-05.13.09:000][  0]LogDerivedDataCache: Display: Pak cache opened for reading ../../../Engine/DerivedDataCache/Compressed.ddp.
[2019.11.05-05.13.09:012][  0]LogDerivedDataCache: Using Local data cache path C:/Users/marti/AppData/Local/UnrealEngine/Common/DerivedDataCache: Writable
[2019.11.05-05.13.09:012][  0]LogDerivedDataCache: Shared data cache path not found in *engine.ini, will not use an Shared cache.
[2019.11.05-05.13.09:012][  0]LogDerivedDataCache: Unable to find inner node Shared for hierarchical cache Hierarchy.
[2019.11.05-05.13.09:021][  0]LogMaterial: Verifying Global Shaders for PCD3D_SM5
[2019.11.05-05.13.09:021][  0]LogSlate: Using Freetype 2.6.0
[2019.11.05-05.13.09:022][  0]LogSlate: SlateFontCache - WITH_FREETYPE: 1, WITH_HARFBUZZ: 1
[2019.11.05-05.13.09:022][  0]LogSlate: SlateFontCache - WITH_FREETYPE: 1, WITH_HARFBUZZ: 1
[2019.11.05-05.13.09:123][  0]LogAssetRegistry: FAssetRegistry took 0.0038 seconds to start up
[2019.11.05-05.13.09:279][  0]LogPackageLocalizationCache: Processed 9 localized package path(s) for 1 prioritized culture(s) in 0.010844 seconds
[2019.11.05-05.13.09:380][  0]LogInit: Selected Device Profile: [Windows]
[2019.11.05-05.13.09:498][  0]LogSimplygon: Simplygon DLL not present - disabling.
[2019.11.05-05.13.09:499][  0]LogMeshReduction: Using SimplygonSwarm for distributed automatic mesh merging
[2019.11.05-05.13.09:499][  0]LogMeshReduction: Using QuadricMeshReduction for automatic static mesh reduction
[2019.11.05-05.13.09:499][  0]LogMeshReduction: No automatic skeletal mesh reduction module available
[2019.11.05-05.13.09:499][  0]LogMeshReduction: No automatic mesh merging module available
[2019.11.05-05.13.09:499][  0]LogMeshMerging: No automatic mesh merging module available
[2019.11.05-05.13.09:526][  0]LogNetVersion: MasterBuild , NetCL: 3944462, EngineNetVer: 2, GameNetVer: 0 (Checksum: 2426174287)
[2019.11.05-05.13.10:103][  0]LogMoviePlayer: Initializing movie player
[2019.11.05-05.13.10:367][  0]LogTcpMessaging: Initializing TcpMessaging bridge
[2019.11.05-05.13.10:394][  0]LogUdpMessaging: Initializing bridge on interface 0.0.0.0:0 to multicast group 230.0.0.1:6666.
[2019.11.05-05.13.10:596][  0]LogUObjectGlobals: Created PersistentFrame Addr=0x0000018f041c7000, Size=64, Default__ThirdPerson_AnimBP_C Function /Game/Mannequin/Animations/ThirdPerson_AnimBP.ThirdPerson_AnimBP_C:ExecuteUbergraph_ThirdPerson_AnimBP
[2019.11.05-05.13.10:623][  0]LogUObjectGlobals: Destroyed PersistentFrame Addr=0x0000018f041c7000, Size=64
[2019.11.05-05.13.10:623][  0]LogUObjectGlobals: Created PersistentFrame Addr=0x0000018f03496780, Size=64, Default__ThirdPerson_AnimBP_C Function /Engine/Transient.REINST_ThirdPerson_AnimBP_C_0:ExecuteUbergraph_ThirdPerson_AnimBP
[2019.11.05-05.13.10:629][  0]LogUObjectGlobals: Created PersistentFrame Addr=0x0000018f796bf790, Size=72, Default__ThirdPerson_AnimBP_C Function /Game/Mannequin/Animations/ThirdPerson_AnimBP.ThirdPerson_AnimBP_C:ExecuteUbergraph_ThirdPerson_AnimBP
[2019.11.05-05.13.10:686][  0]LogSkeletalMesh: Skeletal Mesh found in DDC [1.585700ms] /Game/Mannequin/Character/Mesh/SK_Mannequin.SK_Mannequin
[2019.11.05-05.13.10:738][  0]SourceControl: Source control is disabled
[2019.11.05-05.13.10:738][  0]SourceControl: Source control is disabled
[2019.11.05-05.13.10:756][  0]SourceControl: Source control is disabled
[2019.11.05-05.13.11:079][  0]LogAndroidPermission: UAndroidPermissionCallbackProxy::GetInstance
[2019.11.05-05.13.11:304][  0]LogOcInput: OculusInput pre-init called
[2019.11.05-05.13.11:342][  0]LogUObjectArray: 41186 objects as part of root set at end of initial load.
[2019.11.05-05.13.11:342][  0]LogUObjectAllocator: 8828928 out of 0 bytes used by permanent object pool.
[2019.11.05-05.13.11:342][  0]LogUObjectArray: CloseDisregardForGC: 0/0 objects in disregard for GC pool
[2019.11.05-05.13.11:383][  0]LogEngine: Initializing Engine...
[2019.11.05-05.13.11:384][  0]LogHMD: Failed to initialize OpenVR with code 110
[2019.11.05-05.13.11:396][  0]LogStats: UGameplayTagsManager::ConstructGameplayTagTree: Construct from data asset -  0.000 s
[2019.11.05-05.13.11:396][  0]LogStats: UGameplayTagsManager::ConstructGameplayTagTree: GameplayTagTreeChangedEvent.Broadcast -  0.000 s
[2019.11.05-05.13.11:588][  0]LogInit: XAudio2 using 'Speakers (Realtek High Definition Audio)' : 2 channels at 48 kHz using 32 bits per sample (channel mask 0x3)
[2019.11.05-05.13.11:659][  0]LogInit: FAudioDevice initialized.
[2019.11.05-05.13.11:681][  0]LogInit: Texture streaming: Enabled
[2019.11.05-05.13.11:775][  0]LogUObjectGlobals: Created PersistentFrame Addr=0x0000018f0ffe3100, Size=688, Default__GameInfoInstance_BP_C Function /Game/Woolf/Blueprints/GameInfoInstance_BP.GameInfoInstance_BP_C:ExecuteUbergraph_GameInfoInstance_BP
[2019.11.05-05.13.11:779][  0]LogUObjectGlobals: Created PersistentFrame Addr=0x0000018f7506e900, Size=32, Default__W_MainMenu_C Function /Game/Woolf/UI/W_MainMenu.W_MainMenu_C:ExecuteUbergraph_W_MainMenu
[2019.11.05-05.13.11:782][  0]LogUObjectGlobals: Created PersistentFrame Addr=0x0000018f54b04e40, Size=64, Default__W_HostMenu_C Function /Game/Woolf/UI/W_HostMenu.W_HostMenu_C:ExecuteUbergraph_W_HostMenu
[2019.11.05-05.13.11:785][  0]LogUObjectGlobals: Created PersistentFrame Addr=0x0000018f0ffb4400, Size=160, Default__W_JoinMenu_C Function /Game/Woolf/UI/W_JoinMenu.W_JoinMenu_C:ExecuteUbergraph_W_JoinMenu
[2019.11.05-05.13.11:799][  0]LogUObjectGlobals: Destroyed PersistentFrame Addr=0x0000018f0ffe3100, Size=688
[2019.11.05-05.13.11:799][  0]LogUObjectGlobals: Created PersistentFrame Addr=0x0000018f0fec7700, Size=688, Default__GameInfoInstance_BP_C Function /Engine/Transient.REINST_GameInfoInstance_BP_C_4:ExecuteUbergraph_GameInfoInstance_BP
[2019.11.05-05.13.11:799][  0]LogUObjectGlobals: Destroyed PersistentFrame Addr=0x0000018f54b04e40, Size=64
[2019.11.05-05.13.11:799][  0]LogUObjectGlobals: Created PersistentFrame Addr=0x0000018f0fecb700, Size=64, Default__W_HostMenu_C Function /Engine/Transient.REINST_W_HostMenu_C_0:ExecuteUbergraph_W_HostMenu
[2019.11.05-05.13.11:800][  0]LogUObjectGlobals: Destroyed PersistentFrame Addr=0x0000018f0ffb4400, Size=160
[2019.11.05-05.13.11:800][  0]LogUObjectGlobals: Created PersistentFrame Addr=0x0000018f0febdda0, Size=160, Default__W_JoinMenu_C Function /Engine/Transient.REINST_W_JoinMenu_C_1:ExecuteUbergraph_W_JoinMenu
[2019.11.05-05.13.11:800][  0]LogUObjectGlobals: Destroyed PersistentFrame Addr=0x0000018f7506e900, Size=32
[2019.11.05-05.13.11:800][  0]LogUObjectGlobals: Created PersistentFrame Addr=0x0000018f0ff442c0, Size=32, Default__W_MainMenu_C Function /Engine/Transient.REINST_W_MainMenu_C_2:ExecuteUbergraph_W_MainMenu
[2019.11.05-05.13.11:812][  0]LogUObjectGlobals: Created PersistentFrame Addr=0x0000018f0ffe0400, Size=672, Default__GameInfoInstance_BP_C Function /Game/Woolf/Blueprints/GameInfoInstance_BP.GameInfoInstance_BP_C:ExecuteUbergraph_GameInfoInstance_BP
[2019.11.05-05.13.11:813][  0]LogUObjectGlobals: Created PersistentFrame Addr=0x0000018f10b73ac0, Size=64, Default__W_HostMenu_C Function /Game/Woolf/UI/W_HostMenu.W_HostMenu_C:ExecuteUbergraph_W_HostMenu
[2019.11.05-05.13.11:814][  0]LogUObjectGlobals: Created PersistentFrame Addr=0x0000018f10b76520, Size=160, Default__W_JoinMenu_C Function /Game/Woolf/UI/W_JoinMenu.W_JoinMenu_C:ExecuteUbergraph_W_JoinMenu
[2019.11.05-05.13.11:815][  0]LogUObjectGlobals: Created PersistentFrame Addr=0x0000018f10b85fc0, Size=32, Default__W_MainMenu_C Function /Game/Woolf/UI/W_MainMenu.W_MainMenu_C:ExecuteUbergraph_W_MainMenu
[2019.11.05-05.13.11:825][  0]LogInit: Display: Game Engine Initialized.
[2019.11.05-05.13.11:825][  0]LogGameplayTags: Display: UGameplayTagsManager::DoneAddingNativeTags. DelegateIsBound: 0
[2019.11.05-05.13.11:825][  0]LogStats: UGameplayTagsManager::ConstructGameplayTagTree: Construct from data asset -  0.000 s
[2019.11.05-05.13.11:825][  0]LogStats: UGameplayTagsManager::ConstructGameplayTagTree: GameplayTagTreeChangedEvent.Broadcast -  0.000 s
[2019.11.05-05.13.11:920][  0]LogInit: Display: Starting Game.
[2019.11.05-05.13.11:920][  0]LogNet: Browse: /Game/Woolf/Maps/Heaven?Name=Player
[2019.11.05-05.13.11:920][  0]LogLoad: LoadMap: /Game/Woolf/Maps/Heaven?Name=Player
[2019.11.05-05.13.11:928][  0]LogUObjectGlobals: Destroyed PersistentFrame Addr=0x0000018f03496780, Size=64
[2019.11.05-05.13.11:928][  0]LogUObjectGlobals: Destroyed PersistentFrame Addr=0x0000018f0fec7700, Size=688
[2019.11.05-05.13.11:928][  0]LogUObjectGlobals: Destroyed PersistentFrame Addr=0x0000018f0ff442c0, Size=32
[2019.11.05-05.13.11:928][  0]LogUObjectGlobals: Destroyed PersistentFrame Addr=0x0000018f0fecb700, Size=64
[2019.11.05-05.13.11:928][  0]LogUObjectGlobals: Destroyed PersistentFrame Addr=0x0000018f0febdda0, Size=160
[2019.11.05-05.13.11:932][  0]LogUObjectGlobals: Created PersistentFrame Addr=0x0000018f7506cfe0, Size=32, Default__Heaven_C Function /Game/Woolf/Maps/Heaven.Heaven_C:ExecuteUbergraph_Heaven
[2019.11.05-05.13.11:985][  0]LogUObjectGlobals: Destroyed PersistentFrame Addr=0x0000018f7506cfe0, Size=32
[2019.11.05-05.13.11:985][  0]LogUObjectGlobals: Created PersistentFrame Addr=0x0000018f10b84680, Size=32, Default__Heaven_C Function /Engine/Transient.REINST_Heaven_C_15:ExecuteUbergraph_Heaven
[2019.11.05-05.13.11:986][  0]LogUObjectGlobals: Created PersistentFrame Addr=0x0000018f10b87b60, Size=32, Default__Heaven_C Function /Game/Woolf/Maps/Heaven.Heaven_C:ExecuteUbergraph_Heaven
[2019.11.05-05.13.12:040][  0]LogAIModule: Creating AISystem for world Heaven
[2019.11.05-05.13.12:043][  0]LogUObjectGlobals: Created PersistentFrame Addr=0x0000018f10949518, Size=8, Default__Wolfy_BP_C Function /Game/Woolf/Blueprints/Player/Wolfy_BP.Wolfy_BP_C:ExecuteUbergraph_Wolfy_BP
[2019.11.05-05.13.12:046][  0]LogUObjectGlobals: Destroyed PersistentFrame Addr=0x0000018f10949518, Size=8
[2019.11.05-05.13.12:046][  0]LogUObjectGlobals: Created PersistentFrame Addr=0x0000018f10949518, Size=8, Default__Wolfy_BP_C Function /Engine/Transient.REINST_Wolfy_BP_C_18:ExecuteUbergraph_Wolfy_BP
[2019.11.05-05.13.12:047][  0]LogUObjectGlobals: Created PersistentFrame Addr=0x0000018f10949338, Size=8, Default__Wolfy_BP_C Function /Game/Woolf/Blueprints/Player/Wolfy_BP.Wolfy_BP_C:ExecuteUbergraph_Wolfy_BP
[2019.11.05-05.13.12:052][  0]LogBlueprint: Warning: USimpleConstructionScript::FixupRootNodeParentReferences() - Couldn't find native parent component 'Arrow' for 'Cylinder' in BlueprintGeneratedClass 'Wolfy_BP_C' (it may have been removed)
[2019.11.05-05.13.12:052][  0]LogLoad: Game class is 'WolfGameMode_BP_C'
[2019.11.05-05.13.12:066][  0]LogWorld: Bringing World /Game/Woolf/Maps/Heaven.Heaven up for play (max tick rate 0) at 2019.11.05-05.13.12
[2019.11.05-05.13.12:067][  0]LogWorld: Bringing up level for play took: 0.014887
[2019.11.05-05.13.12:558][  0]LogStats: FPlatformStackWalk::StackWalkAndDump -  0.487 s
[2019.11.05-05.13.12:558][  0]LogOutputDevice: Error: === Handled ensure: ===
[2019.11.05-05.13.12:558][  0]LogOutputDevice: Error: 
[2019.11.05-05.13.12:558][  0]LogOutputDevice: Error: Ensure condition failed: InvocationList[ CurFunctionIndex ] != InDelegate [File:C:\Program Files\Epic Games\UE_4.19\Engine\Source\Runtime\Core\Public\UObject/ScriptDelegates.h] [Line: 509]
[2019.11.05-05.13.12:558][  0]LogOutputDevice: Error: 
[2019.11.05-05.13.12:558][  0]LogOutputDevice: Error: Stack: 
[2019.11.05-05.13.12:558][  0]LogOutputDevice: Error: [Callstack] 0x0000000083E1B706 UE4Editor-Core.dll!UnknownFunction []
[2019.11.05-05.13.12:558][  0]LogOutputDevice: Error: [Callstack] 0x0000000083B7AE3A UE4Editor-Core.dll!UnknownFunction []
[2019.11.05-05.13.12:558][  0]LogOutputDevice: Error: [Callstack] 0x0000000083B8ECD6 UE4Editor-Core.dll!UnknownFunction []
[2019.11.05-05.13.12:558][  0]LogOutputDevice: Error: [Callstack] 0x000000006B1688B2 UE4Editor-MasterBuild.dll!TMulticastScriptDelegate<FWeakObjectPtr>::AddInternal() [c:\program files\epic games\ue_4.19\engine\source\runtime\core\public\uobject\scriptdelegates.h:509]
[2019.11.05-05.13.12:558][  0]LogOutputDevice: Error: [Callstack] 0x000000006B169C63 UE4Editor-MasterBuild.dll!TBaseDynamicMulticastDelegate<FWeakObjectPtr,void,UPrimitiveComponent *,AActor *,UPrimitiveComponent *,int,bool,FHitResult const &>::__Internal_AddDynamic<AChar_Wolf>() [c:\program files\epic games\ue_4.19\engine\source\runtime\core\public\delegates\delegatesignatureimpl.inl:1141]
[2019.11.05-05.13.12:558][  0]LogOutputDevice: Error: [Callstack] 0x000000006B16A821 UE4Editor-MasterBuild.dll!AChar_Wolf::SetupOverlapEvents() [c:\users\marti\documents\github\betaarcade\masterbuild\source\masterbuild\player\char_wolf.cpp:92]
[2019.11.05-05.13.12:558][  0]LogOutputDevice: Error: [Callstack] 0x000000007F9A72FB UE4Editor-Engine.dll!UnknownFunction []
[2019.11.05-05.13.12:558][  0]LogOutputDevice: Error: [Callstack] 0x0000000080C5AE33 UE4Editor-Engine.dll!UnknownFunction []
[2019.11.05-05.13.12:558][  0]LogOutputDevice: Error: [Callstack] 0x000000008011F731 UE4Editor-Engine.dll!UnknownFunction []
[2019.11.05-05.13.12:558][  0]LogOutputDevice: Error: [Callstack] 0x0000000080C4414E UE4Editor-Engine.dll!UnknownFunction []
[2019.11.05-05.13.12:558][  0]LogOutputDevice: Error: [Callstack] 0x0000000080B6A5BF UE4Editor-Engine.dll!UnknownFunction []
[2019.11.05-05.13.12:558][  0]LogOutputDevice: Error: [Callstack] 0x0000000080B1C788 UE4Editor-Engine.dll!UnknownFunction []
[2019.11.05-05.13.12:558][  0]LogOutputDevice: Error: [Callstack] 0x0000000080143593 UE4Editor-Engine.dll!UnknownFunction []
[2019.11.05-05.13.12:558][  0]LogOutputDevice: Error: [Callstack] 0x00000000A4012A7E UE4Editor.exe!UnknownFunction []
[2019.11.05-05.13.12:558][  0]LogOutputDevice: Error: [Callstack] 0x00000000A4026ACD UE4Editor.exe!UnknownFunction []
[2019.11.05-05.13.12:558][  0]LogOutputDevice: Error: [Callstack] 0x00000000A4026C4A UE4Editor.exe!UnknownFunction []
[2019.11.05-05.13.12:558][  0]LogOutputDevice: Error: [Callstack] 0x00000000A4034177 UE4Editor.exe!UnknownFunction []
[2019.11.05-05.13.12:558][  0]LogOutputDevice: Error: [Callstack] 0x00000000A4035B87 UE4Editor.exe!UnknownFunction []
[2019.11.05-05.13.12:558][  0]LogOutputDevice: Error: [Callstack] 0x00000000CA467BD4 KERNEL32.DLL!UnknownFunction []
[2019.11.05-05.13.12:558][  0]LogOutputDevice: Error: [Callstack] 0x00000000CB76CED1 ntdll.dll!UnknownFunction []
[2019.11.05-05.13.12:558][  0]LogOutputDevice: Error: 
[2019.11.05-05.13.12:565][  0]LogStats:                SubmitErrorReport -  0.000 s
[2019.11.05-05.13.12:875][  0]LogStats:                    SendNewReport -  0.310 s
[2019.11.05-05.13.12:875][  0]LogStats:             FDebug::EnsureFailed -  0.804 s
[2019.11.05-05.13.12:875][  0]LogLoad: Took 0.954119 seconds to LoadMap(/Game/Woolf/Maps/Heaven)
[2019.11.05-05.13.12:923][  0]LogLoad: (Engine Initialization) Total time: 15.05 seconds
[2019.11.05-05.13.12:923][  0]LogLoad: (Engine Initialization) Total Blueprint compile time: 0.00 seconds
[2019.11.05-05.13.12:952][  0]LogRenderer: Reallocating scene render targets to support 1280x720 Format 10 NumSamples 1 (Frame:1).
[2019.11.05-05.13.13:002][  0]LogContentStreaming: Texture pool size now 1000 MB
[2019.11.05-05.13.21:121][499]LogSlate: Window 'MasterBuild (64-bit, PCD3D_SM5) ' being destroyed
[2019.11.05-05.13.21:121][499]LogWindowsTextInputMethodSystem: Display: IME system now deactivated.
[2019.11.05-05.13.21:124][499]LogWindowsTextInputMethodSystem: Display: IME system now deactivated.
[2019.11.05-05.13.21:125][499]LogEngine: All Windows Closed
[2019.11.05-05.13.21:125][499]LogWindows: FPlatformMisc::RequestExit(0)
[2019.11.05-05.13.21:393][500]LogSlate: Slate User Destroyed.  User Index 0, Is Virtual User: 0
[2019.11.05-05.13.21:394][500]LogExit: Preparing to exit.
[2019.11.05-05.13.21:394][500]LogMoviePlayer: Shutting down movie player
[2019.11.05-05.13.22:429][500]LogUObjectGlobals: Destroyed PersistentFrame Addr=0x0000018f796bf790, Size=72
[2019.11.05-05.13.22:429][500]LogExit: Game engine shut down
[2019.11.05-05.13.22:431][500]LogUObjectGlobals: Destroyed PersistentFrame Addr=0x0000018f10b84680, Size=32
[2019.11.05-05.13.22:431][500]LogUObjectGlobals: Destroyed PersistentFrame Addr=0x0000018f0ffe0400, Size=672
[2019.11.05-05.13.22:431][500]LogUObjectGlobals: Destroyed PersistentFrame Addr=0x0000018f10b73ac0, Size=64
[2019.11.05-05.13.22:432][500]LogUObjectGlobals: Destroyed PersistentFrame Addr=0x0000018f10b76520, Size=160
[2019.11.05-05.13.22:432][500]LogUObjectGlobals: Destroyed PersistentFrame Addr=0x0000018f10b85fc0, Size=32
[2019.11.05-05.13.22:432][500]LogUObjectGlobals: Destroyed PersistentFrame Addr=0x0000018f10b87b60, Size=32
[2019.11.05-05.13.22:432][500]LogUObjectGlobals: Destroyed PersistentFrame Addr=0x0000018f10949518, Size=8
[2019.11.05-05.13.22:432][500]LogUObjectGlobals: Destroyed PersistentFrame Addr=0x0000018f10949338, Size=8
[2019.11.05-05.13.22:470][500]LogExit: Object subsystem successfully closed.
[2019.11.05-05.13.22:484][500]LogShaderCompilers: Display: Shaders left to compile 0
[2019.11.05-05.13.22:486][500]LogD3D11RHI: Shutdown
[2019.11.05-05.13.22:486][500]LogD3D11RHI: CleanupD3DDevice
[2019.11.05-05.13.22:487][500]LogD3D11RHI: ~FD3D11DynamicRHI
[2019.11.05-05.13.22:503][500]LogModuleManager: Shutting down and abandoning module SequenceRecorderSections (338)
[2019.11.05-05.13.22:503][500]LogModuleManager: Shutting down and abandoning module SequenceRecorder (336)
[2019.11.05-05.13.22:503][500]LogModuleManager: Shutting down and abandoning module AutomationController (334)
[2019.11.05-05.13.22:503][500]LogModuleManager: Shutting down and abandoning module AutomationWorker (332)
[2019.11.05-05.13.22:503][500]LogModuleManager: Shutting down and abandoning module Voice (330)
[2019.11.05-05.13.22:503][500]LogModuleManager: Shutting down and abandoning module AIModule (328)
[2019.11.05-05.13.22:503][500]LogModuleManager: Shutting down and abandoning module GameplayDebugger (327)
[2019.11.05-05.13.22:503][500]LogModuleManager: Shutting down and abandoning module AITestSuite (325)
[2019.11.05-05.13.22:503][500]LogModuleManager: Shutting down and abandoning module WmfMediaFactory (322)
[2019.11.05-05.13.22:503][500]LogModuleManager: Shutting down and abandoning module OpenExrWrapper (320)
[2019.11.05-05.13.22:503][500]LogModuleManager: Shutting down and abandoning module ImgMediaFactory (318)
[2019.11.05-05.13.22:503][500]LogModuleManager: Shutting down and abandoning module AvfMediaFactory (316)
[2019.11.05-05.13.22:503][500]LogModuleManager: Shutting down and abandoning module CharacterAI (314)
[2019.11.05-05.13.22:503][500]LogModuleManager: Shutting down and abandoning module SessionServices (312)
[2019.11.05-05.13.22:503][500]LogModuleManager: Shutting down and abandoning module MovieSceneCapture (310)
[2019.11.05-05.13.22:503][500]LogModuleManager: Shutting down and abandoning module MovieSceneTracks (308)
[2019.11.05-05.13.22:503][500]LogModuleManager: Shutting down and abandoning module MovieScene (306)
[2019.11.05-05.13.22:503][500]LogModuleManager: Shutting down and abandoning module GeometryCache (304)
[2019.11.05-05.13.22:503][500]LogModuleManager: Shutting down and abandoning module GeometryCacheEd (303)
[2019.11.05-05.13.22:503][500]LogModuleManager: Shutting down and abandoning module StreamingPauseRendering (300)
[2019.11.05-05.13.22:503][500]LogModuleManager: Shutting down and abandoning module PortalServices (298)
[2019.11.05-05.13.22:503][500]LogModuleManager: Shutting down and abandoning module PortalRpc (296)
[2019.11.05-05.13.22:503][500]LogModuleManager: Shutting down and abandoning module MessagingRpc (294)
[2019.11.05-05.13.22:503][500]LogModuleManager: Shutting down and abandoning module ProfilerService (292)
[2019.11.05-05.13.22:630][500]LogModuleManager: Shutting down and abandoning module TaskGraph (290)
[2019.11.05-05.13.22:630][500]LogModuleManager: Shutting down and abandoning module SteamVRController (288)
[2019.11.05-05.13.22:630][500]LogModuleManager: Shutting down and abandoning module ProceduralMeshComponent (286)
[2019.11.05-05.13.22:630][500]LogModuleManager: Shutting down and abandoning module OculusInput (284)
[2019.11.05-05.13.22:630][500]LogModuleManager: Shutting down and abandoning module MobilePatchingUtils (282)
[2019.11.05-05.13.22:630][500]LogModuleManager: Shutting down and abandoning module CustomMeshComponent (280)
[2019.11.05-05.13.22:630][500]LogModuleManager: Shutting down and abandoning module CableComponent (278)
[2019.11.05-05.13.22:630][500]LogModuleManager: Shutting down and abandoning module AudioCapture (276)
[2019.11.05-05.13.22:630][500]LogModuleManager: Shutting down and abandoning module ArchVisCharacter (274)
[2019.11.05-05.13.22:630][500]LogModuleManager: Shutting down and abandoning module AndroidPermission (272)
[2019.11.05-05.13.22:630][500]LogModuleManager: Shutting down and abandoning module NUTUnrealEngine4 (270)
[2019.11.05-05.13.22:630][500]LogModuleManager: Shutting down and abandoning module NetcodeUnitTest (268)
[2019.11.05-05.13.22:630][500]LogModuleManager: Shutting down and abandoning module MediaCompositing (266)
[2019.11.05-05.13.22:630][500]LogModuleManager: Shutting down and abandoning module LinearTimecode (264)
[2019.11.05-05.13.22:630][500]LogModuleManager: Shutting down and abandoning module ImgMedia (262)
[2019.11.05-05.13.22:632][500]LogModuleManager: Shutting down and abandoning module HTML5Networking (260)
[2019.11.05-05.13.22:632][500]LogModuleManager: Shutting down and abandoning module DatasmithContent (258)
[2019.11.05-05.13.22:632][500]LogModuleManager: Shutting down and abandoning module CryptoKeysOpenSSL (256)
[2019.11.05-05.13.22:632][500]LogModuleManager: Shutting down and abandoning module CryptoKeys (254)
[2019.11.05-05.13.22:632][500]LogModuleManager: Shutting down and abandoning module VisualStudioSourceCodeAccess (252)
[2019.11.05-05.13.22:632][500]LogModuleManager: Shutting down and abandoning module HotReload (251)
[2019.11.05-05.13.22:632][500]LogDirectoryWatcher: A directory notification for 'C:/Users/marti/Documents/GitHub/BetaArcade/MasterBuild/Binaries/Win64' was aborted.
[2019.11.05-05.13.22:632][500]LogModuleManager: Shutting down and abandoning module DirectoryWatcher (250)
[2019.11.05-05.13.22:632][500]LogModuleManager: Shutting down and abandoning module VisualStudioCodeSourceCodeAccess (246)
[2019.11.05-05.13.22:632][500]LogModuleManager: Shutting down and abandoning module UObjectPlugin (244)
[2019.11.05-05.13.22:632][500]LogModuleManager: Shutting down and abandoning module SubversionSourceControl (242)
[2019.11.05-05.13.22:632][500]LogModuleManager: Shutting down and abandoning module PerforceSourceControl (240)
[2019.11.05-05.13.22:632][500]LogModuleManager: Shutting down and abandoning module SourceControl (239)
[2019.11.05-05.13.22:632][500]LogModuleManager: Shutting down and abandoning module CLionSourceCodeAccess (236)
[2019.11.05-05.13.22:632][500]LogModuleManager: Shutting down and abandoning module MasterBuild (234)
[2019.11.05-05.13.22:632][500]LogModuleManager: Shutting down and abandoning module RuntimePhysXCooking (232)
[2019.11.05-05.13.22:632][500]LogModuleManager: Shutting down and abandoning module PhysXVehiclesEditor (230)
[2019.11.05-05.13.22:632][500]LogModuleManager: Shutting down and abandoning module PhysXVehicles (228)
[2019.11.05-05.13.22:632][500]LogModuleManager: Shutting down and abandoning module LocationServicesBPLibrary (226)
[2019.11.05-05.13.22:632][500]LogModuleManager: Shutting down and abandoning module ImmediatePhysicsEditor (224)
[2019.11.05-05.13.22:632][500]LogModuleManager: Shutting down and abandoning module ImmediatePhysics (222)
[2019.11.05-05.13.22:632][500]LogModuleManager: Shutting down and abandoning module ActorSequence (220)
[2019.11.05-05.13.22:632][500]LogModuleManager: Shutting down and abandoning module UdpMessaging (218)
[2019.11.05-05.13.22:734][500]LogModuleManager: Shutting down and abandoning module TcpMessaging (216)
[2019.11.05-05.13.23:376][500]LogModuleManager: Shutting down and abandoning module GameplayTagsEditor (214)
[2019.11.05-05.13.23:376][500]LogModuleManager: Shutting down and abandoning module FacialAnimation (212)
[2019.11.05-05.13.23:376][500]LogModuleManager: Shutting down and abandoning module DataValidation (210)
[2019.11.05-05.13.23:376][500]LogModuleManager: Shutting down and abandoning module AssetManagerEditor (208)
[2019.11.05-05.13.23:376][500]LogModuleManager: Shutting down and abandoning module TreeMap (207)
[2019.11.05-05.13.23:376][500]LogModuleManager: Shutting down and abandoning module LightPropagationVolumeRuntime (204)
[2019.11.05-05.13.23:376][500]LogModuleManager: Shutting down and abandoning module LiveLink (202)
[2019.11.05-05.13.24:260][500]LogModuleManager: Shutting down and abandoning module Paper2D (200)
[2019.11.05-05.13.24:260][500]LogModuleManager: Shutting down and abandoning module PIEPreviewDeviceProfileSelector (198)
[2019.11.05-05.13.24:260][500]LogModuleManager: Shutting down and abandoning module WindowsMoviePlayer (196)
[2019.11.05-05.13.24:260][500]LogModuleManager: Shutting down and abandoning module WmfMedia (194)
[2019.11.05-05.13.24:261][500]LogModuleManager: Shutting down and abandoning module Media (193)
[2019.11.05-05.13.24:267][500]LogModuleManager: Shutting down and abandoning module PacketHandler (190)
[2019.11.05-05.13.24:267][500]LogModuleManager: Shutting down and abandoning module ClothingSystemEditor (188)
[2019.11.05-05.13.24:267][500]LogModuleManager: Shutting down and abandoning module ClothingSystemRuntime (186)
[2019.11.05-05.13.24:267][500]LogModuleManager: Shutting down and abandoning module MediaAssets (184)
[2019.11.05-05.13.24:267][500]LogModuleManager: Shutting down and abandoning module Overlay (182)
[2019.11.05-05.13.24:267][500]LogModuleManager: Shutting down and abandoning module OverlayEditor (181)
[2019.11.05-05.13.24:267][500]LogModuleManager: Shutting down and abandoning module VREditor (178)
[2019.11.05-05.13.24:267][500]LogModuleManager: Shutting down and abandoning module StringTableEditor (176)
[2019.11.05-05.13.24:267][500]LogModuleManager: Shutting down and abandoning module GameplayTasksEditor (174)
[2019.11.05-05.13.24:267][500]LogModuleManager: Shutting down and abandoning module BehaviorTreeEditor (172)
[2019.11.05-05.13.24:267][500]LogModuleManager: Shutting down and abandoning module FunctionalTesting (170)
[2019.11.05-05.13.24:267][500]LogModuleManager: Shutting down and abandoning module CollisionAnalyzer (168)
[2019.11.05-05.13.24:267][500]LogModuleManager: Shutting down and abandoning module WorkspaceMenuStructure (167)
[2019.11.05-05.13.24:267][500]LogModuleManager: Shutting down and abandoning module UMG (164)
[2019.11.05-05.13.24:267][500]LogModuleManager: Shutting down and abandoning module UMGEditor (163)
[2019.11.05-05.13.24:267][500]LogModuleManager: Shutting down and abandoning module Sequencer (162)
[2019.11.05-05.13.24:267][500]LogModuleManager: Shutting down and abandoning module MessageLog (159)
[2019.11.05-05.13.24:267][500]LogModuleManager: Shutting down and abandoning module SlateReflector (154)
[2019.11.05-05.13.24:267][500]LogModuleManager: Shutting down and abandoning module Slate (152)
[2019.11.05-05.13.24:267][500]LogModuleManager: Shutting down and abandoning module EditorStyle (150)
[2019.11.05-05.13.24:268][500]LogModuleManager: Shutting down and abandoning module MRMesh (148)
[2019.11.05-05.13.24:268][500]LogModuleManager: Shutting down and abandoning module Messaging (146)
[2019.11.05-05.13.24:268][500]LogModuleManager: Shutting down and abandoning module SourceCodeAccess (144)
[2019.11.05-05.13.24:268][500]LogModuleManager: Shutting down and abandoning module HeadMountedDisplay (142)
[2019.11.05-05.13.24:268][500]LogModuleManager: Shutting down and abandoning module XAudio2 (140)
[2019.11.05-05.13.24:268][500]LogModuleManager: Shutting down and abandoning module Networking (138)
[2019.11.05-05.13.24:268][500]LogModuleManager: Shutting down and abandoning module Core (136)
[2019.11.05-05.13.24:268][500]LogModuleManager: Shutting down and abandoning module LevelSequence (134)
[2019.11.05-05.13.24:268][500]LogModuleManager: Shutting down and abandoning module KismetCompiler (132)
[2019.11.05-05.13.24:268][500]LogModuleManager: Shutting down and abandoning module MeshUtilities (130)
[2019.11.05-05.13.24:268][500]LogModuleManager: Shutting down and abandoning module MeshMergeUtilities (129)
[2019.11.05-05.13.24:268][500]LogModuleManager: Shutting down and abandoning module MeshReductionInterface (128)
[2019.11.05-05.13.24:268][500]LogModuleManager: Shutting down and abandoning module SimplygonSwarm (127)
[2019.11.05-05.13.24:268][500]LogModuleManager: Shutting down and abandoning module SimplygonMeshReduction (125)
[2019.11.05-05.13.24:268][500]LogModuleManager: Shutting down and abandoning module QuadricMeshReduction (123)
[2019.11.05-05.13.24:268][500]LogModuleManager: Shutting down and abandoning module MaterialBaking (119)
[2019.11.05-05.13.24:268][500]LogModuleManager: Shutting down and abandoning module DerivedDataCache (114)
[2019.11.05-05.13.24:518][500]LogDerivedDataCache: Shutdown
[2019.11.05-05.13.24:518][500]LogModuleManager: Shutting down and abandoning module XGEController (112)
[2019.11.05-05.13.24:518][500]LogModuleManager: Shutting down and abandoning module TargetPlatform (110)
[2019.11.05-05.13.24:518][500]LogModuleManager: Shutting down and abandoning module VulkanShaderFormat (109)
[2019.11.05-05.13.24:518][500]LogModuleManager: Shutting down and abandoning module ShaderFormatVectorVM (107)
[2019.11.05-05.13.24:518][500]LogModuleManager: Shutting down and abandoning module ShaderFormatOpenGL (105)
[2019.11.05-05.13.24:518][500]LogModuleManager: Shutting down and abandoning module ShaderFormatD3D (103)
[2019.11.05-05.13.24:518][500]LogModuleManager: Shutting down and abandoning module MetalShaderFormat (101)
[2019.11.05-05.13.24:518][500]LogModuleManager: Shutting down and abandoning module TextureFormatUncompressed (99)
[2019.11.05-05.13.24:518][500]LogModuleManager: Shutting down and abandoning module TextureFormatPVR (97)
[2019.11.05-05.13.24:518][500]LogModuleManager: Shutting down and abandoning module TextureFormatDXT (95)
[2019.11.05-05.13.24:518][500]LogModuleManager: Shutting down and abandoning module TextureFormatIntelISPCTexComp (93)
[2019.11.05-05.13.24:518][500]LogModuleManager: Shutting down and abandoning module TextureFormatASTC (91)
[2019.11.05-05.13.24:518][500]LogModuleManager: Shutting down and abandoning module ImageWrapper (90)
[2019.11.05-05.13.24:518][500]LogModuleManager: Shutting down and abandoning module TextureFormatAndroid (87)
[2019.11.05-05.13.24:518][500]LogModuleManager: Shutting down and abandoning module AudioFormatOpus (85)
[2019.11.05-05.13.24:518][500]LogModuleManager: Shutting down and abandoning module AudioFormatOgg (83)
[2019.11.05-05.13.24:518][500]LogModuleManager: Shutting down and abandoning module AudioFormatADPCM (81)
[2019.11.05-05.13.24:518][500]LogModuleManager: Shutting down and abandoning module WindowsTargetPlatform (79)
[2019.11.05-05.13.24:519][500]LogModuleManager: Shutting down and abandoning module WindowsServerTargetPlatform (77)
[2019.11.05-05.13.24:519][500]LogModuleManager: Shutting down and abandoning module WindowsNoEditorTargetPlatform (75)
[2019.11.05-05.13.24:519][500]LogModuleManager: Shutting down and abandoning module WindowsClientTargetPlatform (73)
[2019.11.05-05.13.24:519][500]LogModuleManager: Shutting down and abandoning module InputCore (70)
[2019.11.05-05.13.24:519][500]LogModuleManager: Shutting down and abandoning module Settings (68)
[2019.11.05-05.13.24:519][500]LogModuleManager: Shutting down and abandoning module PhysXCooking (66)
[2019.11.05-05.13.24:519][500]LogModuleManager: Shutting down and abandoning module SteamVR (64)
[2019.11.05-05.13.24:519][500]LogModuleManager: Shutting down and abandoning module OculusHMD (62)
[2019.11.05-05.13.24:519][500]LogModuleManager: Shutting down and abandoning module ExampleDeviceProfileSelector (60)
[2019.11.05-05.13.24:519][500]LogModuleManager: Shutting down and abandoning module AppleARKit (58)
[2019.11.05-05.13.24:519][500]LogModuleManager: Shutting down and abandoning module AugmentedReality (57)
[2019.11.05-05.13.24:519][500]LogModuleManager: Shutting down and abandoning module OnlineBlueprintSupport (54)
[2019.11.05-05.13.24:519][500]LogModuleManager: Shutting down and abandoning module OnlineSubsystem (50)
[2019.11.05-05.13.24:519][500]LogOnline: Display: OSS: FOnlineSubsystemNull::Shutdown()
[2019.11.05-05.13.24:519][500]LogOnline: Display: OSS: FOnlineAsyncTaskManager::Stop() ActiveTask:0000000000000000 Tasks[0/0]
[2019.11.05-05.13.24:519][500]LogOnline: Display: OSS: FOnlineAsyncTaskManager::Exit() started
[2019.11.05-05.13.24:519][500]LogOnline: Display: OSS: FOnlineAsyncTaskManager::Exit() finished
[2019.11.05-05.13.24:519][500]LogModuleManager: Shutting down and abandoning module XMPP (45)
[2019.11.05-05.13.24:519][500]LogModuleManager: Shutting down and abandoning module HTTP (43)
[2019.11.05-05.13.24:542][500]LogModuleManager: Shutting down and abandoning module SSL (42)
[2019.11.05-05.13.24:543][500]LogModuleManager: Shutting down and abandoning module DesktopPlatform (38)
[2019.11.05-05.13.24:543][500]LogModuleManager: Shutting down and abandoning module AnimationModifiers (36)
[2019.11.05-05.13.24:543][500]LogModuleManager: Shutting down and abandoning module PropertyEditor (35)
[2019.11.05-05.13.24:543][500]LogModuleManager: Shutting down and abandoning module AudioEditor (32)
[2019.11.05-05.13.24:543][500]LogModuleManager: Shutting down and abandoning module TextureCompressor (30)
[2019.11.05-05.13.24:543][500]LogModuleManager: Shutting down and abandoning module ShaderCore (28)
[2019.11.05-05.13.24:543][500]LogModuleManager: Shutting down and abandoning module Landscape (26)
[2019.11.05-05.13.24:543][500]LogModuleManager: Shutting down and abandoning module SlateRHIRenderer (24)
[2019.11.05-05.13.24:544][500]LogModuleManager: Shutting down and abandoning module OpenGLDrv (22)
[2019.11.05-05.13.24:544][500]LogModuleManager: Shutting down and abandoning module D3D11RHI (20)
[2019.11.05-05.13.24:544][500]LogModuleManager: Shutting down and abandoning module AnimGraphRuntime (18)
[2019.11.05-05.13.24:544][500]LogModuleManager: Shutting down and abandoning module Renderer (16)
[2019.11.05-05.13.24:544][500]LogModuleManager: Shutting down and abandoning module Engine (14)
[2019.11.05-05.13.24:544][500]LogModuleManager: Shutting down and abandoning module CoreUObject (12)
[2019.11.05-05.13.24:544][500]LogModuleManager: Shutting down and abandoning module NetworkFile (10)
[2019.11.05-05.13.24:544][500]LogModuleManager: Shutting down and abandoning module CookedIterativeFile (8)
[2019.11.05-05.13.24:544][500]LogModuleManager: Shutting down and abandoning module StreamingFile (6)
[2019.11.05-05.13.24:544][500]LogModuleManager: Shutting down and abandoning module SandboxFile (4)
[2019.11.05-05.13.24:544][500]LogModuleManager: Shutting down and abandoning module PakFile (2)
[2019.11.05-05.13.24:546][500]LogExit: Exiting.
[2019.11.05-05.13.24:547][500]Log file closed, 11/05/19 05:13:24
