Log file open, 10/29/19 09:02:06
LogWindows: Failed to load 'aqProf.dll' (GetLastError=126)
LogWindows: File 'aqProf.dll' does not exist
LogWindows: Failed to load 'VtuneApi.dll' (GetLastError=126)
LogWindows: File 'VtuneApi.dll' does not exist
LogWindows: Failed to load 'VtuneApi32e.dll' (GetLastError=126)
LogWindows: File 'VtuneApi32e.dll' does not exist
LogInit: Display: Running engine for game: MasterBuild
LogPlatformFile: Not using cached read wrapper
LogInit: Display: RandInit(-416276808) SRandInit(-416276807).
LogInit: Read version file with build ID '3944462'
LogInit: Overriding engine version to CL 4033788, compatible CL 3944462
LogInit: Registered custom module enumerator with build ID '3944462'
LogTaskGraph: Started task graph with 5 named threads and 35 total threads with 3 sets of task threads.
LogStats: Stats thread started at 0.427260
LogD3D11RHI: Aftermath initialized
LogICUInternationalization: Display: ICU TimeZone Detection - Raw Offset: +0:00, Platform Override: ''
LogPluginManager: Mounting plugin Paper2D
LogPluginManager: Mounting plugin LiveLink
LogPluginManager: Mounting plugin LightPropagationVolume
LogPluginManager: Mounting plugin CLionSourceCodeAccess
LogPluginManager: Mounting plugin CodeLiteSourceCodeAccess
LogPluginManager: Mounting plugin GitSourceControl
LogPluginManager: Mounting plugin KDevelopSourceCodeAccess
LogPluginManager: Mounting plugin NullSourceCodeAccess
LogPluginManager: Mounting plugin PerforceSourceControl
LogPluginManager: Mounting plugin SubversionSourceControl
LogPluginManager: Mounting plugin UObjectPlugin
LogPluginManager: Mounting plugin VisualStudioCodeSourceCodeAccess
LogPluginManager: Mounting plugin VisualStudioSourceCodeAccess
LogPluginManager: Mounting plugin XCodeSourceCodeAccess
LogPluginManager: Mounting plugin AssetManagerEditor
LogPluginManager: Mounting plugin CryptoKeys
LogPluginManager: Mounting plugin DataValidation
LogPluginManager: Mounting plugin FacialAnimation
LogPluginManager: Mounting plugin GameplayTagsEditor
LogPluginManager: Mounting plugin MobileLauncherProfileWizard
LogPluginManager: Mounting plugin PluginBrowser
LogPluginManager: Mounting plugin SpeedTreeImporter
LogPluginManager: Mounting plugin DatasmithContent
LogPluginManager: Mounting plugin AlembicImporter
LogPluginManager: Mounting plugin CharacterAI
LogPluginManager: Mounting plugin HTML5Networking
LogPluginManager: Mounting plugin AndroidMedia
LogPluginManager: Mounting plugin AvfMedia
LogPluginManager: Mounting plugin ImgMedia
LogPluginManager: Mounting plugin LinearTimecode
LogPluginManager: Mounting plugin MediaCompositing
LogPluginManager: Mounting plugin MediaPlayerEditor
LogPluginManager: Mounting plugin WmfMedia
LogPluginManager: Mounting plugin TcpMessaging
LogPluginManager: Mounting plugin UdpMessaging
LogPluginManager: Mounting plugin ActorSequence
LogPluginManager: Mounting plugin LevelSequenceEditor
LogPluginManager: Mounting plugin MatineeToLevelSequence
LogPluginManager: Mounting plugin NetcodeUnitTest
LogPluginManager: Mounting plugin NUTUnrealEngine4
LogPluginManager: Mounting plugin OnlineSubsystemGooglePlay
LogPluginManager: Mounting plugin OnlineSubsystemIOS
LogPluginManager: Mounting plugin OnlineSubsystem
LogPluginManager: Mounting plugin OnlineSubsystemNull
LogPluginManager: Mounting plugin OnlineSubsystemUtils
LogPluginManager: Mounting plugin AndroidDeviceProfileSelector
LogPluginManager: Mounting plugin AndroidMoviePlayer
LogPluginManager: Mounting plugin AndroidPermission
LogPluginManager: Mounting plugin AppleARKit
LogPluginManager: Mounting plugin AppleMoviePlayer
LogPluginManager: Mounting plugin ArchVisCharacter
LogPluginManager: Mounting plugin AudioCapture
LogPluginManager: Mounting plugin CableComponent
LogPluginManager: Mounting plugin CustomMeshComponent
LogPluginManager: Mounting plugin ExampleDeviceProfileSelector
LogPluginManager: Mounting plugin GoogleCloudMessaging
LogPluginManager: Mounting plugin ImmediatePhysics
LogPluginManager: Mounting plugin IOSDeviceProfileSelector
LogPluginManager: Mounting plugin LinuxDeviceProfileSelector
LogPluginManager: Mounting plugin LocationServicesBPLibrary
LogPluginManager: Mounting plugin MobilePatchingUtils
LogPluginManager: Mounting plugin OculusVR
LogPluginManager: Plugin shader directory ../../../Engine/Plugins/Runtime/Oculus/OculusVR/Shaders found
LogPluginManager: Mapping shader source directory ../../../Engine/Plugins/Runtime/Oculus/OculusVR/Shaders to virtual directory /Plugin/OculusVR
LogPluginManager: Mounting plugin PhysXVehicles
LogPluginManager: Mounting plugin ProceduralMeshComponent
LogPluginManager: Mounting plugin RuntimePhysXCooking
LogPluginManager: Mounting plugin SteamVR
LogPluginManager: Mounting plugin WindowsMoviePlayer
LogStreaming: Display: Took  0.095s to configure plugins.
LogModuleManager: Display: Found up-to-date module file ../../../../../../Users/t7038904/source/BetaArcade/MasterBuild/Binaries/Win64/UE4Editor-MasterBuild.dll (API version 3944462).
LogModuleManager: Display: Found up-to-date module file ../../../Engine/Plugins/2D/Paper2D/Binaries/Win64/UE4Editor-Paper2D.dll (API version 3944462).
LogModuleManager: Display: Found up-to-date module file ../../../Engine/Plugins/2D/Paper2D/Binaries/Win64/UE4Editor-Paper2DEditor.dll (API version 3944462).
LogModuleManager: Display: Found up-to-date module file ../../../Engine/Plugins/2D/Paper2D/Binaries/Win64/UE4Editor-PaperSpriteSheetImporter.dll (API version 3944462).
LogModuleManager: Display: Found up-to-date module file ../../../Engine/Plugins/2D/Paper2D/Binaries/Win64/UE4Editor-PaperTiledImporter.dll (API version 3944462).
LogModuleManager: Display: Found up-to-date module file ../../../Engine/Plugins/2D/Paper2D/Binaries/Win64/UE4Editor-SmartSnapping.dll (API version 3944462).
LogModuleManager: Display: Found up-to-date module file ../../../Engine/Plugins/Animation/LiveLink/Binaries/Win64/UE4Editor-LiveLink.dll (API version 3944462).
LogModuleManager: Display: Found up-to-date module file ../../../Engine/Plugins/Animation/LiveLink/Binaries/Win64/UE4Editor-LiveLinkEditor.dll (API version 3944462).
LogModuleManager: Display: Found up-to-date module file ../../../Engine/Plugins/Blendables/LightPropagationVolume/Binaries/Win64/UE4Editor-LightPropagationVolumeRuntime.dll (API version 3944462).
LogModuleManager: Display: Found up-to-date module file ../../../Engine/Plugins/Blendables/LightPropagationVolume/Binaries/Win64/UE4Editor-LightPropagationVolumeEditor.dll (API version 3944462).
LogModuleManager: Display: Found up-to-date module file ../../../Engine/Plugins/Developer/CLionSourceCodeAccess/Binaries/Win64/UE4Editor-CLionSourceCodeAccess.dll (API version 3944462).
LogModuleManager: Display: Found up-to-date module file ../../../Engine/Plugins/Developer/GitSourceControl/Binaries/Win64/UE4Editor-GitSourceControl.dll (API version 3944462).
LogModuleManager: Display: Found up-to-date module file ../../../Engine/Plugins/Developer/PerforceSourceControl/Binaries/Win64/UE4Editor-PerforceSourceControl.dll (API version 3944462).
LogModuleManager: Display: Found up-to-date module file ../../../Engine/Plugins/Developer/SubversionSourceControl/Binaries/Win64/UE4Editor-SubversionSourceControl.dll (API version 3944462).
LogModuleManager: Display: Found up-to-date module file ../../../Engine/Plugins/Developer/UObjectPlugin/Binaries/Win64/UE4Editor-UObjectPlugin.dll (API version 3944462).
LogModuleManager: Display: Found up-to-date module file ../../../Engine/Plugins/Developer/VisualStudioCodeSourceCodeAccess/Binaries/Win64/UE4Editor-VisualStudioCodeSourceCodeAccess.dll (API version 3944462).
LogModuleManager: Display: Found up-to-date module file ../../../Engine/Plugins/Developer/VisualStudioSourceCodeAccess/Binaries/Win64/UE4Editor-VisualStudioSourceCodeAccess.dll (API version 3944462).
LogModuleManager: Display: Found up-to-date module file ../../../Engine/Plugins/Editor/AssetManagerEditor/Binaries/Win64/UE4Editor-AssetManagerEditor.dll (API version 3944462).
LogModuleManager: Display: Found up-to-date module file ../../../Engine/Plugins/Editor/CryptoKeys/Binaries/Win64/UE4Editor-CryptoKeys.dll (API version 3944462).
LogModuleManager: Display: Found up-to-date module file ../../../Engine/Plugins/Editor/CryptoKeys/Binaries/Win64/UE4Editor-CryptoKeysOpenSSL.dll (API version 3944462).
LogModuleManager: Display: Found up-to-date module file ../../../Engine/Plugins/Editor/DataValidation/Binaries/Win64/UE4Editor-DataValidation.dll (API version 3944462).
LogModuleManager: Display: Found up-to-date module file ../../../Engine/Plugins/Editor/FacialAnimation/Binaries/Win64/UE4Editor-FacialAnimation.dll (API version 3944462).
LogModuleManager: Display: Found up-to-date module file ../../../Engine/Plugins/Editor/FacialAnimation/Binaries/Win64/UE4Editor-FacialAnimationEditor.dll (API version 3944462).
LogModuleManager: Display: Found up-to-date module file ../../../Engine/Plugins/Editor/GameplayTagsEditor/Binaries/Win64/UE4Editor-GameplayTagsEditor.dll (API version 3944462).
LogModuleManager: Display: Found up-to-date module file ../../../Engine/Plugins/Editor/MobileLauncherProfileWizard/Binaries/Win64/UE4Editor-MobileLauncherProfileWizard.dll (API version 3944462).
LogModuleManager: Display: Found up-to-date module file ../../../Engine/Plugins/Editor/PluginBrowser/Binaries/Win64/UE4Editor-PluginBrowser.dll (API version 3944462).
LogModuleManager: Display: Found up-to-date module file ../../../Engine/Plugins/Editor/SpeedTreeImporter/Binaries/Win64/UE4Editor-SpeedTreeImporter.dll (API version 3944462).
LogModuleManager: Display: Found up-to-date module file ../../../Engine/Plugins/Enterprise/DatasmithContent/Binaries/Win64/UE4Editor-DatasmithContent.dll (API version 3944462).
LogModuleManager: Display: Found up-to-date module file ../../../Engine/Plugins/Experimental/AlembicImporter/Binaries/Win64/UE4Editor-AlembicImporter.dll (API version 3944462).
LogModuleManager: Display: Found up-to-date module file ../../../Engine/Plugins/Experimental/AlembicImporter/Binaries/Win64/UE4Editor-AlembicLibrary.dll (API version 3944462).
LogModuleManager: Display: Found up-to-date module file ../../../Engine/Plugins/Experimental/CharacterAI/Binaries/Win64/UE4Editor-CharacterAI.dll (API version 3944462).
LogModuleManager: Display: Found up-to-date module file ../../../Engine/Plugins/Experimental/HTML5Networking/Binaries/Win64/UE4Editor-HTML5Networking.dll (API version 3944462).
LogModuleManager: Display: Found up-to-date module file ../../../Engine/Plugins/Media/AndroidMedia/Binaries/Win64/UE4Editor-AndroidMediaEditor.dll (API version 3944462).
LogModuleManager: Display: Found up-to-date module file ../../../Engine/Plugins/Media/AndroidMedia/Binaries/Win64/UE4Editor-AndroidMediaFactory.dll (API version 3944462).
LogModuleManager: Display: Found up-to-date module file ../../../Engine/Plugins/Media/AvfMedia/Binaries/Win64/UE4Editor-AvfMediaEditor.dll (API version 3944462).
LogModuleManager: Display: Found up-to-date module file ../../../Engine/Plugins/Media/AvfMedia/Binaries/Win64/UE4Editor-AvfMediaFactory.dll (API version 3944462).
LogModuleManager: Display: Found up-to-date module file ../../../Engine/Plugins/Media/AvfMedia/Binaries/Win64/UE4Editor-AvfMediaFactory.dll (API version 3944462).
LogModuleManager: Display: Found up-to-date module file ../../../Engine/Plugins/Media/ImgMedia/Binaries/Win64/UE4Editor-ImgMedia.dll (API version 3944462).
LogModuleManager: Display: Found up-to-date module file ../../../Engine/Plugins/Media/ImgMedia/Binaries/Win64/UE4Editor-ImgMediaEditor.dll (API version 3944462).
LogModuleManager: Display: Found up-to-date module file ../../../Engine/Plugins/Media/ImgMedia/Binaries/Win64/UE4Editor-ImgMediaFactory.dll (API version 3944462).
LogModuleManager: Display: Found up-to-date module file ../../../Engine/Plugins/Media/ImgMedia/Binaries/Win64/UE4Editor-ImgMediaFactory.dll (API version 3944462).
LogModuleManager: Display: Found up-to-date module file ../../../Engine/Plugins/Media/ImgMedia/Binaries/Win64/UE4Editor-OpenExrWrapper.dll (API version 3944462).
LogModuleManager: Display: Found up-to-date module file ../../../Engine/Plugins/Media/LinearTimecode/Binaries/Win64/UE4Editor-LinearTimecode.dll (API version 3944462).
LogModuleManager: Display: Found up-to-date module file ../../../Engine/Plugins/Media/MediaCompositing/Binaries/Win64/UE4Editor-MediaCompositing.dll (API version 3944462).
LogModuleManager: Display: Found up-to-date module file ../../../Engine/Plugins/Media/MediaCompositing/Binaries/Win64/UE4Editor-MediaCompositingEditor.dll (API version 3944462).
LogModuleManager: Display: Found up-to-date module file ../../../Engine/Plugins/Media/MediaPlayerEditor/Binaries/Win64/UE4Editor-MediaPlayerEditor.dll (API version 3944462).
LogModuleManager: Display: Found up-to-date module file ../../../Engine/Plugins/Media/WmfMedia/Binaries/Win64/UE4Editor-WmfMedia.dll (API version 3944462).
LogModuleManager: Display: Found up-to-date module file ../../../Engine/Plugins/Media/WmfMedia/Binaries/Win64/UE4Editor-WmfMediaEditor.dll (API version 3944462).
LogModuleManager: Display: Found up-to-date module file ../../../Engine/Plugins/Media/WmfMedia/Binaries/Win64/UE4Editor-WmfMediaFactory.dll (API version 3944462).
LogModuleManager: Display: Found up-to-date module file ../../../Engine/Plugins/Media/WmfMedia/Binaries/Win64/UE4Editor-WmfMediaFactory.dll (API version 3944462).
LogModuleManager: Display: Found up-to-date module file ../../../Engine/Plugins/Messaging/TcpMessaging/Binaries/Win64/UE4Editor-TcpMessaging.dll (API version 3944462).
LogModuleManager: Display: Found up-to-date module file ../../../Engine/Plugins/Messaging/UdpMessaging/Binaries/Win64/UE4Editor-UdpMessaging.dll (API version 3944462).
LogModuleManager: Display: Found up-to-date module file ../../../Engine/Plugins/MovieScene/ActorSequence/Binaries/Win64/UE4Editor-ActorSequence.dll (API version 3944462).
LogModuleManager: Display: Found up-to-date module file ../../../Engine/Plugins/MovieScene/LevelSequenceEditor/Binaries/Win64/UE4Editor-LevelSequenceEditor.dll (API version 3944462).
LogModuleManager: Display: Found up-to-date module file ../../../Engine/Plugins/MovieScene/MatineeToLevelSequence/Binaries/Win64/UE4Editor-MatineeToLevelSequence.dll (API version 3944462).
LogModuleManager: Display: Found up-to-date module file ../../../Engine/Plugins/NetcodeUnitTest/NetcodeUnitTest/Binaries/Win64/UE4Editor-NetcodeUnitTest.dll (API version 3944462).
LogModuleManager: Display: Found up-to-date module file ../../../Engine/Plugins/NetcodeUnitTest/NUTUnrealEngine4/Binaries/Win64/UE4Editor-NUTUnrealEngine4.dll (API version 3944462).
LogModuleManager: Display: Found up-to-date module file ../../../Engine/Plugins/Online/OnlineSubsystem/Binaries/Win64/UE4Editor-OnlineSubsystem.dll (API version 3944462).
LogModuleManager: Display: Found up-to-date module file ../../../Engine/Plugins/Online/OnlineSubsystemNull/Binaries/Win64/UE4Editor-OnlineSubsystemNull.dll (API version 3944462).
LogModuleManager: Display: Found up-to-date module file ../../../Engine/Plugins/Online/OnlineSubsystemUtils/Binaries/Win64/UE4Editor-OnlineSubsystemUtils.dll (API version 3944462).
LogModuleManager: Display: Found up-to-date module file ../../../Engine/Plugins/Online/OnlineSubsystemUtils/Binaries/Win64/UE4Editor-OnlineBlueprintSupport.dll (API version 3944462).
LogModuleManager: Display: Found up-to-date module file ../../../Engine/Plugins/Runtime/AndroidDeviceProfileSelector/Binaries/Win64/UE4Editor-AndroidDeviceProfileSelector.dll (API version 3944462).
LogModuleManager: Display: Found up-to-date module file ../../../Engine/Plugins/Runtime/AndroidPermission/Binaries/Win64/UE4Editor-AndroidPermission.dll (API version 3944462).
LogModuleManager: Display: Found up-to-date module file ../../../Engine/Plugins/Runtime/AppleARKit/Binaries/Win64/UE4Editor-AppleARKit.dll (API version 3944462).
LogModuleManager: Display: Found up-to-date module file ../../../Engine/Plugins/Runtime/ArchVisCharacter/Binaries/Win64/UE4Editor-ArchVisCharacter.dll (API version 3944462).
LogModuleManager: Display: Found up-to-date module file ../../../Engine/Plugins/Runtime/AudioCapture/Binaries/Win64/UE4Editor-AudioCapture.dll (API version 3944462).
LogModuleManager: Display: Found up-to-date module file ../../../Engine/Plugins/Runtime/AudioCapture/Binaries/Win64/UE4Editor-AudioCaptureEditor.dll (API version 3944462).
LogModuleManager: Display: Found up-to-date module file ../../../Engine/Plugins/Runtime/CableComponent/Binaries/Win64/UE4Editor-CableComponent.dll (API version 3944462).
LogModuleManager: Display: Found up-to-date module file ../../../Engine/Plugins/Runtime/CustomMeshComponent/Binaries/Win64/UE4Editor-CustomMeshComponent.dll (API version 3944462).
LogModuleManager: Display: Found up-to-date module file ../../../Engine/Plugins/Runtime/ExampleDeviceProfileSelector/Binaries/Win64/UE4Editor-ExampleDeviceProfileSelector.dll (API version 3944462).
LogModuleManager: Display: Found up-to-date module file ../../../Engine/Plugins/Runtime/ImmediatePhysics/Binaries/Win64/UE4Editor-ImmediatePhysics.dll (API version 3944462).
LogModuleManager: Display: Found up-to-date module file ../../../Engine/Plugins/Runtime/ImmediatePhysics/Binaries/Win64/UE4Editor-ImmediatePhysicsEditor.dll (API version 3944462).
LogModuleManager: Display: Found up-to-date module file ../../../Engine/Plugins/Runtime/LocationServicesBPLibrary/Binaries/Win64/UE4Editor-LocationServicesBPLibrary.dll (API version 3944462).
LogModuleManager: Display: Found up-to-date module file ../../../Engine/Plugins/Runtime/MobilePatchingUtils/Binaries/Win64/UE4Editor-MobilePatchingUtils.dll (API version 3944462).
LogModuleManager: Display: Found up-to-date module file ../../../Engine/Plugins/Runtime/Oculus/OculusVR/Binaries/Win64/UE4Editor-OculusHMD.dll (API version 3944462).
LogModuleManager: Display: Found up-to-date module file ../../../Engine/Plugins/Runtime/Oculus/OculusVR/Binaries/Win64/UE4Editor-OculusInput.dll (API version 3944462).
LogModuleManager: Display: Found up-to-date module file ../../../Engine/Plugins/Runtime/Oculus/OculusVR/Binaries/Win64/UE4Editor-OculusEditor.dll (API version 3944462).
LogModuleManager: Display: Found up-to-date module file ../../../Engine/Plugins/Runtime/PhysXVehicles/Binaries/Win64/UE4Editor-PhysXVehicles.dll (API version 3944462).
LogModuleManager: Display: Found up-to-date module file ../../../Engine/Plugins/Runtime/PhysXVehicles/Binaries/Win64/UE4Editor-PhysXVehiclesEditor.dll (API version 3944462).
LogModuleManager: Display: Found up-to-date module file ../../../Engine/Plugins/Runtime/ProceduralMeshComponent/Binaries/Win64/UE4Editor-ProceduralMeshComponent.dll (API version 3944462).
LogModuleManager: Display: Found up-to-date module file ../../../Engine/Plugins/Runtime/ProceduralMeshComponent/Binaries/Win64/UE4Editor-ProceduralMeshComponentEditor.dll (API version 3944462).
LogModuleManager: Display: Found up-to-date module file ../../../Engine/Plugins/Runtime/RuntimePhysXCooking/Binaries/Win64/UE4Editor-RuntimePhysXCooking.dll (API version 3944462).
LogModuleManager: Display: Found up-to-date module file ../../../Engine/Plugins/Runtime/Steam/SteamVR/Binaries/Win64/UE4Editor-SteamVR.dll (API version 3944462).
LogModuleManager: Display: Found up-to-date module file ../../../Engine/Plugins/Runtime/Steam/SteamVR/Binaries/Win64/UE4Editor-SteamVRController.dll (API version 3944462).
LogModuleManager: Display: Found up-to-date module file ../../../Engine/Plugins/Runtime/WindowsMoviePlayer/Binaries/Win64/UE4Editor-WindowsMoviePlayer.dll (API version 3944462).
LogInit: Using libcurl 7.47.1
LogInit:  - built for x86_64-pc-win32
LogInit:  - supports SSL with OpenSSL/1.0.2g
LogInit:  - supports HTTP deflate (compression) using libz 1.2.8
LogInit:  - other features:
LogInit:      CURL_VERSION_SSL
LogInit:      CURL_VERSION_LIBZ
LogInit:      CURL_VERSION_IPV6
LogInit:      CURL_VERSION_ASYNCHDNS
LogInit:      CURL_VERSION_LARGEFILE
LogInit:      CURL_VERSION_IDN
LogInit:  CurlRequestOptions (configurable via config and command line):
LogInit:  - bVerifyPeer = false  - Libcurl will NOT verify peer certificate
LogInit:  - bUseHttpProxy = false  - Libcurl will NOT use HTTP proxy
LogInit:  - bDontReuseConnections = false  - Libcurl will reuse connections
LogInit:  - CertBundlePath = nullptr  - Libcurl will use whatever was configured at build time.
LogInit:  - MaxHostConnections = 16  - Libcurl will limit the number of connections to a host
LogInit:  - LocalHostAddr = Default
LogInit: WinSock: version 1.1 (2.2), MaxSocks=32767, MaxUdp=65467
LogInit: WinSock: I am TU45368 (152.105.218.217:0)
LogInit: Build: ++UE4+Release-4.19-CL-4033788
LogInit: Engine Version: 4.19.2-4033788+++UE4+Release-4.19
LogInit: Compatible Engine Version: 4.19.0-3944462+++UE4+Release-4.19
LogInit: Net CL: 3944462
LogDevObjectVersion: Number of dev versions registered: 18
LogDevObjectVersion:   Dev-Blueprints (B0D832E4-1F89-4F0D-ACCF-7EB736FD4AA2): 10
LogDevObjectVersion:   Dev-Build (E1C64328-A22C-4D53-A36C-8E866417BD8C): 0
LogDevObjectVersion:   Dev-Core (375EC13C-06E4-48FB-B500-84F0262A717E): 2
LogDevObjectVersion:   Dev-Editor (E4B068ED-F494-42E9-A231-DA0B2E46BB41): 23
LogDevObjectVersion:   Dev-Framework (CFFC743F-43B0-4480-9391-14DF171D2073): 33
LogDevObjectVersion:   Dev-Mobile (B02B49B5-BB20-44E9-A304-32B752E40360): 2
LogDevObjectVersion:   Dev-Networking (A4E4105C-59A1-49B5-A7C5-40C4547EDFEE): 0
LogDevObjectVersion:   Dev-Online (39C831C9-5AE6-47DC-9A44-9C173E1C8E7C): 0
LogDevObjectVersion:   Dev-Physics (78F01B33-EBEA-4F98-B9B4-84EACCB95AA2): 0
LogDevObjectVersion:   Dev-Platform (6631380F-2D4D-43E0-8009-CF276956A95A): 0
LogDevObjectVersion:   Dev-Rendering (12F88B9F-8875-4AFC-A67C-D90C383ABD29): 25
LogDevObjectVersion:   Dev-Sequencer (7B5AE74C-D270-4C10-A958-57980B212A5A): 6
LogDevObjectVersion:   Dev-VR (D7296918-1DD6-4BDD-9DE2-64A83CC13884): 1
LogDevObjectVersion:   Dev-LoadTimes (C2A15278-BFE7-4AFE-6C17-90FF531DF755): 1
LogDevObjectVersion:   Private-Geometry (6EACA3D4-40EC-4CC1-B786-8BED09428FC5): 2
LogDevObjectVersion:   Dev-AnimPhys (29E575DD-E0A3-4627-9D10-D276232CDCEA): 16
LogDevObjectVersion:   Dev-ReflectionCapture (6B266CEC-1EC7-4B8F-A30B-E4D90942FC07): 1
LogDevObjectVersion:   Dev-Automation (0DF73D61-A23F-47EA-B727-89E90C41499A): 1
LogInit: Compiled (64-bit): Apr 27 2018 02:06:57
LogInit: Compiled with Visual C++: 19.00.24215.01
LogInit: Build Configuration: Development
LogInit: Branch Name: ++UE4+Release-4.19
LogInit: Command Line:  /Game/Woolf/Maps/MainMenu -game -PIEVIACONSOLE -ResX=1280 -ResY=720  -Multiprocess -messaging -SessionName="Play in Standalone Game" -windowed 
LogInit: Base Directory: C:/Program Files/Epic Games/UE_4.19/Engine/Binaries/Win64/
LogInit: Installed Engine Build: 1
LogStreaming: Display: Took  0.015s to delete old logs.
LogInit: Presizing for max 8388607 objects, including 0 objects not considered by GC, pre-allocating 0 bytes for permanent pool.
LogInit: Object subsystem initialized
[2019.10.29-09.02.09:705][  0]LogInit: Selected Device Profile: [Windows]
[2019.10.29-09.02.09:705][  0]LogInit: Applying CVar settings loaded from the selected device profile: [Windows]
[2019.10.29-09.02.09:710][  0]LogInit: Computer: TU45368
[2019.10.29-09.02.09:710][  0]LogInit: User: t7038904
[2019.10.29-09.02.09:710][  0]LogInit: CPU Page size=4096, Cores=6
[2019.10.29-09.02.09:710][  0]LogInit: High frequency timer resolution =10.000000 MHz
[2019.10.29-09.02.09:710][  0]LogMemory: Memory total: Physical=31.9GB (32GB approx)
[2019.10.29-09.02.09:710][  0]LogMemory: Platform Memory Stats for Windows
[2019.10.29-09.02.09:710][  0]LogMemory: Process Physical Memory: 277.18 MB used, 277.18 MB peak
[2019.10.29-09.02.09:710][  0]LogMemory: Process Virtual Memory: 271.95 MB used, 271.95 MB peak
[2019.10.29-09.02.09:710][  0]LogMemory: Physical Memory: 8053.84 MB used,  24630.33 MB free, 32684.17 MB total
[2019.10.29-09.02.09:710][  0]LogMemory: Virtual Memory: 4815.93 MB used,  24630.33 MB free, 134217728.00 MB total
[2019.10.29-09.02.09:728][  0]LogInit: Using OS detected language (en-GB).
[2019.10.29-09.02.09:728][  0]LogInit: Using OS detected locale (en-GB).
[2019.10.29-09.02.09:729][  0]LogTextLocalizationManager: No localization for 'en-GB' exists, so 'en' will be used for the language.
[2019.10.29-09.02.09:729][  0]LogTextLocalizationManager: No localization for 'en-GB' exists, so 'en' will be used for the locale.
[2019.10.29-09.02.10:140][  0]LogStreaming: Display: Took  0.412s to EndInitTextLocalization.
[2019.10.29-09.02.10:164][  0]LogSlate: New Slate User Created.  User Index 0, Is Virtual User: 0
[2019.10.29-09.02.10:164][  0]LogSlate: Slate User Registered.  User Index 0, Is Virtual User: 0
[2019.10.29-09.02.10:172][  0]LogD3D11RHI: D3D11 adapters:
[2019.10.29-09.02.10:224][  0]LogD3D11RHI:    0. 'NVIDIA GeForce GTX 980 Ti' (Feature Level 11_0)
[2019.10.29-09.02.10:224][  0]LogD3D11RHI:       6097/0/16342 MB DedicatedVideo/DedicatedSystem/SharedSystem, Outputs:2, VendorId:0x10de
[2019.10.29-09.02.10:226][  0]LogD3D11RHI:    1. 'Microsoft Basic Render Driver' (Feature Level 11_0)
[2019.10.29-09.02.10:227][  0]LogD3D11RHI:       0/0/16342 MB DedicatedVideo/DedicatedSystem/SharedSystem, Outputs:0, VendorId:0x1414
[2019.10.29-09.02.10:227][  0]LogD3D11RHI: Chosen D3D11 Adapter: 0
[2019.10.29-09.02.10:233][  0]LogD3D11RHI: Creating new Direct3DDevice
[2019.10.29-09.02.10:233][  0]LogD3D11RHI:     GPU DeviceId: 0x17c8 (for the marketing name, search the web for "GPU Device Id")
[2019.10.29-09.02.10:234][  0]LogWindows: EnumDisplayDevices:
[2019.10.29-09.02.10:234][  0]LogWindows:    0. 'NVIDIA GeForce GTX 980 Ti' (P:1 D:1)
[2019.10.29-09.02.10:234][  0]LogWindows:    1. 'NVIDIA GeForce GTX 980 Ti' (P:0 D:1)
[2019.10.29-09.02.10:235][  0]LogWindows:    2. 'NVIDIA GeForce GTX 980 Ti' (P:0 D:0)
[2019.10.29-09.02.10:235][  0]LogWindows:    3. 'NVIDIA GeForce GTX 980 Ti' (P:0 D:0)
[2019.10.29-09.02.10:236][  0]LogWindows: DebugString: GetVideoDriverDetailsInvalid PrimaryIsNotTheChoosenAdapter GetVideoDriverDetailsInvalid PrimaryIsNotTheChoosenAdapter GetVideoDriverDetailsInvalid PrimaryIsNotTheChoosenAdapter GetVideoDriverDetailsInvalid PrimaryIsNotTheChoosenAdapter FoundDriverCount:0 
[2019.10.29-09.02.10:236][  0]LogD3D11RHI:     Adapter Name: NVIDIA GeForce GTX 980 Ti
[2019.10.29-09.02.10:236][  0]LogD3D11RHI:   Driver Version: Unknown (internal:Unknown, unified:Unknown)
[2019.10.29-09.02.10:236][  0]LogD3D11RHI:      Driver Date: Unknown
[2019.10.29-09.02.10:236][  0]LogRHI: Texture pool is 4268 MB (70% of 6097 MB)
[2019.10.29-09.02.10:270][  0]LogD3D11RHI: [Aftermath] Aftermath enabled and primed
[2019.10.29-09.02.10:270][  0]LogD3D11RHI: [Aftermath] Aftermath enabled and primed
[2019.10.29-09.02.10:270][  0]LogD3D11RHI: Async texture creation enabled
[2019.10.29-09.02.10:288][  0]LogD3D11RHI: GPU Timing Frequency: 1000.000000 (Debug: 2 2)
[2019.10.29-09.02.10:377][  0]LogShaderCompilers: Guid format shader working directory is -13 characters bigger than the processId version (../../../../../../Users/t7038904/source/BetaArcade/MasterBuild/Intermediate/Shaders/WorkingDirectory/6404/).
[2019.10.29-09.02.10:377][  0]LogShaderCompilers: Cleaned the shader compiler working directory 'C:/Users/t7038904/AppData/Local/Temp/UnrealShaderWorkingDir/D1EE4F1D447FF38D2AAC82A96395E2C9/'.
[2019.10.29-09.02.10:670][  0]LogTemp: Display: Loaded TP WindowsClientTargetPlatform
[2019.10.29-09.02.10:685][  0]LogTemp: Display: Loaded TP WindowsNoEditorTargetPlatform
[2019.10.29-09.02.10:700][  0]LogTemp: Display: Loaded TP WindowsServerTargetPlatform
[2019.10.29-09.02.10:715][  0]LogTemp: Display: Loaded TP WindowsTargetPlatform
[2019.10.29-09.02.10:715][  0]LogTargetPlatformManager: Display: Building Assets For Windows
[2019.10.29-09.02.10:862][  0]LogXGEController: Cannot use XGE Controller as Incredibuild is not installed on this machine.
[2019.10.29-09.02.10:862][  0]LogShaderCompilers: Cannot use XGE Shader Compiler as Incredibuild is not installed on this machine.
[2019.10.29-09.02.10:862][  0]LogShaderCompilers: Display: Using Local Shader Compiler.
[2019.10.29-09.02.11:820][  0]LogDerivedDataCache: Display: Max Cache Size: 512 MB
[2019.10.29-09.02.11:894][  0]LogDerivedDataCache: Loaded boot cache 0.07s 77MB C:/Users/t7038904/AppData/Local/UnrealEngine/4.19/DerivedDataCache/Boot.ddc.
[2019.10.29-09.02.11:894][  0]LogDerivedDataCache: Display: Loaded Boot cache: C:/Users/t7038904/AppData/Local/UnrealEngine/4.19/DerivedDataCache/Boot.ddc
[2019.10.29-09.02.11:894][  0]LogDerivedDataCache: FDerivedDataBackendGraph:  Pak pak cache file ../../../../../../Users/t7038904/source/BetaArcade/MasterBuild/DerivedDataCache/DDC.ddp not found, will not use a pak cache.
[2019.10.29-09.02.11:894][  0]LogDerivedDataCache: Unable to find inner node Pak for hierarchical cache Hierarchy.
[2019.10.29-09.02.11:894][  0]LogDerivedDataCache: FDerivedDataBackendGraph:  CompressedPak pak cache file ../../../../../../Users/t7038904/source/BetaArcade/MasterBuild/DerivedDataCache/Compressed.ddp not found, will not use a pak cache.
[2019.10.29-09.02.11:894][  0]LogDerivedDataCache: Unable to find inner node CompressedPak for hierarchical cache Hierarchy.
[2019.10.29-09.02.11:911][  0]LogDerivedDataCache: Display: Pak cache opened for reading ../../../Engine/DerivedDataCache/Compressed.ddp.
[2019.10.29-09.02.11:924][  0]LogDerivedDataCache: Using Local data cache path C:/Users/t7038904/AppData/Local/UnrealEngine/Common/DerivedDataCache: Writable
[2019.10.29-09.02.11:924][  0]LogDerivedDataCache: Shared data cache path not found in *engine.ini, will not use an Shared cache.
[2019.10.29-09.02.11:924][  0]LogDerivedDataCache: Unable to find inner node Shared for hierarchical cache Hierarchy.
[2019.10.29-09.02.11:935][  0]LogMaterial: Verifying Global Shaders for PCD3D_SM5
[2019.10.29-09.02.11:936][  0]LogSlate: Using Freetype 2.6.0
[2019.10.29-09.02.11:936][  0]LogSlate: SlateFontCache - WITH_FREETYPE: 1, WITH_HARFBUZZ: 1
[2019.10.29-09.02.11:936][  0]LogSlate: SlateFontCache - WITH_FREETYPE: 1, WITH_HARFBUZZ: 1
[2019.10.29-09.02.12:074][  0]LogAssetRegistry: FAssetRegistry took 0.0047 seconds to start up
[2019.10.29-09.02.12:270][  0]LogPackageLocalizationCache: Processed 9 localized package path(s) for 1 prioritized culture(s) in 0.009557 seconds
[2019.10.29-09.02.12:409][  0]LogInit: Selected Device Profile: [Windows]
[2019.10.29-09.02.12:566][  0]LogSimplygon: Simplygon DLL not present - disabling.
[2019.10.29-09.02.12:569][  0]LogMeshReduction: Using SimplygonSwarm for distributed automatic mesh merging
[2019.10.29-09.02.12:569][  0]LogMeshReduction: Using QuadricMeshReduction for automatic static mesh reduction
[2019.10.29-09.02.12:569][  0]LogMeshReduction: No automatic skeletal mesh reduction module available
[2019.10.29-09.02.12:569][  0]LogMeshReduction: No automatic mesh merging module available
[2019.10.29-09.02.12:569][  0]LogMeshMerging: No automatic mesh merging module available
[2019.10.29-09.02.12:610][  0]LogNetVersion: MasterBuild , NetCL: 3944462, EngineNetVer: 2, GameNetVer: 0 (Checksum: 2426174287)
[2019.10.29-09.02.13:262][  0]LogMoviePlayer: Initializing movie player
[2019.10.29-09.02.13:610][  0]LogTcpMessaging: Initializing TcpMessaging bridge
[2019.10.29-09.02.13:651][  0]LogUdpMessaging: Initializing bridge on interface 0.0.0.0:0 to multicast group 230.0.0.1:6666.
[2019.10.29-09.02.13:958][  0]LogUObjectGlobals: Created PersistentFrame Addr=0x0000013d26e5f200, Size=64, Default__ThirdPerson_AnimBP_C Function /Game/Mannequin/Animations/ThirdPerson_AnimBP.ThirdPerson_AnimBP_C:ExecuteUbergraph_ThirdPerson_AnimBP
[2019.10.29-09.02.13:992][  0]LogUObjectGlobals: Destroyed PersistentFrame Addr=0x0000013d26e5f200, Size=64
[2019.10.29-09.02.13:992][  0]LogUObjectGlobals: Created PersistentFrame Addr=0x0000013d2624ab00, Size=64, Default__ThirdPerson_AnimBP_C Function /Engine/Transient.REINST_ThirdPerson_AnimBP_C_0:ExecuteUbergraph_ThirdPerson_AnimBP
[2019.10.29-09.02.14:000][  0]LogUObjectGlobals: Created PersistentFrame Addr=0x0000013d2694e750, Size=72, Default__ThirdPerson_AnimBP_C Function /Game/Mannequin/Animations/ThirdPerson_AnimBP.ThirdPerson_AnimBP_C:ExecuteUbergraph_ThirdPerson_AnimBP
[2019.10.29-09.02.14:072][  0]LogSkeletalMesh: Skeletal Mesh found in DDC [2.177100ms] /Game/Mannequin/Character/Mesh/SK_Mannequin.SK_Mannequin
[2019.10.29-09.02.14:153][  0]SourceControl: Source control is disabled
[2019.10.29-09.02.14:153][  0]SourceControl: Source control is disabled
[2019.10.29-09.02.14:181][  0]SourceControl: Source control is disabled
[2019.10.29-09.02.14:658][  0]LogAndroidPermission: UAndroidPermissionCallbackProxy::GetInstance
[2019.10.29-09.02.14:924][  0]LogOcInput: OculusInput pre-init called
[2019.10.29-09.02.14:990][  0]LogUObjectArray: 41174 objects as part of root set at end of initial load.
[2019.10.29-09.02.14:990][  0]LogUObjectAllocator: 8826664 out of 0 bytes used by permanent object pool.
[2019.10.29-09.02.14:990][  0]LogUObjectArray: CloseDisregardForGC: 0/0 objects in disregard for GC pool
[2019.10.29-09.02.15:043][  0]LogEngine: Initializing Engine...
[2019.10.29-09.02.15:045][  0]LogHMD: Failed to initialize OpenVR with code 110
[2019.10.29-09.02.15:057][  0]LogStats: UGameplayTagsManager::ConstructGameplayTagTree: Construct from data asset -  0.000 s
[2019.10.29-09.02.15:057][  0]LogStats: UGameplayTagsManager::ConstructGameplayTagTree: GameplayTagTreeChangedEvent.Broadcast -  0.000 s
[2019.10.29-09.02.15:245][  0]LogInit: XAudio2 using 'Speakers (Realtek High Definition Audio)' : 2 channels at 48 kHz using 32 bits per sample (channel mask 0x3)
[2019.10.29-09.02.15:302][  0]LogInit: FAudioDevice initialized.
[2019.10.29-09.02.15:327][  0]LogInit: Texture streaming: Enabled
[2019.10.29-09.02.15:441][  0]LogUObjectGlobals: Created PersistentFrame Addr=0x0000013d235eb200, Size=480, Default__GameInfoInstance_BP_C Function /Game/Woolf/Blueprints/GameInfoInstance_BP.GameInfoInstance_BP_C:ExecuteUbergraph_GameInfoInstance_BP
[2019.10.29-09.02.15:443][  0]LogUObjectGlobals: Created PersistentFrame Addr=0x0000013d7fd01800, Size=64, Default__W_HostMenu_C Function /Game/Woolf/UI/W_HostMenu.W_HostMenu_C:ExecuteUbergraph_W_HostMenu
[2019.10.29-09.02.15:448][  0]LogUObjectGlobals: Created PersistentFrame Addr=0x0000013d283527a0, Size=160, Default__W_JoinMenu_C Function /Game/Woolf/UI/W_JoinMenu.W_JoinMenu_C:ExecuteUbergraph_W_JoinMenu
[2019.10.29-09.02.15:452][  0]LogUObjectGlobals: Created PersistentFrame Addr=0x0000013d283ce880, Size=32, Default__W_MainMenu_C Function /Game/Woolf/UI/W_MainMenu.W_MainMenu_C:ExecuteUbergraph_W_MainMenu
[2019.10.29-09.02.15:465][  0]LogUObjectGlobals: Destroyed PersistentFrame Addr=0x0000013d235eb200, Size=480
[2019.10.29-09.02.15:465][  0]LogUObjectGlobals: Created PersistentFrame Addr=0x0000013d235eb200, Size=480, Default__GameInfoInstance_BP_C Function /Engine/Transient.REINST_GameInfoInstance_BP_C_4:ExecuteUbergraph_GameInfoInstance_BP
[2019.10.29-09.02.15:465][  0]LogUObjectGlobals: Destroyed PersistentFrame Addr=0x0000013d7fd01800, Size=64
[2019.10.29-09.02.15:465][  0]LogUObjectGlobals: Created PersistentFrame Addr=0x0000013d28341bc0, Size=64, Default__W_HostMenu_C Function /Engine/Transient.REINST_W_HostMenu_C_0:ExecuteUbergraph_W_HostMenu
[2019.10.29-09.02.15:466][  0]LogUObjectGlobals: Destroyed PersistentFrame Addr=0x0000013d283527a0, Size=160
[2019.10.29-09.02.15:466][  0]LogUObjectGlobals: Created PersistentFrame Addr=0x0000013d282a0720, Size=160, Default__W_JoinMenu_C Function /Engine/Transient.REINST_W_JoinMenu_C_1:ExecuteUbergraph_W_JoinMenu
[2019.10.29-09.02.15:466][  0]LogUObjectGlobals: Destroyed PersistentFrame Addr=0x0000013d283ce880, Size=32
[2019.10.29-09.02.15:466][  0]LogUObjectGlobals: Created PersistentFrame Addr=0x0000013d282fd7e0, Size=32, Default__W_MainMenu_C Function /Engine/Transient.REINST_W_MainMenu_C_2:ExecuteUbergraph_W_MainMenu
[2019.10.29-09.02.15:477][  0]LogUObjectGlobals: Created PersistentFrame Addr=0x0000013d28215000, Size=488, Default__GameInfoInstance_BP_C Function /Game/Woolf/Blueprints/GameInfoInstance_BP.GameInfoInstance_BP_C:ExecuteUbergraph_GameInfoInstance_BP
[2019.10.29-09.02.15:478][  0]LogUObjectGlobals: Created PersistentFrame Addr=0x0000013d281dab80, Size=64, Default__W_HostMenu_C Function /Game/Woolf/UI/W_HostMenu.W_HostMenu_C:ExecuteUbergraph_W_HostMenu
[2019.10.29-09.02.15:480][  0]LogUObjectGlobals: Created PersistentFrame Addr=0x0000013d281ba980, Size=160, Default__W_JoinMenu_C Function /Game/Woolf/UI/W_JoinMenu.W_JoinMenu_C:ExecuteUbergraph_W_JoinMenu
[2019.10.29-09.02.15:481][  0]LogUObjectGlobals: Created PersistentFrame Addr=0x0000013d281f4f20, Size=32, Default__W_MainMenu_C Function /Game/Woolf/UI/W_MainMenu.W_MainMenu_C:ExecuteUbergraph_W_MainMenu
[2019.10.29-09.02.15:490][  0]LogInit: Display: Game Engine Initialized.
[2019.10.29-09.02.15:490][  0]LogGameplayTags: Display: UGameplayTagsManager::DoneAddingNativeTags. DelegateIsBound: 0
[2019.10.29-09.02.15:490][  0]LogStats: UGameplayTagsManager::ConstructGameplayTagTree: Construct from data asset -  0.000 s
[2019.10.29-09.02.15:490][  0]LogStats: UGameplayTagsManager::ConstructGameplayTagTree: GameplayTagTreeChangedEvent.Broadcast -  0.000 s
[2019.10.29-09.02.15:637][  0]LogInit: Display: Starting Game.
[2019.10.29-09.02.15:637][  0]LogNet: Browse: /Game/Woolf/Maps/MainMenu?Name=Player
[2019.10.29-09.02.15:637][  0]LogLoad: LoadMap: /Game/Woolf/Maps/MainMenu?Name=Player
[2019.10.29-09.02.15:647][  0]LogUObjectGlobals: Destroyed PersistentFrame Addr=0x0000013d2624ab00, Size=64
[2019.10.29-09.02.15:647][  0]LogUObjectGlobals: Destroyed PersistentFrame Addr=0x0000013d235eb200, Size=480
[2019.10.29-09.02.15:647][  0]LogUObjectGlobals: Destroyed PersistentFrame Addr=0x0000013d28341bc0, Size=64
[2019.10.29-09.02.15:647][  0]LogUObjectGlobals: Destroyed PersistentFrame Addr=0x0000013d282a0720, Size=160
[2019.10.29-09.02.15:647][  0]LogUObjectGlobals: Destroyed PersistentFrame Addr=0x0000013d282fd7e0, Size=32
[2019.10.29-09.02.15:649][  0]LogUObjectGlobals: Created PersistentFrame Addr=0x0000013d283ce360, Size=32, Default__MainMenu_C Function /Game/Woolf/Maps/MainMenu.MainMenu_C:ExecuteUbergraph_MainMenu
[2019.10.29-09.02.15:650][  0]LogUObjectGlobals: Destroyed PersistentFrame Addr=0x0000013d283ce360, Size=32
[2019.10.29-09.02.15:650][  0]LogUObjectGlobals: Created PersistentFrame Addr=0x0000013d283ce360, Size=32, Default__MainMenu_C Function /Engine/Transient.REINST_MainMenu_C_9:ExecuteUbergraph_MainMenu
[2019.10.29-09.02.15:651][  0]LogUObjectGlobals: Created PersistentFrame Addr=0x0000013d283cde40, Size=32, Default__MainMenu_C Function /Game/Woolf/Maps/MainMenu.MainMenu_C:ExecuteUbergraph_MainMenu
[2019.10.29-09.02.15:662][  0]LogAIModule: Creating AISystem for world MainMenu
[2019.10.29-09.02.15:664][  0]LogUObjectGlobals: Created PersistentFrame Addr=0x0000013d7fcf22d0, Size=4, Default__Wolfy_BP_C Function /Game/Woolf/Blueprints/Player/Wolfy_BP.Wolfy_BP_C:ExecuteUbergraph_Wolfy_BP
[2019.10.29-09.02.15:670][  0]LogUObjectGlobals: Destroyed PersistentFrame Addr=0x0000013d7fcf22d0, Size=4
[2019.10.29-09.02.15:670][  0]LogUObjectGlobals: Created PersistentFrame Addr=0x0000013d7fcf22d0, Size=4, Default__Wolfy_BP_C Function /Engine/Transient.REINST_Wolfy_BP_C_12:ExecuteUbergraph_Wolfy_BP
[2019.10.29-09.02.15:671][  0]LogUObjectGlobals: Created PersistentFrame Addr=0x0000013d7fcf23a0, Size=4, Default__Wolfy_BP_C Function /Game/Woolf/Blueprints/Player/Wolfy_BP.Wolfy_BP_C:ExecuteUbergraph_Wolfy_BP
[2019.10.29-09.02.15:678][  0]LogBlueprint: Warning: USimpleConstructionScript::FixupRootNodeParentReferences() - Couldn't find native parent component 'Arrow' for 'Cylinder' in BlueprintGeneratedClass 'Wolfy_BP_C' (it may have been removed)
[2019.10.29-09.02.15:680][  0]LogLoad: Game class is 'WolfGameMode_BP_C'
[2019.10.29-09.02.15:680][  0]LogWorld: Bringing World /Game/Woolf/Maps/MainMenu.MainMenu up for play (max tick rate 0) at 2019.10.29-09.02.15
[2019.10.29-09.02.15:681][  0]LogWorld: Bringing up level for play took: 0.000485
[2019.10.29-09.02.15:681][  0]LogGameMode: FindPlayerStart: PATHS NOT DEFINED or NO PLAYERSTART with positive rating
[2019.10.29-09.02.16:203][  0]LogStats: FPlatformStackWalk::StackWalkAndDump -  0.517 s
[2019.10.29-09.02.16:203][  0]LogOutputDevice: Error: === Handled ensure: ===
[2019.10.29-09.02.16:203][  0]LogOutputDevice: Error: 
[2019.10.29-09.02.16:203][  0]LogOutputDevice: Error: Ensure condition failed: InvocationList[ CurFunctionIndex ] != InDelegate [File:C:\Program Files\Epic Games\UE_4.19\Engine\Source\Runtime\Core\Public\UObject/ScriptDelegates.h] [Line: 509]
[2019.10.29-09.02.16:203][  0]LogOutputDevice: Error: 
[2019.10.29-09.02.16:203][  0]LogOutputDevice: Error: Stack: 
[2019.10.29-09.02.16:203][  0]LogOutputDevice: Error: [Callstack] 0x00000000E8E9B706 UE4Editor-Core.dll!UnknownFunction []
[2019.10.29-09.02.16:203][  0]LogOutputDevice: Error: [Callstack] 0x00000000E8BFAE3A UE4Editor-Core.dll!UnknownFunction []
[2019.10.29-09.02.16:203][  0]LogOutputDevice: Error: [Callstack] 0x00000000E8C0ECD6 UE4Editor-Core.dll!UnknownFunction []
[2019.10.29-09.02.16:203][  0]LogOutputDevice: Error: [Callstack] 0x00000000D3AC84B1 UE4Editor-MasterBuild.dll!TMulticastScriptDelegate<FWeakObjectPtr>::AddInternal() [c:\program files\epic games\ue_4.19\engine\source\runtime\core\public\uobject\scriptdelegates.h:509]
[2019.10.29-09.02.16:203][  0]LogOutputDevice: Error: [Callstack] 0x00000000D3AC933F UE4Editor-MasterBuild.dll!TBaseDynamicMulticastDelegate<FWeakObjectPtr,void,UPrimitiveComponent * __ptr64,AActor * __ptr64,UPrimitiveComponent * __ptr64,int,bool,FHitResult const & __ptr64>::__Internal_AddDynamic<AChar_Wolf>() [c:\program files\epic games\ue_4.19\engine\source\runtime\core\public\delegates\delegatesignatureimpl.inl:1141]
[2019.10.29-09.02.16:203][  0]LogOutputDevice: Error: [Callstack] 0x00000000D3AC9E28 UE4Editor-MasterBuild.dll!AChar_Wolf::SetupOverlapEvents() [c:\users\t7038904\source\betaarcade\masterbuild\source\masterbuild\player\char_wolf.cpp:74]
[2019.10.29-09.02.16:203][  0]LogOutputDevice: Error: [Callstack] 0x00000000F2C3E094 UE4Editor-CoreUObject.dll!UnknownFunction []
[2019.10.29-09.02.16:203][  0]LogOutputDevice: Error: [Callstack] 0x00000000F2E10781 UE4Editor-CoreUObject.dll!UnknownFunction []
[2019.10.29-09.02.16:203][  0]LogOutputDevice: Error: [Callstack] 0x00000000F2E2AA82 UE4Editor-CoreUObject.dll!UnknownFunction []
[2019.10.29-09.02.16:203][  0]LogOutputDevice: Error: [Callstack] 0x00000000F2E111EE UE4Editor-CoreUObject.dll!UnknownFunction []
[2019.10.29-09.02.16:203][  0]LogOutputDevice: Error: [Callstack] 0x00000000F2E2AA82 UE4Editor-CoreUObject.dll!UnknownFunction []
[2019.10.29-09.02.16:203][  0]LogOutputDevice: Error: [Callstack] 0x00000000F2C3E094 UE4Editor-CoreUObject.dll!UnknownFunction []
[2019.10.29-09.02.16:203][  0]LogOutputDevice: Error: [Callstack] 0x00000000F2E29D73 UE4Editor-CoreUObject.dll!UnknownFunction []
[2019.10.29-09.02.16:203][  0]LogOutputDevice: Error: [Callstack] 0x00000000E601CCFB UE4Editor-Engine.dll!UnknownFunction []
[2019.10.29-09.02.16:203][  0]LogOutputDevice: Error: [Callstack] 0x00000000E5FDA332 UE4Editor-Engine.dll!UnknownFunction []
[2019.10.29-09.02.16:203][  0]LogOutputDevice: Error: [Callstack] 0x00000000D3AC971F UE4Editor-MasterBuild.dll!AChar_Wolf::BeginPlay() [c:\users\t7038904\source\betaarcade\masterbuild\source\masterbuild\player\char_wolf.cpp:18]
[2019.10.29-09.02.16:203][  0]LogOutputDevice: Error: [Callstack] 0x00000000E5FE72FB UE4Editor-Engine.dll!UnknownFunction []
[2019.10.29-09.02.16:203][  0]LogOutputDevice: Error: [Callstack] 0x00000000E729AE33 UE4Editor-Engine.dll!UnknownFunction []
[2019.10.29-09.02.16:203][  0]LogOutputDevice: Error: [Callstack] 0x00000000E675F731 UE4Editor-Engine.dll!UnknownFunction []
[2019.10.29-09.02.16:203][  0]LogOutputDevice: Error: [Callstack] 0x00000000E728414E UE4Editor-Engine.dll!UnknownFunction []
[2019.10.29-09.02.16:203][  0]LogOutputDevice: Error: [Callstack] 0x00000000E71AA5BF UE4Editor-Engine.dll!UnknownFunction []
[2019.10.29-09.02.16:203][  0]LogOutputDevice: Error: [Callstack] 0x00000000E715C788 UE4Editor-Engine.dll!UnknownFunction []
[2019.10.29-09.02.16:203][  0]LogOutputDevice: Error: [Callstack] 0x00000000E6783593 UE4Editor-Engine.dll!UnknownFunction []
[2019.10.29-09.02.16:203][  0]LogOutputDevice: Error: [Callstack] 0x00000000B8B02A7E UE4Editor.exe!UnknownFunction []
[2019.10.29-09.02.16:203][  0]LogOutputDevice: Error: [Callstack] 0x00000000B8B16ACD UE4Editor.exe!UnknownFunction []
[2019.10.29-09.02.16:203][  0]LogOutputDevice: Error: [Callstack] 0x00000000B8B16C4A UE4Editor.exe!UnknownFunction []
[2019.10.29-09.02.16:203][  0]LogOutputDevice: Error: [Callstack] 0x00000000B8B24177 UE4Editor.exe!UnknownFunction []
[2019.10.29-09.02.16:203][  0]LogOutputDevice: Error: [Callstack] 0x00000000B8B25B87 UE4Editor.exe!UnknownFunction []
[2019.10.29-09.02.16:203][  0]LogOutputDevice: Error: [Callstack] 0x0000000036027974 KERNEL32.DLL!UnknownFunction []
[2019.10.29-09.02.16:203][  0]LogOutputDevice: Error: [Callstack] 0x000000003842A271 ntdll.dll!UnknownFunction []
[2019.10.29-09.02.16:203][  0]LogOutputDevice: Error: 
[2019.10.29-09.02.16:209][  0]LogStats:                SubmitErrorReport -  0.000 s
[2019.10.29-09.02.16:975][  0]LogStats:                    SendNewReport -  0.766 s
[2019.10.29-09.02.16:975][  0]LogStats:             FDebug::EnsureFailed -  1.288 s
[2019.10.29-09.02.16:975][  0]LogLoad: Took 1.337827 seconds to LoadMap(/Game/Woolf/Maps/MainMenu)
[2019.10.29-09.02.17:046][  0]LogLoad: (Engine Initialization) Total time: 11.67 seconds
[2019.10.29-09.02.17:046][  0]LogLoad: (Engine Initialization) Total Blueprint compile time: 0.00 seconds
[2019.10.29-09.02.17:076][  0]LogRenderer: Reallocating scene render targets to support 1280x720 Format 10 NumSamples 1 (Frame:1).
[2019.10.29-09.02.17:116][  0]LogContentStreaming: Texture pool size now 1000 MB
[2019.10.29-09.02.19:278][ 95]LogSlate: FSceneViewport::OnFocusLost() reason 0
[2019.10.29-09.02.25:343][471]LogSlate: FSceneViewport::OnFocusLost() reason 0
[2019.10.29-09.02.25:456][478]LogOnline: Warning: OSS: Ignoring game search request while one is pending
[2019.10.29-09.02.25:746][496]LogOnline: Warning: OSS: Ignoring game search request while one is pending
[2019.10.29-09.02.25:956][509]LogOnline: Warning: OSS: Ignoring game search request while one is pending
[2019.10.29-09.02.26:150][521]LogOnline: Warning: OSS: Ignoring game search request while one is pending
[2019.10.29-09.02.26:359][534]LogOnline: Warning: OSS: Ignoring game search request while one is pending
[2019.10.29-09.02.26:441][540]LogScript: Warning: Attempted to access index 0 from array Temp_struct_Variable of length 0!
	W_JoinMenu_C /Engine/Transient.GameEngine_0:GameInfoInstance_BP_C_0.W_JoinMenu_C_0
	Function /Game/Woolf/UI/W_JoinMenu.W_JoinMenu_C:ExecuteUbergraph_W_JoinMenu:0077
[2019.10.29-09.02.26:441][540]LogScript: Warning: Script call stack:
	Function /Game/Woolf/UI/W_JoinMenu.W_JoinMenu_C:OnSuccess_9DEE68154F83FF6E811DD4949F30492F
	Function /Game/Woolf/UI/W_JoinMenu.W_JoinMenu_C:ExecuteUbergraph_W_JoinMenu

[2019.10.29-09.02.26:441][540]LogBlueprintUserMessages: [GameInfoInstance_BP_C_0] Failed To Join
[2019.10.29-09.02.26:441][540]LogScript: Warning: Attempted to access index 0 from array Temp_struct_Variable of length 0!
	W_JoinMenu_C /Engine/Transient.GameEngine_0:GameInfoInstance_BP_C_0.W_JoinMenu_C_0
	Function /Game/Woolf/UI/W_JoinMenu.W_JoinMenu_C:ExecuteUbergraph_W_JoinMenu:0077
[2019.10.29-09.02.26:441][540]LogScript: Warning: Script call stack:
	Function /Game/Woolf/UI/W_JoinMenu.W_JoinMenu_C:OnSuccess_9DEE68154F83FF6E811DD4949F30492F
	Function /Game/Woolf/UI/W_JoinMenu.W_JoinMenu_C:ExecuteUbergraph_W_JoinMenu

[2019.10.29-09.02.26:441][540]LogBlueprintUserMessages: [GameInfoInstance_BP_C_0] Failed To Join
[2019.10.29-09.02.26:441][540]LogScript: Warning: Attempted to access index 0 from array Temp_struct_Variable of length 0!
	W_JoinMenu_C /Engine/Transient.GameEngine_0:GameInfoInstance_BP_C_0.W_JoinMenu_C_0
	Function /Game/Woolf/UI/W_JoinMenu.W_JoinMenu_C:ExecuteUbergraph_W_JoinMenu:0077
[2019.10.29-09.02.26:441][540]LogScript: Warning: Script call stack:
	Function /Game/Woolf/UI/W_JoinMenu.W_JoinMenu_C:OnSuccess_9DEE68154F83FF6E811DD4949F30492F
	Function /Game/Woolf/UI/W_JoinMenu.W_JoinMenu_C:ExecuteUbergraph_W_JoinMenu

[2019.10.29-09.02.26:441][540]LogBlueprintUserMessages: [GameInfoInstance_BP_C_0] Failed To Join
[2019.10.29-09.02.26:441][540]LogScript: Warning: Attempted to access index 0 from array Temp_struct_Variable of length 0!
	W_JoinMenu_C /Engine/Transient.GameEngine_0:GameInfoInstance_BP_C_0.W_JoinMenu_C_0
	Function /Game/Woolf/UI/W_JoinMenu.W_JoinMenu_C:ExecuteUbergraph_W_JoinMenu:0077
[2019.10.29-09.02.26:441][540]LogScript: Warning: Script call stack:
	Function /Game/Woolf/UI/W_JoinMenu.W_JoinMenu_C:OnSuccess_9DEE68154F83FF6E811DD4949F30492F
	Function /Game/Woolf/UI/W_JoinMenu.W_JoinMenu_C:ExecuteUbergraph_W_JoinMenu

[2019.10.29-09.02.26:441][540]LogBlueprintUserMessages: [GameInfoInstance_BP_C_0] Failed To Join
[2019.10.29-09.02.26:441][540]LogScript: Warning: Attempted to access index 0 from array Temp_struct_Variable of length 0!
	W_JoinMenu_C /Engine/Transient.GameEngine_0:GameInfoInstance_BP_C_0.W_JoinMenu_C_0
	Function /Game/Woolf/UI/W_JoinMenu.W_JoinMenu_C:ExecuteUbergraph_W_JoinMenu:0077
[2019.10.29-09.02.26:441][540]LogScript: Warning: Script call stack:
	Function /Game/Woolf/UI/W_JoinMenu.W_JoinMenu_C:OnSuccess_9DEE68154F83FF6E811DD4949F30492F
	Function /Game/Woolf/UI/W_JoinMenu.W_JoinMenu_C:ExecuteUbergraph_W_JoinMenu

[2019.10.29-09.02.26:441][540]LogBlueprintUserMessages: [GameInfoInstance_BP_C_0] Failed To Join
[2019.10.29-09.02.26:455][540]LogNet: Browse: 152.105.218.217//Game/Woolf/Maps/MainMenu
[2019.10.29-09.02.26:456][540]LogTemp: Display: ParseSettings for GameNetDriver
[2019.10.29-09.02.26:456][540]LogTemp: Display: ParseSettings for IpNetDriver_0
[2019.10.29-09.02.26:456][540]LogTemp: Display: ParseSettings for PendingNetDriver
[2019.10.29-09.02.26:456][540]LogInit: WinSock: Socket queue 32768 / 32768
[2019.10.29-09.02.26:457][540]PacketHandlerLog: Loaded PacketHandler component: Engine.EngineHandlerComponentFactory (StatelessConnectHandlerComponent)
[2019.10.29-09.02.26:457][540]LogNet: Game client on port 7777, rate 10000
[2019.10.29-09.02.26:472][541]LogHandshake: SendChallengeResponse. Timestamp: 56.511745, Cookie: 041117127000103197108013076090122062110081208025001039052131
[2019.10.29-09.02.26:488][542]LogNetVersion: MasterBuild 1.0.0.0, NetCL: 3944462, EngineNetVer: 2, GameNetVer: 0 (Checksum: 2949019126)
[2019.10.29-09.02.26:488][542]LogNet: UPendingNetGame::SendInitialJoin: Sending hello. [UNetConnection] RemoteAddr: 152.105.218.217:7777, Name: IpConnection_0, Driver: PendingNetDriver IpNetDriver_0, IsServer: NO, PC: NULL, Owner: NULL, UniqueId: INVALID
[2019.10.29-09.02.26:520][544]LogNet: Welcomed by server (Level: /Game/Woolf/Maps/Heaven, Game: /Game/Woolf/Blueprints/WolfGameMode_BP.WolfGameMode_BP_C)
[2019.10.29-09.02.26:520][544]LogLoad: LoadMap: 152.105.218.217//Game/Woolf/Maps/Heaven?game=/Game/Woolf/Blueprints/WolfGameMode_BP.WolfGameMode_BP_C
[2019.10.29-09.02.26:530][544]LogUObjectGlobals: Destroyed PersistentFrame Addr=0x0000013d7fcf23a0, Size=4
[2019.10.29-09.02.26:530][544]LogUObjectGlobals: Destroyed PersistentFrame Addr=0x0000013d7fcf22d0, Size=4
[2019.10.29-09.02.26:530][544]LogUObjectGlobals: Destroyed PersistentFrame Addr=0x0000013d283cde40, Size=32
[2019.10.29-09.02.26:530][544]LogUObjectGlobals: Destroyed PersistentFrame Addr=0x0000013d283ce360, Size=32
[2019.10.29-09.02.26:533][544]LogUObjectGlobals: Created PersistentFrame Addr=0x0000013d28269360, Size=32, Default__Heaven_C Function /Game/Woolf/Maps/Heaven.Heaven_C:ExecuteUbergraph_Heaven
[2019.10.29-09.02.26:597][544]LogUObjectGlobals: Destroyed PersistentFrame Addr=0x0000013d28269360, Size=32
[2019.10.29-09.02.26:598][544]LogUObjectGlobals: Created PersistentFrame Addr=0x0000013d17a4d620, Size=32, Default__Heaven_C Function /Engine/Transient.REINST_Heaven_C_19:ExecuteUbergraph_Heaven
[2019.10.29-09.02.26:599][544]LogUObjectGlobals: Created PersistentFrame Addr=0x0000013d17a4e1e0, Size=32, Default__Heaven_C Function /Game/Woolf/Maps/Heaven.Heaven_C:ExecuteUbergraph_Heaven
[2019.10.29-09.02.26:656][544]LogAIModule: Creating AISystem for world Heaven
[2019.10.29-09.02.26:657][544]LogTemp: Display: ParseSettings for GameNetDriver
[2019.10.29-09.02.26:676][544]LogWorld: Bringing World /Game/Woolf/Maps/Heaven.Heaven up for play (max tick rate 0) at 2019.10.29-09.02.26
[2019.10.29-09.02.26:677][544]LogWorld: Bringing up level for play took: 0.019575
[2019.10.29-09.02.26:679][544]LogLoad: Took 0.158197 seconds to LoadMap(/Game/Woolf/Maps/Heaven)
[2019.10.29-09.02.26:744][546]LogUObjectGlobals: Created PersistentFrame Addr=0x0000013d28210600, Size=4, Default__Wolfy_BP_C Function /Game/Woolf/Blueprints/Player/Wolfy_BP.Wolfy_BP_C:ExecuteUbergraph_Wolfy_BP
[2019.10.29-09.02.26:747][546]LogUObjectGlobals: Destroyed PersistentFrame Addr=0x0000013d28210600, Size=4
[2019.10.29-09.02.26:747][546]LogUObjectGlobals: Created PersistentFrame Addr=0x0000013d28210600, Size=4, Default__Wolfy_BP_C Function /Engine/Transient.REINST_Wolfy_BP_C_21:ExecuteUbergraph_Wolfy_BP
[2019.10.29-09.02.26:748][546]LogUObjectGlobals: Created PersistentFrame Addr=0x0000013d28210538, Size=4, Default__Wolfy_BP_C Function /Game/Woolf/Blueprints/Player/Wolfy_BP.Wolfy_BP_C:ExecuteUbergraph_Wolfy_BP
[2019.10.29-09.02.26:754][546]LogBlueprint: Warning: USimpleConstructionScript::FixupRootNodeParentReferences() - Couldn't find native parent component 'Arrow' for 'Cylinder' in BlueprintGeneratedClass 'Wolfy_BP_C' (it may have been removed)
[2019.10.29-09.02.46:065][744]LogNet: Warning: Network Failure: GameNetDriver[FailureReceived]: Host closed the connection.
[2019.10.29-09.02.46:065][744]LogNet: NetworkFailure: FailureReceived, Error: 'Host closed the connection.'
[2019.10.29-09.02.46:066][744]LogNet: UNetConnection::Close: [UNetConnection] RemoteAddr: 152.105.218.217:7777, Name: IpConnection_0, Driver: GameNetDriver IpNetDriver_0, IsServer: NO, PC: PlayerController_1, Owner: PlayerController_1, UniqueId: TU45368-121219CC497078AABC414B816EEA612B, Channels: 10, Time: 2019.10.29-09.02.46
[2019.10.29-09.02.46:066][744]LogNet: UChannel::Close: Sending CloseBunch. ChIndex == 0. Name: [UChannel] ChIndex: 0, Closing: 0 [UNetConnection] RemoteAddr: 152.105.218.217:7777, Name: IpConnection_0, Driver: GameNetDriver IpNetDriver_0, IsServer: NO, PC: PlayerController_1, Owner: PlayerController_1, UniqueId: TU45368-121219CC497078AABC414B816EEA612B
[2019.10.29-09.02.46:066][744]LogNet: Warning: Network Failure: GameNetDriver[ConnectionLost]: Your connection to the host has been lost.
[2019.10.29-09.02.46:066][744]LogNet: NetworkFailure: ConnectionLost, Error: 'Your connection to the host has been lost.'
[2019.10.29-09.02.46:081][745]LogNet: Browse: /Game/Woolf/Maps/MainMenu?closed
[2019.10.29-09.02.46:081][745]LogNet: Failed; returning to Entry
[2019.10.29-09.02.46:082][745]LogLoad: LoadMap: /Game/Woolf/Maps/MainMenu?closed
[2019.10.29-09.02.46:082][745]LogNet: World NetDriver shutdown IpNetDriver_0 [GameNetDriver]
[2019.10.29-09.02.46:082][745]LogNet: DestroyNamedNetDriver IpNetDriver_0 [GameNetDriver]
[2019.10.29-09.02.46:083][745]LogExit: GameNetDriver IpNetDriver_0 shut down
[2019.10.29-09.02.46:096][745]LogUObjectGlobals: Destroyed PersistentFrame Addr=0x0000013d17a4d620, Size=32
[2019.10.29-09.02.46:097][745]LogUObjectGlobals: Destroyed PersistentFrame Addr=0x0000013d17a4e1e0, Size=32
[2019.10.29-09.02.46:097][745]LogUObjectGlobals: Destroyed PersistentFrame Addr=0x0000013d28210600, Size=4
[2019.10.29-09.02.46:097][745]LogUObjectGlobals: Destroyed PersistentFrame Addr=0x0000013d28210538, Size=4
[2019.10.29-09.02.46:100][745]LogUObjectGlobals: Created PersistentFrame Addr=0x0000013d283cccc0, Size=32, Default__MainMenu_C Function /Game/Woolf/Maps/MainMenu.MainMenu_C:ExecuteUbergraph_MainMenu
[2019.10.29-09.02.46:101][745]LogUObjectGlobals: Destroyed PersistentFrame Addr=0x0000013d283cccc0, Size=32
[2019.10.29-09.02.46:101][745]LogUObjectGlobals: Created PersistentFrame Addr=0x0000013d283cccc0, Size=32, Default__MainMenu_C Function /Engine/Transient.REINST_MainMenu_C_25:ExecuteUbergraph_MainMenu
[2019.10.29-09.02.46:102][745]LogUObjectGlobals: Created PersistentFrame Addr=0x0000013d283cc7a0, Size=32, Default__MainMenu_C Function /Game/Woolf/Maps/MainMenu.MainMenu_C:ExecuteUbergraph_MainMenu
[2019.10.29-09.02.46:103][745]LogAIModule: Creating AISystem for world MainMenu
[2019.10.29-09.02.46:105][745]LogUObjectGlobals: Created PersistentFrame Addr=0x0000013d7fcf2d70, Size=4, Default__Wolfy_BP_C Function /Game/Woolf/Blueprints/Player/Wolfy_BP.Wolfy_BP_C:ExecuteUbergraph_Wolfy_BP
[2019.10.29-09.02.46:111][745]LogUObjectGlobals: Destroyed PersistentFrame Addr=0x0000013d7fcf2d70, Size=4
[2019.10.29-09.02.46:111][745]LogUObjectGlobals: Created PersistentFrame Addr=0x0000013d7fcf2d70, Size=4, Default__Wolfy_BP_C Function /Engine/Transient.REINST_Wolfy_BP_C_28:ExecuteUbergraph_Wolfy_BP
[2019.10.29-09.02.46:112][745]LogUObjectGlobals: Created PersistentFrame Addr=0x0000013d7fcf1fc0, Size=4, Default__Wolfy_BP_C Function /Game/Woolf/Blueprints/Player/Wolfy_BP.Wolfy_BP_C:ExecuteUbergraph_Wolfy_BP
[2019.10.29-09.02.46:114][745]LogBlueprint: Warning: USimpleConstructionScript::FixupRootNodeParentReferences() - Couldn't find native parent component 'Arrow' for 'Cylinder' in BlueprintGeneratedClass 'Wolfy_BP_C' (it may have been removed)
[2019.10.29-09.02.46:120][745]LogLoad: Game class is 'WolfGameMode_BP_C'
[2019.10.29-09.02.46:121][745]LogWorld: Bringing World /Game/Woolf/Maps/MainMenu.MainMenu up for play (max tick rate 0) at 2019.10.29-09.02.46
[2019.10.29-09.02.46:121][745]LogWorld: Bringing up level for play took: 0.000416
[2019.10.29-09.02.46:121][745]LogGameMode: FindPlayerStart: PATHS NOT DEFINED or NO PLAYERSTART with positive rating
[2019.10.29-09.02.46:124][745]LogLoad: Took 0.041910 seconds to LoadMap(/Game/Woolf/Maps/MainMenu)
[2019.10.29-09.02.46:133][745]LogUObjectGlobals: Destroyed PersistentFrame Addr=0x0000013d7fcf2d70, Size=4
[2019.10.29-09.02.46:133][745]LogUObjectGlobals: Destroyed PersistentFrame Addr=0x0000013d283cccc0, Size=32
[2019.10.29-09.02.50:374][  7]LogSlate: Window 'MasterBuild (64-bit, PCD3D_SM5) ' being destroyed
[2019.10.29-09.02.50:375][  7]LogWindowsTextInputMethodSystem: Display: IME system now deactivated.
[2019.10.29-09.02.50:377][  7]LogEngine: All Windows Closed
[2019.10.29-09.02.50:377][  7]LogWindows: FPlatformMisc::RequestExit(0)
[2019.10.29-09.02.51:062][  8]LogSlate: Slate User Destroyed.  User Index 0, Is Virtual User: 0
[2019.10.29-09.02.51:063][  8]LogExit: Preparing to exit.
[2019.10.29-09.02.51:063][  8]LogMoviePlayer: Shutting down movie player
[2019.10.29-09.02.51:766][  8]LogUObjectGlobals: Destroyed PersistentFrame Addr=0x0000013d2694e750, Size=72
[2019.10.29-09.02.51:766][  8]LogExit: Game engine shut down
[2019.10.29-09.02.51:769][  8]LogUObjectGlobals: Destroyed PersistentFrame Addr=0x0000013d28215000, Size=488
[2019.10.29-09.02.51:769][  8]LogUObjectGlobals: Destroyed PersistentFrame Addr=0x0000013d281dab80, Size=64
[2019.10.29-09.02.51:769][  8]LogUObjectGlobals: Destroyed PersistentFrame Addr=0x0000013d281ba980, Size=160
[2019.10.29-09.02.51:769][  8]LogUObjectGlobals: Destroyed PersistentFrame Addr=0x0000013d281f4f20, Size=32
[2019.10.29-09.02.51:769][  8]LogUObjectGlobals: Destroyed PersistentFrame Addr=0x0000013d7fcf1fc0, Size=4
[2019.10.29-09.02.51:769][  8]LogUObjectGlobals: Destroyed PersistentFrame Addr=0x0000013d283cc7a0, Size=32
[2019.10.29-09.02.51:819][  8]LogExit: Object subsystem successfully closed.
[2019.10.29-09.02.51:833][  8]LogShaderCompilers: Display: Shaders left to compile 0
[2019.10.29-09.02.51:836][  8]LogD3D11RHI: Shutdown
[2019.10.29-09.02.51:836][  8]LogD3D11RHI: CleanupD3DDevice
[2019.10.29-09.02.51:837][  8]LogD3D11RHI: ~FD3D11DynamicRHI
[2019.10.29-09.02.51:855][  8]LogModuleManager: Shutting down and abandoning module SequenceRecorderSections (336)
[2019.10.29-09.02.51:855][  8]LogModuleManager: Shutting down and abandoning module SequenceRecorder (334)
[2019.10.29-09.02.51:855][  8]LogModuleManager: Shutting down and abandoning module AutomationController (332)
[2019.10.29-09.02.51:855][  8]LogModuleManager: Shutting down and abandoning module AutomationWorker (330)
[2019.10.29-09.02.51:855][  8]LogModuleManager: Shutting down and abandoning module Voice (328)
[2019.10.29-09.02.51:855][  8]LogModuleManager: Shutting down and abandoning module AIModule (326)
[2019.10.29-09.02.51:855][  8]LogModuleManager: Shutting down and abandoning module GameplayDebugger (325)
[2019.10.29-09.02.51:855][  8]LogModuleManager: Shutting down and abandoning module AITestSuite (323)
[2019.10.29-09.02.51:855][  8]LogModuleManager: Shutting down and abandoning module WmfMediaFactory (320)
[2019.10.29-09.02.51:855][  8]LogModuleManager: Shutting down and abandoning module OpenExrWrapper (318)
[2019.10.29-09.02.51:855][  8]LogModuleManager: Shutting down and abandoning module ImgMediaFactory (316)
[2019.10.29-09.02.51:855][  8]LogModuleManager: Shutting down and abandoning module AvfMediaFactory (314)
[2019.10.29-09.02.51:855][  8]LogModuleManager: Shutting down and abandoning module CharacterAI (312)
[2019.10.29-09.02.51:855][  8]LogModuleManager: Shutting down and abandoning module SessionServices (310)
[2019.10.29-09.02.51:855][  8]LogModuleManager: Shutting down and abandoning module MovieSceneCapture (308)
[2019.10.29-09.02.51:855][  8]LogModuleManager: Shutting down and abandoning module MovieSceneTracks (306)
[2019.10.29-09.02.51:855][  8]LogModuleManager: Shutting down and abandoning module MovieScene (304)
[2019.10.29-09.02.51:855][  8]LogModuleManager: Shutting down and abandoning module GeometryCache (302)
[2019.10.29-09.02.51:855][  8]LogModuleManager: Shutting down and abandoning module GeometryCacheEd (301)
[2019.10.29-09.02.51:855][  8]LogModuleManager: Shutting down and abandoning module StreamingPauseRendering (298)
[2019.10.29-09.02.51:855][  8]LogModuleManager: Shutting down and abandoning module PortalServices (296)
[2019.10.29-09.02.51:855][  8]LogModuleManager: Shutting down and abandoning module PortalRpc (294)
[2019.10.29-09.02.51:855][  8]LogModuleManager: Shutting down and abandoning module MessagingRpc (292)
[2019.10.29-09.02.51:855][  8]LogModuleManager: Shutting down and abandoning module ProfilerService (290)
[2019.10.29-09.02.52:076][  8]LogModuleManager: Shutting down and abandoning module TaskGraph (288)
[2019.10.29-09.02.52:076][  8]LogModuleManager: Shutting down and abandoning module SteamVRController (286)
[2019.10.29-09.02.52:076][  8]LogModuleManager: Shutting down and abandoning module ProceduralMeshComponent (284)
[2019.10.29-09.02.52:076][  8]LogModuleManager: Shutting down and abandoning module OculusInput (282)
[2019.10.29-09.02.52:076][  8]LogModuleManager: Shutting down and abandoning module MobilePatchingUtils (280)
[2019.10.29-09.02.52:076][  8]LogModuleManager: Shutting down and abandoning module CustomMeshComponent (278)
[2019.10.29-09.02.52:076][  8]LogModuleManager: Shutting down and abandoning module CableComponent (276)
[2019.10.29-09.02.52:076][  8]LogModuleManager: Shutting down and abandoning module AudioCapture (274)
[2019.10.29-09.02.52:076][  8]LogModuleManager: Shutting down and abandoning module ArchVisCharacter (272)
[2019.10.29-09.02.52:076][  8]LogModuleManager: Shutting down and abandoning module AndroidPermission (270)
[2019.10.29-09.02.52:076][  8]LogModuleManager: Shutting down and abandoning module NUTUnrealEngine4 (268)
[2019.10.29-09.02.52:076][  8]LogModuleManager: Shutting down and abandoning module NetcodeUnitTest (266)
[2019.10.29-09.02.52:076][  8]LogModuleManager: Shutting down and abandoning module MediaCompositing (264)
[2019.10.29-09.02.52:076][  8]LogModuleManager: Shutting down and abandoning module LinearTimecode (262)
[2019.10.29-09.02.52:076][  8]LogModuleManager: Shutting down and abandoning module ImgMedia (260)
[2019.10.29-09.02.52:078][  8]LogModuleManager: Shutting down and abandoning module HTML5Networking (258)
[2019.10.29-09.02.52:078][  8]LogModuleManager: Shutting down and abandoning module DatasmithContent (256)
[2019.10.29-09.02.52:078][  8]LogModuleManager: Shutting down and abandoning module CryptoKeysOpenSSL (254)
[2019.10.29-09.02.52:078][  8]LogModuleManager: Shutting down and abandoning module CryptoKeys (252)
[2019.10.29-09.02.52:078][  8]LogModuleManager: Shutting down and abandoning module VisualStudioSourceCodeAccess (250)
[2019.10.29-09.02.52:078][  8]LogModuleManager: Shutting down and abandoning module HotReload (249)
[2019.10.29-09.02.52:078][  8]LogDirectoryWatcher: A directory notification for 'C:/Users/t7038904/source/BetaArcade/MasterBuild/Binaries/Win64' was aborted.
[2019.10.29-09.02.52:078][  8]LogModuleManager: Shutting down and abandoning module DirectoryWatcher (248)
[2019.10.29-09.02.52:078][  8]LogModuleManager: Shutting down and abandoning module VisualStudioCodeSourceCodeAccess (244)
[2019.10.29-09.02.52:078][  8]LogModuleManager: Shutting down and abandoning module UObjectPlugin (242)
[2019.10.29-09.02.52:078][  8]LogModuleManager: Shutting down and abandoning module SubversionSourceControl (240)
[2019.10.29-09.02.52:078][  8]LogModuleManager: Shutting down and abandoning module PerforceSourceControl (238)
[2019.10.29-09.02.52:078][  8]LogModuleManager: Shutting down and abandoning module SourceControl (237)
[2019.10.29-09.02.52:078][  8]LogModuleManager: Shutting down and abandoning module CLionSourceCodeAccess (234)
[2019.10.29-09.02.52:078][  8]LogModuleManager: Shutting down and abandoning module MasterBuild (232)
[2019.10.29-09.02.52:078][  8]LogModuleManager: Shutting down and abandoning module RuntimePhysXCooking (230)
[2019.10.29-09.02.52:078][  8]LogModuleManager: Shutting down and abandoning module PhysXVehiclesEditor (228)
[2019.10.29-09.02.52:078][  8]LogModuleManager: Shutting down and abandoning module PhysXVehicles (226)
[2019.10.29-09.02.52:079][  8]LogModuleManager: Shutting down and abandoning module LocationServicesBPLibrary (224)
[2019.10.29-09.02.52:079][  8]LogModuleManager: Shutting down and abandoning module ImmediatePhysicsEditor (222)
[2019.10.29-09.02.52:079][  8]LogModuleManager: Shutting down and abandoning module ImmediatePhysics (220)
[2019.10.29-09.02.52:079][  8]LogModuleManager: Shutting down and abandoning module ActorSequence (218)
[2019.10.29-09.02.52:079][  8]LogModuleManager: Shutting down and abandoning module UdpMessaging (216)
[2019.10.29-09.02.52:180][  8]LogModuleManager: Shutting down and abandoning module TcpMessaging (214)
[2019.10.29-09.02.52:281][  8]LogModuleManager: Shutting down and abandoning module GameplayTagsEditor (212)
[2019.10.29-09.02.52:281][  8]LogModuleManager: Shutting down and abandoning module FacialAnimation (210)
[2019.10.29-09.02.52:281][  8]LogModuleManager: Shutting down and abandoning module DataValidation (208)
[2019.10.29-09.02.52:281][  8]LogModuleManager: Shutting down and abandoning module AssetManagerEditor (206)
[2019.10.29-09.02.52:281][  8]LogModuleManager: Shutting down and abandoning module TreeMap (205)
[2019.10.29-09.02.52:281][  8]LogModuleManager: Shutting down and abandoning module LightPropagationVolumeRuntime (202)
[2019.10.29-09.02.52:281][  8]LogModuleManager: Shutting down and abandoning module LiveLink (200)
[2019.10.29-09.02.52:739][  8]LogModuleManager: Shutting down and abandoning module Paper2D (198)
[2019.10.29-09.02.52:739][  8]LogModuleManager: Shutting down and abandoning module PIEPreviewDeviceProfileSelector (196)
[2019.10.29-09.02.52:739][  8]LogModuleManager: Shutting down and abandoning module WindowsMoviePlayer (194)
[2019.10.29-09.02.52:739][  8]LogModuleManager: Shutting down and abandoning module WmfMedia (192)
[2019.10.29-09.02.52:741][  8]LogModuleManager: Shutting down and abandoning module Media (191)
[2019.10.29-09.02.52:747][  8]LogModuleManager: Shutting down and abandoning module PacketHandler (188)
[2019.10.29-09.02.52:747][  8]LogModuleManager: Shutting down and abandoning module ClothingSystemEditor (186)
[2019.10.29-09.02.52:747][  8]LogModuleManager: Shutting down and abandoning module ClothingSystemRuntime (184)
[2019.10.29-09.02.52:747][  8]LogModuleManager: Shutting down and abandoning module MediaAssets (182)
[2019.10.29-09.02.52:747][  8]LogModuleManager: Shutting down and abandoning module Overlay (180)
[2019.10.29-09.02.52:747][  8]LogModuleManager: Shutting down and abandoning module OverlayEditor (179)
[2019.10.29-09.02.52:747][  8]LogModuleManager: Shutting down and abandoning module VREditor (176)
[2019.10.29-09.02.52:747][  8]LogModuleManager: Shutting down and abandoning module StringTableEditor (174)
[2019.10.29-09.02.52:747][  8]LogModuleManager: Shutting down and abandoning module GameplayTasksEditor (172)
[2019.10.29-09.02.52:747][  8]LogModuleManager: Shutting down and abandoning module BehaviorTreeEditor (170)
[2019.10.29-09.02.52:747][  8]LogModuleManager: Shutting down and abandoning module FunctionalTesting (168)
[2019.10.29-09.02.52:747][  8]LogModuleManager: Shutting down and abandoning module CollisionAnalyzer (166)
[2019.10.29-09.02.52:747][  8]LogModuleManager: Shutting down and abandoning module WorkspaceMenuStructure (165)
[2019.10.29-09.02.52:747][  8]LogModuleManager: Shutting down and abandoning module UMG (162)
[2019.10.29-09.02.52:747][  8]LogModuleManager: Shutting down and abandoning module UMGEditor (161)
[2019.10.29-09.02.52:747][  8]LogModuleManager: Shutting down and abandoning module Sequencer (160)
[2019.10.29-09.02.52:747][  8]LogModuleManager: Shutting down and abandoning module MessageLog (157)
[2019.10.29-09.02.52:747][  8]LogModuleManager: Shutting down and abandoning module SlateReflector (152)
[2019.10.29-09.02.52:747][  8]LogModuleManager: Shutting down and abandoning module Slate (150)
[2019.10.29-09.02.52:747][  8]LogModuleManager: Shutting down and abandoning module EditorStyle (148)
[2019.10.29-09.02.52:749][  8]LogModuleManager: Shutting down and abandoning module MRMesh (146)
[2019.10.29-09.02.52:749][  8]LogModuleManager: Shutting down and abandoning module Messaging (144)
[2019.10.29-09.02.52:749][  8]LogModuleManager: Shutting down and abandoning module SourceCodeAccess (142)
[2019.10.29-09.02.52:749][  8]LogModuleManager: Shutting down and abandoning module HeadMountedDisplay (140)
[2019.10.29-09.02.52:749][  8]LogModuleManager: Shutting down and abandoning module XAudio2 (138)
[2019.10.29-09.02.52:749][  8]LogModuleManager: Shutting down and abandoning module Networking (136)
[2019.10.29-09.02.52:749][  8]LogModuleManager: Shutting down and abandoning module Core (134)
[2019.10.29-09.02.52:749][  8]LogModuleManager: Shutting down and abandoning module LevelSequence (132)
[2019.10.29-09.02.52:749][  8]LogModuleManager: Shutting down and abandoning module KismetCompiler (130)
[2019.10.29-09.02.52:749][  8]LogModuleManager: Shutting down and abandoning module MeshUtilities (128)
[2019.10.29-09.02.52:749][  8]LogModuleManager: Shutting down and abandoning module MeshMergeUtilities (127)
[2019.10.29-09.02.52:749][  8]LogModuleManager: Shutting down and abandoning module MeshReductionInterface (126)
[2019.10.29-09.02.52:749][  8]LogModuleManager: Shutting down and abandoning module SimplygonSwarm (125)
[2019.10.29-09.02.52:749][  8]LogModuleManager: Shutting down and abandoning module SimplygonMeshReduction (123)
[2019.10.29-09.02.52:749][  8]LogModuleManager: Shutting down and abandoning module QuadricMeshReduction (121)
[2019.10.29-09.02.52:749][  8]LogModuleManager: Shutting down and abandoning module MaterialBaking (117)
[2019.10.29-09.02.52:749][  8]LogModuleManager: Shutting down and abandoning module DerivedDataCache (112)
[2019.10.29-09.02.52:764][  8]LogDerivedDataCache: Shutdown
[2019.10.29-09.02.52:764][  8]LogModuleManager: Shutting down and abandoning module XGEController (110)
[2019.10.29-09.02.52:764][  8]LogModuleManager: Shutting down and abandoning module TargetPlatform (108)
[2019.10.29-09.02.52:764][  8]LogModuleManager: Shutting down and abandoning module VulkanShaderFormat (107)
[2019.10.29-09.02.52:764][  8]LogModuleManager: Shutting down and abandoning module ShaderFormatVectorVM (105)
[2019.10.29-09.02.52:764][  8]LogModuleManager: Shutting down and abandoning module ShaderFormatOpenGL (103)
[2019.10.29-09.02.52:764][  8]LogModuleManager: Shutting down and abandoning module ShaderFormatD3D (101)
[2019.10.29-09.02.52:764][  8]LogModuleManager: Shutting down and abandoning module MetalShaderFormat (99)
[2019.10.29-09.02.52:764][  8]LogModuleManager: Shutting down and abandoning module TextureFormatUncompressed (97)
[2019.10.29-09.02.52:764][  8]LogModuleManager: Shutting down and abandoning module TextureFormatPVR (95)
[2019.10.29-09.02.52:764][  8]LogModuleManager: Shutting down and abandoning module TextureFormatDXT (93)
[2019.10.29-09.02.52:764][  8]LogModuleManager: Shutting down and abandoning module TextureFormatIntelISPCTexComp (91)
[2019.10.29-09.02.52:765][  8]LogModuleManager: Shutting down and abandoning module TextureFormatASTC (89)
[2019.10.29-09.02.52:765][  8]LogModuleManager: Shutting down and abandoning module ImageWrapper (88)
[2019.10.29-09.02.52:765][  8]LogModuleManager: Shutting down and abandoning module TextureFormatAndroid (85)
[2019.10.29-09.02.52:765][  8]LogModuleManager: Shutting down and abandoning module AudioFormatOpus (83)
[2019.10.29-09.02.52:765][  8]LogModuleManager: Shutting down and abandoning module AudioFormatOgg (81)
[2019.10.29-09.02.52:765][  8]LogModuleManager: Shutting down and abandoning module AudioFormatADPCM (79)
[2019.10.29-09.02.52:765][  8]LogModuleManager: Shutting down and abandoning module WindowsTargetPlatform (77)
[2019.10.29-09.02.52:765][  8]LogModuleManager: Shutting down and abandoning module WindowsServerTargetPlatform (75)
[2019.10.29-09.02.52:765][  8]LogModuleManager: Shutting down and abandoning module WindowsNoEditorTargetPlatform (73)
[2019.10.29-09.02.52:765][  8]LogModuleManager: Shutting down and abandoning module WindowsClientTargetPlatform (71)
[2019.10.29-09.02.52:765][  8]LogModuleManager: Shutting down and abandoning module InputCore (68)
[2019.10.29-09.02.52:765][  8]LogModuleManager: Shutting down and abandoning module Settings (66)
[2019.10.29-09.02.52:765][  8]LogModuleManager: Shutting down and abandoning module PhysXCooking (64)
[2019.10.29-09.02.52:765][  8]LogModuleManager: Shutting down and abandoning module SteamVR (62)
[2019.10.29-09.02.52:765][  8]LogModuleManager: Shutting down and abandoning module OculusHMD (60)
[2019.10.29-09.02.52:765][  8]LogModuleManager: Shutting down and abandoning module ExampleDeviceProfileSelector (58)
[2019.10.29-09.02.52:765][  8]LogModuleManager: Shutting down and abandoning module AppleARKit (56)
[2019.10.29-09.02.52:765][  8]LogModuleManager: Shutting down and abandoning module AugmentedReality (55)
[2019.10.29-09.02.52:765][  8]LogModuleManager: Shutting down and abandoning module OnlineBlueprintSupport (52)
[2019.10.29-09.02.52:765][  8]LogModuleManager: Shutting down and abandoning module OnlineSubsystem (48)
[2019.10.29-09.02.52:765][  8]LogOnline: Display: OSS: FOnlineSubsystemNull::Shutdown()
[2019.10.29-09.02.52:765][  8]LogOnline: Display: OSS: FOnlineAsyncTaskManager::Stop() ActiveTask:0000000000000000 Tasks[0/0]
[2019.10.29-09.02.52:765][  8]LogOnline: Display: OSS: FOnlineAsyncTaskManager::Exit() started
[2019.10.29-09.02.52:765][  8]LogOnline: Display: OSS: FOnlineAsyncTaskManager::Exit() finished
[2019.10.29-09.02.52:765][  8]LogModuleManager: Shutting down and abandoning module XMPP (43)
[2019.10.29-09.02.52:766][  8]LogModuleManager: Shutting down and abandoning module HTTP (41)
[2019.10.29-09.02.52:779][  8]LogModuleManager: Shutting down and abandoning module SSL (40)
[2019.10.29-09.02.52:781][  8]LogModuleManager: Shutting down and abandoning module AnimationModifiers (36)
[2019.10.29-09.02.52:781][  8]LogModuleManager: Shutting down and abandoning module PropertyEditor (35)
[2019.10.29-09.02.52:781][  8]LogModuleManager: Shutting down and abandoning module AudioEditor (32)
[2019.10.29-09.02.52:781][  8]LogModuleManager: Shutting down and abandoning module TextureCompressor (30)
[2019.10.29-09.02.52:781][  8]LogModuleManager: Shutting down and abandoning module ShaderCore (28)
[2019.10.29-09.02.52:781][  8]LogModuleManager: Shutting down and abandoning module Landscape (26)
[2019.10.29-09.02.52:781][  8]LogModuleManager: Shutting down and abandoning module SlateRHIRenderer (24)
[2019.10.29-09.02.52:781][  8]LogModuleManager: Shutting down and abandoning module OpenGLDrv (22)
[2019.10.29-09.02.52:781][  8]LogModuleManager: Shutting down and abandoning module D3D11RHI (20)
[2019.10.29-09.02.52:781][  8]LogModuleManager: Shutting down and abandoning module AnimGraphRuntime (18)
[2019.10.29-09.02.52:781][  8]LogModuleManager: Shutting down and abandoning module Renderer (16)
[2019.10.29-09.02.52:781][  8]LogModuleManager: Shutting down and abandoning module Engine (14)
[2019.10.29-09.02.52:781][  8]LogModuleManager: Shutting down and abandoning module CoreUObject (12)
[2019.10.29-09.02.52:781][  8]LogModuleManager: Shutting down and abandoning module NetworkFile (10)
[2019.10.29-09.02.52:781][  8]LogModuleManager: Shutting down and abandoning module CookedIterativeFile (8)
[2019.10.29-09.02.52:781][  8]LogModuleManager: Shutting down and abandoning module StreamingFile (6)
[2019.10.29-09.02.52:781][  8]LogModuleManager: Shutting down and abandoning module SandboxFile (4)
[2019.10.29-09.02.52:781][  8]LogModuleManager: Shutting down and abandoning module PakFile (2)
[2019.10.29-09.02.52:787][  8]LogExit: Exiting.
[2019.10.29-09.02.52:789][  8]Log file closed, 10/29/19 09:02:52
