Log file open, 11/05/19 05:27:27
LogWindows: Failed to load 'aqProf.dll' (GetLastError=126)
LogWindows: File 'aqProf.dll' does not exist
LogWindows: Failed to load 'VtuneApi.dll' (GetLastError=126)
LogWindows: File 'VtuneApi.dll' does not exist
LogWindows: Failed to load 'VtuneApi32e.dll' (GetLastError=126)
LogWindows: File 'VtuneApi32e.dll' does not exist
LogInit: Display: Running engine for game: MasterBuild
LogPlatformFile: Not using cached read wrapper
LogInit: Display: RandInit(1967470338) SRandInit(1967470338).
LogInit: Read version file with build ID '3944462'
LogInit: Overriding engine version to CL 4033788, compatible CL 3944462
LogInit: Registered custom module enumerator with build ID '3944462'
LogTaskGraph: Started task graph with 5 named threads and 14 total threads with 3 sets of task threads.
LogStats: Stats thread started at 0.268464
LogD3D11RHI: Aftermath initialized
LogICUInternationalization: Display: ICU TimeZone Detection - Raw Offset: +0:00, Platform Override: ''
LogPluginManager: Mounting plugin Paper2D
LogPluginManager: Mounting plugin LiveLink
LogPluginManager: Mounting plugin LightPropagationVolume
LogPluginManager: Mounting plugin CLionSourceCodeAccess
LogPluginManager: Mounting plugin CodeLiteSourceCodeAccess
LogPluginManager: Mounting plugin GitSourceControl
LogPluginManager: Mounting plugin KDevelopSourceCodeAccess
LogPluginManager: Mounting plugin NullSourceCodeAccess
LogPluginManager: Mounting plugin PerforceSourceControl
LogPluginManager: Mounting plugin SubversionSourceControl
LogPluginManager: Mounting plugin UObjectPlugin
LogPluginManager: Mounting plugin VisualStudioCodeSourceCodeAccess
LogPluginManager: Mounting plugin VisualStudioSourceCodeAccess
LogPluginManager: Mounting plugin XCodeSourceCodeAccess
LogPluginManager: Mounting plugin AssetManagerEditor
LogPluginManager: Mounting plugin CryptoKeys
LogPluginManager: Mounting plugin DataValidation
LogPluginManager: Mounting plugin FacialAnimation
LogPluginManager: Mounting plugin GameplayTagsEditor
LogPluginManager: Mounting plugin MobileLauncherProfileWizard
LogPluginManager: Mounting plugin PluginBrowser
LogPluginManager: Mounting plugin SpeedTreeImporter
LogPluginManager: Mounting plugin DatasmithContent
LogPluginManager: Mounting plugin AlembicImporter
LogPluginManager: Mounting plugin CharacterAI
LogPluginManager: Mounting plugin HTML5Networking
LogPluginManager: Mounting plugin AndroidMedia
LogPluginManager: Mounting plugin AvfMedia
LogPluginManager: Mounting plugin ImgMedia
LogPluginManager: Mounting plugin LinearTimecode
LogPluginManager: Mounting plugin MediaCompositing
LogPluginManager: Mounting plugin MediaPlayerEditor
LogPluginManager: Mounting plugin WmfMedia
LogPluginManager: Mounting plugin TcpMessaging
LogPluginManager: Mounting plugin UdpMessaging
LogPluginManager: Mounting plugin ActorSequence
LogPluginManager: Mounting plugin LevelSequenceEditor
LogPluginManager: Mounting plugin MatineeToLevelSequence
LogPluginManager: Mounting plugin NetcodeUnitTest
LogPluginManager: Mounting plugin NUTUnrealEngine4
LogPluginManager: Mounting plugin OnlineSubsystemGooglePlay
LogPluginManager: Mounting plugin OnlineSubsystemIOS
LogPluginManager: Mounting plugin OnlineSubsystem
LogPluginManager: Mounting plugin OnlineSubsystemNull
LogPluginManager: Mounting plugin OnlineSubsystemUtils
LogPluginManager: Mounting plugin AndroidDeviceProfileSelector
LogPluginManager: Mounting plugin AndroidMoviePlayer
LogPluginManager: Mounting plugin AndroidPermission
LogPluginManager: Mounting plugin AppleARKit
LogPluginManager: Mounting plugin AppleMoviePlayer
LogPluginManager: Mounting plugin ArchVisCharacter
LogPluginManager: Mounting plugin AudioCapture
LogPluginManager: Mounting plugin CableComponent
LogPluginManager: Mounting plugin CustomMeshComponent
LogPluginManager: Mounting plugin ExampleDeviceProfileSelector
LogPluginManager: Mounting plugin GoogleCloudMessaging
LogPluginManager: Mounting plugin ImmediatePhysics
LogPluginManager: Mounting plugin IOSDeviceProfileSelector
LogPluginManager: Mounting plugin LinuxDeviceProfileSelector
LogPluginManager: Mounting plugin LocationServicesBPLibrary
LogPluginManager: Mounting plugin MobilePatchingUtils
LogPluginManager: Mounting plugin OculusVR
LogPluginManager: Plugin shader directory ../../../Engine/Plugins/Runtime/Oculus/OculusVR/Shaders found
LogPluginManager: Mapping shader source directory ../../../Engine/Plugins/Runtime/Oculus/OculusVR/Shaders to virtual directory /Plugin/OculusVR
LogPluginManager: Mounting plugin PhysXVehicles
LogPluginManager: Mounting plugin ProceduralMeshComponent
LogPluginManager: Mounting plugin RuntimePhysXCooking
LogPluginManager: Mounting plugin SteamVR
LogPluginManager: Mounting plugin WindowsMoviePlayer
LogStreaming: Display: Took  0.134s to configure plugins.
LogModuleManager: Display: Found up-to-date module file ../../../../../../Users/marti/Documents/GitHub/BetaArcade/MasterBuild/Binaries/Win64/UE4Editor-MasterBuild.dll (API version 3944462).
LogModuleManager: Display: Found up-to-date module file ../../../Engine/Plugins/2D/Paper2D/Binaries/Win64/UE4Editor-Paper2D.dll (API version 3944462).
LogModuleManager: Display: Found up-to-date module file ../../../Engine/Plugins/2D/Paper2D/Binaries/Win64/UE4Editor-Paper2DEditor.dll (API version 3944462).
LogModuleManager: Display: Found up-to-date module file ../../../Engine/Plugins/2D/Paper2D/Binaries/Win64/UE4Editor-PaperSpriteSheetImporter.dll (API version 3944462).
LogModuleManager: Display: Found up-to-date module file ../../../Engine/Plugins/2D/Paper2D/Binaries/Win64/UE4Editor-PaperTiledImporter.dll (API version 3944462).
LogModuleManager: Display: Found up-to-date module file ../../../Engine/Plugins/2D/Paper2D/Binaries/Win64/UE4Editor-SmartSnapping.dll (API version 3944462).
LogModuleManager: Display: Found up-to-date module file ../../../Engine/Plugins/Animation/LiveLink/Binaries/Win64/UE4Editor-LiveLink.dll (API version 3944462).
LogModuleManager: Display: Found up-to-date module file ../../../Engine/Plugins/Animation/LiveLink/Binaries/Win64/UE4Editor-LiveLinkEditor.dll (API version 3944462).
LogModuleManager: Display: Found up-to-date module file ../../../Engine/Plugins/Blendables/LightPropagationVolume/Binaries/Win64/UE4Editor-LightPropagationVolumeRuntime.dll (API version 3944462).
LogModuleManager: Display: Found up-to-date module file ../../../Engine/Plugins/Blendables/LightPropagationVolume/Binaries/Win64/UE4Editor-LightPropagationVolumeEditor.dll (API version 3944462).
LogModuleManager: Display: Found up-to-date module file ../../../Engine/Plugins/Developer/CLionSourceCodeAccess/Binaries/Win64/UE4Editor-CLionSourceCodeAccess.dll (API version 3944462).
LogModuleManager: Display: Found up-to-date module file ../../../Engine/Plugins/Developer/GitSourceControl/Binaries/Win64/UE4Editor-GitSourceControl.dll (API version 3944462).
LogModuleManager: Display: Found up-to-date module file ../../../Engine/Plugins/Developer/PerforceSourceControl/Binaries/Win64/UE4Editor-PerforceSourceControl.dll (API version 3944462).
LogModuleManager: Display: Found up-to-date module file ../../../Engine/Plugins/Developer/SubversionSourceControl/Binaries/Win64/UE4Editor-SubversionSourceControl.dll (API version 3944462).
LogModuleManager: Display: Found up-to-date module file ../../../Engine/Plugins/Developer/UObjectPlugin/Binaries/Win64/UE4Editor-UObjectPlugin.dll (API version 3944462).
LogModuleManager: Display: Found up-to-date module file ../../../Engine/Plugins/Developer/VisualStudioCodeSourceCodeAccess/Binaries/Win64/UE4Editor-VisualStudioCodeSourceCodeAccess.dll (API version 3944462).
LogModuleManager: Display: Found up-to-date module file ../../../Engine/Plugins/Developer/VisualStudioSourceCodeAccess/Binaries/Win64/UE4Editor-VisualStudioSourceCodeAccess.dll (API version 3944462).
LogModuleManager: Display: Found up-to-date module file ../../../Engine/Plugins/Editor/AssetManagerEditor/Binaries/Win64/UE4Editor-AssetManagerEditor.dll (API version 3944462).
LogModuleManager: Display: Found up-to-date module file ../../../Engine/Plugins/Editor/CryptoKeys/Binaries/Win64/UE4Editor-CryptoKeys.dll (API version 3944462).
LogModuleManager: Display: Found up-to-date module file ../../../Engine/Plugins/Editor/CryptoKeys/Binaries/Win64/UE4Editor-CryptoKeysOpenSSL.dll (API version 3944462).
LogModuleManager: Display: Found up-to-date module file ../../../Engine/Plugins/Editor/DataValidation/Binaries/Win64/UE4Editor-DataValidation.dll (API version 3944462).
LogModuleManager: Display: Found up-to-date module file ../../../Engine/Plugins/Editor/FacialAnimation/Binaries/Win64/UE4Editor-FacialAnimation.dll (API version 3944462).
LogModuleManager: Display: Found up-to-date module file ../../../Engine/Plugins/Editor/FacialAnimation/Binaries/Win64/UE4Editor-FacialAnimationEditor.dll (API version 3944462).
LogModuleManager: Display: Found up-to-date module file ../../../Engine/Plugins/Editor/GameplayTagsEditor/Binaries/Win64/UE4Editor-GameplayTagsEditor.dll (API version 3944462).
LogModuleManager: Display: Found up-to-date module file ../../../Engine/Plugins/Editor/MobileLauncherProfileWizard/Binaries/Win64/UE4Editor-MobileLauncherProfileWizard.dll (API version 3944462).
LogModuleManager: Display: Found up-to-date module file ../../../Engine/Plugins/Editor/PluginBrowser/Binaries/Win64/UE4Editor-PluginBrowser.dll (API version 3944462).
LogModuleManager: Display: Found up-to-date module file ../../../Engine/Plugins/Editor/SpeedTreeImporter/Binaries/Win64/UE4Editor-SpeedTreeImporter.dll (API version 3944462).
LogModuleManager: Display: Found up-to-date module file ../../../Engine/Plugins/Enterprise/DatasmithContent/Binaries/Win64/UE4Editor-DatasmithContent.dll (API version 3944462).
LogModuleManager: Display: Found up-to-date module file ../../../Engine/Plugins/Experimental/AlembicImporter/Binaries/Win64/UE4Editor-AlembicImporter.dll (API version 3944462).
LogModuleManager: Display: Found up-to-date module file ../../../Engine/Plugins/Experimental/AlembicImporter/Binaries/Win64/UE4Editor-AlembicLibrary.dll (API version 3944462).
LogModuleManager: Display: Found up-to-date module file ../../../Engine/Plugins/Experimental/CharacterAI/Binaries/Win64/UE4Editor-CharacterAI.dll (API version 3944462).
LogModuleManager: Display: Found up-to-date module file ../../../Engine/Plugins/Experimental/HTML5Networking/Binaries/Win64/UE4Editor-HTML5Networking.dll (API version 3944462).
LogModuleManager: Display: Found up-to-date module file ../../../Engine/Plugins/Media/AndroidMedia/Binaries/Win64/UE4Editor-AndroidMediaEditor.dll (API version 3944462).
LogModuleManager: Display: Found up-to-date module file ../../../Engine/Plugins/Media/AndroidMedia/Binaries/Win64/UE4Editor-AndroidMediaFactory.dll (API version 3944462).
LogModuleManager: Display: Found up-to-date module file ../../../Engine/Plugins/Media/AvfMedia/Binaries/Win64/UE4Editor-AvfMediaEditor.dll (API version 3944462).
LogModuleManager: Display: Found up-to-date module file ../../../Engine/Plugins/Media/AvfMedia/Binaries/Win64/UE4Editor-AvfMediaFactory.dll (API version 3944462).
LogModuleManager: Display: Found up-to-date module file ../../../Engine/Plugins/Media/AvfMedia/Binaries/Win64/UE4Editor-AvfMediaFactory.dll (API version 3944462).
LogModuleManager: Display: Found up-to-date module file ../../../Engine/Plugins/Media/ImgMedia/Binaries/Win64/UE4Editor-ImgMedia.dll (API version 3944462).
LogModuleManager: Display: Found up-to-date module file ../../../Engine/Plugins/Media/ImgMedia/Binaries/Win64/UE4Editor-ImgMediaEditor.dll (API version 3944462).
LogModuleManager: Display: Found up-to-date module file ../../../Engine/Plugins/Media/ImgMedia/Binaries/Win64/UE4Editor-ImgMediaFactory.dll (API version 3944462).
LogModuleManager: Display: Found up-to-date module file ../../../Engine/Plugins/Media/ImgMedia/Binaries/Win64/UE4Editor-ImgMediaFactory.dll (API version 3944462).
LogModuleManager: Display: Found up-to-date module file ../../../Engine/Plugins/Media/ImgMedia/Binaries/Win64/UE4Editor-OpenExrWrapper.dll (API version 3944462).
LogModuleManager: Display: Found up-to-date module file ../../../Engine/Plugins/Media/LinearTimecode/Binaries/Win64/UE4Editor-LinearTimecode.dll (API version 3944462).
LogModuleManager: Display: Found up-to-date module file ../../../Engine/Plugins/Media/MediaCompositing/Binaries/Win64/UE4Editor-MediaCompositing.dll (API version 3944462).
LogModuleManager: Display: Found up-to-date module file ../../../Engine/Plugins/Media/MediaCompositing/Binaries/Win64/UE4Editor-MediaCompositingEditor.dll (API version 3944462).
LogModuleManager: Display: Found up-to-date module file ../../../Engine/Plugins/Media/MediaPlayerEditor/Binaries/Win64/UE4Editor-MediaPlayerEditor.dll (API version 3944462).
LogModuleManager: Display: Found up-to-date module file ../../../Engine/Plugins/Media/WmfMedia/Binaries/Win64/UE4Editor-WmfMedia.dll (API version 3944462).
LogModuleManager: Display: Found up-to-date module file ../../../Engine/Plugins/Media/WmfMedia/Binaries/Win64/UE4Editor-WmfMediaEditor.dll (API version 3944462).
LogModuleManager: Display: Found up-to-date module file ../../../Engine/Plugins/Media/WmfMedia/Binaries/Win64/UE4Editor-WmfMediaFactory.dll (API version 3944462).
LogModuleManager: Display: Found up-to-date module file ../../../Engine/Plugins/Media/WmfMedia/Binaries/Win64/UE4Editor-WmfMediaFactory.dll (API version 3944462).
LogModuleManager: Display: Found up-to-date module file ../../../Engine/Plugins/Messaging/TcpMessaging/Binaries/Win64/UE4Editor-TcpMessaging.dll (API version 3944462).
LogModuleManager: Display: Found up-to-date module file ../../../Engine/Plugins/Messaging/UdpMessaging/Binaries/Win64/UE4Editor-UdpMessaging.dll (API version 3944462).
LogModuleManager: Display: Found up-to-date module file ../../../Engine/Plugins/MovieScene/ActorSequence/Binaries/Win64/UE4Editor-ActorSequence.dll (API version 3944462).
LogModuleManager: Display: Found up-to-date module file ../../../Engine/Plugins/MovieScene/LevelSequenceEditor/Binaries/Win64/UE4Editor-LevelSequenceEditor.dll (API version 3944462).
LogModuleManager: Display: Found up-to-date module file ../../../Engine/Plugins/MovieScene/MatineeToLevelSequence/Binaries/Win64/UE4Editor-MatineeToLevelSequence.dll (API version 3944462).
LogModuleManager: Display: Found up-to-date module file ../../../Engine/Plugins/NetcodeUnitTest/NetcodeUnitTest/Binaries/Win64/UE4Editor-NetcodeUnitTest.dll (API version 3944462).
LogModuleManager: Display: Found up-to-date module file ../../../Engine/Plugins/NetcodeUnitTest/NUTUnrealEngine4/Binaries/Win64/UE4Editor-NUTUnrealEngine4.dll (API version 3944462).
LogModuleManager: Display: Found up-to-date module file ../../../Engine/Plugins/Online/OnlineSubsystem/Binaries/Win64/UE4Editor-OnlineSubsystem.dll (API version 3944462).
LogModuleManager: Display: Found up-to-date module file ../../../Engine/Plugins/Online/OnlineSubsystemNull/Binaries/Win64/UE4Editor-OnlineSubsystemNull.dll (API version 3944462).
LogModuleManager: Display: Found up-to-date module file ../../../Engine/Plugins/Online/OnlineSubsystemUtils/Binaries/Win64/UE4Editor-OnlineSubsystemUtils.dll (API version 3944462).
LogModuleManager: Display: Found up-to-date module file ../../../Engine/Plugins/Online/OnlineSubsystemUtils/Binaries/Win64/UE4Editor-OnlineBlueprintSupport.dll (API version 3944462).
LogModuleManager: Display: Found up-to-date module file ../../../Engine/Plugins/Runtime/AndroidDeviceProfileSelector/Binaries/Win64/UE4Editor-AndroidDeviceProfileSelector.dll (API version 3944462).
LogModuleManager: Display: Found up-to-date module file ../../../Engine/Plugins/Runtime/AndroidPermission/Binaries/Win64/UE4Editor-AndroidPermission.dll (API version 3944462).
LogModuleManager: Display: Found up-to-date module file ../../../Engine/Plugins/Runtime/AppleARKit/Binaries/Win64/UE4Editor-AppleARKit.dll (API version 3944462).
LogModuleManager: Display: Found up-to-date module file ../../../Engine/Plugins/Runtime/ArchVisCharacter/Binaries/Win64/UE4Editor-ArchVisCharacter.dll (API version 3944462).
LogModuleManager: Display: Found up-to-date module file ../../../Engine/Plugins/Runtime/AudioCapture/Binaries/Win64/UE4Editor-AudioCapture.dll (API version 3944462).
LogModuleManager: Display: Found up-to-date module file ../../../Engine/Plugins/Runtime/AudioCapture/Binaries/Win64/UE4Editor-AudioCaptureEditor.dll (API version 3944462).
LogModuleManager: Display: Found up-to-date module file ../../../Engine/Plugins/Runtime/CableComponent/Binaries/Win64/UE4Editor-CableComponent.dll (API version 3944462).
LogModuleManager: Display: Found up-to-date module file ../../../Engine/Plugins/Runtime/CustomMeshComponent/Binaries/Win64/UE4Editor-CustomMeshComponent.dll (API version 3944462).
LogModuleManager: Display: Found up-to-date module file ../../../Engine/Plugins/Runtime/ExampleDeviceProfileSelector/Binaries/Win64/UE4Editor-ExampleDeviceProfileSelector.dll (API version 3944462).
LogModuleManager: Display: Found up-to-date module file ../../../Engine/Plugins/Runtime/ImmediatePhysics/Binaries/Win64/UE4Editor-ImmediatePhysics.dll (API version 3944462).
LogModuleManager: Display: Found up-to-date module file ../../../Engine/Plugins/Runtime/ImmediatePhysics/Binaries/Win64/UE4Editor-ImmediatePhysicsEditor.dll (API version 3944462).
LogModuleManager: Display: Found up-to-date module file ../../../Engine/Plugins/Runtime/LocationServicesBPLibrary/Binaries/Win64/UE4Editor-LocationServicesBPLibrary.dll (API version 3944462).
LogModuleManager: Display: Found up-to-date module file ../../../Engine/Plugins/Runtime/MobilePatchingUtils/Binaries/Win64/UE4Editor-MobilePatchingUtils.dll (API version 3944462).
LogModuleManager: Display: Found up-to-date module file ../../../Engine/Plugins/Runtime/Oculus/OculusVR/Binaries/Win64/UE4Editor-OculusHMD.dll (API version 3944462).
LogModuleManager: Display: Found up-to-date module file ../../../Engine/Plugins/Runtime/Oculus/OculusVR/Binaries/Win64/UE4Editor-OculusInput.dll (API version 3944462).
LogModuleManager: Display: Found up-to-date module file ../../../Engine/Plugins/Runtime/Oculus/OculusVR/Binaries/Win64/UE4Editor-OculusEditor.dll (API version 3944462).
LogModuleManager: Display: Found up-to-date module file ../../../Engine/Plugins/Runtime/PhysXVehicles/Binaries/Win64/UE4Editor-PhysXVehicles.dll (API version 3944462).
LogModuleManager: Display: Found up-to-date module file ../../../Engine/Plugins/Runtime/PhysXVehicles/Binaries/Win64/UE4Editor-PhysXVehiclesEditor.dll (API version 3944462).
LogModuleManager: Display: Found up-to-date module file ../../../Engine/Plugins/Runtime/ProceduralMeshComponent/Binaries/Win64/UE4Editor-ProceduralMeshComponent.dll (API version 3944462).
LogModuleManager: Display: Found up-to-date module file ../../../Engine/Plugins/Runtime/ProceduralMeshComponent/Binaries/Win64/UE4Editor-ProceduralMeshComponentEditor.dll (API version 3944462).
LogModuleManager: Display: Found up-to-date module file ../../../Engine/Plugins/Runtime/RuntimePhysXCooking/Binaries/Win64/UE4Editor-RuntimePhysXCooking.dll (API version 3944462).
LogModuleManager: Display: Found up-to-date module file ../../../Engine/Plugins/Runtime/Steam/SteamVR/Binaries/Win64/UE4Editor-SteamVR.dll (API version 3944462).
LogModuleManager: Display: Found up-to-date module file ../../../Engine/Plugins/Runtime/Steam/SteamVR/Binaries/Win64/UE4Editor-SteamVRController.dll (API version 3944462).
LogModuleManager: Display: Found up-to-date module file ../../../Engine/Plugins/Runtime/WindowsMoviePlayer/Binaries/Win64/UE4Editor-WindowsMoviePlayer.dll (API version 3944462).
LogInit: Using libcurl 7.47.1
LogInit:  - built for x86_64-pc-win32
LogInit:  - supports SSL with OpenSSL/1.0.2g
LogInit:  - supports HTTP deflate (compression) using libz 1.2.8
LogInit:  - other features:
LogInit:      CURL_VERSION_SSL
LogInit:      CURL_VERSION_LIBZ
LogInit:      CURL_VERSION_IPV6
LogInit:      CURL_VERSION_ASYNCHDNS
LogInit:      CURL_VERSION_LARGEFILE
LogInit:      CURL_VERSION_IDN
LogInit:  CurlRequestOptions (configurable via config and command line):
LogInit:  - bVerifyPeer = false  - Libcurl will NOT verify peer certificate
LogInit:  - bUseHttpProxy = false  - Libcurl will NOT use HTTP proxy
LogInit:  - bDontReuseConnections = false  - Libcurl will reuse connections
LogInit:  - CertBundlePath = nullptr  - Libcurl will use whatever was configured at build time.
LogInit:  - MaxHostConnections = 16  - Libcurl will limit the number of connections to a host
LogInit:  - LocalHostAddr = Default
LogInit: WinSock: version 1.1 (2.2), MaxSocks=32767, MaxUdp=65467
LogInit: WinSock: I am DESKTOP-GPE8MKN (192.168.0.17:0)
LogInit: Build: ++UE4+Release-4.19-CL-4033788
LogInit: Engine Version: 4.19.2-4033788+++UE4+Release-4.19
LogInit: Compatible Engine Version: 4.19.0-3944462+++UE4+Release-4.19
LogInit: Net CL: 3944462
LogDevObjectVersion: Number of dev versions registered: 18
LogDevObjectVersion:   Dev-Blueprints (B0D832E4-1F89-4F0D-ACCF-7EB736FD4AA2): 10
LogDevObjectVersion:   Dev-Build (E1C64328-A22C-4D53-A36C-8E866417BD8C): 0
LogDevObjectVersion:   Dev-Core (375EC13C-06E4-48FB-B500-84F0262A717E): 2
LogDevObjectVersion:   Dev-Editor (E4B068ED-F494-42E9-A231-DA0B2E46BB41): 23
LogDevObjectVersion:   Dev-Framework (CFFC743F-43B0-4480-9391-14DF171D2073): 33
LogDevObjectVersion:   Dev-Mobile (B02B49B5-BB20-44E9-A304-32B752E40360): 2
LogDevObjectVersion:   Dev-Networking (A4E4105C-59A1-49B5-A7C5-40C4547EDFEE): 0
LogDevObjectVersion:   Dev-Online (39C831C9-5AE6-47DC-9A44-9C173E1C8E7C): 0
LogDevObjectVersion:   Dev-Physics (78F01B33-EBEA-4F98-B9B4-84EACCB95AA2): 0
LogDevObjectVersion:   Dev-Platform (6631380F-2D4D-43E0-8009-CF276956A95A): 0
LogDevObjectVersion:   Dev-Rendering (12F88B9F-8875-4AFC-A67C-D90C383ABD29): 25
LogDevObjectVersion:   Dev-Sequencer (7B5AE74C-D270-4C10-A958-57980B212A5A): 6
LogDevObjectVersion:   Dev-VR (D7296918-1DD6-4BDD-9DE2-64A83CC13884): 1
LogDevObjectVersion:   Dev-LoadTimes (C2A15278-BFE7-4AFE-6C17-90FF531DF755): 1
LogDevObjectVersion:   Private-Geometry (6EACA3D4-40EC-4CC1-B786-8BED09428FC5): 2
LogDevObjectVersion:   Dev-AnimPhys (29E575DD-E0A3-4627-9D10-D276232CDCEA): 16
LogDevObjectVersion:   Dev-ReflectionCapture (6B266CEC-1EC7-4B8F-A30B-E4D90942FC07): 1
LogDevObjectVersion:   Dev-Automation (0DF73D61-A23F-47EA-B727-89E90C41499A): 1
LogInit: Compiled (64-bit): Apr 27 2018 02:06:57
LogInit: Compiled with Visual C++: 19.00.24215.01
LogInit: Build Configuration: Development
LogInit: Branch Name: ++UE4+Release-4.19
LogInit: Command Line:  -skipcompile
LogInit: Base Directory: C:/Program Files/Epic Games/UE_4.19/Engine/Binaries/Win64/
LogInit: Installed Engine Build: 1
LogStreaming: Display: Took  0.008s to delete old logs.
LogInit: Presizing for max 8388607 objects, including 0 objects not considered by GC, pre-allocating 0 bytes for permanent pool.
LogInit: Object subsystem initialized
[2019.11.05-05.27.29:813][  0]LogInit: Selected Device Profile: [Windows]
[2019.11.05-05.27.29:814][  0]LogInit: Applying CVar settings loaded from the selected device profile: [Windows]
[2019.11.05-05.27.29:827][  0]LogInit: Computer: DESKTOP-GPE8MKN
[2019.11.05-05.27.29:827][  0]LogInit: User: marti
[2019.11.05-05.27.29:827][  0]LogInit: CPU Page size=4096, Cores=4
[2019.11.05-05.27.29:827][  0]LogInit: High frequency timer resolution =10.000000 MHz
[2019.11.05-05.27.29:827][  0]LogMemory: Memory total: Physical=15.9GB (16GB approx)
[2019.11.05-05.27.29:827][  0]LogMemory: Platform Memory Stats for Windows
[2019.11.05-05.27.29:827][  0]LogMemory: Process Physical Memory: 274.88 MB used, 274.89 MB peak
[2019.11.05-05.27.29:827][  0]LogMemory: Process Virtual Memory: 269.97 MB used, 269.97 MB peak
[2019.11.05-05.27.29:827][  0]LogMemory: Physical Memory: 7841.39 MB used,  8470.46 MB free, 16311.85 MB total
[2019.11.05-05.27.29:827][  0]LogMemory: Virtual Memory: 4773.99 MB used,  8470.46 MB free, 134217728.00 MB total
[2019.11.05-05.27.29:866][  0]LogInit: Using OS detected language (en-US).
[2019.11.05-05.27.29:866][  0]LogInit: Using OS detected locale (en-GB).
[2019.11.05-05.27.29:870][  0]LogTextLocalizationManager: No specific localization for 'en-US' exists, so the 'en' localization will be used.
[2019.11.05-05.27.30:211][  0]LogStreaming: Display: Took  0.345s to EndInitTextLocalization.
[2019.11.05-05.27.30:212][  0]LogInit: Setting process to per monitor DPI aware
[2019.11.05-05.27.30:252][  0]LogSlate: New Slate User Created.  User Index 0, Is Virtual User: 0
[2019.11.05-05.27.30:252][  0]LogSlate: Slate User Registered.  User Index 0, Is Virtual User: 0
[2019.11.05-05.27.30:456][  0]LogD3D11RHI: D3D11 adapters:
[2019.11.05-05.27.30:517][  0]LogD3D11RHI:    0. 'NVIDIA GeForce GTX 1060 3GB' (Feature Level 11_0)
[2019.11.05-05.27.30:517][  0]LogD3D11RHI:       2997/0/8155 MB DedicatedVideo/DedicatedSystem/SharedSystem, Outputs:1, VendorId:0x10de
[2019.11.05-05.27.30:522][  0]LogD3D11RHI:    1. 'Microsoft Basic Render Driver' (Feature Level 11_0)
[2019.11.05-05.27.30:522][  0]LogD3D11RHI:       0/0/8155 MB DedicatedVideo/DedicatedSystem/SharedSystem, Outputs:0, VendorId:0x1414
[2019.11.05-05.27.30:522][  0]LogD3D11RHI: Chosen D3D11 Adapter: 0
[2019.11.05-05.27.30:527][  0]LogD3D11RHI: Creating new Direct3DDevice
[2019.11.05-05.27.30:527][  0]LogD3D11RHI:     GPU DeviceId: 0x1c02 (for the marketing name, search the web for "GPU Device Id")
[2019.11.05-05.27.30:527][  0]LogWindows: EnumDisplayDevices:
[2019.11.05-05.27.30:528][  0]LogWindows:    0. 'NVIDIA GeForce GTX 1060 3GB' (P:1 D:1)
[2019.11.05-05.27.30:528][  0]LogWindows:    1. 'NVIDIA GeForce GTX 1060 3GB' (P:0 D:0)
[2019.11.05-05.27.30:528][  0]LogWindows:    2. 'NVIDIA GeForce GTX 1060 3GB' (P:0 D:0)
[2019.11.05-05.27.30:529][  0]LogWindows:    3. 'NVIDIA GeForce GTX 1060 3GB' (P:0 D:0)
[2019.11.05-05.27.30:529][  0]LogWindows: DebugString: GetVideoDriverDetailsInvalid PrimaryIsNotTheChoosenAdapter GetVideoDriverDetailsInvalid PrimaryIsNotTheChoosenAdapter GetVideoDriverDetailsInvalid PrimaryIsNotTheChoosenAdapter GetVideoDriverDetailsInvalid PrimaryIsNotTheChoosenAdapter FoundDriverCount:0 
[2019.11.05-05.27.30:529][  0]LogD3D11RHI:     Adapter Name: NVIDIA GeForce GTX 1060 3GB
[2019.11.05-05.27.30:529][  0]LogD3D11RHI:   Driver Version: Unknown (internal:Unknown, unified:Unknown)
[2019.11.05-05.27.30:529][  0]LogD3D11RHI:      Driver Date: Unknown
[2019.11.05-05.27.30:529][  0]LogRHI: Texture pool is 2097 MB (70% of 2997 MB)
[2019.11.05-05.27.30:558][  0]LogD3D11RHI: [Aftermath] Aftermath enabled but failed to initialize
[2019.11.05-05.27.30:558][  0]LogD3D11RHI: [Aftermath] Aftermath enabled and primed
[2019.11.05-05.27.30:558][  0]LogD3D11RHI: Async texture creation enabled
[2019.11.05-05.27.30:569][  0]LogD3D11RHI: GPU Timing Frequency: 1000.000000 (Debug: 2 1)
[2019.11.05-05.27.30:620][  0]LogShaderCompilers: Guid format shader working directory is -23 characters bigger than the processId version (../../../../../../Users/marti/Documents/GitHub/BetaArcade/MasterBuild/Intermediate/Shaders/WorkingDirectory/2564/).
[2019.11.05-05.27.30:620][  0]LogShaderCompilers: Cleaned the shader compiler working directory 'C:/Users/marti/AppData/Local/Temp/UnrealShaderWorkingDir/3093EDAB482DA0EC93F7D2BE14B65AA2/'.
[2019.11.05-05.27.30:809][  0]LogTemp: Display: Loaded TP AllDesktopTargetPlatform
[2019.11.05-05.27.30:823][  0]LogTemp: Display: Loaded TP MacClientTargetPlatform
[2019.11.05-05.27.30:838][  0]LogTemp: Display: Loaded TP MacNoEditorTargetPlatform
[2019.11.05-05.27.30:850][  0]LogTemp: Display: Loaded TP MacServerTargetPlatform
[2019.11.05-05.27.30:864][  0]LogTemp: Display: Loaded TP MacTargetPlatform
[2019.11.05-05.27.30:877][  0]LogTemp: Display: Loaded TP WindowsClientTargetPlatform
[2019.11.05-05.27.30:889][  0]LogTemp: Display: Loaded TP WindowsNoEditorTargetPlatform
[2019.11.05-05.27.30:901][  0]LogTemp: Display: Loaded TP WindowsServerTargetPlatform
[2019.11.05-05.27.30:908][  0]LogTemp: Display: Loaded TP WindowsTargetPlatform
[2019.11.05-05.27.30:920][  0]LogTemp: Display: Loaded TP Android_ASTCTargetPlatform
[2019.11.05-05.27.30:931][  0]LogTemp: Display: Loaded TP Android_ATCTargetPlatform
[2019.11.05-05.27.30:942][  0]LogTemp: Display: Loaded TP Android_DXTTargetPlatform
[2019.11.05-05.27.30:954][  0]LogTemp: Display: Loaded TP Android_ETC1aTargetPlatform
[2019.11.05-05.27.30:965][  0]LogTemp: Display: Loaded TP Android_ETC1TargetPlatform
[2019.11.05-05.27.30:976][  0]LogTemp: Display: Loaded TP Android_ETC2TargetPlatform
[2019.11.05-05.27.30:999][  0]LogTemp: Display: Loaded TP Android_MultiTargetPlatform
[2019.11.05-05.27.31:000][  0]LogTemp: Display: Loaded TP Android_PVRTCTargetPlatform
[2019.11.05-05.27.31:011][  0]LogTemp: Display: Loaded TP AndroidTargetPlatform
[2019.11.05-05.27.31:014][  0]LogTemp: Display: Loaded TP HTML5TargetPlatform
[2019.11.05-05.27.31:056][  0]LogTemp: Display: Loaded TP IOSTargetPlatform
[2019.11.05-05.27.31:068][  0]LogTemp: Display: Loaded TP TVOSTargetPlatform
[2019.11.05-05.27.31:079][  0]LogTemp: Display: Loaded TP LinuxClientTargetPlatform
[2019.11.05-05.27.31:091][  0]LogTemp: Display: Loaded TP LinuxNoEditorTargetPlatform
[2019.11.05-05.27.31:102][  0]LogTemp: Display: Loaded TP LinuxServerTargetPlatform
[2019.11.05-05.27.31:115][  0]LogTemp: Display: Loaded TP LinuxTargetPlatform
[2019.11.05-05.27.31:115][  0]LogTargetPlatformManager: Display: Building Assets For Windows
[2019.11.05-05.27.31:253][  0]LogXGEController: Cleaning working directory: C:/Users/marti/AppData/Local/Temp/UnrealXGEWorkingDir/
[2019.11.05-05.27.31:254][  0]LogXGEController: Cannot use XGE Controller as Incredibuild is not installed on this machine.
[2019.11.05-05.27.31:254][  0]LogShaderCompilers: Cannot use XGE Shader Compiler as Incredibuild is not installed on this machine.
[2019.11.05-05.27.31:254][  0]LogShaderCompilers: Display: Using Local Shader Compiler.
[2019.11.05-05.27.31:990][  0]LogDerivedDataCache: Display: Max Cache Size: 512 MB
[2019.11.05-05.27.32:051][  0]LogDerivedDataCache: Loaded boot cache 0.06s 77MB C:/Users/marti/AppData/Local/UnrealEngine/4.19/DerivedDataCache/Boot.ddc.
[2019.11.05-05.27.32:051][  0]LogDerivedDataCache: Display: Loaded Boot cache: C:/Users/marti/AppData/Local/UnrealEngine/4.19/DerivedDataCache/Boot.ddc
[2019.11.05-05.27.32:051][  0]LogDerivedDataCache: FDerivedDataBackendGraph:  Pak pak cache file ../../../../../../Users/marti/Documents/GitHub/BetaArcade/MasterBuild/DerivedDataCache/DDC.ddp not found, will not use a pak cache.
[2019.11.05-05.27.32:051][  0]LogDerivedDataCache: Unable to find inner node Pak for hierarchical cache Hierarchy.
[2019.11.05-05.27.32:052][  0]LogDerivedDataCache: FDerivedDataBackendGraph:  CompressedPak pak cache file ../../../../../../Users/marti/Documents/GitHub/BetaArcade/MasterBuild/DerivedDataCache/Compressed.ddp not found, will not use a pak cache.
[2019.11.05-05.27.32:052][  0]LogDerivedDataCache: Unable to find inner node CompressedPak for hierarchical cache Hierarchy.
[2019.11.05-05.27.32:067][  0]LogDerivedDataCache: Display: Pak cache opened for reading ../../../Engine/DerivedDataCache/Compressed.ddp.
[2019.11.05-05.27.32:080][  0]LogDerivedDataCache: Using Local data cache path C:/Users/marti/AppData/Local/UnrealEngine/Common/DerivedDataCache: Writable
[2019.11.05-05.27.32:080][  0]LogDerivedDataCache: Shared data cache path not found in *engine.ini, will not use an Shared cache.
[2019.11.05-05.27.32:080][  0]LogDerivedDataCache: Unable to find inner node Shared for hierarchical cache Hierarchy.
[2019.11.05-05.27.32:090][  0]LogMaterial: Verifying Global Shaders for PCD3D_SM5
[2019.11.05-05.27.32:090][  0]LogSlate: Using Freetype 2.6.0
[2019.11.05-05.27.32:091][  0]LogSlate: SlateFontCache - WITH_FREETYPE: 1, WITH_HARFBUZZ: 1
[2019.11.05-05.27.32:091][  0]LogSlate: SlateFontCache - WITH_FREETYPE: 1, WITH_HARFBUZZ: 1
[2019.11.05-05.27.32:219][  0]LogAssetRegistry: FAssetRegistry took 0.0279 seconds to start up
[2019.11.05-05.27.32:489][  0]LogInit: Selected Device Profile: [Windows]
[2019.11.05-05.27.32:627][  0]LogSimplygon: Simplygon DLL not present - disabling.
[2019.11.05-05.27.32:631][  0]LogMeshReduction: Using SimplygonSwarm for distributed automatic mesh merging
[2019.11.05-05.27.32:631][  0]LogMeshReduction: Using QuadricMeshReduction for automatic static mesh reduction
[2019.11.05-05.27.32:631][  0]LogMeshReduction: No automatic skeletal mesh reduction module available
[2019.11.05-05.27.32:631][  0]LogMeshReduction: No automatic mesh merging module available
[2019.11.05-05.27.32:631][  0]LogMeshMerging: No automatic mesh merging module available
[2019.11.05-05.27.32:658][  0]LogNetVersion: MasterBuild , NetCL: 3944462, EngineNetVer: 2, GameNetVer: 0 (Checksum: 2426174287)
[2019.11.05-05.27.33:057][  0]LogPackageLocalizationCache: Processed 9 localized package path(s) for 2 prioritized culture(s) in 0.084295 seconds
[2019.11.05-05.27.33:062][  0]LogUObjectArray: 36728 objects as part of root set at end of initial load.
[2019.11.05-05.27.33:063][  0]LogUObjectAllocator: 7314312 out of 0 bytes used by permanent object pool.
[2019.11.05-05.27.33:063][  0]LogUObjectArray: CloseDisregardForGC: 0/0 objects in disregard for GC pool
[2019.11.05-05.27.34:732][  0]LogTcpMessaging: Initializing TcpMessaging bridge
[2019.11.05-05.27.34:763][  0]LogUdpMessaging: Initializing bridge on interface 0.0.0.0:0 to multicast group 230.0.0.1:6666.
[2019.11.05-05.27.35:044][  0]LogUObjectGlobals: Created PersistentFrame Addr=0x000001a6e1f15500, Size=64, Default__ThirdPerson_AnimBP_C Function /Game/Mannequin/Animations/ThirdPerson_AnimBP.ThirdPerson_AnimBP_C:ExecuteUbergraph_ThirdPerson_AnimBP
[2019.11.05-05.27.35:051][  0]LogUObjectGlobals: Destroyed PersistentFrame Addr=0x000001a6e1f15500, Size=64
[2019.11.05-05.27.35:051][  0]LogUObjectGlobals: Created PersistentFrame Addr=0x000001a6e2052940, Size=64, Default__ThirdPerson_AnimBP_C Function /Engine/Transient.REINST_ThirdPerson_AnimBP_C_0:ExecuteUbergraph_ThirdPerson_AnimBP
[2019.11.05-05.27.35:057][  0]LogUObjectGlobals: Created PersistentFrame Addr=0x000001a6e1c6a6b0, Size=72, Default__ThirdPerson_AnimBP_C Function /Game/Mannequin/Animations/ThirdPerson_AnimBP.ThirdPerson_AnimBP_C:ExecuteUbergraph_ThirdPerson_AnimBP
[2019.11.05-05.27.35:119][  0]LogSkeletalMesh: Skeletal Mesh found in DDC [1.784400ms] /Game/Mannequin/Character/Mesh/SK_Mannequin.SK_Mannequin
[2019.11.05-05.27.35:274][  0]SourceControl: Source control is disabled
[2019.11.05-05.27.35:274][  0]SourceControl: Source control is disabled
[2019.11.05-05.27.35:293][  0]SourceControl: Source control is disabled
[2019.11.05-05.27.35:312][  0]SourceControl: Source control is disabled
[2019.11.05-05.27.35:834][  0]LogAndroidPermission: UAndroidPermissionCallbackProxy::GetInstance
[2019.11.05-05.27.36:105][  0]LogOcInput: OculusInput pre-init called
[2019.11.05-05.27.36:212][  0]LogEngine: Initializing Engine...
[2019.11.05-05.27.36:214][  0]LogHMD: Failed to initialize OpenVR with code 110
[2019.11.05-05.27.36:215][  0]LogStats: UGameplayTagsManager::ConstructGameplayTagTree: Construct from data asset -  0.000 s
[2019.11.05-05.27.36:215][  0]LogStats: UGameplayTagsManager::ConstructGameplayTagTree: GameplayTagTreeChangedEvent.Broadcast -  0.000 s
[2019.11.05-05.27.36:391][  0]LogAIModule: Creating AISystem for world Untitled
[2019.11.05-05.27.36:540][  0]LogInit: XAudio2 using 'Speakers (Realtek High Definition Audio)' : 2 channels at 48 kHz using 32 bits per sample (channel mask 0x3)
[2019.11.05-05.27.36:623][  0]LogInit: FAudioDevice initialized.
[2019.11.05-05.27.36:743][  0]LogDerivedDataCache: Saved boot cache 0.12s 77MB C:/Users/marti/AppData/Local/UnrealEngine/4.19/DerivedDataCache/Boot.ddc.
[2019.11.05-05.27.36:755][  0]LogInit: Texture streaming: Enabled
[2019.11.05-05.27.36:777][  0]LogEngineSessionManager: EngineSessionManager initialized
[2019.11.05-05.27.36:786][  0]LogInit: Transaction tracking system initialized
[2019.11.05-05.27.36:813][  0]BlueprintLog: New page: Editor Load
[2019.11.05-05.27.36:949][  0]LocalizationService: Localization service is disabled
[2019.11.05-05.27.37:063][  0]LogConsoleResponse: Display: 
[2019.11.05-05.27.37:200][  0]LogCook: Display: Max memory allowance for cook 16384mb min free memory 0mb
[2019.11.05-05.27.37:200][  0]LogCook: Display: Mobile HDR setting 1
[2019.11.05-05.27.37:200][  0]LogGameplayTags: Display: UGameplayTagsManager::DoneAddingNativeTags. DelegateIsBound: 0
[2019.11.05-05.27.37:200][  0]LogStats: UGameplayTagsManager::ConstructGameplayTagTree: Construct from data asset -  0.000 s
[2019.11.05-05.27.37:201][  0]LogStats: UGameplayTagsManager::ConstructGameplayTagTree: GameplayTagTreeChangedEvent.Broadcast -  0.000 s
[2019.11.05-05.27.37:593][  0]LogFileCache: Scanning file cache for directory 'C:/Users/marti/Documents/GitHub/BetaArcade/MasterBuild/Content/' took 0.02s
[2019.11.05-05.27.37:593][  0]SourceControl: Source control is disabled
[2019.11.05-05.27.37:594][  0]Cmd: MAP LOAD FILE="../../../../../../Users/marti/Documents/GitHub/BetaArcade/MasterBuild/Content/Woolf/Maps/Heaven.umap" TEMPLATE=0 SHOWPROGRESS=1 FEATURELEVEL=3
[2019.11.05-05.27.37:594][  0]LightingResults: New page: Lighting Build
[2019.11.05-05.27.37:596][  0]MapCheck: New page: Map Check
[2019.11.05-05.27.37:596][  0]LightingResults: New page: Lighting Build
[2019.11.05-05.27.37:605][  0]LogUObjectGlobals: Destroyed PersistentFrame Addr=0x000001a6e2052940, Size=64
[2019.11.05-05.27.37:682][  0]LogUObjectGlobals: Created PersistentFrame Addr=0x000001a6c3c5e520, Size=32, Default__Heaven_C Function /Game/Woolf/Maps/Heaven.Heaven_C:ExecuteUbergraph_Heaven
[2019.11.05-05.27.37:683][  0]LogUObjectGlobals: Destroyed PersistentFrame Addr=0x000001a6c3c5e520, Size=32
[2019.11.05-05.27.37:684][  0]LogUObjectGlobals: Created PersistentFrame Addr=0x000001a6c3c5e520, Size=32, Default__Heaven_C Function /Engine/Transient.REINST_Heaven_C_8:ExecuteUbergraph_Heaven
[2019.11.05-05.27.37:685][  0]LogUObjectGlobals: Created PersistentFrame Addr=0x000001a6c3c5e320, Size=32, Default__Heaven_C Function /Game/Woolf/Maps/Heaven.Heaven_C:ExecuteUbergraph_Heaven
[2019.11.05-05.27.37:758][  0]LogAIModule: Creating AISystem for world Heaven
[2019.11.05-05.27.37:786][  0]LogEditorServer: Finished looking for orphan Actors (0.000 secs)
[2019.11.05-05.27.37:798][  0]LogUObjectGlobals: Destroyed PersistentFrame Addr=0x000001a6c3c5e520, Size=32
[2019.11.05-05.27.37:800][  0]Cmd: MAP CHECKDEP NOCLEARLOG
[2019.11.05-05.27.37:877][  0]MapCheck: Map check complete: 0 Error(s), 0 Warning(s), took 77.496ms to complete.
[2019.11.05-05.27.37:878][  0]LogFileHelpers: Loading map 'Heaven' took 0.284
[2019.11.05-05.27.38:011][  0]LogCollectionManager: Loaded 0 collections in 0.002367 seconds
[2019.11.05-05.27.38:058][  0]LogFileCache: Scanning file cache for directory 'C:/Users/marti/Documents/GitHub/BetaArcade/MasterBuild/Saved/Collections/' took 0.01s
[2019.11.05-05.27.38:058][  0]LogFileCache: Scanning file cache for directory 'C:/Users/marti/Documents/GitHub/BetaArcade/MasterBuild/Content/Developers/marti/Collections/' took 0.01s
[2019.11.05-05.27.38:059][  0]LogFileCache: Scanning file cache for directory 'C:/Users/marti/Documents/GitHub/BetaArcade/MasterBuild/Content/Collections/' took 0.01s
[2019.11.05-05.27.38:059][  0]LogCollectionManager: Rebuilt the GUID cache for 0 collections in 0.000000 seconds
[2019.11.05-05.27.38:067][  0]LogContentBrowser: Native class hierarchy populated in 0.0079 seconds. Added 2461 classes and 563 folders.
[2019.11.05-05.27.38:072][  0]LogContentBrowser: Native class hierarchy updated for 'WidgetCarousel' in 0.0010 seconds. Added 0 classes and 0 folders.
[2019.11.05-05.27.38:117][  0]LogContentBrowser: Native class hierarchy updated for 'AddContentDialog' in 0.0010 seconds. Added 0 classes and 0 folders.
[2019.11.05-05.27.38:123][  0]LogContentBrowser: Native class hierarchy updated for 'SceneOutliner' in 0.0012 seconds. Added 1 classes and 2 folders.
[2019.11.05-05.27.38:146][  0]LogSlate: Took 0.000230 seconds to synchronously load lazily loaded font '../../../Engine/Content/Slate/Fonts/Roboto-Regular.ttf' (155K)
[2019.11.05-05.27.38:150][  0]LogSlate: Took 0.000231 seconds to synchronously load lazily loaded font '../../../Engine/Content/Slate/Fonts/Roboto-Bold.ttf' (160K)
[2019.11.05-05.27.38:156][  0]LogSlate: Took 0.000201 seconds to synchronously load lazily loaded font '../../../Engine/Content/Editor/Slate/Fonts/FontAwesome.ttf' (139K)
[2019.11.05-05.27.38:242][  0]LogRenderer: Reallocating scene render targets to support 1208x576 Format 10 NumSamples 1 (Frame:1).
[2019.11.05-05.27.38:404][  0]LogContentBrowser: Native class hierarchy updated for 'HierarchicalLODOutliner' in 0.0012 seconds. Added 0 classes and 0 folders.
[2019.11.05-05.27.38:405][  0]LogLoad: (Engine Initialization) Total time: 11.57 seconds
[2019.11.05-05.27.38:405][  0]LogLoad: (Engine Initialization) Total Blueprint compile time: 0.00 seconds
[2019.11.05-05.27.38:433][  0]LogContentStreaming: Texture pool size now 1000 MB
[2019.11.05-05.27.38:462][  0]LogSlate: Took 0.000210 seconds to synchronously load lazily loaded font '../../../Engine/Content/Slate/Fonts/Roboto-Light.ttf' (167K)
[2019.11.05-05.27.38:487][  1]LogAssetRegistry: Asset discovery search completed in 6.2918 seconds
[2019.11.05-05.27.38:489][  1]LogCollectionManager: Rebuilt the object cache for 0 collections in 0.000000 seconds (found 0 objects)
[2019.11.05-05.27.38:489][  1]LogCollectionManager: Fixed up redirectors for 0 collections in 0.000104 seconds (updated 0 objects)
[2019.11.05-05.27.47:573][ 12]LogEditorViewport: Clicking on Actor (LMB): SphereReflectionCapture (SphereReflectionCapture)
[2019.11.05-05.27.53:885][729]LogEditorViewport: Clicking on Actor (LMB): NavMeshBoundsVolume (NavMeshBoundsVolume)
[2019.11.05-05.28.12:481][887]LogEditorViewport: Clicking on Actor (LMB): Sheep_BP_C (Sheep_BP)
[2019.11.05-05.28.15:987][287]LogSlate: FSceneViewport::OnFocusLost() reason 2
[2019.11.05-05.28.17:557][471]LogSlate: FSceneViewport::OnFocusLost() reason 2
[2019.11.05-05.28.19:360][471]LogSlate: Window 'Save Content' being destroyed
[2019.11.05-05.28.19:367][471]LogSlate: Took 0.000190 seconds to synchronously load lazily loaded font '../../../Engine/Content/Slate/Fonts/Roboto-Light.ttf' (167K)
[2019.11.05-05.28.19:370][471]LogSlate: FSceneViewport::OnFocusLost() reason 2
[2019.11.05-05.28.19:476][471]LogUObjectGlobals: Destroyed PersistentFrame Addr=0x000001a6c3c5e320, Size=32
[2019.11.05-05.28.19:476][471]LogUObjectGlobals: Created PersistentFrame Addr=0x000001a68832bf80, Size=32, Default__Heaven_C Function /Engine/Transient.REINST_Heaven_C_12:ExecuteUbergraph_Heaven
[2019.11.05-05.28.19:477][471]LogUObjectGlobals: Created PersistentFrame Addr=0x000001a6883287c0, Size=32, Default__Heaven_C Function /Game/Woolf/Maps/Heaven.Heaven_C:ExecuteUbergraph_Heaven
[2019.11.05-05.28.19:616][471]LogSavePackage: Save=144.94ms
[2019.11.05-05.28.19:616][471]LogSavePackage: Moving '../../../../../../Users/marti/Documents/GitHub/BetaArcade/MasterBuild/Saved/Heaven6BD0C15A4BAC3BD1A979729725AB2BA8.tmp' to '../../../../../../Users/marti/Documents/GitHub/BetaArcade/MasterBuild/Content/Woolf/Maps/Heaven.umap'
[2019.11.05-05.28.19:620][471]LogSavePackage: Display: Finished SavePackage ../../../../../../Users/marti/Documents/GitHub/BetaArcade/MasterBuild/Content/Woolf/Maps/Heaven.umap
[2019.11.05-05.28.19:651][471]LogFileHelpers: Saving map 'Heaven' took 0.272
[2019.11.05-05.29.29:028][946]LogSlate: FSceneViewport::OnFocusLost() reason 0
[2019.11.05-05.30.31:904][463]LogEditorViewport: Clicking on Actor (LMB): StaticMeshActor (Cube3)
[2019.11.05-05.30.44:420][930]LogEditorViewport: Clicking on Actor (LMB): Sheep_BP_C (Sheep_BP)
[2019.11.05-05.31.11:900][ 50]LogEditorViewport: Clicking on Actor (LMB): Sheep_BP_C (Sheep_BP)
[2019.11.05-05.31.11:975][ 56]LogEditorViewport: Clicking on Component (LMB): SkeletalMeshComponent (CharacterMesh0)
[2019.11.05-05.31.13:203][197]LogEditorViewport: Clicking on Component (LMB): SkeletalMeshComponent (CharacterMesh0)
[2019.11.05-05.31.13:272][203]LogEditorViewport: Clicking on Actor (double click): Sheep_BP_C (Sheep_BP)
[2019.11.05-05.31.16:809][593]LogSlate: FSceneViewport::OnFocusLost() reason 0
[2019.11.05-05.31.41:709][569]LogSlate: FSceneViewport::OnFocusLost() reason 0
[2019.11.05-05.31.44:605][875]LogContentBrowser: Native class hierarchy updated for 'BlueprintGraph' in 0.0014 seconds. Added 116 classes and 0 folders.
[2019.11.05-05.31.44:845][875]LogUObjectGlobals: Created PersistentFrame Addr=0x000001a699dace88, Size=4, Default__SKEL_PROTO_BP_AnimBlueprint_0_C Function /Engine/Transient.SKEL_PROTO_BP_AnimBlueprint_0_C:ExecuteUbergraph_PROTO_BP_AnimBlueprint_0
[2019.11.05-05.31.44:846][875]LogUObjectGlobals: Created PersistentFrame Addr=0x000001a699dace80, Size=4, Default__PROTO_BP_AnimBlueprint_0_C Function /Engine/Transient.PROTO_BP_AnimBlueprint_0_C:ExecuteUbergraph_PROTO_BP_AnimBlueprint_0
[2019.11.05-05.31.51:467][593]LogSlate: Took 0.000229 seconds to synchronously load lazily loaded font '../../../Engine/Content/Slate/Fonts/Roboto-BoldCondensed.ttf' (158K)
[2019.11.05-05.32.11:466][916]LogSlate: FSceneViewport::OnFocusLost() reason 0
[2019.11.05-05.32.56:151][205]LogSlate: Took 0.000218 seconds to synchronously load lazily loaded font '../../../Engine/Content/Slate/Fonts/Roboto-Italic.ttf' (157K)
[2019.11.05-05.35.51:860][579]LogD3D11RHI: Timed out while waiting for GPU to catch up. (0.5 s)
[2019.11.05-05.36.00:907][425]LogEditorViewport: Clicking on Actor (LMB): Sheep_BP_C (Sheep_BP)
[2019.11.05-05.36.00:945][426]LogEditorViewport: Clicking on Component (LMB): SkeletalMeshComponent (CharacterMesh0)
[2019.11.05-05.36.02:200][544]LogSlate: FSceneViewport::OnFocusLost() reason 0
[2019.11.05-05.39.18:303][618]LogEditorViewport: Clicking on Actor (LMB): NavMeshBoundsVolume (NavMeshBoundsVolume)
[2019.11.05-05.39.21:543][998]Cmd: DELETE
[2019.11.05-05.39.21:543][998]Cmd: ACTOR DELETE
[2019.11.05-05.39.21:613][998]LogEditorActor: Deleted Actor: NavMeshBoundsVolume
[2019.11.05-05.39.21:631][998]LogUObjectGlobals: Destroyed PersistentFrame Addr=0x000001a68832bf80, Size=32
[2019.11.05-05.39.21:633][998]LogEditorActor: Deleted 1 Actors (0.054 secs)
[2019.11.05-05.39.22:949][155]LogSlate: FSceneViewport::OnFocusLost() reason 0
[2019.11.05-05.39.23:007][162]LogTemp: Repeating last play command: Standalone Game
[2019.11.05-05.39.24:753][162]LogSlate: Window 'Save Content' being destroyed
[2019.11.05-05.39.24:874][162]LogUObjectGlobals: Destroyed PersistentFrame Addr=0x000001a6883287c0, Size=32
[2019.11.05-05.39.24:874][162]LogUObjectGlobals: Created PersistentFrame Addr=0x000001a6910f2560, Size=32, Default__Heaven_C Function /Engine/Transient.REINST_Heaven_C_28:ExecuteUbergraph_Heaven
[2019.11.05-05.39.24:876][162]LogUObjectGlobals: Created PersistentFrame Addr=0x000001a6910f2c20, Size=32, Default__Heaven_C Function /Game/Woolf/Maps/Heaven.Heaven_C:ExecuteUbergraph_Heaven
[2019.11.05-05.39.25:031][162]LogSavePackage: Save=162.25ms
[2019.11.05-05.39.25:031][162]LogSavePackage: Moving '../../../../../../Users/marti/Documents/GitHub/BetaArcade/MasterBuild/Saved/HeavenE8E64CE348FF2AB8BE29119475BD6A04.tmp' to '../../../../../../Users/marti/Documents/GitHub/BetaArcade/MasterBuild/Content/Woolf/Maps/Heaven.umap'
[2019.11.05-05.39.25:035][162]LogSavePackage: Display: Finished SavePackage ../../../../../../Users/marti/Documents/GitHub/BetaArcade/MasterBuild/Content/Woolf/Maps/Heaven.umap
[2019.11.05-05.39.25:067][162]LogFileHelpers: Saving map 'Heaven' took 0.300
[2019.11.05-05.40.08:096][910]LogEditorViewport: Clicking on Actor (LMB): BP_Sky_Sphere_C (Sky Sphere2)
[2019.11.05-05.40.10:312][169]LogSlate: FSceneViewport::OnFocusLost() reason 0
[2019.11.05-05.40.19:317][201]LogSlate: FSceneViewport::OnFocusLost() reason 0
[2019.11.05-05.40.33:597][838]LogSlate: FSceneViewport::OnFocusLost() reason 0
[2019.11.05-05.40.50:226][818]Cmd: TRANSACTION UNDO
[2019.11.05-05.40.50:226][818]LogEditorTransaction: Undo Move Actors
[2019.11.05-05.40.50:750][877]Cmd: TRANSACTION UNDO
[2019.11.05-05.40.50:750][877]LogEditorTransaction: Undo Move Actors
[2019.11.05-05.40.52:535][ 88]Cmd: TRANSACTION UNDO
[2019.11.05-05.40.52:535][ 88]LogEditorTransaction: Undo Clicking on Actors
[2019.11.05-05.40.53:943][256]Cmd: TRANSACTION UNDO
[2019.11.05-05.40.53:943][256]LogEditorTransaction: Undo Clicking on Actors
[2019.11.05-05.40.54:827][360]Cmd: TRANSACTION UNDO
[2019.11.05-05.40.54:827][360]LogEditorTransaction: Undo Clicking on Actors
[2019.11.05-05.40.55:242][406]Cmd: TRANSACTION UNDO
[2019.11.05-05.40.55:242][406]LogEditorTransaction: Undo Select Brush Surface
[2019.11.05-05.40.55:445][422]Cmd: TRANSACTION UNDO
[2019.11.05-05.40.55:445][422]LogEditorTransaction: Undo Select Brush Surface
[2019.11.05-05.40.55:625][438]Cmd: TRANSACTION UNDO
[2019.11.05-05.40.55:626][438]LogEditorTransaction: Undo Clicking on Actors
[2019.11.05-05.40.56:044][483]Cmd: TRANSACTION UNDO
[2019.11.05-05.40.56:044][483]LogEditorTransaction: Undo Select Brush Surface
[2019.11.05-05.40.56:394][521]Cmd: TRANSACTION UNDO
[2019.11.05-05.40.56:394][521]LogEditorTransaction: Undo Clicking on Actors
[2019.11.05-05.40.56:569][539]Cmd: TRANSACTION UNDO
[2019.11.05-05.40.56:569][539]LogEditorTransaction: Undo Clicking on Actors
[2019.11.05-05.40.56:722][553]Cmd: TRANSACTION UNDO
[2019.11.05-05.40.56:723][553]LogEditorTransaction: Undo Select Brush Surface
[2019.11.05-05.41.06:026][637]LogSlate: FSceneViewport::OnFocusLost() reason 0
[2019.11.05-05.41.22:970][597]LogSlate: FSceneViewport::OnFocusLost() reason 0
[2019.11.05-05.41.45:960][571]LogSlate: FSceneViewport::OnFocusLost() reason 0
[2019.11.05-05.41.46:031][577]Candidate modules for hot reload:
[2019.11.05-05.41.46:031][577]  MasterBuild
[2019.11.05-05.41.46:031][577]Launching UnrealBuildTool... [C:/Program Files/Epic Games/UE_4.19/Engine/Binaries/DotNET/UnrealBuildTool.exe MasterBuild -ModuleWithSuffix=MasterBuild,2563 Win64 Development -editorrecompile -canskiplink "C:/Users/marti/Documents/GitHub/BetaArcade/MasterBuild/MasterBuild.uproject" ]
[2019.11.05-05.41.46:033][577]Warning: Starting HotReload took  0.0s.
[2019.11.05-05.42.02:997][550]LogSlate: FSceneViewport::OnFocusLost() reason 2
[2019.11.05-05.42.10:653][910]CompilerResultsLog: New page: Compilation - 5 Nov 2019 05:42:10
[2019.11.05-05.42.10:654][910]CompilerResultsLog: Using 'git status' to determine working set for adaptive non-unity build.
[2019.11.05-05.42.10:654][910]CompilerResultsLog: Compiling game modules for hot reload
[2019.11.05-05.42.10:655][910]CompilerResultsLog: Performing 3 actions (4 in parallel)
[2019.11.05-05.42.10:655][910]CompilerResultsLog: BTTask_RunAway.cpp
[2019.11.05-05.42.10:655][910]CompilerResultsLog: [2/3] Link UE4Editor-MasterBuild-2563.dll
[2019.11.05-05.42.10:655][910]CompilerResultsLog: [3/3] Link UE4Editor-MasterBuild-2563.lib
[2019.11.05-05.42.10:655][910]CompilerResultsLog:    Creating library C:\Users\marti\Documents\GitHub\BetaArcade\MasterBuild\Intermediate\Build\Win64\UE4Editor\Development\UE4Editor-MasterBuild-2563.lib and object C:\Users\marti\Documents\GitHub\BetaArcade\MasterBuild\Intermediate\Build\Win64\UE4Editor\Development\UE4Editor-MasterBuild-2563.exp
[2019.11.05-05.42.10:656][910]CompilerResultsLog:    Creating library C:\Users\marti\Documents\GitHub\BetaArcade\MasterBuild\Intermediate\Build\Win64\UE4Editor\Development\UE4Editor-MasterBuild-2563.suppressed.lib and object C:\Users\marti\Documents\GitHub\BetaArcade\MasterBuild\Intermediate\Build\Win64\UE4Editor\Development\UE4Editor-MasterBuild-2563.suppressed.exp
[2019.11.05-05.42.10:656][910]CompilerResultsLog: Total build time: 24.16 seconds (Local executor: 22.59 seconds)
[2019.11.05-05.42.10:656][910]LogMainFrame: MainFrame: Module compiling took 24.628 seconds
[2019.11.05-05.42.10:675][910]LogUObjectGlobals: Destroyed PersistentFrame Addr=0x000001a6910f2560, Size=32
[2019.11.05-05.42.10:718][910]LogContentBrowser: Native class hierarchy updated for 'MasterBuild' in 0.0012 seconds. Added 9 classes and 5 folders.
[2019.11.05-05.42.10:721][910]Display: HotReload successful (4 functions remapped  0 scriptstructs remapped)
[2019.11.05-05.42.11:749][910]LogContentBrowser: Native class hierarchy populated in 0.0116 seconds. Added 2462 classes and 565 folders.
[2019.11.05-05.42.11:749][910]Display: HotReload took 25.7s.
[2019.11.05-05.42.17:522][413]LogSlate: FSceneViewport::OnFocusLost() reason 0
[2019.11.05-05.42.17:597][422]LogTemp: Repeating last play command: Standalone Game
[2019.11.05-05.42.18:971][422]LogSlate: Window 'Save Content' being destroyed
[2019.11.05-05.42.19:000][422]LogSlate: FSceneViewport::OnFocusLost() reason 2
[2019.11.05-05.42.19:127][422]LogUObjectGlobals: Destroyed PersistentFrame Addr=0x000001a6910f2c20, Size=32
[2019.11.05-05.42.19:127][422]LogUObjectGlobals: Created PersistentFrame Addr=0x000001a698223940, Size=32, Default__Heaven_C Function /Engine/Transient.REINST_Heaven_C_32:ExecuteUbergraph_Heaven
[2019.11.05-05.42.19:129][422]LogUObjectGlobals: Created PersistentFrame Addr=0x000001a698222dc0, Size=32, Default__Heaven_C Function /Game/Woolf/Maps/Heaven.Heaven_C:ExecuteUbergraph_Heaven
[2019.11.05-05.42.19:292][422]LogSavePackage: Save=169.04ms
[2019.11.05-05.42.19:292][422]LogSavePackage: Moving '../../../../../../Users/marti/Documents/GitHub/BetaArcade/MasterBuild/Saved/HeavenE06F8AAC417795D787BB41A47EEF0D36.tmp' to '../../../../../../Users/marti/Documents/GitHub/BetaArcade/MasterBuild/Content/Woolf/Maps/Heaven.umap'
[2019.11.05-05.42.19:296][422]LogSavePackage: Display: Finished SavePackage ../../../../../../Users/marti/Documents/GitHub/BetaArcade/MasterBuild/Content/Woolf/Maps/Heaven.umap
[2019.11.05-05.42.19:331][422]LogFileHelpers: Saving map 'Heaven' took 0.315
[2019.11.05-05.43.19:983][ 51]LogSlate: FSceneViewport::OnFocusLost() reason 0
[2019.11.05-05.43.20:051][ 58]Candidate modules for hot reload:
[2019.11.05-05.43.20:051][ 58]  MasterBuild
[2019.11.05-05.43.20:051][ 58]Launching UnrealBuildTool... [C:/Program Files/Epic Games/UE_4.19/Engine/Binaries/DotNET/UnrealBuildTool.exe MasterBuild -ModuleWithSuffix=MasterBuild,9066 Win64 Development -editorrecompile -canskiplink "C:/Users/marti/Documents/GitHub/BetaArcade/MasterBuild/MasterBuild.uproject" ]
[2019.11.05-05.43.20:053][ 58]Warning: Starting HotReload took  0.0s.
[2019.11.05-05.43.47:726][286]CompilerResultsLog: New page: Compilation - 5 Nov 2019 05:43:47
[2019.11.05-05.43.47:726][286]CompilerResultsLog: Using 'git status' to determine working set for adaptive non-unity build.
[2019.11.05-05.43.47:726][286]CompilerResultsLog: Compiling game modules for hot reload
[2019.11.05-05.43.47:726][286]CompilerResultsLog: Performing 3 actions (4 in parallel)
[2019.11.05-05.43.47:727][286]CompilerResultsLog: BTTask_Move.cpp
[2019.11.05-05.43.47:727][286]CompilerResultsLog: [2/3] Link UE4Editor-MasterBuild-9066.dll
[2019.11.05-05.43.47:727][286]CompilerResultsLog: [3/3] Link UE4Editor-MasterBuild-9066.lib
[2019.11.05-05.43.47:728][286]CompilerResultsLog:    Creating library C:\Users\marti\Documents\GitHub\BetaArcade\MasterBuild\Intermediate\Build\Win64\UE4Editor\Development\UE4Editor-MasterBuild-9066.lib and object C:\Users\marti\Documents\GitHub\BetaArcade\MasterBuild\Intermediate\Build\Win64\UE4Editor\Development\UE4Editor-MasterBuild-9066.exp
[2019.11.05-05.43.47:728][286]CompilerResultsLog:    Creating library C:\Users\marti\Documents\GitHub\BetaArcade\MasterBuild\Intermediate\Build\Win64\UE4Editor\Development\UE4Editor-MasterBuild-9066.suppressed.lib and object C:\Users\marti\Documents\GitHub\BetaArcade\MasterBuild\Intermediate\Build\Win64\UE4Editor\Development\UE4Editor-MasterBuild-9066.suppressed.exp
[2019.11.05-05.43.47:728][286]CompilerResultsLog: Total build time: 27.43 seconds (Local executor: 25.83 seconds)
[2019.11.05-05.43.47:728][286]LogMainFrame: MainFrame: Module compiling took 27.680 seconds
[2019.11.05-05.43.47:746][286]LogUObjectGlobals: Destroyed PersistentFrame Addr=0x000001a698223940, Size=32
[2019.11.05-05.43.47:870][286]LogContentBrowser: Native class hierarchy updated for 'MasterBuild' in 0.0012 seconds. Added 9 classes and 5 folders.
[2019.11.05-05.43.47:873][286]Display: HotReload successful (4 functions remapped  0 scriptstructs remapped)
[2019.11.05-05.43.48:120][286]LogContentBrowser: Native class hierarchy populated in 0.0082 seconds. Added 2462 classes and 565 folders.
[2019.11.05-05.43.48:120][286]Display: HotReload took 28.1s.
[2019.11.05-05.43.51:173][635]LogTemp: Repeating last play command: Standalone Game
[2019.11.05-05.45.13:590][335]LogSlate: FSceneViewport::OnFocusLost() reason 0
[2019.11.05-05.45.13:623][338]Candidate modules for hot reload:
[2019.11.05-05.45.13:623][338]  MasterBuild
[2019.11.05-05.45.13:624][338]Launching UnrealBuildTool... [C:/Program Files/Epic Games/UE_4.19/Engine/Binaries/DotNET/UnrealBuildTool.exe MasterBuild -ModuleWithSuffix=MasterBuild,8209 Win64 Development -editorrecompile -canskiplink "C:/Users/marti/Documents/GitHub/BetaArcade/MasterBuild/MasterBuild.uproject" ]
[2019.11.05-05.45.13:626][338]Warning: Starting HotReload took  0.0s.
[2019.11.05-05.45.41:354][350]CompilerResultsLog: New page: Compilation - 5 Nov 2019 05:45:41
[2019.11.05-05.45.41:354][350]CompilerResultsLog: Using 'git status' to determine working set for adaptive non-unity build.
[2019.11.05-05.45.41:355][350]CompilerResultsLog: Compiling game modules for hot reload
[2019.11.05-05.45.41:355][350]CompilerResultsLog: Performing 3 actions (4 in parallel)
[2019.11.05-05.45.41:355][350]CompilerResultsLog: BTTask_Move.cpp
[2019.11.05-05.45.41:356][350]CompilerResultsLog: [2/3] Link UE4Editor-MasterBuild-8209.dll
[2019.11.05-05.45.41:356][350]CompilerResultsLog: [3/3] Link UE4Editor-MasterBuild-8209.lib
[2019.11.05-05.45.41:357][350]CompilerResultsLog:    Creating library C:\Users\marti\Documents\GitHub\BetaArcade\MasterBuild\Intermediate\Build\Win64\UE4Editor\Development\UE4Editor-MasterBuild-8209.lib and object C:\Users\marti\Documents\GitHub\BetaArcade\MasterBuild\Intermediate\Build\Win64\UE4Editor\Development\UE4Editor-MasterBuild-8209.exp
[2019.11.05-05.45.41:357][350]CompilerResultsLog:    Creating library C:\Users\marti\Documents\GitHub\BetaArcade\MasterBuild\Intermediate\Build\Win64\UE4Editor\Development\UE4Editor-MasterBuild-8209.suppressed.lib and object C:\Users\marti\Documents\GitHub\BetaArcade\MasterBuild\Intermediate\Build\Win64\UE4Editor\Development\UE4Editor-MasterBuild-8209.suppressed.exp
[2019.11.05-05.45.41:358][350]CompilerResultsLog: Total build time: 27.51 seconds (Local executor: 25.95 seconds)
[2019.11.05-05.45.41:358][350]LogMainFrame: MainFrame: Module compiling took 27.738 seconds
[2019.11.05-05.45.41:474][350]LogContentBrowser: Native class hierarchy updated for 'MasterBuild' in 0.0013 seconds. Added 9 classes and 5 folders.
[2019.11.05-05.45.41:476][350]Display: HotReload successful (4 functions remapped  0 scriptstructs remapped)
[2019.11.05-05.45.41:979][350]LogContentBrowser: Native class hierarchy populated in 0.0100 seconds. Added 2462 classes and 565 folders.
[2019.11.05-05.45.41:979][350]Display: HotReload took 28.4s.
[2019.11.05-05.46.48:143][821]LogEditorViewport: Clicking on Actor (LMB): Sheep_BP_C (Sheep_BP)
[2019.11.05-05.46.53:892][448]LogSlate: FSceneViewport::OnFocusLost() reason 0
[2019.11.05-05.46.53:975][458]LogTemp: Repeating last play command: Standalone Game
[2019.11.05-05.46.55:385][458]LogSlate: Window 'Save Content' being destroyed
[2019.11.05-05.46.55:395][458]LogSlate: FSceneViewport::OnFocusLost() reason 2
[2019.11.05-05.46.55:520][458]LogUObjectGlobals: Destroyed PersistentFrame Addr=0x000001a698222dc0, Size=32
[2019.11.05-05.46.55:520][458]LogUObjectGlobals: Created PersistentFrame Addr=0x000001a6da7fa140, Size=32, Default__Heaven_C Function /Engine/Transient.REINST_Heaven_C_36:ExecuteUbergraph_Heaven
[2019.11.05-05.46.55:522][458]LogUObjectGlobals: Created PersistentFrame Addr=0x000001a6da7fb4a0, Size=32, Default__Heaven_C Function /Game/Woolf/Maps/Heaven.Heaven_C:ExecuteUbergraph_Heaven
[2019.11.05-05.46.55:704][458]LogSavePackage: Save=187.17ms
[2019.11.05-05.46.55:704][458]LogSavePackage: Moving '../../../../../../Users/marti/Documents/GitHub/BetaArcade/MasterBuild/Saved/HeavenFB9CDC4E497A1B8724D0DEA3F1E99113.tmp' to '../../../../../../Users/marti/Documents/GitHub/BetaArcade/MasterBuild/Content/Woolf/Maps/Heaven.umap'
[2019.11.05-05.46.55:707][458]LogSavePackage: Display: Finished SavePackage ../../../../../../Users/marti/Documents/GitHub/BetaArcade/MasterBuild/Content/Woolf/Maps/Heaven.umap
[2019.11.05-05.46.55:739][458]LogFileHelpers: Saving map 'Heaven' took 0.339
[2019.11.05-05.47.16:765][833]LogEditorViewport: Clicking on Actor (CTRL LMB): BP_Sky_Sphere_C (Sky Sphere2)
[2019.11.05-05.47.16:796][833]Cmd: TRANSACTION UNDO
[2019.11.05-05.47.16:796][833]LogEditorTransaction: Undo Clicking on Actors
[2019.11.05-05.47.22:068][424]LogSlate: FSceneViewport::OnFocusLost() reason 0
[2019.11.05-05.47.22:167][432]LogUObjectGlobals: Destroyed PersistentFrame Addr=0x000001a6da7fa140, Size=32
[2019.11.05-05.47.22:181][432]LogUObjectGlobals: Destroyed PersistentFrame Addr=0x000001a6da7fb4a0, Size=32
[2019.11.05-05.47.22:181][432]LogUObjectGlobals: Created PersistentFrame Addr=0x000001a6e6bca860, Size=32, Default__Heaven_C Function /Engine/Transient.REINST_Heaven_C_40:ExecuteUbergraph_Heaven
[2019.11.05-05.47.22:182][432]LogUObjectGlobals: Created PersistentFrame Addr=0x000001a6e6bcb2a0, Size=32, Default__Heaven_C Function /Game/Woolf/Maps/Heaven.Heaven_C:ExecuteUbergraph_Heaven
[2019.11.05-05.47.22:354][432]LogSavePackage: Save=177.29ms
[2019.11.05-05.47.22:354][432]LogSavePackage: Moving '../../../../../../Users/marti/Documents/GitHub/BetaArcade/MasterBuild/Saved/Heaven045788E64BEB877AA49B9DA0288F544C.tmp' to '../../../../../../Users/marti/Documents/GitHub/BetaArcade/MasterBuild/Content/Woolf/Maps/Heaven.umap'
[2019.11.05-05.47.22:358][432]LogSavePackage: Display: Finished SavePackage ../../../../../../Users/marti/Documents/GitHub/BetaArcade/MasterBuild/Content/Woolf/Maps/Heaven.umap
[2019.11.05-05.47.22:393][432]Cmd: OBJ SAVEPACKAGE PACKAGE="/Game/Woolf/Maps/Heaven_BuiltData" FILE="../../../../../../Users/marti/Documents/GitHub/BetaArcade/MasterBuild/Content/Woolf/Maps/Heaven_BuiltData.uasset" SILENT=true
[2019.11.05-05.47.22:451][432]LogSavePackage: Save=43.52ms
[2019.11.05-05.47.22:451][432]LogSavePackage: Moving '../../../../../../Users/marti/Documents/GitHub/BetaArcade/MasterBuild/Saved/Heaven_BuiltData9A0F6C434EED7F4698FA959235CE3ADE.tmp' to '../../../../../../Users/marti/Documents/GitHub/BetaArcade/MasterBuild/Content/Woolf/Maps/Heaven_BuiltData.uasset'
[2019.11.05-05.47.22:453][432]LogSavePackage: Display: Finished SavePackage ../../../../../../Users/marti/Documents/GitHub/BetaArcade/MasterBuild/Content/Woolf/Maps/Heaven_BuiltData.uasset
[2019.11.05-05.47.30:490][384]LogSlate: FSceneViewport::OnFocusLost() reason 0
[2019.11.05-05.48.10:799][184]Cmd: OBJ SAVEPACKAGE PACKAGE="/Game/Woolf/Blueprints/Sheep/SheepBT" FILE="../../../../../../Users/marti/Documents/GitHub/BetaArcade/MasterBuild/Content/Woolf/Blueprints/Sheep/SheepBT.uasset" SILENT=true
[2019.11.05-05.48.10:820][184]LogSavePackage: Save=6.54ms
[2019.11.05-05.48.10:820][184]LogSavePackage: Moving '../../../../../../Users/marti/Documents/GitHub/BetaArcade/MasterBuild/Saved/SheepBT94D78A2C418E247E147B53985D6F0D82.tmp' to '../../../../../../Users/marti/Documents/GitHub/BetaArcade/MasterBuild/Content/Woolf/Blueprints/Sheep/SheepBT.uasset'
[2019.11.05-05.48.10:824][184]LogSavePackage: Display: Finished SavePackage ../../../../../../Users/marti/Documents/GitHub/BetaArcade/MasterBuild/Content/Woolf/Blueprints/Sheep/SheepBT.uasset
[2019.11.05-05.48.15:874][790]LogTemp: Repeating last play command: Standalone Game
[2019.11.05-05.48.15:908][790]LogUObjectGlobals: Destroyed PersistentFrame Addr=0x000001a6e6bca860, Size=32
[2019.11.05-05.48.17:254][790]LogSlate: Window 'Save Content' being destroyed
[2019.11.05-05.48.17:263][790]LogSlate: FSceneViewport::OnFocusLost() reason 2
[2019.11.05-05.48.17:373][790]LogUObjectGlobals: Destroyed PersistentFrame Addr=0x000001a6e6bcb2a0, Size=32
[2019.11.05-05.48.17:373][790]LogUObjectGlobals: Created PersistentFrame Addr=0x000001a697ca2880, Size=32, Default__Heaven_C Function /Engine/Transient.REINST_Heaven_C_44:ExecuteUbergraph_Heaven
[2019.11.05-05.48.17:374][790]LogUObjectGlobals: Created PersistentFrame Addr=0x000001a697ca0180, Size=32, Default__Heaven_C Function /Game/Woolf/Maps/Heaven.Heaven_C:ExecuteUbergraph_Heaven
[2019.11.05-05.48.17:543][790]LogSavePackage: Save=175.54ms
[2019.11.05-05.48.17:543][790]LogSavePackage: Moving '../../../../../../Users/marti/Documents/GitHub/BetaArcade/MasterBuild/Saved/Heaven6CBC73D646F6E353D62755A4DB78B794.tmp' to '../../../../../../Users/marti/Documents/GitHub/BetaArcade/MasterBuild/Content/Woolf/Maps/Heaven.umap'
[2019.11.05-05.48.17:547][790]LogSavePackage: Display: Finished SavePackage ../../../../../../Users/marti/Documents/GitHub/BetaArcade/MasterBuild/Content/Woolf/Maps/Heaven.umap
[2019.11.05-05.48.17:579][790]LogFileHelpers: Saving map 'Heaven' took 0.311
[2019.11.05-05.48.49:792][155]LogSlate: FSceneViewport::OnFocusLost() reason 0
[2019.11.05-05.48.58:228][164]Cmd: OBJ SAVEPACKAGE PACKAGE="/Game/Woolf/Blueprints/Sheep/SheepBT" FILE="../../../../../../Users/marti/Documents/GitHub/BetaArcade/MasterBuild/Content/Woolf/Blueprints/Sheep/SheepBT.uasset" SILENT=true
[2019.11.05-05.48.58:247][164]LogSavePackage: Save=9.01ms
[2019.11.05-05.48.58:249][164]LogSavePackage: Moving '../../../../../../Users/marti/Documents/GitHub/BetaArcade/MasterBuild/Saved/SheepBTAB70C4504E696BC355EBBAAFD4E6C3D4.tmp' to '../../../../../../Users/marti/Documents/GitHub/BetaArcade/MasterBuild/Content/Woolf/Blueprints/Sheep/SheepBT.uasset'
[2019.11.05-05.48.58:254][164]LogSavePackage: Display: Finished SavePackage ../../../../../../Users/marti/Documents/GitHub/BetaArcade/MasterBuild/Content/Woolf/Blueprints/Sheep/SheepBT.uasset
[2019.11.05-05.49.14:725][131]LogBlueprintUserMessages: Early PlayInEditor Detection: Level '/Game/Woolf/Maps/Heaven.Heaven:PersistentLevel' has LevelScriptBlueprint '/Game/Woolf/Maps/Heaven.Heaven:PersistentLevel.Heaven' with GeneratedClass '/Game/Woolf/Maps/Heaven.Heaven_C' with ClassGeneratedBy '/Game/Woolf/Maps/Heaven.Heaven:PersistentLevel.Heaven'
[2019.11.05-05.49.14:728][131]LogPlayLevel: PlayLevel: No blueprints needed recompiling
[2019.11.05-05.49.14:729][131]LogOnline: Display: OSS: FOnlineSubsystemNull::Shutdown()
[2019.11.05-05.49.14:729][131]LogOnline: Display: OSS: FOnlineAsyncTaskManager::Stop() ActiveTask:0000000000000000 Tasks[0/0]
[2019.11.05-05.49.14:744][131]LogOnline: Display: OSS: FOnlineAsyncTaskManager::Exit() started
[2019.11.05-05.49.14:744][131]LogOnline: Display: OSS: FOnlineAsyncTaskManager::Exit() finished
[2019.11.05-05.49.14:744][131]PIE: New page: PIE session: Heaven (5 Nov 2019 05:49:14)
[2019.11.05-05.49.14:751][131]LogUObjectGlobals: Created PersistentFrame Addr=0x000001a688f57100, Size=688, Default__GameInfoInstance_BP_C Function /Game/Woolf/Blueprints/GameInfoInstance_BP.GameInfoInstance_BP_C:ExecuteUbergraph_GameInfoInstance_BP
[2019.11.05-05.49.14:753][131]LogUObjectGlobals: Created PersistentFrame Addr=0x000001a688329800, Size=32, Default__W_MainMenu_C Function /Game/Woolf/UI/W_MainMenu.W_MainMenu_C:ExecuteUbergraph_W_MainMenu
[2019.11.05-05.49.14:760][131]LogUObjectGlobals: Created PersistentFrame Addr=0x000001a697be3780, Size=64, Default__W_HostMenu_C Function /Game/Woolf/UI/W_HostMenu.W_HostMenu_C:ExecuteUbergraph_W_HostMenu
[2019.11.05-05.49.14:767][131]LogUObjectGlobals: Created PersistentFrame Addr=0x000001a68339af20, Size=160, Default__W_JoinMenu_C Function /Game/Woolf/UI/W_JoinMenu.W_JoinMenu_C:ExecuteUbergraph_W_JoinMenu
[2019.11.05-05.49.14:783][131]LogUObjectGlobals: Destroyed PersistentFrame Addr=0x000001a688f57100, Size=688
[2019.11.05-05.49.14:783][131]LogUObjectGlobals: Created PersistentFrame Addr=0x000001a6d6f18100, Size=688, Default__GameInfoInstance_BP_C Function /Engine/Transient.REINST_GameInfoInstance_BP_C_46:ExecuteUbergraph_GameInfoInstance_BP
[2019.11.05-05.49.14:783][131]LogUObjectGlobals: Destroyed PersistentFrame Addr=0x000001a697be3780, Size=64
[2019.11.05-05.49.14:784][131]LogUObjectGlobals: Created PersistentFrame Addr=0x000001a698a1a3c0, Size=64, Default__W_HostMenu_C Function /Engine/Transient.REINST_W_HostMenu_C_0:ExecuteUbergraph_W_HostMenu
[2019.11.05-05.49.14:784][131]LogUObjectGlobals: Destroyed PersistentFrame Addr=0x000001a68339af20, Size=160
[2019.11.05-05.49.14:784][131]LogUObjectGlobals: Created PersistentFrame Addr=0x000001a69a500fe0, Size=160, Default__W_JoinMenu_C Function /Engine/Transient.REINST_W_JoinMenu_C_1:ExecuteUbergraph_W_JoinMenu
[2019.11.05-05.49.14:784][131]LogUObjectGlobals: Destroyed PersistentFrame Addr=0x000001a688329800, Size=32
[2019.11.05-05.49.14:784][131]LogUObjectGlobals: Created PersistentFrame Addr=0x000001a6d29c23e0, Size=32, Default__W_MainMenu_C Function /Engine/Transient.REINST_W_MainMenu_C_2:ExecuteUbergraph_W_MainMenu
[2019.11.05-05.49.14:796][131]LogUObjectGlobals: Created PersistentFrame Addr=0x000001a6d29f0700, Size=688, Default__GameInfoInstance_BP_C Function /Game/Woolf/Blueprints/GameInfoInstance_BP.GameInfoInstance_BP_C:ExecuteUbergraph_GameInfoInstance_BP
[2019.11.05-05.49.14:798][131]LogUObjectGlobals: Created PersistentFrame Addr=0x000001a69996cdc0, Size=64, Default__W_HostMenu_C Function /Game/Woolf/UI/W_HostMenu.W_HostMenu_C:ExecuteUbergraph_W_HostMenu
[2019.11.05-05.49.14:800][131]LogUObjectGlobals: Created PersistentFrame Addr=0x000001a6999a2160, Size=160, Default__W_JoinMenu_C Function /Game/Woolf/UI/W_JoinMenu.W_JoinMenu_C:ExecuteUbergraph_W_JoinMenu
[2019.11.05-05.49.14:801][131]LogUObjectGlobals: Created PersistentFrame Addr=0x000001a6d2aa8e80, Size=32, Default__W_MainMenu_C Function /Game/Woolf/UI/W_MainMenu.W_MainMenu_C:ExecuteUbergraph_W_MainMenu
[2019.11.05-05.49.14:844][131]LogPlayLevel: Creating play world package: /Game/Woolf/Maps/UEDPIE_0_Heaven
[2019.11.05-05.49.14:853][131]LogPlayLevel: PIE: StaticDuplicateObject took: (0.008999s)
[2019.11.05-05.49.14:854][131]LogAIModule: Creating AISystem for world Heaven
[2019.11.05-05.49.14:854][131]LogPlayLevel: PIE: World Init took: (0.000807s)
[2019.11.05-05.49.14:854][131]LogPlayLevel: PIE: Created PIE world by copying editor world from /Game/Woolf/Maps/Heaven.Heaven to /Game/Woolf/Maps/UEDPIE_0_Heaven.Heaven (0.010257s)
[2019.11.05-05.49.14:872][131]LogUObjectGlobals: Destroyed PersistentFrame Addr=0x000001a697ca2880, Size=32
[2019.11.05-05.49.14:872][131]LogUObjectGlobals: Destroyed PersistentFrame Addr=0x000001a69a500fe0, Size=160
[2019.11.05-05.49.14:872][131]LogUObjectGlobals: Destroyed PersistentFrame Addr=0x000001a698a1a3c0, Size=64
[2019.11.05-05.49.14:872][131]LogUObjectGlobals: Destroyed PersistentFrame Addr=0x000001a6d29c23e0, Size=32
[2019.11.05-05.49.14:872][131]LogUObjectGlobals: Destroyed PersistentFrame Addr=0x000001a6d6f18100, Size=688
[2019.11.05-05.49.14:927][131]LogInit: XAudio2 using 'Speakers (Realtek High Definition Audio)' : 2 channels at 48 kHz using 32 bits per sample (channel mask 0x3)
