Log file open, 11/12/19 10:31:39
LogWindows: Failed to load 'aqProf.dll' (GetLastError=126)
LogWindows: File 'aqProf.dll' does not exist
LogWindows: Failed to load 'VtuneApi.dll' (GetLastError=126)
LogWindows: File 'VtuneApi.dll' does not exist
LogWindows: Failed to load 'VtuneApi32e.dll' (GetLastError=126)
LogWindows: File 'VtuneApi32e.dll' does not exist
LogInit: Display: Running engine for game: MasterBuild
LogPlatformFile: Not using cached read wrapper
LogInit: Display: RandInit(85589463) SRandInit(85589464).
LogInit: Read version file with build ID '3944462'
LogInit: Overriding engine version to CL 4033788, compatible CL 3944462
LogInit: Registered custom module enumerator with build ID '3944462'
LogTaskGraph: Started task graph with 5 named threads and 35 total threads with 3 sets of task threads.
LogStats: Stats thread started at 0.417938
LogD3D11RHI: Aftermath initialized
LogICUInternationalization: Display: ICU TimeZone Detection - Raw Offset: +0:00, Platform Override: ''
LogPluginManager: Mounting plugin Paper2D
LogPluginManager: Mounting plugin LiveLink
LogPluginManager: Mounting plugin LightPropagationVolume
LogPluginManager: Mounting plugin CLionSourceCodeAccess
LogPluginManager: Mounting plugin CodeLiteSourceCodeAccess
LogPluginManager: Mounting plugin GitSourceControl
LogPluginManager: Mounting plugin KDevelopSourceCodeAccess
LogPluginManager: Mounting plugin NullSourceCodeAccess
LogPluginManager: Mounting plugin PerforceSourceControl
LogPluginManager: Mounting plugin SubversionSourceControl
LogPluginManager: Mounting plugin UObjectPlugin
LogPluginManager: Mounting plugin VisualStudioCodeSourceCodeAccess
LogPluginManager: Mounting plugin VisualStudioSourceCodeAccess
LogPluginManager: Mounting plugin XCodeSourceCodeAccess
LogPluginManager: Mounting plugin AssetManagerEditor
LogPluginManager: Mounting plugin CryptoKeys
LogPluginManager: Mounting plugin DataValidation
LogPluginManager: Mounting plugin FacialAnimation
LogPluginManager: Mounting plugin GameplayTagsEditor
LogPluginManager: Mounting plugin MobileLauncherProfileWizard
LogPluginManager: Mounting plugin PluginBrowser
LogPluginManager: Mounting plugin SpeedTreeImporter
LogPluginManager: Mounting plugin DatasmithContent
LogPluginManager: Mounting plugin AlembicImporter
LogPluginManager: Mounting plugin CharacterAI
LogPluginManager: Mounting plugin HTML5Networking
LogPluginManager: Mounting plugin AndroidMedia
LogPluginManager: Mounting plugin AvfMedia
LogPluginManager: Mounting plugin ImgMedia
LogPluginManager: Mounting plugin LinearTimecode
LogPluginManager: Mounting plugin MediaCompositing
LogPluginManager: Mounting plugin MediaPlayerEditor
LogPluginManager: Mounting plugin WmfMedia
LogPluginManager: Mounting plugin TcpMessaging
LogPluginManager: Mounting plugin UdpMessaging
LogPluginManager: Mounting plugin ActorSequence
LogPluginManager: Mounting plugin LevelSequenceEditor
LogPluginManager: Mounting plugin MatineeToLevelSequence
LogPluginManager: Mounting plugin NetcodeUnitTest
LogPluginManager: Mounting plugin NUTUnrealEngine4
LogPluginManager: Mounting plugin OnlineSubsystemGooglePlay
LogPluginManager: Mounting plugin OnlineSubsystemIOS
LogPluginManager: Mounting plugin OnlineSubsystem
LogPluginManager: Mounting plugin OnlineSubsystemNull
LogPluginManager: Mounting plugin OnlineSubsystemUtils
LogPluginManager: Mounting plugin AndroidDeviceProfileSelector
LogPluginManager: Mounting plugin AndroidMoviePlayer
LogPluginManager: Mounting plugin AndroidPermission
LogPluginManager: Mounting plugin AppleARKit
LogPluginManager: Mounting plugin AppleMoviePlayer
LogPluginManager: Mounting plugin ArchVisCharacter
LogPluginManager: Mounting plugin AudioCapture
LogPluginManager: Mounting plugin CableComponent
LogPluginManager: Mounting plugin CustomMeshComponent
LogPluginManager: Mounting plugin ExampleDeviceProfileSelector
LogPluginManager: Mounting plugin GoogleCloudMessaging
LogPluginManager: Mounting plugin ImmediatePhysics
LogPluginManager: Mounting plugin IOSDeviceProfileSelector
LogPluginManager: Mounting plugin LinuxDeviceProfileSelector
LogPluginManager: Mounting plugin LocationServicesBPLibrary
LogPluginManager: Mounting plugin MobilePatchingUtils
LogPluginManager: Mounting plugin OculusVR
LogPluginManager: Plugin shader directory ../../../Engine/Plugins/Runtime/Oculus/OculusVR/Shaders found
LogPluginManager: Mapping shader source directory ../../../Engine/Plugins/Runtime/Oculus/OculusVR/Shaders to virtual directory /Plugin/OculusVR
LogPluginManager: Mounting plugin PhysXVehicles
LogPluginManager: Mounting plugin ProceduralMeshComponent
LogPluginManager: Mounting plugin RuntimePhysXCooking
LogPluginManager: Mounting plugin SteamVR
LogPluginManager: Mounting plugin WindowsMoviePlayer
LogStreaming: Display: Took  0.106s to configure plugins.
LogModuleManager: Display: Found up-to-date module file ../../../../../../Users/t7038904/Source/BetaArcade/MasterBuild/Binaries/Win64/UE4Editor-MasterBuild-2511.dll (API version 3944462).
LogModuleManager: Display: Found up-to-date module file ../../../Engine/Plugins/2D/Paper2D/Binaries/Win64/UE4Editor-Paper2D.dll (API version 3944462).
LogModuleManager: Display: Found up-to-date module file ../../../Engine/Plugins/2D/Paper2D/Binaries/Win64/UE4Editor-Paper2DEditor.dll (API version 3944462).
LogModuleManager: Display: Found up-to-date module file ../../../Engine/Plugins/2D/Paper2D/Binaries/Win64/UE4Editor-PaperSpriteSheetImporter.dll (API version 3944462).
LogModuleManager: Display: Found up-to-date module file ../../../Engine/Plugins/2D/Paper2D/Binaries/Win64/UE4Editor-PaperTiledImporter.dll (API version 3944462).
LogModuleManager: Display: Found up-to-date module file ../../../Engine/Plugins/2D/Paper2D/Binaries/Win64/UE4Editor-SmartSnapping.dll (API version 3944462).
LogModuleManager: Display: Found up-to-date module file ../../../Engine/Plugins/Animation/LiveLink/Binaries/Win64/UE4Editor-LiveLink.dll (API version 3944462).
LogModuleManager: Display: Found up-to-date module file ../../../Engine/Plugins/Animation/LiveLink/Binaries/Win64/UE4Editor-LiveLinkEditor.dll (API version 3944462).
LogModuleManager: Display: Found up-to-date module file ../../../Engine/Plugins/Blendables/LightPropagationVolume/Binaries/Win64/UE4Editor-LightPropagationVolumeRuntime.dll (API version 3944462).
LogModuleManager: Display: Found up-to-date module file ../../../Engine/Plugins/Blendables/LightPropagationVolume/Binaries/Win64/UE4Editor-LightPropagationVolumeEditor.dll (API version 3944462).
LogModuleManager: Display: Found up-to-date module file ../../../Engine/Plugins/Developer/CLionSourceCodeAccess/Binaries/Win64/UE4Editor-CLionSourceCodeAccess.dll (API version 3944462).
LogModuleManager: Display: Found up-to-date module file ../../../Engine/Plugins/Developer/GitSourceControl/Binaries/Win64/UE4Editor-GitSourceControl.dll (API version 3944462).
LogModuleManager: Display: Found up-to-date module file ../../../Engine/Plugins/Developer/PerforceSourceControl/Binaries/Win64/UE4Editor-PerforceSourceControl.dll (API version 3944462).
LogModuleManager: Display: Found up-to-date module file ../../../Engine/Plugins/Developer/SubversionSourceControl/Binaries/Win64/UE4Editor-SubversionSourceControl.dll (API version 3944462).
LogModuleManager: Display: Found up-to-date module file ../../../Engine/Plugins/Developer/UObjectPlugin/Binaries/Win64/UE4Editor-UObjectPlugin.dll (API version 3944462).
LogModuleManager: Display: Found up-to-date module file ../../../Engine/Plugins/Developer/VisualStudioCodeSourceCodeAccess/Binaries/Win64/UE4Editor-VisualStudioCodeSourceCodeAccess.dll (API version 3944462).
LogModuleManager: Display: Found up-to-date module file ../../../Engine/Plugins/Developer/VisualStudioSourceCodeAccess/Binaries/Win64/UE4Editor-VisualStudioSourceCodeAccess.dll (API version 3944462).
LogModuleManager: Display: Found up-to-date module file ../../../Engine/Plugins/Editor/AssetManagerEditor/Binaries/Win64/UE4Editor-AssetManagerEditor.dll (API version 3944462).
LogModuleManager: Display: Found up-to-date module file ../../../Engine/Plugins/Editor/CryptoKeys/Binaries/Win64/UE4Editor-CryptoKeys.dll (API version 3944462).
LogModuleManager: Display: Found up-to-date module file ../../../Engine/Plugins/Editor/CryptoKeys/Binaries/Win64/UE4Editor-CryptoKeysOpenSSL.dll (API version 3944462).
LogModuleManager: Display: Found up-to-date module file ../../../Engine/Plugins/Editor/DataValidation/Binaries/Win64/UE4Editor-DataValidation.dll (API version 3944462).
LogModuleManager: Display: Found up-to-date module file ../../../Engine/Plugins/Editor/FacialAnimation/Binaries/Win64/UE4Editor-FacialAnimation.dll (API version 3944462).
LogModuleManager: Display: Found up-to-date module file ../../../Engine/Plugins/Editor/FacialAnimation/Binaries/Win64/UE4Editor-FacialAnimationEditor.dll (API version 3944462).
LogModuleManager: Display: Found up-to-date module file ../../../Engine/Plugins/Editor/GameplayTagsEditor/Binaries/Win64/UE4Editor-GameplayTagsEditor.dll (API version 3944462).
LogModuleManager: Display: Found up-to-date module file ../../../Engine/Plugins/Editor/MobileLauncherProfileWizard/Binaries/Win64/UE4Editor-MobileLauncherProfileWizard.dll (API version 3944462).
LogModuleManager: Display: Found up-to-date module file ../../../Engine/Plugins/Editor/PluginBrowser/Binaries/Win64/UE4Editor-PluginBrowser.dll (API version 3944462).
LogModuleManager: Display: Found up-to-date module file ../../../Engine/Plugins/Editor/SpeedTreeImporter/Binaries/Win64/UE4Editor-SpeedTreeImporter.dll (API version 3944462).
LogModuleManager: Display: Found up-to-date module file ../../../Engine/Plugins/Enterprise/DatasmithContent/Binaries/Win64/UE4Editor-DatasmithContent.dll (API version 3944462).
LogModuleManager: Display: Found up-to-date module file ../../../Engine/Plugins/Experimental/AlembicImporter/Binaries/Win64/UE4Editor-AlembicImporter.dll (API version 3944462).
LogModuleManager: Display: Found up-to-date module file ../../../Engine/Plugins/Experimental/AlembicImporter/Binaries/Win64/UE4Editor-AlembicLibrary.dll (API version 3944462).
LogModuleManager: Display: Found up-to-date module file ../../../Engine/Plugins/Experimental/CharacterAI/Binaries/Win64/UE4Editor-CharacterAI.dll (API version 3944462).
LogModuleManager: Display: Found up-to-date module file ../../../Engine/Plugins/Experimental/HTML5Networking/Binaries/Win64/UE4Editor-HTML5Networking.dll (API version 3944462).
LogModuleManager: Display: Found up-to-date module file ../../../Engine/Plugins/Media/AndroidMedia/Binaries/Win64/UE4Editor-AndroidMediaEditor.dll (API version 3944462).
LogModuleManager: Display: Found up-to-date module file ../../../Engine/Plugins/Media/AndroidMedia/Binaries/Win64/UE4Editor-AndroidMediaFactory.dll (API version 3944462).
LogModuleManager: Display: Found up-to-date module file ../../../Engine/Plugins/Media/AvfMedia/Binaries/Win64/UE4Editor-AvfMediaEditor.dll (API version 3944462).
LogModuleManager: Display: Found up-to-date module file ../../../Engine/Plugins/Media/AvfMedia/Binaries/Win64/UE4Editor-AvfMediaFactory.dll (API version 3944462).
LogModuleManager: Display: Found up-to-date module file ../../../Engine/Plugins/Media/AvfMedia/Binaries/Win64/UE4Editor-AvfMediaFactory.dll (API version 3944462).
LogModuleManager: Display: Found up-to-date module file ../../../Engine/Plugins/Media/ImgMedia/Binaries/Win64/UE4Editor-ImgMedia.dll (API version 3944462).
LogModuleManager: Display: Found up-to-date module file ../../../Engine/Plugins/Media/ImgMedia/Binaries/Win64/UE4Editor-ImgMediaEditor.dll (API version 3944462).
LogModuleManager: Display: Found up-to-date module file ../../../Engine/Plugins/Media/ImgMedia/Binaries/Win64/UE4Editor-ImgMediaFactory.dll (API version 3944462).
LogModuleManager: Display: Found up-to-date module file ../../../Engine/Plugins/Media/ImgMedia/Binaries/Win64/UE4Editor-ImgMediaFactory.dll (API version 3944462).
LogModuleManager: Display: Found up-to-date module file ../../../Engine/Plugins/Media/ImgMedia/Binaries/Win64/UE4Editor-OpenExrWrapper.dll (API version 3944462).
LogModuleManager: Display: Found up-to-date module file ../../../Engine/Plugins/Media/LinearTimecode/Binaries/Win64/UE4Editor-LinearTimecode.dll (API version 3944462).
LogModuleManager: Display: Found up-to-date module file ../../../Engine/Plugins/Media/MediaCompositing/Binaries/Win64/UE4Editor-MediaCompositing.dll (API version 3944462).
LogModuleManager: Display: Found up-to-date module file ../../../Engine/Plugins/Media/MediaCompositing/Binaries/Win64/UE4Editor-MediaCompositingEditor.dll (API version 3944462).
LogModuleManager: Display: Found up-to-date module file ../../../Engine/Plugins/Media/MediaPlayerEditor/Binaries/Win64/UE4Editor-MediaPlayerEditor.dll (API version 3944462).
LogModuleManager: Display: Found up-to-date module file ../../../Engine/Plugins/Media/WmfMedia/Binaries/Win64/UE4Editor-WmfMedia.dll (API version 3944462).
LogModuleManager: Display: Found up-to-date module file ../../../Engine/Plugins/Media/WmfMedia/Binaries/Win64/UE4Editor-WmfMediaEditor.dll (API version 3944462).
LogModuleManager: Display: Found up-to-date module file ../../../Engine/Plugins/Media/WmfMedia/Binaries/Win64/UE4Editor-WmfMediaFactory.dll (API version 3944462).
LogModuleManager: Display: Found up-to-date module file ../../../Engine/Plugins/Media/WmfMedia/Binaries/Win64/UE4Editor-WmfMediaFactory.dll (API version 3944462).
LogModuleManager: Display: Found up-to-date module file ../../../Engine/Plugins/Messaging/TcpMessaging/Binaries/Win64/UE4Editor-TcpMessaging.dll (API version 3944462).
LogModuleManager: Display: Found up-to-date module file ../../../Engine/Plugins/Messaging/UdpMessaging/Binaries/Win64/UE4Editor-UdpMessaging.dll (API version 3944462).
LogModuleManager: Display: Found up-to-date module file ../../../Engine/Plugins/MovieScene/ActorSequence/Binaries/Win64/UE4Editor-ActorSequence.dll (API version 3944462).
LogModuleManager: Display: Found up-to-date module file ../../../Engine/Plugins/MovieScene/LevelSequenceEditor/Binaries/Win64/UE4Editor-LevelSequenceEditor.dll (API version 3944462).
LogModuleManager: Display: Found up-to-date module file ../../../Engine/Plugins/MovieScene/MatineeToLevelSequence/Binaries/Win64/UE4Editor-MatineeToLevelSequence.dll (API version 3944462).
LogModuleManager: Display: Found up-to-date module file ../../../Engine/Plugins/NetcodeUnitTest/NetcodeUnitTest/Binaries/Win64/UE4Editor-NetcodeUnitTest.dll (API version 3944462).
LogModuleManager: Display: Found up-to-date module file ../../../Engine/Plugins/NetcodeUnitTest/NUTUnrealEngine4/Binaries/Win64/UE4Editor-NUTUnrealEngine4.dll (API version 3944462).
LogModuleManager: Display: Found up-to-date module file ../../../Engine/Plugins/Online/OnlineSubsystem/Binaries/Win64/UE4Editor-OnlineSubsystem.dll (API version 3944462).
LogModuleManager: Display: Found up-to-date module file ../../../Engine/Plugins/Online/OnlineSubsystemNull/Binaries/Win64/UE4Editor-OnlineSubsystemNull.dll (API version 3944462).
LogModuleManager: Display: Found up-to-date module file ../../../Engine/Plugins/Online/OnlineSubsystemUtils/Binaries/Win64/UE4Editor-OnlineSubsystemUtils.dll (API version 3944462).
LogModuleManager: Display: Found up-to-date module file ../../../Engine/Plugins/Online/OnlineSubsystemUtils/Binaries/Win64/UE4Editor-OnlineBlueprintSupport.dll (API version 3944462).
LogModuleManager: Display: Found up-to-date module file ../../../Engine/Plugins/Runtime/AndroidDeviceProfileSelector/Binaries/Win64/UE4Editor-AndroidDeviceProfileSelector.dll (API version 3944462).
LogModuleManager: Display: Found up-to-date module file ../../../Engine/Plugins/Runtime/AndroidPermission/Binaries/Win64/UE4Editor-AndroidPermission.dll (API version 3944462).
LogModuleManager: Display: Found up-to-date module file ../../../Engine/Plugins/Runtime/AppleARKit/Binaries/Win64/UE4Editor-AppleARKit.dll (API version 3944462).
LogModuleManager: Display: Found up-to-date module file ../../../Engine/Plugins/Runtime/ArchVisCharacter/Binaries/Win64/UE4Editor-ArchVisCharacter.dll (API version 3944462).
LogModuleManager: Display: Found up-to-date module file ../../../Engine/Plugins/Runtime/AudioCapture/Binaries/Win64/UE4Editor-AudioCapture.dll (API version 3944462).
LogModuleManager: Display: Found up-to-date module file ../../../Engine/Plugins/Runtime/AudioCapture/Binaries/Win64/UE4Editor-AudioCaptureEditor.dll (API version 3944462).
LogModuleManager: Display: Found up-to-date module file ../../../Engine/Plugins/Runtime/CableComponent/Binaries/Win64/UE4Editor-CableComponent.dll (API version 3944462).
LogModuleManager: Display: Found up-to-date module file ../../../Engine/Plugins/Runtime/CustomMeshComponent/Binaries/Win64/UE4Editor-CustomMeshComponent.dll (API version 3944462).
LogModuleManager: Display: Found up-to-date module file ../../../Engine/Plugins/Runtime/ExampleDeviceProfileSelector/Binaries/Win64/UE4Editor-ExampleDeviceProfileSelector.dll (API version 3944462).
LogModuleManager: Display: Found up-to-date module file ../../../Engine/Plugins/Runtime/ImmediatePhysics/Binaries/Win64/UE4Editor-ImmediatePhysics.dll (API version 3944462).
LogModuleManager: Display: Found up-to-date module file ../../../Engine/Plugins/Runtime/ImmediatePhysics/Binaries/Win64/UE4Editor-ImmediatePhysicsEditor.dll (API version 3944462).
LogModuleManager: Display: Found up-to-date module file ../../../Engine/Plugins/Runtime/LocationServicesBPLibrary/Binaries/Win64/UE4Editor-LocationServicesBPLibrary.dll (API version 3944462).
LogModuleManager: Display: Found up-to-date module file ../../../Engine/Plugins/Runtime/MobilePatchingUtils/Binaries/Win64/UE4Editor-MobilePatchingUtils.dll (API version 3944462).
LogModuleManager: Display: Found up-to-date module file ../../../Engine/Plugins/Runtime/Oculus/OculusVR/Binaries/Win64/UE4Editor-OculusHMD.dll (API version 3944462).
LogModuleManager: Display: Found up-to-date module file ../../../Engine/Plugins/Runtime/Oculus/OculusVR/Binaries/Win64/UE4Editor-OculusInput.dll (API version 3944462).
LogModuleManager: Display: Found up-to-date module file ../../../Engine/Plugins/Runtime/Oculus/OculusVR/Binaries/Win64/UE4Editor-OculusEditor.dll (API version 3944462).
LogModuleManager: Display: Found up-to-date module file ../../../Engine/Plugins/Runtime/PhysXVehicles/Binaries/Win64/UE4Editor-PhysXVehicles.dll (API version 3944462).
LogModuleManager: Display: Found up-to-date module file ../../../Engine/Plugins/Runtime/PhysXVehicles/Binaries/Win64/UE4Editor-PhysXVehiclesEditor.dll (API version 3944462).
LogModuleManager: Display: Found up-to-date module file ../../../Engine/Plugins/Runtime/ProceduralMeshComponent/Binaries/Win64/UE4Editor-ProceduralMeshComponent.dll (API version 3944462).
LogModuleManager: Display: Found up-to-date module file ../../../Engine/Plugins/Runtime/ProceduralMeshComponent/Binaries/Win64/UE4Editor-ProceduralMeshComponentEditor.dll (API version 3944462).
LogModuleManager: Display: Found up-to-date module file ../../../Engine/Plugins/Runtime/RuntimePhysXCooking/Binaries/Win64/UE4Editor-RuntimePhysXCooking.dll (API version 3944462).
LogModuleManager: Display: Found up-to-date module file ../../../Engine/Plugins/Runtime/Steam/SteamVR/Binaries/Win64/UE4Editor-SteamVR.dll (API version 3944462).
LogModuleManager: Display: Found up-to-date module file ../../../Engine/Plugins/Runtime/Steam/SteamVR/Binaries/Win64/UE4Editor-SteamVRController.dll (API version 3944462).
LogModuleManager: Display: Found up-to-date module file ../../../Engine/Plugins/Runtime/WindowsMoviePlayer/Binaries/Win64/UE4Editor-WindowsMoviePlayer.dll (API version 3944462).
LogInit: Using libcurl 7.47.1
LogInit:  - built for x86_64-pc-win32
LogInit:  - supports SSL with OpenSSL/1.0.2g
LogInit:  - supports HTTP deflate (compression) using libz 1.2.8
LogInit:  - other features:
LogInit:      CURL_VERSION_SSL
LogInit:      CURL_VERSION_LIBZ
LogInit:      CURL_VERSION_IPV6
LogInit:      CURL_VERSION_ASYNCHDNS
LogInit:      CURL_VERSION_LARGEFILE
LogInit:      CURL_VERSION_IDN
LogInit:  CurlRequestOptions (configurable via config and command line):
LogInit:  - bVerifyPeer = false  - Libcurl will NOT verify peer certificate
LogInit:  - bUseHttpProxy = false  - Libcurl will NOT use HTTP proxy
LogInit:  - bDontReuseConnections = false  - Libcurl will reuse connections
LogInit:  - CertBundlePath = nullptr  - Libcurl will use whatever was configured at build time.
LogInit:  - MaxHostConnections = 16  - Libcurl will limit the number of connections to a host
LogInit:  - LocalHostAddr = Default
LogInit: WinSock: version 1.1 (2.2), MaxSocks=32767, MaxUdp=65467
LogInit: WinSock: I am TU45377 (152.105.219.80:0)
LogInit: Build: ++UE4+Release-4.19-CL-4033788
LogInit: Engine Version: 4.19.2-4033788+++UE4+Release-4.19
LogInit: Compatible Engine Version: 4.19.0-3944462+++UE4+Release-4.19
LogInit: Net CL: 3944462
LogDevObjectVersion: Number of dev versions registered: 18
LogDevObjectVersion:   Dev-Blueprints (B0D832E4-1F89-4F0D-ACCF-7EB736FD4AA2): 10
LogDevObjectVersion:   Dev-Build (E1C64328-A22C-4D53-A36C-8E866417BD8C): 0
LogDevObjectVersion:   Dev-Core (375EC13C-06E4-48FB-B500-84F0262A717E): 2
LogDevObjectVersion:   Dev-Editor (E4B068ED-F494-42E9-A231-DA0B2E46BB41): 23
LogDevObjectVersion:   Dev-Framework (CFFC743F-43B0-4480-9391-14DF171D2073): 33
LogDevObjectVersion:   Dev-Mobile (B02B49B5-BB20-44E9-A304-32B752E40360): 2
LogDevObjectVersion:   Dev-Networking (A4E4105C-59A1-49B5-A7C5-40C4547EDFEE): 0
LogDevObjectVersion:   Dev-Online (39C831C9-5AE6-47DC-9A44-9C173E1C8E7C): 0
LogDevObjectVersion:   Dev-Physics (78F01B33-EBEA-4F98-B9B4-84EACCB95AA2): 0
LogDevObjectVersion:   Dev-Platform (6631380F-2D4D-43E0-8009-CF276956A95A): 0
LogDevObjectVersion:   Dev-Rendering (12F88B9F-8875-4AFC-A67C-D90C383ABD29): 25
LogDevObjectVersion:   Dev-Sequencer (7B5AE74C-D270-4C10-A958-57980B212A5A): 6
LogDevObjectVersion:   Dev-VR (D7296918-1DD6-4BDD-9DE2-64A83CC13884): 1
LogDevObjectVersion:   Dev-LoadTimes (C2A15278-BFE7-4AFE-6C17-90FF531DF755): 1
LogDevObjectVersion:   Private-Geometry (6EACA3D4-40EC-4CC1-B786-8BED09428FC5): 2
LogDevObjectVersion:   Dev-AnimPhys (29E575DD-E0A3-4627-9D10-D276232CDCEA): 16
LogDevObjectVersion:   Dev-ReflectionCapture (6B266CEC-1EC7-4B8F-A30B-E4D90942FC07): 1
LogDevObjectVersion:   Dev-Automation (0DF73D61-A23F-47EA-B727-89E90C41499A): 1
LogInit: Compiled (64-bit): Apr 27 2018 02:06:57
LogInit: Compiled with Visual C++: 19.00.24215.01
LogInit: Build Configuration: Development
LogInit: Branch Name: ++UE4+Release-4.19
LogInit: Command Line:  /Game/Woolf/Maps/InterationofSheepHeaven -game -PIEVIACONSOLE -ResX=1280 -ResY=720  -Multiprocess -messaging -SessionName="Play in Standalone Game" -windowed 
LogInit: Base Directory: C:/Program Files/Epic Games/UE_4.19/Engine/Binaries/Win64/
LogInit: Installed Engine Build: 1
LogStreaming: Display: Took  0.011s to delete old logs.
LogInit: Presizing for max 8388607 objects, including 0 objects not considered by GC, pre-allocating 0 bytes for permanent pool.
LogInit: Object subsystem initialized
[2019.11.12-10.31.42:945][  0]LogInit: Selected Device Profile: [Windows]
[2019.11.12-10.31.42:946][  0]LogInit: Applying CVar settings loaded from the selected device profile: [Windows]
[2019.11.12-10.31.42:951][  0]LogInit: Computer: TU45377
[2019.11.12-10.31.42:951][  0]LogInit: User: t7038904
[2019.11.12-10.31.42:951][  0]LogInit: CPU Page size=4096, Cores=6
[2019.11.12-10.31.42:951][  0]LogInit: High frequency timer resolution =10.000000 MHz
[2019.11.12-10.31.42:951][  0]LogMemory: Memory total: Physical=31.9GB (32GB approx)
[2019.11.12-10.31.42:951][  0]LogMemory: Platform Memory Stats for Windows
[2019.11.12-10.31.42:951][  0]LogMemory: Process Physical Memory: 277.76 MB used, 277.76 MB peak
[2019.11.12-10.31.42:951][  0]LogMemory: Process Virtual Memory: 275.93 MB used, 275.93 MB peak
[2019.11.12-10.31.42:951][  0]LogMemory: Physical Memory: 11083.55 MB used,  21600.62 MB free, 32684.17 MB total
[2019.11.12-10.31.42:951][  0]LogMemory: Virtual Memory: 4819.93 MB used,  21600.62 MB free, 134217728.00 MB total
[2019.11.12-10.31.42:972][  0]LogInit: Using OS detected language (en-GB).
[2019.11.12-10.31.42:972][  0]LogInit: Using OS detected locale (en-GB).
[2019.11.12-10.31.42:972][  0]LogTextLocalizationManager: No localization for 'en-GB' exists, so 'en' will be used for the language.
[2019.11.12-10.31.42:972][  0]LogTextLocalizationManager: No localization for 'en-GB' exists, so 'en' will be used for the locale.
[2019.11.12-10.31.43:374][  0]LogStreaming: Display: Took  0.402s to EndInitTextLocalization.
[2019.11.12-10.31.43:401][  0]LogSlate: New Slate User Created.  User Index 0, Is Virtual User: 0
[2019.11.12-10.31.43:401][  0]LogSlate: Slate User Registered.  User Index 0, Is Virtual User: 0
[2019.11.12-10.31.43:409][  0]LogD3D11RHI: D3D11 adapters:
[2019.11.12-10.31.43:464][  0]LogD3D11RHI:    0. 'NVIDIA GeForce GTX 980 Ti' (Feature Level 11_0)
[2019.11.12-10.31.43:464][  0]LogD3D11RHI:       6097/0/16342 MB DedicatedVideo/DedicatedSystem/SharedSystem, Outputs:2, VendorId:0x10de
[2019.11.12-10.31.43:467][  0]LogD3D11RHI:    1. 'Microsoft Basic Render Driver' (Feature Level 11_0)
[2019.11.12-10.31.43:467][  0]LogD3D11RHI:       0/0/16342 MB DedicatedVideo/DedicatedSystem/SharedSystem, Outputs:0, VendorId:0x1414
[2019.11.12-10.31.43:467][  0]LogD3D11RHI: Chosen D3D11 Adapter: 0
[2019.11.12-10.31.43:474][  0]LogD3D11RHI: Creating new Direct3DDevice
[2019.11.12-10.31.43:474][  0]LogD3D11RHI:     GPU DeviceId: 0x17c8 (for the marketing name, search the web for "GPU Device Id")
[2019.11.12-10.31.43:474][  0]LogWindows: EnumDisplayDevices:
[2019.11.12-10.31.43:474][  0]LogWindows:    0. 'NVIDIA GeForce GTX 980 Ti' (P:1 D:1)
[2019.11.12-10.31.43:475][  0]LogWindows:    1. 'NVIDIA GeForce GTX 980 Ti' (P:0 D:1)
[2019.11.12-10.31.43:475][  0]LogWindows:    2. 'NVIDIA GeForce GTX 980 Ti' (P:0 D:0)
[2019.11.12-10.31.43:476][  0]LogWindows:    3. 'NVIDIA GeForce GTX 980 Ti' (P:0 D:0)
[2019.11.12-10.31.43:476][  0]LogWindows: DebugString: GetVideoDriverDetailsInvalid PrimaryIsNotTheChoosenAdapter GetVideoDriverDetailsInvalid PrimaryIsNotTheChoosenAdapter GetVideoDriverDetailsInvalid PrimaryIsNotTheChoosenAdapter GetVideoDriverDetailsInvalid PrimaryIsNotTheChoosenAdapter FoundDriverCount:0 
[2019.11.12-10.31.43:476][  0]LogD3D11RHI:     Adapter Name: NVIDIA GeForce GTX 980 Ti
[2019.11.12-10.31.43:476][  0]LogD3D11RHI:   Driver Version: Unknown (internal:Unknown, unified:Unknown)
[2019.11.12-10.31.43:476][  0]LogD3D11RHI:      Driver Date: Unknown
[2019.11.12-10.31.43:476][  0]LogRHI: Texture pool is 4268 MB (70% of 6097 MB)
[2019.11.12-10.31.43:511][  0]LogD3D11RHI: [Aftermath] Aftermath enabled and primed
[2019.11.12-10.31.43:512][  0]LogD3D11RHI: [Aftermath] Aftermath enabled and primed
[2019.11.12-10.31.43:512][  0]LogD3D11RHI: Async texture creation enabled
[2019.11.12-10.31.43:529][  0]LogD3D11RHI: GPU Timing Frequency: 1000.000000 (Debug: 2 2)
[2019.11.12-10.31.43:618][  0]LogShaderCompilers: Guid format shader working directory is -14 characters bigger than the processId version (../../../../../../Users/t7038904/Source/BetaArcade/MasterBuild/Intermediate/Shaders/WorkingDirectory/12212/).
[2019.11.12-10.31.43:618][  0]LogShaderCompilers: Cleaned the shader compiler working directory 'C:/Users/t7038904/AppData/Local/Temp/UnrealShaderWorkingDir/A0FDF8964DDB88F5B41D52BD5429E189/'.
[2019.11.12-10.31.43:922][  0]LogTemp: Display: Loaded TP WindowsClientTargetPlatform
[2019.11.12-10.31.43:937][  0]LogTemp: Display: Loaded TP WindowsNoEditorTargetPlatform
[2019.11.12-10.31.43:952][  0]LogTemp: Display: Loaded TP WindowsServerTargetPlatform
[2019.11.12-10.31.43:968][  0]LogTemp: Display: Loaded TP WindowsTargetPlatform
[2019.11.12-10.31.43:968][  0]LogTargetPlatformManager: Display: Building Assets For Windows
[2019.11.12-10.31.44:146][  0]LogXGEController: Cannot use XGE Controller as Incredibuild is not installed on this machine.
[2019.11.12-10.31.44:146][  0]LogShaderCompilers: Cannot use XGE Shader Compiler as Incredibuild is not installed on this machine.
[2019.11.12-10.31.44:146][  0]LogShaderCompilers: Display: Using Local Shader Compiler.
[2019.11.12-10.31.45:139][  0]LogDerivedDataCache: Display: Max Cache Size: 512 MB
[2019.11.12-10.31.45:212][  0]LogDerivedDataCache: Loaded boot cache 0.07s 77MB C:/Users/t7038904/AppData/Local/UnrealEngine/4.19/DerivedDataCache/Boot.ddc.
[2019.11.12-10.31.45:212][  0]LogDerivedDataCache: Display: Loaded Boot cache: C:/Users/t7038904/AppData/Local/UnrealEngine/4.19/DerivedDataCache/Boot.ddc
[2019.11.12-10.31.45:212][  0]LogDerivedDataCache: FDerivedDataBackendGraph:  Pak pak cache file ../../../../../../Users/t7038904/Source/BetaArcade/MasterBuild/DerivedDataCache/DDC.ddp not found, will not use a pak cache.
[2019.11.12-10.31.45:212][  0]LogDerivedDataCache: Unable to find inner node Pak for hierarchical cache Hierarchy.
[2019.11.12-10.31.45:212][  0]LogDerivedDataCache: FDerivedDataBackendGraph:  CompressedPak pak cache file ../../../../../../Users/t7038904/Source/BetaArcade/MasterBuild/DerivedDataCache/Compressed.ddp not found, will not use a pak cache.
[2019.11.12-10.31.45:212][  0]LogDerivedDataCache: Unable to find inner node CompressedPak for hierarchical cache Hierarchy.
[2019.11.12-10.31.45:228][  0]LogDerivedDataCache: Display: Pak cache opened for reading ../../../Engine/DerivedDataCache/Compressed.ddp.
[2019.11.12-10.31.45:241][  0]LogDerivedDataCache: Using Local data cache path C:/Users/t7038904/AppData/Local/UnrealEngine/Common/DerivedDataCache: Writable
[2019.11.12-10.31.45:241][  0]LogDerivedDataCache: Shared data cache path not found in *engine.ini, will not use an Shared cache.
[2019.11.12-10.31.45:241][  0]LogDerivedDataCache: Unable to find inner node Shared for hierarchical cache Hierarchy.
[2019.11.12-10.31.45:252][  0]LogMaterial: Verifying Global Shaders for PCD3D_SM5
[2019.11.12-10.31.45:252][  0]LogSlate: Using Freetype 2.6.0
[2019.11.12-10.31.45:254][  0]LogSlate: SlateFontCache - WITH_FREETYPE: 1, WITH_HARFBUZZ: 1
[2019.11.12-10.31.45:254][  0]LogSlate: SlateFontCache - WITH_FREETYPE: 1, WITH_HARFBUZZ: 1
[2019.11.12-10.31.45:442][  0]LogAssetRegistry: FAssetRegistry took 0.0047 seconds to start up
[2019.11.12-10.31.45:643][  0]LogPackageLocalizationCache: Processed 9 localized package path(s) for 1 prioritized culture(s) in 0.007723 seconds
[2019.11.12-10.31.45:781][  0]LogInit: Selected Device Profile: [Windows]
[2019.11.12-10.31.45:941][  0]LogSimplygon: Simplygon DLL not present - disabling.
[2019.11.12-10.31.45:945][  0]LogMeshReduction: Using SimplygonSwarm for distributed automatic mesh merging
[2019.11.12-10.31.45:945][  0]LogMeshReduction: Using QuadricMeshReduction for automatic static mesh reduction
[2019.11.12-10.31.45:945][  0]LogMeshReduction: No automatic skeletal mesh reduction module available
[2019.11.12-10.31.45:945][  0]LogMeshReduction: No automatic mesh merging module available
[2019.11.12-10.31.45:945][  0]LogMeshMerging: No automatic mesh merging module available
[2019.11.12-10.31.45:991][  0]LogNetVersion: MasterBuild , NetCL: 3944462, EngineNetVer: 2, GameNetVer: 0 (Checksum: 2426174287)
[2019.11.12-10.31.46:683][  0]LogMoviePlayer: Initializing movie player
[2019.11.12-10.31.47:112][  0]LogTcpMessaging: Initializing TcpMessaging bridge
[2019.11.12-10.31.47:158][  0]LogUdpMessaging: Initializing bridge on interface 0.0.0.0:0 to multicast group 230.0.0.1:6666.
[2019.11.12-10.31.48:002][  0]LogStats: FPlatformStackWalk::StackWalkAndDump -  0.498 s
[2019.11.12-10.31.48:002][  0]LogOutputDevice: Error: === Handled ensure: ===
[2019.11.12-10.31.48:002][  0]LogOutputDevice: Error: 
[2019.11.12-10.31.48:002][  0]LogOutputDevice: Error: Ensure condition failed: AttachmentRules.LocationRule == EAttachmentRule::KeepRelative && AttachmentRules.RotationRule == EAttachmentRule::KeepRelative && AttachmentRules.ScaleRule == EAttachmentRule::KeepRelative [File:D:\Build\++UE4+Release-4.19+Compile\Sync\Engine\Source\Runtime\Engine\Private\Components\SceneComponent.cpp] [Line: 1678]
[2019.11.12-10.31.48:002][  0]LogOutputDevice: Error: AttachToComponent when called from a constructor is only setting up attachment and will always be treated as KeepRelative. Consider calling SetupAttachment directly instead.
[2019.11.12-10.31.48:002][  0]LogOutputDevice: Error: Stack: 
[2019.11.12-10.31.48:002][  0]LogOutputDevice: Error: [Callstack] 0x0000000002ADB706 UE4Editor-Core.dll!UnknownFunction []
[2019.11.12-10.31.48:002][  0]LogOutputDevice: Error: [Callstack] 0x000000000283AE3A UE4Editor-Core.dll!UnknownFunction []
[2019.11.12-10.31.48:002][  0]LogOutputDevice: Error: [Callstack] 0x000000000284ECD6 UE4Editor-Core.dll!UnknownFunction []
[2019.11.12-10.31.48:002][  0]LogOutputDevice: Error: [Callstack] 0x00000000FDAFE0F8 UE4Editor-Engine.dll!UnknownFunction []
[2019.11.12-10.31.48:002][  0]LogOutputDevice: Error: [Callstack] 0x0000000042B7B1A3 UE4Editor-MasterBuild-2511.dll!AChar_Wolf::AChar_Wolf() [c:\users\t7038904\source\betaarcade\masterbuild\source\masterbuild\player\char_wolf.cpp:13]
[2019.11.12-10.31.48:002][  0]LogOutputDevice: Error: [Callstack] 0x00000000030F54F8 UE4Editor-CoreUObject.dll!UnknownFunction []
[2019.11.12-10.31.48:002][  0]LogOutputDevice: Error: [Callstack] 0x0000000003387D30 UE4Editor-CoreUObject.dll!UnknownFunction []
[2019.11.12-10.31.48:002][  0]LogOutputDevice: Error: [Callstack] 0x00000000033694A2 UE4Editor-CoreUObject.dll!UnknownFunction []
[2019.11.12-10.31.48:002][  0]LogOutputDevice: Error: [Callstack] 0x00000000030FA7F7 UE4Editor-CoreUObject.dll!UnknownFunction []
[2019.11.12-10.31.48:002][  0]LogOutputDevice: Error: [Callstack] 0x00000000026E4190 UE4Editor-Core.dll!UnknownFunction []
[2019.11.12-10.31.48:002][  0]LogOutputDevice: Error: [Callstack] 0x00000000028F5E91 UE4Editor-Core.dll!UnknownFunction []
[2019.11.12-10.31.48:002][  0]LogOutputDevice: Error: [Callstack] 0x000000003CBAFC7A UE4Editor-Projects.dll!UnknownFunction []
[2019.11.12-10.31.48:002][  0]LogOutputDevice: Error: [Callstack] 0x000000003CBAFFC2 UE4Editor-Projects.dll!UnknownFunction []
[2019.11.12-10.31.48:002][  0]LogOutputDevice: Error: [Callstack] 0x00000000D3C39731 UE4Editor.exe!UnknownFunction []
[2019.11.12-10.31.48:002][  0]LogOutputDevice: Error: [Callstack] 0x00000000D3C3DD83 UE4Editor.exe!UnknownFunction []
[2019.11.12-10.31.48:002][  0]LogOutputDevice: Error: [Callstack] 0x00000000D3C369FA UE4Editor.exe!UnknownFunction []
[2019.11.12-10.31.48:002][  0]LogOutputDevice: Error: [Callstack] 0x00000000D3C36C4A UE4Editor.exe!UnknownFunction []
[2019.11.12-10.31.48:002][  0]LogOutputDevice: Error: [Callstack] 0x00000000D3C44177 UE4Editor.exe!UnknownFunction []
[2019.11.12-10.31.48:002][  0]LogOutputDevice: Error: [Callstack] 0x00000000D3C45B87 UE4Editor.exe!UnknownFunction []
[2019.11.12-10.31.48:002][  0]LogOutputDevice: Error: [Callstack] 0x000000005B197974 KERNEL32.DLL!UnknownFunction []
[2019.11.12-10.31.48:002][  0]LogOutputDevice: Error: [Callstack] 0x000000005B2DA271 ntdll.dll!UnknownFunction []
[2019.11.12-10.31.48:002][  0]LogOutputDevice: Error: 
[2019.11.12-10.31.48:006][  0]LogStats:                SubmitErrorReport -  0.000 s
[2019.11.12-10.31.48:760][  0]LogStats:                    SendNewReport -  0.755 s
[2019.11.12-10.31.48:760][  0]LogStats:             FDebug::EnsureFailed -  1.256 s
[2019.11.12-10.31.48:768][  0]LogUObjectGlobals: Created PersistentFrame Addr=0x0000014d768a2c80, Size=64, Default__ThirdPerson_AnimBP_C Function /Game/Mannequin/Animations/ThirdPerson_AnimBP.ThirdPerson_AnimBP_C:ExecuteUbergraph_ThirdPerson_AnimBP
[2019.11.12-10.31.48:805][  0]LogUObjectGlobals: Destroyed PersistentFrame Addr=0x0000014d768a2c80, Size=64
[2019.11.12-10.31.48:805][  0]LogUObjectGlobals: Created PersistentFrame Addr=0x0000014d769e6640, Size=64, Default__ThirdPerson_AnimBP_C Function /Engine/Transient.REINST_ThirdPerson_AnimBP_C_0:ExecuteUbergraph_ThirdPerson_AnimBP
[2019.11.12-10.31.48:812][  0]LogUObjectGlobals: Created PersistentFrame Addr=0x0000014d775a2340, Size=72, Default__ThirdPerson_AnimBP_C Function /Game/Mannequin/Animations/ThirdPerson_AnimBP.ThirdPerson_AnimBP_C:ExecuteUbergraph_ThirdPerson_AnimBP
[2019.11.12-10.31.48:882][  0]LogSkeletalMesh: Skeletal Mesh found in DDC [2.017000ms] /Game/Mannequin/Character/Mesh/SK_Mannequin.SK_Mannequin
[2019.11.12-10.31.48:965][  0]SourceControl: Source control is disabled
[2019.11.12-10.31.48:965][  0]SourceControl: Source control is disabled
[2019.11.12-10.31.48:999][  0]SourceControl: Source control is disabled
[2019.11.12-10.31.49:573][  0]LogAndroidPermission: UAndroidPermissionCallbackProxy::GetInstance
[2019.11.12-10.31.49:886][  0]LogOcInput: OculusInput pre-init called
[2019.11.12-10.31.49:956][  0]LogUObjectArray: 41209 objects as part of root set at end of initial load.
[2019.11.12-10.31.49:956][  0]LogUObjectAllocator: 8844080 out of 0 bytes used by permanent object pool.
[2019.11.12-10.31.49:956][  0]LogUObjectArray: CloseDisregardForGC: 0/0 objects in disregard for GC pool
[2019.11.12-10.31.50:010][  0]LogEngine: Initializing Engine...
[2019.11.12-10.31.50:012][  0]LogHMD: Failed to initialize OpenVR with code 110
[2019.11.12-10.31.50:025][  0]LogStats: UGameplayTagsManager::ConstructGameplayTagTree: Construct from data asset -  0.000 s
[2019.11.12-10.31.50:025][  0]LogStats: UGameplayTagsManager::ConstructGameplayTagTree: GameplayTagTreeChangedEvent.Broadcast -  0.000 s
[2019.11.12-10.31.50:243][  0]LogInit: XAudio2 using 'Speakers (Realtek High Definition Audio)' : 2 channels at 48 kHz using 32 bits per sample (channel mask 0x3)
[2019.11.12-10.31.50:308][  0]LogInit: FAudioDevice initialized.
[2019.11.12-10.31.50:333][  0]LogInit: Texture streaming: Enabled
[2019.11.12-10.31.50:461][  0]LogUObjectGlobals: Created PersistentFrame Addr=0x0000014d7a9d3a00, Size=688, Default__GameInfoInstance_BP_C Function /Game/Woolf/Blueprints/GameInfoInstance_BP.GameInfoInstance_BP_C:ExecuteUbergraph_GameInfoInstance_BP
[2019.11.12-10.31.50:464][  0]LogUObjectGlobals: Created PersistentFrame Addr=0x0000014d7aa36900, Size=32, Default__W_MainMenu_C Function /Game/Woolf/UI/W_MainMenu.W_MainMenu_C:ExecuteUbergraph_W_MainMenu
[2019.11.12-10.31.50:469][  0]LogUObjectGlobals: Created PersistentFrame Addr=0x0000014d67048b80, Size=64, Default__W_HostMenu_C Function /Game/Woolf/UI/W_HostMenu.W_HostMenu_C:ExecuteUbergraph_W_HostMenu
[2019.11.12-10.31.50:473][  0]LogUObjectGlobals: Created PersistentFrame Addr=0x0000014d7b6c2340, Size=160, Default__W_JoinMenu_C Function /Game/Woolf/UI/W_JoinMenu.W_JoinMenu_C:ExecuteUbergraph_W_JoinMenu
[2019.11.12-10.31.50:490][  0]LogUObjectGlobals: Destroyed PersistentFrame Addr=0x0000014d7a9d3a00, Size=688
[2019.11.12-10.31.50:490][  0]LogUObjectGlobals: Created PersistentFrame Addr=0x0000014d7b63c700, Size=688, Default__GameInfoInstance_BP_C Function /Engine/Transient.REINST_GameInfoInstance_BP_C_4:ExecuteUbergraph_GameInfoInstance_BP
[2019.11.12-10.31.50:490][  0]LogUObjectGlobals: Destroyed PersistentFrame Addr=0x0000014d67048b80, Size=64
[2019.11.12-10.31.50:490][  0]LogUObjectGlobals: Created PersistentFrame Addr=0x0000014d7b5db640, Size=64, Default__W_HostMenu_C Function /Engine/Transient.REINST_W_HostMenu_C_0:ExecuteUbergraph_W_HostMenu
[2019.11.12-10.31.50:491][  0]LogUObjectGlobals: Destroyed PersistentFrame Addr=0x0000014d7b6c2340, Size=160
[2019.11.12-10.31.50:491][  0]LogUObjectGlobals: Created PersistentFrame Addr=0x0000014d7b5d5260, Size=160, Default__W_JoinMenu_C Function /Engine/Transient.REINST_W_JoinMenu_C_1:ExecuteUbergraph_W_JoinMenu
[2019.11.12-10.31.50:491][  0]LogUObjectGlobals: Destroyed PersistentFrame Addr=0x0000014d7aa36900, Size=32
[2019.11.12-10.31.50:491][  0]LogUObjectGlobals: Created PersistentFrame Addr=0x0000014d7b6642c0, Size=32, Default__W_MainMenu_C Function /Engine/Transient.REINST_W_MainMenu_C_2:ExecuteUbergraph_W_MainMenu
[2019.11.12-10.31.50:504][  0]LogUObjectGlobals: Created PersistentFrame Addr=0x0000014d7a9d2e00, Size=672, Default__GameInfoInstance_BP_C Function /Game/Woolf/Blueprints/GameInfoInstance_BP.GameInfoInstance_BP_C:ExecuteUbergraph_GameInfoInstance_BP
[2019.11.12-10.31.50:506][  0]LogUObjectGlobals: Created PersistentFrame Addr=0x0000014d7b560240, Size=64, Default__W_HostMenu_C Function /Game/Woolf/UI/W_HostMenu.W_HostMenu_C:ExecuteUbergraph_W_HostMenu
[2019.11.12-10.31.50:507][  0]LogUObjectGlobals: Created PersistentFrame Addr=0x0000014d7b4f8b80, Size=160, Default__W_JoinMenu_C Function /Game/Woolf/UI/W_JoinMenu.W_JoinMenu_C:ExecuteUbergraph_W_JoinMenu
[2019.11.12-10.31.50:508][  0]LogUObjectGlobals: Created PersistentFrame Addr=0x0000014d7b4f1fc0, Size=32, Default__W_MainMenu_C Function /Game/Woolf/UI/W_MainMenu.W_MainMenu_C:ExecuteUbergraph_W_MainMenu
[2019.11.12-10.31.50:520][  0]LogInit: Display: Game Engine Initialized.
[2019.11.12-10.31.50:520][  0]LogGameplayTags: Display: UGameplayTagsManager::DoneAddingNativeTags. DelegateIsBound: 0
[2019.11.12-10.31.50:520][  0]LogStats: UGameplayTagsManager::ConstructGameplayTagTree: Construct from data asset -  0.000 s
[2019.11.12-10.31.50:520][  0]LogStats: UGameplayTagsManager::ConstructGameplayTagTree: GameplayTagTreeChangedEvent.Broadcast -  0.000 s
[2019.11.12-10.31.50:711][  0]LogInit: Display: Starting Game.
[2019.11.12-10.31.50:711][  0]LogNet: Browse: /Game/Woolf/Maps/InterationofSheepHeaven?Name=Player
[2019.11.12-10.31.50:711][  0]LogLoad: LoadMap: /Game/Woolf/Maps/InterationofSheepHeaven?Name=Player
[2019.11.12-10.31.50:721][  0]LogUObjectGlobals: Destroyed PersistentFrame Addr=0x0000014d769e6640, Size=64
[2019.11.12-10.31.50:721][  0]LogUObjectGlobals: Destroyed PersistentFrame Addr=0x0000014d7b63c700, Size=688
[2019.11.12-10.31.50:721][  0]LogUObjectGlobals: Destroyed PersistentFrame Addr=0x0000014d7b6642c0, Size=32
[2019.11.12-10.31.50:721][  0]LogUObjectGlobals: Destroyed PersistentFrame Addr=0x0000014d7b5db640, Size=64
[2019.11.12-10.31.50:721][  0]LogUObjectGlobals: Destroyed PersistentFrame Addr=0x0000014d7b5d5260, Size=160
[2019.11.12-10.31.50:725][  0]LogUObjectGlobals: Created PersistentFrame Addr=0x0000014d7b44d300, Size=144, Default__InterationofSheepHeaven_C Function /Game/Woolf/Maps/InterationofSheepHeaven.InterationofSheepHeaven_C:ExecuteUbergraph_InterationofSheepHeaven
[2019.11.12-10.31.50:794][  0]LogUObjectGlobals: Destroyed PersistentFrame Addr=0x0000014d7b44d300, Size=144
[2019.11.12-10.31.50:794][  0]LogUObjectGlobals: Created PersistentFrame Addr=0x0000014d7b6c02c0, Size=144, Default__InterationofSheepHeaven_C Function /Engine/Transient.REINST_InterationofSheepHeaven_C_13:ExecuteUbergraph_InterationofSheepHeaven
[2019.11.12-10.31.50:796][  0]LogUObjectGlobals: Created PersistentFrame Addr=0x0000014d7b5c7560, Size=144, Default__InterationofSheepHeaven_C Function /Game/Woolf/Maps/InterationofSheepHeaven.InterationofSheepHeaven_C:ExecuteUbergraph_InterationofSheepHeaven
[2019.11.12-10.31.50:861][  0]LogAIModule: Creating AISystem for world InterationofSheepHeaven
[2019.11.12-10.31.50:864][  0]LogUObjectGlobals: Created PersistentFrame Addr=0x0000014d7b28db18, Size=8, Default__Wolfy_BP_C Function /Game/Woolf/Blueprints/Player/Wolfy_BP.Wolfy_BP_C:ExecuteUbergraph_Wolfy_BP
[2019.11.12-10.31.50:870][  0]LogUObjectGlobals: Destroyed PersistentFrame Addr=0x0000014d7b28db18, Size=8
[2019.11.12-10.31.50:870][  0]LogUObjectGlobals: Created PersistentFrame Addr=0x0000014d7b28db18, Size=8, Default__Wolfy_BP_C Function /Engine/Transient.REINST_Wolfy_BP_C_16:ExecuteUbergraph_Wolfy_BP
[2019.11.12-10.31.50:872][  0]LogUObjectGlobals: Created PersistentFrame Addr=0x0000014d7b28d910, Size=8, Default__Wolfy_BP_C Function /Game/Woolf/Blueprints/Player/Wolfy_BP.Wolfy_BP_C:ExecuteUbergraph_Wolfy_BP
[2019.11.12-10.31.50:880][  0]LogLoad: Game class is 'WolfGameMode_BP_C'
[2019.11.12-10.31.50:883][  0]LogWorld: Bringing World /Game/Woolf/Maps/InterationofSheepHeaven.InterationofSheepHeaven up for play (max tick rate 0) at 2019.11.12-10.31.50
[2019.11.12-10.31.50:883][  0]LogWorld: Bringing up level for play took: 0.002761
[2019.11.12-10.31.50:960][  0]LogStats: FPlatformStackWalk::StackWalkAndDump -  0.071 s
[2019.11.12-10.31.50:961][  0]LogOutputDevice: Error: === Handled ensure: ===
[2019.11.12-10.31.50:961][  0]LogOutputDevice: Error: 
[2019.11.12-10.31.50:961][  0]LogOutputDevice: Error: Ensure condition failed: InvocationList[ CurFunctionIndex ] != InDelegate [File:C:\Program Files\Epic Games\UE_4.19\Engine\Source\Runtime\Core\Public\UObject/ScriptDelegates.h] [Line: 509]
[2019.11.12-10.31.50:961][  0]LogOutputDevice: Error: 
[2019.11.12-10.31.50:961][  0]LogOutputDevice: Error: Stack: 
[2019.11.12-10.31.50:961][  0]LogOutputDevice: Error: [Callstack] 0x0000000002ADB706 UE4Editor-Core.dll!UnknownFunction []
[2019.11.12-10.31.50:961][  0]LogOutputDevice: Error: [Callstack] 0x000000000283AE3A UE4Editor-Core.dll!UnknownFunction []
[2019.11.12-10.31.50:961][  0]LogOutputDevice: Error: [Callstack] 0x000000000284ECD6 UE4Editor-Core.dll!UnknownFunction []
[2019.11.12-10.31.50:961][  0]LogOutputDevice: Error: [Callstack] 0x0000000042B79B21 UE4Editor-MasterBuild-2511.dll!TMulticastScriptDelegate<FWeakObjectPtr>::AddInternal() [c:\program files\epic games\ue_4.19\engine\source\runtime\core\public\uobject\scriptdelegates.h:509]
[2019.11.12-10.31.50:961][  0]LogOutputDevice: Error: [Callstack] 0x0000000042B7ACEF UE4Editor-MasterBuild-2511.dll!TBaseDynamicMulticastDelegate<FWeakObjectPtr,void,UPrimitiveComponent * __ptr64,AActor * __ptr64,UPrimitiveComponent * __ptr64,int,bool,FHitResult const & __ptr64>::__Internal_AddDynamic<AChar_Wolf>() [c:\program files\epic games\ue_4.19\engine\source\runtime\core\public\delegates\delegatesignatureimpl.inl:1141]
[2019.11.12-10.31.50:961][  0]LogOutputDevice: Error: [Callstack] 0x0000000042B7BC08 UE4Editor-MasterBuild-2511.dll!AChar_Wolf::SetupOverlapEvents() [c:\users\t7038904\source\betaarcade\masterbuild\source\masterbuild\player\char_wolf.cpp:116]
[2019.11.12-10.31.50:961][  0]LogOutputDevice: Error: [Callstack] 0x00000000FD5C72FB UE4Editor-Engine.dll!UnknownFunction []
[2019.11.12-10.31.50:961][  0]LogOutputDevice: Error: [Callstack] 0x00000000FE87AE33 UE4Editor-Engine.dll!UnknownFunction []
[2019.11.12-10.31.50:961][  0]LogOutputDevice: Error: [Callstack] 0x00000000FDD3F731 UE4Editor-Engine.dll!UnknownFunction []
[2019.11.12-10.31.50:961][  0]LogOutputDevice: Error: [Callstack] 0x00000000FE86414E UE4Editor-Engine.dll!UnknownFunction []
[2019.11.12-10.31.50:961][  0]LogOutputDevice: Error: [Callstack] 0x00000000FE78A5BF UE4Editor-Engine.dll!UnknownFunction []
[2019.11.12-10.31.50:961][  0]LogOutputDevice: Error: [Callstack] 0x00000000FE73C788 UE4Editor-Engine.dll!UnknownFunction []
[2019.11.12-10.31.50:961][  0]LogOutputDevice: Error: [Callstack] 0x00000000FDD63593 UE4Editor-Engine.dll!UnknownFunction []
[2019.11.12-10.31.50:961][  0]LogOutputDevice: Error: [Callstack] 0x00000000D3C22A7E UE4Editor.exe!UnknownFunction []
[2019.11.12-10.31.50:961][  0]LogOutputDevice: Error: [Callstack] 0x00000000D3C36ACD UE4Editor.exe!UnknownFunction []
[2019.11.12-10.31.50:961][  0]LogOutputDevice: Error: [Callstack] 0x00000000D3C36C4A UE4Editor.exe!UnknownFunction []
[2019.11.12-10.31.50:961][  0]LogOutputDevice: Error: [Callstack] 0x00000000D3C44177 UE4Editor.exe!UnknownFunction []
[2019.11.12-10.31.50:961][  0]LogOutputDevice: Error: [Callstack] 0x00000000D3C45B87 UE4Editor.exe!UnknownFunction []
[2019.11.12-10.31.50:961][  0]LogOutputDevice: Error: [Callstack] 0x000000005B197974 KERNEL32.DLL!UnknownFunction []
[2019.11.12-10.31.50:961][  0]LogOutputDevice: Error: [Callstack] 0x000000005B2DA271 ntdll.dll!UnknownFunction []
[2019.11.12-10.31.50:961][  0]LogOutputDevice: Error: 
[2019.11.12-10.31.50:964][  0]LogStats:                SubmitErrorReport -  0.000 s
[2019.11.12-10.31.51:793][  0]LogStats:                    SendNewReport -  0.830 s
[2019.11.12-10.31.51:793][  0]LogStats:             FDebug::EnsureFailed -  0.904 s
[2019.11.12-10.31.51:793][  0]LogLoad: Took 1.081980 seconds to LoadMap(/Game/Woolf/Maps/InterationofSheepHeaven)
[2019.11.12-10.31.51:864][  0]LogLoad: (Engine Initialization) Total time: 13.92 seconds
[2019.11.12-10.31.51:864][  0]LogLoad: (Engine Initialization) Total Blueprint compile time: 0.00 seconds
[2019.11.12-10.31.51:891][  0]LogRenderer: Reallocating scene render targets to support 1280x720 Format 10 NumSamples 1 (Frame:1).
[2019.11.12-10.31.51:931][  0]LogContentStreaming: Texture pool size now 1000 MB
[2019.11.12-10.32.24:172][997]LogTemp: Warning: Attack
[2019.11.12-10.32.25:140][ 57]LogTemp: Warning: Attack
[2019.11.12-10.32.25:494][ 79]LogTemp: Warning: Attack
[2019.11.12-10.32.25:866][102]LogTemp: Warning: Attack
[2019.11.12-10.32.26:043][113]LogTemp: Warning: Attack
[2019.11.12-10.32.26:220][124]LogTemp: Warning: Attack
[2019.11.12-10.32.26:381][134]LogTemp: Warning: Attack
[2019.11.12-10.32.26:559][145]LogTemp: Warning: Attack
[2019.11.12-10.32.26:720][155]LogTemp: Warning: Attack
[2019.11.12-10.32.26:914][167]LogTemp: Warning: Attack
[2019.11.12-10.32.27:091][178]LogTemp: Warning: Attack
[2019.11.12-10.32.27:284][190]LogTemp: Warning: Attack
[2019.11.12-10.32.27:623][211]LogTemp: Warning: Attack
[2019.11.12-10.32.28:042][237]LogTemp: Warning: Attack
[2019.11.12-10.32.28:317][254]LogTemp: Warning: Attack
[2019.11.12-10.32.28:591][271]LogTemp: Warning: Attack
[2019.11.12-10.32.29:043][299]LogTemp: Warning: Attack
[2019.11.12-10.32.29:446][324]LogTemp: Warning: Attack
[2019.11.12-10.32.30:059][362]LogTemp: Warning: Attack
[2019.11.12-10.32.30:801][408]LogTemp: Warning: Attack
[2019.11.12-10.32.31:510][452]LogTemp: Warning: Attack
[2019.11.12-10.32.31:866][474]LogTemp: Warning: Attack
[2019.11.12-10.32.32:091][488]LogTemp: Warning: Attack
[2019.11.12-10.32.44:801][276]LogTemp: Warning: Attack
[2019.11.12-10.32.45:043][291]LogTemp: Warning: Attack
[2019.11.12-10.32.45:285][306]LogTemp: Warning: Attack
[2019.11.12-10.32.45:510][320]LogTemp: Warning: Attack
[2019.11.12-10.32.47:414][438]LogTemp: Warning: Attack
[2019.11.12-10.32.47:656][453]LogTemp: Warning: Attack
[2019.11.12-10.32.47:898][468]LogTemp: Warning: Attack
[2019.11.12-10.32.49:382][560]LogTemp: Warning: Attack
[2019.11.12-10.32.50:060][602]LogTemp: Warning: Attack
[2019.11.12-10.32.50:333][619]LogTemp: Warning: Attack
[2019.11.12-10.32.50:576][634]LogTemp: Warning: Attack
[2019.11.12-10.32.51:027][662]LogTemp: Warning: Attack
[2019.11.12-10.32.51:350][682]LogTemp: Warning: Attack
[2019.11.12-10.32.51:575][696]LogTemp: Warning: Attack
[2019.11.12-10.32.53:048][787]LogUObjectGlobals: Destroyed PersistentFrame Addr=0x0000014d7b6c02c0, Size=144
[2019.11.12-10.32.53:048][787]LogUObjectGlobals: Destroyed PersistentFrame Addr=0x0000014d7b28db18, Size=8
[2019.11.12-10.32.53:983][845]LogTemp: Warning: Attack
[2019.11.12-10.32.54:418][872]LogTemp: Warning: Attack
[2019.11.12-10.32.56:143][979]LogTemp: Warning: Attack
[2019.11.12-10.32.57:869][ 86]LogTemp: Warning: Attack
[2019.11.12-10.33.00:628][257]LogTemp: Warning: Attack
[2019.11.12-10.33.03:579][440]LogTemp: Warning: Attack
[2019.11.12-10.33.04:338][487]LogTemp: Warning: Attack
[2019.11.12-10.33.04:564][501]LogTemp: Warning: Attack
[2019.11.12-10.33.04:773][514]LogTemp: Warning: Attack
[2019.11.12-10.33.05:127][536]LogTemp: Warning: Attack
[2019.11.12-10.33.07:402][677]LogTemp: Warning: Attack
[2019.11.12-10.33.07:708][696]LogTemp: Warning: Attack
[2019.11.12-10.33.07:918][709]LogTemp: Warning: Attack
[2019.11.12-10.33.09:612][814]LogTemp: Warning: Attack
