Log file open, 10/07/19 15:07:58
LogWindows: Failed to load 'aqProf.dll' (GetLastError=126)
LogWindows: File 'aqProf.dll' does not exist
LogWindows: Failed to load 'VtuneApi.dll' (GetLastError=126)
LogWindows: File 'VtuneApi.dll' does not exist
LogWindows: Failed to load 'VtuneApi32e.dll' (GetLastError=126)
LogWindows: File 'VtuneApi32e.dll' does not exist
LogInit: Display: Running engine for game: MasterBuild
LogPlatformFile: Not using cached read wrapper
LogInit: Display: RandInit(-2040623219) SRandInit(-2040623219).
LogInit: Read version file with build ID '3944462'
LogInit: Overriding engine version to CL 4033788, compatible CL 3944462
LogInit: Registered custom module enumerator with build ID '3944462'
LogTaskGraph: Started task graph with 5 named threads and 23 total threads with 3 sets of task threads.
LogStats: Stats thread started at 2.462266
LogD3D11RHI: Aftermath initialized
LogICUInternationalization: Display: ICU TimeZone Detection - Raw Offset: +0:00, Platform Override: ''
LogPluginManager: Mounting plugin Paper2D
LogPluginManager: Mounting plugin LiveLink
LogPluginManager: Mounting plugin LightPropagationVolume
LogPluginManager: Mounting plugin CLionSourceCodeAccess
LogPluginManager: Mounting plugin CodeLiteSourceCodeAccess
LogPluginManager: Mounting plugin GitSourceControl
LogPluginManager: Mounting plugin KDevelopSourceCodeAccess
LogPluginManager: Mounting plugin NullSourceCodeAccess
LogPluginManager: Mounting plugin PerforceSourceControl
LogPluginManager: Mounting plugin SubversionSourceControl
LogPluginManager: Mounting plugin UObjectPlugin
LogPluginManager: Mounting plugin VisualStudioCodeSourceCodeAccess
LogPluginManager: Mounting plugin VisualStudioSourceCodeAccess
LogPluginManager: Mounting plugin XCodeSourceCodeAccess
LogPluginManager: Mounting plugin AssetManagerEditor
LogPluginManager: Mounting plugin CryptoKeys
LogPluginManager: Mounting plugin DataValidation
LogPluginManager: Mounting plugin FacialAnimation
LogPluginManager: Mounting plugin GameplayTagsEditor
LogPluginManager: Mounting plugin MobileLauncherProfileWizard
LogPluginManager: Mounting plugin PluginBrowser
LogPluginManager: Mounting plugin SpeedTreeImporter
LogPluginManager: Mounting plugin DatasmithContent
LogPluginManager: Mounting plugin AlembicImporter
LogPluginManager: Mounting plugin CharacterAI
LogPluginManager: Mounting plugin HTML5Networking
LogPluginManager: Mounting plugin AndroidMedia
LogPluginManager: Mounting plugin AvfMedia
LogPluginManager: Mounting plugin ImgMedia
LogPluginManager: Mounting plugin LinearTimecode
LogPluginManager: Mounting plugin MediaCompositing
LogPluginManager: Mounting plugin MediaPlayerEditor
LogPluginManager: Mounting plugin WmfMedia
LogPluginManager: Mounting plugin TcpMessaging
LogPluginManager: Mounting plugin UdpMessaging
LogPluginManager: Mounting plugin ActorSequence
LogPluginManager: Mounting plugin LevelSequenceEditor
LogPluginManager: Mounting plugin MatineeToLevelSequence
LogPluginManager: Mounting plugin NetcodeUnitTest
LogPluginManager: Mounting plugin NUTUnrealEngine4
LogPluginManager: Mounting plugin OnlineSubsystemGooglePlay
LogPluginManager: Mounting plugin OnlineSubsystemIOS
LogPluginManager: Mounting plugin OnlineSubsystem
LogPluginManager: Mounting plugin OnlineSubsystemNull
LogPluginManager: Mounting plugin OnlineSubsystemUtils
LogPluginManager: Mounting plugin AndroidDeviceProfileSelector
LogPluginManager: Mounting plugin AndroidMoviePlayer
LogPluginManager: Mounting plugin AndroidPermission
LogPluginManager: Mounting plugin AppleARKit
LogPluginManager: Mounting plugin AppleMoviePlayer
LogPluginManager: Mounting plugin ArchVisCharacter
LogPluginManager: Mounting plugin AudioCapture
LogPluginManager: Mounting plugin CableComponent
LogPluginManager: Mounting plugin CustomMeshComponent
LogPluginManager: Mounting plugin ExampleDeviceProfileSelector
LogPluginManager: Mounting plugin GoogleCloudMessaging
LogPluginManager: Mounting plugin ImmediatePhysics
LogPluginManager: Mounting plugin IOSDeviceProfileSelector
LogPluginManager: Mounting plugin LinuxDeviceProfileSelector
LogPluginManager: Mounting plugin LocationServicesBPLibrary
LogPluginManager: Mounting plugin MobilePatchingUtils
LogPluginManager: Mounting plugin OculusVR
LogPluginManager: Plugin shader directory ../../../Engine/Plugins/Runtime/Oculus/OculusVR/Shaders found
LogPluginManager: Mapping shader source directory ../../../Engine/Plugins/Runtime/Oculus/OculusVR/Shaders to virtual directory /Plugin/OculusVR
LogPluginManager: Mounting plugin PhysXVehicles
LogPluginManager: Mounting plugin ProceduralMeshComponent
LogPluginManager: Mounting plugin RuntimePhysXCooking
LogPluginManager: Mounting plugin SteamVR
LogPluginManager: Mounting plugin WindowsMoviePlayer
LogStreaming: Display: Took  0.143s to configure plugins.
LogModuleManager: Display: Found up-to-date module file ../../../../../Documents/BetaArcade/MasterBuild/Binaries/Win64/UE4Editor-MasterBuild.dll (API version 3944462).
LogModuleManager: Display: Found up-to-date module file ../../../Engine/Plugins/2D/Paper2D/Binaries/Win64/UE4Editor-Paper2D.dll (API version 3944462).
LogModuleManager: Display: Found up-to-date module file ../../../Engine/Plugins/2D/Paper2D/Binaries/Win64/UE4Editor-Paper2DEditor.dll (API version 3944462).
LogModuleManager: Display: Found up-to-date module file ../../../Engine/Plugins/2D/Paper2D/Binaries/Win64/UE4Editor-PaperSpriteSheetImporter.dll (API version 3944462).
LogModuleManager: Display: Found up-to-date module file ../../../Engine/Plugins/2D/Paper2D/Binaries/Win64/UE4Editor-PaperTiledImporter.dll (API version 3944462).
LogModuleManager: Display: Found up-to-date module file ../../../Engine/Plugins/2D/Paper2D/Binaries/Win64/UE4Editor-SmartSnapping.dll (API version 3944462).
LogModuleManager: Display: Found up-to-date module file ../../../Engine/Plugins/Animation/LiveLink/Binaries/Win64/UE4Editor-LiveLink.dll (API version 3944462).
LogModuleManager: Display: Found up-to-date module file ../../../Engine/Plugins/Animation/LiveLink/Binaries/Win64/UE4Editor-LiveLinkEditor.dll (API version 3944462).
LogModuleManager: Display: Found up-to-date module file ../../../Engine/Plugins/Blendables/LightPropagationVolume/Binaries/Win64/UE4Editor-LightPropagationVolumeRuntime.dll (API version 3944462).
LogModuleManager: Display: Found up-to-date module file ../../../Engine/Plugins/Blendables/LightPropagationVolume/Binaries/Win64/UE4Editor-LightPropagationVolumeEditor.dll (API version 3944462).
LogModuleManager: Display: Found up-to-date module file ../../../Engine/Plugins/Developer/CLionSourceCodeAccess/Binaries/Win64/UE4Editor-CLionSourceCodeAccess.dll (API version 3944462).
LogModuleManager: Display: Found up-to-date module file ../../../Engine/Plugins/Developer/GitSourceControl/Binaries/Win64/UE4Editor-GitSourceControl.dll (API version 3944462).
LogModuleManager: Display: Found up-to-date module file ../../../Engine/Plugins/Developer/PerforceSourceControl/Binaries/Win64/UE4Editor-PerforceSourceControl.dll (API version 3944462).
LogModuleManager: Display: Found up-to-date module file ../../../Engine/Plugins/Developer/SubversionSourceControl/Binaries/Win64/UE4Editor-SubversionSourceControl.dll (API version 3944462).
LogModuleManager: Display: Found up-to-date module file ../../../Engine/Plugins/Developer/UObjectPlugin/Binaries/Win64/UE4Editor-UObjectPlugin.dll (API version 3944462).
LogModuleManager: Display: Found up-to-date module file ../../../Engine/Plugins/Developer/VisualStudioCodeSourceCodeAccess/Binaries/Win64/UE4Editor-VisualStudioCodeSourceCodeAccess.dll (API version 3944462).
LogModuleManager: Display: Found up-to-date module file ../../../Engine/Plugins/Developer/VisualStudioSourceCodeAccess/Binaries/Win64/UE4Editor-VisualStudioSourceCodeAccess.dll (API version 3944462).
LogModuleManager: Display: Found up-to-date module file ../../../Engine/Plugins/Editor/AssetManagerEditor/Binaries/Win64/UE4Editor-AssetManagerEditor.dll (API version 3944462).
LogModuleManager: Display: Found up-to-date module file ../../../Engine/Plugins/Editor/CryptoKeys/Binaries/Win64/UE4Editor-CryptoKeys.dll (API version 3944462).
LogModuleManager: Display: Found up-to-date module file ../../../Engine/Plugins/Editor/CryptoKeys/Binaries/Win64/UE4Editor-CryptoKeysOpenSSL.dll (API version 3944462).
LogModuleManager: Display: Found up-to-date module file ../../../Engine/Plugins/Editor/DataValidation/Binaries/Win64/UE4Editor-DataValidation.dll (API version 3944462).
LogModuleManager: Display: Found up-to-date module file ../../../Engine/Plugins/Editor/FacialAnimation/Binaries/Win64/UE4Editor-FacialAnimation.dll (API version 3944462).
LogModuleManager: Display: Found up-to-date module file ../../../Engine/Plugins/Editor/FacialAnimation/Binaries/Win64/UE4Editor-FacialAnimationEditor.dll (API version 3944462).
LogModuleManager: Display: Found up-to-date module file ../../../Engine/Plugins/Editor/GameplayTagsEditor/Binaries/Win64/UE4Editor-GameplayTagsEditor.dll (API version 3944462).
LogModuleManager: Display: Found up-to-date module file ../../../Engine/Plugins/Editor/MobileLauncherProfileWizard/Binaries/Win64/UE4Editor-MobileLauncherProfileWizard.dll (API version 3944462).
LogModuleManager: Display: Found up-to-date module file ../../../Engine/Plugins/Editor/PluginBrowser/Binaries/Win64/UE4Editor-PluginBrowser.dll (API version 3944462).
LogModuleManager: Display: Found up-to-date module file ../../../Engine/Plugins/Editor/SpeedTreeImporter/Binaries/Win64/UE4Editor-SpeedTreeImporter.dll (API version 3944462).
LogModuleManager: Display: Found up-to-date module file ../../../Engine/Plugins/Enterprise/DatasmithContent/Binaries/Win64/UE4Editor-DatasmithContent.dll (API version 3944462).
LogModuleManager: Display: Found up-to-date module file ../../../Engine/Plugins/Experimental/AlembicImporter/Binaries/Win64/UE4Editor-AlembicImporter.dll (API version 3944462).
LogModuleManager: Display: Found up-to-date module file ../../../Engine/Plugins/Experimental/AlembicImporter/Binaries/Win64/UE4Editor-AlembicLibrary.dll (API version 3944462).
LogModuleManager: Display: Found up-to-date module file ../../../Engine/Plugins/Experimental/CharacterAI/Binaries/Win64/UE4Editor-CharacterAI.dll (API version 3944462).
LogModuleManager: Display: Found up-to-date module file ../../../Engine/Plugins/Experimental/HTML5Networking/Binaries/Win64/UE4Editor-HTML5Networking.dll (API version 3944462).
LogModuleManager: Display: Found up-to-date module file ../../../Engine/Plugins/Media/AndroidMedia/Binaries/Win64/UE4Editor-AndroidMediaEditor.dll (API version 3944462).
LogModuleManager: Display: Found up-to-date module file ../../../Engine/Plugins/Media/AndroidMedia/Binaries/Win64/UE4Editor-AndroidMediaFactory.dll (API version 3944462).
LogModuleManager: Display: Found up-to-date module file ../../../Engine/Plugins/Media/AvfMedia/Binaries/Win64/UE4Editor-AvfMediaEditor.dll (API version 3944462).
LogModuleManager: Display: Found up-to-date module file ../../../Engine/Plugins/Media/AvfMedia/Binaries/Win64/UE4Editor-AvfMediaFactory.dll (API version 3944462).
LogModuleManager: Display: Found up-to-date module file ../../../Engine/Plugins/Media/AvfMedia/Binaries/Win64/UE4Editor-AvfMediaFactory.dll (API version 3944462).
LogModuleManager: Display: Found up-to-date module file ../../../Engine/Plugins/Media/ImgMedia/Binaries/Win64/UE4Editor-ImgMedia.dll (API version 3944462).
LogModuleManager: Display: Found up-to-date module file ../../../Engine/Plugins/Media/ImgMedia/Binaries/Win64/UE4Editor-ImgMediaEditor.dll (API version 3944462).
LogModuleManager: Display: Found up-to-date module file ../../../Engine/Plugins/Media/ImgMedia/Binaries/Win64/UE4Editor-ImgMediaFactory.dll (API version 3944462).
LogModuleManager: Display: Found up-to-date module file ../../../Engine/Plugins/Media/ImgMedia/Binaries/Win64/UE4Editor-ImgMediaFactory.dll (API version 3944462).
LogModuleManager: Display: Found up-to-date module file ../../../Engine/Plugins/Media/ImgMedia/Binaries/Win64/UE4Editor-OpenExrWrapper.dll (API version 3944462).
LogModuleManager: Display: Found up-to-date module file ../../../Engine/Plugins/Media/LinearTimecode/Binaries/Win64/UE4Editor-LinearTimecode.dll (API version 3944462).
LogModuleManager: Display: Found up-to-date module file ../../../Engine/Plugins/Media/MediaCompositing/Binaries/Win64/UE4Editor-MediaCompositing.dll (API version 3944462).
LogModuleManager: Display: Found up-to-date module file ../../../Engine/Plugins/Media/MediaCompositing/Binaries/Win64/UE4Editor-MediaCompositingEditor.dll (API version 3944462).
LogModuleManager: Display: Found up-to-date module file ../../../Engine/Plugins/Media/MediaPlayerEditor/Binaries/Win64/UE4Editor-MediaPlayerEditor.dll (API version 3944462).
LogModuleManager: Display: Found up-to-date module file ../../../Engine/Plugins/Media/WmfMedia/Binaries/Win64/UE4Editor-WmfMedia.dll (API version 3944462).
LogModuleManager: Display: Found up-to-date module file ../../../Engine/Plugins/Media/WmfMedia/Binaries/Win64/UE4Editor-WmfMediaEditor.dll (API version 3944462).
LogModuleManager: Display: Found up-to-date module file ../../../Engine/Plugins/Media/WmfMedia/Binaries/Win64/UE4Editor-WmfMediaFactory.dll (API version 3944462).
LogModuleManager: Display: Found up-to-date module file ../../../Engine/Plugins/Media/WmfMedia/Binaries/Win64/UE4Editor-WmfMediaFactory.dll (API version 3944462).
LogModuleManager: Display: Found up-to-date module file ../../../Engine/Plugins/Messaging/TcpMessaging/Binaries/Win64/UE4Editor-TcpMessaging.dll (API version 3944462).
LogModuleManager: Display: Found up-to-date module file ../../../Engine/Plugins/Messaging/UdpMessaging/Binaries/Win64/UE4Editor-UdpMessaging.dll (API version 3944462).
LogModuleManager: Display: Found up-to-date module file ../../../Engine/Plugins/MovieScene/ActorSequence/Binaries/Win64/UE4Editor-ActorSequence.dll (API version 3944462).
LogModuleManager: Display: Found up-to-date module file ../../../Engine/Plugins/MovieScene/LevelSequenceEditor/Binaries/Win64/UE4Editor-LevelSequenceEditor.dll (API version 3944462).
LogModuleManager: Display: Found up-to-date module file ../../../Engine/Plugins/MovieScene/MatineeToLevelSequence/Binaries/Win64/UE4Editor-MatineeToLevelSequence.dll (API version 3944462).
LogModuleManager: Display: Found up-to-date module file ../../../Engine/Plugins/NetcodeUnitTest/NetcodeUnitTest/Binaries/Win64/UE4Editor-NetcodeUnitTest.dll (API version 3944462).
LogModuleManager: Display: Found up-to-date module file ../../../Engine/Plugins/NetcodeUnitTest/NUTUnrealEngine4/Binaries/Win64/UE4Editor-NUTUnrealEngine4.dll (API version 3944462).
LogModuleManager: Display: Found up-to-date module file ../../../Engine/Plugins/Online/OnlineSubsystem/Binaries/Win64/UE4Editor-OnlineSubsystem.dll (API version 3944462).
LogModuleManager: Display: Found up-to-date module file ../../../Engine/Plugins/Online/OnlineSubsystemNull/Binaries/Win64/UE4Editor-OnlineSubsystemNull.dll (API version 3944462).
LogModuleManager: Display: Found up-to-date module file ../../../Engine/Plugins/Online/OnlineSubsystemUtils/Binaries/Win64/UE4Editor-OnlineSubsystemUtils.dll (API version 3944462).
LogModuleManager: Display: Found up-to-date module file ../../../Engine/Plugins/Online/OnlineSubsystemUtils/Binaries/Win64/UE4Editor-OnlineBlueprintSupport.dll (API version 3944462).
LogModuleManager: Display: Found up-to-date module file ../../../Engine/Plugins/Runtime/AndroidDeviceProfileSelector/Binaries/Win64/UE4Editor-AndroidDeviceProfileSelector.dll (API version 3944462).
LogModuleManager: Display: Found up-to-date module file ../../../Engine/Plugins/Runtime/AndroidPermission/Binaries/Win64/UE4Editor-AndroidPermission.dll (API version 3944462).
LogModuleManager: Display: Found up-to-date module file ../../../Engine/Plugins/Runtime/AppleARKit/Binaries/Win64/UE4Editor-AppleARKit.dll (API version 3944462).
LogModuleManager: Display: Found up-to-date module file ../../../Engine/Plugins/Runtime/ArchVisCharacter/Binaries/Win64/UE4Editor-ArchVisCharacter.dll (API version 3944462).
LogModuleManager: Display: Found up-to-date module file ../../../Engine/Plugins/Runtime/AudioCapture/Binaries/Win64/UE4Editor-AudioCapture.dll (API version 3944462).
LogModuleManager: Display: Found up-to-date module file ../../../Engine/Plugins/Runtime/AudioCapture/Binaries/Win64/UE4Editor-AudioCaptureEditor.dll (API version 3944462).
LogModuleManager: Display: Found up-to-date module file ../../../Engine/Plugins/Runtime/CableComponent/Binaries/Win64/UE4Editor-CableComponent.dll (API version 3944462).
LogModuleManager: Display: Found up-to-date module file ../../../Engine/Plugins/Runtime/CustomMeshComponent/Binaries/Win64/UE4Editor-CustomMeshComponent.dll (API version 3944462).
LogModuleManager: Display: Found up-to-date module file ../../../Engine/Plugins/Runtime/ExampleDeviceProfileSelector/Binaries/Win64/UE4Editor-ExampleDeviceProfileSelector.dll (API version 3944462).
LogModuleManager: Display: Found up-to-date module file ../../../Engine/Plugins/Runtime/ImmediatePhysics/Binaries/Win64/UE4Editor-ImmediatePhysics.dll (API version 3944462).
LogModuleManager: Display: Found up-to-date module file ../../../Engine/Plugins/Runtime/ImmediatePhysics/Binaries/Win64/UE4Editor-ImmediatePhysicsEditor.dll (API version 3944462).
LogModuleManager: Display: Found up-to-date module file ../../../Engine/Plugins/Runtime/LocationServicesBPLibrary/Binaries/Win64/UE4Editor-LocationServicesBPLibrary.dll (API version 3944462).
LogModuleManager: Display: Found up-to-date module file ../../../Engine/Plugins/Runtime/MobilePatchingUtils/Binaries/Win64/UE4Editor-MobilePatchingUtils.dll (API version 3944462).
LogModuleManager: Display: Found up-to-date module file ../../../Engine/Plugins/Runtime/Oculus/OculusVR/Binaries/Win64/UE4Editor-OculusHMD.dll (API version 3944462).
LogModuleManager: Display: Found up-to-date module file ../../../Engine/Plugins/Runtime/Oculus/OculusVR/Binaries/Win64/UE4Editor-OculusInput.dll (API version 3944462).
LogModuleManager: Display: Found up-to-date module file ../../../Engine/Plugins/Runtime/Oculus/OculusVR/Binaries/Win64/UE4Editor-OculusEditor.dll (API version 3944462).
LogModuleManager: Display: Found up-to-date module file ../../../Engine/Plugins/Runtime/PhysXVehicles/Binaries/Win64/UE4Editor-PhysXVehicles.dll (API version 3944462).
LogModuleManager: Display: Found up-to-date module file ../../../Engine/Plugins/Runtime/PhysXVehicles/Binaries/Win64/UE4Editor-PhysXVehiclesEditor.dll (API version 3944462).
LogModuleManager: Display: Found up-to-date module file ../../../Engine/Plugins/Runtime/ProceduralMeshComponent/Binaries/Win64/UE4Editor-ProceduralMeshComponent.dll (API version 3944462).
LogModuleManager: Display: Found up-to-date module file ../../../Engine/Plugins/Runtime/ProceduralMeshComponent/Binaries/Win64/UE4Editor-ProceduralMeshComponentEditor.dll (API version 3944462).
LogModuleManager: Display: Found up-to-date module file ../../../Engine/Plugins/Runtime/RuntimePhysXCooking/Binaries/Win64/UE4Editor-RuntimePhysXCooking.dll (API version 3944462).
LogModuleManager: Display: Found up-to-date module file ../../../Engine/Plugins/Runtime/Steam/SteamVR/Binaries/Win64/UE4Editor-SteamVR.dll (API version 3944462).
LogModuleManager: Display: Found up-to-date module file ../../../Engine/Plugins/Runtime/Steam/SteamVR/Binaries/Win64/UE4Editor-SteamVRController.dll (API version 3944462).
LogModuleManager: Display: Found up-to-date module file ../../../Engine/Plugins/Runtime/WindowsMoviePlayer/Binaries/Win64/UE4Editor-WindowsMoviePlayer.dll (API version 3944462).
LogInit: Using libcurl 7.47.1
LogInit:  - built for x86_64-pc-win32
LogInit:  - supports SSL with OpenSSL/1.0.2g
LogInit:  - supports HTTP deflate (compression) using libz 1.2.8
LogInit:  - other features:
LogInit:      CURL_VERSION_SSL
LogInit:      CURL_VERSION_LIBZ
LogInit:      CURL_VERSION_IPV6
LogInit:      CURL_VERSION_ASYNCHDNS
LogInit:      CURL_VERSION_LARGEFILE
LogInit:      CURL_VERSION_IDN
LogInit:  CurlRequestOptions (configurable via config and command line):
LogInit:  - bVerifyPeer = false  - Libcurl will NOT verify peer certificate
LogInit:  - bUseHttpProxy = false  - Libcurl will NOT use HTTP proxy
LogInit:  - bDontReuseConnections = false  - Libcurl will reuse connections
LogInit:  - CertBundlePath = nullptr  - Libcurl will use whatever was configured at build time.
LogInit:  - MaxHostConnections = 16  - Libcurl will limit the number of connections to a host
LogInit:  - LocalHostAddr = Default
LogInit: WinSock: version 1.1 (2.2), MaxSocks=32767, MaxUdp=65467
LogInit: WinSock: I am LAPTOP-OQTU4Q1V (10.96.125.133:0)
LogInit: Build: ++UE4+Release-4.19-CL-4033788
LogInit: Engine Version: 4.19.2-4033788+++UE4+Release-4.19
LogInit: Compatible Engine Version: 4.19.0-3944462+++UE4+Release-4.19
LogInit: Net CL: 3944462
LogDevObjectVersion: Number of dev versions registered: 18
LogDevObjectVersion:   Dev-Blueprints (B0D832E4-1F89-4F0D-ACCF-7EB736FD4AA2): 10
LogDevObjectVersion:   Dev-Build (E1C64328-A22C-4D53-A36C-8E866417BD8C): 0
LogDevObjectVersion:   Dev-Core (375EC13C-06E4-48FB-B500-84F0262A717E): 2
LogDevObjectVersion:   Dev-Editor (E4B068ED-F494-42E9-A231-DA0B2E46BB41): 23
LogDevObjectVersion:   Dev-Framework (CFFC743F-43B0-4480-9391-14DF171D2073): 33
LogDevObjectVersion:   Dev-Mobile (B02B49B5-BB20-44E9-A304-32B752E40360): 2
LogDevObjectVersion:   Dev-Networking (A4E4105C-59A1-49B5-A7C5-40C4547EDFEE): 0
LogDevObjectVersion:   Dev-Online (39C831C9-5AE6-47DC-9A44-9C173E1C8E7C): 0
LogDevObjectVersion:   Dev-Physics (78F01B33-EBEA-4F98-B9B4-84EACCB95AA2): 0
LogDevObjectVersion:   Dev-Platform (6631380F-2D4D-43E0-8009-CF276956A95A): 0
LogDevObjectVersion:   Dev-Rendering (12F88B9F-8875-4AFC-A67C-D90C383ABD29): 25
LogDevObjectVersion:   Dev-Sequencer (7B5AE74C-D270-4C10-A958-57980B212A5A): 6
LogDevObjectVersion:   Dev-VR (D7296918-1DD6-4BDD-9DE2-64A83CC13884): 1
LogDevObjectVersion:   Dev-LoadTimes (C2A15278-BFE7-4AFE-6C17-90FF531DF755): 1
LogDevObjectVersion:   Private-Geometry (6EACA3D4-40EC-4CC1-B786-8BED09428FC5): 2
LogDevObjectVersion:   Dev-AnimPhys (29E575DD-E0A3-4627-9D10-D276232CDCEA): 16
LogDevObjectVersion:   Dev-ReflectionCapture (6B266CEC-1EC7-4B8F-A30B-E4D90942FC07): 1
LogDevObjectVersion:   Dev-Automation (0DF73D61-A23F-47EA-B727-89E90C41499A): 1
LogInit: Compiled (64-bit): Apr 27 2018 02:06:57
LogInit: Compiled with Visual C++: 19.00.24215.01
LogInit: Build Configuration: Development
LogInit: Branch Name: ++UE4+Release-4.19
LogInit: Command Line:  
LogInit: Base Directory: D:/UE4/UE_4.19/Engine/Binaries/Win64/
LogInit: Installed Engine Build: 1
LogStreaming: Display: Took  0.000s to delete old logs.
LogInit: Presizing for max 8388607 objects, including 0 objects not considered by GC, pre-allocating 0 bytes for permanent pool.
LogInit: Object subsystem initialized
[2019.10.07-14.08.02:837][  0]LogInit: Selected Device Profile: [Windows]
[2019.10.07-14.08.02:837][  0]LogInit: Applying CVar settings loaded from the selected device profile: [Windows]
[2019.10.07-14.08.02:913][  0]LogInit: Computer: LAPTOP-OQTU4Q1V
[2019.10.07-14.08.02:913][  0]LogInit: User: jsimo
[2019.10.07-14.08.02:913][  0]LogInit: CPU Page size=4096, Cores=4
[2019.10.07-14.08.02:913][  0]LogInit: High frequency timer resolution =2.250001 MHz
[2019.10.07-14.08.02:913][  0]LogMemory: Memory total: Physical=7.9GB (8GB approx)
[2019.10.07-14.08.02:913][  0]LogMemory: Platform Memory Stats for Windows
[2019.10.07-14.08.02:913][  0]LogMemory: Process Physical Memory: 274.41 MB used, 274.41 MB peak
[2019.10.07-14.08.02:913][  0]LogMemory: Process Virtual Memory: 264.70 MB used, 264.70 MB peak
[2019.10.07-14.08.02:913][  0]LogMemory: Physical Memory: 3444.21 MB used,  4667.91 MB free, 8112.13 MB total
[2019.10.07-14.08.02:913][  0]LogMemory: Virtual Memory: 4776.70 MB used,  4667.91 MB free, 134217728.00 MB total
[2019.10.07-14.08.03:499][  0]LogInit: Using OS detected language (en-GB).
[2019.10.07-14.08.03:499][  0]LogInit: Using OS detected locale (en-GB).
[2019.10.07-14.08.03:676][  0]LogTextLocalizationManager: No specific localization for 'en-GB' exists, so the 'en' localization will be used.
[2019.10.07-14.08.04:364][  0]LogStreaming: Display: Took  0.829s to EndInitTextLocalization.
[2019.10.07-14.08.04:376][  0]LogInit: Setting process to per monitor DPI aware
[2019.10.07-14.08.04:805][  0]LogSlate: New Slate User Created.  User Index 0, Is Virtual User: 0
[2019.10.07-14.08.04:805][  0]LogSlate: Slate User Registered.  User Index 0, Is Virtual User: 0
[2019.10.07-14.08.05:337][  0]LogD3D11RHI: D3D11 adapters:
[2019.10.07-14.08.05:445][  0]LogD3D11RHI:    0. 'NVIDIA GeForce GTX 1060' (Feature Level 11_0)
[2019.10.07-14.08.05:445][  0]LogD3D11RHI:       2987/0/4056 MB DedicatedVideo/DedicatedSystem/SharedSystem, Outputs:1, VendorId:0x10de
[2019.10.07-14.08.05:447][  0]LogD3D11RHI:    1. 'Microsoft Basic Render Driver' (Feature Level 11_0)
[2019.10.07-14.08.05:447][  0]LogD3D11RHI:       0/0/4056 MB DedicatedVideo/DedicatedSystem/SharedSystem, Outputs:0, VendorId:0x1414
[2019.10.07-14.08.05:447][  0]LogD3D11RHI: Chosen D3D11 Adapter: 0
[2019.10.07-14.08.05:454][  0]LogD3D11RHI: Creating new Direct3DDevice
[2019.10.07-14.08.05:454][  0]LogD3D11RHI:     GPU DeviceId: 0x1c60 (for the marketing name, search the web for "GPU Device Id")
[2019.10.07-14.08.05:454][  0]LogWindows: EnumDisplayDevices:
[2019.10.07-14.08.05:454][  0]LogWindows:    0. 'NVIDIA GeForce GTX 1060' (P:1 D:1)
[2019.10.07-14.08.05:454][  0]LogWindows:    1. 'NVIDIA GeForce GTX 1060' (P:0 D:0)
[2019.10.07-14.08.05:454][  0]LogWindows:    2. 'NVIDIA GeForce GTX 1060' (P:0 D:0)
[2019.10.07-14.08.05:455][  0]LogWindows:    3. 'NVIDIA GeForce GTX 1060' (P:0 D:0)
[2019.10.07-14.08.05:455][  0]LogWindows: DebugString: GetVideoDriverDetailsInvalid PrimaryIsNotTheChoosenAdapter GetVideoDriverDetailsInvalid PrimaryIsNotTheChoosenAdapter GetVideoDriverDetailsInvalid PrimaryIsNotTheChoosenAdapter GetVideoDriverDetailsInvalid PrimaryIsNotTheChoosenAdapter FoundDriverCount:0 
[2019.10.07-14.08.05:455][  0]LogD3D11RHI:     Adapter Name: NVIDIA GeForce GTX 1060
[2019.10.07-14.08.05:455][  0]LogD3D11RHI:   Driver Version: Unknown (internal:Unknown, unified:Unknown)
[2019.10.07-14.08.05:455][  0]LogD3D11RHI:      Driver Date: Unknown
[2019.10.07-14.08.05:455][  0]LogRHI: Texture pool is 2090 MB (70% of 2987 MB)
[2019.10.07-14.08.05:506][  0]LogD3D11RHI: [Aftermath] Aftermath enabled and primed
[2019.10.07-14.08.05:506][  0]LogD3D11RHI: [Aftermath] Aftermath enabled and primed
[2019.10.07-14.08.05:506][  0]LogD3D11RHI: Async texture creation enabled
[2019.10.07-14.08.05:711][  0]LogD3D11RHI: GPU Timing Frequency: 1000.000000 (Debug: 2 1)
[2019.10.07-14.08.05:850][  0]LogShaderCompilers: Guid format shader working directory is -1 characters bigger than the processId version (../../../../../Documents/BetaArcade/MasterBuild/Intermediate/Shaders/WorkingDirectory/4388/).
[2019.10.07-14.08.05:862][  0]LogShaderCompilers: Cleaned the shader compiler working directory 'C:/Users/jsimo/AppData/Local/Temp/UnrealShaderWorkingDir/D001E63C44C8A72C7A6FE580FCFA3277/'.
[2019.10.07-14.08.06:615][  0]LogTemp: Display: Loaded TP AllDesktopTargetPlatform
[2019.10.07-14.08.06:646][  0]LogTemp: Display: Loaded TP MacClientTargetPlatform
[2019.10.07-14.08.06:667][  0]LogTemp: Display: Loaded TP MacNoEditorTargetPlatform
[2019.10.07-14.08.06:688][  0]LogTemp: Display: Loaded TP MacServerTargetPlatform
[2019.10.07-14.08.06:717][  0]LogTemp: Display: Loaded TP MacTargetPlatform
[2019.10.07-14.08.06:740][  0]LogTemp: Display: Loaded TP WindowsClientTargetPlatform
[2019.10.07-14.08.06:768][  0]LogTemp: Display: Loaded TP WindowsNoEditorTargetPlatform
[2019.10.07-14.08.06:794][  0]LogTemp: Display: Loaded TP WindowsServerTargetPlatform
[2019.10.07-14.08.06:812][  0]LogTemp: Display: Loaded TP WindowsTargetPlatform
[2019.10.07-14.08.06:839][  0]LogTemp: Display: Loaded TP Android_ASTCTargetPlatform
[2019.10.07-14.08.06:865][  0]LogTemp: Display: Loaded TP Android_ATCTargetPlatform
[2019.10.07-14.08.06:891][  0]LogTemp: Display: Loaded TP Android_DXTTargetPlatform
[2019.10.07-14.08.06:911][  0]LogTemp: Display: Loaded TP Android_ETC1aTargetPlatform
[2019.10.07-14.08.06:933][  0]LogTemp: Display: Loaded TP Android_ETC1TargetPlatform
[2019.10.07-14.08.06:954][  0]LogTemp: Display: Loaded TP Android_ETC2TargetPlatform
[2019.10.07-14.08.06:989][  0]LogTemp: Display: Loaded TP Android_MultiTargetPlatform
[2019.10.07-14.08.06:989][  0]LogTemp: Display: Loaded TP Android_PVRTCTargetPlatform
[2019.10.07-14.08.07:049][  0]LogTemp: Display: Loaded TP AndroidTargetPlatform
[2019.10.07-14.08.07:061][  0]LogTemp: Display: Loaded TP HTML5TargetPlatform
[2019.10.07-14.08.07:172][  0]LogTemp: Display: Loaded TP IOSTargetPlatform
[2019.10.07-14.08.07:201][  0]LogTemp: Display: Loaded TP TVOSTargetPlatform
[2019.10.07-14.08.07:226][  0]LogTemp: Display: Loaded TP LinuxClientTargetPlatform
[2019.10.07-14.08.07:255][  0]LogTemp: Display: Loaded TP LinuxNoEditorTargetPlatform
[2019.10.07-14.08.07:274][  0]LogTemp: Display: Loaded TP LinuxServerTargetPlatform
[2019.10.07-14.08.07:299][  0]LogTemp: Display: Loaded TP LinuxTargetPlatform
[2019.10.07-14.08.07:299][  0]LogTargetPlatformManager: Display: Building Assets For Windows
[2019.10.07-14.08.08:004][  0]LogXGEController: Cleaning working directory: C:/Users/jsimo/AppData/Local/Temp/UnrealXGEWorkingDir/
[2019.10.07-14.08.08:005][  0]LogXGEController: Cannot use XGE Controller as Incredibuild is not installed on this machine.
[2019.10.07-14.08.08:011][  0]LogShaderCompilers: Cannot use XGE Shader Compiler as Incredibuild is not installed on this machine.
[2019.10.07-14.08.08:011][  0]LogShaderCompilers: Display: Using Local Shader Compiler.
[2019.10.07-14.08.09:396][  0]LogDerivedDataCache: Display: Max Cache Size: 512 MB
[2019.10.07-14.08.10:118][  0]LogDerivedDataCache: Loaded boot cache 0.72s 77MB C:/Users/jsimo/AppData/Local/UnrealEngine/4.19/DerivedDataCache/Boot.ddc.
[2019.10.07-14.08.10:118][  0]LogDerivedDataCache: Display: Loaded Boot cache: C:/Users/jsimo/AppData/Local/UnrealEngine/4.19/DerivedDataCache/Boot.ddc
[2019.10.07-14.08.10:118][  0]LogDerivedDataCache: FDerivedDataBackendGraph:  Pak pak cache file ../../../../../Documents/BetaArcade/MasterBuild/DerivedDataCache/DDC.ddp not found, will not use a pak cache.
[2019.10.07-14.08.10:118][  0]LogDerivedDataCache: Unable to find inner node Pak for hierarchical cache Hierarchy.
[2019.10.07-14.08.10:118][  0]LogDerivedDataCache: FDerivedDataBackendGraph:  CompressedPak pak cache file ../../../../../Documents/BetaArcade/MasterBuild/DerivedDataCache/Compressed.ddp not found, will not use a pak cache.
[2019.10.07-14.08.10:118][  0]LogDerivedDataCache: Unable to find inner node CompressedPak for hierarchical cache Hierarchy.
[2019.10.07-14.08.10:197][  0]LogDerivedDataCache: Display: Pak cache opened for reading ../../../Engine/DerivedDataCache/Compressed.ddp.
[2019.10.07-14.08.10:210][  0]LogDerivedDataCache: Using Local data cache path C:/Users/jsimo/AppData/Local/UnrealEngine/Common/DerivedDataCache: Writable
[2019.10.07-14.08.10:210][  0]LogDerivedDataCache: Shared data cache path not found in *engine.ini, will not use an Shared cache.
[2019.10.07-14.08.10:210][  0]LogDerivedDataCache: Unable to find inner node Shared for hierarchical cache Hierarchy.
[2019.10.07-14.08.10:266][  0]LogMaterial: Verifying Global Shaders for PCD3D_SM5
[2019.10.07-14.08.10:287][  0]LogSlate: Using Freetype 2.6.0
[2019.10.07-14.08.10:327][  0]LogSlate: SlateFontCache - WITH_FREETYPE: 1, WITH_HARFBUZZ: 1
[2019.10.07-14.08.10:327][  0]LogSlate: SlateFontCache - WITH_FREETYPE: 1, WITH_HARFBUZZ: 1
[2019.10.07-14.08.13:304][  0]LogAssetRegistry: FAssetRegistry took 0.0328 seconds to start up
[2019.10.07-14.08.17:555][  0]LogInit: Selected Device Profile: [Windows]
[2019.10.07-14.08.20:380][  0]LogSimplygon: Simplygon DLL not present - disabling.
[2019.10.07-14.08.20:463][  0]LogMeshReduction: Using SimplygonSwarm for distributed automatic mesh merging
[2019.10.07-14.08.20:463][  0]LogMeshReduction: Using QuadricMeshReduction for automatic static mesh reduction
[2019.10.07-14.08.20:463][  0]LogMeshReduction: No automatic skeletal mesh reduction module available
[2019.10.07-14.08.20:463][  0]LogMeshReduction: No automatic mesh merging module available
[2019.10.07-14.08.20:463][  0]LogMeshMerging: No automatic mesh merging module available
[2019.10.07-14.08.21:273][  0]LogNetVersion: MasterBuild , NetCL: 3944462, EngineNetVer: 2, GameNetVer: 0 (Checksum: 2426174287)
[2019.10.07-14.08.27:341][  0]LogPackageLocalizationCache: Processed 9 localized package path(s) for 2 prioritized culture(s) in 0.223818 seconds
[2019.10.07-14.08.27:378][  0]LogUObjectArray: 36728 objects as part of root set at end of initial load.
[2019.10.07-14.08.27:378][  0]LogUObjectAllocator: 7314312 out of 0 bytes used by permanent object pool.
[2019.10.07-14.08.27:378][  0]LogUObjectArray: CloseDisregardForGC: 0/0 objects in disregard for GC pool
[2019.10.07-14.08.55:489][  0]LogTcpMessaging: Initializing TcpMessaging bridge
[2019.10.07-14.08.55:548][  0]LogUdpMessaging: Initializing bridge on interface 0.0.0.0:0 to multicast group 230.0.0.1:6666.
[2019.10.07-14.08.58:323][  0]LogUObjectGlobals: Created PersistentFrame Addr=0x000001f0ffd015c0, Size=64, Default__ThirdPerson_AnimBP_C Function /Game/Mannequin/Animations/ThirdPerson_AnimBP.ThirdPerson_AnimBP_C:ExecuteUbergraph_ThirdPerson_AnimBP
[2019.10.07-14.08.58:522][  0]LogUObjectGlobals: Destroyed PersistentFrame Addr=0x000001f0ffd015c0, Size=64
[2019.10.07-14.08.58:522][  0]LogUObjectGlobals: Created PersistentFrame Addr=0x000001f0ffd015c0, Size=64, Default__ThirdPerson_AnimBP_C Function /Engine/Transient.REINST_ThirdPerson_AnimBP_C_0:ExecuteUbergraph_ThirdPerson_AnimBP
[2019.10.07-14.08.58:607][  0]LogUObjectGlobals: Created PersistentFrame Addr=0x000001f0ff96ef70, Size=72, Default__ThirdPerson_AnimBP_C Function /Game/Mannequin/Animations/ThirdPerson_AnimBP.ThirdPerson_AnimBP_C:ExecuteUbergraph_ThirdPerson_AnimBP
[2019.10.07-14.08.58:874][  0]LogSkeletalMesh: Skeletal Mesh found in DDC [12.813772ms] /Game/Mannequin/Character/Mesh/SK_Mannequin.SK_Mannequin
[2019.10.07-14.08.59:546][  0]SourceControl: Source control is disabled
[2019.10.07-14.08.59:546][  0]SourceControl: Source control is disabled
[2019.10.07-14.08.59:657][  0]SourceControl: Source control is disabled
[2019.10.07-14.08.59:700][  0]SourceControl: Source control is disabled
[2019.10.07-14.09.00:992][  0]LogAndroidPermission: UAndroidPermissionCallbackProxy::GetInstance
[2019.10.07-14.09.01:294][  0]LogOcInput: OculusInput pre-init called
[2019.10.07-14.09.01:805][  0]LogEngine: Initializing Engine...
[2019.10.07-14.09.01:882][  0]LogHMD: Failed to initialize OpenVR with code 102
[2019.10.07-14.09.01:906][  0]LogStats: UGameplayTagsManager::ConstructGameplayTagTree: Construct from data asset -  0.000 s
[2019.10.07-14.09.01:906][  0]LogStats: UGameplayTagsManager::ConstructGameplayTagTree: GameplayTagTreeChangedEvent.Broadcast -  0.000 s
[2019.10.07-14.09.02:748][  0]LogAIModule: Creating AISystem for world Untitled
[2019.10.07-14.09.02:963][  0]LogInit: XAudio2 using 'Speaker/Headphone (Realtek High Definition Audio)' : 2 channels at 48 kHz using 32 bits per sample (channel mask 0x3)
[2019.10.07-14.09.03:894][  0]LogInit: FAudioDevice initialized.
[2019.10.07-14.09.04:043][  0]LogDerivedDataCache: Saved boot cache 0.12s 77MB C:/Users/jsimo/AppData/Local/UnrealEngine/4.19/DerivedDataCache/Boot.ddc.
[2019.10.07-14.09.04:050][  0]LogInit: Texture streaming: Enabled
[2019.10.07-14.09.04:178][  0]LogEngineSessionManager: EngineSessionManager initialized
[2019.10.07-14.09.04:178][  0]LogEngineSessionManager: EngineSessionManager sent abnormal shutdown report. Type=AbnormalShutdown, SessionId={144A304C-4ED9-B0F8-01D9-76A60A71064D}
[2019.10.07-14.09.04:178][  0]LogEngineSessionManager: EngineSessionManager sent abnormal shutdown report. Type=AbnormalShutdown, SessionId={2EACCB4C-424F-5636-8D24-A1A04BCA6145}
[2019.10.07-14.09.04:411][  0]LogInit: Transaction tracking system initialized
[2019.10.07-14.09.04:793][  0]BlueprintLog: New page: Editor Load
[2019.10.07-14.09.06:276][  0]LocalizationService: Localization service is disabled
[2019.10.07-14.09.07:071][  0]LogConsoleResponse: Display: 
[2019.10.07-14.09.08:539][  0]LogFileCache: Scanning file cache for directory 'D:/Documents/BetaArcade/MasterBuild/Content/' took 0.03s
[2019.10.07-14.09.08:539][  0]LogCook: Display: Max memory allowance for cook 16384mb min free memory 0mb
[2019.10.07-14.09.08:539][  0]LogCook: Display: Mobile HDR setting 1
[2019.10.07-14.09.08:548][  0]LogGameplayTags: Display: UGameplayTagsManager::DoneAddingNativeTags. DelegateIsBound: 0
[2019.10.07-14.09.08:548][  0]LogStats: UGameplayTagsManager::ConstructGameplayTagTree: Construct from data asset -  0.000 s
[2019.10.07-14.09.08:548][  0]LogStats: UGameplayTagsManager::ConstructGameplayTagTree: GameplayTagTreeChangedEvent.Broadcast -  0.000 s
[2019.10.07-14.09.10:409][  0]SourceControl: Source control is disabled
[2019.10.07-14.09.10:448][  0]Cmd: MAP LOAD FILE="../../../../../Documents/BetaArcade/MasterBuild/Content/ThirdPersonCPP/Maps/ThirdPersonExampleMap.umap" TEMPLATE=0 SHOWPROGRESS=1 FEATURELEVEL=3
[2019.10.07-14.09.10:479][  0]LightingResults: New page: Lighting Build
[2019.10.07-14.09.10:652][  0]MapCheck: New page: Map Check
[2019.10.07-14.09.10:652][  0]LightingResults: New page: Lighting Build
[2019.10.07-14.09.10:979][  0]LogUObjectGlobals: Destroyed PersistentFrame Addr=0x000001f0ffd015c0, Size=64
[2019.10.07-14.09.11:935][  0]LogTexture: Display: Building textures: HQ_Lightmap0_3 (AutoDXT, 64X64)
[2019.10.07-14.09.11:935][  0]LogTexture: Display: Building textures: LQ_Lightmap_0_3 (DXT1, 64X64)
[2019.10.07-14.09.11:935][  0]LogTexture: Display: Building textures: HQ_Lightmap0_2 (AutoDXT, 512X512)
[2019.10.07-14.09.11:935][  0]LogTexture: Display: Building textures: LQ_Lightmap_0_2 (DXT1, 512X512)
[2019.10.07-14.09.11:935][  0]LogTexture: Display: Building textures: HQ_Lightmap0_1 (AutoDXT, 1024X1024)
[2019.10.07-14.09.11:935][  0]LogTexture: Display: Building textures: SkyOcclusion0_2 (AutoDXT, 512X256)
[2019.10.07-14.09.11:935][  0]LogTexture: Display: Building textures: LQ_Lightmap_0_1 (DXT1, 1024X1024)
[2019.10.07-14.09.11:935][  0]LogTexture: Display: Building textures: SkyOcclusion0_1 (AutoDXT, 1024X512)
[2019.10.07-14.09.11:935][  0]LogTexture: Display: Building textures: SkyOcclusion0_3 (AutoDXT, 64X32)
[2019.10.07-14.09.11:935][  0]LogTexture: Display: Building textures: ShadowMapTexture2D_1 (G8, 64X32)
[2019.10.07-14.09.11:935][  0]LogTexture: Display: Building textures: ShadowMapTexture2D_0 (G8, 2048X1024)
[2019.10.07-14.09.12:453][  0]LogAIModule: Creating AISystem for world ThirdPersonExampleMap
[2019.10.07-14.09.13:360][  0]LogEditorServer: Finished looking for orphan Actors (0.000 secs)
[2019.10.07-14.09.13:556][  0]Cmd: MAP CHECKDEP NOCLEARLOG
[2019.10.07-14.09.13:625][  0]MapCheck: Map check complete: 0 Error(s), 0 Warning(s), took 67.93ms to complete.
[2019.10.07-14.09.13:625][  0]LogFileHelpers: Loading map 'ThirdPersonExampleMap' took 3.196
[2019.10.07-14.09.15:328][  0]LogCollectionManager: Loaded 0 collections in 0.009510 seconds
[2019.10.07-14.09.15:504][  0]LogFileCache: Scanning file cache for directory 'D:/Documents/BetaArcade/MasterBuild/Saved/Collections/' took 0.01s
[2019.10.07-14.09.15:504][  0]LogFileCache: Scanning file cache for directory 'D:/Documents/BetaArcade/MasterBuild/Content/Developers/jsimo/Collections/' took 0.01s
[2019.10.07-14.09.15:504][  0]LogFileCache: Scanning file cache for directory 'D:/Documents/BetaArcade/MasterBuild/Content/Collections/' took 0.01s
[2019.10.07-14.09.15:504][  0]LogCollectionManager: Rebuilt the GUID cache for 0 collections in 0.000000 seconds
[2019.10.07-14.09.15:537][  0]LogContentBrowser: Native class hierarchy populated in 0.0217 seconds. Added 2454 classes and 560 folders.
[2019.10.07-14.09.15:627][  0]LogContentBrowser: Native class hierarchy updated for 'WidgetCarousel' in 0.0010 seconds. Added 0 classes and 0 folders.
[2019.10.07-14.09.16:187][  0]LogContentBrowser: Native class hierarchy updated for 'AddContentDialog' in 0.0008 seconds. Added 0 classes and 0 folders.
[2019.10.07-14.09.16:265][  0]LogContentBrowser: Native class hierarchy updated for 'SceneOutliner' in 0.0009 seconds. Added 1 classes and 2 folders.
[2019.10.07-14.09.16:930][  0]LogSlate: Took 0.010555 seconds to synchronously load lazily loaded font '../../../Engine/Content/Slate/Fonts/Roboto-Regular.ttf' (155K)
[2019.10.07-14.09.16:963][  0]LogSlate: Took 0.025208 seconds to synchronously load lazily loaded font '../../../Engine/Content/Slate/Fonts/Roboto-Bold.ttf' (160K)
[2019.10.07-14.09.17:022][  0]LogSlate: Took 0.009880 seconds to synchronously load lazily loaded font '../../../Engine/Content/Editor/Slate/Fonts/FontAwesome.ttf' (139K)
[2019.10.07-14.09.17:539][  0]LogRenderer: Reallocating scene render targets to support 1208x576 Format 10 NumSamples 1 (Frame:1).
[2019.10.07-14.09.18:424][  0]LogContentBrowser: Native class hierarchy updated for 'HierarchicalLODOutliner' in 0.0014 seconds. Added 0 classes and 0 folders.
[2019.10.07-14.09.18:424][  0]LogLoad: (Engine Initialization) Total time: 89.40 seconds
[2019.10.07-14.09.18:424][  0]LogLoad: (Engine Initialization) Total Blueprint compile time: 0.00 seconds
[2019.10.07-14.09.18:878][  0]LogContentStreaming: Texture pool size now 1000 MB
[2019.10.07-14.09.19:043][  0]LogSlate: Took 0.011858 seconds to synchronously load lazily loaded font '../../../Engine/Content/Slate/Fonts/Roboto-Light.ttf' (167K)
[2019.10.07-14.09.19:396][  3]LogAssetRegistry: Asset discovery search completed in 66.1139 seconds
[2019.10.07-14.09.19:421][  3]LogCollectionManager: Rebuilt the object cache for 0 collections in 0.000000 seconds (found 0 objects)
[2019.10.07-14.09.19:421][  3]LogCollectionManager: Fixed up redirectors for 0 collections in 0.011530 seconds (updated 0 objects)
[2019.10.07-14.09.22:690][375]LogSlate: FSceneViewport::OnFocusLost() reason 0
[2019.10.07-14.09.47:314][256]LogTemp: Repeating last play command: Selected Viewport
[2019.10.07-14.09.47:351][256]LogBlueprintUserMessages: Early PlayInEditor Detection: Level '/Game/ThirdPersonCPP/Maps/ThirdPersonExampleMap.ThirdPersonExampleMap:PersistentLevel' has LevelScriptBlueprint '/Game/ThirdPersonCPP/Maps/ThirdPersonExampleMap.ThirdPersonExampleMap:PersistentLevel.ThirdPersonExampleMap' with GeneratedClass '/Game/ThirdPersonCPP/Maps/ThirdPersonExampleMap.ThirdPersonExampleMap_C' with ClassGeneratedBy '/Game/ThirdPersonCPP/Maps/ThirdPersonExampleMap.ThirdPersonExampleMap:PersistentLevel.ThirdPersonExampleMap'
[2019.10.07-14.09.47:397][256]LogPlayLevel: PlayLevel: No blueprints needed recompiling
[2019.10.07-14.09.47:443][256]PIE: New page: PIE session: ThirdPersonExampleMap (7 Oct 2019 16:09:47)
[2019.10.07-14.09.47:443][256]LogPlayLevel: Creating play world package: /Game/ThirdPersonCPP/Maps/UEDPIE_0_ThirdPersonExampleMap
[2019.10.07-14.09.47:551][256]LogPlayLevel: PIE: StaticDuplicateObject took: (0.107296s)
[2019.10.07-14.09.47:551][256]LogAIModule: Creating AISystem for world ThirdPersonExampleMap
[2019.10.07-14.09.47:551][256]LogPlayLevel: PIE: World Init took: (0.000748s)
[2019.10.07-14.09.47:552][256]LogPlayLevel: PIE: Created PIE world by copying editor world from /Game/ThirdPersonCPP/Maps/ThirdPersonExampleMap.ThirdPersonExampleMap to /Game/ThirdPersonCPP/Maps/UEDPIE_0_ThirdPersonExampleMap.ThirdPersonExampleMap (0.108262s)
[2019.10.07-14.09.47:589][256]LogInit: XAudio2 using 'Speaker/Headphone (Realtek High Definition Audio)' : 2 channels at 48 kHz using 32 bits per sample (channel mask 0x3)
[2019.10.07-14.09.47:630][256]LogInit: FAudioDevice initialized.
[2019.10.07-14.09.47:699][256]LogLoad: Game class is 'MasterBuildGameMode'
[2019.10.07-14.09.47:768][256]LogWorld: Bringing World /Game/ThirdPersonCPP/Maps/UEDPIE_0_ThirdPersonExampleMap.ThirdPersonExampleMap up for play (max tick rate 0) at 2019.10.07-15.09.47
[2019.10.07-14.09.47:797][256]LogWorld: Bringing up level for play took: 0.043378
[2019.10.07-14.09.47:931][256]LogContentBrowser: Native class hierarchy updated for 'MovieSceneCapture' in 0.0010 seconds. Added 11 classes and 0 folders.
[2019.10.07-14.09.47:964][256]PIE: Play in editor start time for /Game/ThirdPersonCPP/Maps/UEDPIE_0_ThirdPersonExampleMap 0.637
[2019.10.07-14.09.47:964][256]LogBlueprintUserMessages: Late PlayInEditor Detection: Level '/Game/ThirdPersonCPP/Maps/ThirdPersonExampleMap.ThirdPersonExampleMap:PersistentLevel' has LevelScriptBlueprint '/Game/ThirdPersonCPP/Maps/ThirdPersonExampleMap.ThirdPersonExampleMap:PersistentLevel.ThirdPersonExampleMap' with GeneratedClass '/Game/ThirdPersonCPP/Maps/ThirdPersonExampleMap.ThirdPersonExampleMap_C' with ClassGeneratedBy '/Game/ThirdPersonCPP/Maps/ThirdPersonExampleMap.ThirdPersonExampleMap:PersistentLevel.ThirdPersonExampleMap'
[2019.10.07-14.09.52:872][818]LogBlueprintUserMessages: Early EndPlayMap Detection: Level '/Game/ThirdPersonCPP/Maps/ThirdPersonExampleMap.ThirdPersonExampleMap:PersistentLevel' has LevelScriptBlueprint '/Game/ThirdPersonCPP/Maps/ThirdPersonExampleMap.ThirdPersonExampleMap:PersistentLevel.ThirdPersonExampleMap' with GeneratedClass '/Game/ThirdPersonCPP/Maps/ThirdPersonExampleMap.ThirdPersonExampleMap_C' with ClassGeneratedBy '/Game/ThirdPersonCPP/Maps/ThirdPersonExampleMap.ThirdPersonExampleMap:PersistentLevel.ThirdPersonExampleMap'
[2019.10.07-14.09.53:029][818]LogBlueprintUserMessages: Late EndPlayMap Detection: Level '/Game/ThirdPersonCPP/Maps/ThirdPersonExampleMap.ThirdPersonExampleMap:PersistentLevel' has LevelScriptBlueprint '/Game/ThirdPersonCPP/Maps/ThirdPersonExampleMap.ThirdPersonExampleMap:PersistentLevel.ThirdPersonExampleMap' with GeneratedClass '/Game/ThirdPersonCPP/Maps/ThirdPersonExampleMap.ThirdPersonExampleMap_C' with ClassGeneratedBy '/Game/ThirdPersonCPP/Maps/ThirdPersonExampleMap.ThirdPersonExampleMap:PersistentLevel.ThirdPersonExampleMap'
[2019.10.07-14.09.55:725][119]LogEditorViewport: Clicking on Actor (context menu): StaticMeshActor (Floor)
[2019.10.07-14.09.56:771][119]LogSlate: FSceneViewport::OnFocusLost() reason 2
[2019.10.07-14.09.59:736][398]LogSlate: FSceneViewport::OnFocusLost() reason 0
[2019.10.07-14.10.09:996][550]LogSlate: Took 0.000222 seconds to synchronously load lazily loaded font '../../../Engine/Content/Slate/Fonts/Roboto-Light.ttf' (167K)
[2019.10.07-14.10.10:655][550]LogContentBrowser: Native class hierarchy updated for 'BlueprintGraph' in 0.0012 seconds. Added 116 classes and 0 folders.
[2019.10.07-14.10.11:113][550]LogUObjectGlobals: Created PersistentFrame Addr=0x000001f09c2ac568, Size=4, Default__SKEL_PROTO_BP_AnimBlueprint_0_C Function /Engine/Transient.SKEL_PROTO_BP_AnimBlueprint_0_C:ExecuteUbergraph_PROTO_BP_AnimBlueprint_0
[2019.10.07-14.10.11:117][550]LogUObjectGlobals: Created PersistentFrame Addr=0x000001f09c2ac560, Size=4, Default__PROTO_BP_AnimBlueprint_0_C Function /Engine/Transient.PROTO_BP_AnimBlueprint_0_C:ExecuteUbergraph_PROTO_BP_AnimBlueprint_0
[2019.10.07-14.10.14:351][711]LogSlate: Window 'ThirdPersonCharacter' being destroyed
[2019.10.07-14.10.14:872][762]LogSlate: FSceneViewport::OnFocusLost() reason 0
[2019.10.07-14.10.18:529][171]LogDirectoryWatcher: Warning: Failed to begin reading directory changes for ../../../../../Documents/BetaArcade/MasterBuild/Plugins/. Error: The system cannot find the file specified. (0x00000002)
[2019.10.07-14.10.20:468][356]LogSlate: Window 'Plugins' being destroyed
[2019.10.07-14.10.20:472][356]LogDirectoryWatcher: A directory notification for '../../../Engine/Plugins/' was aborted.
[2019.10.07-14.10.25:442][569]LogTemp: Executing iPhonePackager certificates Engine -bundlename com.YourCompany.MasterBuild
[2019.10.07-14.10.25:442][569]LogTemp: CWD: D:\UE4\UE_4.19\Engine\Binaries\DotNET\IOS
[2019.10.07-14.10.25:442][569]LogTemp: Initial Dir: D:\UE4\UE_4.19
[2019.10.07-14.10.25:442][569]LogTemp: Env CWD: D:\UE4\UE_4.19\Engine\Binaries\DotNET\IOS
[2019.10.07-14.10.25:442][569]LogTemp: BranchPath = LAPTOP-OQTU4Q1V/D/UE4/UE_4.19/Engine/Binaries --- GameBranchPath = LAPTOP-OQTU4Q1V/D/UE4/UE_4.19/Engine/Binaries
[2019.10.07-14.10.25:442][569]LogSlate: Only BGRA pngs, bmps or icos are supported in by External Image Picker
[2019.10.07-14.10.25:618][570]LogTemp: IPP ERROR: Could not find provision directory 'C:\Users\jsimo\AppData\Local/Apple Computer/MobileDevice/Provisioning Profiles/'.
[2019.10.07-14.10.30:048][ 18]LogSlate: Window 'Project Settings' being destroyed
[2019.10.07-14.10.48:180][ 89]LogSlate: Took 0.009569 seconds to synchronously load lazily loaded font '../../../Engine/Content/Slate/Fonts/Roboto-BoldCondensed.ttf' (158K)
[2019.10.07-14.10.49:389][178]LogSlate: Took 0.013234 seconds to synchronously load lazily loaded font '../../../Engine/Content/Slate/Fonts/Roboto-Italic.ttf' (157K)
[2019.10.07-14.10.50:417][272]LogSlate: Window 'ThirdPersonCharacter' being destroyed
[2019.10.07-14.10.52:294][448]LogSlate: Window 'ThirdPersonCharacter' being destroyed
[2019.10.07-14.11.58:911][212]LogEditorViewport: Clicking on Actor (LMB): ThirdPersonCharacter_C (ThirdPersonCharacter)
[2019.10.07-14.13.30:463][949]LogSlate: FSceneViewport::OnFocusLost() reason 2
[2019.10.07-14.19.20:765][651]LogHttp: Warning: 000001F0B172CA00: request failed, libcurl error: 7 (Couldn't connect to server)
[2019.10.07-14.19.20:765][651]LogHttp: Warning: 000001F0B172CA00: libcurl info message cache 0 (Found bundle for host datarouter.ol.epicgames.com: 0x1f11065bfb8 [can pipeline])
[2019.10.07-14.19.20:765][651]LogHttp: Warning: 000001F0B172CA00: libcurl info message cache 1 (Re-using existing connection! (#5) with host datarouter.ol.epicgames.com)
[2019.10.07-14.19.20:765][651]LogHttp: Warning: 000001F0B172CA00: libcurl info message cache 2 (Connected to datarouter.ol.epicgames.com (34.193.236.143) port 443 (#5))
[2019.10.07-14.19.20:765][651]LogHttp: Warning: 000001F0B172CA00: libcurl info message cache 3 (upload completely sent off: 358 out of 358 bytes)
[2019.10.07-14.19.20:765][651]LogHttp: Warning: 000001F0B172CA00: libcurl info message cache 4 (TLSv1.2 (IN), TLS alert, Client hello (1):)
[2019.10.07-14.19.20:765][651]LogHttp: Warning: 000001F0B172CA00: libcurl info message cache 5 (Connection died, retrying a fresh connect)
[2019.10.07-14.19.20:765][651]LogHttp: Warning: 000001F0B172CA00: libcurl info message cache 6 (Closing connection 5)
[2019.10.07-14.19.20:765][651]LogHttp: Warning: 000001F0B172CA00: libcurl info message cache 7 (TLSv1.2 (OUT), TLS alert, Client hello (1):)
[2019.10.07-14.19.20:765][651]LogHttp: Warning: 000001F0B172CA00: libcurl info message cache 8 (Issue another request to this URL: 'https://datarouter.ol.epicgames.com/datarouter/api/v1/public/data?SessionID=%7B64073BA3-4546-0356-9D0B-60A5AB9CEEB0%7D&AppID=UEEditor.Rocket.Release&AppVersion=4.19.2-4033788%2B%2B%2BUE4%2BRelease-4.19&UserID=8141bfd145646b16601f668d33e78b71%7C7cb5fa33e23f43938465ce2ac2aa3a48%7Cadf9002b-bac6-43cd-921d-5f191ab25f90&AppEnvironment=datacollector-binary&UploadType=eteventstream')
[2019.10.07-14.19.20:765][651]LogHttp: Warning: 000001F0B172CA00: libcurl info message cache 9 (  Trying 34.232.136.228...)
[2019.10.07-14.19.20:765][651]LogHttp: Warning: 000001F0B172CA00: libcurl info message cache 10 (connect to 34.232.136.228 port 443 failed: Connection was aborted)
[2019.10.07-14.19.20:765][651]LogHttp: Warning: 000001F0B172CA00: libcurl info message cache 11 (  Trying 23.20.51.18...)
[2019.10.07-14.19.20:765][651]LogHttp: Warning: 000001F0B172CA00: libcurl info message cache 12 (connect to 23.20.51.18 port 443 failed: Network unreachable)
[2019.10.07-14.19.20:765][651]LogHttp: Warning: 000001F0B172CA00: libcurl info message cache 13 (  Trying 54.165.238.255...)
[2019.10.07-14.19.20:765][651]LogHttp: Warning: 000001F0B172CA00: libcurl info message cache 14 (connect to 54.165.238.255 port 443 failed: Network unreachable)
[2019.10.07-14.19.20:765][651]LogHttp: Warning: 000001F0B172CA00: libcurl info message cache 15 (  Trying 54.175.157.122...)
[2019.10.07-14.19.20:765][651]LogHttp: Warning: 000001F0B172CA00: libcurl info message cache 16 (connect to 54.175.157.122 port 443 failed: Network unreachable)
[2019.10.07-14.19.20:765][651]LogHttp: Warning: 000001F0B172CA00: libcurl info message cache 17 (  Trying 54.83.181.125...)
[2019.10.07-14.19.20:765][651]LogHttp: Warning: 000001F0B172CA00: libcurl info message cache 18 (connect to 54.83.181.125 port 443 failed: Network unreachable)
[2019.10.07-14.19.20:765][651]LogHttp: Warning: 000001F0B172CA00: libcurl info message cache 19 (  Trying 54.209.204.64...)
[2019.10.07-14.19.20:765][651]LogHttp: Warning: 000001F0B172CA00: libcurl info message cache 20 (connect to 54.209.204.64 port 443 failed: Network unreachable)
[2019.10.07-14.19.20:765][651]LogHttp: Warning: 000001F0B172CA00: libcurl info message cache 21 (  Trying 3.94.140.213...)
[2019.10.07-14.19.20:765][651]LogHttp: Warning: 000001F0B172CA00: libcurl info message cache 22 (connect to 3.94.140.213 port 443 failed: Network unreachable)
[2019.10.07-14.19.20:765][651]LogHttp: Warning: 000001F0B172CA00: libcurl info message cache 23 (  Trying 54.88.198.7...)
[2019.10.07-14.19.20:765][651]LogHttp: Warning: 000001F0B172CA00: libcurl info message cache 24 (connect to 54.88.198.7 port 443 failed: Network unreachable)
[2019.10.07-14.19.20:765][651]LogHttp: Warning: 000001F0B172CA00: libcurl info message cache 25 (Failed to connect to datarouter.ol.epicgames.com port 443: Network unreachable)
[2019.10.07-14.19.20:765][651]LogHttp: Warning: 000001F0B172CA00: libcurl info message cache 26 (Closing connection 6)
[2019.10.07-14.21.32:098][ 45]LogHttp: Warning: 000001F0B172CA00: request failed, libcurl error: 6 (Couldn't resolve host name)
[2019.10.07-14.21.32:099][ 45]LogHttp: Warning: 000001F0B172CA00: libcurl info message cache 0 (Hostname in DNS cache was stale, zapped)
[2019.10.07-14.21.32:099][ 45]LogHttp: Warning: 000001F0B172CA00: libcurl info message cache 1 (Could not resolve host: datarouter.ol.epicgames.com)
[2019.10.07-14.21.32:099][ 45]LogHttp: Warning: 000001F0B172CA00: libcurl info message cache 2 (Closing connection 7)
[2019.10.07-14.22.03:692][138]LogSlate: Window 'MasterBuild - Unreal Editor' being destroyed
[2019.10.07-14.22.04:031][139]Cmd: QUIT_EDITOR
[2019.10.07-14.22.05:092][139]LogWindowsTextInputMethodSystem: Display: IME system now deactivated.
[2019.10.07-14.22.05:125][139]LogSlate: Slate User Destroyed.  User Index 0, Is Virtual User: 0
[2019.10.07-14.22.05:138][139]LogExit: Preparing to exit.
[2019.10.07-14.22.06:231][139]LogDirectoryWatcher: A directory notification for 'D:/Documents/BetaArcade/MasterBuild/Content/' was aborted.
[2019.10.07-14.22.06:353][139]LogUObjectGlobals: Destroyed PersistentFrame Addr=0x000001f0ff96ef70, Size=72
[2019.10.07-14.22.06:392][139]LogExit: Editor shut down
[2019.10.07-14.22.06:394][139]LogExit: Transaction tracking system shut down
[2019.10.07-14.22.06:397][139]LogUObjectGlobals: Destroyed PersistentFrame Addr=0x000001f09c2ac568, Size=4
[2019.10.07-14.22.06:397][139]LogUObjectGlobals: Destroyed PersistentFrame Addr=0x000001f09c2ac560, Size=4
[2019.10.07-14.22.06:486][139]LogDirectoryWatcher: A directory notification for '../../../Engine/Content/' was aborted.
[2019.10.07-14.22.06:486][139]LogDirectoryWatcher: A directory notification for '../../../../../Documents/BetaArcade/MasterBuild/Content/' was aborted.
[2019.10.07-14.22.06:486][139]LogDirectoryWatcher: A directory notification for '../../Plugins/2D/Paper2D/Content/' was aborted.
[2019.10.07-14.22.06:486][139]LogDirectoryWatcher: A directory notification for '../../Plugins/Enterprise/DatasmithContent/Content/' was aborted.
[2019.10.07-14.22.06:486][139]LogDirectoryWatcher: A directory notification for '../../Plugins/Media/MediaCompositing/Content/' was aborted.
[2019.10.07-14.22.06:486][139]LogDirectoryWatcher: A directory notification for '../../Plugins/Runtime/AppleARKit/Content/' was aborted.
[2019.10.07-14.22.06:486][139]LogDirectoryWatcher: A directory notification for '../../Plugins/Runtime/Oculus/OculusVR/Content/' was aborted.
[2019.10.07-14.22.06:486][139]LogDirectoryWatcher: A directory notification for '../../Plugins/Runtime/Steam/SteamVR/Content/' was aborted.
[2019.10.07-14.22.07:403][139]LogExit: Object subsystem successfully closed.
[2019.10.07-14.22.07:533][139]LogShaderCompilers: Display: Shaders left to compile 0
[2019.10.07-14.22.07:539][139]LogD3D11RHI: Shutdown
[2019.10.07-14.22.07:539][139]LogD3D11RHI: CleanupD3DDevice
[2019.10.07-14.22.07:560][139]LogD3D11RHI: ~FD3D11DynamicRHI
[2019.10.07-14.22.08:275][139]LogModuleManager: Shutting down and abandoning module ExternalImagePicker (582)
[2019.10.07-14.22.08:275][139]LogModuleManager: Shutting down and abandoning module BlueprintGraph (580)
[2019.10.07-14.22.08:275][139]LogModuleManager: Shutting down and abandoning module MovieSceneCapture (578)
[2019.10.07-14.22.08:275][139]LogModuleManager: Shutting down and abandoning module HierarchicalLODOutliner (576)
[2019.10.07-14.22.08:275][139]LogModuleManager: Shutting down and abandoning module DesktopPlatform (574)
[2019.10.07-14.22.08:289][139]LogModuleManager: Shutting down and abandoning module SceneOutliner (572)
[2019.10.07-14.22.08:297][139]LogModuleManager: Shutting down and abandoning module AddContentDialog (570)
[2019.10.07-14.22.08:301][139]LogDirectoryWatcher: A directory notification for 'D:/UE4/UE_4.19/FeaturePacks/' was aborted.
[2019.10.07-14.22.08:312][139]LogModuleManager: Shutting down and abandoning module WidgetCarousel (569)
[2019.10.07-14.22.08:312][139]LogModuleManager: Shutting down and abandoning module EditorWidgets (566)
[2019.10.07-14.22.08:312][139]LogModuleManager: Shutting down and abandoning module CollectionManager (564)
[2019.10.07-14.22.08:325][139]LogDirectoryWatcher: A directory notification for 'D:/Documents/BetaArcade/MasterBuild/Content/Collections/' was aborted.
[2019.10.07-14.22.08:325][139]LogDirectoryWatcher: A directory notification for 'D:/Documents/BetaArcade/MasterBuild/Content/Developers/jsimo/Collections/' was aborted.
[2019.10.07-14.22.08:325][139]LogDirectoryWatcher: A directory notification for 'D:/Documents/BetaArcade/MasterBuild/Saved/Collections/' was aborted.
[2019.10.07-14.22.08:325][139]LogModuleManager: Shutting down and abandoning module StatsViewer (562)
[2019.10.07-14.22.08:339][139]LogModuleManager: Shutting down and abandoning module FoliageEdit (560)
[2019.10.07-14.22.08:339][139]LogModuleManager: Shutting down and abandoning module LandscapeEditor (558)
[2019.10.07-14.22.08:343][139]LogModuleManager: Shutting down and abandoning module MeshPaintMode (556)
[2019.10.07-14.22.08:357][139]LogModuleManager: Shutting down and abandoning module SceneDepthPickerMode (554)
[2019.10.07-14.22.08:357][139]LogModuleManager: Shutting down and abandoning module ActorPickerMode (552)
[2019.10.07-14.22.08:357][139]LogModuleManager: Shutting down and abandoning module GeometryMode (550)
[2019.10.07-14.22.08:370][139]LogModuleManager: Shutting down and abandoning module TextureAlignMode (548)
[2019.10.07-14.22.08:370][139]LogModuleManager: Shutting down and abandoning module BspMode (546)
[2019.10.07-14.22.08:370][139]LogModuleManager: Shutting down and abandoning module PIEPreviewDeviceProfileSelector (544)
[2019.10.07-14.22.08:370][139]LogModuleManager: Shutting down and abandoning module HardwareSurvey (542)
[2019.10.07-14.22.08:370][139]LogModuleManager: Shutting down and abandoning module SequenceRecorderSections (540)
[2019.10.07-14.22.08:370][139]LogModuleManager: Shutting down and abandoning module AutomationWorker (538)
[2019.10.07-14.22.08:370][139]LogModuleManager: Shutting down and abandoning module AudioCaptureEditor (536)
[2019.10.07-14.22.08:370][139]LogModuleManager: Shutting down and abandoning module SequenceRecorder (535)
[2019.10.07-14.22.08:378][139]LogModuleManager: Shutting down and abandoning module MatineeToLevelSequence (532)
[2019.10.07-14.22.08:379][139]LogModuleManager: Shutting down and abandoning module LevelSequenceEditor (530)
[2019.10.07-14.22.08:409][139]LogModuleManager: Shutting down and abandoning module PlacementMode (529)
[2019.10.07-14.22.08:409][139]LogModuleManager: Shutting down and abandoning module MaterialEditor (528)
[2019.10.07-14.22.08:439][139]LogModuleManager: Shutting down and abandoning module WmfMediaFactory (524)
[2019.10.07-14.22.08:439][139]LogModuleManager: Shutting down and abandoning module WmfMediaEditor (522)
[2019.10.07-14.22.08:439][139]LogModuleManager: Shutting down and abandoning module MediaPlayerEditor (520)
[2019.10.07-14.22.08:469][139]LogModuleManager: Shutting down and abandoning module OpenExrWrapper (518)
[2019.10.07-14.22.08:469][139]LogModuleManager: Shutting down and abandoning module ImgMediaFactory (516)
[2019.10.07-14.22.08:469][139]LogModuleManager: Shutting down and abandoning module ImgMediaEditor (514)
[2019.10.07-14.22.08:469][139]LogModuleManager: Shutting down and abandoning module AvfMediaFactory (512)
[2019.10.07-14.22.08:469][139]LogModuleManager: Shutting down and abandoning module AvfMediaEditor (510)
[2019.10.07-14.22.08:469][139]LogModuleManager: Shutting down and abandoning module AndroidMediaFactory (508)
[2019.10.07-14.22.08:469][139]LogModuleManager: Shutting down and abandoning module AndroidMediaEditor (506)
[2019.10.07-14.22.08:469][139]LogModuleManager: Shutting down and abandoning module CharacterAI (504)
[2019.10.07-14.22.08:469][139]LogModuleManager: Shutting down and abandoning module SmartSnapping (502)
[2019.10.07-14.22.08:469][139]LogModuleManager: Shutting down and abandoning module SessionServices (500)
[2019.10.07-14.22.08:469][139]LogModuleManager: Shutting down and abandoning module ViewportSnapping (498)
[2019.10.07-14.22.08:470][139]LogModuleManager: Shutting down and abandoning module ViewportInteraction (496)
[2019.10.07-14.22.08:470][139]LogModuleManager: Shutting down and abandoning module ClothPainter (494)
[2019.10.07-14.22.08:490][139]LogModuleManager: Shutting down and abandoning module SkeletalMeshEditor (493)
[2019.10.07-14.22.08:507][139]LogModuleManager: Shutting down and abandoning module LogVisualizer (490)
[2019.10.07-14.22.08:538][139]LogModuleManager: Shutting down and abandoning module IntroTutorials (488)
[2019.10.07-14.22.08:554][139]LogModuleManager: Shutting down and abandoning module GameProjectGeneration (487)
[2019.10.07-14.22.08:563][139]LogModuleManager: Shutting down and abandoning module IOSPlatformEditor (484)
[2019.10.07-14.22.08:563][139]LogModuleManager: Shutting down and abandoning module HTML5PlatformEditor (482)
[2019.10.07-14.22.08:563][139]LogModuleManager: Shutting down and abandoning module AndroidPlatformEditor (480)
[2019.10.07-14.22.08:563][139]LogModuleManager: Shutting down and abandoning module AndroidDeviceDetection (479)
[2019.10.07-14.22.09:040][139]LogModuleManager: Shutting down and abandoning module WindowsPlatformEditor (476)
[2019.10.07-14.22.09:040][139]LogModuleManager: Shutting down and abandoning module IOSRuntimeSettings (474)
[2019.10.07-14.22.09:040][139]LogModuleManager: Shutting down and abandoning module AndroidRuntimeSettings (472)
[2019.10.07-14.22.09:040][139]LogModuleManager: Shutting down and abandoning module InputBindingEditor (470)
[2019.10.07-14.22.09:040][139]LogModuleManager: Shutting down and abandoning module MergeActors (468)
[2019.10.07-14.22.09:053][139]LogModuleManager: Shutting down and abandoning module LocalizationDashboard (466)
[2019.10.07-14.22.09:058][139]LogModuleManager: Shutting down and abandoning module LocalizationService (465)
[2019.10.07-14.22.09:058][139]LogModuleManager: Shutting down and abandoning module HardwareTargeting (462)
[2019.10.07-14.22.09:058][139]LogModuleManager: Shutting down and abandoning module DeviceProfileEditor (460)
[2019.10.07-14.22.09:071][139]LogModuleManager: Shutting down and abandoning module UndoHistory (458)
[2019.10.07-14.22.09:071][139]LogModuleManager: Shutting down and abandoning module XmlParser (456)
[2019.10.07-14.22.09:071][139]LogModuleManager: Shutting down and abandoning module Blutility (454)
[2019.10.07-14.22.09:080][139]LogModuleManager: Shutting down and abandoning module ProjectSettingsViewer (452)
[2019.10.07-14.22.09:080][139]LogModuleManager: Shutting down and abandoning module ProjectTargetPlatformEditor (451)
[2019.10.07-14.22.09:081][139]LogModuleManager: Shutting down and abandoning module EditorSettingsViewer (448)
[2019.10.07-14.22.09:081][139]LogModuleManager: Shutting down and abandoning module SettingsEditor (446)
[2019.10.07-14.22.09:088][139]LogModuleManager: Shutting down and abandoning module ProjectLauncher (444)
[2019.10.07-14.22.09:100][139]LogModuleManager: Shutting down and abandoning module SessionFrontend (442)
[2019.10.07-14.22.09:109][139]LogModuleManager: Shutting down and abandoning module ProfilerClient (440)
[2019.10.07-14.22.09:109][139]LogModuleManager: Shutting down and abandoning module DeviceManager (438)
[2019.10.07-14.22.09:117][139]LogModuleManager: Shutting down and abandoning module TargetDeviceServices (437)
[2019.10.07-14.22.09:170][139]LogModuleManager: Shutting down and abandoning module AutomationController (434)
[2019.10.07-14.22.09:188][139]LogModuleManager: Shutting down and abandoning module AutomationWindow (432)
[2019.10.07-14.22.09:202][139]LogModuleManager: Shutting down and abandoning module Layers (430)
[2019.10.07-14.22.09:221][139]LogModuleManager: Shutting down and abandoning module ComponentVisualizers (428)
[2019.10.07-14.22.09:221][139]LogModuleManager: Shutting down and abandoning module DetailCustomizations (426)
[2019.10.07-14.22.09:226][139]LogModuleManager: Shutting down and abandoning module PackagesDialog (424)
[2019.10.07-14.22.09:237][139]LogModuleManager: Shutting down and abandoning module Persona (422)
[2019.10.07-14.22.09:270][139]LogModuleManager: Shutting down and abandoning module AdvancedPreviewScene (421)
[2019.10.07-14.22.09:270][139]LogModuleManager: Shutting down and abandoning module AnimGraph (419)
[2019.10.07-14.22.09:270][139]LogModuleManager: Shutting down and abandoning module Kismet (416)
[2019.10.07-14.22.09:281][139]LogModuleManager: Shutting down and abandoning module GraphEditor (414)
[2019.10.07-14.22.09:281][139]LogModuleManager: Shutting down and abandoning module ClassViewer (412)
[2019.10.07-14.22.09:281][139]LogModuleManager: Shutting down and abandoning module Toolbox (410)
[2019.10.07-14.22.09:281][139]LogModuleManager: Shutting down and abandoning module ModuleUI (408)
[2019.10.07-14.22.09:293][139]LogModuleManager: Shutting down and abandoning module MovieSceneTools (406)
[2019.10.07-14.22.09:307][139]LogModuleManager: Shutting down and abandoning module OutputLog (404)
[2019.10.07-14.22.09:318][139]LogModuleManager: Shutting down and abandoning module GammaUI (402)
[2019.10.07-14.22.09:318][139]LogModuleManager: Shutting down and abandoning module Documentation (400)
[2019.10.07-14.22.09:318][139]LogModuleManager: Shutting down and abandoning module MovieSceneTracks (398)
[2019.10.07-14.22.09:318][139]LogModuleManager: Shutting down and abandoning module MovieScene (396)
[2019.10.07-14.22.09:318][139]LogModuleManager: Shutting down and abandoning module StreamingPauseRendering (394)
[2019.10.07-14.22.09:318][139]LogModuleManager: Shutting down and abandoning module LauncherPlatform (392)
[2019.10.07-14.22.09:318][139]LogModuleManager: Shutting down and abandoning module AnalyticsET (390)
[2019.10.07-14.22.09:318][139]LogModuleManager: Shutting down and abandoning module PortalServices (388)
[2019.10.07-14.22.09:318][139]LogModuleManager: Shutting down and abandoning module PortalRpc (386)
[2019.10.07-14.22.09:318][139]LogModuleManager: Shutting down and abandoning module MessagingRpc (384)
[2019.10.07-14.22.09:318][139]LogModuleManager: Shutting down and abandoning module AIModule (382)
[2019.10.07-14.22.09:318][139]LogModuleManager: Shutting down and abandoning module GameplayDebugger (381)
[2019.10.07-14.22.09:318][139]LogModuleManager: Shutting down and abandoning module AITestSuite (379)
[2019.10.07-14.22.09:331][139]LogModuleManager: Shutting down and abandoning module ProfilerService (376)
[2019.10.07-14.22.09:578][139]LogModuleManager: Shutting down and abandoning module TaskGraph (374)
[2019.10.07-14.22.09:595][139]LogModuleManager: Shutting down and abandoning module SteamVRController (372)
[2019.10.07-14.22.09:595][139]LogModuleManager: Shutting down and abandoning module ProceduralMeshComponentEditor (370)
[2019.10.07-14.22.09:595][139]LogModuleManager: Shutting down and abandoning module ProceduralMeshComponent (368)
[2019.10.07-14.22.09:601][139]LogModuleManager: Shutting down and abandoning module OculusInput (366)
[2019.10.07-14.22.09:601][139]LogModuleManager: Shutting down and abandoning module MobilePatchingUtils (364)
[2019.10.07-14.22.09:601][139]LogModuleManager: Shutting down and abandoning module CustomMeshComponent (362)
[2019.10.07-14.22.09:601][139]LogModuleManager: Shutting down and abandoning module CableComponent (360)
[2019.10.07-14.22.09:601][139]LogModuleManager: Shutting down and abandoning module AudioCapture (358)
[2019.10.07-14.22.09:601][139]LogModuleManager: Shutting down and abandoning module ArchVisCharacter (356)
[2019.10.07-14.22.09:601][139]LogModuleManager: Shutting down and abandoning module AndroidPermission (354)
[2019.10.07-14.22.09:601][139]LogModuleManager: Shutting down and abandoning module NUTUnrealEngine4 (350)
[2019.10.07-14.22.09:601][139]LogModuleManager: Shutting down and abandoning module NetcodeUnitTest (348)
[2019.10.07-14.22.09:627][139]LogModuleManager: Shutting down and abandoning module MediaCompositingEditor (346)
[2019.10.07-14.22.09:627][139]LogModuleManager: Shutting down and abandoning module MediaCompositing (344)
[2019.10.07-14.22.09:627][139]LogModuleManager: Shutting down and abandoning module LinearTimecode (342)
[2019.10.07-14.22.09:627][139]LogModuleManager: Shutting down and abandoning module ImgMedia (340)
[2019.10.07-14.22.09:631][139]LogModuleManager: Shutting down and abandoning module HTML5Networking (338)
[2019.10.07-14.22.09:631][139]LogModuleManager: Shutting down and abandoning module AlembicImporter (336)
[2019.10.07-14.22.09:638][139]LogModuleManager: Shutting down and abandoning module AlembicLibrary (335)
[2019.10.07-14.22.09:638][139]LogModuleManager: Shutting down and abandoning module GeometryCache (334)
[2019.10.07-14.22.09:638][139]LogModuleManager: Shutting down and abandoning module GeometryCacheEd (333)
[2019.10.07-14.22.09:638][139]LogModuleManager: Shutting down and abandoning module DatasmithContent (328)
[2019.10.07-14.22.09:638][139]LogModuleManager: Shutting down and abandoning module SpeedTreeImporter (326)
[2019.10.07-14.22.09:638][139]LogModuleManager: Shutting down and abandoning module PluginBrowser (324)
[2019.10.07-14.22.09:638][139]LogModuleManager: Shutting down and abandoning module MobileLauncherProfileWizard (322)
[2019.10.07-14.22.09:645][139]LogModuleManager: Shutting down and abandoning module CryptoKeysOpenSSL (320)
[2019.10.07-14.22.09:654][139]LogModuleManager: Shutting down and abandoning module CryptoKeys (318)
[2019.10.07-14.22.09:654][139]LogModuleManager: Shutting down and abandoning module VisualStudioSourceCodeAccess (316)
[2019.10.07-14.22.09:654][139]LogModuleManager: Shutting down and abandoning module VisualStudioCodeSourceCodeAccess (314)
[2019.10.07-14.22.09:654][139]LogModuleManager: Shutting down and abandoning module UObjectPlugin (312)
[2019.10.07-14.22.09:654][139]LogModuleManager: Shutting down and abandoning module SubversionSourceControl (310)
[2019.10.07-14.22.09:666][139]LogModuleManager: Shutting down and abandoning module PerforceSourceControl (308)
[2019.10.07-14.22.09:673][139]LogModuleManager: Shutting down and abandoning module GitSourceControl (306)
[2019.10.07-14.22.09:692][139]LogModuleManager: Shutting down and abandoning module SourceControl (305)
[2019.10.07-14.22.09:709][139]LogModuleManager: Shutting down and abandoning module CLionSourceCodeAccess (302)
[2019.10.07-14.22.09:709][139]LogModuleManager: Shutting down and abandoning module LightPropagationVolumeEditor (300)
[2019.10.07-14.22.09:709][139]LogModuleManager: Shutting down and abandoning module PaperTiledImporter (298)
[2019.10.07-14.22.09:709][139]LogModuleManager: Shutting down and abandoning module PaperSpriteSheetImporter (296)
[2019.10.07-14.22.09:709][139]LogModuleManager: Shutting down and abandoning module Paper2DEditor (294)
[2019.10.07-14.22.09:722][139]LogModuleManager: Shutting down and abandoning module MeshPaint (293)
[2019.10.07-14.22.09:727][139]LogModuleManager: Shutting down and abandoning module MasterBuild (290)
[2019.10.07-14.22.09:727][139]LogModuleManager: Shutting down and abandoning module RuntimePhysXCooking (288)
[2019.10.07-14.22.09:727][139]LogModuleManager: Shutting down and abandoning module PhysXVehiclesEditor (286)
[2019.10.07-14.22.09:727][139]LogModuleManager: Shutting down and abandoning module PhysXVehicles (284)
[2019.10.07-14.22.09:727][139]LogModuleManager: Shutting down and abandoning module OculusEditor (282)
[2019.10.07-14.22.09:727][139]LogModuleManager: Shutting down and abandoning module LocationServicesBPLibrary (280)
[2019.10.07-14.22.09:727][139]LogModuleManager: Shutting down and abandoning module ImmediatePhysicsEditor (278)
[2019.10.07-14.22.09:727][139]LogModuleManager: Shutting down and abandoning module ImmediatePhysics (276)
[2019.10.07-14.22.09:739][139]LogModuleManager: Shutting down and abandoning module ActorSequence (274)
[2019.10.07-14.22.09:739][139]LogModuleManager: Shutting down and abandoning module UdpMessaging (272)
[2019.10.07-14.22.09:850][139]LogModuleManager: Shutting down and abandoning module TcpMessaging (270)
[2019.10.07-14.22.09:950][139]LogModuleManager: Shutting down and abandoning module GameplayTagsEditor (268)
[2019.10.07-14.22.09:964][139]LogModuleManager: Shutting down and abandoning module FacialAnimationEditor (266)
[2019.10.07-14.22.09:964][139]LogModuleManager: Shutting down and abandoning module FacialAnimation (264)
[2019.10.07-14.22.09:964][139]LogModuleManager: Shutting down and abandoning module DataValidation (262)
[2019.10.07-14.22.09:964][139]LogModuleManager: Shutting down and abandoning module AssetManagerEditor (260)
[2019.10.07-14.22.09:976][139]LogModuleManager: Shutting down and abandoning module LevelEditor (259)
[2019.10.07-14.22.09:989][139]LogModuleManager: Shutting down and abandoning module PixelInspectorModule (258)
[2019.10.07-14.22.09:997][139]LogModuleManager: Shutting down and abandoning module CommonMenuExtensions (256)
[2019.10.07-14.22.09:998][139]LogModuleManager: Shutting down and abandoning module MainFrame (254)
[2019.10.07-14.22.09:998][139]LogModuleManager: Shutting down and abandoning module HotReload (253)
[2019.10.07-14.22.10:003][139]LogDirectoryWatcher: A directory notification for 'D:/Documents/BetaArcade/MasterBuild/Binaries/Win64' was aborted.
[2019.10.07-14.22.10:003][139]LogModuleManager: Shutting down and abandoning module ContentBrowser (249)
[2019.10.07-14.22.10:003][139]LogModuleManager: Shutting down and abandoning module TreeMap (247)
[2019.10.07-14.22.10:005][139]LogModuleManager: Shutting down and abandoning module LightPropagationVolumeRuntime (244)
[2019.10.07-14.22.10:005][139]LogModuleManager: Shutting down and abandoning module LiveLinkEditor (242)
[2019.10.07-14.22.10:016][139]LogModuleManager: Shutting down and abandoning module LiveLink (240)
[2019.10.07-14.22.10:228][139]LogModuleManager: Shutting down and abandoning module Paper2D (238)
[2019.10.07-14.22.10:239][139]LogModuleManager: Shutting down and abandoning module WindowsMoviePlayer (236)
[2019.10.07-14.22.10:239][139]LogModuleManager: Shutting down and abandoning module WmfMedia (234)
[2019.10.07-14.22.10:240][139]LogModuleManager: Shutting down and abandoning module Media (233)
[2019.10.07-14.22.10:247][139]LogModuleManager: Shutting down and abandoning module PacketHandler (230)
[2019.10.07-14.22.10:247][139]LogModuleManager: Shutting down and abandoning module ClothingSystemEditor (228)
[2019.10.07-14.22.10:247][139]LogModuleManager: Shutting down and abandoning module ClothingSystemRuntime (226)
[2019.10.07-14.22.10:247][139]LogModuleManager: Shutting down and abandoning module MediaAssets (224)
[2019.10.07-14.22.10:247][139]LogModuleManager: Shutting down and abandoning module Overlay (222)
[2019.10.07-14.22.10:247][139]LogModuleManager: Shutting down and abandoning module OverlayEditor (221)
[2019.10.07-14.22.10:247][139]LogModuleManager: Shutting down and abandoning module VREditor (218)
[2019.10.07-14.22.10:256][139]LogModuleManager: Shutting down and abandoning module StringTableEditor (216)
[2019.10.07-14.22.10:256][139]LogModuleManager: Shutting down and abandoning module GameplayTasksEditor (214)
[2019.10.07-14.22.10:256][139]LogModuleManager: Shutting down and abandoning module BehaviorTreeEditor (212)
[2019.10.07-14.22.10:271][139]LogModuleManager: Shutting down and abandoning module FunctionalTesting (210)
[2019.10.07-14.22.10:279][139]LogModuleManager: Shutting down and abandoning module CollisionAnalyzer (208)
[2019.10.07-14.22.10:285][139]LogModuleManager: Shutting down and abandoning module WorkspaceMenuStructure (207)
[2019.10.07-14.22.10:285][139]LogModuleManager: Shutting down and abandoning module UMG (204)
[2019.10.07-14.22.10:295][139]LogModuleManager: Shutting down and abandoning module UMGEditor (203)
[2019.10.07-14.22.10:324][139]LogModuleManager: Shutting down and abandoning module Sequencer (202)
[2019.10.07-14.22.10:342][139]LogModuleManager: Shutting down and abandoning module MessageLog (199)
[2019.10.07-14.22.10:342][139]LogModuleManager: Shutting down and abandoning module SlateReflector (194)
[2019.10.07-14.22.10:366][139]LogModuleManager: Shutting down and abandoning module Slate (192)
[2019.10.07-14.22.10:366][139]LogModuleManager: Shutting down and abandoning module EditorStyle (190)
[2019.10.07-14.22.10:368][139]LogModuleManager: Shutting down and abandoning module MRMesh (188)
[2019.10.07-14.22.10:368][139]LogModuleManager: Shutting down and abandoning module SourceCodeAccess (186)
[2019.10.07-14.22.10:368][139]LogModuleManager: Shutting down and abandoning module HeadMountedDisplay (184)
[2019.10.07-14.22.10:368][139]LogModuleManager: Shutting down and abandoning module XAudio2 (182)
[2019.10.07-14.22.10:368][139]LogModuleManager: Shutting down and abandoning module Networking (180)
[2019.10.07-14.22.10:368][139]LogModuleManager: Shutting down and abandoning module Core (178)
[2019.10.07-14.22.10:368][139]LogModuleManager: Shutting down and abandoning module LevelSequence (176)
[2019.10.07-14.22.10:368][139]LogModuleManager: Shutting down and abandoning module KismetCompiler (174)
[2019.10.07-14.22.10:368][139]LogModuleManager: Shutting down and abandoning module MeshUtilities (172)
[2019.10.07-14.22.10:375][139]LogModuleManager: Shutting down and abandoning module MeshMergeUtilities (171)
[2019.10.07-14.22.10:375][139]LogModuleManager: Shutting down and abandoning module MeshReductionInterface (170)
[2019.10.07-14.22.10:375][139]LogModuleManager: Shutting down and abandoning module SimplygonSwarm (169)
[2019.10.07-14.22.10:375][139]LogModuleManager: Shutting down and abandoning module SimplygonMeshReduction (167)
[2019.10.07-14.22.10:383][139]LogModuleManager: Shutting down and abandoning module QuadricMeshReduction (165)
[2019.10.07-14.22.10:395][139]LogModuleManager: Shutting down and abandoning module MaterialBaking (161)
[2019.10.07-14.22.10:395][139]LogModuleManager: Shutting down and abandoning module DirectoryWatcher (157)
[2019.10.07-14.22.10:395][139]LogModuleManager: Shutting down and abandoning module DerivedDataCache (154)
[2019.10.07-14.22.10:435][139]LogDerivedDataCache: Shutdown
[2019.10.07-14.22.10:435][139]LogModuleManager: Shutting down and abandoning module XGEController (152)
[2019.10.07-14.22.10:435][139]LogXGEController: Cleaning working directory: C:/Users/jsimo/AppData/Local/Temp/UnrealXGEWorkingDir/
[2019.10.07-14.22.10:435][139]LogModuleManager: Shutting down and abandoning module TargetPlatform (150)
[2019.10.07-14.22.10:435][139]LogModuleManager: Shutting down and abandoning module VulkanShaderFormat (149)
[2019.10.07-14.22.10:445][139]LogModuleManager: Shutting down and abandoning module ShaderFormatVectorVM (147)
[2019.10.07-14.22.10:445][139]LogModuleManager: Shutting down and abandoning module ShaderFormatOpenGL (145)
[2019.10.07-14.22.10:445][139]LogModuleManager: Shutting down and abandoning module ShaderFormatD3D (143)
[2019.10.07-14.22.10:445][139]LogModuleManager: Shutting down and abandoning module MetalShaderFormat (141)
[2019.10.07-14.22.10:453][139]LogModuleManager: Shutting down and abandoning module TextureFormatUncompressed (139)
[2019.10.07-14.22.10:453][139]LogModuleManager: Shutting down and abandoning module TextureFormatPVR (137)
[2019.10.07-14.22.10:453][139]LogModuleManager: Shutting down and abandoning module TextureFormatDXT (135)
[2019.10.07-14.22.10:453][139]LogModuleManager: Shutting down and abandoning module TextureFormatIntelISPCTexComp (133)
[2019.10.07-14.22.10:453][139]LogModuleManager: Shutting down and abandoning module TextureFormatASTC (131)
[2019.10.07-14.22.10:453][139]LogModuleManager: Shutting down and abandoning module ImageWrapper (130)
[2019.10.07-14.22.10:453][139]LogModuleManager: Shutting down and abandoning module TextureFormatAndroid (127)
[2019.10.07-14.22.10:453][139]LogModuleManager: Shutting down and abandoning module AudioFormatOpus (125)
[2019.10.07-14.22.10:453][139]LogModuleManager: Shutting down and abandoning module AudioFormatOgg (123)
[2019.10.07-14.22.10:453][139]LogModuleManager: Shutting down and abandoning module AudioFormatADPCM (121)
[2019.10.07-14.22.10:453][139]LogModuleManager: Shutting down and abandoning module LinuxTargetPlatform (119)
[2019.10.07-14.22.10:453][139]LogModuleManager: Shutting down and abandoning module LinuxServerTargetPlatform (117)
[2019.10.07-14.22.10:453][139]LogModuleManager: Shutting down and abandoning module LinuxNoEditorTargetPlatform (115)
[2019.10.07-14.22.10:453][139]LogModuleManager: Shutting down and abandoning module LinuxClientTargetPlatform (113)
[2019.10.07-14.22.10:453][139]LogModuleManager: Shutting down and abandoning module TVOSTargetPlatform (111)
[2019.10.07-14.22.10:454][139]LogModuleManager: Shutting down and abandoning module Messaging (109)
[2019.10.07-14.22.10:454][139]LogModuleManager: Shutting down and abandoning module IOSTargetPlatform (107)
[2019.10.07-14.22.10:454][139]LogModuleManager: Shutting down and abandoning module HTML5TargetPlatform (105)
[2019.10.07-14.22.10:454][139]LogModuleManager: Shutting down and abandoning module AndroidTargetPlatform (103)
[2019.10.07-14.22.10:454][139]LogModuleManager: Shutting down and abandoning module Android_PVRTCTargetPlatform (101)
[2019.10.07-14.22.10:454][139]LogModuleManager: Shutting down and abandoning module Android_MultiTargetPlatform (99)
[2019.10.07-14.22.10:454][139]LogModuleManager: Shutting down and abandoning module Android_ETC2TargetPlatform (97)
[2019.10.07-14.22.10:454][139]LogModuleManager: Shutting down and abandoning module Android_ETC1TargetPlatform (95)
[2019.10.07-14.22.10:454][139]LogModuleManager: Shutting down and abandoning module Android_ETC1aTargetPlatform (93)
[2019.10.07-14.22.10:454][139]LogModuleManager: Shutting down and abandoning module Android_DXTTargetPlatform (91)
[2019.10.07-14.22.10:454][139]LogModuleManager: Shutting down and abandoning module Android_ATCTargetPlatform (89)
[2019.10.07-14.22.10:454][139]LogModuleManager: Shutting down and abandoning module Android_ASTCTargetPlatform (87)
[2019.10.07-14.22.10:454][139]LogModuleManager: Shutting down and abandoning module WindowsTargetPlatform (85)
[2019.10.07-14.22.10:454][139]LogModuleManager: Shutting down and abandoning module WindowsServerTargetPlatform (83)
[2019.10.07-14.22.10:454][139]LogModuleManager: Shutting down and abandoning module WindowsNoEditorTargetPlatform (81)
[2019.10.07-14.22.10:454][139]LogModuleManager: Shutting down and abandoning module WindowsClientTargetPlatform (79)
[2019.10.07-14.22.10:454][139]LogModuleManager: Shutting down and abandoning module MacTargetPlatform (77)
[2019.10.07-14.22.10:454][139]LogModuleManager: Shutting down and abandoning module MacServerTargetPlatform (75)
[2019.10.07-14.22.10:454][139]LogModuleManager: Shutting down and abandoning module MacNoEditorTargetPlatform (73)
[2019.10.07-14.22.10:454][139]LogModuleManager: Shutting down and abandoning module MacClientTargetPlatform (71)
[2019.10.07-14.22.10:454][139]LogModuleManager: Shutting down and abandoning module AllDesktopTargetPlatform (69)
[2019.10.07-14.22.10:454][139]LogModuleManager: Shutting down and abandoning module InputCore (66)
[2019.10.07-14.22.10:454][139]LogModuleManager: Shutting down and abandoning module Settings (64)
[2019.10.07-14.22.10:454][139]LogModuleManager: Shutting down and abandoning module PhysXCooking (62)
[2019.10.07-14.22.10:454][139]LogModuleManager: Shutting down and abandoning module SteamVR (60)
[2019.10.07-14.22.10:454][139]LogModuleManager: Shutting down and abandoning module OculusHMD (58)
[2019.10.07-14.22.10:464][139]LogModuleManager: Shutting down and abandoning module ExampleDeviceProfileSelector (56)
[2019.10.07-14.22.10:464][139]LogModuleManager: Shutting down and abandoning module AppleARKit (54)
[2019.10.07-14.22.10:464][139]LogModuleManager: Shutting down and abandoning module AugmentedReality (51)
[2019.10.07-14.22.10:464][139]LogModuleManager: Shutting down and abandoning module OnlineBlueprintSupport (48)
[2019.10.07-14.22.10:464][139]LogModuleManager: Shutting down and abandoning module OnlineSubsystem (44)
[2019.10.07-14.22.10:486][139]LogModuleManager: Shutting down and abandoning module XMPP (43)
[2019.10.07-14.22.10:501][139]LogModuleManager: Shutting down and abandoning module HTTP (41)
[2019.10.07-14.22.10:519][139]LogHttp: Display: Http module shutting down, but needs to wait on 1 outstanding Http requests:
[2019.10.07-14.22.10:519][139]LogHttp: Display: 	verb=[POST] url=[https://datarouter.ol.epicgames.com/datarouter/api/v1/public/data?SessionID=%7B64073BA3-4546-0356-9D0B-60A5AB9CEEB0%7D&AppID=UEEditor.Rocket.Release&AppVersion=4.19.2-4033788%2B%2B%2BUE4%2BRelease-4.19&UserID=8141bfd145646b16601f668d33e78b71%7C7cb5fa33e23f43938465ce2ac2aa3a48%7Cadf9002b-bac6-43cd-921d-5f191ab25f90&AppEnvironment=datacollector-binary&UploadType=eteventstream] status=Processing
[2019.10.07-14.22.10:519][139]LogHttp: Display: Sleeping 0.5s to wait for 1 outstanding Http requests.
[2019.10.07-14.22.11:020][139]LogHttp: Display: Sleeping 0.5s to wait for 1 outstanding Http requests.
[2019.10.07-14.22.11:520][139]LogHttp: Display: Sleeping 0.5s to wait for 1 outstanding Http requests.
[2019.10.07-14.22.12:021][139]LogHttp: Display: Sleeping 0.5s to wait for 1 outstanding Http requests.
[2019.10.07-14.22.12:521][139]LogHttp: Display: Sleeping 0.5s to wait for 1 outstanding Http requests.
[2019.10.07-14.22.13:022][139]LogHttp: Display: Sleeping 0.5s to wait for 1 outstanding Http requests.
[2019.10.07-14.22.13:522][139]LogHttp: Display: Sleeping 0.5s to wait for 1 outstanding Http requests.
[2019.10.07-14.22.14:023][139]LogHttp: Display: Sleeping 0.5s to wait for 1 outstanding Http requests.
[2019.10.07-14.22.14:524][139]LogHttp: Display: Sleeping 0.5s to wait for 1 outstanding Http requests.
[2019.10.07-14.22.15:025][139]LogHttp: Display: Sleeping 0.5s to wait for 1 outstanding Http requests.
[2019.10.07-14.22.15:526][139]LogHttp: Warning: 000001F0B172E680: request failed, libcurl error: 6 (Couldn't resolve host name)
[2019.10.07-14.22.15:526][139]LogHttp: Warning: 000001F0B172E680: libcurl info message cache 0 (Could not resolve host: datarouter.ol.epicgames.com)
[2019.10.07-14.22.15:526][139]LogHttp: Warning: 000001F0B172E680: libcurl info message cache 1 (Closing connection 8)
[2019.10.07-14.22.15:547][139]LogModuleManager: Shutting down and abandoning module SSL (40)
[2019.10.07-14.22.15:561][139]LogModuleManager: Shutting down and abandoning module AnimationModifiers (36)
[2019.10.07-14.22.15:568][139]LogModuleManager: Shutting down and abandoning module PropertyEditor (35)
[2019.10.07-14.22.15:581][139]LogModuleManager: Shutting down and abandoning module AudioEditor (32)
[2019.10.07-14.22.15:599][139]LogModuleManager: Shutting down and abandoning module TextureCompressor (30)
[2019.10.07-14.22.15:599][139]LogModuleManager: Shutting down and abandoning module ShaderCore (28)
[2019.10.07-14.22.15:599][139]LogModuleManager: Shutting down and abandoning module Landscape (26)
[2019.10.07-14.22.15:599][139]LogModuleManager: Shutting down and abandoning module SlateRHIRenderer (24)
[2019.10.07-14.22.15:614][139]LogModuleManager: Shutting down and abandoning module OpenGLDrv (22)
[2019.10.07-14.22.15:622][139]LogModuleManager: Shutting down and abandoning module D3D11RHI (20)
[2019.10.07-14.22.15:622][139]LogModuleManager: Shutting down and abandoning module AnimGraphRuntime (18)
[2019.10.07-14.22.15:633][139]LogModuleManager: Shutting down and abandoning module Renderer (16)
[2019.10.07-14.22.15:633][139]LogModuleManager: Shutting down and abandoning module Engine (14)
[2019.10.07-14.22.15:633][139]LogModuleManager: Shutting down and abandoning module CoreUObject (12)
[2019.10.07-14.22.15:633][139]LogModuleManager: Shutting down and abandoning module NetworkFile (10)
[2019.10.07-14.22.15:643][139]LogModuleManager: Shutting down and abandoning module CookedIterativeFile (8)
[2019.10.07-14.22.15:643][139]LogModuleManager: Shutting down and abandoning module StreamingFile (6)
[2019.10.07-14.22.15:649][139]LogModuleManager: Shutting down and abandoning module SandboxFile (4)
[2019.10.07-14.22.15:660][139]LogModuleManager: Shutting down and abandoning module PakFile (2)
[2019.10.07-14.22.15:696][139]LogExit: Exiting.
[2019.10.07-14.22.15:703][139]Log file closed, 10/07/19 15:22:15
